[2021-03-11 04:57:54,173] {taskinstance.py:826} INFO - Dependencies all met for <TaskInstance: xcom_dag.task_4 2021-03-11T04:57:44.658200+00:00 [queued]>
[2021-03-11 04:57:54,219] {taskinstance.py:826} INFO - Dependencies all met for <TaskInstance: xcom_dag.task_4 2021-03-11T04:57:44.658200+00:00 [queued]>
[2021-03-11 04:57:54,219] {taskinstance.py:1017} INFO - 
--------------------------------------------------------------------------------
[2021-03-11 04:57:54,219] {taskinstance.py:1018} INFO - Starting attempt 1 of 1
[2021-03-11 04:57:54,219] {taskinstance.py:1019} INFO - 
--------------------------------------------------------------------------------
[2021-03-11 04:57:54,245] {taskinstance.py:1038} INFO - Executing <Task(PythonOperator): task_4> on 2021-03-11T04:57:44.658200+00:00
[2021-03-11 04:57:54,247] {standard_task_runner.py:51} INFO - Started process 121817 to run task
[2021-03-11 04:57:54,268] {standard_task_runner.py:75} INFO - Running: ['airflow', 'tasks', 'run', 'xcom_dag', 'task_4', '2021-03-11T04:57:44.658200+00:00', '--job-id', '108', '--pool', 'default_pool', '--raw', '--subdir', 'DAGS_FOLDER/xcom_dag.py', '--cfg-path', '/tmp/tmpp8hs04_l']
[2021-03-11 04:57:54,268] {standard_task_runner.py:76} INFO - Job 108: Subtask task_4
[2021-03-11 04:57:54,385] {logging_mixin.py:103} INFO - Running <TaskInstance: xcom_dag.task_4 2021-03-11T04:57:44.658200+00:00 [running]> on host airflowvm
[2021-03-11 04:57:54,511] {taskinstance.py:1230} INFO - Exporting the following env vars:
AIRFLOW_CTX_DAG_OWNER=airflow
AIRFLOW_CTX_DAG_ID=xcom_dag
AIRFLOW_CTX_TASK_ID=task_4
AIRFLOW_CTX_EXECUTION_DATE=2021-03-11T04:57:44.658200+00:00
AIRFLOW_CTX_DAG_RUN_ID=manual__2021-03-11T04:57:44.658200+00:00
[2021-03-11 04:57:54,511] {logging_mixin.py:103} INFO - choose best model
[2021-03-11 04:57:54,511] {python.py:118} INFO - Done. Returned value was: None
[2021-03-11 04:57:54,538] {taskinstance.py:1135} INFO - Marking task as SUCCESS. dag_id=xcom_dag, task_id=task_4, execution_date=20210311T045744, start_date=20210311T045754, end_date=20210311T045754
[2021-03-11 04:57:54,622] {taskinstance.py:1195} INFO - 0 downstream tasks scheduled from follow-on schedule check
[2021-03-11 04:57:54,652] {local_task_job.py:118} INFO - Task exited with return code 0
