[2021-04-02 03:59:57,693] {taskinstance.py:826} INFO - Dependencies all met for <TaskInstance: xcom_dag.processing_tasks.training_model_b 2021-03-30T00:00:00+00:00 [queued]>
[2021-04-02 03:59:58,058] {taskinstance.py:826} INFO - Dependencies all met for <TaskInstance: xcom_dag.processing_tasks.training_model_b 2021-03-30T00:00:00+00:00 [queued]>
[2021-04-02 03:59:58,058] {taskinstance.py:1017} INFO - 
--------------------------------------------------------------------------------
[2021-04-02 03:59:58,058] {taskinstance.py:1018} INFO - Starting attempt 1 of 1
[2021-04-02 03:59:58,058] {taskinstance.py:1019} INFO - 
--------------------------------------------------------------------------------
[2021-04-02 03:59:58,309] {taskinstance.py:1038} INFO - Executing <Task(PythonOperator): processing_tasks.training_model_b> on 2021-03-30T00:00:00+00:00
[2021-04-02 03:59:58,344] {standard_task_runner.py:51} INFO - Started process 2097 to run task
[2021-04-02 03:59:58,502] {standard_task_runner.py:75} INFO - Running: ['airflow', 'tasks', 'run', 'xcom_dag', 'processing_tasks.training_model_b', '2021-03-30T00:00:00+00:00', '--job-id', '223', '--pool', 'default_pool', '--raw', '--subdir', 'DAGS_FOLDER/xcom_dag.py', '--cfg-path', '/tmp/tmpo7coac_w']
[2021-04-02 03:59:58,513] {standard_task_runner.py:76} INFO - Job 223: Subtask processing_tasks.training_model_b
[2021-04-02 03:59:59,598] {logging_mixin.py:103} INFO - Running <TaskInstance: xcom_dag.processing_tasks.training_model_b 2021-03-30T00:00:00+00:00 [running]> on host airflowvm
[2021-04-02 04:00:00,399] {taskinstance.py:1230} INFO - Exporting the following env vars:
AIRFLOW_CTX_DAG_OWNER=airflow
AIRFLOW_CTX_DAG_ID=xcom_dag
AIRFLOW_CTX_TASK_ID=processing_tasks.training_model_b
AIRFLOW_CTX_EXECUTION_DATE=2021-03-30T00:00:00+00:00
AIRFLOW_CTX_DAG_RUN_ID=scheduled__2021-03-30T00:00:00+00:00
[2021-04-02 04:00:00,399] {logging_mixin.py:103} INFO - model's accuracy: 2.0478753336087694
[2021-04-02 04:00:00,706] {python.py:118} INFO - Done. Returned value was: None
[2021-04-02 04:00:00,871] {taskinstance.py:1135} INFO - Marking task as SUCCESS. dag_id=xcom_dag, task_id=processing_tasks.training_model_b, execution_date=20210330T000000, start_date=20210402T035957, end_date=20210402T040000
[2021-04-02 04:00:01,347] {taskinstance.py:1195} INFO - 1 downstream tasks scheduled from follow-on schedule check
[2021-04-02 04:00:01,436] {local_task_job.py:118} INFO - Task exited with return code 0
