[2021-03-10 07:04:04,855] {taskinstance.py:826} INFO - Dependencies all met for <TaskInstance: data_processing.extract_users 2021-01-29T00:00:00+00:00 [queued]>
[2021-03-10 07:04:04,861] {taskinstance.py:826} INFO - Dependencies all met for <TaskInstance: data_processing.extract_users 2021-01-29T00:00:00+00:00 [queued]>
[2021-03-10 07:04:04,861] {taskinstance.py:1017} INFO - 
--------------------------------------------------------------------------------
[2021-03-10 07:04:04,861] {taskinstance.py:1018} INFO - Starting attempt 1 of 1
[2021-03-10 07:04:04,861] {taskinstance.py:1019} INFO - 
--------------------------------------------------------------------------------
[2021-03-10 07:04:04,869] {taskinstance.py:1038} INFO - Executing <Task(SimpleHttpOperator): extract_users> on 2021-01-29T00:00:00+00:00
[2021-03-10 07:04:04,871] {standard_task_runner.py:51} INFO - Started process 42895 to run task
[2021-03-10 07:04:04,876] {standard_task_runner.py:75} INFO - Running: ['airflow', 'tasks', 'run', 'data_processing', 'extract_users', '2021-01-29T00:00:00+00:00', '--job-id', '157', '--pool', 'default_pool', '--raw', '--subdir', 'DAGS_FOLDER/data_processing.py', '--cfg-path', '/tmp/tmp74z0damm']
[2021-03-10 07:04:04,877] {standard_task_runner.py:76} INFO - Job 157: Subtask extract_users
[2021-03-10 07:04:05,005] {logging_mixin.py:103} INFO - Running <TaskInstance: data_processing.extract_users 2021-01-29T00:00:00+00:00 [running]> on host airflowvm
[2021-03-10 07:04:05,148] {taskinstance.py:1230} INFO - Exporting the following env vars:
AIRFLOW_CTX_DAG_OWNER=airflow
AIRFLOW_CTX_DAG_ID=data_processing
AIRFLOW_CTX_TASK_ID=extract_users
AIRFLOW_CTX_EXECUTION_DATE=2021-01-29T00:00:00+00:00
AIRFLOW_CTX_DAG_RUN_ID=scheduled__2021-01-29T00:00:00+00:00
[2021-03-10 07:04:05,148] {http.py:106} INFO - Calling HTTP method
[2021-03-10 07:04:05,151] {base.py:65} INFO - Using connection to: id: user_api. Host: https://randomuser.me/, Port: None, Schema: , Login: , Password: None, extra: None
[2021-03-10 07:04:05,153] {http.py:140} INFO - Sending 'GET' to url: https://randomuser.me/api/
[2021-03-10 07:04:05,657] {http.py:110} INFO - {"results":[{"gender":"female","name":{"title":"Miss","first":"Natalie","last":"Dean"},"location":{"street":{"number":4353,"name":"Lone Wolf Trail"},"city":"Tweed","state":"South Australia","country":"Australia","postcode":7730,"coordinates":{"latitude":"-88.5406","longitude":"65.8660"},"timezone":{"offset":"+11:00","description":"Magadan, Solomon Islands, New Caledonia"}},"email":"natalie.dean@example.com","login":{"uuid":"b32f67e9-a71e-4c09-ad43-d2d168e92d8a","username":"blueswan230","password":"daniela","salt":"Dg4UaJPY","md5":"64f82f968b3e3d49fb1df4b9f98af844","sha1":"6e5c6bb4401ae9ceb3cf3ee2f16f1a07b1d61597","sha256":"28bde1cdba23354f2500d91c4a1bc6b3c9e07bec381a85eadd426b541697b51a"},"dob":{"date":"1990-11-26T17:12:59.329Z","age":31},"registered":{"date":"2004-01-10T19:10:25.606Z","age":17},"phone":"05-9618-5654","cell":"0496-647-361","id":{"name":"TFN","value":"474016418"},"picture":{"large":"https://randomuser.me/api/portraits/women/38.jpg","medium":"https://randomuser.me/api/portraits/med/women/38.jpg","thumbnail":"https://randomuser.me/api/portraits/thumb/women/38.jpg"},"nat":"AU"}],"info":{"seed":"b500cae694cd0a5f","results":1,"page":1,"version":"1.3"}}
[2021-03-10 07:04:05,671] {taskinstance.py:1135} INFO - Marking task as SUCCESS. dag_id=data_processing, task_id=extract_users, execution_date=20210129T000000, start_date=20210310T070404, end_date=20210310T070405
[2021-03-10 07:04:05,687] {taskinstance.py:1195} INFO - 1 downstream tasks scheduled from follow-on schedule check
[2021-03-10 07:04:05,695] {local_task_job.py:118} INFO - Task exited with return code 0
