[2021-03-29 17:29:43,814] {taskinstance.py:826} INFO - Dependencies all met for <TaskInstance: parallel_dag.processing_tasks.bash2 2021-03-19T00:00:00+00:00 [queued]>
[2021-03-29 17:29:44,001] {taskinstance.py:826} INFO - Dependencies all met for <TaskInstance: parallel_dag.processing_tasks.bash2 2021-03-19T00:00:00+00:00 [queued]>
[2021-03-29 17:29:44,001] {taskinstance.py:1017} INFO - 
--------------------------------------------------------------------------------
[2021-03-29 17:29:44,001] {taskinstance.py:1018} INFO - Starting attempt 1 of 1
[2021-03-29 17:29:44,001] {taskinstance.py:1019} INFO - 
--------------------------------------------------------------------------------
[2021-03-29 17:29:44,107] {taskinstance.py:1038} INFO - Executing <Task(BashOperator): processing_tasks.bash2> on 2021-03-19T00:00:00+00:00
[2021-03-29 17:29:44,108] {standard_task_runner.py:51} INFO - Started process 3078 to run task
[2021-03-29 17:29:44,225] {standard_task_runner.py:75} INFO - Running: ['airflow', 'tasks', 'run', 'parallel_dag', 'processing_tasks.bash2', '2021-03-19T00:00:00+00:00', '--job-id', '180', '--pool', 'default_pool', '--raw', '--subdir', 'DAGS_FOLDER/parallel_dag.py', '--cfg-path', '/tmp/tmpqucccsdp']
[2021-03-29 17:29:44,225] {standard_task_runner.py:76} INFO - Job 180: Subtask processing_tasks.bash2
[2021-03-29 17:29:44,784] {logging_mixin.py:103} INFO - Running <TaskInstance: parallel_dag.processing_tasks.bash2 2021-03-19T00:00:00+00:00 [running]> on host airflowvm
[2021-03-29 17:29:45,434] {taskinstance.py:1230} INFO - Exporting the following env vars:
AIRFLOW_CTX_DAG_OWNER=airflow
AIRFLOW_CTX_DAG_ID=parallel_dag
AIRFLOW_CTX_TASK_ID=processing_tasks.bash2
AIRFLOW_CTX_EXECUTION_DATE=2021-03-19T00:00:00+00:00
AIRFLOW_CTX_DAG_RUN_ID=scheduled__2021-03-19T00:00:00+00:00
[2021-03-29 17:29:45,434] {bash.py:135} INFO - Tmp dir root location: 
 /tmp
[2021-03-29 17:29:45,434] {bash.py:158} INFO - Running command: 

    echo "2021-03-19"
    echo "2021-03-26"
    echo "hi"

    echo "2021-03-19"
    echo "2021-03-26"
    echo "hi"

    echo "2021-03-19"
    echo "2021-03-26"
    echo "hi"

    echo "2021-03-19"
    echo "2021-03-26"
    echo "hi"

    echo "2021-03-19"
    echo "2021-03-26"
    echo "hi"

[2021-03-29 17:29:45,479] {bash.py:169} INFO - Output:
[2021-03-29 17:29:45,549] {bash.py:173} INFO - 2021-03-19
[2021-03-29 17:29:45,550] {bash.py:173} INFO - 2021-03-26
[2021-03-29 17:29:45,550] {bash.py:173} INFO - hi
[2021-03-29 17:29:45,550] {bash.py:173} INFO - 2021-03-19
[2021-03-29 17:29:45,550] {bash.py:173} INFO - 2021-03-26
[2021-03-29 17:29:45,550] {bash.py:173} INFO - hi
[2021-03-29 17:29:45,551] {bash.py:173} INFO - 2021-03-19
[2021-03-29 17:29:45,552] {bash.py:173} INFO - 2021-03-26
[2021-03-29 17:29:45,552] {bash.py:173} INFO - hi
[2021-03-29 17:29:45,552] {bash.py:173} INFO - 2021-03-19
[2021-03-29 17:29:45,553] {bash.py:173} INFO - 2021-03-26
[2021-03-29 17:29:45,554] {bash.py:173} INFO - hi
[2021-03-29 17:29:45,554] {bash.py:173} INFO - 2021-03-19
[2021-03-29 17:29:45,554] {bash.py:173} INFO - 2021-03-26
[2021-03-29 17:29:45,555] {bash.py:173} INFO - hi
[2021-03-29 17:29:45,584] {bash.py:177} INFO - Command exited with return code 0
[2021-03-29 17:29:45,843] {taskinstance.py:1135} INFO - Marking task as SUCCESS. dag_id=parallel_dag, task_id=processing_tasks.bash2, execution_date=20210319T000000, start_date=20210329T172943, end_date=20210329T172945
[2021-03-29 17:29:46,173] {taskinstance.py:1195} INFO - 0 downstream tasks scheduled from follow-on schedule check
[2021-03-29 17:29:46,217] {local_task_job.py:118} INFO - Task exited with return code 0
