[2021-04-05 05:10:33,804] {taskinstance.py:826} INFO - Dependencies all met for <TaskInstance: xcom_dag.processing_tasks.training_model_a 2021-04-04T00:00:00+00:00 [queued]>
[2021-04-05 05:10:34,125] {taskinstance.py:826} INFO - Dependencies all met for <TaskInstance: xcom_dag.processing_tasks.training_model_a 2021-04-04T00:00:00+00:00 [queued]>
[2021-04-05 05:10:34,125] {taskinstance.py:1017} INFO - 
--------------------------------------------------------------------------------
[2021-04-05 05:10:34,126] {taskinstance.py:1018} INFO - Starting attempt 1 of 1
[2021-04-05 05:10:34,126] {taskinstance.py:1019} INFO - 
--------------------------------------------------------------------------------
[2021-04-05 05:10:34,320] {taskinstance.py:1038} INFO - Executing <Task(PythonOperator): processing_tasks.training_model_a> on 2021-04-04T00:00:00+00:00
[2021-04-05 05:10:34,350] {standard_task_runner.py:51} INFO - Started process 2558 to run task
[2021-04-05 05:10:34,476] {standard_task_runner.py:75} INFO - Running: ['airflow', 'tasks', 'run', 'xcom_dag', 'processing_tasks.training_model_a', '2021-04-04T00:00:00+00:00', '--job-id', '288', '--pool', 'default_pool', '--raw', '--subdir', 'DAGS_FOLDER/xcom_dag.py', '--cfg-path', '/tmp/tmp6fd6297b']
[2021-04-05 05:10:34,477] {standard_task_runner.py:76} INFO - Job 288: Subtask processing_tasks.training_model_a
[2021-04-05 05:10:35,366] {logging_mixin.py:103} INFO - Running <TaskInstance: xcom_dag.processing_tasks.training_model_a 2021-04-04T00:00:00+00:00 [running]> on host airflowvm
[2021-04-05 05:10:36,129] {taskinstance.py:1230} INFO - Exporting the following env vars:
AIRFLOW_CTX_DAG_OWNER=airflow
AIRFLOW_CTX_DAG_ID=xcom_dag
AIRFLOW_CTX_TASK_ID=processing_tasks.training_model_a
AIRFLOW_CTX_EXECUTION_DATE=2021-04-04T00:00:00+00:00
AIRFLOW_CTX_DAG_RUN_ID=scheduled__2021-04-04T00:00:00+00:00
[2021-04-05 05:10:36,130] {logging_mixin.py:103} INFO - model's accuracy: 1.7651466256680874
[2021-04-05 05:10:36,399] {python.py:118} INFO - Done. Returned value was: None
[2021-04-05 05:10:36,512] {taskinstance.py:1135} INFO - Marking task as SUCCESS. dag_id=xcom_dag, task_id=processing_tasks.training_model_a, execution_date=20210404T000000, start_date=20210405T051033, end_date=20210405T051036
[2021-04-05 05:10:37,165] {taskinstance.py:1195} INFO - 0 downstream tasks scheduled from follow-on schedule check
[2021-04-05 05:10:37,189] {local_task_job.py:118} INFO - Task exited with return code 0
