[2021-04-05 05:10:39,098] {taskinstance.py:826} INFO - Dependencies all met for <TaskInstance: xcom_dag.task_4 2021-04-04T00:00:00+00:00 [queued]>
[2021-04-05 05:10:39,271] {taskinstance.py:826} INFO - Dependencies all met for <TaskInstance: xcom_dag.task_4 2021-04-04T00:00:00+00:00 [queued]>
[2021-04-05 05:10:39,271] {taskinstance.py:1017} INFO - 
--------------------------------------------------------------------------------
[2021-04-05 05:10:39,271] {taskinstance.py:1018} INFO - Starting attempt 1 of 1
[2021-04-05 05:10:39,271] {taskinstance.py:1019} INFO - 
--------------------------------------------------------------------------------
[2021-04-05 05:10:39,364] {taskinstance.py:1038} INFO - Executing <Task(BranchPythonOperator): task_4> on 2021-04-04T00:00:00+00:00
[2021-04-05 05:10:39,372] {standard_task_runner.py:51} INFO - Started process 2693 to run task
[2021-04-05 05:10:39,408] {standard_task_runner.py:75} INFO - Running: ['airflow', 'tasks', 'run', 'xcom_dag', 'task_4', '2021-04-04T00:00:00+00:00', '--job-id', '289', '--pool', 'default_pool', '--raw', '--subdir', 'DAGS_FOLDER/xcom_dag.py', '--cfg-path', '/tmp/tmp2tbxpeov']
[2021-04-05 05:10:39,409] {standard_task_runner.py:76} INFO - Job 289: Subtask task_4
[2021-04-05 05:10:39,809] {logging_mixin.py:103} INFO - Running <TaskInstance: xcom_dag.task_4 2021-04-04T00:00:00+00:00 [running]> on host airflowvm
[2021-04-05 05:10:40,104] {taskinstance.py:1230} INFO - Exporting the following env vars:
AIRFLOW_CTX_DAG_OWNER=airflow
AIRFLOW_CTX_DAG_ID=xcom_dag
AIRFLOW_CTX_TASK_ID=task_4
AIRFLOW_CTX_EXECUTION_DATE=2021-04-04T00:00:00+00:00
AIRFLOW_CTX_DAG_RUN_ID=scheduled__2021-04-04T00:00:00+00:00
[2021-04-05 05:10:40,104] {logging_mixin.py:103} INFO - choose best model
[2021-04-05 05:10:40,187] {logging_mixin.py:103} INFO - [3.7491551910215923, 1.7651466256680874, 4.11711779797416]
[2021-04-05 05:10:40,187] {python.py:118} INFO - Done. Returned value was: inaccurate
[2021-04-05 05:10:40,187] {skipmixin.py:124} INFO - Following branch inaccurate
[2021-04-05 05:10:40,239] {skipmixin.py:155} INFO - Skipping tasks ['accurate']
[2021-04-05 05:10:40,588] {taskinstance.py:1135} INFO - Marking task as SUCCESS. dag_id=xcom_dag, task_id=task_4, execution_date=20210404T000000, start_date=20210405T051039, end_date=20210405T051040
[2021-04-05 05:10:41,159] {taskinstance.py:1195} INFO - 0 downstream tasks scheduled from follow-on schedule check
[2021-04-05 05:10:41,174] {local_task_job.py:118} INFO - Task exited with return code 0
