[2021-03-10 07:03:31,134] {taskinstance.py:826} INFO - Dependencies all met for <TaskInstance: data_processing.extract_users 2021-01-26T00:00:00+00:00 [queued]>
[2021-03-10 07:03:31,142] {taskinstance.py:826} INFO - Dependencies all met for <TaskInstance: data_processing.extract_users 2021-01-26T00:00:00+00:00 [queued]>
[2021-03-10 07:03:31,142] {taskinstance.py:1017} INFO - 
--------------------------------------------------------------------------------
[2021-03-10 07:03:31,142] {taskinstance.py:1018} INFO - Starting attempt 1 of 1
[2021-03-10 07:03:31,142] {taskinstance.py:1019} INFO - 
--------------------------------------------------------------------------------
[2021-03-10 07:03:31,149] {taskinstance.py:1038} INFO - Executing <Task(SimpleHttpOperator): extract_users> on 2021-01-26T00:00:00+00:00
[2021-03-10 07:03:31,151] {standard_task_runner.py:51} INFO - Started process 42783 to run task
[2021-03-10 07:03:31,156] {standard_task_runner.py:75} INFO - Running: ['airflow', 'tasks', 'run', 'data_processing', 'extract_users', '2021-01-26T00:00:00+00:00', '--job-id', '142', '--pool', 'default_pool', '--raw', '--subdir', 'DAGS_FOLDER/data_processing.py', '--cfg-path', '/tmp/tmpd1p7cpl4']
[2021-03-10 07:03:31,156] {standard_task_runner.py:76} INFO - Job 142: Subtask extract_users
[2021-03-10 07:03:31,286] {logging_mixin.py:103} INFO - Running <TaskInstance: data_processing.extract_users 2021-01-26T00:00:00+00:00 [running]> on host airflowvm
[2021-03-10 07:03:31,410] {taskinstance.py:1230} INFO - Exporting the following env vars:
AIRFLOW_CTX_DAG_OWNER=airflow
AIRFLOW_CTX_DAG_ID=data_processing
AIRFLOW_CTX_TASK_ID=extract_users
AIRFLOW_CTX_EXECUTION_DATE=2021-01-26T00:00:00+00:00
AIRFLOW_CTX_DAG_RUN_ID=scheduled__2021-01-26T00:00:00+00:00
[2021-03-10 07:03:31,410] {http.py:106} INFO - Calling HTTP method
[2021-03-10 07:03:31,413] {base.py:65} INFO - Using connection to: id: user_api. Host: https://randomuser.me/, Port: None, Schema: , Login: , Password: None, extra: None
[2021-03-10 07:03:31,415] {http.py:140} INFO - Sending 'GET' to url: https://randomuser.me/api/
[2021-03-10 07:03:31,922] {http.py:110} INFO - {"results":[{"gender":"male","name":{"title":"Mr","first":"Evan","last":"Morales"},"location":{"street":{"number":198,"name":"Avondale Ave"},"city":"Orange","state":"South Australia","country":"Australia","postcode":4571,"coordinates":{"latitude":"-84.2234","longitude":"-167.1310"},"timezone":{"offset":"+4:30","description":"Kabul"}},"email":"evan.morales@example.com","login":{"uuid":"59a00a88-810c-4b4d-86ab-a603b91c8b60","username":"redpeacock698","password":"galore","salt":"FeaVUr1a","md5":"cf9131161f8a1284ec948edd5dc34fa4","sha1":"e0acc3a4f340e13b236ba8b785040590733c8a7c","sha256":"d7cb40f65ff69b73b0802c3e576affe267a3221a8c5d1a33087bcfac6745d62d"},"dob":{"date":"1967-05-16T07:31:22.589Z","age":54},"registered":{"date":"2002-03-22T13:37:34.433Z","age":19},"phone":"07-5175-6400","cell":"0444-899-835","id":{"name":"TFN","value":"525906014"},"picture":{"large":"https://randomuser.me/api/portraits/men/18.jpg","medium":"https://randomuser.me/api/portraits/med/men/18.jpg","thumbnail":"https://randomuser.me/api/portraits/thumb/men/18.jpg"},"nat":"AU"}],"info":{"seed":"710711a38594c9a0","results":1,"page":1,"version":"1.3"}}
[2021-03-10 07:03:31,936] {taskinstance.py:1135} INFO - Marking task as SUCCESS. dag_id=data_processing, task_id=extract_users, execution_date=20210126T000000, start_date=20210310T070331, end_date=20210310T070331
[2021-03-10 07:03:31,953] {taskinstance.py:1195} INFO - 1 downstream tasks scheduled from follow-on schedule check
[2021-03-10 07:03:31,983] {local_task_job.py:118} INFO - Task exited with return code 0
