[2021-03-11 04:53:45,366] {taskinstance.py:826} INFO - Dependencies all met for <TaskInstance: xcom_dag.processing_tasks.training_model_a 2021-03-11T04:53:38.133892+00:00 [queued]>
[2021-03-11 04:53:45,431] {taskinstance.py:826} INFO - Dependencies all met for <TaskInstance: xcom_dag.processing_tasks.training_model_a 2021-03-11T04:53:38.133892+00:00 [queued]>
[2021-03-11 04:53:45,431] {taskinstance.py:1017} INFO - 
--------------------------------------------------------------------------------
[2021-03-11 04:53:45,431] {taskinstance.py:1018} INFO - Starting attempt 1 of 1
[2021-03-11 04:53:45,431] {taskinstance.py:1019} INFO - 
--------------------------------------------------------------------------------
[2021-03-11 04:53:45,482] {taskinstance.py:1038} INFO - Executing <Task(PythonOperator): processing_tasks.training_model_a> on 2021-03-11T04:53:38.133892+00:00
[2021-03-11 04:53:45,483] {standard_task_runner.py:51} INFO - Started process 106136 to run task
[2021-03-11 04:53:45,492] {standard_task_runner.py:75} INFO - Running: ['airflow', 'tasks', 'run', 'xcom_dag', 'processing_tasks.training_model_a', '2021-03-11T04:53:38.133892+00:00', '--job-id', '102', '--pool', 'default_pool', '--raw', '--subdir', 'DAGS_FOLDER/xcom_dag.py', '--cfg-path', '/tmp/tmpgso0s2im']
[2021-03-11 04:53:45,493] {standard_task_runner.py:76} INFO - Job 102: Subtask processing_tasks.training_model_a
[2021-03-11 04:53:45,739] {logging_mixin.py:103} INFO - Running <TaskInstance: xcom_dag.processing_tasks.training_model_a 2021-03-11T04:53:38.133892+00:00 [running]> on host airflowvm
[2021-03-11 04:53:45,990] {taskinstance.py:1230} INFO - Exporting the following env vars:
AIRFLOW_CTX_DAG_OWNER=airflow
AIRFLOW_CTX_DAG_ID=xcom_dag
AIRFLOW_CTX_TASK_ID=processing_tasks.training_model_a
AIRFLOW_CTX_EXECUTION_DATE=2021-03-11T04:53:38.133892+00:00
AIRFLOW_CTX_DAG_RUN_ID=manual__2021-03-11T04:53:38.133892+00:00
[2021-03-11 04:53:45,993] {logging_mixin.py:103} INFO - model's accuracy: 7.480598524237501
[2021-03-11 04:53:45,993] {python.py:118} INFO - Done. Returned value was: 7.480598524237501
[2021-03-11 04:53:46,135] {taskinstance.py:1135} INFO - Marking task as SUCCESS. dag_id=xcom_dag, task_id=processing_tasks.training_model_a, execution_date=20210311T045338, start_date=20210311T045345, end_date=20210311T045346
[2021-03-11 04:53:46,297] {taskinstance.py:1195} INFO - 0 downstream tasks scheduled from follow-on schedule check
[2021-03-11 04:53:46,310] {local_task_job.py:118} INFO - Task exited with return code 0
