[2021-03-11 04:53:21,006] {taskinstance.py:826} INFO - Dependencies all met for <TaskInstance: xcom_dag.task_4 2021-03-10T00:00:00+00:00 [queued]>
[2021-03-11 04:53:21,039] {taskinstance.py:826} INFO - Dependencies all met for <TaskInstance: xcom_dag.task_4 2021-03-10T00:00:00+00:00 [queued]>
[2021-03-11 04:53:21,039] {taskinstance.py:1017} INFO - 
--------------------------------------------------------------------------------
[2021-03-11 04:53:21,039] {taskinstance.py:1018} INFO - Starting attempt 1 of 1
[2021-03-11 04:53:21,039] {taskinstance.py:1019} INFO - 
--------------------------------------------------------------------------------
[2021-03-11 04:53:21,063] {taskinstance.py:1038} INFO - Executing <Task(PythonOperator): task_4> on 2021-03-10T00:00:00+00:00
[2021-03-11 04:53:21,068] {standard_task_runner.py:51} INFO - Started process 104508 to run task
[2021-03-11 04:53:21,076] {standard_task_runner.py:75} INFO - Running: ['airflow', 'tasks', 'run', 'xcom_dag', 'task_4', '2021-03-10T00:00:00+00:00', '--job-id', '98', '--pool', 'default_pool', '--raw', '--subdir', 'DAGS_FOLDER/xcom_dag.py', '--cfg-path', '/tmp/tmp7gtnakr7']
[2021-03-11 04:53:21,076] {standard_task_runner.py:76} INFO - Job 98: Subtask task_4
[2021-03-11 04:53:21,195] {logging_mixin.py:103} INFO - Running <TaskInstance: xcom_dag.task_4 2021-03-10T00:00:00+00:00 [running]> on host airflowvm
[2021-03-11 04:53:21,305] {taskinstance.py:1230} INFO - Exporting the following env vars:
AIRFLOW_CTX_DAG_OWNER=airflow
AIRFLOW_CTX_DAG_ID=xcom_dag
AIRFLOW_CTX_TASK_ID=task_4
AIRFLOW_CTX_EXECUTION_DATE=2021-03-10T00:00:00+00:00
AIRFLOW_CTX_DAG_RUN_ID=scheduled__2021-03-10T00:00:00+00:00
[2021-03-11 04:53:21,305] {logging_mixin.py:103} INFO - choose best model
[2021-03-11 04:53:21,305] {python.py:118} INFO - Done. Returned value was: None
[2021-03-11 04:53:21,335] {taskinstance.py:1135} INFO - Marking task as SUCCESS. dag_id=xcom_dag, task_id=task_4, execution_date=20210310T000000, start_date=20210311T045321, end_date=20210311T045321
[2021-03-11 04:53:21,388] {taskinstance.py:1195} INFO - 0 downstream tasks scheduled from follow-on schedule check
[2021-03-11 04:53:21,429] {local_task_job.py:118} INFO - Task exited with return code 0
