[2021-03-10 09:24:44,743] {taskinstance.py:826} INFO - Dependencies all met for <TaskInstance: parallel_dag.bash4 2021-03-09T00:00:00+00:00 [queued]>
[2021-03-10 09:24:44,749] {taskinstance.py:826} INFO - Dependencies all met for <TaskInstance: parallel_dag.bash4 2021-03-09T00:00:00+00:00 [queued]>
[2021-03-10 09:24:44,749] {taskinstance.py:1017} INFO - 
--------------------------------------------------------------------------------
[2021-03-10 09:24:44,749] {taskinstance.py:1018} INFO - Starting attempt 1 of 1
[2021-03-10 09:24:44,749] {taskinstance.py:1019} INFO - 
--------------------------------------------------------------------------------
[2021-03-10 09:24:44,756] {taskinstance.py:1038} INFO - Executing <Task(BashOperator): bash4> on 2021-03-09T00:00:00+00:00
[2021-03-10 09:24:44,757] {standard_task_runner.py:51} INFO - Started process 45993 to run task
[2021-03-10 09:24:44,763] {standard_task_runner.py:75} INFO - Running: ['airflow', 'tasks', 'run', 'parallel_dag', 'bash4', '2021-03-09T00:00:00+00:00', '--job-id', '302', '--pool', 'default_pool', '--raw', '--subdir', 'DAGS_FOLDER/parallel_dag.py', '--cfg-path', '/tmp/tmpw2gog_nf']
[2021-03-10 09:24:44,763] {standard_task_runner.py:76} INFO - Job 302: Subtask bash4
[2021-03-10 09:24:44,909] {logging_mixin.py:103} INFO - Running <TaskInstance: parallel_dag.bash4 2021-03-09T00:00:00+00:00 [running]> on host airflowvm
[2021-03-10 09:24:45,077] {taskinstance.py:1230} INFO - Exporting the following env vars:
AIRFLOW_CTX_DAG_OWNER=airflow
AIRFLOW_CTX_DAG_ID=parallel_dag
AIRFLOW_CTX_TASK_ID=bash4
AIRFLOW_CTX_EXECUTION_DATE=2021-03-09T00:00:00+00:00
AIRFLOW_CTX_DAG_RUN_ID=scheduled__2021-03-09T00:00:00+00:00
[2021-03-10 09:24:45,077] {bash.py:135} INFO - Tmp dir root location: 
 /tmp
[2021-03-10 09:24:45,077] {bash.py:158} INFO - Running command: sleep 3
[2021-03-10 09:24:45,081] {bash.py:169} INFO - Output:
[2021-03-10 09:24:48,084] {bash.py:177} INFO - Command exited with return code 0
[2021-03-10 09:24:48,100] {taskinstance.py:1135} INFO - Marking task as SUCCESS. dag_id=parallel_dag, task_id=bash4, execution_date=20210309T000000, start_date=20210310T092444, end_date=20210310T092448
[2021-03-10 09:24:48,111] {taskinstance.py:1195} INFO - 0 downstream tasks scheduled from follow-on schedule check
[2021-03-10 09:24:48,114] {local_task_job.py:118} INFO - Task exited with return code 0
[2021-03-10 09:48:43,449] {taskinstance.py:826} INFO - Dependencies all met for <TaskInstance: parallel_dag.bash4 2021-03-09T00:00:00+00:00 [queued]>
[2021-03-10 09:48:43,482] {taskinstance.py:826} INFO - Dependencies all met for <TaskInstance: parallel_dag.bash4 2021-03-09T00:00:00+00:00 [queued]>
[2021-03-10 09:48:43,482] {taskinstance.py:1017} INFO - 
--------------------------------------------------------------------------------
[2021-03-10 09:48:43,482] {taskinstance.py:1018} INFO - Starting attempt 1 of 1
[2021-03-10 09:48:43,482] {taskinstance.py:1019} INFO - 
--------------------------------------------------------------------------------
[2021-03-10 09:48:43,517] {taskinstance.py:1038} INFO - Executing <Task(BashOperator): bash4> on 2021-03-09T00:00:00+00:00
[2021-03-10 09:48:43,518] {standard_task_runner.py:51} INFO - Started process 81714 to run task
[2021-03-10 09:48:43,533] {standard_task_runner.py:75} INFO - Running: ['airflow', 'tasks', 'run', 'parallel_dag', 'bash4', '2021-03-09T00:00:00+00:00', '--job-id', '6', '--pool', 'default_pool', '--raw', '--subdir', 'DAGS_FOLDER/parallel_dag.py', '--cfg-path', '/tmp/tmp384i_z0r']
[2021-03-10 09:48:43,533] {standard_task_runner.py:76} INFO - Job 6: Subtask bash4
[2021-03-10 09:48:43,838] {logging_mixin.py:103} INFO - Running <TaskInstance: parallel_dag.bash4 2021-03-09T00:00:00+00:00 [running]> on host airflowvm
[2021-03-10 09:48:44,066] {taskinstance.py:1230} INFO - Exporting the following env vars:
AIRFLOW_CTX_DAG_OWNER=airflow
AIRFLOW_CTX_DAG_ID=parallel_dag
AIRFLOW_CTX_TASK_ID=bash4
AIRFLOW_CTX_EXECUTION_DATE=2021-03-09T00:00:00+00:00
AIRFLOW_CTX_DAG_RUN_ID=scheduled__2021-03-09T00:00:00+00:00
[2021-03-10 09:48:44,067] {bash.py:135} INFO - Tmp dir root location: 
 /tmp
[2021-03-10 09:48:44,067] {bash.py:158} INFO - Running command: sleep 3
[2021-03-10 09:48:44,091] {bash.py:169} INFO - Output:
[2021-03-10 09:48:47,097] {bash.py:177} INFO - Command exited with return code 0
[2021-03-10 09:48:47,159] {taskinstance.py:1135} INFO - Marking task as SUCCESS. dag_id=parallel_dag, task_id=bash4, execution_date=20210309T000000, start_date=20210310T094843, end_date=20210310T094847
[2021-03-10 09:48:47,253] {taskinstance.py:1195} INFO - 0 downstream tasks scheduled from follow-on schedule check
[2021-03-10 09:48:47,267] {local_task_job.py:118} INFO - Task exited with return code 0
