[2021-03-30 03:48:08,489] {taskinstance.py:826} INFO - Dependencies all met for <TaskInstance: parallel_dag.processing_tasks.bash2 2021-03-29T00:00:00+00:00 [queued]>
[2021-03-30 03:48:08,594] {taskinstance.py:826} INFO - Dependencies all met for <TaskInstance: parallel_dag.processing_tasks.bash2 2021-03-29T00:00:00+00:00 [queued]>
[2021-03-30 03:48:08,594] {taskinstance.py:1017} INFO - 
--------------------------------------------------------------------------------
[2021-03-30 03:48:08,594] {taskinstance.py:1018} INFO - Starting attempt 1 of 1
[2021-03-30 03:48:08,594] {taskinstance.py:1019} INFO - 
--------------------------------------------------------------------------------
[2021-03-30 03:48:08,650] {taskinstance.py:1038} INFO - Executing <Task(BashOperator): processing_tasks.bash2> on 2021-03-29T00:00:00+00:00
[2021-03-30 03:48:08,667] {standard_task_runner.py:51} INFO - Started process 2061 to run task
[2021-03-30 03:48:08,711] {standard_task_runner.py:75} INFO - Running: ['airflow', 'tasks', 'run', 'parallel_dag', 'processing_tasks.bash2', '2021-03-29T00:00:00+00:00', '--job-id', '197', '--pool', 'default_pool', '--raw', '--subdir', 'DAGS_FOLDER/parallel_dag.py', '--cfg-path', '/tmp/tmprkh9533z']
[2021-03-30 03:48:08,712] {standard_task_runner.py:76} INFO - Job 197: Subtask processing_tasks.bash2
[2021-03-30 03:48:09,091] {logging_mixin.py:103} INFO - Running <TaskInstance: parallel_dag.processing_tasks.bash2 2021-03-29T00:00:00+00:00 [running]> on host airflowvm
[2021-03-30 03:48:09,541] {taskinstance.py:1230} INFO - Exporting the following env vars:
AIRFLOW_CTX_DAG_OWNER=airflow
AIRFLOW_CTX_DAG_ID=parallel_dag
AIRFLOW_CTX_TASK_ID=processing_tasks.bash2
AIRFLOW_CTX_EXECUTION_DATE=2021-03-29T00:00:00+00:00
AIRFLOW_CTX_DAG_RUN_ID=scheduled__2021-03-29T00:00:00+00:00
[2021-03-30 03:48:09,541] {bash.py:135} INFO - Tmp dir root location: 
 /tmp
[2021-03-30 03:48:09,551] {bash.py:158} INFO - Running command: 

    echo "2021-03-29"
    echo "2021-04-05"
    echo "hi"

    echo "2021-03-29"
    echo "2021-04-05"
    echo "hi"

    echo "2021-03-29"
    echo "2021-04-05"
    echo "hi"

    echo "2021-03-29"
    echo "2021-04-05"
    echo "hi"

    echo "2021-03-29"
    echo "2021-04-05"
    echo "hi"

[2021-03-30 03:48:09,588] {bash.py:169} INFO - Output:
[2021-03-30 03:48:09,596] {bash.py:173} INFO - 2021-03-29
[2021-03-30 03:48:09,609] {bash.py:173} INFO - 2021-04-05
[2021-03-30 03:48:09,609] {bash.py:173} INFO - hi
[2021-03-30 03:48:09,610] {bash.py:173} INFO - 2021-03-29
[2021-03-30 03:48:09,610] {bash.py:173} INFO - 2021-04-05
[2021-03-30 03:48:09,610] {bash.py:173} INFO - hi
[2021-03-30 03:48:09,610] {bash.py:173} INFO - 2021-03-29
[2021-03-30 03:48:09,610] {bash.py:173} INFO - 2021-04-05
[2021-03-30 03:48:09,610] {bash.py:173} INFO - hi
[2021-03-30 03:48:09,610] {bash.py:173} INFO - 2021-03-29
[2021-03-30 03:48:09,610] {bash.py:173} INFO - 2021-04-05
[2021-03-30 03:48:09,610] {bash.py:173} INFO - hi
[2021-03-30 03:48:09,610] {bash.py:173} INFO - 2021-03-29
[2021-03-30 03:48:09,610] {bash.py:173} INFO - 2021-04-05
[2021-03-30 03:48:09,610] {bash.py:173} INFO - hi
[2021-03-30 03:48:09,616] {bash.py:177} INFO - Command exited with return code 0
[2021-03-30 03:48:09,780] {taskinstance.py:1135} INFO - Marking task as SUCCESS. dag_id=parallel_dag, task_id=processing_tasks.bash2, execution_date=20210329T000000, start_date=20210330T034808, end_date=20210330T034809
[2021-03-30 03:48:09,990] {taskinstance.py:1195} INFO - 0 downstream tasks scheduled from follow-on schedule check
[2021-03-30 03:48:10,017] {local_task_job.py:118} INFO - Task exited with return code 0
