[2021-03-10 07:31:50,537] {taskinstance.py:826} INFO - Dependencies all met for <TaskInstance: data_processing.extract_users 2021-02-18T00:00:00+00:00 [queued]>
[2021-03-10 07:31:50,553] {taskinstance.py:826} INFO - Dependencies all met for <TaskInstance: data_processing.extract_users 2021-02-18T00:00:00+00:00 [queued]>
[2021-03-10 07:31:50,553] {taskinstance.py:1017} INFO - 
--------------------------------------------------------------------------------
[2021-03-10 07:31:50,553] {taskinstance.py:1018} INFO - Starting attempt 1 of 1
[2021-03-10 07:31:50,553] {taskinstance.py:1019} INFO - 
--------------------------------------------------------------------------------
[2021-03-10 07:31:50,562] {taskinstance.py:1038} INFO - Executing <Task(SimpleHttpOperator): extract_users> on 2021-02-18T00:00:00+00:00
[2021-03-10 07:31:50,564] {standard_task_runner.py:51} INFO - Started process 43580 to run task
[2021-03-10 07:31:50,574] {standard_task_runner.py:75} INFO - Running: ['airflow', 'tasks', 'run', 'data_processing', 'extract_users', '2021-02-18T00:00:00+00:00', '--job-id', '257', '--pool', 'default_pool', '--raw', '--subdir', 'DAGS_FOLDER/data_processing.py', '--cfg-path', '/tmp/tmph0urjgyd']
[2021-03-10 07:31:50,574] {standard_task_runner.py:76} INFO - Job 257: Subtask extract_users
[2021-03-10 07:31:50,755] {logging_mixin.py:103} INFO - Running <TaskInstance: data_processing.extract_users 2021-02-18T00:00:00+00:00 [running]> on host airflowvm
[2021-03-10 07:31:50,895] {taskinstance.py:1230} INFO - Exporting the following env vars:
AIRFLOW_CTX_DAG_OWNER=airflow
AIRFLOW_CTX_DAG_ID=data_processing
AIRFLOW_CTX_TASK_ID=extract_users
AIRFLOW_CTX_EXECUTION_DATE=2021-02-18T00:00:00+00:00
AIRFLOW_CTX_DAG_RUN_ID=scheduled__2021-02-18T00:00:00+00:00
[2021-03-10 07:31:50,895] {http.py:106} INFO - Calling HTTP method
[2021-03-10 07:31:50,898] {base.py:65} INFO - Using connection to: id: user_api. Host: https://randomuser.me/, Port: None, Schema: , Login: , Password: None, extra: None
[2021-03-10 07:31:50,903] {http.py:140} INFO - Sending 'GET' to url: https://randomuser.me/api/
[2021-03-10 07:31:51,574] {http.py:110} INFO - {"results":[{"gender":"male","name":{"title":"Mr","first":"Eemil","last":"Kivela"},"location":{"street":{"number":1692,"name":"Mannerheimintie"},"city":"Ristijärvi","state":"Southern Ostrobothnia","country":"Finland","postcode":85455,"coordinates":{"latitude":"-15.0415","longitude":"-130.1471"},"timezone":{"offset":"+1:00","description":"Brussels, Copenhagen, Madrid, Paris"}},"email":"eemil.kivela@example.com","login":{"uuid":"35725bbd-7d45-4869-bc5e-e3c95cbaf583","username":"goldentiger937","password":"rsalinas","salt":"DZsvHzLS","md5":"18d09f8f60fb7f1b76f0534bd0a7099b","sha1":"a03f823eebc0fde7d5a085ed3291556c179fbc20","sha256":"86d5c76322e8fd8623f569d04ab3a9d57c5873421d5027b922812e5bac67bdb6"},"dob":{"date":"1955-07-27T20:14:36.763Z","age":66},"registered":{"date":"2016-04-19T00:03:41.537Z","age":5},"phone":"04-876-935","cell":"042-878-22-07","id":{"name":"HETU","value":"NaNNA737undefined"},"picture":{"large":"https://randomuser.me/api/portraits/men/61.jpg","medium":"https://randomuser.me/api/portraits/med/men/61.jpg","thumbnail":"https://randomuser.me/api/portraits/thumb/men/61.jpg"},"nat":"FI"}],"info":{"seed":"238c0cb0b2d1608e","results":1,"page":1,"version":"1.3"}}
[2021-03-10 07:31:51,587] {taskinstance.py:1135} INFO - Marking task as SUCCESS. dag_id=data_processing, task_id=extract_users, execution_date=20210218T000000, start_date=20210310T073150, end_date=20210310T073151
[2021-03-10 07:31:51,605] {taskinstance.py:1195} INFO - 1 downstream tasks scheduled from follow-on schedule check
[2021-03-10 07:31:51,621] {local_task_job.py:118} INFO - Task exited with return code 0
