[2021-03-12 05:05:39,190] {taskinstance.py:826} INFO - Dependencies all met for <TaskInstance: xcom_dag.task_4 2021-03-12T05:05:30.142879+00:00 [queued]>
[2021-03-12 05:05:39,253] {taskinstance.py:826} INFO - Dependencies all met for <TaskInstance: xcom_dag.task_4 2021-03-12T05:05:30.142879+00:00 [queued]>
[2021-03-12 05:05:39,253] {taskinstance.py:1017} INFO - 
--------------------------------------------------------------------------------
[2021-03-12 05:05:39,253] {taskinstance.py:1018} INFO - Starting attempt 1 of 1
[2021-03-12 05:05:39,253] {taskinstance.py:1019} INFO - 
--------------------------------------------------------------------------------
[2021-03-12 05:05:39,305] {taskinstance.py:1038} INFO - Executing <Task(BranchPythonOperator): task_4> on 2021-03-12T05:05:30.142879+00:00
[2021-03-12 05:05:39,306] {standard_task_runner.py:51} INFO - Started process 1533706 to run task
[2021-03-12 05:05:39,318] {standard_task_runner.py:75} INFO - Running: ['airflow', 'tasks', 'run', 'xcom_dag', 'task_4', '2021-03-12T05:05:30.142879+00:00', '--job-id', '130', '--pool', 'default_pool', '--raw', '--subdir', 'DAGS_FOLDER/xcom_dag.py', '--cfg-path', '/tmp/tmpcw29oi5z']
[2021-03-12 05:05:39,319] {standard_task_runner.py:76} INFO - Job 130: Subtask task_4
[2021-03-12 05:05:39,483] {logging_mixin.py:103} INFO - Running <TaskInstance: xcom_dag.task_4 2021-03-12T05:05:30.142879+00:00 [running]> on host airflowvm
[2021-03-12 05:05:39,607] {taskinstance.py:1230} INFO - Exporting the following env vars:
AIRFLOW_CTX_DAG_OWNER=airflow
AIRFLOW_CTX_DAG_ID=xcom_dag
AIRFLOW_CTX_TASK_ID=task_4
AIRFLOW_CTX_EXECUTION_DATE=2021-03-12T05:05:30.142879+00:00
AIRFLOW_CTX_DAG_RUN_ID=manual__2021-03-12T05:05:30.142879+00:00
[2021-03-12 05:05:39,607] {logging_mixin.py:103} INFO - choose best model
[2021-03-12 05:05:39,631] {logging_mixin.py:103} INFO - [6.469814622024633, 0.8936120194606734, 2.9484053619867345]
[2021-03-12 05:05:39,631] {python.py:118} INFO - Done. Returned value was: accurate
[2021-03-12 05:05:39,631] {skipmixin.py:124} INFO - Following branch accurate
[2021-03-12 05:05:39,655] {skipmixin.py:155} INFO - Skipping tasks ['inaccurate']
[2021-03-12 05:05:39,817] {taskinstance.py:1135} INFO - Marking task as SUCCESS. dag_id=xcom_dag, task_id=task_4, execution_date=20210312T050530, start_date=20210312T050539, end_date=20210312T050539
[2021-03-12 05:05:39,917] {taskinstance.py:1195} INFO - 1 downstream tasks scheduled from follow-on schedule check
[2021-03-12 05:05:39,942] {local_task_job.py:118} INFO - Task exited with return code 0
