[2021-03-10 07:01:40,431] {taskinstance.py:826} INFO - Dependencies all met for <TaskInstance: data_processing.extract_users 2021-01-16T00:00:00+00:00 [queued]>
[2021-03-10 07:01:40,436] {taskinstance.py:826} INFO - Dependencies all met for <TaskInstance: data_processing.extract_users 2021-01-16T00:00:00+00:00 [queued]>
[2021-03-10 07:01:40,436] {taskinstance.py:1017} INFO - 
--------------------------------------------------------------------------------
[2021-03-10 07:01:40,436] {taskinstance.py:1018} INFO - Starting attempt 1 of 1
[2021-03-10 07:01:40,436] {taskinstance.py:1019} INFO - 
--------------------------------------------------------------------------------
[2021-03-10 07:01:40,444] {taskinstance.py:1038} INFO - Executing <Task(SimpleHttpOperator): extract_users> on 2021-01-16T00:00:00+00:00
[2021-03-10 07:01:40,446] {standard_task_runner.py:51} INFO - Started process 42419 to run task
[2021-03-10 07:01:40,451] {standard_task_runner.py:75} INFO - Running: ['airflow', 'tasks', 'run', 'data_processing', 'extract_users', '2021-01-16T00:00:00+00:00', '--job-id', '92', '--pool', 'default_pool', '--raw', '--subdir', 'DAGS_FOLDER/data_processing.py', '--cfg-path', '/tmp/tmp879btdkl']
[2021-03-10 07:01:40,451] {standard_task_runner.py:76} INFO - Job 92: Subtask extract_users
[2021-03-10 07:01:40,580] {logging_mixin.py:103} INFO - Running <TaskInstance: data_processing.extract_users 2021-01-16T00:00:00+00:00 [running]> on host airflowvm
[2021-03-10 07:01:40,702] {taskinstance.py:1230} INFO - Exporting the following env vars:
AIRFLOW_CTX_DAG_OWNER=airflow
AIRFLOW_CTX_DAG_ID=data_processing
AIRFLOW_CTX_TASK_ID=extract_users
AIRFLOW_CTX_EXECUTION_DATE=2021-01-16T00:00:00+00:00
AIRFLOW_CTX_DAG_RUN_ID=scheduled__2021-01-16T00:00:00+00:00
[2021-03-10 07:01:40,702] {http.py:106} INFO - Calling HTTP method
[2021-03-10 07:01:40,705] {base.py:65} INFO - Using connection to: id: user_api. Host: https://randomuser.me/, Port: None, Schema: , Login: , Password: None, extra: None
[2021-03-10 07:01:40,707] {http.py:140} INFO - Sending 'GET' to url: https://randomuser.me/api/
[2021-03-10 07:01:41,228] {http.py:110} INFO - {"results":[{"gender":"female","name":{"title":"Ms","first":"Carol","last":"Romero"},"location":{"street":{"number":7483,"name":"King Street"},"city":"Edinburgh","state":"Grampian","country":"United Kingdom","postcode":"Q2 6ZF","coordinates":{"latitude":"7.3077","longitude":"46.9023"},"timezone":{"offset":"+1:00","description":"Brussels, Copenhagen, Madrid, Paris"}},"email":"carol.romero@example.com","login":{"uuid":"3cb7b446-2ea0-4cff-ae37-de3eef298a40","username":"heavyswan916","password":"chargers","salt":"4NcU9064","md5":"1fe8244316487e5eebabf7263224b533","sha1":"0554ff3973842a6c00394f727bbe001c88f274f7","sha256":"d4f04b778ad19e42d010b51104910f13a148cff6fff6441bdeaeb21158a500f2"},"dob":{"date":"1957-07-03T20:07:50.863Z","age":64},"registered":{"date":"2018-07-17T05:01:59.948Z","age":3},"phone":"016974 99471","cell":"0731-542-574","id":{"name":"NINO","value":"PK 29 64 59 V"},"picture":{"large":"https://randomuser.me/api/portraits/women/86.jpg","medium":"https://randomuser.me/api/portraits/med/women/86.jpg","thumbnail":"https://randomuser.me/api/portraits/thumb/women/86.jpg"},"nat":"GB"}],"info":{"seed":"c77675b7b28137a4","results":1,"page":1,"version":"1.3"}}
[2021-03-10 07:01:41,243] {taskinstance.py:1135} INFO - Marking task as SUCCESS. dag_id=data_processing, task_id=extract_users, execution_date=20210116T000000, start_date=20210310T070140, end_date=20210310T070141
[2021-03-10 07:01:41,258] {taskinstance.py:1195} INFO - 1 downstream tasks scheduled from follow-on schedule check
[2021-03-10 07:01:41,283] {local_task_job.py:118} INFO - Task exited with return code 0
