[2021-04-05 05:10:19,951] {taskinstance.py:826} INFO - Dependencies all met for <TaskInstance: xcom_dag.downloading_data 2021-04-02T00:00:00+00:00 [queued]>
[2021-04-05 05:10:20,094] {taskinstance.py:826} INFO - Dependencies all met for <TaskInstance: xcom_dag.downloading_data 2021-04-02T00:00:00+00:00 [queued]>
[2021-04-05 05:10:20,094] {taskinstance.py:1017} INFO - 
--------------------------------------------------------------------------------
[2021-04-05 05:10:20,094] {taskinstance.py:1018} INFO - Starting attempt 1 of 1
[2021-04-05 05:10:20,094] {taskinstance.py:1019} INFO - 
--------------------------------------------------------------------------------
[2021-04-05 05:10:20,175] {taskinstance.py:1038} INFO - Executing <Task(BashOperator): downloading_data> on 2021-04-02T00:00:00+00:00
[2021-04-05 05:10:20,212] {standard_task_runner.py:51} INFO - Started process 2113 to run task
[2021-04-05 05:10:20,288] {standard_task_runner.py:75} INFO - Running: ['airflow', 'tasks', 'run', 'xcom_dag', 'downloading_data', '2021-04-02T00:00:00+00:00', '--job-id', '270', '--pool', 'default_pool', '--raw', '--subdir', 'DAGS_FOLDER/xcom_dag.py', '--cfg-path', '/tmp/tmp6jhru1o_']
[2021-04-05 05:10:20,289] {standard_task_runner.py:76} INFO - Job 270: Subtask downloading_data
[2021-04-05 05:10:20,966] {logging_mixin.py:103} INFO - Running <TaskInstance: xcom_dag.downloading_data 2021-04-02T00:00:00+00:00 [running]> on host airflowvm
[2021-04-05 05:10:21,596] {taskinstance.py:1230} INFO - Exporting the following env vars:
AIRFLOW_CTX_DAG_OWNER=airflow
AIRFLOW_CTX_DAG_ID=xcom_dag
AIRFLOW_CTX_TASK_ID=downloading_data
AIRFLOW_CTX_EXECUTION_DATE=2021-04-02T00:00:00+00:00
AIRFLOW_CTX_DAG_RUN_ID=scheduled__2021-04-02T00:00:00+00:00
[2021-04-05 05:10:21,596] {bash.py:135} INFO - Tmp dir root location: 
 /tmp
[2021-04-05 05:10:21,597] {bash.py:158} INFO - Running command: sleep 3
[2021-04-05 05:10:21,735] {bash.py:169} INFO - Output:
[2021-04-05 05:10:24,827] {bash.py:177} INFO - Command exited with return code 0
[2021-04-05 05:10:25,070] {taskinstance.py:1135} INFO - Marking task as SUCCESS. dag_id=xcom_dag, task_id=downloading_data, execution_date=20210402T000000, start_date=20210405T051019, end_date=20210405T051025
[2021-04-05 05:10:25,509] {local_task_job.py:169} WARNING - State of this instance has been externally set to success. Terminating instance.
[2021-04-05 05:10:25,556] {process_utils.py:95} INFO - Sending Signals.SIGTERM to GPID 2113
[2021-04-05 05:10:26,304] {taskinstance.py:1214} ERROR - Received SIGTERM. Terminating subprocesses.
[2021-04-05 05:10:26,304] {bash.py:185} INFO - Sending SIGTERM signal to bash process group
[2021-04-05 05:10:26,333] {process_utils.py:61} INFO - Process psutil.Process(pid=2113, status='terminated', exitcode=1, started='05:10:19') (2113) terminated with exit code 1
[2021-04-05 05:10:26,334] {local_task_job.py:118} INFO - Task exited with return code 1
