[2021-03-10 07:04:39,492] {taskinstance.py:826} INFO - Dependencies all met for <TaskInstance: data_processing.extract_users 2021-02-01T00:00:00+00:00 [queued]>
[2021-03-10 07:04:39,499] {taskinstance.py:826} INFO - Dependencies all met for <TaskInstance: data_processing.extract_users 2021-02-01T00:00:00+00:00 [queued]>
[2021-03-10 07:04:39,499] {taskinstance.py:1017} INFO - 
--------------------------------------------------------------------------------
[2021-03-10 07:04:39,499] {taskinstance.py:1018} INFO - Starting attempt 1 of 1
[2021-03-10 07:04:39,499] {taskinstance.py:1019} INFO - 
--------------------------------------------------------------------------------
[2021-03-10 07:04:39,506] {taskinstance.py:1038} INFO - Executing <Task(SimpleHttpOperator): extract_users> on 2021-02-01T00:00:00+00:00
[2021-03-10 07:04:39,508] {standard_task_runner.py:51} INFO - Started process 43008 to run task
[2021-03-10 07:04:39,513] {standard_task_runner.py:75} INFO - Running: ['airflow', 'tasks', 'run', 'data_processing', 'extract_users', '2021-02-01T00:00:00+00:00', '--job-id', '172', '--pool', 'default_pool', '--raw', '--subdir', 'DAGS_FOLDER/data_processing.py', '--cfg-path', '/tmp/tmpprypnl08']
[2021-03-10 07:04:39,513] {standard_task_runner.py:76} INFO - Job 172: Subtask extract_users
[2021-03-10 07:04:39,640] {logging_mixin.py:103} INFO - Running <TaskInstance: data_processing.extract_users 2021-02-01T00:00:00+00:00 [running]> on host airflowvm
[2021-03-10 07:04:39,769] {taskinstance.py:1230} INFO - Exporting the following env vars:
AIRFLOW_CTX_DAG_OWNER=airflow
AIRFLOW_CTX_DAG_ID=data_processing
AIRFLOW_CTX_TASK_ID=extract_users
AIRFLOW_CTX_EXECUTION_DATE=2021-02-01T00:00:00+00:00
AIRFLOW_CTX_DAG_RUN_ID=scheduled__2021-02-01T00:00:00+00:00
[2021-03-10 07:04:39,770] {http.py:106} INFO - Calling HTTP method
[2021-03-10 07:04:39,773] {base.py:65} INFO - Using connection to: id: user_api. Host: https://randomuser.me/, Port: None, Schema: , Login: , Password: None, extra: None
[2021-03-10 07:04:39,774] {http.py:140} INFO - Sending 'GET' to url: https://randomuser.me/api/
[2021-03-10 07:04:40,332] {http.py:110} INFO - {"results":[{"gender":"female","name":{"title":"Ms","first":"Amelie","last":"Nitz"},"location":{"street":{"number":5368,"name":"Bergstraße"},"city":"Hillesheim","state":"Hamburg","country":"Germany","postcode":66852,"coordinates":{"latitude":"-42.6320","longitude":"108.6702"},"timezone":{"offset":"-2:00","description":"Mid-Atlantic"}},"email":"amelie.nitz@example.com","login":{"uuid":"0ad68165-a305-4973-add7-69825f385c1d","username":"heavygorilla658","password":"stephen","salt":"ncuMEnP2","md5":"f335d50b01ea4a6fd53f61ccbfe678f7","sha1":"2b9c39d7630cdf4b2ce25d5b21ee3ae43f613b33","sha256":"8540c12acf97dfabb6dfe5cb4a0b3603b93334cd6f59947e95e5a64107572d50"},"dob":{"date":"1974-03-02T08:56:31.177Z","age":47},"registered":{"date":"2005-02-07T21:49:03.525Z","age":16},"phone":"0925-3718881","cell":"0177-3408771","id":{"name":"","value":null},"picture":{"large":"https://randomuser.me/api/portraits/women/32.jpg","medium":"https://randomuser.me/api/portraits/med/women/32.jpg","thumbnail":"https://randomuser.me/api/portraits/thumb/women/32.jpg"},"nat":"DE"}],"info":{"seed":"04584ce44063daf8","results":1,"page":1,"version":"1.3"}}
[2021-03-10 07:04:40,346] {taskinstance.py:1135} INFO - Marking task as SUCCESS. dag_id=data_processing, task_id=extract_users, execution_date=20210201T000000, start_date=20210310T070439, end_date=20210310T070440
[2021-03-10 07:04:40,362] {taskinstance.py:1195} INFO - 1 downstream tasks scheduled from follow-on schedule check
[2021-03-10 07:04:40,380] {local_task_job.py:118} INFO - Task exited with return code 0
