[2021-03-10 07:06:36,638] {taskinstance.py:826} INFO - Dependencies all met for <TaskInstance: data_processing.extract_users 2021-02-12T00:00:00+00:00 [queued]>
[2021-03-10 07:06:36,644] {taskinstance.py:826} INFO - Dependencies all met for <TaskInstance: data_processing.extract_users 2021-02-12T00:00:00+00:00 [queued]>
[2021-03-10 07:06:36,645] {taskinstance.py:1017} INFO - 
--------------------------------------------------------------------------------
[2021-03-10 07:06:36,645] {taskinstance.py:1018} INFO - Starting attempt 1 of 1
[2021-03-10 07:06:36,645] {taskinstance.py:1019} INFO - 
--------------------------------------------------------------------------------
[2021-03-10 07:06:36,657] {taskinstance.py:1038} INFO - Executing <Task(SimpleHttpOperator): extract_users> on 2021-02-12T00:00:00+00:00
[2021-03-10 07:06:36,659] {standard_task_runner.py:51} INFO - Started process 43404 to run task
[2021-03-10 07:06:36,664] {standard_task_runner.py:75} INFO - Running: ['airflow', 'tasks', 'run', 'data_processing', 'extract_users', '2021-02-12T00:00:00+00:00', '--job-id', '227', '--pool', 'default_pool', '--raw', '--subdir', 'DAGS_FOLDER/data_processing.py', '--cfg-path', '/tmp/tmpcrt4j9eq']
[2021-03-10 07:06:36,665] {standard_task_runner.py:76} INFO - Job 227: Subtask extract_users
[2021-03-10 07:06:36,793] {logging_mixin.py:103} INFO - Running <TaskInstance: data_processing.extract_users 2021-02-12T00:00:00+00:00 [running]> on host airflowvm
[2021-03-10 07:06:36,919] {taskinstance.py:1230} INFO - Exporting the following env vars:
AIRFLOW_CTX_DAG_OWNER=airflow
AIRFLOW_CTX_DAG_ID=data_processing
AIRFLOW_CTX_TASK_ID=extract_users
AIRFLOW_CTX_EXECUTION_DATE=2021-02-12T00:00:00+00:00
AIRFLOW_CTX_DAG_RUN_ID=scheduled__2021-02-12T00:00:00+00:00
[2021-03-10 07:06:36,919] {http.py:106} INFO - Calling HTTP method
[2021-03-10 07:06:36,923] {base.py:65} INFO - Using connection to: id: user_api. Host: https://randomuser.me/, Port: None, Schema: , Login: , Password: None, extra: None
[2021-03-10 07:06:36,924] {http.py:140} INFO - Sending 'GET' to url: https://randomuser.me/api/
[2021-03-10 07:06:37,582] {http.py:110} INFO - {"results":[{"gender":"male","name":{"title":"Monsieur","first":"Massimiliano","last":"Lemoine"},"location":{"street":{"number":1051,"name":"Rue de Bonnel"},"city":"Oberkulm","state":"St. Gallen","country":"Switzerland","postcode":1821,"coordinates":{"latitude":"-49.4683","longitude":"-106.6073"},"timezone":{"offset":"0:00","description":"Western Europe Time, London, Lisbon, Casablanca"}},"email":"massimiliano.lemoine@example.com","login":{"uuid":"a8717ab0-d2b5-4eeb-8996-b028105a2967","username":"organicgorilla745","password":"markus","salt":"3lRx33RU","md5":"b4fcb9e44b32892621ff838acf31300a","sha1":"da55dfaa33d7853c72a816f99042b6038446f5c4","sha256":"bdf4c523dd753f466606be875def5e28a0de058aedc49862737f429885772d06"},"dob":{"date":"1947-09-15T16:05:07.503Z","age":74},"registered":{"date":"2004-09-20T00:03:02.573Z","age":17},"phone":"075 361 63 46","cell":"075 451 96 37","id":{"name":"AVS","value":"756.9514.2849.48"},"picture":{"large":"https://randomuser.me/api/portraits/men/50.jpg","medium":"https://randomuser.me/api/portraits/med/men/50.jpg","thumbnail":"https://randomuser.me/api/portraits/thumb/men/50.jpg"},"nat":"CH"}],"info":{"seed":"df14c6c162c2853e","results":1,"page":1,"version":"1.3"}}
[2021-03-10 07:06:37,596] {taskinstance.py:1135} INFO - Marking task as SUCCESS. dag_id=data_processing, task_id=extract_users, execution_date=20210212T000000, start_date=20210310T070636, end_date=20210310T070637
[2021-03-10 07:06:37,612] {taskinstance.py:1195} INFO - 1 downstream tasks scheduled from follow-on schedule check
[2021-03-10 07:06:37,648] {local_task_job.py:118} INFO - Task exited with return code 0
