[2021-04-02 03:59:50,304] {taskinstance.py:826} INFO - Dependencies all met for <TaskInstance: parallel_dag.bash4 2021-04-01T00:00:00+00:00 [queued]>
[2021-04-02 03:59:50,514] {taskinstance.py:826} INFO - Dependencies all met for <TaskInstance: parallel_dag.bash4 2021-04-01T00:00:00+00:00 [queued]>
[2021-04-02 03:59:50,514] {taskinstance.py:1017} INFO - 
--------------------------------------------------------------------------------
[2021-04-02 03:59:50,514] {taskinstance.py:1018} INFO - Starting attempt 1 of 1
[2021-04-02 03:59:50,514] {taskinstance.py:1019} INFO - 
--------------------------------------------------------------------------------
[2021-04-02 03:59:50,601] {taskinstance.py:1038} INFO - Executing <Task(BashOperator): bash4> on 2021-04-01T00:00:00+00:00
[2021-04-02 03:59:50,619] {standard_task_runner.py:75} INFO - Running: ['airflow', 'tasks', 'run', 'parallel_dag', 'bash4', '2021-04-01T00:00:00+00:00', '--job-id', '220', '--pool', 'default_pool', '--raw', '--subdir', 'DAGS_FOLDER/parallel_dag.py', '--cfg-path', '/tmp/tmpezo2b9b6']
[2021-04-02 03:59:50,620] {standard_task_runner.py:76} INFO - Job 220: Subtask bash4
[2021-04-02 03:59:50,602] {standard_task_runner.py:51} INFO - Started process 1892 to run task
[2021-04-02 03:59:51,134] {logging_mixin.py:103} INFO - Running <TaskInstance: parallel_dag.bash4 2021-04-01T00:00:00+00:00 [running]> on host airflowvm
[2021-04-02 03:59:51,466] {taskinstance.py:1230} INFO - Exporting the following env vars:
AIRFLOW_CTX_DAG_OWNER=airflow
AIRFLOW_CTX_DAG_ID=parallel_dag
AIRFLOW_CTX_TASK_ID=bash4
AIRFLOW_CTX_EXECUTION_DATE=2021-04-01T00:00:00+00:00
AIRFLOW_CTX_DAG_RUN_ID=scheduled__2021-04-01T00:00:00+00:00
[2021-04-02 03:59:51,469] {bash.py:135} INFO - Tmp dir root location: 
 /tmp
[2021-04-02 03:59:51,470] {bash.py:158} INFO - Running command: sleep 3
[2021-04-02 03:59:51,497] {bash.py:169} INFO - Output:
[2021-04-02 03:59:54,538] {bash.py:177} INFO - Command exited with return code 0
[2021-04-02 03:59:54,677] {taskinstance.py:1135} INFO - Marking task as SUCCESS. dag_id=parallel_dag, task_id=bash4, execution_date=20210401T000000, start_date=20210402T035950, end_date=20210402T035954
[2021-04-02 03:59:54,903] {taskinstance.py:1195} INFO - 2 downstream tasks scheduled from follow-on schedule check
[2021-04-02 03:59:54,924] {local_task_job.py:118} INFO - Task exited with return code 0
