[2021-04-05 07:39:22,952] {taskinstance.py:826} INFO - Dependencies all met for <TaskInstance: baxa_lead_importer.main 2021-04-05T07:20:00+00:00 [queued]>
[2021-04-05 07:39:22,983] {taskinstance.py:826} INFO - Dependencies all met for <TaskInstance: baxa_lead_importer.main 2021-04-05T07:20:00+00:00 [queued]>
[2021-04-05 07:39:22,983] {taskinstance.py:1017} INFO - 
--------------------------------------------------------------------------------
[2021-04-05 07:39:22,983] {taskinstance.py:1018} INFO - Starting attempt 5 of 6
[2021-04-05 07:39:22,983] {taskinstance.py:1019} INFO - 
--------------------------------------------------------------------------------
[2021-04-05 07:39:23,041] {taskinstance.py:1038} INFO - Executing <Task(BashOperator): main> on 2021-04-05T07:20:00+00:00
[2021-04-05 07:39:23,043] {standard_task_runner.py:51} INFO - Started process 403461 to run task
[2021-04-05 07:39:23,074] {standard_task_runner.py:75} INFO - Running: ['airflow', 'tasks', 'run', 'baxa_lead_importer', 'main', '2021-04-05T07:20:00+00:00', '--job-id', '346', '--pool', 'default_pool', '--raw', '--subdir', 'DAGS_FOLDER/baxa_lead_importer.py', '--cfg-path', '/tmp/tmp58tev2w3']
[2021-04-05 07:39:23,075] {standard_task_runner.py:76} INFO - Job 346: Subtask main
[2021-04-05 07:39:23,245] {logging_mixin.py:103} INFO - Running <TaskInstance: baxa_lead_importer.main 2021-04-05T07:20:00+00:00 [running]> on host airflowvm
[2021-04-05 07:39:23,401] {taskinstance.py:1230} INFO - Exporting the following env vars:
AIRFLOW_CTX_DAG_EMAIL=arun.padmanabhan00@gmail.com
AIRFLOW_CTX_DAG_OWNER=airflow
AIRFLOW_CTX_DAG_ID=baxa_lead_importer
AIRFLOW_CTX_TASK_ID=main
AIRFLOW_CTX_EXECUTION_DATE=2021-04-05T07:20:00+00:00
AIRFLOW_CTX_DAG_RUN_ID=scheduled__2021-04-05T07:20:00+00:00
[2021-04-05 07:39:23,402] {bash.py:135} INFO - Tmp dir root location: 
 /tmp
[2021-04-05 07:39:23,402] {bash.py:158} INFO - Running command: sleep 20
[2021-04-05 07:39:23,413] {bash.py:169} INFO - Output:
[2021-04-05 07:39:43,422] {bash.py:177} INFO - Command exited with return code 0
[2021-04-05 07:39:43,490] {taskinstance.py:1135} INFO - Marking task as SUCCESS. dag_id=baxa_lead_importer, task_id=main, execution_date=20210405T072000, start_date=20210405T073922, end_date=20210405T073943
[2021-04-05 07:39:43,557] {taskinstance.py:1195} INFO - 0 downstream tasks scheduled from follow-on schedule check
[2021-04-05 07:39:43,571] {local_task_job.py:118} INFO - Task exited with return code 0
