Process ForkProcess-34:
Traceback (most recent call last):
  File "/usr/lib/python3.8/multiprocessing/process.py", line 315, in _bootstrap
    self.run()
  File "/usr/lib/python3.8/multiprocessing/process.py", line 108, in run
    self._target(*self._args, **self._kwargs)
  File "/home/airflow/venv/lib/python3.8/site-packages/airflow/utils/dag_processing.py", line 365, in _run_processor_manager
    processor_manager.start()
  File "/home/airflow/venv/lib/python3.8/site-packages/airflow/utils/dag_processing.py", line 596, in start
    return self._run_parsing_loop()
  File "/home/airflow/venv/lib/python3.8/site-packages/airflow/utils/dag_processing.py", line 659, in _run_parsing_loop
    self._processors.pop(processor.file_path)
KeyError: '/home/airflow/airflow/dags/airflow_poc.py'
Process ForkProcess-35:
Traceback (most recent call last):
  File "/usr/lib/python3.8/multiprocessing/process.py", line 315, in _bootstrap
    self.run()
  File "/usr/lib/python3.8/multiprocessing/process.py", line 108, in run
    self._target(*self._args, **self._kwargs)
  File "/home/airflow/venv/lib/python3.8/site-packages/airflow/utils/dag_processing.py", line 365, in _run_processor_manager
    processor_manager.start()
  File "/home/airflow/venv/lib/python3.8/site-packages/airflow/utils/dag_processing.py", line 596, in start
    return self._run_parsing_loop()
  File "/home/airflow/venv/lib/python3.8/site-packages/airflow/utils/dag_processing.py", line 659, in _run_parsing_loop
    self._processors.pop(processor.file_path)
KeyError: '/home/airflow/airflow/dags/airflow_poc.py'
Process ForkProcess-36:
Traceback (most recent call last):
  File "/usr/lib/python3.8/multiprocessing/process.py", line 315, in _bootstrap
    self.run()
  File "/usr/lib/python3.8/multiprocessing/process.py", line 108, in run
    self._target(*self._args, **self._kwargs)
  File "/home/airflow/venv/lib/python3.8/site-packages/airflow/utils/dag_processing.py", line 365, in _run_processor_manager
    processor_manager.start()
  File "/home/airflow/venv/lib/python3.8/site-packages/airflow/utils/dag_processing.py", line 596, in start
    return self._run_parsing_loop()
  File "/home/airflow/venv/lib/python3.8/site-packages/airflow/utils/dag_processing.py", line 686, in _run_parsing_loop
    self.collect_results()
  File "/home/airflow/venv/lib/python3.8/site-packages/airflow/utils/dag_processing.py", line 980, in collect_results
    self._processors.pop(processor.file_path)
KeyError: '/home/airflow/airflow/dags/airflow_poc.py'
Process ForkProcess-37:
Traceback (most recent call last):
  File "/usr/lib/python3.8/multiprocessing/process.py", line 315, in _bootstrap
    self.run()
  File "/usr/lib/python3.8/multiprocessing/process.py", line 108, in run
    self._target(*self._args, **self._kwargs)
  File "/home/airflow/venv/lib/python3.8/site-packages/airflow/utils/dag_processing.py", line 365, in _run_processor_manager
    processor_manager.start()
  File "/home/airflow/venv/lib/python3.8/site-packages/airflow/utils/dag_processing.py", line 596, in start
    return self._run_parsing_loop()
  File "/home/airflow/venv/lib/python3.8/site-packages/airflow/utils/dag_processing.py", line 659, in _run_parsing_loop
    self._processors.pop(processor.file_path)
KeyError: '/home/airflow/airflow/dags/airflow_poc.py'
Process ForkProcess-38:
Traceback (most recent call last):
  File "/usr/lib/python3.8/multiprocessing/process.py", line 315, in _bootstrap
    self.run()
  File "/usr/lib/python3.8/multiprocessing/process.py", line 108, in run
    self._target(*self._args, **self._kwargs)
  File "/home/airflow/venv/lib/python3.8/site-packages/airflow/utils/dag_processing.py", line 365, in _run_processor_manager
    processor_manager.start()
  File "/home/airflow/venv/lib/python3.8/site-packages/airflow/utils/dag_processing.py", line 596, in start
    return self._run_parsing_loop()
  File "/home/airflow/venv/lib/python3.8/site-packages/airflow/utils/dag_processing.py", line 659, in _run_parsing_loop
    self._processors.pop(processor.file_path)
KeyError: '/home/airflow/airflow/dags/airflow_poc.py'
Process QueuedLocalWorker-31:
Process QueuedLocalWorker-33:
Traceback (most recent call last):
  File "/usr/lib/python3.8/multiprocessing/process.py", line 315, in _bootstrap
    self.run()
  File "/home/airflow/venv/lib/python3.8/site-packages/airflow/executors/local_executor.py", line 69, in run
    return super().run()
Traceback (most recent call last):
  File "/usr/lib/python3.8/multiprocessing/process.py", line 315, in _bootstrap
    self.run()
  File "/home/airflow/venv/lib/python3.8/site-packages/airflow/executors/local_executor.py", line 69, in run
    return super().run()
  File "/usr/lib/python3.8/multiprocessing/process.py", line 108, in run
    self._target(*self._args, **self._kwargs)
  File "/home/airflow/venv/lib/python3.8/site-packages/airflow/executors/local_executor.py", line 176, in do_work
    key, command = self.task_queue.get()
  File "<string>", line 2, in get
  File "/usr/lib/python3.8/multiprocessing/managers.py", line 835, in _callmethod
    kind, result = conn.recv()
  File "/usr/lib/python3.8/multiprocessing/connection.py", line 250, in recv
    buf = self._recv_bytes()
  File "/usr/lib/python3.8/multiprocessing/connection.py", line 414, in _recv_bytes
    buf = self._recv(4)
  File "/usr/lib/python3.8/multiprocessing/connection.py", line 383, in _recv
    raise EOFError
EOFError
  File "/usr/lib/python3.8/multiprocessing/process.py", line 108, in run
    self._target(*self._args, **self._kwargs)
  File "/home/airflow/venv/lib/python3.8/site-packages/airflow/executors/local_executor.py", line 176, in do_work
    key, command = self.task_queue.get()
  File "<string>", line 2, in get
  File "/usr/lib/python3.8/multiprocessing/managers.py", line 835, in _callmethod
    kind, result = conn.recv()
  File "/usr/lib/python3.8/multiprocessing/connection.py", line 250, in recv
    buf = self._recv_bytes()
  File "/usr/lib/python3.8/multiprocessing/connection.py", line 414, in _recv_bytes
    buf = self._recv(4)
  File "/usr/lib/python3.8/multiprocessing/connection.py", line 383, in _recv
    raise EOFError
EOFError
Process QueuedLocalWorker-32:
Traceback (most recent call last):
  File "/usr/lib/python3.8/multiprocessing/process.py", line 315, in _bootstrap
    self.run()
  File "/home/airflow/venv/lib/python3.8/site-packages/airflow/executors/local_executor.py", line 69, in run
    return super().run()
  File "/usr/lib/python3.8/multiprocessing/process.py", line 108, in run
    self._target(*self._args, **self._kwargs)
  File "/home/airflow/venv/lib/python3.8/site-packages/airflow/executors/local_executor.py", line 176, in do_work
    key, command = self.task_queue.get()
  File "<string>", line 2, in get
  File "/usr/lib/python3.8/multiprocessing/managers.py", line 835, in _callmethod
    kind, result = conn.recv()
  File "/usr/lib/python3.8/multiprocessing/connection.py", line 250, in recv
    buf = self._recv_bytes()
  File "/usr/lib/python3.8/multiprocessing/connection.py", line 414, in _recv_bytes
    buf = self._recv(4)
  File "/usr/lib/python3.8/multiprocessing/connection.py", line 383, in _recv
    raise EOFError
EOFError
Process QueuedLocalWorker-29:
Traceback (most recent call last):
  File "/usr/lib/python3.8/multiprocessing/process.py", line 315, in _bootstrap
    self.run()
  File "/home/airflow/venv/lib/python3.8/site-packages/airflow/executors/local_executor.py", line 69, in run
    return super().run()
  File "/usr/lib/python3.8/multiprocessing/process.py", line 108, in run
    self._target(*self._args, **self._kwargs)
  File "/home/airflow/venv/lib/python3.8/site-packages/airflow/executors/local_executor.py", line 176, in do_work
    key, command = self.task_queue.get()
  File "<string>", line 2, in get
  File "/usr/lib/python3.8/multiprocessing/managers.py", line 835, in _callmethod
    kind, result = conn.recv()
  File "/usr/lib/python3.8/multiprocessing/connection.py", line 250, in recv
    buf = self._recv_bytes()
  File "/usr/lib/python3.8/multiprocessing/connection.py", line 414, in _recv_bytes
    buf = self._recv(4)
  File "/usr/lib/python3.8/multiprocessing/connection.py", line 383, in _recv
    raise EOFError
EOFError
Process QueuedLocalWorker-30:
Traceback (most recent call last):
  File "/usr/lib/python3.8/multiprocessing/process.py", line 315, in _bootstrap
    self.run()
  File "/home/airflow/venv/lib/python3.8/site-packages/airflow/executors/local_executor.py", line 69, in run
    return super().run()
  File "/usr/lib/python3.8/multiprocessing/process.py", line 108, in run
    self._target(*self._args, **self._kwargs)
  File "/home/airflow/venv/lib/python3.8/site-packages/airflow/executors/local_executor.py", line 176, in do_work
    key, command = self.task_queue.get()
  File "<string>", line 2, in get
  File "/usr/lib/python3.8/multiprocessing/managers.py", line 835, in _callmethod
    kind, result = conn.recv()
  File "/usr/lib/python3.8/multiprocessing/connection.py", line 250, in recv
    buf = self._recv_bytes()
  File "/usr/lib/python3.8/multiprocessing/connection.py", line 414, in _recv_bytes
    buf = self._recv(4)
  File "/usr/lib/python3.8/multiprocessing/connection.py", line 383, in _recv
    raise EOFError
EOFError
Process QueuedLocalWorker-26:
Traceback (most recent call last):
  File "/usr/lib/python3.8/multiprocessing/process.py", line 315, in _bootstrap
    self.run()
  File "/home/airflow/venv/lib/python3.8/site-packages/airflow/executors/local_executor.py", line 69, in run
    return super().run()
  File "/usr/lib/python3.8/multiprocessing/process.py", line 108, in run
    self._target(*self._args, **self._kwargs)
  File "/home/airflow/venv/lib/python3.8/site-packages/airflow/executors/local_executor.py", line 176, in do_work
    key, command = self.task_queue.get()
  File "<string>", line 2, in get
  File "/usr/lib/python3.8/multiprocessing/managers.py", line 835, in _callmethod
    kind, result = conn.recv()
  File "/usr/lib/python3.8/multiprocessing/connection.py", line 250, in recv
    buf = self._recv_bytes()
  File "/usr/lib/python3.8/multiprocessing/connection.py", line 414, in _recv_bytes
    buf = self._recv(4)
  File "/usr/lib/python3.8/multiprocessing/connection.py", line 383, in _recv
    raise EOFError
EOFError
Process QueuedLocalWorker-27:
Traceback (most recent call last):
  File "/usr/lib/python3.8/multiprocessing/process.py", line 315, in _bootstrap
    self.run()
  File "/home/airflow/venv/lib/python3.8/site-packages/airflow/executors/local_executor.py", line 69, in run
    return super().run()
  File "/usr/lib/python3.8/multiprocessing/process.py", line 108, in run
    self._target(*self._args, **self._kwargs)
  File "/home/airflow/venv/lib/python3.8/site-packages/airflow/executors/local_executor.py", line 176, in do_work
    key, command = self.task_queue.get()
  File "<string>", line 2, in get
  File "/usr/lib/python3.8/multiprocessing/managers.py", line 835, in _callmethod
    kind, result = conn.recv()
  File "/usr/lib/python3.8/multiprocessing/connection.py", line 250, in recv
    buf = self._recv_bytes()
  File "/usr/lib/python3.8/multiprocessing/connection.py", line 414, in _recv_bytes
    buf = self._recv(4)
  File "/usr/lib/python3.8/multiprocessing/connection.py", line 383, in _recv
    raise EOFError
EOFError
Process QueuedLocalWorker-25:
Traceback (most recent call last):
  File "/usr/lib/python3.8/multiprocessing/process.py", line 315, in _bootstrap
    self.run()
  File "/home/airflow/venv/lib/python3.8/site-packages/airflow/executors/local_executor.py", line 69, in run
    return super().run()
  File "/usr/lib/python3.8/multiprocessing/process.py", line 108, in run
    self._target(*self._args, **self._kwargs)
  File "/home/airflow/venv/lib/python3.8/site-packages/airflow/executors/local_executor.py", line 176, in do_work
    key, command = self.task_queue.get()
  File "<string>", line 2, in get
  File "/usr/lib/python3.8/multiprocessing/managers.py", line 835, in _callmethod
    kind, result = conn.recv()
  File "/usr/lib/python3.8/multiprocessing/connection.py", line 250, in recv
    buf = self._recv_bytes()
  File "/usr/lib/python3.8/multiprocessing/connection.py", line 414, in _recv_bytes
    buf = self._recv(4)
  File "/usr/lib/python3.8/multiprocessing/connection.py", line 383, in _recv
    raise EOFError
EOFError
Process QueuedLocalWorker-28:
Traceback (most recent call last):
  File "/usr/lib/python3.8/multiprocessing/process.py", line 315, in _bootstrap
    self.run()
  File "/home/airflow/venv/lib/python3.8/site-packages/airflow/executors/local_executor.py", line 69, in run
    return super().run()
  File "/usr/lib/python3.8/multiprocessing/process.py", line 108, in run
    self._target(*self._args, **self._kwargs)
  File "/home/airflow/venv/lib/python3.8/site-packages/airflow/executors/local_executor.py", line 176, in do_work
    key, command = self.task_queue.get()
  File "<string>", line 2, in get
  File "/usr/lib/python3.8/multiprocessing/managers.py", line 835, in _callmethod
    kind, result = conn.recv()
  File "/usr/lib/python3.8/multiprocessing/connection.py", line 250, in recv
    buf = self._recv_bytes()
  File "/usr/lib/python3.8/multiprocessing/connection.py", line 414, in _recv_bytes
    buf = self._recv(4)
  File "/usr/lib/python3.8/multiprocessing/connection.py", line 383, in _recv
    raise EOFError
EOFError
Process QueuedLocalWorker-24:
Traceback (most recent call last):
  File "/usr/lib/python3.8/multiprocessing/process.py", line 315, in _bootstrap
    self.run()
  File "/home/airflow/venv/lib/python3.8/site-packages/airflow/executors/local_executor.py", line 69, in run
    return super().run()
  File "/usr/lib/python3.8/multiprocessing/process.py", line 108, in run
    self._target(*self._args, **self._kwargs)
  File "/home/airflow/venv/lib/python3.8/site-packages/airflow/executors/local_executor.py", line 176, in do_work
    key, command = self.task_queue.get()
  File "<string>", line 2, in get
  File "/usr/lib/python3.8/multiprocessing/managers.py", line 835, in _callmethod
    kind, result = conn.recv()
  File "/usr/lib/python3.8/multiprocessing/connection.py", line 250, in recv
    buf = self._recv_bytes()
  File "/usr/lib/python3.8/multiprocessing/connection.py", line 414, in _recv_bytes
    buf = self._recv(4)
  File "/usr/lib/python3.8/multiprocessing/connection.py", line 383, in _recv
    raise EOFError
EOFError
Process QueuedLocalWorker-21:
Traceback (most recent call last):
  File "/usr/lib/python3.8/multiprocessing/process.py", line 315, in _bootstrap
    self.run()
  File "/home/airflow/venv/lib/python3.8/site-packages/airflow/executors/local_executor.py", line 69, in run
    return super().run()
  File "/usr/lib/python3.8/multiprocessing/process.py", line 108, in run
    self._target(*self._args, **self._kwargs)
  File "/home/airflow/venv/lib/python3.8/site-packages/airflow/executors/local_executor.py", line 176, in do_work
    key, command = self.task_queue.get()
  File "<string>", line 2, in get
  File "/usr/lib/python3.8/multiprocessing/managers.py", line 835, in _callmethod
    kind, result = conn.recv()
  File "/usr/lib/python3.8/multiprocessing/connection.py", line 250, in recv
    buf = self._recv_bytes()
  File "/usr/lib/python3.8/multiprocessing/connection.py", line 414, in _recv_bytes
    buf = self._recv(4)
  File "/usr/lib/python3.8/multiprocessing/connection.py", line 383, in _recv
    raise EOFError
EOFError
Process QueuedLocalWorker-23:
Traceback (most recent call last):
  File "/usr/lib/python3.8/multiprocessing/process.py", line 315, in _bootstrap
    self.run()
  File "/home/airflow/venv/lib/python3.8/site-packages/airflow/executors/local_executor.py", line 69, in run
    return super().run()
  File "/usr/lib/python3.8/multiprocessing/process.py", line 108, in run
    self._target(*self._args, **self._kwargs)
  File "/home/airflow/venv/lib/python3.8/site-packages/airflow/executors/local_executor.py", line 176, in do_work
    key, command = self.task_queue.get()
  File "<string>", line 2, in get
  File "/usr/lib/python3.8/multiprocessing/managers.py", line 835, in _callmethod
    kind, result = conn.recv()
  File "/usr/lib/python3.8/multiprocessing/connection.py", line 250, in recv
    buf = self._recv_bytes()
  File "/usr/lib/python3.8/multiprocessing/connection.py", line 414, in _recv_bytes
    buf = self._recv(4)
  File "/usr/lib/python3.8/multiprocessing/connection.py", line 383, in _recv
    raise EOFError
EOFError
Process QueuedLocalWorker-22:
Traceback (most recent call last):
  File "/usr/lib/python3.8/multiprocessing/process.py", line 315, in _bootstrap
    self.run()
  File "/home/airflow/venv/lib/python3.8/site-packages/airflow/executors/local_executor.py", line 69, in run
    return super().run()
  File "/usr/lib/python3.8/multiprocessing/process.py", line 108, in run
    self._target(*self._args, **self._kwargs)
  File "/home/airflow/venv/lib/python3.8/site-packages/airflow/executors/local_executor.py", line 176, in do_work
    key, command = self.task_queue.get()
  File "<string>", line 2, in get
  File "/usr/lib/python3.8/multiprocessing/managers.py", line 835, in _callmethod
    kind, result = conn.recv()
  File "/usr/lib/python3.8/multiprocessing/connection.py", line 250, in recv
    buf = self._recv_bytes()
  File "/usr/lib/python3.8/multiprocessing/connection.py", line 414, in _recv_bytes
    buf = self._recv(4)
  File "/usr/lib/python3.8/multiprocessing/connection.py", line 383, in _recv
    raise EOFError
EOFError
Process QueuedLocalWorker-19:
Traceback (most recent call last):
  File "/usr/lib/python3.8/multiprocessing/process.py", line 315, in _bootstrap
    self.run()
  File "/home/airflow/venv/lib/python3.8/site-packages/airflow/executors/local_executor.py", line 69, in run
    return super().run()
  File "/usr/lib/python3.8/multiprocessing/process.py", line 108, in run
    self._target(*self._args, **self._kwargs)
  File "/home/airflow/venv/lib/python3.8/site-packages/airflow/executors/local_executor.py", line 176, in do_work
    key, command = self.task_queue.get()
  File "<string>", line 2, in get
  File "/usr/lib/python3.8/multiprocessing/managers.py", line 835, in _callmethod
    kind, result = conn.recv()
  File "/usr/lib/python3.8/multiprocessing/connection.py", line 250, in recv
    buf = self._recv_bytes()
  File "/usr/lib/python3.8/multiprocessing/connection.py", line 414, in _recv_bytes
    buf = self._recv(4)
  File "/usr/lib/python3.8/multiprocessing/connection.py", line 383, in _recv
    raise EOFError
EOFError
Process QueuedLocalWorker-20:
Traceback (most recent call last):
  File "/usr/lib/python3.8/multiprocessing/process.py", line 315, in _bootstrap
    self.run()
  File "/home/airflow/venv/lib/python3.8/site-packages/airflow/executors/local_executor.py", line 69, in run
    return super().run()
  File "/usr/lib/python3.8/multiprocessing/process.py", line 108, in run
    self._target(*self._args, **self._kwargs)
  File "/home/airflow/venv/lib/python3.8/site-packages/airflow/executors/local_executor.py", line 176, in do_work
    key, command = self.task_queue.get()
  File "<string>", line 2, in get
  File "/usr/lib/python3.8/multiprocessing/managers.py", line 835, in _callmethod
    kind, result = conn.recv()
  File "/usr/lib/python3.8/multiprocessing/connection.py", line 250, in recv
    buf = self._recv_bytes()
  File "/usr/lib/python3.8/multiprocessing/connection.py", line 414, in _recv_bytes
    buf = self._recv(4)
  File "/usr/lib/python3.8/multiprocessing/connection.py", line 383, in _recv
    raise EOFError
EOFError
Process QueuedLocalWorker-18:
Traceback (most recent call last):
  File "/usr/lib/python3.8/multiprocessing/process.py", line 315, in _bootstrap
    self.run()
  File "/home/airflow/venv/lib/python3.8/site-packages/airflow/executors/local_executor.py", line 69, in run
    return super().run()
  File "/usr/lib/python3.8/multiprocessing/process.py", line 108, in run
    self._target(*self._args, **self._kwargs)
  File "/home/airflow/venv/lib/python3.8/site-packages/airflow/executors/local_executor.py", line 176, in do_work
    key, command = self.task_queue.get()
  File "<string>", line 2, in get
  File "/usr/lib/python3.8/multiprocessing/managers.py", line 835, in _callmethod
    kind, result = conn.recv()
  File "/usr/lib/python3.8/multiprocessing/connection.py", line 250, in recv
    buf = self._recv_bytes()
  File "/usr/lib/python3.8/multiprocessing/connection.py", line 414, in _recv_bytes
    buf = self._recv(4)
  File "/usr/lib/python3.8/multiprocessing/connection.py", line 383, in _recv
    raise EOFError
EOFError
Process QueuedLocalWorker-15:
Traceback (most recent call last):
  File "/usr/lib/python3.8/multiprocessing/process.py", line 315, in _bootstrap
    self.run()
  File "/home/airflow/venv/lib/python3.8/site-packages/airflow/executors/local_executor.py", line 69, in run
    return super().run()
  File "/usr/lib/python3.8/multiprocessing/process.py", line 108, in run
    self._target(*self._args, **self._kwargs)
  File "/home/airflow/venv/lib/python3.8/site-packages/airflow/executors/local_executor.py", line 176, in do_work
    key, command = self.task_queue.get()
  File "<string>", line 2, in get
  File "/usr/lib/python3.8/multiprocessing/managers.py", line 835, in _callmethod
    kind, result = conn.recv()
  File "/usr/lib/python3.8/multiprocessing/connection.py", line 250, in recv
    buf = self._recv_bytes()
  File "/usr/lib/python3.8/multiprocessing/connection.py", line 414, in _recv_bytes
    buf = self._recv(4)
  File "/usr/lib/python3.8/multiprocessing/connection.py", line 383, in _recv
    raise EOFError
EOFError
Process QueuedLocalWorker-17:
Traceback (most recent call last):
  File "/usr/lib/python3.8/multiprocessing/process.py", line 315, in _bootstrap
    self.run()
  File "/home/airflow/venv/lib/python3.8/site-packages/airflow/executors/local_executor.py", line 69, in run
    return super().run()
  File "/usr/lib/python3.8/multiprocessing/process.py", line 108, in run
    self._target(*self._args, **self._kwargs)
  File "/home/airflow/venv/lib/python3.8/site-packages/airflow/executors/local_executor.py", line 176, in do_work
    key, command = self.task_queue.get()
  File "<string>", line 2, in get
  File "/usr/lib/python3.8/multiprocessing/managers.py", line 835, in _callmethod
    kind, result = conn.recv()
  File "/usr/lib/python3.8/multiprocessing/connection.py", line 250, in recv
    buf = self._recv_bytes()
  File "/usr/lib/python3.8/multiprocessing/connection.py", line 414, in _recv_bytes
    buf = self._recv(4)
  File "/usr/lib/python3.8/multiprocessing/connection.py", line 383, in _recv
    raise EOFError
EOFError
Process QueuedLocalWorker-16:
Traceback (most recent call last):
  File "/usr/lib/python3.8/multiprocessing/process.py", line 315, in _bootstrap
    self.run()
  File "/home/airflow/venv/lib/python3.8/site-packages/airflow/executors/local_executor.py", line 69, in run
    return super().run()
  File "/usr/lib/python3.8/multiprocessing/process.py", line 108, in run
    self._target(*self._args, **self._kwargs)
  File "/home/airflow/venv/lib/python3.8/site-packages/airflow/executors/local_executor.py", line 176, in do_work
    key, command = self.task_queue.get()
  File "<string>", line 2, in get
  File "/usr/lib/python3.8/multiprocessing/managers.py", line 835, in _callmethod
    kind, result = conn.recv()
  File "/usr/lib/python3.8/multiprocessing/connection.py", line 250, in recv
    buf = self._recv_bytes()
  File "/usr/lib/python3.8/multiprocessing/connection.py", line 414, in _recv_bytes
    buf = self._recv(4)
  File "/usr/lib/python3.8/multiprocessing/connection.py", line 383, in _recv
    raise EOFError
EOFError
Process QueuedLocalWorker-13:
Traceback (most recent call last):
  File "/usr/lib/python3.8/multiprocessing/process.py", line 315, in _bootstrap
    self.run()
  File "/home/airflow/venv/lib/python3.8/site-packages/airflow/executors/local_executor.py", line 69, in run
    return super().run()
  File "/usr/lib/python3.8/multiprocessing/process.py", line 108, in run
    self._target(*self._args, **self._kwargs)
  File "/home/airflow/venv/lib/python3.8/site-packages/airflow/executors/local_executor.py", line 176, in do_work
    key, command = self.task_queue.get()
  File "<string>", line 2, in get
  File "/usr/lib/python3.8/multiprocessing/managers.py", line 835, in _callmethod
    kind, result = conn.recv()
  File "/usr/lib/python3.8/multiprocessing/connection.py", line 250, in recv
    buf = self._recv_bytes()
  File "/usr/lib/python3.8/multiprocessing/connection.py", line 414, in _recv_bytes
    buf = self._recv(4)
  File "/usr/lib/python3.8/multiprocessing/connection.py", line 383, in _recv
    raise EOFError
EOFError
Process QueuedLocalWorker-12:
Traceback (most recent call last):
  File "/usr/lib/python3.8/multiprocessing/process.py", line 315, in _bootstrap
    self.run()
  File "/home/airflow/venv/lib/python3.8/site-packages/airflow/executors/local_executor.py", line 69, in run
    return super().run()
  File "/usr/lib/python3.8/multiprocessing/process.py", line 108, in run
    self._target(*self._args, **self._kwargs)
  File "/home/airflow/venv/lib/python3.8/site-packages/airflow/executors/local_executor.py", line 176, in do_work
    key, command = self.task_queue.get()
  File "<string>", line 2, in get
  File "/usr/lib/python3.8/multiprocessing/managers.py", line 835, in _callmethod
    kind, result = conn.recv()
  File "/usr/lib/python3.8/multiprocessing/connection.py", line 250, in recv
    buf = self._recv_bytes()
  File "/usr/lib/python3.8/multiprocessing/connection.py", line 414, in _recv_bytes
    buf = self._recv(4)
  File "/usr/lib/python3.8/multiprocessing/connection.py", line 383, in _recv
    raise EOFError
EOFError
Process QueuedLocalWorker-11:
Traceback (most recent call last):
  File "/usr/lib/python3.8/multiprocessing/process.py", line 315, in _bootstrap
    self.run()
  File "/home/airflow/venv/lib/python3.8/site-packages/airflow/executors/local_executor.py", line 69, in run
    return super().run()
  File "/usr/lib/python3.8/multiprocessing/process.py", line 108, in run
    self._target(*self._args, **self._kwargs)
  File "/home/airflow/venv/lib/python3.8/site-packages/airflow/executors/local_executor.py", line 176, in do_work
    key, command = self.task_queue.get()
  File "<string>", line 2, in get
  File "/usr/lib/python3.8/multiprocessing/managers.py", line 835, in _callmethod
    kind, result = conn.recv()
  File "/usr/lib/python3.8/multiprocessing/connection.py", line 250, in recv
    buf = self._recv_bytes()
  File "/usr/lib/python3.8/multiprocessing/connection.py", line 414, in _recv_bytes
    buf = self._recv(4)
  File "/usr/lib/python3.8/multiprocessing/connection.py", line 383, in _recv
    raise EOFError
EOFError
Process QueuedLocalWorker-14:
Traceback (most recent call last):
  File "/usr/lib/python3.8/multiprocessing/process.py", line 315, in _bootstrap
    self.run()
  File "/home/airflow/venv/lib/python3.8/site-packages/airflow/executors/local_executor.py", line 69, in run
    return super().run()
  File "/usr/lib/python3.8/multiprocessing/process.py", line 108, in run
    self._target(*self._args, **self._kwargs)
  File "/home/airflow/venv/lib/python3.8/site-packages/airflow/executors/local_executor.py", line 176, in do_work
    key, command = self.task_queue.get()
  File "<string>", line 2, in get
  File "/usr/lib/python3.8/multiprocessing/managers.py", line 835, in _callmethod
    kind, result = conn.recv()
  File "/usr/lib/python3.8/multiprocessing/connection.py", line 250, in recv
    buf = self._recv_bytes()
  File "/usr/lib/python3.8/multiprocessing/connection.py", line 414, in _recv_bytes
    buf = self._recv(4)
  File "/usr/lib/python3.8/multiprocessing/connection.py", line 383, in _recv
    raise EOFError
EOFError
Process QueuedLocalWorker-8:
Traceback (most recent call last):
  File "/usr/lib/python3.8/multiprocessing/process.py", line 315, in _bootstrap
    self.run()
  File "/home/airflow/venv/lib/python3.8/site-packages/airflow/executors/local_executor.py", line 69, in run
    return super().run()
  File "/usr/lib/python3.8/multiprocessing/process.py", line 108, in run
    self._target(*self._args, **self._kwargs)
  File "/home/airflow/venv/lib/python3.8/site-packages/airflow/executors/local_executor.py", line 176, in do_work
    key, command = self.task_queue.get()
  File "<string>", line 2, in get
  File "/usr/lib/python3.8/multiprocessing/managers.py", line 835, in _callmethod
    kind, result = conn.recv()
  File "/usr/lib/python3.8/multiprocessing/connection.py", line 250, in recv
    buf = self._recv_bytes()
  File "/usr/lib/python3.8/multiprocessing/connection.py", line 414, in _recv_bytes
    buf = self._recv(4)
  File "/usr/lib/python3.8/multiprocessing/connection.py", line 383, in _recv
    raise EOFError
EOFError
Process QueuedLocalWorker-10:
Traceback (most recent call last):
  File "/usr/lib/python3.8/multiprocessing/process.py", line 315, in _bootstrap
    self.run()
  File "/home/airflow/venv/lib/python3.8/site-packages/airflow/executors/local_executor.py", line 69, in run
    return super().run()
  File "/usr/lib/python3.8/multiprocessing/process.py", line 108, in run
    self._target(*self._args, **self._kwargs)
  File "/home/airflow/venv/lib/python3.8/site-packages/airflow/executors/local_executor.py", line 176, in do_work
    key, command = self.task_queue.get()
  File "<string>", line 2, in get
  File "/usr/lib/python3.8/multiprocessing/managers.py", line 835, in _callmethod
    kind, result = conn.recv()
  File "/usr/lib/python3.8/multiprocessing/connection.py", line 250, in recv
    buf = self._recv_bytes()
  File "/usr/lib/python3.8/multiprocessing/connection.py", line 414, in _recv_bytes
    buf = self._recv(4)
  File "/usr/lib/python3.8/multiprocessing/connection.py", line 383, in _recv
    raise EOFError
EOFError
Process QueuedLocalWorker-9:
Traceback (most recent call last):
  File "/usr/lib/python3.8/multiprocessing/process.py", line 315, in _bootstrap
    self.run()
  File "/home/airflow/venv/lib/python3.8/site-packages/airflow/executors/local_executor.py", line 69, in run
    return super().run()
  File "/usr/lib/python3.8/multiprocessing/process.py", line 108, in run
    self._target(*self._args, **self._kwargs)
  File "/home/airflow/venv/lib/python3.8/site-packages/airflow/executors/local_executor.py", line 176, in do_work
    key, command = self.task_queue.get()
  File "<string>", line 2, in get
  File "/usr/lib/python3.8/multiprocessing/managers.py", line 835, in _callmethod
    kind, result = conn.recv()
  File "/usr/lib/python3.8/multiprocessing/connection.py", line 250, in recv
    buf = self._recv_bytes()
  File "/usr/lib/python3.8/multiprocessing/connection.py", line 414, in _recv_bytes
    buf = self._recv(4)
  File "/usr/lib/python3.8/multiprocessing/connection.py", line 383, in _recv
    raise EOFError
EOFError
Process QueuedLocalWorker-7:
Traceback (most recent call last):
  File "/usr/lib/python3.8/multiprocessing/process.py", line 315, in _bootstrap
    self.run()
  File "/home/airflow/venv/lib/python3.8/site-packages/airflow/executors/local_executor.py", line 69, in run
    return super().run()
  File "/usr/lib/python3.8/multiprocessing/process.py", line 108, in run
    self._target(*self._args, **self._kwargs)
  File "/home/airflow/venv/lib/python3.8/site-packages/airflow/executors/local_executor.py", line 176, in do_work
    key, command = self.task_queue.get()
  File "<string>", line 2, in get
  File "/usr/lib/python3.8/multiprocessing/managers.py", line 835, in _callmethod
    kind, result = conn.recv()
  File "/usr/lib/python3.8/multiprocessing/connection.py", line 250, in recv
    buf = self._recv_bytes()
  File "/usr/lib/python3.8/multiprocessing/connection.py", line 414, in _recv_bytes
    buf = self._recv(4)
  File "/usr/lib/python3.8/multiprocessing/connection.py", line 383, in _recv
    raise EOFError
EOFError
Process QueuedLocalWorker-5:
Traceback (most recent call last):
  File "/usr/lib/python3.8/multiprocessing/process.py", line 315, in _bootstrap
    self.run()
  File "/home/airflow/venv/lib/python3.8/site-packages/airflow/executors/local_executor.py", line 69, in run
    return super().run()
  File "/usr/lib/python3.8/multiprocessing/process.py", line 108, in run
    self._target(*self._args, **self._kwargs)
  File "/home/airflow/venv/lib/python3.8/site-packages/airflow/executors/local_executor.py", line 176, in do_work
    key, command = self.task_queue.get()
  File "<string>", line 2, in get
  File "/usr/lib/python3.8/multiprocessing/managers.py", line 835, in _callmethod
    kind, result = conn.recv()
  File "/usr/lib/python3.8/multiprocessing/connection.py", line 250, in recv
    buf = self._recv_bytes()
  File "/usr/lib/python3.8/multiprocessing/connection.py", line 414, in _recv_bytes
    buf = self._recv(4)
  File "/usr/lib/python3.8/multiprocessing/connection.py", line 383, in _recv
    raise EOFError
EOFError
Process QueuedLocalWorker-2:
Traceback (most recent call last):
  File "/usr/lib/python3.8/multiprocessing/process.py", line 315, in _bootstrap
    self.run()
  File "/home/airflow/venv/lib/python3.8/site-packages/airflow/executors/local_executor.py", line 69, in run
    return super().run()
  File "/usr/lib/python3.8/multiprocessing/process.py", line 108, in run
    self._target(*self._args, **self._kwargs)
  File "/home/airflow/venv/lib/python3.8/site-packages/airflow/executors/local_executor.py", line 176, in do_work
    key, command = self.task_queue.get()
  File "<string>", line 2, in get
  File "/usr/lib/python3.8/multiprocessing/managers.py", line 835, in _callmethod
    kind, result = conn.recv()
  File "/usr/lib/python3.8/multiprocessing/connection.py", line 250, in recv
    buf = self._recv_bytes()
  File "/usr/lib/python3.8/multiprocessing/connection.py", line 414, in _recv_bytes
    buf = self._recv(4)
  File "/usr/lib/python3.8/multiprocessing/connection.py", line 383, in _recv
    raise EOFError
EOFError
Process QueuedLocalWorker-4:
Traceback (most recent call last):
  File "/usr/lib/python3.8/multiprocessing/process.py", line 315, in _bootstrap
    self.run()
  File "/home/airflow/venv/lib/python3.8/site-packages/airflow/executors/local_executor.py", line 69, in run
    return super().run()
  File "/usr/lib/python3.8/multiprocessing/process.py", line 108, in run
    self._target(*self._args, **self._kwargs)
  File "/home/airflow/venv/lib/python3.8/site-packages/airflow/executors/local_executor.py", line 176, in do_work
    key, command = self.task_queue.get()
  File "<string>", line 2, in get
  File "/usr/lib/python3.8/multiprocessing/managers.py", line 835, in _callmethod
    kind, result = conn.recv()
  File "/usr/lib/python3.8/multiprocessing/connection.py", line 250, in recv
    buf = self._recv_bytes()
  File "/usr/lib/python3.8/multiprocessing/connection.py", line 414, in _recv_bytes
    buf = self._recv(4)
  File "/usr/lib/python3.8/multiprocessing/connection.py", line 383, in _recv
    raise EOFError
EOFError
Process QueuedLocalWorker-3:
Traceback (most recent call last):
  File "/usr/lib/python3.8/multiprocessing/process.py", line 315, in _bootstrap
    self.run()
  File "/home/airflow/venv/lib/python3.8/site-packages/airflow/executors/local_executor.py", line 69, in run
    return super().run()
  File "/usr/lib/python3.8/multiprocessing/process.py", line 108, in run
    self._target(*self._args, **self._kwargs)
  File "/home/airflow/venv/lib/python3.8/site-packages/airflow/executors/local_executor.py", line 176, in do_work
    key, command = self.task_queue.get()
  File "<string>", line 2, in get
  File "/usr/lib/python3.8/multiprocessing/managers.py", line 835, in _callmethod
    kind, result = conn.recv()
  File "/usr/lib/python3.8/multiprocessing/connection.py", line 250, in recv
    buf = self._recv_bytes()
  File "/usr/lib/python3.8/multiprocessing/connection.py", line 414, in _recv_bytes
    buf = self._recv(4)
  File "/usr/lib/python3.8/multiprocessing/connection.py", line 383, in _recv
    raise EOFError
EOFError
Process QueuedLocalWorker-6:
Traceback (most recent call last):
  File "/usr/lib/python3.8/multiprocessing/process.py", line 315, in _bootstrap
    self.run()
  File "/home/airflow/venv/lib/python3.8/site-packages/airflow/executors/local_executor.py", line 69, in run
    return super().run()
  File "/usr/lib/python3.8/multiprocessing/process.py", line 108, in run
    self._target(*self._args, **self._kwargs)
  File "/home/airflow/venv/lib/python3.8/site-packages/airflow/executors/local_executor.py", line 176, in do_work
    key, command = self.task_queue.get()
  File "<string>", line 2, in get
  File "/usr/lib/python3.8/multiprocessing/managers.py", line 835, in _callmethod
    kind, result = conn.recv()
  File "/usr/lib/python3.8/multiprocessing/connection.py", line 250, in recv
    buf = self._recv_bytes()
  File "/usr/lib/python3.8/multiprocessing/connection.py", line 414, in _recv_bytes
    buf = self._recv(4)
  File "/usr/lib/python3.8/multiprocessing/connection.py", line 383, in _recv
    raise EOFError
EOFError
