[2021-03-10 07:01:30,407] {taskinstance.py:826} INFO - Dependencies all met for <TaskInstance: data_processing.extract_users 2021-01-15T00:00:00+00:00 [queued]>
[2021-03-10 07:01:30,413] {taskinstance.py:826} INFO - Dependencies all met for <TaskInstance: data_processing.extract_users 2021-01-15T00:00:00+00:00 [queued]>
[2021-03-10 07:01:30,413] {taskinstance.py:1017} INFO - 
--------------------------------------------------------------------------------
[2021-03-10 07:01:30,413] {taskinstance.py:1018} INFO - Starting attempt 1 of 1
[2021-03-10 07:01:30,413] {taskinstance.py:1019} INFO - 
--------------------------------------------------------------------------------
[2021-03-10 07:01:30,425] {taskinstance.py:1038} INFO - Executing <Task(SimpleHttpOperator): extract_users> on 2021-01-15T00:00:00+00:00
[2021-03-10 07:01:30,427] {standard_task_runner.py:51} INFO - Started process 42384 to run task
[2021-03-10 07:01:30,432] {standard_task_runner.py:75} INFO - Running: ['airflow', 'tasks', 'run', 'data_processing', 'extract_users', '2021-01-15T00:00:00+00:00', '--job-id', '87', '--pool', 'default_pool', '--raw', '--subdir', 'DAGS_FOLDER/data_processing.py', '--cfg-path', '/tmp/tmpno5offqj']
[2021-03-10 07:01:30,432] {standard_task_runner.py:76} INFO - Job 87: Subtask extract_users
[2021-03-10 07:01:30,555] {logging_mixin.py:103} INFO - Running <TaskInstance: data_processing.extract_users 2021-01-15T00:00:00+00:00 [running]> on host airflowvm
[2021-03-10 07:01:30,686] {taskinstance.py:1230} INFO - Exporting the following env vars:
AIRFLOW_CTX_DAG_OWNER=airflow
AIRFLOW_CTX_DAG_ID=data_processing
AIRFLOW_CTX_TASK_ID=extract_users
AIRFLOW_CTX_EXECUTION_DATE=2021-01-15T00:00:00+00:00
AIRFLOW_CTX_DAG_RUN_ID=scheduled__2021-01-15T00:00:00+00:00
[2021-03-10 07:01:30,686] {http.py:106} INFO - Calling HTTP method
[2021-03-10 07:01:30,689] {base.py:65} INFO - Using connection to: id: user_api. Host: https://randomuser.me/, Port: None, Schema: , Login: , Password: None, extra: None
[2021-03-10 07:01:30,690] {http.py:140} INFO - Sending 'GET' to url: https://randomuser.me/api/
[2021-03-10 07:01:31,194] {http.py:110} INFO - {"results":[{"gender":"female","name":{"title":"Miss","first":"Amalie","last":"Madsen"},"location":{"street":{"number":452,"name":"Kløvermarken"},"city":"Snertinge","state":"Danmark","country":"Denmark","postcode":93197,"coordinates":{"latitude":"-36.2156","longitude":"77.7449"},"timezone":{"offset":"+7:00","description":"Bangkok, Hanoi, Jakarta"}},"email":"amalie.madsen@example.com","login":{"uuid":"071d06c1-eee1-4d1c-ab1b-380a1a1175e4","username":"sadelephant580","password":"aside","salt":"45gYgVzU","md5":"19f3fc7ac82d918732ce9649859d6408","sha1":"05b5ec08ff9c2c223f3eabd2cb25f1a910c6c255","sha256":"92bb08e63b2bd24ae7bd9508e432e47d4f14139b955153f8f7e4b385cd018747"},"dob":{"date":"1945-11-21T23:35:28.899Z","age":76},"registered":{"date":"2014-04-02T22:08:27.364Z","age":7},"phone":"60043921","cell":"76181502","id":{"name":"CPR","value":"211145-2198"},"picture":{"large":"https://randomuser.me/api/portraits/women/11.jpg","medium":"https://randomuser.me/api/portraits/med/women/11.jpg","thumbnail":"https://randomuser.me/api/portraits/thumb/women/11.jpg"},"nat":"DK"}],"info":{"seed":"a2a7a6751534c0bd","results":1,"page":1,"version":"1.3"}}
[2021-03-10 07:01:31,207] {taskinstance.py:1135} INFO - Marking task as SUCCESS. dag_id=data_processing, task_id=extract_users, execution_date=20210115T000000, start_date=20210310T070130, end_date=20210310T070131
[2021-03-10 07:01:31,222] {taskinstance.py:1195} INFO - 1 downstream tasks scheduled from follow-on schedule check
[2021-03-10 07:01:31,226] {local_task_job.py:118} INFO - Task exited with return code 0
