[2021-03-12 06:04:08,559] {taskinstance.py:826} INFO - Dependencies all met for <TaskInstance: xcom_dag.processing_tasks.training_model_a 2021-03-12T06:04:01.150753+00:00 [queued]>
[2021-03-12 06:04:08,641] {taskinstance.py:826} INFO - Dependencies all met for <TaskInstance: xcom_dag.processing_tasks.training_model_a 2021-03-12T06:04:01.150753+00:00 [queued]>
[2021-03-12 06:04:08,641] {taskinstance.py:1017} INFO - 
--------------------------------------------------------------------------------
[2021-03-12 06:04:08,641] {taskinstance.py:1018} INFO - Starting attempt 1 of 1
[2021-03-12 06:04:08,641] {taskinstance.py:1019} INFO - 
--------------------------------------------------------------------------------
[2021-03-12 06:04:08,705] {taskinstance.py:1038} INFO - Executing <Task(PythonOperator): processing_tasks.training_model_a> on 2021-03-12T06:04:01.150753+00:00
[2021-03-12 06:04:08,706] {standard_task_runner.py:51} INFO - Started process 1744282 to run task
[2021-03-12 06:04:08,721] {standard_task_runner.py:75} INFO - Running: ['airflow', 'tasks', 'run', 'xcom_dag', 'processing_tasks.training_model_a', '2021-03-12T06:04:01.150753+00:00', '--job-id', '132', '--pool', 'default_pool', '--raw', '--subdir', 'DAGS_FOLDER/xcom_dag.py', '--cfg-path', '/tmp/tmpi4izivry']
[2021-03-12 06:04:08,721] {standard_task_runner.py:76} INFO - Job 132: Subtask processing_tasks.training_model_a
[2021-03-12 06:04:09,041] {logging_mixin.py:103} INFO - Running <TaskInstance: xcom_dag.processing_tasks.training_model_a 2021-03-12T06:04:01.150753+00:00 [running]> on host airflowvm
[2021-03-12 06:04:09,380] {taskinstance.py:1230} INFO - Exporting the following env vars:
AIRFLOW_CTX_DAG_OWNER=airflow
AIRFLOW_CTX_DAG_ID=xcom_dag
AIRFLOW_CTX_TASK_ID=processing_tasks.training_model_a
AIRFLOW_CTX_EXECUTION_DATE=2021-03-12T06:04:01.150753+00:00
AIRFLOW_CTX_DAG_RUN_ID=manual__2021-03-12T06:04:01.150753+00:00
[2021-03-12 06:04:09,380] {logging_mixin.py:103} INFO - model's accuracy: 8.809475320108673
[2021-03-12 06:04:09,454] {python.py:118} INFO - Done. Returned value was: None
[2021-03-12 06:04:09,517] {taskinstance.py:1135} INFO - Marking task as SUCCESS. dag_id=xcom_dag, task_id=processing_tasks.training_model_a, execution_date=20210312T060401, start_date=20210312T060408, end_date=20210312T060409
[2021-03-12 06:04:09,687] {taskinstance.py:1195} INFO - 0 downstream tasks scheduled from follow-on schedule check
[2021-03-12 06:04:09,709] {local_task_job.py:118} INFO - Task exited with return code 0
