[2021-03-10 07:32:44,939] {taskinstance.py:826} INFO - Dependencies all met for <TaskInstance: data_processing.extract_users 2021-02-22T00:00:00+00:00 [queued]>
[2021-03-10 07:32:44,945] {taskinstance.py:826} INFO - Dependencies all met for <TaskInstance: data_processing.extract_users 2021-02-22T00:00:00+00:00 [queued]>
[2021-03-10 07:32:44,945] {taskinstance.py:1017} INFO - 
--------------------------------------------------------------------------------
[2021-03-10 07:32:44,945] {taskinstance.py:1018} INFO - Starting attempt 1 of 1
[2021-03-10 07:32:44,945] {taskinstance.py:1019} INFO - 
--------------------------------------------------------------------------------
[2021-03-10 07:32:44,952] {taskinstance.py:1038} INFO - Executing <Task(SimpleHttpOperator): extract_users> on 2021-02-22T00:00:00+00:00
[2021-03-10 07:32:44,954] {standard_task_runner.py:51} INFO - Started process 43661 to run task
[2021-03-10 07:32:44,959] {standard_task_runner.py:75} INFO - Running: ['airflow', 'tasks', 'run', 'data_processing', 'extract_users', '2021-02-22T00:00:00+00:00', '--job-id', '277', '--pool', 'default_pool', '--raw', '--subdir', 'DAGS_FOLDER/data_processing.py', '--cfg-path', '/tmp/tmp59nw7r2s']
[2021-03-10 07:32:44,960] {standard_task_runner.py:76} INFO - Job 277: Subtask extract_users
[2021-03-10 07:32:45,083] {logging_mixin.py:103} INFO - Running <TaskInstance: data_processing.extract_users 2021-02-22T00:00:00+00:00 [running]> on host airflowvm
[2021-03-10 07:32:45,212] {taskinstance.py:1230} INFO - Exporting the following env vars:
AIRFLOW_CTX_DAG_OWNER=airflow
AIRFLOW_CTX_DAG_ID=data_processing
AIRFLOW_CTX_TASK_ID=extract_users
AIRFLOW_CTX_EXECUTION_DATE=2021-02-22T00:00:00+00:00
AIRFLOW_CTX_DAG_RUN_ID=scheduled__2021-02-22T00:00:00+00:00
[2021-03-10 07:32:45,212] {http.py:106} INFO - Calling HTTP method
[2021-03-10 07:32:45,215] {base.py:65} INFO - Using connection to: id: user_api. Host: https://randomuser.me/, Port: None, Schema: , Login: , Password: None, extra: None
[2021-03-10 07:32:45,216] {http.py:140} INFO - Sending 'GET' to url: https://randomuser.me/api/
[2021-03-10 07:32:45,709] {http.py:110} INFO - {"results":[{"gender":"male","name":{"title":"Mr","first":"Eemeli","last":"Autio"},"location":{"street":{"number":2736,"name":"Pyynikintie"},"city":"Helsinki","state":"Central Finland","country":"Finland","postcode":30701,"coordinates":{"latitude":"-11.7750","longitude":"-83.5609"},"timezone":{"offset":"+4:30","description":"Kabul"}},"email":"eemeli.autio@example.com","login":{"uuid":"30a4a103-fc77-4b8c-b303-15dcc4158643","username":"beautifulduck171","password":"chang","salt":"8WCBRHY9","md5":"4544777edec862d2ab376d5303ebf8ad","sha1":"f80bf97f56ba69f1e098e6f93e29a6ca41e0eb13","sha256":"db77b4bf42127c44419423c974e922b171999755f367809e39f2390abb08165f"},"dob":{"date":"1964-08-11T23:57:43.961Z","age":57},"registered":{"date":"2017-05-06T23:20:47.962Z","age":4},"phone":"08-203-542","cell":"042-295-80-48","id":{"name":"HETU","value":"NaNNA877undefined"},"picture":{"large":"https://randomuser.me/api/portraits/men/80.jpg","medium":"https://randomuser.me/api/portraits/med/men/80.jpg","thumbnail":"https://randomuser.me/api/portraits/thumb/men/80.jpg"},"nat":"FI"}],"info":{"seed":"b12d1832288e336e","results":1,"page":1,"version":"1.3"}}
[2021-03-10 07:32:45,723] {taskinstance.py:1135} INFO - Marking task as SUCCESS. dag_id=data_processing, task_id=extract_users, execution_date=20210222T000000, start_date=20210310T073244, end_date=20210310T073245
[2021-03-10 07:32:45,741] {taskinstance.py:1195} INFO - 1 downstream tasks scheduled from follow-on schedule check
[2021-03-10 07:32:45,748] {local_task_job.py:118} INFO - Task exited with return code 0
