[2021-03-11 04:53:47,822] {taskinstance.py:826} INFO - Dependencies all met for <TaskInstance: xcom_dag.task_4 2021-03-11T04:53:38.133892+00:00 [queued]>
[2021-03-11 04:53:47,880] {taskinstance.py:826} INFO - Dependencies all met for <TaskInstance: xcom_dag.task_4 2021-03-11T04:53:38.133892+00:00 [queued]>
[2021-03-11 04:53:47,880] {taskinstance.py:1017} INFO - 
--------------------------------------------------------------------------------
[2021-03-11 04:53:47,880] {taskinstance.py:1018} INFO - Starting attempt 1 of 1
[2021-03-11 04:53:47,880] {taskinstance.py:1019} INFO - 
--------------------------------------------------------------------------------
[2021-03-11 04:53:47,911] {taskinstance.py:1038} INFO - Executing <Task(PythonOperator): task_4> on 2021-03-11T04:53:38.133892+00:00
[2021-03-11 04:53:47,927] {standard_task_runner.py:51} INFO - Started process 106278 to run task
[2021-03-11 04:53:47,940] {standard_task_runner.py:75} INFO - Running: ['airflow', 'tasks', 'run', 'xcom_dag', 'task_4', '2021-03-11T04:53:38.133892+00:00', '--job-id', '103', '--pool', 'default_pool', '--raw', '--subdir', 'DAGS_FOLDER/xcom_dag.py', '--cfg-path', '/tmp/tmpkn97rj7l']
[2021-03-11 04:53:47,958] {standard_task_runner.py:76} INFO - Job 103: Subtask task_4
[2021-03-11 04:53:48,114] {logging_mixin.py:103} INFO - Running <TaskInstance: xcom_dag.task_4 2021-03-11T04:53:38.133892+00:00 [running]> on host airflowvm
[2021-03-11 04:53:48,258] {taskinstance.py:1230} INFO - Exporting the following env vars:
AIRFLOW_CTX_DAG_OWNER=airflow
AIRFLOW_CTX_DAG_ID=xcom_dag
AIRFLOW_CTX_TASK_ID=task_4
AIRFLOW_CTX_EXECUTION_DATE=2021-03-11T04:53:38.133892+00:00
AIRFLOW_CTX_DAG_RUN_ID=manual__2021-03-11T04:53:38.133892+00:00
[2021-03-11 04:53:48,259] {logging_mixin.py:103} INFO - choose best model
[2021-03-11 04:53:48,259] {python.py:118} INFO - Done. Returned value was: None
[2021-03-11 04:53:48,292] {taskinstance.py:1135} INFO - Marking task as SUCCESS. dag_id=xcom_dag, task_id=task_4, execution_date=20210311T045338, start_date=20210311T045347, end_date=20210311T045348
[2021-03-11 04:53:48,368] {taskinstance.py:1195} INFO - 0 downstream tasks scheduled from follow-on schedule check
[2021-03-11 04:53:48,422] {local_task_job.py:118} INFO - Task exited with return code 0
