[2021-03-10 09:24:30,278] {taskinstance.py:826} INFO - Dependencies all met for <TaskInstance: parallel_dag.bash1 2021-03-09T00:00:00+00:00 [queued]>
[2021-03-10 09:24:30,283] {taskinstance.py:826} INFO - Dependencies all met for <TaskInstance: parallel_dag.bash1 2021-03-09T00:00:00+00:00 [queued]>
[2021-03-10 09:24:30,283] {taskinstance.py:1017} INFO - 
--------------------------------------------------------------------------------
[2021-03-10 09:24:30,283] {taskinstance.py:1018} INFO - Starting attempt 2 of 2
[2021-03-10 09:24:30,283] {taskinstance.py:1019} INFO - 
--------------------------------------------------------------------------------
[2021-03-10 09:24:30,290] {taskinstance.py:1038} INFO - Executing <Task(BashOperator): bash1> on 2021-03-09T00:00:00+00:00
[2021-03-10 09:24:30,292] {standard_task_runner.py:51} INFO - Started process 45954 to run task
[2021-03-10 09:24:30,298] {standard_task_runner.py:75} INFO - Running: ['airflow', 'tasks', 'run', 'parallel_dag', 'bash1', '2021-03-09T00:00:00+00:00', '--job-id', '299', '--pool', 'default_pool', '--raw', '--subdir', 'DAGS_FOLDER/parallel_dag.py', '--cfg-path', '/tmp/tmpxrzp3wts']
[2021-03-10 09:24:30,298] {standard_task_runner.py:76} INFO - Job 299: Subtask bash1
[2021-03-10 09:24:30,467] {logging_mixin.py:103} INFO - Running <TaskInstance: parallel_dag.bash1 2021-03-09T00:00:00+00:00 [running]> on host airflowvm
[2021-03-10 09:24:30,600] {taskinstance.py:1230} INFO - Exporting the following env vars:
AIRFLOW_CTX_DAG_OWNER=airflow
AIRFLOW_CTX_DAG_ID=parallel_dag
AIRFLOW_CTX_TASK_ID=bash1
AIRFLOW_CTX_EXECUTION_DATE=2021-03-09T00:00:00+00:00
AIRFLOW_CTX_DAG_RUN_ID=scheduled__2021-03-09T00:00:00+00:00
[2021-03-10 09:24:30,600] {bash.py:135} INFO - Tmp dir root location: 
 /tmp
[2021-03-10 09:24:30,601] {bash.py:158} INFO - Running command: sleep 3
[2021-03-10 09:24:30,604] {bash.py:169} INFO - Output:
[2021-03-10 09:24:33,608] {bash.py:177} INFO - Command exited with return code 0
[2021-03-10 09:24:33,626] {taskinstance.py:1135} INFO - Marking task as SUCCESS. dag_id=parallel_dag, task_id=bash1, execution_date=20210309T000000, start_date=20210310T092430, end_date=20210310T092433
[2021-03-10 09:24:33,642] {taskinstance.py:1195} INFO - 2 downstream tasks scheduled from follow-on schedule check
[2021-03-10 09:24:33,652] {local_task_job.py:118} INFO - Task exited with return code 0
[2021-03-10 09:49:27,561] {taskinstance.py:826} INFO - Dependencies all met for <TaskInstance: parallel_dag.bash1 2021-03-09T00:00:00+00:00 [queued]>
[2021-03-10 09:49:27,599] {taskinstance.py:826} INFO - Dependencies all met for <TaskInstance: parallel_dag.bash1 2021-03-09T00:00:00+00:00 [queued]>
[2021-03-10 09:49:27,599] {taskinstance.py:1017} INFO - 
--------------------------------------------------------------------------------
[2021-03-10 09:49:27,599] {taskinstance.py:1018} INFO - Starting attempt 2 of 2
[2021-03-10 09:49:27,599] {taskinstance.py:1019} INFO - 
--------------------------------------------------------------------------------
[2021-03-10 09:49:27,624] {taskinstance.py:1038} INFO - Executing <Task(BashOperator): bash1> on 2021-03-09T00:00:00+00:00
[2021-03-10 09:49:27,628] {standard_task_runner.py:51} INFO - Started process 84335 to run task
[2021-03-10 09:49:27,640] {standard_task_runner.py:75} INFO - Running: ['airflow', 'tasks', 'run', 'parallel_dag', 'bash1', '2021-03-09T00:00:00+00:00', '--job-id', '7', '--pool', 'default_pool', '--raw', '--subdir', 'DAGS_FOLDER/parallel_dag.py', '--cfg-path', '/tmp/tmpn22oqxmf']
[2021-03-10 09:49:27,640] {standard_task_runner.py:76} INFO - Job 7: Subtask bash1
[2021-03-10 09:49:27,932] {logging_mixin.py:103} INFO - Running <TaskInstance: parallel_dag.bash1 2021-03-09T00:00:00+00:00 [running]> on host airflowvm
[2021-03-10 09:49:28,165] {taskinstance.py:1230} INFO - Exporting the following env vars:
AIRFLOW_CTX_DAG_OWNER=airflow
AIRFLOW_CTX_DAG_ID=parallel_dag
AIRFLOW_CTX_TASK_ID=bash1
AIRFLOW_CTX_EXECUTION_DATE=2021-03-09T00:00:00+00:00
AIRFLOW_CTX_DAG_RUN_ID=scheduled__2021-03-09T00:00:00+00:00
[2021-03-10 09:49:28,166] {bash.py:135} INFO - Tmp dir root location: 
 /tmp
[2021-03-10 09:49:28,167] {bash.py:158} INFO - Running command: sleep 3
[2021-03-10 09:49:28,203] {bash.py:169} INFO - Output:
[2021-03-10 09:49:31,205] {bash.py:177} INFO - Command exited with return code 0
[2021-03-10 09:49:31,268] {taskinstance.py:1135} INFO - Marking task as SUCCESS. dag_id=parallel_dag, task_id=bash1, execution_date=20210309T000000, start_date=20210310T094927, end_date=20210310T094931
[2021-03-10 09:49:31,332] {taskinstance.py:1195} INFO - 2 downstream tasks scheduled from follow-on schedule check
[2021-03-10 09:49:31,359] {local_task_job.py:118} INFO - Task exited with return code 0
