[2021-03-11 04:25:04,773] {taskinstance.py:826} INFO - Dependencies all met for <TaskInstance: parallel_dag.bash1 2021-03-09T00:00:00+00:00 [queued]>
[2021-03-11 04:25:04,821] {taskinstance.py:826} INFO - Dependencies all met for <TaskInstance: parallel_dag.bash1 2021-03-09T00:00:00+00:00 [queued]>
[2021-03-11 04:25:04,821] {taskinstance.py:1017} INFO - 
--------------------------------------------------------------------------------
[2021-03-11 04:25:04,821] {taskinstance.py:1018} INFO - Starting attempt 4 of 4
[2021-03-11 04:25:04,821] {taskinstance.py:1019} INFO - 
--------------------------------------------------------------------------------
[2021-03-11 04:25:04,840] {taskinstance.py:1038} INFO - Executing <Task(BashOperator): bash1> on 2021-03-09T00:00:00+00:00
[2021-03-11 04:25:04,842] {standard_task_runner.py:51} INFO - Started process 12201 to run task
[2021-03-11 04:25:04,851] {standard_task_runner.py:75} INFO - Running: ['airflow', 'tasks', 'run', 'parallel_dag', 'bash1', '2021-03-09T00:00:00+00:00', '--job-id', '89', '--pool', 'default_pool', '--raw', '--subdir', 'DAGS_FOLDER/parallel_dag.py', '--cfg-path', '/tmp/tmp1n7zjcx9']
[2021-03-11 04:25:04,852] {standard_task_runner.py:76} INFO - Job 89: Subtask bash1
[2021-03-11 04:25:04,977] {logging_mixin.py:103} INFO - Running <TaskInstance: parallel_dag.bash1 2021-03-09T00:00:00+00:00 [running]> on host airflowvm
[2021-03-11 04:25:05,079] {taskinstance.py:1230} INFO - Exporting the following env vars:
AIRFLOW_CTX_DAG_OWNER=airflow
AIRFLOW_CTX_DAG_ID=parallel_dag
AIRFLOW_CTX_TASK_ID=bash1
AIRFLOW_CTX_EXECUTION_DATE=2021-03-09T00:00:00+00:00
AIRFLOW_CTX_DAG_RUN_ID=scheduled__2021-03-09T00:00:00+00:00
[2021-03-11 04:25:05,079] {bash.py:135} INFO - Tmp dir root location: 
 /tmp
[2021-03-11 04:25:05,080] {bash.py:158} INFO - Running command: sleep 3
[2021-03-11 04:25:05,094] {bash.py:169} INFO - Output:
[2021-03-11 04:25:08,105] {bash.py:177} INFO - Command exited with return code 0
[2021-03-11 04:25:08,174] {taskinstance.py:1135} INFO - Marking task as SUCCESS. dag_id=parallel_dag, task_id=bash1, execution_date=20210309T000000, start_date=20210311T042504, end_date=20210311T042508
[2021-03-11 04:25:08,313] {taskinstance.py:1195} INFO - 0 downstream tasks scheduled from follow-on schedule check
[2021-03-11 04:25:08,336] {local_task_job.py:118} INFO - Task exited with return code 0
