[2021-04-05 17:00:01,277] {taskinstance.py:826} INFO - Dependencies all met for <TaskInstance: baxa_lead_importer.main 2021-04-05T16:50:00+00:00 [queued]>
[2021-04-05 17:00:01,310] {taskinstance.py:826} INFO - Dependencies all met for <TaskInstance: baxa_lead_importer.main 2021-04-05T16:50:00+00:00 [queued]>
[2021-04-05 17:00:01,310] {taskinstance.py:1017} INFO - 
--------------------------------------------------------------------------------
[2021-04-05 17:00:01,310] {taskinstance.py:1018} INFO - Starting attempt 1 of 2
[2021-04-05 17:00:01,310] {taskinstance.py:1019} INFO - 
--------------------------------------------------------------------------------
[2021-04-05 17:00:01,357] {taskinstance.py:1038} INFO - Executing <Task(BashOperator): main> on 2021-04-05T16:50:00+00:00
[2021-04-05 17:00:01,380] {standard_task_runner.py:75} INFO - Running: ['airflow', 'tasks', 'run', 'baxa_lead_importer', 'main', '2021-04-05T16:50:00+00:00', '--job-id', '5', '--pool', 'default_pool', '--raw', '--subdir', 'DAGS_FOLDER/baxa_lead_importer.py', '--cfg-path', '/tmp/tmpefj060r2']
[2021-04-05 17:00:01,380] {standard_task_runner.py:76} INFO - Job 5: Subtask main
[2021-04-05 17:00:01,372] {standard_task_runner.py:51} INFO - Started process 34005 to run task
[2021-04-05 17:00:01,588] {logging_mixin.py:103} INFO - Running <TaskInstance: baxa_lead_importer.main 2021-04-05T16:50:00+00:00 [running]> on host airflowvm
[2021-04-05 17:00:01,754] {taskinstance.py:1230} INFO - Exporting the following env vars:
AIRFLOW_CTX_DAG_EMAIL=arun.padmanabhan00@gmail.com
AIRFLOW_CTX_DAG_OWNER=airflow
AIRFLOW_CTX_DAG_ID=baxa_lead_importer
AIRFLOW_CTX_TASK_ID=main
AIRFLOW_CTX_EXECUTION_DATE=2021-04-05T16:50:00+00:00
AIRFLOW_CTX_DAG_RUN_ID=scheduled__2021-04-05T16:50:00+00:00
[2021-04-05 17:00:01,756] {bash.py:135} INFO - Tmp dir root location: 
 /tmp
[2021-04-05 17:00:01,757] {bash.py:158} INFO - Running command: sleep 20
[2021-04-05 17:00:01,801] {bash.py:169} INFO - Output:
[2021-04-05 17:00:21,826] {bash.py:177} INFO - Command exited with return code 0
[2021-04-05 17:00:21,919] {taskinstance.py:1135} INFO - Marking task as SUCCESS. dag_id=baxa_lead_importer, task_id=main, execution_date=20210405T165000, start_date=20210405T170001, end_date=20210405T170021
[2021-04-05 17:00:21,977] {taskinstance.py:1195} INFO - 0 downstream tasks scheduled from follow-on schedule check
[2021-04-05 17:00:22,017] {local_task_job.py:118} INFO - Task exited with return code 0
