[2021-03-19 06:15:37,805] {taskinstance.py:826} INFO - Dependencies all met for <TaskInstance: parallel_dag.bash1 2021-03-18T00:00:00+00:00 [queued]>
[2021-03-19 06:15:37,850] {taskinstance.py:826} INFO - Dependencies all met for <TaskInstance: parallel_dag.bash1 2021-03-18T00:00:00+00:00 [queued]>
[2021-03-19 06:15:37,850] {taskinstance.py:1017} INFO - 
--------------------------------------------------------------------------------
[2021-03-19 06:15:37,850] {taskinstance.py:1018} INFO - Starting attempt 4 of 4
[2021-03-19 06:15:37,850] {taskinstance.py:1019} INFO - 
--------------------------------------------------------------------------------
[2021-03-19 06:15:37,892] {taskinstance.py:1038} INFO - Executing <Task(BashOperator): bash1> on 2021-03-18T00:00:00+00:00
[2021-03-19 06:15:37,894] {standard_task_runner.py:51} INFO - Started process 29221 to run task
[2021-03-19 06:15:37,901] {standard_task_runner.py:75} INFO - Running: ['airflow', 'tasks', 'run', 'parallel_dag', 'bash1', '2021-03-18T00:00:00+00:00', '--job-id', '170', '--pool', 'default_pool', '--raw', '--subdir', 'DAGS_FOLDER/parallel_dag.py', '--cfg-path', '/tmp/tmp60ddz8jf']
[2021-03-19 06:15:37,902] {standard_task_runner.py:76} INFO - Job 170: Subtask bash1
[2021-03-19 06:15:38,124] {logging_mixin.py:103} INFO - Running <TaskInstance: parallel_dag.bash1 2021-03-18T00:00:00+00:00 [running]> on host airflowvm
[2021-03-19 06:15:38,280] {taskinstance.py:1230} INFO - Exporting the following env vars:
AIRFLOW_CTX_DAG_OWNER=airflow
AIRFLOW_CTX_DAG_ID=parallel_dag
AIRFLOW_CTX_TASK_ID=bash1
AIRFLOW_CTX_EXECUTION_DATE=2021-03-18T00:00:00+00:00
AIRFLOW_CTX_DAG_RUN_ID=scheduled__2021-03-18T00:00:00+00:00
[2021-03-19 06:15:38,281] {bash.py:135} INFO - Tmp dir root location: 
 /tmp
[2021-03-19 06:15:38,281] {bash.py:158} INFO - Running command: sleep 3
[2021-03-19 06:15:38,289] {bash.py:169} INFO - Output:
[2021-03-19 06:15:41,303] {bash.py:177} INFO - Command exited with return code 0
[2021-03-19 06:15:41,360] {taskinstance.py:1135} INFO - Marking task as SUCCESS. dag_id=parallel_dag, task_id=bash1, execution_date=20210318T000000, start_date=20210319T061537, end_date=20210319T061541
[2021-03-19 06:15:41,427] {taskinstance.py:1195} INFO - 0 downstream tasks scheduled from follow-on schedule check
[2021-03-19 06:15:41,468] {local_task_job.py:118} INFO - Task exited with return code 0
