[2021-03-10 07:05:31,781] {taskinstance.py:826} INFO - Dependencies all met for <TaskInstance: data_processing.extract_users 2021-02-06T00:00:00+00:00 [queued]>
[2021-03-10 07:05:31,786] {taskinstance.py:826} INFO - Dependencies all met for <TaskInstance: data_processing.extract_users 2021-02-06T00:00:00+00:00 [queued]>
[2021-03-10 07:05:31,786] {taskinstance.py:1017} INFO - 
--------------------------------------------------------------------------------
[2021-03-10 07:05:31,786] {taskinstance.py:1018} INFO - Starting attempt 1 of 1
[2021-03-10 07:05:31,786] {taskinstance.py:1019} INFO - 
--------------------------------------------------------------------------------
[2021-03-10 07:05:31,794] {taskinstance.py:1038} INFO - Executing <Task(SimpleHttpOperator): extract_users> on 2021-02-06T00:00:00+00:00
[2021-03-10 07:05:31,796] {standard_task_runner.py:51} INFO - Started process 43186 to run task
[2021-03-10 07:05:31,801] {standard_task_runner.py:75} INFO - Running: ['airflow', 'tasks', 'run', 'data_processing', 'extract_users', '2021-02-06T00:00:00+00:00', '--job-id', '197', '--pool', 'default_pool', '--raw', '--subdir', 'DAGS_FOLDER/data_processing.py', '--cfg-path', '/tmp/tmp2vrdvks4']
[2021-03-10 07:05:31,801] {standard_task_runner.py:76} INFO - Job 197: Subtask extract_users
[2021-03-10 07:05:31,925] {logging_mixin.py:103} INFO - Running <TaskInstance: data_processing.extract_users 2021-02-06T00:00:00+00:00 [running]> on host airflowvm
[2021-03-10 07:05:32,055] {taskinstance.py:1230} INFO - Exporting the following env vars:
AIRFLOW_CTX_DAG_OWNER=airflow
AIRFLOW_CTX_DAG_ID=data_processing
AIRFLOW_CTX_TASK_ID=extract_users
AIRFLOW_CTX_EXECUTION_DATE=2021-02-06T00:00:00+00:00
AIRFLOW_CTX_DAG_RUN_ID=scheduled__2021-02-06T00:00:00+00:00
[2021-03-10 07:05:32,055] {http.py:106} INFO - Calling HTTP method
[2021-03-10 07:05:32,059] {base.py:65} INFO - Using connection to: id: user_api. Host: https://randomuser.me/, Port: None, Schema: , Login: , Password: None, extra: None
[2021-03-10 07:05:32,060] {http.py:140} INFO - Sending 'GET' to url: https://randomuser.me/api/
[2021-03-10 07:05:32,553] {http.py:110} INFO - {"results":[{"gender":"male","name":{"title":"Mr","first":"Arron","last":"Dean"},"location":{"street":{"number":6913,"name":"Oak Lawn Ave"},"city":"Tweed","state":"Queensland","country":"Australia","postcode":9876,"coordinates":{"latitude":"-84.1535","longitude":"-64.2452"},"timezone":{"offset":"-3:30","description":"Newfoundland"}},"email":"arron.dean@example.com","login":{"uuid":"135b9e73-e4da-401b-88fd-b4e394f960a7","username":"whitesnake746","password":"kyle","salt":"7qZObeUW","md5":"ccbe966eb282f4db38a305a84c9d2c68","sha1":"fb3681cc70583908c813fcc65db4c4a4f6c2bd33","sha256":"dc98ede78558c14799f6848c13953250dc2d8bb59c33d5e1f8f5942d152aa29a"},"dob":{"date":"1960-04-08T00:03:29.287Z","age":61},"registered":{"date":"2018-04-12T01:46:10.856Z","age":3},"phone":"06-2954-0643","cell":"0412-196-562","id":{"name":"TFN","value":"738192495"},"picture":{"large":"https://randomuser.me/api/portraits/men/23.jpg","medium":"https://randomuser.me/api/portraits/med/men/23.jpg","thumbnail":"https://randomuser.me/api/portraits/thumb/men/23.jpg"},"nat":"AU"}],"info":{"seed":"df146abe965ba8b4","results":1,"page":1,"version":"1.3"}}
[2021-03-10 07:05:32,566] {taskinstance.py:1135} INFO - Marking task as SUCCESS. dag_id=data_processing, task_id=extract_users, execution_date=20210206T000000, start_date=20210310T070531, end_date=20210310T070532
[2021-03-10 07:05:32,583] {taskinstance.py:1195} INFO - 1 downstream tasks scheduled from follow-on schedule check
[2021-03-10 07:05:32,598] {local_task_job.py:118} INFO - Task exited with return code 0
