[2021-03-10 07:31:59,305] {taskinstance.py:826} INFO - Dependencies all met for <TaskInstance: data_processing.is_api_available 2021-02-20T00:00:00+00:00 [queued]>
[2021-03-10 07:31:59,311] {taskinstance.py:826} INFO - Dependencies all met for <TaskInstance: data_processing.is_api_available 2021-02-20T00:00:00+00:00 [queued]>
[2021-03-10 07:31:59,311] {taskinstance.py:1017} INFO - 
--------------------------------------------------------------------------------
[2021-03-10 07:31:59,311] {taskinstance.py:1018} INFO - Starting attempt 1 of 1
[2021-03-10 07:31:59,312] {taskinstance.py:1019} INFO - 
--------------------------------------------------------------------------------
[2021-03-10 07:31:59,322] {taskinstance.py:1038} INFO - Executing <Task(HttpSensor): is_api_available> on 2021-02-20T00:00:00+00:00
[2021-03-10 07:31:59,323] {standard_task_runner.py:51} INFO - Started process 43597 to run task
[2021-03-10 07:31:59,328] {standard_task_runner.py:75} INFO - Running: ['airflow', 'tasks', 'run', 'data_processing', 'is_api_available', '2021-02-20T00:00:00+00:00', '--job-id', '261', '--pool', 'default_pool', '--raw', '--subdir', 'DAGS_FOLDER/data_processing.py', '--cfg-path', '/tmp/tmp0eo5jrkl']
[2021-03-10 07:31:59,329] {standard_task_runner.py:76} INFO - Job 261: Subtask is_api_available
[2021-03-10 07:31:59,453] {logging_mixin.py:103} INFO - Running <TaskInstance: data_processing.is_api_available 2021-02-20T00:00:00+00:00 [running]> on host airflowvm
[2021-03-10 07:31:59,583] {taskinstance.py:1230} INFO - Exporting the following env vars:
AIRFLOW_CTX_DAG_OWNER=airflow
AIRFLOW_CTX_DAG_ID=data_processing
AIRFLOW_CTX_TASK_ID=is_api_available
AIRFLOW_CTX_EXECUTION_DATE=2021-02-20T00:00:00+00:00
AIRFLOW_CTX_DAG_RUN_ID=scheduled__2021-02-20T00:00:00+00:00
[2021-03-10 07:31:59,584] {http.py:102} INFO - Poking: api/
[2021-03-10 07:31:59,588] {base.py:65} INFO - Using connection to: id: user_api. Host: https://randomuser.me/, Port: None, Schema: , Login: , Password: None, extra: None
[2021-03-10 07:31:59,589] {http.py:140} INFO - Sending 'GET' to url: https://randomuser.me/api/
[2021-03-10 07:32:00,043] {base.py:245} INFO - Success criteria met. Exiting.
[2021-03-10 07:32:00,047] {taskinstance.py:1135} INFO - Marking task as SUCCESS. dag_id=data_processing, task_id=is_api_available, execution_date=20210220T000000, start_date=20210310T073159, end_date=20210310T073200
[2021-03-10 07:32:00,066] {taskinstance.py:1195} INFO - 1 downstream tasks scheduled from follow-on schedule check
[2021-03-10 07:32:00,077] {local_task_job.py:118} INFO - Task exited with return code 0
