[2021-03-10 07:05:13,197] {taskinstance.py:826} INFO - Dependencies all met for <TaskInstance: data_processing.processing_user 2021-02-03T00:00:00+00:00 [queued]>
[2021-03-10 07:05:13,203] {taskinstance.py:826} INFO - Dependencies all met for <TaskInstance: data_processing.processing_user 2021-02-03T00:00:00+00:00 [queued]>
[2021-03-10 07:05:13,203] {taskinstance.py:1017} INFO - 
--------------------------------------------------------------------------------
[2021-03-10 07:05:13,203] {taskinstance.py:1018} INFO - Starting attempt 1 of 1
[2021-03-10 07:05:13,203] {taskinstance.py:1019} INFO - 
--------------------------------------------------------------------------------
[2021-03-10 07:05:13,212] {taskinstance.py:1038} INFO - Executing <Task(PythonOperator): processing_user> on 2021-02-03T00:00:00+00:00
[2021-03-10 07:05:13,214] {standard_task_runner.py:51} INFO - Started process 43121 to run task
[2021-03-10 07:05:13,218] {standard_task_runner.py:75} INFO - Running: ['airflow', 'tasks', 'run', 'data_processing', 'processing_user', '2021-02-03T00:00:00+00:00', '--job-id', '188', '--pool', 'default_pool', '--raw', '--subdir', 'DAGS_FOLDER/data_processing.py', '--cfg-path', '/tmp/tmpwt93f6t4']
[2021-03-10 07:05:13,219] {standard_task_runner.py:76} INFO - Job 188: Subtask processing_user
[2021-03-10 07:05:13,344] {logging_mixin.py:103} INFO - Running <TaskInstance: data_processing.processing_user 2021-02-03T00:00:00+00:00 [running]> on host airflowvm
[2021-03-10 07:05:13,479] {taskinstance.py:1230} INFO - Exporting the following env vars:
AIRFLOW_CTX_DAG_OWNER=airflow
AIRFLOW_CTX_DAG_ID=data_processing
AIRFLOW_CTX_TASK_ID=processing_user
AIRFLOW_CTX_EXECUTION_DATE=2021-02-03T00:00:00+00:00
AIRFLOW_CTX_DAG_RUN_ID=scheduled__2021-02-03T00:00:00+00:00
[2021-03-10 07:05:13,486] {python.py:118} INFO - Done. Returned value was: None
[2021-03-10 07:05:13,489] {taskinstance.py:1135} INFO - Marking task as SUCCESS. dag_id=data_processing, task_id=processing_user, execution_date=20210203T000000, start_date=20210310T070513, end_date=20210310T070513
[2021-03-10 07:05:13,503] {taskinstance.py:1195} INFO - 1 downstream tasks scheduled from follow-on schedule check
[2021-03-10 07:05:13,517] {local_task_job.py:118} INFO - Task exited with return code 0
