[2021-03-10 06:59:04,523] {taskinstance.py:826} INFO - Dependencies all met for <TaskInstance: data_processing.creating_table 2021-01-06T00:00:00+00:00 [queued]>
[2021-03-10 06:59:04,529] {taskinstance.py:826} INFO - Dependencies all met for <TaskInstance: data_processing.creating_table 2021-01-06T00:00:00+00:00 [queued]>
[2021-03-10 06:59:04,529] {taskinstance.py:1017} INFO - 
--------------------------------------------------------------------------------
[2021-03-10 06:59:04,529] {taskinstance.py:1018} INFO - Starting attempt 1 of 1
[2021-03-10 06:59:04,529] {taskinstance.py:1019} INFO - 
--------------------------------------------------------------------------------
[2021-03-10 06:59:04,537] {taskinstance.py:1038} INFO - Executing <Task(SqliteOperator): creating_table> on 2021-01-06T00:00:00+00:00
[2021-03-10 06:59:04,539] {standard_task_runner.py:51} INFO - Started process 41939 to run task
[2021-03-10 06:59:04,544] {standard_task_runner.py:75} INFO - Running: ['airflow', 'tasks', 'run', 'data_processing', 'creating_table', '2021-01-06T00:00:00+00:00', '--job-id', '30', '--pool', 'default_pool', '--raw', '--subdir', 'DAGS_FOLDER/data_processing.py', '--cfg-path', '/tmp/tmp2tymmvla']
[2021-03-10 06:59:04,544] {standard_task_runner.py:76} INFO - Job 30: Subtask creating_table
[2021-03-10 06:59:04,672] {logging_mixin.py:103} INFO - Running <TaskInstance: data_processing.creating_table 2021-01-06T00:00:00+00:00 [running]> on host airflowvm
[2021-03-10 06:59:04,811] {taskinstance.py:1230} INFO - Exporting the following env vars:
AIRFLOW_CTX_DAG_OWNER=airflow
AIRFLOW_CTX_DAG_ID=data_processing
AIRFLOW_CTX_TASK_ID=creating_table
AIRFLOW_CTX_EXECUTION_DATE=2021-01-06T00:00:00+00:00
AIRFLOW_CTX_DAG_RUN_ID=scheduled__2021-01-06T00:00:00+00:00
[2021-03-10 06:59:04,811] {sqlite.py:63} INFO - Executing: 
            Create table if not exists userstwos(
                email text not null primary key,
                password text not null,
                fname text not null
            );
            
[2021-03-10 06:59:04,814] {base.py:65} INFO - Using connection to: id: db_sqlite. Host: /home/airflow/airflow/airflow.db, Port: None, Schema: , Login: , Password: None, extra: None
[2021-03-10 06:59:04,814] {dbapi.py:180} INFO - Running statement: 
            Create table if not exists userstwos(
                email text not null primary key,
                password text not null,
                fname text not null
            );
            , parameters: []
[2021-03-10 06:59:04,815] {dbapi.py:186} INFO - Rows affected: -1
[2021-03-10 06:59:04,817] {taskinstance.py:1135} INFO - Marking task as SUCCESS. dag_id=data_processing, task_id=creating_table, execution_date=20210106T000000, start_date=20210310T065904, end_date=20210310T065904
[2021-03-10 06:59:04,833] {taskinstance.py:1195} INFO - 1 downstream tasks scheduled from follow-on schedule check
[2021-03-10 06:59:04,849] {local_task_job.py:118} INFO - Task exited with return code 0
