[2021-03-10 07:04:15,317] {taskinstance.py:826} INFO - Dependencies all met for <TaskInstance: data_processing.extract_users 2021-01-30T00:00:00+00:00 [queued]>
[2021-03-10 07:04:15,322] {taskinstance.py:826} INFO - Dependencies all met for <TaskInstance: data_processing.extract_users 2021-01-30T00:00:00+00:00 [queued]>
[2021-03-10 07:04:15,322] {taskinstance.py:1017} INFO - 
--------------------------------------------------------------------------------
[2021-03-10 07:04:15,322] {taskinstance.py:1018} INFO - Starting attempt 1 of 1
[2021-03-10 07:04:15,322] {taskinstance.py:1019} INFO - 
--------------------------------------------------------------------------------
[2021-03-10 07:04:15,329] {taskinstance.py:1038} INFO - Executing <Task(SimpleHttpOperator): extract_users> on 2021-01-30T00:00:00+00:00
[2021-03-10 07:04:15,331] {standard_task_runner.py:51} INFO - Started process 42930 to run task
[2021-03-10 07:04:15,336] {standard_task_runner.py:75} INFO - Running: ['airflow', 'tasks', 'run', 'data_processing', 'extract_users', '2021-01-30T00:00:00+00:00', '--job-id', '162', '--pool', 'default_pool', '--raw', '--subdir', 'DAGS_FOLDER/data_processing.py', '--cfg-path', '/tmp/tmpx46s4psf']
[2021-03-10 07:04:15,337] {standard_task_runner.py:76} INFO - Job 162: Subtask extract_users
[2021-03-10 07:04:15,469] {logging_mixin.py:103} INFO - Running <TaskInstance: data_processing.extract_users 2021-01-30T00:00:00+00:00 [running]> on host airflowvm
[2021-03-10 07:04:15,605] {taskinstance.py:1230} INFO - Exporting the following env vars:
AIRFLOW_CTX_DAG_OWNER=airflow
AIRFLOW_CTX_DAG_ID=data_processing
AIRFLOW_CTX_TASK_ID=extract_users
AIRFLOW_CTX_EXECUTION_DATE=2021-01-30T00:00:00+00:00
AIRFLOW_CTX_DAG_RUN_ID=scheduled__2021-01-30T00:00:00+00:00
[2021-03-10 07:04:15,605] {http.py:106} INFO - Calling HTTP method
[2021-03-10 07:04:15,608] {base.py:65} INFO - Using connection to: id: user_api. Host: https://randomuser.me/, Port: None, Schema: , Login: , Password: None, extra: None
[2021-03-10 07:04:15,609] {http.py:140} INFO - Sending 'GET' to url: https://randomuser.me/api/
[2021-03-10 07:04:16,773] {http.py:110} INFO - {"results":[{"gender":"male","name":{"title":"Mr","first":"سینا","last":"نكو نظر"},"location":{"street":{"number":7790,"name":"شهید باهنر"},"city":"سیرجان","state":"هرمزگان","country":"Iran","postcode":98544,"coordinates":{"latitude":"29.9368","longitude":"-61.3355"},"timezone":{"offset":"+3:00","description":"Baghdad, Riyadh, Moscow, St. Petersburg"}},"email":"syn.nkwnzr@example.com","login":{"uuid":"8b8c69bf-e403-4d52-9bdd-c8af32381ed3","username":"smallsnake819","password":"please","salt":"5pbn2xlg","md5":"7f6160927ef44599b8e842af752f65ae","sha1":"fb81568c06a39df141b064aa61324aa19c3ec4e1","sha256":"d873034504b7e68832dd87b6795a6917fc19c5a29be8b4d794b1c14401676e02"},"dob":{"date":"1973-02-09T17:04:34.023Z","age":48},"registered":{"date":"2013-03-18T14:41:56.075Z","age":8},"phone":"021-15098187","cell":"0955-359-4037","id":{"name":"","value":null},"picture":{"large":"https://randomuser.me/api/portraits/men/95.jpg","medium":"https://randomuser.me/api/portraits/med/men/95.jpg","thumbnail":"https://randomuser.me/api/portraits/thumb/men/95.jpg"},"nat":"IR"}],"info":{"seed":"e691c2d83baaf35c","results":1,"page":1,"version":"1.3"}}
[2021-03-10 07:04:16,797] {taskinstance.py:1135} INFO - Marking task as SUCCESS. dag_id=data_processing, task_id=extract_users, execution_date=20210130T000000, start_date=20210310T070415, end_date=20210310T070416
[2021-03-10 07:04:16,832] {taskinstance.py:1195} INFO - 1 downstream tasks scheduled from follow-on schedule check
[2021-03-10 07:04:16,861] {local_task_job.py:118} INFO - Task exited with return code 0
