[2021-04-02 03:59:57,922] {taskinstance.py:826} INFO - Dependencies all met for <TaskInstance: parallel_dag.processing_tasks.bash2 2021-03-30T00:00:00+00:00 [queued]>
[2021-04-02 03:59:58,392] {taskinstance.py:826} INFO - Dependencies all met for <TaskInstance: parallel_dag.processing_tasks.bash2 2021-03-30T00:00:00+00:00 [queued]>
[2021-04-02 03:59:58,392] {taskinstance.py:1017} INFO - 
--------------------------------------------------------------------------------
[2021-04-02 03:59:58,392] {taskinstance.py:1018} INFO - Starting attempt 1 of 1
[2021-04-02 03:59:58,392] {taskinstance.py:1019} INFO - 
--------------------------------------------------------------------------------
[2021-04-02 03:59:58,696] {taskinstance.py:1038} INFO - Executing <Task(BashOperator): processing_tasks.bash2> on 2021-03-30T00:00:00+00:00
[2021-04-02 03:59:58,768] {standard_task_runner.py:51} INFO - Started process 2103 to run task
[2021-04-02 03:59:58,832] {standard_task_runner.py:75} INFO - Running: ['airflow', 'tasks', 'run', 'parallel_dag', 'processing_tasks.bash2', '2021-03-30T00:00:00+00:00', '--job-id', '227', '--pool', 'default_pool', '--raw', '--subdir', 'DAGS_FOLDER/parallel_dag.py', '--cfg-path', '/tmp/tmp98oi12ml']
[2021-04-02 03:59:58,904] {standard_task_runner.py:76} INFO - Job 227: Subtask processing_tasks.bash2
[2021-04-02 03:59:59,768] {logging_mixin.py:103} INFO - Running <TaskInstance: parallel_dag.processing_tasks.bash2 2021-03-30T00:00:00+00:00 [running]> on host airflowvm
[2021-04-02 04:00:00,694] {taskinstance.py:1230} INFO - Exporting the following env vars:
AIRFLOW_CTX_DAG_OWNER=airflow
AIRFLOW_CTX_DAG_ID=parallel_dag
AIRFLOW_CTX_TASK_ID=processing_tasks.bash2
AIRFLOW_CTX_EXECUTION_DATE=2021-03-30T00:00:00+00:00
AIRFLOW_CTX_DAG_RUN_ID=scheduled__2021-03-30T00:00:00+00:00
[2021-04-02 04:00:00,695] {bash.py:135} INFO - Tmp dir root location: 
 /tmp
[2021-04-02 04:00:00,696] {bash.py:158} INFO - Running command: 
cd /home/airflow/node
node app.js
sleep 10
[2021-04-02 04:00:00,928] {bash.py:169} INFO - Output:
[2021-04-02 04:00:08,438] {bash.py:173} INFO - worked
[2021-04-02 04:00:18,480] {bash.py:177} INFO - Command exited with return code 0
[2021-04-02 04:00:18,699] {taskinstance.py:1135} INFO - Marking task as SUCCESS. dag_id=parallel_dag, task_id=processing_tasks.bash2, execution_date=20210330T000000, start_date=20210402T035957, end_date=20210402T040018
[2021-04-02 04:00:19,076] {taskinstance.py:1195} INFO - 0 downstream tasks scheduled from follow-on schedule check
[2021-04-02 04:00:19,099] {local_task_job.py:118} INFO - Task exited with return code 0
