[2021-03-11 04:53:40,014] {taskinstance.py:826} INFO - Dependencies all met for <TaskInstance: xcom_dag.downloading_data 2021-03-11T04:53:38.133892+00:00 [queued]>
[2021-03-11 04:53:40,053] {taskinstance.py:826} INFO - Dependencies all met for <TaskInstance: xcom_dag.downloading_data 2021-03-11T04:53:38.133892+00:00 [queued]>
[2021-03-11 04:53:40,053] {taskinstance.py:1017} INFO - 
--------------------------------------------------------------------------------
[2021-03-11 04:53:40,053] {taskinstance.py:1018} INFO - Starting attempt 1 of 1
[2021-03-11 04:53:40,053] {taskinstance.py:1019} INFO - 
--------------------------------------------------------------------------------
[2021-03-11 04:53:40,080] {taskinstance.py:1038} INFO - Executing <Task(BashOperator): downloading_data> on 2021-03-11T04:53:38.133892+00:00
[2021-03-11 04:53:40,090] {standard_task_runner.py:51} INFO - Started process 105870 to run task
[2021-03-11 04:53:40,097] {standard_task_runner.py:75} INFO - Running: ['airflow', 'tasks', 'run', 'xcom_dag', 'downloading_data', '2021-03-11T04:53:38.133892+00:00', '--job-id', '99', '--pool', 'default_pool', '--raw', '--subdir', 'DAGS_FOLDER/xcom_dag.py', '--cfg-path', '/tmp/tmpz09rj4_y']
[2021-03-11 04:53:40,106] {standard_task_runner.py:76} INFO - Job 99: Subtask downloading_data
[2021-03-11 04:53:40,238] {logging_mixin.py:103} INFO - Running <TaskInstance: xcom_dag.downloading_data 2021-03-11T04:53:38.133892+00:00 [running]> on host airflowvm
[2021-03-11 04:53:40,365] {taskinstance.py:1230} INFO - Exporting the following env vars:
AIRFLOW_CTX_DAG_OWNER=airflow
AIRFLOW_CTX_DAG_ID=xcom_dag
AIRFLOW_CTX_TASK_ID=downloading_data
AIRFLOW_CTX_EXECUTION_DATE=2021-03-11T04:53:38.133892+00:00
AIRFLOW_CTX_DAG_RUN_ID=manual__2021-03-11T04:53:38.133892+00:00
[2021-03-11 04:53:40,365] {bash.py:135} INFO - Tmp dir root location: 
 /tmp
[2021-03-11 04:53:40,365] {bash.py:158} INFO - Running command: sleep 3
[2021-03-11 04:53:40,375] {bash.py:169} INFO - Output:
[2021-03-11 04:53:43,385] {bash.py:177} INFO - Command exited with return code 0
[2021-03-11 04:53:43,433] {taskinstance.py:1135} INFO - Marking task as SUCCESS. dag_id=xcom_dag, task_id=downloading_data, execution_date=20210311T045338, start_date=20210311T045340, end_date=20210311T045343
[2021-03-11 04:53:43,528] {taskinstance.py:1195} INFO - 3 downstream tasks scheduled from follow-on schedule check
[2021-03-11 04:53:43,575] {local_task_job.py:118} INFO - Task exited with return code 0
