[2021-03-12 05:04:52,018] {taskinstance.py:826} INFO - Dependencies all met for <TaskInstance: xcom_dag.task_4 2021-03-12T05:04:43.354326+00:00 [queued]>
[2021-03-12 05:04:52,067] {taskinstance.py:826} INFO - Dependencies all met for <TaskInstance: xcom_dag.task_4 2021-03-12T05:04:43.354326+00:00 [queued]>
[2021-03-12 05:04:52,067] {taskinstance.py:1017} INFO - 
--------------------------------------------------------------------------------
[2021-03-12 05:04:52,067] {taskinstance.py:1018} INFO - Starting attempt 1 of 1
[2021-03-12 05:04:52,067] {taskinstance.py:1019} INFO - 
--------------------------------------------------------------------------------
[2021-03-12 05:04:52,094] {taskinstance.py:1038} INFO - Executing <Task(BranchPythonOperator): task_4> on 2021-03-12T05:04:43.354326+00:00
[2021-03-12 05:04:52,095] {standard_task_runner.py:51} INFO - Started process 1530890 to run task
[2021-03-12 05:04:52,111] {standard_task_runner.py:75} INFO - Running: ['airflow', 'tasks', 'run', 'xcom_dag', 'task_4', '2021-03-12T05:04:43.354326+00:00', '--job-id', '125', '--pool', 'default_pool', '--raw', '--subdir', 'DAGS_FOLDER/xcom_dag.py', '--cfg-path', '/tmp/tmpcnpa5jfn']
[2021-03-12 05:04:52,111] {standard_task_runner.py:76} INFO - Job 125: Subtask task_4
[2021-03-12 05:04:52,297] {logging_mixin.py:103} INFO - Running <TaskInstance: xcom_dag.task_4 2021-03-12T05:04:43.354326+00:00 [running]> on host airflowvm
[2021-03-12 05:04:52,444] {taskinstance.py:1230} INFO - Exporting the following env vars:
AIRFLOW_CTX_DAG_OWNER=airflow
AIRFLOW_CTX_DAG_ID=xcom_dag
AIRFLOW_CTX_TASK_ID=task_4
AIRFLOW_CTX_EXECUTION_DATE=2021-03-12T05:04:43.354326+00:00
AIRFLOW_CTX_DAG_RUN_ID=manual__2021-03-12T05:04:43.354326+00:00
[2021-03-12 05:04:52,445] {logging_mixin.py:103} INFO - choose best model
[2021-03-12 05:04:52,473] {python.py:118} INFO - Done. Returned value was: inaccurate
[2021-03-12 05:04:52,473] {skipmixin.py:124} INFO - Following branch inaccurate
[2021-03-12 05:04:52,496] {skipmixin.py:155} INFO - Skipping tasks ['accurate']
[2021-03-12 05:04:52,643] {taskinstance.py:1135} INFO - Marking task as SUCCESS. dag_id=xcom_dag, task_id=task_4, execution_date=20210312T050443, start_date=20210312T050452, end_date=20210312T050452
[2021-03-12 05:04:52,761] {taskinstance.py:1195} INFO - 1 downstream tasks scheduled from follow-on schedule check
[2021-03-12 05:04:52,794] {local_task_job.py:118} INFO - Task exited with return code 0
