[2021-03-10 06:58:52,951] {taskinstance.py:826} INFO - Dependencies all met for <TaskInstance: data_processing.extract_users 2021-01-03T00:00:00+00:00 [queued]>
[2021-03-10 06:58:52,957] {taskinstance.py:826} INFO - Dependencies all met for <TaskInstance: data_processing.extract_users 2021-01-03T00:00:00+00:00 [queued]>
[2021-03-10 06:58:52,957] {taskinstance.py:1017} INFO - 
--------------------------------------------------------------------------------
[2021-03-10 06:58:52,957] {taskinstance.py:1018} INFO - Starting attempt 1 of 1
[2021-03-10 06:58:52,957] {taskinstance.py:1019} INFO - 
--------------------------------------------------------------------------------
[2021-03-10 06:58:52,964] {taskinstance.py:1038} INFO - Executing <Task(SimpleHttpOperator): extract_users> on 2021-01-03T00:00:00+00:00
[2021-03-10 06:58:52,967] {standard_task_runner.py:51} INFO - Started process 41907 to run task
[2021-03-10 06:58:52,972] {standard_task_runner.py:75} INFO - Running: ['airflow', 'tasks', 'run', 'data_processing', 'extract_users', '2021-01-03T00:00:00+00:00', '--job-id', '27', '--pool', 'default_pool', '--raw', '--subdir', 'DAGS_FOLDER/data_processing.py', '--cfg-path', '/tmp/tmpv0db897y']
[2021-03-10 06:58:52,973] {standard_task_runner.py:76} INFO - Job 27: Subtask extract_users
[2021-03-10 06:58:53,107] {logging_mixin.py:103} INFO - Running <TaskInstance: data_processing.extract_users 2021-01-03T00:00:00+00:00 [running]> on host airflowvm
[2021-03-10 06:58:53,230] {taskinstance.py:1230} INFO - Exporting the following env vars:
AIRFLOW_CTX_DAG_OWNER=airflow
AIRFLOW_CTX_DAG_ID=data_processing
AIRFLOW_CTX_TASK_ID=extract_users
AIRFLOW_CTX_EXECUTION_DATE=2021-01-03T00:00:00+00:00
AIRFLOW_CTX_DAG_RUN_ID=scheduled__2021-01-03T00:00:00+00:00
[2021-03-10 06:58:53,230] {http.py:106} INFO - Calling HTTP method
[2021-03-10 06:58:53,233] {base.py:65} INFO - Using connection to: id: user_api. Host: https://randomuser.me/, Port: None, Schema: , Login: , Password: None, extra: None
[2021-03-10 06:58:53,234] {http.py:140} INFO - Sending 'GET' to url: https://randomuser.me/api/
[2021-03-10 06:58:53,686] {http.py:110} INFO - {"results":[{"gender":"male","name":{"title":"Mr","first":"Gilbert","last":"Webb"},"location":{"street":{"number":8650,"name":"Alexander Road"},"city":"Carrick-on-Suir","state":"Galway City","country":"Ireland","postcode":11415,"coordinates":{"latitude":"26.4585","longitude":"-66.3345"},"timezone":{"offset":"-1:00","description":"Azores, Cape Verde Islands"}},"email":"gilbert.webb@example.com","login":{"uuid":"6f6d0250-9567-444c-8c21-0ec1a41f8f58","username":"blackcat120","password":"rightnow","salt":"JuzCrsYb","md5":"2846b6ff39573c0f4266bda8143bc3b9","sha1":"d4b91054a4e616e2b5410bcc27260f7a3cb3b391","sha256":"35f511b97b8b10710ced6ff082643502d6c92cfa769b4b2048b75f5fed53d768"},"dob":{"date":"1992-09-24T08:14:24.546Z","age":29},"registered":{"date":"2015-07-11T18:44:14.064Z","age":6},"phone":"051-209-5935","cell":"081-878-5608","id":{"name":"PPS","value":"9742513T"},"picture":{"large":"https://randomuser.me/api/portraits/men/10.jpg","medium":"https://randomuser.me/api/portraits/med/men/10.jpg","thumbnail":"https://randomuser.me/api/portraits/thumb/men/10.jpg"},"nat":"IE"}],"info":{"seed":"ee6c791f5f3fca0d","results":1,"page":1,"version":"1.3"}}
[2021-03-10 06:58:53,699] {taskinstance.py:1135} INFO - Marking task as SUCCESS. dag_id=data_processing, task_id=extract_users, execution_date=20210103T000000, start_date=20210310T065852, end_date=20210310T065853
[2021-03-10 06:58:53,715] {taskinstance.py:1195} INFO - 1 downstream tasks scheduled from follow-on schedule check
[2021-03-10 06:58:53,755] {local_task_job.py:118} INFO - Task exited with return code 0
