[2021-03-10 07:04:51,212] {taskinstance.py:826} INFO - Dependencies all met for <TaskInstance: data_processing.extract_users 2021-02-02T00:00:00+00:00 [queued]>
[2021-03-10 07:04:51,217] {taskinstance.py:826} INFO - Dependencies all met for <TaskInstance: data_processing.extract_users 2021-02-02T00:00:00+00:00 [queued]>
[2021-03-10 07:04:51,217] {taskinstance.py:1017} INFO - 
--------------------------------------------------------------------------------
[2021-03-10 07:04:51,217] {taskinstance.py:1018} INFO - Starting attempt 1 of 1
[2021-03-10 07:04:51,217] {taskinstance.py:1019} INFO - 
--------------------------------------------------------------------------------
[2021-03-10 07:04:51,224] {taskinstance.py:1038} INFO - Executing <Task(SimpleHttpOperator): extract_users> on 2021-02-02T00:00:00+00:00
[2021-03-10 07:04:51,226] {standard_task_runner.py:51} INFO - Started process 43045 to run task
[2021-03-10 07:04:51,231] {standard_task_runner.py:75} INFO - Running: ['airflow', 'tasks', 'run', 'data_processing', 'extract_users', '2021-02-02T00:00:00+00:00', '--job-id', '177', '--pool', 'default_pool', '--raw', '--subdir', 'DAGS_FOLDER/data_processing.py', '--cfg-path', '/tmp/tmpn3fut6zy']
[2021-03-10 07:04:51,231] {standard_task_runner.py:76} INFO - Job 177: Subtask extract_users
[2021-03-10 07:04:51,370] {logging_mixin.py:103} INFO - Running <TaskInstance: data_processing.extract_users 2021-02-02T00:00:00+00:00 [running]> on host airflowvm
[2021-03-10 07:04:51,512] {taskinstance.py:1230} INFO - Exporting the following env vars:
AIRFLOW_CTX_DAG_OWNER=airflow
AIRFLOW_CTX_DAG_ID=data_processing
AIRFLOW_CTX_TASK_ID=extract_users
AIRFLOW_CTX_EXECUTION_DATE=2021-02-02T00:00:00+00:00
AIRFLOW_CTX_DAG_RUN_ID=scheduled__2021-02-02T00:00:00+00:00
[2021-03-10 07:04:51,512] {http.py:106} INFO - Calling HTTP method
[2021-03-10 07:04:51,515] {base.py:65} INFO - Using connection to: id: user_api. Host: https://randomuser.me/, Port: None, Schema: , Login: , Password: None, extra: None
[2021-03-10 07:04:51,516] {http.py:140} INFO - Sending 'GET' to url: https://randomuser.me/api/
[2021-03-10 07:04:52,000] {http.py:110} INFO - {"results":[{"gender":"female","name":{"title":"Ms","first":"Begoña","last":"Campos"},"location":{"street":{"number":4667,"name":"Calle de Argumosa"},"city":"Gijón","state":"Cantabria","country":"Spain","postcode":43524,"coordinates":{"latitude":"-25.4414","longitude":"60.8978"},"timezone":{"offset":"+11:00","description":"Magadan, Solomon Islands, New Caledonia"}},"email":"begona.campos@example.com","login":{"uuid":"21df7553-5559-449b-a034-63ccea132692","username":"browngorilla280","password":"card","salt":"wxMsKROb","md5":"74320a1728468aefa6c4c5d86962ce07","sha1":"2f811184d966b0f89fdc1c973ded99da9751690c","sha256":"37f25d6a4d8a9ce3788e3eb30d1e7ce2078a9f993735d27d369c22ed0a58af95"},"dob":{"date":"1988-01-14T12:19:26.002Z","age":33},"registered":{"date":"2016-04-05T05:34:55.285Z","age":5},"phone":"960-213-516","cell":"648-845-729","id":{"name":"DNI","value":"97531921-D"},"picture":{"large":"https://randomuser.me/api/portraits/women/86.jpg","medium":"https://randomuser.me/api/portraits/med/women/86.jpg","thumbnail":"https://randomuser.me/api/portraits/thumb/women/86.jpg"},"nat":"ES"}],"info":{"seed":"ffa1365d43a53e2a","results":1,"page":1,"version":"1.3"}}
[2021-03-10 07:04:52,017] {taskinstance.py:1135} INFO - Marking task as SUCCESS. dag_id=data_processing, task_id=extract_users, execution_date=20210202T000000, start_date=20210310T070451, end_date=20210310T070452
[2021-03-10 07:04:52,033] {taskinstance.py:1195} INFO - 1 downstream tasks scheduled from follow-on schedule check
[2021-03-10 07:04:52,041] {local_task_job.py:118} INFO - Task exited with return code 0
