[2021-03-10 06:59:37,957] {taskinstance.py:826} INFO - Dependencies all met for <TaskInstance: data_processing.extract_users 2021-01-06T00:00:00+00:00 [queued]>
[2021-03-10 06:59:37,962] {taskinstance.py:826} INFO - Dependencies all met for <TaskInstance: data_processing.extract_users 2021-01-06T00:00:00+00:00 [queued]>
[2021-03-10 06:59:37,962] {taskinstance.py:1017} INFO - 
--------------------------------------------------------------------------------
[2021-03-10 06:59:37,963] {taskinstance.py:1018} INFO - Starting attempt 1 of 1
[2021-03-10 06:59:37,963] {taskinstance.py:1019} INFO - 
--------------------------------------------------------------------------------
[2021-03-10 06:59:37,972] {taskinstance.py:1038} INFO - Executing <Task(SimpleHttpOperator): extract_users> on 2021-01-06T00:00:00+00:00
[2021-03-10 06:59:37,975] {standard_task_runner.py:51} INFO - Started process 42035 to run task
[2021-03-10 06:59:37,980] {standard_task_runner.py:75} INFO - Running: ['airflow', 'tasks', 'run', 'data_processing', 'extract_users', '2021-01-06T00:00:00+00:00', '--job-id', '42', '--pool', 'default_pool', '--raw', '--subdir', 'DAGS_FOLDER/data_processing.py', '--cfg-path', '/tmp/tmps8lvorta']
[2021-03-10 06:59:37,980] {standard_task_runner.py:76} INFO - Job 42: Subtask extract_users
[2021-03-10 06:59:38,117] {logging_mixin.py:103} INFO - Running <TaskInstance: data_processing.extract_users 2021-01-06T00:00:00+00:00 [running]> on host airflowvm
[2021-03-10 06:59:38,244] {taskinstance.py:1230} INFO - Exporting the following env vars:
AIRFLOW_CTX_DAG_OWNER=airflow
AIRFLOW_CTX_DAG_ID=data_processing
AIRFLOW_CTX_TASK_ID=extract_users
AIRFLOW_CTX_EXECUTION_DATE=2021-01-06T00:00:00+00:00
AIRFLOW_CTX_DAG_RUN_ID=scheduled__2021-01-06T00:00:00+00:00
[2021-03-10 06:59:38,245] {http.py:106} INFO - Calling HTTP method
[2021-03-10 06:59:38,248] {base.py:65} INFO - Using connection to: id: user_api. Host: https://randomuser.me/, Port: None, Schema: , Login: , Password: None, extra: None
[2021-03-10 06:59:38,250] {http.py:140} INFO - Sending 'GET' to url: https://randomuser.me/api/
[2021-03-10 06:59:38,761] {http.py:110} INFO - {"results":[{"gender":"male","name":{"title":"Mr","first":"Borja","last":"Castillo"},"location":{"street":{"number":2164,"name":"Calle del Barquillo"},"city":"Murcia","state":"Andalucía","country":"Spain","postcode":90489,"coordinates":{"latitude":"-18.4879","longitude":"-103.2943"},"timezone":{"offset":"+1:00","description":"Brussels, Copenhagen, Madrid, Paris"}},"email":"borja.castillo@example.com","login":{"uuid":"2273c80e-0690-40d2-9b8c-1fe03974fe0d","username":"orangerabbit166","password":"postov1000","salt":"dyJbc1jY","md5":"b47cdded554b7bc9e7452c1247e018b1","sha1":"e879fd31c87081478479214393773998f3db015e","sha256":"566cfb8b951786d84b8ac396a0342a1ae96cc63dc65eaae645352345ffc47c77"},"dob":{"date":"1995-06-22T19:29:07.219Z","age":26},"registered":{"date":"2018-04-25T06:52:05.327Z","age":3},"phone":"916-429-908","cell":"674-686-214","id":{"name":"DNI","value":"40474580-G"},"picture":{"large":"https://randomuser.me/api/portraits/men/1.jpg","medium":"https://randomuser.me/api/portraits/med/men/1.jpg","thumbnail":"https://randomuser.me/api/portraits/thumb/men/1.jpg"},"nat":"ES"}],"info":{"seed":"57fae36cad297047","results":1,"page":1,"version":"1.3"}}
[2021-03-10 06:59:38,775] {taskinstance.py:1135} INFO - Marking task as SUCCESS. dag_id=data_processing, task_id=extract_users, execution_date=20210106T000000, start_date=20210310T065937, end_date=20210310T065938
[2021-03-10 06:59:38,793] {taskinstance.py:1195} INFO - 1 downstream tasks scheduled from follow-on schedule check
[2021-03-10 06:59:38,803] {local_task_job.py:118} INFO - Task exited with return code 0
