[2021-04-05 05:10:50,346] {taskinstance.py:826} INFO - Dependencies all met for <TaskInstance: parallel_dag.bash1 2021-04-02T00:00:00+00:00 [queued]>
[2021-04-05 05:10:50,412] {taskinstance.py:826} INFO - Dependencies all met for <TaskInstance: parallel_dag.bash1 2021-04-02T00:00:00+00:00 [queued]>
[2021-04-05 05:10:50,412] {taskinstance.py:1017} INFO - 
--------------------------------------------------------------------------------
[2021-04-05 05:10:50,412] {taskinstance.py:1018} INFO - Starting attempt 1 of 1
[2021-04-05 05:10:50,412] {taskinstance.py:1019} INFO - 
--------------------------------------------------------------------------------
[2021-04-05 05:10:50,445] {taskinstance.py:1038} INFO - Executing <Task(BashOperator): bash1> on 2021-04-02T00:00:00+00:00
[2021-04-05 05:10:50,457] {standard_task_runner.py:51} INFO - Started process 3027 to run task
[2021-04-05 05:10:50,476] {standard_task_runner.py:75} INFO - Running: ['airflow', 'tasks', 'run', 'parallel_dag', 'bash1', '2021-04-02T00:00:00+00:00', '--job-id', '290', '--pool', 'default_pool', '--raw', '--subdir', 'DAGS_FOLDER/parallel_dag.py', '--cfg-path', '/tmp/tmp5hb4uclc']
[2021-04-05 05:10:50,476] {standard_task_runner.py:76} INFO - Job 290: Subtask bash1
[2021-04-05 05:10:50,666] {logging_mixin.py:103} INFO - Running <TaskInstance: parallel_dag.bash1 2021-04-02T00:00:00+00:00 [running]> on host airflowvm
[2021-04-05 05:10:50,847] {taskinstance.py:1230} INFO - Exporting the following env vars:
AIRFLOW_CTX_DAG_OWNER=airflow
AIRFLOW_CTX_DAG_ID=parallel_dag
AIRFLOW_CTX_TASK_ID=bash1
AIRFLOW_CTX_EXECUTION_DATE=2021-04-02T00:00:00+00:00
AIRFLOW_CTX_DAG_RUN_ID=scheduled__2021-04-02T00:00:00+00:00
[2021-04-05 05:10:50,847] {bash.py:135} INFO - Tmp dir root location: 
 /tmp
[2021-04-05 05:10:50,848] {bash.py:158} INFO - Running command: sleep 3
[2021-04-05 05:10:50,877] {bash.py:169} INFO - Output:
[2021-04-05 05:10:53,881] {bash.py:177} INFO - Command exited with return code 0
[2021-04-05 05:10:54,088] {taskinstance.py:1135} INFO - Marking task as SUCCESS. dag_id=parallel_dag, task_id=bash1, execution_date=20210402T000000, start_date=20210405T051050, end_date=20210405T051054
[2021-04-05 05:10:55,144] {taskinstance.py:1195} INFO - 0 downstream tasks scheduled from follow-on schedule check
[2021-04-05 05:10:55,190] {local_task_job.py:118} INFO - Task exited with return code 0
