[2021-03-10 07:03:41,358] {taskinstance.py:826} INFO - Dependencies all met for <TaskInstance: data_processing.extract_users 2021-01-27T00:00:00+00:00 [queued]>
[2021-03-10 07:03:41,363] {taskinstance.py:826} INFO - Dependencies all met for <TaskInstance: data_processing.extract_users 2021-01-27T00:00:00+00:00 [queued]>
[2021-03-10 07:03:41,363] {taskinstance.py:1017} INFO - 
--------------------------------------------------------------------------------
[2021-03-10 07:03:41,363] {taskinstance.py:1018} INFO - Starting attempt 1 of 1
[2021-03-10 07:03:41,363] {taskinstance.py:1019} INFO - 
--------------------------------------------------------------------------------
[2021-03-10 07:03:41,383] {taskinstance.py:1038} INFO - Executing <Task(SimpleHttpOperator): extract_users> on 2021-01-27T00:00:00+00:00
[2021-03-10 07:03:41,384] {standard_task_runner.py:51} INFO - Started process 42821 to run task
[2021-03-10 07:03:41,393] {standard_task_runner.py:75} INFO - Running: ['airflow', 'tasks', 'run', 'data_processing', 'extract_users', '2021-01-27T00:00:00+00:00', '--job-id', '147', '--pool', 'default_pool', '--raw', '--subdir', 'DAGS_FOLDER/data_processing.py', '--cfg-path', '/tmp/tmp4e6evfdh']
[2021-03-10 07:03:41,393] {standard_task_runner.py:76} INFO - Job 147: Subtask extract_users
[2021-03-10 07:03:41,529] {logging_mixin.py:103} INFO - Running <TaskInstance: data_processing.extract_users 2021-01-27T00:00:00+00:00 [running]> on host airflowvm
[2021-03-10 07:03:41,658] {taskinstance.py:1230} INFO - Exporting the following env vars:
AIRFLOW_CTX_DAG_OWNER=airflow
AIRFLOW_CTX_DAG_ID=data_processing
AIRFLOW_CTX_TASK_ID=extract_users
AIRFLOW_CTX_EXECUTION_DATE=2021-01-27T00:00:00+00:00
AIRFLOW_CTX_DAG_RUN_ID=scheduled__2021-01-27T00:00:00+00:00
[2021-03-10 07:03:41,658] {http.py:106} INFO - Calling HTTP method
[2021-03-10 07:03:41,661] {base.py:65} INFO - Using connection to: id: user_api. Host: https://randomuser.me/, Port: None, Schema: , Login: , Password: None, extra: None
[2021-03-10 07:03:41,662] {http.py:140} INFO - Sending 'GET' to url: https://randomuser.me/api/
[2021-03-10 07:03:42,166] {http.py:110} INFO - {"results":[{"gender":"male","name":{"title":"Mr","first":"Macit","last":"Aydan"},"location":{"street":{"number":5541,"name":"Maçka Cd"},"city":"Şırnak","state":"Gaziantep","country":"Turkey","postcode":55694,"coordinates":{"latitude":"79.0605","longitude":"-128.3063"},"timezone":{"offset":"+5:00","description":"Ekaterinburg, Islamabad, Karachi, Tashkent"}},"email":"macit.aydan@example.com","login":{"uuid":"a2b8be58-e2f9-4008-b70a-2fda158b059d","username":"beautifulmouse263","password":"jiong","salt":"4l8MdaIC","md5":"0cd3f42452cde99f377a457989ef58a6","sha1":"6647b6d126ff80589eb32db1b70ab939a1536198","sha256":"7eea88e2a51be0c5b305aa55643b859ba42306b44090beda669cd4451e74f34a"},"dob":{"date":"1998-08-19T13:22:22.199Z","age":23},"registered":{"date":"2016-07-10T03:24:39.062Z","age":5},"phone":"(135)-603-5800","cell":"(479)-153-8450","id":{"name":"","value":null},"picture":{"large":"https://randomuser.me/api/portraits/men/67.jpg","medium":"https://randomuser.me/api/portraits/med/men/67.jpg","thumbnail":"https://randomuser.me/api/portraits/thumb/men/67.jpg"},"nat":"TR"}],"info":{"seed":"08e1177715c76920","results":1,"page":1,"version":"1.3"}}
[2021-03-10 07:03:42,186] {taskinstance.py:1135} INFO - Marking task as SUCCESS. dag_id=data_processing, task_id=extract_users, execution_date=20210127T000000, start_date=20210310T070341, end_date=20210310T070342
[2021-03-10 07:03:42,203] {taskinstance.py:1195} INFO - 1 downstream tasks scheduled from follow-on schedule check
[2021-03-10 07:03:42,223] {local_task_job.py:118} INFO - Task exited with return code 0
