[2021-03-10 07:03:54,410] {taskinstance.py:826} INFO - Dependencies all met for <TaskInstance: data_processing.extract_users 2021-01-28T00:00:00+00:00 [queued]>
[2021-03-10 07:03:54,416] {taskinstance.py:826} INFO - Dependencies all met for <TaskInstance: data_processing.extract_users 2021-01-28T00:00:00+00:00 [queued]>
[2021-03-10 07:03:54,416] {taskinstance.py:1017} INFO - 
--------------------------------------------------------------------------------
[2021-03-10 07:03:54,416] {taskinstance.py:1018} INFO - Starting attempt 1 of 1
[2021-03-10 07:03:54,416] {taskinstance.py:1019} INFO - 
--------------------------------------------------------------------------------
[2021-03-10 07:03:54,423] {taskinstance.py:1038} INFO - Executing <Task(SimpleHttpOperator): extract_users> on 2021-01-28T00:00:00+00:00
[2021-03-10 07:03:54,425] {standard_task_runner.py:51} INFO - Started process 42860 to run task
[2021-03-10 07:03:54,430] {standard_task_runner.py:75} INFO - Running: ['airflow', 'tasks', 'run', 'data_processing', 'extract_users', '2021-01-28T00:00:00+00:00', '--job-id', '152', '--pool', 'default_pool', '--raw', '--subdir', 'DAGS_FOLDER/data_processing.py', '--cfg-path', '/tmp/tmp4zkcg1xo']
[2021-03-10 07:03:54,431] {standard_task_runner.py:76} INFO - Job 152: Subtask extract_users
[2021-03-10 07:03:54,555] {logging_mixin.py:103} INFO - Running <TaskInstance: data_processing.extract_users 2021-01-28T00:00:00+00:00 [running]> on host airflowvm
[2021-03-10 07:03:54,680] {taskinstance.py:1230} INFO - Exporting the following env vars:
AIRFLOW_CTX_DAG_OWNER=airflow
AIRFLOW_CTX_DAG_ID=data_processing
AIRFLOW_CTX_TASK_ID=extract_users
AIRFLOW_CTX_EXECUTION_DATE=2021-01-28T00:00:00+00:00
AIRFLOW_CTX_DAG_RUN_ID=scheduled__2021-01-28T00:00:00+00:00
[2021-03-10 07:03:54,680] {http.py:106} INFO - Calling HTTP method
[2021-03-10 07:03:54,683] {base.py:65} INFO - Using connection to: id: user_api. Host: https://randomuser.me/, Port: None, Schema: , Login: , Password: None, extra: None
[2021-03-10 07:03:54,685] {http.py:140} INFO - Sending 'GET' to url: https://randomuser.me/api/
[2021-03-10 07:03:55,167] {http.py:110} INFO - {"results":[{"gender":"female","name":{"title":"Mrs","first":"Sofia","last":"Christiansen"},"location":{"street":{"number":5776,"name":"Herredsvej"},"city":"Stoevring","state":"Syddanmark","country":"Denmark","postcode":53436,"coordinates":{"latitude":"-36.2112","longitude":"6.3149"},"timezone":{"offset":"+5:00","description":"Ekaterinburg, Islamabad, Karachi, Tashkent"}},"email":"sofia.christiansen@example.com","login":{"uuid":"e19a94cd-7d57-4656-952e-54699c86b58a","username":"tinyfrog352","password":"berkeley","salt":"ZtDxuAZv","md5":"2a5719773746b65fc77537d89c04659c","sha1":"35482217e7ec48f2ad5e858d47cd69a553a84bb0","sha256":"c38815c47e84a4c90787943bf3d9b0075cb6146593ce3ceac772a9277349f8cc"},"dob":{"date":"1966-04-05T00:47:47.085Z","age":55},"registered":{"date":"2012-12-05T04:53:30.662Z","age":9},"phone":"75473563","cell":"37181866","id":{"name":"CPR","value":"050466-1269"},"picture":{"large":"https://randomuser.me/api/portraits/women/56.jpg","medium":"https://randomuser.me/api/portraits/med/women/56.jpg","thumbnail":"https://randomuser.me/api/portraits/thumb/women/56.jpg"},"nat":"DK"}],"info":{"seed":"b732f3c9810b8838","results":1,"page":1,"version":"1.3"}}
[2021-03-10 07:03:55,183] {taskinstance.py:1135} INFO - Marking task as SUCCESS. dag_id=data_processing, task_id=extract_users, execution_date=20210128T000000, start_date=20210310T070354, end_date=20210310T070355
[2021-03-10 07:03:55,200] {taskinstance.py:1195} INFO - 1 downstream tasks scheduled from follow-on schedule check
[2021-03-10 07:03:55,213] {local_task_job.py:118} INFO - Task exited with return code 0
