[2021-03-10 07:06:05,884] {taskinstance.py:826} INFO - Dependencies all met for <TaskInstance: data_processing.processing_user 2021-02-08T00:00:00+00:00 [queued]>
[2021-03-10 07:06:05,889] {taskinstance.py:826} INFO - Dependencies all met for <TaskInstance: data_processing.processing_user 2021-02-08T00:00:00+00:00 [queued]>
[2021-03-10 07:06:05,889] {taskinstance.py:1017} INFO - 
--------------------------------------------------------------------------------
[2021-03-10 07:06:05,889] {taskinstance.py:1018} INFO - Starting attempt 1 of 1
[2021-03-10 07:06:05,889] {taskinstance.py:1019} INFO - 
--------------------------------------------------------------------------------
[2021-03-10 07:06:05,897] {taskinstance.py:1038} INFO - Executing <Task(PythonOperator): processing_user> on 2021-02-08T00:00:00+00:00
[2021-03-10 07:06:05,899] {standard_task_runner.py:51} INFO - Started process 43301 to run task
[2021-03-10 07:06:05,903] {standard_task_runner.py:75} INFO - Running: ['airflow', 'tasks', 'run', 'data_processing', 'processing_user', '2021-02-08T00:00:00+00:00', '--job-id', '213', '--pool', 'default_pool', '--raw', '--subdir', 'DAGS_FOLDER/data_processing.py', '--cfg-path', '/tmp/tmpjbuasrjl']
[2021-03-10 07:06:05,904] {standard_task_runner.py:76} INFO - Job 213: Subtask processing_user
[2021-03-10 07:06:06,033] {logging_mixin.py:103} INFO - Running <TaskInstance: data_processing.processing_user 2021-02-08T00:00:00+00:00 [running]> on host airflowvm
[2021-03-10 07:06:06,169] {taskinstance.py:1230} INFO - Exporting the following env vars:
AIRFLOW_CTX_DAG_OWNER=airflow
AIRFLOW_CTX_DAG_ID=data_processing
AIRFLOW_CTX_TASK_ID=processing_user
AIRFLOW_CTX_EXECUTION_DATE=2021-02-08T00:00:00+00:00
AIRFLOW_CTX_DAG_RUN_ID=scheduled__2021-02-08T00:00:00+00:00
[2021-03-10 07:06:06,176] {python.py:118} INFO - Done. Returned value was: None
[2021-03-10 07:06:06,179] {taskinstance.py:1135} INFO - Marking task as SUCCESS. dag_id=data_processing, task_id=processing_user, execution_date=20210208T000000, start_date=20210310T070605, end_date=20210310T070606
[2021-03-10 07:06:06,194] {taskinstance.py:1195} INFO - 1 downstream tasks scheduled from follow-on schedule check
[2021-03-10 07:06:06,203] {local_task_job.py:118} INFO - Task exited with return code 0
