[2021-03-12 06:04:08,551] {taskinstance.py:826} INFO - Dependencies all met for <TaskInstance: xcom_dag.processing_tasks.training_model_b 2021-03-12T06:04:01.150753+00:00 [queued]>
[2021-03-12 06:04:08,637] {taskinstance.py:826} INFO - Dependencies all met for <TaskInstance: xcom_dag.processing_tasks.training_model_b 2021-03-12T06:04:01.150753+00:00 [queued]>
[2021-03-12 06:04:08,637] {taskinstance.py:1017} INFO - 
--------------------------------------------------------------------------------
[2021-03-12 06:04:08,637] {taskinstance.py:1018} INFO - Starting attempt 1 of 1
[2021-03-12 06:04:08,637] {taskinstance.py:1019} INFO - 
--------------------------------------------------------------------------------
[2021-03-12 06:04:08,695] {taskinstance.py:1038} INFO - Executing <Task(PythonOperator): processing_tasks.training_model_b> on 2021-03-12T06:04:01.150753+00:00
[2021-03-12 06:04:08,701] {standard_task_runner.py:51} INFO - Started process 1744281 to run task
[2021-03-12 06:04:08,717] {standard_task_runner.py:75} INFO - Running: ['airflow', 'tasks', 'run', 'xcom_dag', 'processing_tasks.training_model_b', '2021-03-12T06:04:01.150753+00:00', '--job-id', '133', '--pool', 'default_pool', '--raw', '--subdir', 'DAGS_FOLDER/xcom_dag.py', '--cfg-path', '/tmp/tmpbj2p6m65']
[2021-03-12 06:04:08,746] {standard_task_runner.py:76} INFO - Job 133: Subtask processing_tasks.training_model_b
[2021-03-12 06:04:09,051] {logging_mixin.py:103} INFO - Running <TaskInstance: xcom_dag.processing_tasks.training_model_b 2021-03-12T06:04:01.150753+00:00 [running]> on host airflowvm
[2021-03-12 06:04:09,410] {taskinstance.py:1230} INFO - Exporting the following env vars:
AIRFLOW_CTX_DAG_OWNER=airflow
AIRFLOW_CTX_DAG_ID=xcom_dag
AIRFLOW_CTX_TASK_ID=processing_tasks.training_model_b
AIRFLOW_CTX_EXECUTION_DATE=2021-03-12T06:04:01.150753+00:00
AIRFLOW_CTX_DAG_RUN_ID=manual__2021-03-12T06:04:01.150753+00:00
[2021-03-12 06:04:09,411] {logging_mixin.py:103} INFO - model's accuracy: 6.034130622312766
[2021-03-12 06:04:09,490] {python.py:118} INFO - Done. Returned value was: None
[2021-03-12 06:04:09,557] {taskinstance.py:1135} INFO - Marking task as SUCCESS. dag_id=xcom_dag, task_id=processing_tasks.training_model_b, execution_date=20210312T060401, start_date=20210312T060408, end_date=20210312T060409
[2021-03-12 06:04:09,707] {taskinstance.py:1195} INFO - 1 downstream tasks scheduled from follow-on schedule check
[2021-03-12 06:04:09,749] {local_task_job.py:118} INFO - Task exited with return code 0
