[2021-03-11 04:53:14,138] {taskinstance.py:826} INFO - Dependencies all met for <TaskInstance: xcom_dag.downloading_data 2021-03-10T00:00:00+00:00 [queued]>
[2021-03-11 04:53:14,172] {taskinstance.py:826} INFO - Dependencies all met for <TaskInstance: xcom_dag.downloading_data 2021-03-10T00:00:00+00:00 [queued]>
[2021-03-11 04:53:14,172] {taskinstance.py:1017} INFO - 
--------------------------------------------------------------------------------
[2021-03-11 04:53:14,172] {taskinstance.py:1018} INFO - Starting attempt 1 of 1
[2021-03-11 04:53:14,172] {taskinstance.py:1019} INFO - 
--------------------------------------------------------------------------------
[2021-03-11 04:53:14,196] {taskinstance.py:1038} INFO - Executing <Task(BashOperator): downloading_data> on 2021-03-10T00:00:00+00:00
[2021-03-11 04:53:14,197] {standard_task_runner.py:51} INFO - Started process 104130 to run task
[2021-03-11 04:53:14,211] {standard_task_runner.py:75} INFO - Running: ['airflow', 'tasks', 'run', 'xcom_dag', 'downloading_data', '2021-03-10T00:00:00+00:00', '--job-id', '94', '--pool', 'default_pool', '--raw', '--subdir', 'DAGS_FOLDER/xcom_dag.py', '--cfg-path', '/tmp/tmpk6laemin']
[2021-03-11 04:53:14,211] {standard_task_runner.py:76} INFO - Job 94: Subtask downloading_data
[2021-03-11 04:53:14,357] {logging_mixin.py:103} INFO - Running <TaskInstance: xcom_dag.downloading_data 2021-03-10T00:00:00+00:00 [running]> on host airflowvm
[2021-03-11 04:53:14,482] {taskinstance.py:1230} INFO - Exporting the following env vars:
AIRFLOW_CTX_DAG_OWNER=airflow
AIRFLOW_CTX_DAG_ID=xcom_dag
AIRFLOW_CTX_TASK_ID=downloading_data
AIRFLOW_CTX_EXECUTION_DATE=2021-03-10T00:00:00+00:00
AIRFLOW_CTX_DAG_RUN_ID=scheduled__2021-03-10T00:00:00+00:00
[2021-03-11 04:53:14,482] {bash.py:135} INFO - Tmp dir root location: 
 /tmp
[2021-03-11 04:53:14,483] {bash.py:158} INFO - Running command: sleep 3
[2021-03-11 04:53:14,494] {bash.py:169} INFO - Output:
[2021-03-11 04:53:17,495] {bash.py:177} INFO - Command exited with return code 0
[2021-03-11 04:53:17,569] {taskinstance.py:1135} INFO - Marking task as SUCCESS. dag_id=xcom_dag, task_id=downloading_data, execution_date=20210310T000000, start_date=20210311T045314, end_date=20210311T045317
[2021-03-11 04:53:17,650] {taskinstance.py:1195} INFO - 3 downstream tasks scheduled from follow-on schedule check
[2021-03-11 04:53:17,675] {local_task_job.py:118} INFO - Task exited with return code 0
