[2021-03-12 06:04:11,054] {taskinstance.py:826} INFO - Dependencies all met for <TaskInstance: xcom_dag.task_4 2021-03-12T06:04:01.150753+00:00 [queued]>
[2021-03-12 06:04:11,103] {taskinstance.py:826} INFO - Dependencies all met for <TaskInstance: xcom_dag.task_4 2021-03-12T06:04:01.150753+00:00 [queued]>
[2021-03-12 06:04:11,103] {taskinstance.py:1017} INFO - 
--------------------------------------------------------------------------------
[2021-03-12 06:04:11,103] {taskinstance.py:1018} INFO - Starting attempt 1 of 1
[2021-03-12 06:04:11,103] {taskinstance.py:1019} INFO - 
--------------------------------------------------------------------------------
[2021-03-12 06:04:11,130] {taskinstance.py:1038} INFO - Executing <Task(BranchPythonOperator): task_4> on 2021-03-12T06:04:01.150753+00:00
[2021-03-12 06:04:11,145] {standard_task_runner.py:51} INFO - Started process 1744394 to run task
[2021-03-12 06:04:11,158] {standard_task_runner.py:75} INFO - Running: ['airflow', 'tasks', 'run', 'xcom_dag', 'task_4', '2021-03-12T06:04:01.150753+00:00', '--job-id', '135', '--pool', 'default_pool', '--raw', '--subdir', 'DAGS_FOLDER/xcom_dag.py', '--cfg-path', '/tmp/tmpifymhlmf']
[2021-03-12 06:04:11,159] {standard_task_runner.py:76} INFO - Job 135: Subtask task_4
[2021-03-12 06:04:11,298] {logging_mixin.py:103} INFO - Running <TaskInstance: xcom_dag.task_4 2021-03-12T06:04:01.150753+00:00 [running]> on host airflowvm
[2021-03-12 06:04:11,440] {taskinstance.py:1230} INFO - Exporting the following env vars:
AIRFLOW_CTX_DAG_OWNER=airflow
AIRFLOW_CTX_DAG_ID=xcom_dag
AIRFLOW_CTX_TASK_ID=task_4
AIRFLOW_CTX_EXECUTION_DATE=2021-03-12T06:04:01.150753+00:00
AIRFLOW_CTX_DAG_RUN_ID=manual__2021-03-12T06:04:01.150753+00:00
[2021-03-12 06:04:11,444] {logging_mixin.py:103} INFO - choose best model
[2021-03-12 06:04:11,476] {logging_mixin.py:103} INFO - [2.8232530731228853, 8.809475320108673, 6.034130622312766]
[2021-03-12 06:04:11,476] {python.py:118} INFO - Done. Returned value was: accurate
[2021-03-12 06:04:11,477] {skipmixin.py:124} INFO - Following branch accurate
[2021-03-12 06:04:11,506] {skipmixin.py:155} INFO - Skipping tasks ['inaccurate']
[2021-03-12 06:04:11,685] {taskinstance.py:1135} INFO - Marking task as SUCCESS. dag_id=xcom_dag, task_id=task_4, execution_date=20210312T060401, start_date=20210312T060411, end_date=20210312T060411
[2021-03-12 06:04:11,823] {taskinstance.py:1195} INFO - 1 downstream tasks scheduled from follow-on schedule check
[2021-03-12 06:04:11,859] {local_task_job.py:118} INFO - Task exited with return code 0
