[2021-03-10 09:24:40,126] {taskinstance.py:826} INFO - Dependencies all met for <TaskInstance: parallel_dag.bash3 2021-03-09T00:00:00+00:00 [queued]>
[2021-03-10 09:24:40,131] {taskinstance.py:826} INFO - Dependencies all met for <TaskInstance: parallel_dag.bash3 2021-03-09T00:00:00+00:00 [queued]>
[2021-03-10 09:24:40,131] {taskinstance.py:1017} INFO - 
--------------------------------------------------------------------------------
[2021-03-10 09:24:40,131] {taskinstance.py:1018} INFO - Starting attempt 1 of 1
[2021-03-10 09:24:40,131] {taskinstance.py:1019} INFO - 
--------------------------------------------------------------------------------
[2021-03-10 09:24:40,139] {taskinstance.py:1038} INFO - Executing <Task(BashOperator): bash3> on 2021-03-09T00:00:00+00:00
[2021-03-10 09:24:40,140] {standard_task_runner.py:51} INFO - Started process 45979 to run task
[2021-03-10 09:24:40,145] {standard_task_runner.py:75} INFO - Running: ['airflow', 'tasks', 'run', 'parallel_dag', 'bash3', '2021-03-09T00:00:00+00:00', '--job-id', '301', '--pool', 'default_pool', '--raw', '--subdir', 'DAGS_FOLDER/parallel_dag.py', '--cfg-path', '/tmp/tmp2yif0axq']
[2021-03-10 09:24:40,146] {standard_task_runner.py:76} INFO - Job 301: Subtask bash3
[2021-03-10 09:24:40,275] {logging_mixin.py:103} INFO - Running <TaskInstance: parallel_dag.bash3 2021-03-09T00:00:00+00:00 [running]> on host airflowvm
[2021-03-10 09:24:40,402] {taskinstance.py:1230} INFO - Exporting the following env vars:
AIRFLOW_CTX_DAG_OWNER=airflow
AIRFLOW_CTX_DAG_ID=parallel_dag
AIRFLOW_CTX_TASK_ID=bash3
AIRFLOW_CTX_EXECUTION_DATE=2021-03-09T00:00:00+00:00
AIRFLOW_CTX_DAG_RUN_ID=scheduled__2021-03-09T00:00:00+00:00
[2021-03-10 09:24:40,402] {bash.py:135} INFO - Tmp dir root location: 
 /tmp
[2021-03-10 09:24:40,402] {bash.py:158} INFO - Running command: sleep 3
[2021-03-10 09:24:40,406] {bash.py:169} INFO - Output:
[2021-03-10 09:24:43,408] {bash.py:177} INFO - Command exited with return code 0
[2021-03-10 09:24:43,423] {taskinstance.py:1135} INFO - Marking task as SUCCESS. dag_id=parallel_dag, task_id=bash3, execution_date=20210309T000000, start_date=20210310T092440, end_date=20210310T092443
[2021-03-10 09:24:43,439] {taskinstance.py:1195} INFO - 1 downstream tasks scheduled from follow-on schedule check
[2021-03-10 09:24:43,458] {local_task_job.py:118} INFO - Task exited with return code 0
[2021-03-10 09:48:38,276] {taskinstance.py:826} INFO - Dependencies all met for <TaskInstance: parallel_dag.bash3 2021-03-09T00:00:00+00:00 [queued]>
[2021-03-10 09:48:38,325] {taskinstance.py:826} INFO - Dependencies all met for <TaskInstance: parallel_dag.bash3 2021-03-09T00:00:00+00:00 [queued]>
[2021-03-10 09:48:38,325] {taskinstance.py:1017} INFO - 
--------------------------------------------------------------------------------
[2021-03-10 09:48:38,325] {taskinstance.py:1018} INFO - Starting attempt 1 of 1
[2021-03-10 09:48:38,325] {taskinstance.py:1019} INFO - 
--------------------------------------------------------------------------------
[2021-03-10 09:48:38,373] {taskinstance.py:1038} INFO - Executing <Task(BashOperator): bash3> on 2021-03-09T00:00:00+00:00
[2021-03-10 09:48:38,375] {standard_task_runner.py:51} INFO - Started process 81337 to run task
[2021-03-10 09:48:38,407] {standard_task_runner.py:75} INFO - Running: ['airflow', 'tasks', 'run', 'parallel_dag', 'bash3', '2021-03-09T00:00:00+00:00', '--job-id', '4', '--pool', 'default_pool', '--raw', '--subdir', 'DAGS_FOLDER/parallel_dag.py', '--cfg-path', '/tmp/tmpg_eufblm']
[2021-03-10 09:48:38,408] {standard_task_runner.py:76} INFO - Job 4: Subtask bash3
[2021-03-10 09:48:38,706] {logging_mixin.py:103} INFO - Running <TaskInstance: parallel_dag.bash3 2021-03-09T00:00:00+00:00 [running]> on host airflowvm
[2021-03-10 09:48:38,966] {taskinstance.py:1230} INFO - Exporting the following env vars:
AIRFLOW_CTX_DAG_OWNER=airflow
AIRFLOW_CTX_DAG_ID=parallel_dag
AIRFLOW_CTX_TASK_ID=bash3
AIRFLOW_CTX_EXECUTION_DATE=2021-03-09T00:00:00+00:00
AIRFLOW_CTX_DAG_RUN_ID=scheduled__2021-03-09T00:00:00+00:00
[2021-03-10 09:48:38,966] {bash.py:135} INFO - Tmp dir root location: 
 /tmp
[2021-03-10 09:48:38,967] {bash.py:158} INFO - Running command: sleep 3
[2021-03-10 09:48:38,985] {bash.py:169} INFO - Output:
[2021-03-10 09:48:41,996] {bash.py:177} INFO - Command exited with return code 0
[2021-03-10 09:48:42,115] {taskinstance.py:1135} INFO - Marking task as SUCCESS. dag_id=parallel_dag, task_id=bash3, execution_date=20210309T000000, start_date=20210310T094838, end_date=20210310T094842
[2021-03-10 09:48:42,215] {taskinstance.py:1195} INFO - 1 downstream tasks scheduled from follow-on schedule check
[2021-03-10 09:48:42,245] {local_task_job.py:118} INFO - Task exited with return code 0
