[2021-03-10 09:49:32,819] {taskinstance.py:826} INFO - Dependencies all met for <TaskInstance: parallel_dag.bash3 2021-03-09T00:00:00+00:00 [queued]>
[2021-03-10 09:49:32,871] {taskinstance.py:826} INFO - Dependencies all met for <TaskInstance: parallel_dag.bash3 2021-03-09T00:00:00+00:00 [queued]>
[2021-03-10 09:49:32,871] {taskinstance.py:1017} INFO - 
--------------------------------------------------------------------------------
[2021-03-10 09:49:32,871] {taskinstance.py:1018} INFO - Starting attempt 2 of 2
[2021-03-10 09:49:32,871] {taskinstance.py:1019} INFO - 
--------------------------------------------------------------------------------
[2021-03-10 09:49:32,898] {taskinstance.py:1038} INFO - Executing <Task(BashOperator): bash3> on 2021-03-09T00:00:00+00:00
[2021-03-10 09:49:32,899] {standard_task_runner.py:51} INFO - Started process 84690 to run task
[2021-03-10 09:49:32,928] {standard_task_runner.py:75} INFO - Running: ['airflow', 'tasks', 'run', 'parallel_dag', 'bash3', '2021-03-09T00:00:00+00:00', '--job-id', '9', '--pool', 'default_pool', '--raw', '--subdir', 'DAGS_FOLDER/parallel_dag.py', '--cfg-path', '/tmp/tmpdqf4g9y1']
[2021-03-10 09:49:32,929] {standard_task_runner.py:76} INFO - Job 9: Subtask bash3
[2021-03-10 09:49:33,184] {logging_mixin.py:103} INFO - Running <TaskInstance: parallel_dag.bash3 2021-03-09T00:00:00+00:00 [running]> on host airflowvm
[2021-03-10 09:49:33,467] {taskinstance.py:1230} INFO - Exporting the following env vars:
AIRFLOW_CTX_DAG_OWNER=airflow
AIRFLOW_CTX_DAG_ID=parallel_dag
AIRFLOW_CTX_TASK_ID=bash3
AIRFLOW_CTX_EXECUTION_DATE=2021-03-09T00:00:00+00:00
AIRFLOW_CTX_DAG_RUN_ID=scheduled__2021-03-09T00:00:00+00:00
[2021-03-10 09:49:33,467] {bash.py:135} INFO - Tmp dir root location: 
 /tmp
[2021-03-10 09:49:33,467] {bash.py:158} INFO - Running command: sleep 3
[2021-03-10 09:49:33,485] {bash.py:169} INFO - Output:
[2021-03-10 09:49:36,492] {bash.py:177} INFO - Command exited with return code 0
[2021-03-10 09:49:36,595] {taskinstance.py:1135} INFO - Marking task as SUCCESS. dag_id=parallel_dag, task_id=bash3, execution_date=20210309T000000, start_date=20210310T094932, end_date=20210310T094936
[2021-03-10 09:49:36,744] {taskinstance.py:1195} INFO - 0 downstream tasks scheduled from follow-on schedule check
[2021-03-10 09:49:36,751] {local_task_job.py:118} INFO - Task exited with return code 0
