[2021-03-10 11:41:45,405] {taskinstance.py:826} INFO - Dependencies all met for <TaskInstance: parallel_dag.bash3 2021-03-09T00:00:00+00:00 [queued]>
[2021-03-10 11:41:45,452] {taskinstance.py:826} INFO - Dependencies all met for <TaskInstance: parallel_dag.bash3 2021-03-09T00:00:00+00:00 [queued]>
[2021-03-10 11:41:45,452] {taskinstance.py:1017} INFO - 
--------------------------------------------------------------------------------
[2021-03-10 11:41:45,452] {taskinstance.py:1018} INFO - Starting attempt 3 of 3
[2021-03-10 11:41:45,453] {taskinstance.py:1019} INFO - 
--------------------------------------------------------------------------------
[2021-03-10 11:41:45,472] {taskinstance.py:1038} INFO - Executing <Task(BashOperator): bash3> on 2021-03-09T00:00:00+00:00
[2021-03-10 11:41:45,474] {standard_task_runner.py:51} INFO - Started process 113909 to run task
[2021-03-10 11:41:45,494] {standard_task_runner.py:75} INFO - Running: ['airflow', 'tasks', 'run', 'parallel_dag', 'bash3', '2021-03-09T00:00:00+00:00', '--job-id', '14', '--pool', 'default_pool', '--raw', '--subdir', 'DAGS_FOLDER/parallel_dag.py', '--cfg-path', '/tmp/tmp0jqqloq4']
[2021-03-10 11:41:45,497] {standard_task_runner.py:76} INFO - Job 14: Subtask bash3
[2021-03-10 11:41:45,685] {logging_mixin.py:103} INFO - Running <TaskInstance: parallel_dag.bash3 2021-03-09T00:00:00+00:00 [running]> on host airflowvm
[2021-03-10 11:41:45,885] {taskinstance.py:1230} INFO - Exporting the following env vars:
AIRFLOW_CTX_DAG_OWNER=airflow
AIRFLOW_CTX_DAG_ID=parallel_dag
AIRFLOW_CTX_TASK_ID=bash3
AIRFLOW_CTX_EXECUTION_DATE=2021-03-09T00:00:00+00:00
AIRFLOW_CTX_DAG_RUN_ID=scheduled__2021-03-09T00:00:00+00:00
[2021-03-10 11:41:45,885] {bash.py:135} INFO - Tmp dir root location: 
 /tmp
[2021-03-10 11:41:45,886] {bash.py:158} INFO - Running command: sleep 3
[2021-03-10 11:41:45,899] {bash.py:169} INFO - Output:
[2021-03-10 11:41:48,909] {bash.py:177} INFO - Command exited with return code 0
[2021-03-10 11:41:49,006] {taskinstance.py:1135} INFO - Marking task as SUCCESS. dag_id=parallel_dag, task_id=bash3, execution_date=20210309T000000, start_date=20210310T114145, end_date=20210310T114149
[2021-03-10 11:41:49,111] {taskinstance.py:1195} INFO - 1 downstream tasks scheduled from follow-on schedule check
[2021-03-10 11:41:49,126] {local_task_job.py:118} INFO - Task exited with return code 0
