[2021-03-12 05:01:32,826] {taskinstance.py:826} INFO - Dependencies all met for <TaskInstance: xcom_dag.processing_tasks.training_model_c 2021-03-12T05:01:25.502916+00:00 [queued]>
[2021-03-12 05:01:32,916] {taskinstance.py:826} INFO - Dependencies all met for <TaskInstance: xcom_dag.processing_tasks.training_model_c 2021-03-12T05:01:25.502916+00:00 [queued]>
[2021-03-12 05:01:32,916] {taskinstance.py:1017} INFO - 
--------------------------------------------------------------------------------
[2021-03-12 05:01:32,916] {taskinstance.py:1018} INFO - Starting attempt 1 of 1
[2021-03-12 05:01:32,916] {taskinstance.py:1019} INFO - 
--------------------------------------------------------------------------------
[2021-03-12 05:01:32,985] {taskinstance.py:1038} INFO - Executing <Task(PythonOperator): processing_tasks.training_model_c> on 2021-03-12T05:01:25.502916+00:00
[2021-03-12 05:01:32,987] {standard_task_runner.py:51} INFO - Started process 1518883 to run task
[2021-03-12 05:01:33,011] {standard_task_runner.py:75} INFO - Running: ['airflow', 'tasks', 'run', 'xcom_dag', 'processing_tasks.training_model_c', '2021-03-12T05:01:25.502916+00:00', '--job-id', '118', '--pool', 'default_pool', '--raw', '--subdir', 'DAGS_FOLDER/xcom_dag.py', '--cfg-path', '/tmp/tmpehxbnyh0']
[2021-03-12 05:01:33,012] {standard_task_runner.py:76} INFO - Job 118: Subtask processing_tasks.training_model_c
[2021-03-12 05:01:33,261] {logging_mixin.py:103} INFO - Running <TaskInstance: xcom_dag.processing_tasks.training_model_c 2021-03-12T05:01:25.502916+00:00 [running]> on host airflowvm
[2021-03-12 05:01:33,506] {taskinstance.py:1230} INFO - Exporting the following env vars:
AIRFLOW_CTX_DAG_OWNER=airflow
AIRFLOW_CTX_DAG_ID=xcom_dag
AIRFLOW_CTX_TASK_ID=processing_tasks.training_model_c
AIRFLOW_CTX_EXECUTION_DATE=2021-03-12T05:01:25.502916+00:00
AIRFLOW_CTX_DAG_RUN_ID=manual__2021-03-12T05:01:25.502916+00:00
[2021-03-12 05:01:33,506] {logging_mixin.py:103} INFO - model's accuracy: 8.49215832658303
[2021-03-12 05:01:33,598] {python.py:118} INFO - Done. Returned value was: None
[2021-03-12 05:01:33,670] {taskinstance.py:1135} INFO - Marking task as SUCCESS. dag_id=xcom_dag, task_id=processing_tasks.training_model_c, execution_date=20210312T050125, start_date=20210312T050132, end_date=20210312T050133
[2021-03-12 05:01:33,799] {taskinstance.py:1195} INFO - 0 downstream tasks scheduled from follow-on schedule check
[2021-03-12 05:01:33,826] {local_task_job.py:118} INFO - Task exited with return code 0
