[2021-03-10 07:02:46,613] {taskinstance.py:826} INFO - Dependencies all met for <TaskInstance: data_processing.extract_users 2021-01-22T00:00:00+00:00 [queued]>
[2021-03-10 07:02:46,628] {taskinstance.py:826} INFO - Dependencies all met for <TaskInstance: data_processing.extract_users 2021-01-22T00:00:00+00:00 [queued]>
[2021-03-10 07:02:46,629] {taskinstance.py:1017} INFO - 
--------------------------------------------------------------------------------
[2021-03-10 07:02:46,629] {taskinstance.py:1018} INFO - Starting attempt 1 of 1
[2021-03-10 07:02:46,629] {taskinstance.py:1019} INFO - 
--------------------------------------------------------------------------------
[2021-03-10 07:02:46,635] {taskinstance.py:1038} INFO - Executing <Task(SimpleHttpOperator): extract_users> on 2021-01-22T00:00:00+00:00
[2021-03-10 07:02:46,637] {standard_task_runner.py:51} INFO - Started process 42639 to run task
[2021-03-10 07:02:46,651] {standard_task_runner.py:75} INFO - Running: ['airflow', 'tasks', 'run', 'data_processing', 'extract_users', '2021-01-22T00:00:00+00:00', '--job-id', '122', '--pool', 'default_pool', '--raw', '--subdir', 'DAGS_FOLDER/data_processing.py', '--cfg-path', '/tmp/tmp97nebuni']
[2021-03-10 07:02:46,651] {standard_task_runner.py:76} INFO - Job 122: Subtask extract_users
[2021-03-10 07:02:46,792] {logging_mixin.py:103} INFO - Running <TaskInstance: data_processing.extract_users 2021-01-22T00:00:00+00:00 [running]> on host airflowvm
[2021-03-10 07:02:46,922] {taskinstance.py:1230} INFO - Exporting the following env vars:
AIRFLOW_CTX_DAG_OWNER=airflow
AIRFLOW_CTX_DAG_ID=data_processing
AIRFLOW_CTX_TASK_ID=extract_users
AIRFLOW_CTX_EXECUTION_DATE=2021-01-22T00:00:00+00:00
AIRFLOW_CTX_DAG_RUN_ID=scheduled__2021-01-22T00:00:00+00:00
[2021-03-10 07:02:46,922] {http.py:106} INFO - Calling HTTP method
[2021-03-10 07:02:46,929] {base.py:65} INFO - Using connection to: id: user_api. Host: https://randomuser.me/, Port: None, Schema: , Login: , Password: None, extra: None
[2021-03-10 07:02:46,930] {http.py:140} INFO - Sending 'GET' to url: https://randomuser.me/api/
[2021-03-10 07:02:47,477] {http.py:110} INFO - {"results":[{"gender":"female","name":{"title":"Mrs","first":"کیمیا","last":"نجاتی"},"location":{"street":{"number":7481,"name":"یادگار امام"},"city":"دزفول","state":"گلستان","country":"Iran","postcode":52364,"coordinates":{"latitude":"32.4215","longitude":"173.6702"},"timezone":{"offset":"-4:00","description":"Atlantic Time (Canada), Caracas, La Paz"}},"email":"khymy.njty@example.com","login":{"uuid":"eb64bf6e-791e-483d-b864-3856479d54a6","username":"crazyduck582","password":"gaston","salt":"Kg5FpYEH","md5":"aacc6392d3426bf18e0e7fffc4912529","sha1":"f026178a2e586468397e0d54e6dcee9225f68ba7","sha256":"b0bdc616fcb9900ba1eaf579c7b699a6ad1a3b574908077ec426c49d5794f018"},"dob":{"date":"1963-02-01T11:30:55.711Z","age":58},"registered":{"date":"2009-11-09T11:00:46.163Z","age":12},"phone":"046-83264762","cell":"0952-672-9426","id":{"name":"","value":null},"picture":{"large":"https://randomuser.me/api/portraits/women/28.jpg","medium":"https://randomuser.me/api/portraits/med/women/28.jpg","thumbnail":"https://randomuser.me/api/portraits/thumb/women/28.jpg"},"nat":"IR"}],"info":{"seed":"50e397160959e9a8","results":1,"page":1,"version":"1.3"}}
[2021-03-10 07:02:47,499] {taskinstance.py:1135} INFO - Marking task as SUCCESS. dag_id=data_processing, task_id=extract_users, execution_date=20210122T000000, start_date=20210310T070246, end_date=20210310T070247
[2021-03-10 07:02:47,524] {taskinstance.py:1195} INFO - 1 downstream tasks scheduled from follow-on schedule check
[2021-03-10 07:02:47,552] {local_task_job.py:118} INFO - Task exited with return code 0
