[2021-04-05 18:27:25,970] {taskinstance.py:826} INFO - Dependencies all met for <TaskInstance: baxa_lead_importer.main 2021-04-05T18:27:24.781671+00:00 [queued]>
[2021-04-05 18:27:25,997] {taskinstance.py:826} INFO - Dependencies all met for <TaskInstance: baxa_lead_importer.main 2021-04-05T18:27:24.781671+00:00 [queued]>
[2021-04-05 18:27:25,997] {taskinstance.py:1017} INFO - 
--------------------------------------------------------------------------------
[2021-04-05 18:27:25,997] {taskinstance.py:1018} INFO - Starting attempt 1 of 2
[2021-04-05 18:27:25,997] {taskinstance.py:1019} INFO - 
--------------------------------------------------------------------------------
[2021-04-05 18:27:26,030] {taskinstance.py:1038} INFO - Executing <Task(BashOperator): main> on 2021-04-05T18:27:24.781671+00:00
[2021-04-05 18:27:26,045] {standard_task_runner.py:51} INFO - Started process 90333 to run task
[2021-04-05 18:27:26,070] {standard_task_runner.py:75} INFO - Running: ['airflow', 'tasks', 'run', 'baxa_lead_importer', 'main', '2021-04-05T18:27:24.781671+00:00', '--job-id', '14', '--pool', 'default_pool', '--raw', '--subdir', 'DAGS_FOLDER/baxa_lead_importer.py', '--cfg-path', '/tmp/tmpqemicfyg']
[2021-04-05 18:27:26,070] {standard_task_runner.py:76} INFO - Job 14: Subtask main
[2021-04-05 18:27:26,213] {logging_mixin.py:103} INFO - Running <TaskInstance: baxa_lead_importer.main 2021-04-05T18:27:24.781671+00:00 [running]> on host airflowvm
[2021-04-05 18:27:26,371] {taskinstance.py:1230} INFO - Exporting the following env vars:
AIRFLOW_CTX_DAG_EMAIL=arun.padmanabhan00@gmail.com
AIRFLOW_CTX_DAG_OWNER=airflow
AIRFLOW_CTX_DAG_ID=baxa_lead_importer
AIRFLOW_CTX_TASK_ID=main
AIRFLOW_CTX_EXECUTION_DATE=2021-04-05T18:27:24.781671+00:00
AIRFLOW_CTX_DAG_RUN_ID=manual__2021-04-05T18:27:24.781671+00:00
[2021-04-05 18:27:26,372] {bash.py:135} INFO - Tmp dir root location: 
 /tmp
[2021-04-05 18:27:26,372] {bash.py:158} INFO - Running command: sleep 20
[2021-04-05 18:27:26,407] {bash.py:169} INFO - Output:
[2021-04-05 18:27:46,419] {bash.py:177} INFO - Command exited with return code 0
[2021-04-05 18:27:46,492] {taskinstance.py:1135} INFO - Marking task as SUCCESS. dag_id=baxa_lead_importer, task_id=main, execution_date=20210405T182724, start_date=20210405T182725, end_date=20210405T182746
[2021-04-05 18:27:46,563] {taskinstance.py:1195} INFO - 0 downstream tasks scheduled from follow-on schedule check
[2021-04-05 18:27:46,570] {local_task_job.py:118} INFO - Task exited with return code 0
