[2021-03-10 09:24:35,331] {taskinstance.py:826} INFO - Dependencies all met for <TaskInstance: parallel_dag.bash2 2021-03-09T00:00:00+00:00 [queued]>
[2021-03-10 09:24:35,335] {taskinstance.py:826} INFO - Dependencies all met for <TaskInstance: parallel_dag.bash2 2021-03-09T00:00:00+00:00 [queued]>
[2021-03-10 09:24:35,335] {taskinstance.py:1017} INFO - 
--------------------------------------------------------------------------------
[2021-03-10 09:24:35,335] {taskinstance.py:1018} INFO - Starting attempt 1 of 1
[2021-03-10 09:24:35,335] {taskinstance.py:1019} INFO - 
--------------------------------------------------------------------------------
[2021-03-10 09:24:35,352] {taskinstance.py:1038} INFO - Executing <Task(BashOperator): bash2> on 2021-03-09T00:00:00+00:00
[2021-03-10 09:24:35,354] {standard_task_runner.py:51} INFO - Started process 45969 to run task
[2021-03-10 09:24:35,362] {standard_task_runner.py:75} INFO - Running: ['airflow', 'tasks', 'run', 'parallel_dag', 'bash2', '2021-03-09T00:00:00+00:00', '--job-id', '300', '--pool', 'default_pool', '--raw', '--subdir', 'DAGS_FOLDER/parallel_dag.py', '--cfg-path', '/tmp/tmpu5rwz283']
[2021-03-10 09:24:35,363] {standard_task_runner.py:76} INFO - Job 300: Subtask bash2
[2021-03-10 09:24:35,586] {logging_mixin.py:103} INFO - Running <TaskInstance: parallel_dag.bash2 2021-03-09T00:00:00+00:00 [running]> on host airflowvm
[2021-03-10 09:24:35,758] {taskinstance.py:1230} INFO - Exporting the following env vars:
AIRFLOW_CTX_DAG_OWNER=airflow
AIRFLOW_CTX_DAG_ID=parallel_dag
AIRFLOW_CTX_TASK_ID=bash2
AIRFLOW_CTX_EXECUTION_DATE=2021-03-09T00:00:00+00:00
AIRFLOW_CTX_DAG_RUN_ID=scheduled__2021-03-09T00:00:00+00:00
[2021-03-10 09:24:35,759] {bash.py:135} INFO - Tmp dir root location: 
 /tmp
[2021-03-10 09:24:35,759] {bash.py:158} INFO - Running command: sleep 3
[2021-03-10 09:24:35,762] {bash.py:169} INFO - Output:
[2021-03-10 09:24:38,769] {bash.py:177} INFO - Command exited with return code 0
[2021-03-10 09:24:38,785] {taskinstance.py:1135} INFO - Marking task as SUCCESS. dag_id=parallel_dag, task_id=bash2, execution_date=20210309T000000, start_date=20210310T092435, end_date=20210310T092438
[2021-03-10 09:24:38,800] {taskinstance.py:1195} INFO - 0 downstream tasks scheduled from follow-on schedule check
[2021-03-10 09:24:38,842] {local_task_job.py:118} INFO - Task exited with return code 0
[2021-03-10 09:48:38,275] {taskinstance.py:826} INFO - Dependencies all met for <TaskInstance: parallel_dag.bash2 2021-03-09T00:00:00+00:00 [queued]>
[2021-03-10 09:48:38,323] {taskinstance.py:826} INFO - Dependencies all met for <TaskInstance: parallel_dag.bash2 2021-03-09T00:00:00+00:00 [queued]>
[2021-03-10 09:48:38,323] {taskinstance.py:1017} INFO - 
--------------------------------------------------------------------------------
[2021-03-10 09:48:38,323] {taskinstance.py:1018} INFO - Starting attempt 1 of 1
[2021-03-10 09:48:38,323] {taskinstance.py:1019} INFO - 
--------------------------------------------------------------------------------
[2021-03-10 09:48:38,370] {taskinstance.py:1038} INFO - Executing <Task(BashOperator): bash2> on 2021-03-09T00:00:00+00:00
[2021-03-10 09:48:38,378] {standard_task_runner.py:51} INFO - Started process 81338 to run task
[2021-03-10 09:48:38,415] {standard_task_runner.py:75} INFO - Running: ['airflow', 'tasks', 'run', 'parallel_dag', 'bash2', '2021-03-09T00:00:00+00:00', '--job-id', '5', '--pool', 'default_pool', '--raw', '--subdir', 'DAGS_FOLDER/parallel_dag.py', '--cfg-path', '/tmp/tmprphxbari']
[2021-03-10 09:48:38,416] {standard_task_runner.py:76} INFO - Job 5: Subtask bash2
[2021-03-10 09:48:38,703] {logging_mixin.py:103} INFO - Running <TaskInstance: parallel_dag.bash2 2021-03-09T00:00:00+00:00 [running]> on host airflowvm
[2021-03-10 09:48:38,956] {taskinstance.py:1230} INFO - Exporting the following env vars:
AIRFLOW_CTX_DAG_OWNER=airflow
AIRFLOW_CTX_DAG_ID=parallel_dag
AIRFLOW_CTX_TASK_ID=bash2
AIRFLOW_CTX_EXECUTION_DATE=2021-03-09T00:00:00+00:00
AIRFLOW_CTX_DAG_RUN_ID=scheduled__2021-03-09T00:00:00+00:00
[2021-03-10 09:48:38,956] {bash.py:135} INFO - Tmp dir root location: 
 /tmp
[2021-03-10 09:48:38,957] {bash.py:158} INFO - Running command: sleep 3
[2021-03-10 09:48:38,982] {bash.py:169} INFO - Output:
[2021-03-10 09:48:41,993] {bash.py:177} INFO - Command exited with return code 0
[2021-03-10 09:48:42,116] {taskinstance.py:1135} INFO - Marking task as SUCCESS. dag_id=parallel_dag, task_id=bash2, execution_date=20210309T000000, start_date=20210310T094838, end_date=20210310T094842
[2021-03-10 09:48:42,224] {taskinstance.py:1195} INFO - 0 downstream tasks scheduled from follow-on schedule check
[2021-03-10 09:48:42,248] {local_task_job.py:118} INFO - Task exited with return code 0
