[2021-03-10 09:49:32,820] {taskinstance.py:826} INFO - Dependencies all met for <TaskInstance: parallel_dag.bash2 2021-03-09T00:00:00+00:00 [queued]>
[2021-03-10 09:49:32,869] {taskinstance.py:826} INFO - Dependencies all met for <TaskInstance: parallel_dag.bash2 2021-03-09T00:00:00+00:00 [queued]>
[2021-03-10 09:49:32,869] {taskinstance.py:1017} INFO - 
--------------------------------------------------------------------------------
[2021-03-10 09:49:32,869] {taskinstance.py:1018} INFO - Starting attempt 2 of 2
[2021-03-10 09:49:32,869] {taskinstance.py:1019} INFO - 
--------------------------------------------------------------------------------
[2021-03-10 09:49:32,894] {taskinstance.py:1038} INFO - Executing <Task(BashOperator): bash2> on 2021-03-09T00:00:00+00:00
[2021-03-10 09:49:32,895] {standard_task_runner.py:51} INFO - Started process 84689 to run task
[2021-03-10 09:49:32,933] {standard_task_runner.py:75} INFO - Running: ['airflow', 'tasks', 'run', 'parallel_dag', 'bash2', '2021-03-09T00:00:00+00:00', '--job-id', '8', '--pool', 'default_pool', '--raw', '--subdir', 'DAGS_FOLDER/parallel_dag.py', '--cfg-path', '/tmp/tmp93dab7bu']
[2021-03-10 09:49:32,937] {standard_task_runner.py:76} INFO - Job 8: Subtask bash2
[2021-03-10 09:49:33,186] {logging_mixin.py:103} INFO - Running <TaskInstance: parallel_dag.bash2 2021-03-09T00:00:00+00:00 [running]> on host airflowvm
[2021-03-10 09:49:33,463] {taskinstance.py:1230} INFO - Exporting the following env vars:
AIRFLOW_CTX_DAG_OWNER=airflow
AIRFLOW_CTX_DAG_ID=parallel_dag
AIRFLOW_CTX_TASK_ID=bash2
AIRFLOW_CTX_EXECUTION_DATE=2021-03-09T00:00:00+00:00
AIRFLOW_CTX_DAG_RUN_ID=scheduled__2021-03-09T00:00:00+00:00
[2021-03-10 09:49:33,464] {bash.py:135} INFO - Tmp dir root location: 
 /tmp
[2021-03-10 09:49:33,464] {bash.py:158} INFO - Running command: sleep 3
[2021-03-10 09:49:33,484] {bash.py:169} INFO - Output:
[2021-03-10 09:49:36,488] {bash.py:177} INFO - Command exited with return code 0
[2021-03-10 09:49:36,615] {taskinstance.py:1135} INFO - Marking task as SUCCESS. dag_id=parallel_dag, task_id=bash2, execution_date=20210309T000000, start_date=20210310T094932, end_date=20210310T094936
[2021-03-10 09:49:36,739] {taskinstance.py:1195} INFO - 0 downstream tasks scheduled from follow-on schedule check
[2021-03-10 09:49:36,748] {local_task_job.py:118} INFO - Task exited with return code 0
