[2021-03-10 06:48:07,821] {taskinstance.py:826} INFO - Dependencies all met for <TaskInstance: data_processing.processing_user 2021-03-10T06:46:19.464151+00:00 [queued]>
[2021-03-10 06:48:07,827] {taskinstance.py:826} INFO - Dependencies all met for <TaskInstance: data_processing.processing_user 2021-03-10T06:46:19.464151+00:00 [queued]>
[2021-03-10 06:48:07,827] {taskinstance.py:1017} INFO - 
--------------------------------------------------------------------------------
[2021-03-10 06:48:07,827] {taskinstance.py:1018} INFO - Starting attempt 1 of 1
[2021-03-10 06:48:07,827] {taskinstance.py:1019} INFO - 
--------------------------------------------------------------------------------
[2021-03-10 06:48:07,835] {taskinstance.py:1038} INFO - Executing <Task(PythonOperator): processing_user> on 2021-03-10T06:46:19.464151+00:00
[2021-03-10 06:48:07,837] {standard_task_runner.py:51} INFO - Started process 40234 to run task
[2021-03-10 06:48:07,841] {standard_task_runner.py:75} INFO - Running: ['airflow', 'tasks', 'run', 'data_processing', 'processing_user', '2021-03-10T06:46:19.464151+00:00', '--job-id', '13', '--pool', 'default_pool', '--raw', '--subdir', 'DAGS_FOLDER/data_processing.py', '--cfg-path', '/tmp/tmpei46oihc']
[2021-03-10 06:48:07,841] {standard_task_runner.py:76} INFO - Job 13: Subtask processing_user
[2021-03-10 06:48:07,967] {logging_mixin.py:103} INFO - Running <TaskInstance: data_processing.processing_user 2021-03-10T06:46:19.464151+00:00 [running]> on host airflowvm
[2021-03-10 06:48:08,090] {taskinstance.py:1230} INFO - Exporting the following env vars:
AIRFLOW_CTX_DAG_OWNER=airflow
AIRFLOW_CTX_DAG_ID=data_processing
AIRFLOW_CTX_TASK_ID=processing_user
AIRFLOW_CTX_EXECUTION_DATE=2021-03-10T06:46:19.464151+00:00
AIRFLOW_CTX_DAG_RUN_ID=manual__2021-03-10T06:46:19.464151+00:00
[2021-03-10 06:48:08,097] {python.py:118} INFO - Done. Returned value was: None
[2021-03-10 06:48:08,100] {taskinstance.py:1135} INFO - Marking task as SUCCESS. dag_id=data_processing, task_id=processing_user, execution_date=20210310T064619, start_date=20210310T064807, end_date=20210310T064808
[2021-03-10 06:48:08,114] {taskinstance.py:1195} INFO - 1 downstream tasks scheduled from follow-on schedule check
[2021-03-10 06:48:08,145] {local_task_job.py:118} INFO - Task exited with return code 0
