[2021-03-11 04:25:19,410] {taskinstance.py:826} INFO - Dependencies all met for <TaskInstance: parallel_dag.bash4 2021-03-11T04:25:18.026530+00:00 [queued]>
[2021-03-11 04:25:19,448] {taskinstance.py:826} INFO - Dependencies all met for <TaskInstance: parallel_dag.bash4 2021-03-11T04:25:18.026530+00:00 [queued]>
[2021-03-11 04:25:19,448] {taskinstance.py:1017} INFO - 
--------------------------------------------------------------------------------
[2021-03-11 04:25:19,448] {taskinstance.py:1018} INFO - Starting attempt 1 of 1
[2021-03-11 04:25:19,448] {taskinstance.py:1019} INFO - 
--------------------------------------------------------------------------------
[2021-03-11 04:25:19,471] {taskinstance.py:1038} INFO - Executing <Task(BashOperator): bash4> on 2021-03-11T04:25:18.026530+00:00
[2021-03-11 04:25:19,472] {standard_task_runner.py:51} INFO - Started process 13069 to run task
[2021-03-11 04:25:19,490] {standard_task_runner.py:75} INFO - Running: ['airflow', 'tasks', 'run', 'parallel_dag', 'bash4', '2021-03-11T04:25:18.026530+00:00', '--job-id', '90', '--pool', 'default_pool', '--raw', '--subdir', 'DAGS_FOLDER/parallel_dag.py', '--cfg-path', '/tmp/tmpf8aubcng']
[2021-03-11 04:25:19,491] {standard_task_runner.py:76} INFO - Job 90: Subtask bash4
[2021-03-11 04:25:19,632] {logging_mixin.py:103} INFO - Running <TaskInstance: parallel_dag.bash4 2021-03-11T04:25:18.026530+00:00 [running]> on host airflowvm
[2021-03-11 04:25:19,758] {taskinstance.py:1230} INFO - Exporting the following env vars:
AIRFLOW_CTX_DAG_OWNER=airflow
AIRFLOW_CTX_DAG_ID=parallel_dag
AIRFLOW_CTX_TASK_ID=bash4
AIRFLOW_CTX_EXECUTION_DATE=2021-03-11T04:25:18.026530+00:00
AIRFLOW_CTX_DAG_RUN_ID=manual__2021-03-11T04:25:18.026530+00:00
[2021-03-11 04:25:19,759] {bash.py:135} INFO - Tmp dir root location: 
 /tmp
[2021-03-11 04:25:19,759] {bash.py:158} INFO - Running command: sleep 3
[2021-03-11 04:25:19,769] {bash.py:169} INFO - Output:
[2021-03-11 04:25:22,768] {bash.py:177} INFO - Command exited with return code 0
[2021-03-11 04:25:22,834] {taskinstance.py:1135} INFO - Marking task as SUCCESS. dag_id=parallel_dag, task_id=bash4, execution_date=20210311T042518, start_date=20210311T042519, end_date=20210311T042522
[2021-03-11 04:25:22,897] {taskinstance.py:1195} INFO - 2 downstream tasks scheduled from follow-on schedule check
[2021-03-11 04:25:22,925] {local_task_job.py:118} INFO - Task exited with return code 0
