[2021-03-10 06:59:21,845] {taskinstance.py:826} INFO - Dependencies all met for <TaskInstance: data_processing.extract_users 2021-01-05T00:00:00+00:00 [queued]>
[2021-03-10 06:59:21,851] {taskinstance.py:826} INFO - Dependencies all met for <TaskInstance: data_processing.extract_users 2021-01-05T00:00:00+00:00 [queued]>
[2021-03-10 06:59:21,851] {taskinstance.py:1017} INFO - 
--------------------------------------------------------------------------------
[2021-03-10 06:59:21,851] {taskinstance.py:1018} INFO - Starting attempt 1 of 1
[2021-03-10 06:59:21,851] {taskinstance.py:1019} INFO - 
--------------------------------------------------------------------------------
[2021-03-10 06:59:21,858] {taskinstance.py:1038} INFO - Executing <Task(SimpleHttpOperator): extract_users> on 2021-01-05T00:00:00+00:00
[2021-03-10 06:59:21,859] {standard_task_runner.py:51} INFO - Started process 41990 to run task
[2021-03-10 06:59:21,865] {standard_task_runner.py:75} INFO - Running: ['airflow', 'tasks', 'run', 'data_processing', 'extract_users', '2021-01-05T00:00:00+00:00', '--job-id', '37', '--pool', 'default_pool', '--raw', '--subdir', 'DAGS_FOLDER/data_processing.py', '--cfg-path', '/tmp/tmp823ayy3r']
[2021-03-10 06:59:21,865] {standard_task_runner.py:76} INFO - Job 37: Subtask extract_users
[2021-03-10 06:59:22,001] {logging_mixin.py:103} INFO - Running <TaskInstance: data_processing.extract_users 2021-01-05T00:00:00+00:00 [running]> on host airflowvm
[2021-03-10 06:59:22,129] {taskinstance.py:1230} INFO - Exporting the following env vars:
AIRFLOW_CTX_DAG_OWNER=airflow
AIRFLOW_CTX_DAG_ID=data_processing
AIRFLOW_CTX_TASK_ID=extract_users
AIRFLOW_CTX_EXECUTION_DATE=2021-01-05T00:00:00+00:00
AIRFLOW_CTX_DAG_RUN_ID=scheduled__2021-01-05T00:00:00+00:00
[2021-03-10 06:59:22,129] {http.py:106} INFO - Calling HTTP method
[2021-03-10 06:59:22,132] {base.py:65} INFO - Using connection to: id: user_api. Host: https://randomuser.me/, Port: None, Schema: , Login: , Password: None, extra: None
[2021-03-10 06:59:22,134] {http.py:140} INFO - Sending 'GET' to url: https://randomuser.me/api/
[2021-03-10 06:59:22,676] {http.py:110} INFO - {"results":[{"gender":"female","name":{"title":"Miss","first":"Annabelle","last":"Harris"},"location":{"street":{"number":9470,"name":"Mornington Road"},"city":"Whanganui","state":"Canterbury","country":"New Zealand","postcode":57441,"coordinates":{"latitude":"58.8136","longitude":"96.5789"},"timezone":{"offset":"-12:00","description":"Eniwetok, Kwajalein"}},"email":"annabelle.harris@example.com","login":{"uuid":"1300f8e2-874d-4bf1-81e3-a3dd67683c9e","username":"brownostrich274","password":"tweety","salt":"Br2Q0gqe","md5":"b8acc9825bb8fd35d6ede27e2232a60e","sha1":"fbdb62b73485c481d96ffffe6f2de66ded36477e","sha256":"08eb3d77c0e8831dcfad9c14226ce9b86abd77273dd6860bc323b9263cca035e"},"dob":{"date":"1989-11-30T11:14:01.214Z","age":32},"registered":{"date":"2016-12-13T16:44:46.700Z","age":5},"phone":"(445)-286-9860","cell":"(158)-297-6942","id":{"name":"","value":null},"picture":{"large":"https://randomuser.me/api/portraits/women/38.jpg","medium":"https://randomuser.me/api/portraits/med/women/38.jpg","thumbnail":"https://randomuser.me/api/portraits/thumb/women/38.jpg"},"nat":"NZ"}],"info":{"seed":"2937b995655bb1f0","results":1,"page":1,"version":"1.3"}}
[2021-03-10 06:59:22,690] {taskinstance.py:1135} INFO - Marking task as SUCCESS. dag_id=data_processing, task_id=extract_users, execution_date=20210105T000000, start_date=20210310T065921, end_date=20210310T065922
[2021-03-10 06:59:22,705] {taskinstance.py:1195} INFO - 1 downstream tasks scheduled from follow-on schedule check
[2021-03-10 06:59:22,731] {local_task_job.py:118} INFO - Task exited with return code 0
