[2021-04-05 05:10:33,624] {taskinstance.py:826} INFO - Dependencies all met for <TaskInstance: parallel_dag.processing_tasks.bash3 2021-04-04T00:00:00+00:00 [queued]>
[2021-04-05 05:10:33,942] {taskinstance.py:826} INFO - Dependencies all met for <TaskInstance: parallel_dag.processing_tasks.bash3 2021-04-04T00:00:00+00:00 [queued]>
[2021-04-05 05:10:33,942] {taskinstance.py:1017} INFO - 
--------------------------------------------------------------------------------
[2021-04-05 05:10:33,942] {taskinstance.py:1018} INFO - Starting attempt 1 of 1
[2021-04-05 05:10:33,942] {taskinstance.py:1019} INFO - 
--------------------------------------------------------------------------------
[2021-04-05 05:10:34,107] {taskinstance.py:1038} INFO - Executing <Task(BashOperator): processing_tasks.bash3> on 2021-04-04T00:00:00+00:00
[2021-04-05 05:10:34,170] {standard_task_runner.py:51} INFO - Started process 2549 to run task
[2021-04-05 05:10:34,238] {standard_task_runner.py:75} INFO - Running: ['airflow', 'tasks', 'run', 'parallel_dag', 'processing_tasks.bash3', '2021-04-04T00:00:00+00:00', '--job-id', '284', '--pool', 'default_pool', '--raw', '--subdir', 'DAGS_FOLDER/parallel_dag.py', '--cfg-path', '/tmp/tmpfdjg3_cs']
[2021-04-05 05:10:34,239] {standard_task_runner.py:76} INFO - Job 284: Subtask processing_tasks.bash3
[2021-04-05 05:10:35,073] {logging_mixin.py:103} INFO - Running <TaskInstance: parallel_dag.processing_tasks.bash3 2021-04-04T00:00:00+00:00 [running]> on host airflowvm
[2021-04-05 05:10:35,803] {taskinstance.py:1230} INFO - Exporting the following env vars:
AIRFLOW_CTX_DAG_OWNER=airflow
AIRFLOW_CTX_DAG_ID=parallel_dag
AIRFLOW_CTX_TASK_ID=processing_tasks.bash3
AIRFLOW_CTX_EXECUTION_DATE=2021-04-04T00:00:00+00:00
AIRFLOW_CTX_DAG_RUN_ID=scheduled__2021-04-04T00:00:00+00:00
[2021-04-05 05:10:35,804] {bash.py:135} INFO - Tmp dir root location: 
 /tmp
[2021-04-05 05:10:35,805] {bash.py:158} INFO - Running command: sleep 3
[2021-04-05 05:10:36,099] {bash.py:169} INFO - Output:
[2021-04-05 05:10:39,106] {bash.py:177} INFO - Command exited with return code 0
[2021-04-05 05:10:39,304] {taskinstance.py:1135} INFO - Marking task as SUCCESS. dag_id=parallel_dag, task_id=processing_tasks.bash3, execution_date=20210404T000000, start_date=20210405T051033, end_date=20210405T051039
[2021-04-05 05:10:39,417] {local_task_job.py:169} WARNING - State of this instance has been externally set to success. Terminating instance.
[2021-04-05 05:10:39,489] {process_utils.py:95} INFO - Sending Signals.SIGTERM to GPID 2549
[2021-04-05 05:10:39,520] {taskinstance.py:1214} ERROR - Received SIGTERM. Terminating subprocesses.
[2021-04-05 05:10:39,520] {bash.py:185} INFO - Sending SIGTERM signal to bash process group
[2021-04-05 05:10:39,537] {process_utils.py:61} INFO - Process psutil.Process(pid=2549, status='terminated', exitcode=1, started='05:10:33') (2549) terminated with exit code 1
[2021-04-05 05:10:39,538] {local_task_job.py:118} INFO - Task exited with return code 1
