[2021-03-10 09:17:46,458] {taskinstance.py:826} INFO - Dependencies all met for <TaskInstance: data_processing.extract_users 2021-02-24T00:00:00+00:00 [queued]>
[2021-03-10 09:17:46,466] {taskinstance.py:826} INFO - Dependencies all met for <TaskInstance: data_processing.extract_users 2021-02-24T00:00:00+00:00 [queued]>
[2021-03-10 09:17:46,466] {taskinstance.py:1017} INFO - 
--------------------------------------------------------------------------------
[2021-03-10 09:17:46,467] {taskinstance.py:1018} INFO - Starting attempt 1 of 1
[2021-03-10 09:17:46,467] {taskinstance.py:1019} INFO - 
--------------------------------------------------------------------------------
[2021-03-10 09:17:46,476] {taskinstance.py:1038} INFO - Executing <Task(SimpleHttpOperator): extract_users> on 2021-02-24T00:00:00+00:00
[2021-03-10 09:17:46,478] {standard_task_runner.py:51} INFO - Started process 44901 to run task
[2021-03-10 09:17:46,483] {standard_task_runner.py:75} INFO - Running: ['airflow', 'tasks', 'run', 'data_processing', 'extract_users', '2021-02-24T00:00:00+00:00', '--job-id', '289', '--pool', 'default_pool', '--raw', '--subdir', 'DAGS_FOLDER/data_processing.py', '--cfg-path', '/tmp/tmpmvapx_aa']
[2021-03-10 09:17:46,484] {standard_task_runner.py:76} INFO - Job 289: Subtask extract_users
[2021-03-10 09:17:46,611] {logging_mixin.py:103} INFO - Running <TaskInstance: data_processing.extract_users 2021-02-24T00:00:00+00:00 [running]> on host airflowvm
[2021-03-10 09:17:46,746] {taskinstance.py:1230} INFO - Exporting the following env vars:
AIRFLOW_CTX_DAG_OWNER=airflow
AIRFLOW_CTX_DAG_ID=data_processing
AIRFLOW_CTX_TASK_ID=extract_users
AIRFLOW_CTX_EXECUTION_DATE=2021-02-24T00:00:00+00:00
AIRFLOW_CTX_DAG_RUN_ID=scheduled__2021-02-24T00:00:00+00:00
[2021-03-10 09:17:46,747] {http.py:106} INFO - Calling HTTP method
[2021-03-10 09:17:46,750] {base.py:65} INFO - Using connection to: id: user_api. Host: https://randomuser.me/, Port: None, Schema: , Login: , Password: None, extra: None
[2021-03-10 09:17:46,752] {http.py:140} INFO - Sending 'GET' to url: https://randomuser.me/api/
[2021-03-10 09:17:47,580] {http.py:110} INFO - {"results":[{"gender":"female","name":{"title":"Ms","first":"Christina","last":"Fowler"},"location":{"street":{"number":3273,"name":"Woodlawn Avenue"},"city":"Athenry","state":"Waterford","country":"Ireland","postcode":87980,"coordinates":{"latitude":"17.7223","longitude":"144.3597"},"timezone":{"offset":"-2:00","description":"Mid-Atlantic"}},"email":"christina.fowler@example.com","login":{"uuid":"34b65f0e-d1c7-476f-984f-949a27ffe833","username":"whitemeercat346","password":"cougar","salt":"fWBDA81I","md5":"8d5c44ca5985079d1823cc8197d9e8e9","sha1":"4ffd8f8269c96143f43365952741e07f9727a37e","sha256":"62a39f2341f0b4a444d0099152822b0019f99d62e1d10d4cd75f699017b208fc"},"dob":{"date":"1977-07-06T16:31:51.257Z","age":44},"registered":{"date":"2013-05-28T13:34:53.832Z","age":8},"phone":"041-999-5226","cell":"081-561-7633","id":{"name":"PPS","value":"5691822T"},"picture":{"large":"https://randomuser.me/api/portraits/women/18.jpg","medium":"https://randomuser.me/api/portraits/med/women/18.jpg","thumbnail":"https://randomuser.me/api/portraits/thumb/women/18.jpg"},"nat":"IE"}],"info":{"seed":"f8254b7143e55cf7","results":1,"page":1,"version":"1.3"}}
[2021-03-10 09:17:47,599] {taskinstance.py:1135} INFO - Marking task as SUCCESS. dag_id=data_processing, task_id=extract_users, execution_date=20210224T000000, start_date=20210310T091746, end_date=20210310T091747
[2021-03-10 09:17:47,617] {taskinstance.py:1195} INFO - 1 downstream tasks scheduled from follow-on schedule check
[2021-03-10 09:17:47,638] {local_task_job.py:118} INFO - Task exited with return code 0
