[2021-03-19 06:07:46,723] {taskinstance.py:826} INFO - Dependencies all met for <TaskInstance: xcom_dag.processing_tasks.training_model_c 2021-03-18T00:00:00+00:00 [queued]>
[2021-03-19 06:07:46,999] {taskinstance.py:826} INFO - Dependencies all met for <TaskInstance: xcom_dag.processing_tasks.training_model_c 2021-03-18T00:00:00+00:00 [queued]>
[2021-03-19 06:07:46,999] {taskinstance.py:1017} INFO - 
--------------------------------------------------------------------------------
[2021-03-19 06:07:46,999] {taskinstance.py:1018} INFO - Starting attempt 1 of 1
[2021-03-19 06:07:46,999] {taskinstance.py:1019} INFO - 
--------------------------------------------------------------------------------
[2021-03-19 06:07:47,157] {taskinstance.py:1038} INFO - Executing <Task(PythonOperator): processing_tasks.training_model_c> on 2021-03-18T00:00:00+00:00
[2021-03-19 06:07:47,159] {standard_task_runner.py:51} INFO - Started process 3724 to run task
[2021-03-19 06:07:47,183] {standard_task_runner.py:75} INFO - Running: ['airflow', 'tasks', 'run', 'xcom_dag', 'processing_tasks.training_model_c', '2021-03-18T00:00:00+00:00', '--job-id', '153', '--pool', 'default_pool', '--raw', '--subdir', 'DAGS_FOLDER/xcom_dag.py', '--cfg-path', '/tmp/tmpdd7ng6cy']
[2021-03-19 06:07:47,328] {standard_task_runner.py:76} INFO - Job 153: Subtask processing_tasks.training_model_c
[2021-03-19 06:07:47,986] {logging_mixin.py:103} INFO - Running <TaskInstance: xcom_dag.processing_tasks.training_model_c 2021-03-18T00:00:00+00:00 [running]> on host airflowvm
[2021-03-19 06:07:48,293] {taskinstance.py:1230} INFO - Exporting the following env vars:
AIRFLOW_CTX_DAG_OWNER=airflow
AIRFLOW_CTX_DAG_ID=xcom_dag
AIRFLOW_CTX_TASK_ID=processing_tasks.training_model_c
AIRFLOW_CTX_EXECUTION_DATE=2021-03-18T00:00:00+00:00
AIRFLOW_CTX_DAG_RUN_ID=scheduled__2021-03-18T00:00:00+00:00
[2021-03-19 06:07:48,293] {logging_mixin.py:103} INFO - model's accuracy: 5.931596877199984
[2021-03-19 06:07:48,394] {python.py:118} INFO - Done. Returned value was: None
[2021-03-19 06:07:48,458] {taskinstance.py:1135} INFO - Marking task as SUCCESS. dag_id=xcom_dag, task_id=processing_tasks.training_model_c, execution_date=20210318T000000, start_date=20210319T060746, end_date=20210319T060748
[2021-03-19 06:07:48,722] {taskinstance.py:1195} INFO - 0 downstream tasks scheduled from follow-on schedule check
[2021-03-19 06:07:48,745] {local_task_job.py:118} INFO - Task exited with return code 0
