[2021-03-10 06:47:54,644] {taskinstance.py:826} INFO - Dependencies all met for <TaskInstance: data_processing.creating_table 2021-03-10T06:46:19.464151+00:00 [queued]>
[2021-03-10 06:47:54,649] {taskinstance.py:826} INFO - Dependencies all met for <TaskInstance: data_processing.creating_table 2021-03-10T06:46:19.464151+00:00 [queued]>
[2021-03-10 06:47:54,649] {taskinstance.py:1017} INFO - 
--------------------------------------------------------------------------------
[2021-03-10 06:47:54,649] {taskinstance.py:1018} INFO - Starting attempt 2 of 2
[2021-03-10 06:47:54,650] {taskinstance.py:1019} INFO - 
--------------------------------------------------------------------------------
[2021-03-10 06:47:54,657] {taskinstance.py:1038} INFO - Executing <Task(SqliteOperator): creating_table> on 2021-03-10T06:46:19.464151+00:00
[2021-03-10 06:47:54,659] {standard_task_runner.py:51} INFO - Started process 40203 to run task
[2021-03-10 06:47:54,663] {standard_task_runner.py:75} INFO - Running: ['airflow', 'tasks', 'run', 'data_processing', 'creating_table', '2021-03-10T06:46:19.464151+00:00', '--job-id', '10', '--pool', 'default_pool', '--raw', '--subdir', 'DAGS_FOLDER/data_processing.py', '--cfg-path', '/tmp/tmpm8kextpp']
[2021-03-10 06:47:54,664] {standard_task_runner.py:76} INFO - Job 10: Subtask creating_table
[2021-03-10 06:47:54,780] {logging_mixin.py:103} INFO - Running <TaskInstance: data_processing.creating_table 2021-03-10T06:46:19.464151+00:00 [running]> on host airflowvm
[2021-03-10 06:47:54,903] {taskinstance.py:1230} INFO - Exporting the following env vars:
AIRFLOW_CTX_DAG_OWNER=airflow
AIRFLOW_CTX_DAG_ID=data_processing
AIRFLOW_CTX_TASK_ID=creating_table
AIRFLOW_CTX_EXECUTION_DATE=2021-03-10T06:46:19.464151+00:00
AIRFLOW_CTX_DAG_RUN_ID=manual__2021-03-10T06:46:19.464151+00:00
[2021-03-10 06:47:54,904] {sqlite.py:63} INFO - Executing: 
            Create table if not exists userstwos(
                email text not null primary key,
                password text not null,
                fname text not null
            );
            
[2021-03-10 06:47:54,907] {base.py:65} INFO - Using connection to: id: db_sqlite. Host: /home/airflow/airflow/airflow.db, Port: None, Schema: , Login: , Password: None, extra: None
[2021-03-10 06:47:54,907] {dbapi.py:180} INFO - Running statement: 
            Create table if not exists userstwos(
                email text not null primary key,
                password text not null,
                fname text not null
            );
            , parameters: []
[2021-03-10 06:47:54,907] {dbapi.py:186} INFO - Rows affected: -1
[2021-03-10 06:47:54,910] {taskinstance.py:1135} INFO - Marking task as SUCCESS. dag_id=data_processing, task_id=creating_table, execution_date=20210310T064619, start_date=20210310T064754, end_date=20210310T064754
[2021-03-10 06:47:54,926] {taskinstance.py:1195} INFO - 1 downstream tasks scheduled from follow-on schedule check
[2021-03-10 06:47:54,931] {local_task_job.py:118} INFO - Task exited with return code 0
