[2021-03-19 06:07:45,174] {taskinstance.py:826} INFO - Dependencies all met for <TaskInstance: parallel_dag.processing_tasks.bash2 2021-03-12T00:00:00+00:00 [queued]>
[2021-03-19 06:07:45,364] {taskinstance.py:826} INFO - Dependencies all met for <TaskInstance: parallel_dag.processing_tasks.bash2 2021-03-12T00:00:00+00:00 [queued]>
[2021-03-19 06:07:45,364] {taskinstance.py:1017} INFO - 
--------------------------------------------------------------------------------
[2021-03-19 06:07:45,364] {taskinstance.py:1018} INFO - Starting attempt 1 of 1
[2021-03-19 06:07:45,384] {taskinstance.py:1019} INFO - 
--------------------------------------------------------------------------------
[2021-03-19 06:07:45,513] {taskinstance.py:1038} INFO - Executing <Task(BashOperator): processing_tasks.bash2> on 2021-03-12T00:00:00+00:00
[2021-03-19 06:07:45,514] {standard_task_runner.py:51} INFO - Started process 3619 to run task
[2021-03-19 06:07:45,643] {standard_task_runner.py:75} INFO - Running: ['airflow', 'tasks', 'run', 'parallel_dag', 'processing_tasks.bash2', '2021-03-12T00:00:00+00:00', '--job-id', '147', '--pool', 'default_pool', '--raw', '--subdir', 'DAGS_FOLDER/parallel_dag.py', '--cfg-path', '/tmp/tmpr82gae5h']
[2021-03-19 06:07:45,644] {standard_task_runner.py:76} INFO - Job 147: Subtask processing_tasks.bash2
[2021-03-19 06:07:46,360] {logging_mixin.py:103} INFO - Running <TaskInstance: parallel_dag.processing_tasks.bash2 2021-03-12T00:00:00+00:00 [running]> on host airflowvm
[2021-03-19 06:07:47,032] {taskinstance.py:1230} INFO - Exporting the following env vars:
AIRFLOW_CTX_DAG_OWNER=airflow
AIRFLOW_CTX_DAG_ID=parallel_dag
AIRFLOW_CTX_TASK_ID=processing_tasks.bash2
AIRFLOW_CTX_EXECUTION_DATE=2021-03-12T00:00:00+00:00
AIRFLOW_CTX_DAG_RUN_ID=scheduled__2021-03-12T00:00:00+00:00
[2021-03-19 06:07:47,032] {bash.py:135} INFO - Tmp dir root location: 
 /tmp
[2021-03-19 06:07:47,032] {bash.py:158} INFO - Running command: echo "something"
[2021-03-19 06:07:47,117] {bash.py:169} INFO - Output:
[2021-03-19 06:07:47,144] {bash.py:173} INFO - something
[2021-03-19 06:07:47,147] {bash.py:177} INFO - Command exited with return code 0
[2021-03-19 06:07:47,474] {taskinstance.py:1135} INFO - Marking task as SUCCESS. dag_id=parallel_dag, task_id=processing_tasks.bash2, execution_date=20210312T000000, start_date=20210319T060745, end_date=20210319T060747
[2021-03-19 06:07:47,821] {taskinstance.py:1195} INFO - 0 downstream tasks scheduled from follow-on schedule check
[2021-03-19 06:07:47,827] {local_task_job.py:118} INFO - Task exited with return code 0
