[2021-04-05 05:10:33,791] {taskinstance.py:826} INFO - Dependencies all met for <TaskInstance: xcom_dag.processing_tasks.training_model_b 2021-04-04T00:00:00+00:00 [queued]>
[2021-04-05 05:10:34,176] {taskinstance.py:826} INFO - Dependencies all met for <TaskInstance: xcom_dag.processing_tasks.training_model_b 2021-04-04T00:00:00+00:00 [queued]>
[2021-04-05 05:10:34,176] {taskinstance.py:1017} INFO - 
--------------------------------------------------------------------------------
[2021-04-05 05:10:34,176] {taskinstance.py:1018} INFO - Starting attempt 1 of 1
[2021-04-05 05:10:34,176] {taskinstance.py:1019} INFO - 
--------------------------------------------------------------------------------
[2021-04-05 05:10:34,307] {taskinstance.py:1038} INFO - Executing <Task(PythonOperator): processing_tasks.training_model_b> on 2021-04-04T00:00:00+00:00
[2021-04-05 05:10:34,381] {standard_task_runner.py:51} INFO - Started process 2556 to run task
[2021-04-05 05:10:34,444] {standard_task_runner.py:75} INFO - Running: ['airflow', 'tasks', 'run', 'xcom_dag', 'processing_tasks.training_model_b', '2021-04-04T00:00:00+00:00', '--job-id', '287', '--pool', 'default_pool', '--raw', '--subdir', 'DAGS_FOLDER/xcom_dag.py', '--cfg-path', '/tmp/tmp3unsgrsv']
[2021-04-05 05:10:34,445] {standard_task_runner.py:76} INFO - Job 287: Subtask processing_tasks.training_model_b
[2021-04-05 05:10:35,270] {logging_mixin.py:103} INFO - Running <TaskInstance: xcom_dag.processing_tasks.training_model_b 2021-04-04T00:00:00+00:00 [running]> on host airflowvm
[2021-04-05 05:10:35,923] {taskinstance.py:1230} INFO - Exporting the following env vars:
AIRFLOW_CTX_DAG_OWNER=airflow
AIRFLOW_CTX_DAG_ID=xcom_dag
AIRFLOW_CTX_TASK_ID=processing_tasks.training_model_b
AIRFLOW_CTX_EXECUTION_DATE=2021-04-04T00:00:00+00:00
AIRFLOW_CTX_DAG_RUN_ID=scheduled__2021-04-04T00:00:00+00:00
[2021-04-05 05:10:35,923] {logging_mixin.py:103} INFO - model's accuracy: 4.11711779797416
[2021-04-05 05:10:36,137] {python.py:118} INFO - Done. Returned value was: None
[2021-04-05 05:10:36,293] {taskinstance.py:1135} INFO - Marking task as SUCCESS. dag_id=xcom_dag, task_id=processing_tasks.training_model_b, execution_date=20210404T000000, start_date=20210405T051033, end_date=20210405T051036
[2021-04-05 05:10:37,133] {taskinstance.py:1195} INFO - 1 downstream tasks scheduled from follow-on schedule check
[2021-04-05 05:10:37,181] {local_task_job.py:118} INFO - Task exited with return code 0
