[2021-03-19 06:07:46,557] {taskinstance.py:826} INFO - Dependencies all met for <TaskInstance: parallel_dag.processing_tasks.bash3 2021-03-18T00:00:00+00:00 [queued]>
[2021-03-19 06:07:46,805] {taskinstance.py:826} INFO - Dependencies all met for <TaskInstance: parallel_dag.processing_tasks.bash3 2021-03-18T00:00:00+00:00 [queued]>
[2021-03-19 06:07:46,805] {taskinstance.py:1017} INFO - 
--------------------------------------------------------------------------------
[2021-03-19 06:07:46,805] {taskinstance.py:1018} INFO - Starting attempt 1 of 1
[2021-03-19 06:07:46,805] {taskinstance.py:1019} INFO - 
--------------------------------------------------------------------------------
[2021-03-19 06:07:46,940] {taskinstance.py:1038} INFO - Executing <Task(BashOperator): processing_tasks.bash3> on 2021-03-18T00:00:00+00:00
[2021-03-19 06:07:46,942] {standard_task_runner.py:51} INFO - Started process 3707 to run task
[2021-03-19 06:07:47,048] {standard_task_runner.py:75} INFO - Running: ['airflow', 'tasks', 'run', 'parallel_dag', 'processing_tasks.bash3', '2021-03-18T00:00:00+00:00', '--job-id', '151', '--pool', 'default_pool', '--raw', '--subdir', 'DAGS_FOLDER/parallel_dag.py', '--cfg-path', '/tmp/tmpcnz7_rek']
[2021-03-19 06:07:47,049] {standard_task_runner.py:76} INFO - Job 151: Subtask processing_tasks.bash3
[2021-03-19 06:07:47,799] {logging_mixin.py:103} INFO - Running <TaskInstance: parallel_dag.processing_tasks.bash3 2021-03-18T00:00:00+00:00 [running]> on host airflowvm
[2021-03-19 06:07:48,217] {taskinstance.py:1230} INFO - Exporting the following env vars:
AIRFLOW_CTX_DAG_OWNER=airflow
AIRFLOW_CTX_DAG_ID=parallel_dag
AIRFLOW_CTX_TASK_ID=processing_tasks.bash3
AIRFLOW_CTX_EXECUTION_DATE=2021-03-18T00:00:00+00:00
AIRFLOW_CTX_DAG_RUN_ID=scheduled__2021-03-18T00:00:00+00:00
[2021-03-19 06:07:48,217] {bash.py:135} INFO - Tmp dir root location: 
 /tmp
[2021-03-19 06:07:48,217] {bash.py:158} INFO - Running command: sleep 3
[2021-03-19 06:07:48,253] {bash.py:169} INFO - Output:
[2021-03-19 06:07:51,277] {bash.py:177} INFO - Command exited with return code 0
[2021-03-19 06:07:51,370] {taskinstance.py:1135} INFO - Marking task as SUCCESS. dag_id=parallel_dag, task_id=processing_tasks.bash3, execution_date=20210318T000000, start_date=20210319T060746, end_date=20210319T060751
[2021-03-19 06:07:51,497] {taskinstance.py:1195} INFO - 1 downstream tasks scheduled from follow-on schedule check
[2021-03-19 06:07:51,519] {local_task_job.py:118} INFO - Task exited with return code 0
