[2021-03-19 06:08:41,441] {taskinstance.py:826} INFO - Dependencies all met for <TaskInstance: parallel_dag.processing_tasks.bash3 2021-03-18T00:00:00+00:00 [queued]>
[2021-03-19 06:08:41,497] {taskinstance.py:826} INFO - Dependencies all met for <TaskInstance: parallel_dag.processing_tasks.bash3 2021-03-18T00:00:00+00:00 [queued]>
[2021-03-19 06:08:41,498] {taskinstance.py:1017} INFO - 
--------------------------------------------------------------------------------
[2021-03-19 06:08:41,498] {taskinstance.py:1018} INFO - Starting attempt 2 of 2
[2021-03-19 06:08:41,498] {taskinstance.py:1019} INFO - 
--------------------------------------------------------------------------------
[2021-03-19 06:08:41,526] {taskinstance.py:1038} INFO - Executing <Task(BashOperator): processing_tasks.bash3> on 2021-03-18T00:00:00+00:00
[2021-03-19 06:08:41,529] {standard_task_runner.py:51} INFO - Started process 6503 to run task
[2021-03-19 06:08:41,540] {standard_task_runner.py:75} INFO - Running: ['airflow', 'tasks', 'run', 'parallel_dag', 'processing_tasks.bash3', '2021-03-18T00:00:00+00:00', '--job-id', '161', '--pool', 'default_pool', '--raw', '--subdir', 'DAGS_FOLDER/parallel_dag.py', '--cfg-path', '/tmp/tmpriqzzeau']
[2021-03-19 06:08:41,541] {standard_task_runner.py:76} INFO - Job 161: Subtask processing_tasks.bash3
[2021-03-19 06:08:41,749] {logging_mixin.py:103} INFO - Running <TaskInstance: parallel_dag.processing_tasks.bash3 2021-03-18T00:00:00+00:00 [running]> on host airflowvm
[2021-03-19 06:08:41,913] {taskinstance.py:1230} INFO - Exporting the following env vars:
AIRFLOW_CTX_DAG_OWNER=airflow
AIRFLOW_CTX_DAG_ID=parallel_dag
AIRFLOW_CTX_TASK_ID=processing_tasks.bash3
AIRFLOW_CTX_EXECUTION_DATE=2021-03-18T00:00:00+00:00
AIRFLOW_CTX_DAG_RUN_ID=scheduled__2021-03-18T00:00:00+00:00
[2021-03-19 06:08:41,914] {bash.py:135} INFO - Tmp dir root location: 
 /tmp
[2021-03-19 06:08:41,914] {bash.py:158} INFO - Running command: sleep 3
[2021-03-19 06:08:41,939] {bash.py:169} INFO - Output:
[2021-03-19 06:08:44,961] {bash.py:177} INFO - Command exited with return code 0
[2021-03-19 06:08:45,014] {taskinstance.py:1135} INFO - Marking task as SUCCESS. dag_id=parallel_dag, task_id=processing_tasks.bash3, execution_date=20210318T000000, start_date=20210319T060841, end_date=20210319T060845
[2021-03-19 06:08:45,075] {taskinstance.py:1195} INFO - 1 downstream tasks scheduled from follow-on schedule check
[2021-03-19 06:08:45,095] {local_task_job.py:118} INFO - Task exited with return code 0
