[2021-03-19 06:15:33,013] {taskinstance.py:826} INFO - Dependencies all met for <TaskInstance: parallel_dag.processing_tasks.bash3 2021-03-18T00:00:00+00:00 [queued]>
[2021-03-19 06:15:33,100] {taskinstance.py:826} INFO - Dependencies all met for <TaskInstance: parallel_dag.processing_tasks.bash3 2021-03-18T00:00:00+00:00 [queued]>
[2021-03-19 06:15:33,100] {taskinstance.py:1017} INFO - 
--------------------------------------------------------------------------------
[2021-03-19 06:15:33,100] {taskinstance.py:1018} INFO - Starting attempt 4 of 4
[2021-03-19 06:15:33,100] {taskinstance.py:1019} INFO - 
--------------------------------------------------------------------------------
[2021-03-19 06:15:33,137] {taskinstance.py:1038} INFO - Executing <Task(BashOperator): processing_tasks.bash3> on 2021-03-18T00:00:00+00:00
[2021-03-19 06:15:33,139] {standard_task_runner.py:51} INFO - Started process 28997 to run task
[2021-03-19 06:15:33,170] {standard_task_runner.py:75} INFO - Running: ['airflow', 'tasks', 'run', 'parallel_dag', 'processing_tasks.bash3', '2021-03-18T00:00:00+00:00', '--job-id', '169', '--pool', 'default_pool', '--raw', '--subdir', 'DAGS_FOLDER/parallel_dag.py', '--cfg-path', '/tmp/tmp6_shstjk']
[2021-03-19 06:15:33,171] {standard_task_runner.py:76} INFO - Job 169: Subtask processing_tasks.bash3
[2021-03-19 06:15:33,398] {logging_mixin.py:103} INFO - Running <TaskInstance: parallel_dag.processing_tasks.bash3 2021-03-18T00:00:00+00:00 [running]> on host airflowvm
[2021-03-19 06:15:33,589] {taskinstance.py:1230} INFO - Exporting the following env vars:
AIRFLOW_CTX_DAG_OWNER=airflow
AIRFLOW_CTX_DAG_ID=parallel_dag
AIRFLOW_CTX_TASK_ID=processing_tasks.bash3
AIRFLOW_CTX_EXECUTION_DATE=2021-03-18T00:00:00+00:00
AIRFLOW_CTX_DAG_RUN_ID=scheduled__2021-03-18T00:00:00+00:00
[2021-03-19 06:15:33,590] {bash.py:135} INFO - Tmp dir root location: 
 /tmp
[2021-03-19 06:15:33,590] {bash.py:158} INFO - Running command: sleep 3
[2021-03-19 06:15:33,636] {bash.py:169} INFO - Output:
[2021-03-19 06:15:36,638] {bash.py:177} INFO - Command exited with return code 0
[2021-03-19 06:15:36,732] {taskinstance.py:1135} INFO - Marking task as SUCCESS. dag_id=parallel_dag, task_id=processing_tasks.bash3, execution_date=20210318T000000, start_date=20210319T061533, end_date=20210319T061536
[2021-03-19 06:15:36,829] {taskinstance.py:1195} INFO - 1 downstream tasks scheduled from follow-on schedule check
[2021-03-19 06:15:36,847] {local_task_job.py:118} INFO - Task exited with return code 0
