[2021-04-05 18:20:01,910] {taskinstance.py:826} INFO - Dependencies all met for <TaskInstance: baxa_lead_importer.main 2021-04-05T18:10:00+00:00 [queued]>
[2021-04-05 18:20:01,942] {taskinstance.py:826} INFO - Dependencies all met for <TaskInstance: baxa_lead_importer.main 2021-04-05T18:10:00+00:00 [queued]>
[2021-04-05 18:20:01,943] {taskinstance.py:1017} INFO - 
--------------------------------------------------------------------------------
[2021-04-05 18:20:01,943] {taskinstance.py:1018} INFO - Starting attempt 1 of 2
[2021-04-05 18:20:01,943] {taskinstance.py:1019} INFO - 
--------------------------------------------------------------------------------
[2021-04-05 18:20:01,986] {taskinstance.py:1038} INFO - Executing <Task(BashOperator): main> on 2021-04-05T18:10:00+00:00
[2021-04-05 18:20:01,999] {standard_task_runner.py:51} INFO - Started process 85552 to run task
[2021-04-05 18:20:02,021] {standard_task_runner.py:75} INFO - Running: ['airflow', 'tasks', 'run', 'baxa_lead_importer', 'main', '2021-04-05T18:10:00+00:00', '--job-id', '13', '--pool', 'default_pool', '--raw', '--subdir', 'DAGS_FOLDER/baxa_lead_importer.py', '--cfg-path', '/tmp/tmp3k6dze4r']
[2021-04-05 18:20:02,021] {standard_task_runner.py:76} INFO - Job 13: Subtask main
[2021-04-05 18:20:02,219] {logging_mixin.py:103} INFO - Running <TaskInstance: baxa_lead_importer.main 2021-04-05T18:10:00+00:00 [running]> on host airflowvm
[2021-04-05 18:20:02,347] {taskinstance.py:1230} INFO - Exporting the following env vars:
AIRFLOW_CTX_DAG_EMAIL=arun.padmanabhan00@gmail.com
AIRFLOW_CTX_DAG_OWNER=airflow
AIRFLOW_CTX_DAG_ID=baxa_lead_importer
AIRFLOW_CTX_TASK_ID=main
AIRFLOW_CTX_EXECUTION_DATE=2021-04-05T18:10:00+00:00
AIRFLOW_CTX_DAG_RUN_ID=scheduled__2021-04-05T18:10:00+00:00
[2021-04-05 18:20:02,348] {bash.py:135} INFO - Tmp dir root location: 
 /tmp
[2021-04-05 18:20:02,356] {bash.py:158} INFO - Running command: sleep 20
[2021-04-05 18:20:02,380] {bash.py:169} INFO - Output:
[2021-04-05 18:20:22,396] {bash.py:177} INFO - Command exited with return code 0
[2021-04-05 18:20:22,442] {taskinstance.py:1135} INFO - Marking task as SUCCESS. dag_id=baxa_lead_importer, task_id=main, execution_date=20210405T181000, start_date=20210405T182001, end_date=20210405T182022
[2021-04-05 18:20:22,499] {taskinstance.py:1195} INFO - 0 downstream tasks scheduled from follow-on schedule check
[2021-04-05 18:20:22,543] {local_task_job.py:118} INFO - Task exited with return code 0
