[2021-04-05 05:10:28,257] {taskinstance.py:826} INFO - Dependencies all met for <TaskInstance: xcom_dag.processing_tasks.training_model_a 2021-04-02T00:00:00+00:00 [queued]>
[2021-04-05 05:10:28,425] {taskinstance.py:826} INFO - Dependencies all met for <TaskInstance: xcom_dag.processing_tasks.training_model_a 2021-04-02T00:00:00+00:00 [queued]>
[2021-04-05 05:10:28,425] {taskinstance.py:1017} INFO - 
--------------------------------------------------------------------------------
[2021-04-05 05:10:28,425] {taskinstance.py:1018} INFO - Starting attempt 1 of 1
[2021-04-05 05:10:28,425] {taskinstance.py:1019} INFO - 
--------------------------------------------------------------------------------
[2021-04-05 05:10:28,525] {taskinstance.py:1038} INFO - Executing <Task(PythonOperator): processing_tasks.training_model_a> on 2021-04-02T00:00:00+00:00
[2021-04-05 05:10:28,527] {standard_task_runner.py:51} INFO - Started process 2374 to run task
[2021-04-05 05:10:28,610] {standard_task_runner.py:75} INFO - Running: ['airflow', 'tasks', 'run', 'xcom_dag', 'processing_tasks.training_model_a', '2021-04-02T00:00:00+00:00', '--job-id', '281', '--pool', 'default_pool', '--raw', '--subdir', 'DAGS_FOLDER/xcom_dag.py', '--cfg-path', '/tmp/tmp8rcnh4g1']
[2021-04-05 05:10:28,626] {standard_task_runner.py:76} INFO - Job 281: Subtask processing_tasks.training_model_a
[2021-04-05 05:10:29,329] {logging_mixin.py:103} INFO - Running <TaskInstance: xcom_dag.processing_tasks.training_model_a 2021-04-02T00:00:00+00:00 [running]> on host airflowvm
[2021-04-05 05:10:29,953] {taskinstance.py:1230} INFO - Exporting the following env vars:
AIRFLOW_CTX_DAG_OWNER=airflow
AIRFLOW_CTX_DAG_ID=xcom_dag
AIRFLOW_CTX_TASK_ID=processing_tasks.training_model_a
AIRFLOW_CTX_EXECUTION_DATE=2021-04-02T00:00:00+00:00
AIRFLOW_CTX_DAG_RUN_ID=scheduled__2021-04-02T00:00:00+00:00
[2021-04-05 05:10:29,953] {logging_mixin.py:103} INFO - model's accuracy: 9.110554877419425
[2021-04-05 05:10:30,122] {python.py:118} INFO - Done. Returned value was: None
[2021-04-05 05:10:30,209] {taskinstance.py:1135} INFO - Marking task as SUCCESS. dag_id=xcom_dag, task_id=processing_tasks.training_model_a, execution_date=20210402T000000, start_date=20210405T051028, end_date=20210405T051030
[2021-04-05 05:10:30,729] {taskinstance.py:1195} INFO - 0 downstream tasks scheduled from follow-on schedule check
[2021-04-05 05:10:30,760] {local_task_job.py:118} INFO - Task exited with return code 0
