[2021-04-05 05:10:19,966] {taskinstance.py:826} INFO - Dependencies all met for <TaskInstance: parallel_dag.bash4 2021-04-02T00:00:00+00:00 [queued]>
[2021-04-05 05:10:20,116] {taskinstance.py:826} INFO - Dependencies all met for <TaskInstance: parallel_dag.bash4 2021-04-02T00:00:00+00:00 [queued]>
[2021-04-05 05:10:20,117] {taskinstance.py:1017} INFO - 
--------------------------------------------------------------------------------
[2021-04-05 05:10:20,117] {taskinstance.py:1018} INFO - Starting attempt 1 of 1
[2021-04-05 05:10:20,117] {taskinstance.py:1019} INFO - 
--------------------------------------------------------------------------------
[2021-04-05 05:10:20,198] {taskinstance.py:1038} INFO - Executing <Task(BashOperator): bash4> on 2021-04-02T00:00:00+00:00
[2021-04-05 05:10:20,210] {standard_task_runner.py:51} INFO - Started process 2116 to run task
[2021-04-05 05:10:20,283] {standard_task_runner.py:75} INFO - Running: ['airflow', 'tasks', 'run', 'parallel_dag', 'bash4', '2021-04-02T00:00:00+00:00', '--job-id', '271', '--pool', 'default_pool', '--raw', '--subdir', 'DAGS_FOLDER/parallel_dag.py', '--cfg-path', '/tmp/tmp8y8puf5s']
[2021-04-05 05:10:20,333] {standard_task_runner.py:76} INFO - Job 271: Subtask bash4
[2021-04-05 05:10:20,979] {logging_mixin.py:103} INFO - Running <TaskInstance: parallel_dag.bash4 2021-04-02T00:00:00+00:00 [running]> on host airflowvm
[2021-04-05 05:10:21,586] {taskinstance.py:1230} INFO - Exporting the following env vars:
AIRFLOW_CTX_DAG_OWNER=airflow
AIRFLOW_CTX_DAG_ID=parallel_dag
AIRFLOW_CTX_TASK_ID=bash4
AIRFLOW_CTX_EXECUTION_DATE=2021-04-02T00:00:00+00:00
AIRFLOW_CTX_DAG_RUN_ID=scheduled__2021-04-02T00:00:00+00:00
[2021-04-05 05:10:21,587] {bash.py:135} INFO - Tmp dir root location: 
 /tmp
[2021-04-05 05:10:21,587] {bash.py:158} INFO - Running command: sleep 3
[2021-04-05 05:10:21,713] {bash.py:169} INFO - Output:
[2021-04-05 05:10:24,717] {bash.py:177} INFO - Command exited with return code 0
[2021-04-05 05:10:25,031] {taskinstance.py:1135} INFO - Marking task as SUCCESS. dag_id=parallel_dag, task_id=bash4, execution_date=20210402T000000, start_date=20210405T051019, end_date=20210405T051025
[2021-04-05 05:10:25,486] {local_task_job.py:169} WARNING - State of this instance has been externally set to success. Terminating instance.
[2021-04-05 05:10:25,491] {process_utils.py:95} INFO - Sending Signals.SIGTERM to GPID 2116
[2021-04-05 05:10:26,303] {taskinstance.py:1214} ERROR - Received SIGTERM. Terminating subprocesses.
[2021-04-05 05:10:26,303] {bash.py:185} INFO - Sending SIGTERM signal to bash process group
[2021-04-05 05:10:26,331] {process_utils.py:61} INFO - Process psutil.Process(pid=2116, status='terminated', exitcode=1, started='05:10:19') (2116) terminated with exit code 1
[2021-04-05 05:10:26,332] {local_task_job.py:118} INFO - Task exited with return code 1
