[2021-03-10 07:32:53,247] {taskinstance.py:826} INFO - Dependencies all met for <TaskInstance: data_processing.creating_table 2021-02-25T00:00:00+00:00 [queued]>
[2021-03-10 07:32:53,261] {taskinstance.py:826} INFO - Dependencies all met for <TaskInstance: data_processing.creating_table 2021-02-25T00:00:00+00:00 [queued]>
[2021-03-10 07:32:53,262] {taskinstance.py:1017} INFO - 
--------------------------------------------------------------------------------
[2021-03-10 07:32:53,262] {taskinstance.py:1018} INFO - Starting attempt 1 of 1
[2021-03-10 07:32:53,262] {taskinstance.py:1019} INFO - 
--------------------------------------------------------------------------------
[2021-03-10 07:32:53,275] {taskinstance.py:1038} INFO - Executing <Task(SqliteOperator): creating_table> on 2021-02-25T00:00:00+00:00
[2021-03-10 07:32:53,277] {standard_task_runner.py:51} INFO - Started process 43676 to run task
[2021-03-10 07:32:53,288] {standard_task_runner.py:75} INFO - Running: ['airflow', 'tasks', 'run', 'data_processing', 'creating_table', '2021-02-25T00:00:00+00:00', '--job-id', '280', '--pool', 'default_pool', '--raw', '--subdir', 'DAGS_FOLDER/data_processing.py', '--cfg-path', '/tmp/tmp2sxcvpg9']
[2021-03-10 07:32:53,288] {standard_task_runner.py:76} INFO - Job 280: Subtask creating_table
[2021-03-10 07:32:53,467] {logging_mixin.py:103} INFO - Running <TaskInstance: data_processing.creating_table 2021-02-25T00:00:00+00:00 [running]> on host airflowvm
[2021-03-10 07:32:53,609] {taskinstance.py:1230} INFO - Exporting the following env vars:
AIRFLOW_CTX_DAG_OWNER=airflow
AIRFLOW_CTX_DAG_ID=data_processing
AIRFLOW_CTX_TASK_ID=creating_table
AIRFLOW_CTX_EXECUTION_DATE=2021-02-25T00:00:00+00:00
AIRFLOW_CTX_DAG_RUN_ID=scheduled__2021-02-25T00:00:00+00:00
[2021-03-10 07:32:53,609] {sqlite.py:63} INFO - Executing: 
            Create table if not exists userstwos(
                email text not null primary key,
                password text not null,
                fname text not null
            );
            
[2021-03-10 07:32:53,612] {base.py:65} INFO - Using connection to: id: db_sqlite. Host: /home/airflow/airflow/airflow.db, Port: None, Schema: , Login: , Password: None, extra: None
[2021-03-10 07:32:53,613] {dbapi.py:180} INFO - Running statement: 
            Create table if not exists userstwos(
                email text not null primary key,
                password text not null,
                fname text not null
            );
            , parameters: []
[2021-03-10 07:32:53,613] {dbapi.py:186} INFO - Rows affected: -1
[2021-03-10 07:32:53,616] {taskinstance.py:1135} INFO - Marking task as SUCCESS. dag_id=data_processing, task_id=creating_table, execution_date=20210225T000000, start_date=20210310T073253, end_date=20210310T073253
[2021-03-10 07:32:53,634] {taskinstance.py:1195} INFO - 1 downstream tasks scheduled from follow-on schedule check
[2021-03-10 07:32:53,669] {local_task_job.py:118} INFO - Task exited with return code 0
