[2021-03-12 05:04:44,429] {taskinstance.py:826} INFO - Dependencies all met for <TaskInstance: xcom_dag.downloading_data 2021-03-12T05:04:43.354326+00:00 [queued]>
[2021-03-12 05:04:44,508] {taskinstance.py:826} INFO - Dependencies all met for <TaskInstance: xcom_dag.downloading_data 2021-03-12T05:04:43.354326+00:00 [queued]>
[2021-03-12 05:04:44,508] {taskinstance.py:1017} INFO - 
--------------------------------------------------------------------------------
[2021-03-12 05:04:44,508] {taskinstance.py:1018} INFO - Starting attempt 1 of 1
[2021-03-12 05:04:44,509] {taskinstance.py:1019} INFO - 
--------------------------------------------------------------------------------
[2021-03-12 05:04:44,537] {taskinstance.py:1038} INFO - Executing <Task(BashOperator): downloading_data> on 2021-03-12T05:04:43.354326+00:00
[2021-03-12 05:04:44,540] {standard_task_runner.py:51} INFO - Started process 1530540 to run task
[2021-03-12 05:04:44,571] {standard_task_runner.py:75} INFO - Running: ['airflow', 'tasks', 'run', 'xcom_dag', 'downloading_data', '2021-03-12T05:04:43.354326+00:00', '--job-id', '121', '--pool', 'default_pool', '--raw', '--subdir', 'DAGS_FOLDER/xcom_dag.py', '--cfg-path', '/tmp/tmpzpd79ogz']
[2021-03-12 05:04:44,580] {standard_task_runner.py:76} INFO - Job 121: Subtask downloading_data
[2021-03-12 05:04:44,742] {logging_mixin.py:103} INFO - Running <TaskInstance: xcom_dag.downloading_data 2021-03-12T05:04:43.354326+00:00 [running]> on host airflowvm
[2021-03-12 05:04:44,878] {taskinstance.py:1230} INFO - Exporting the following env vars:
AIRFLOW_CTX_DAG_OWNER=airflow
AIRFLOW_CTX_DAG_ID=xcom_dag
AIRFLOW_CTX_TASK_ID=downloading_data
AIRFLOW_CTX_EXECUTION_DATE=2021-03-12T05:04:43.354326+00:00
AIRFLOW_CTX_DAG_RUN_ID=manual__2021-03-12T05:04:43.354326+00:00
[2021-03-12 05:04:44,878] {bash.py:135} INFO - Tmp dir root location: 
 /tmp
[2021-03-12 05:04:44,879] {bash.py:158} INFO - Running command: sleep 3
[2021-03-12 05:04:44,902] {bash.py:169} INFO - Output:
[2021-03-12 05:04:47,915] {bash.py:177} INFO - Command exited with return code 0
[2021-03-12 05:04:47,988] {taskinstance.py:1135} INFO - Marking task as SUCCESS. dag_id=xcom_dag, task_id=downloading_data, execution_date=20210312T050443, start_date=20210312T050444, end_date=20210312T050447
[2021-03-12 05:04:48,066] {taskinstance.py:1195} INFO - 3 downstream tasks scheduled from follow-on schedule check
[2021-03-12 05:04:48,069] {local_task_job.py:118} INFO - Task exited with return code 0
