[2021-03-10 07:05:42,005] {taskinstance.py:826} INFO - Dependencies all met for <TaskInstance: data_processing.extract_users 2021-02-07T00:00:00+00:00 [queued]>
[2021-03-10 07:05:42,011] {taskinstance.py:826} INFO - Dependencies all met for <TaskInstance: data_processing.extract_users 2021-02-07T00:00:00+00:00 [queued]>
[2021-03-10 07:05:42,011] {taskinstance.py:1017} INFO - 
--------------------------------------------------------------------------------
[2021-03-10 07:05:42,011] {taskinstance.py:1018} INFO - Starting attempt 1 of 1
[2021-03-10 07:05:42,011] {taskinstance.py:1019} INFO - 
--------------------------------------------------------------------------------
[2021-03-10 07:05:42,019] {taskinstance.py:1038} INFO - Executing <Task(SimpleHttpOperator): extract_users> on 2021-02-07T00:00:00+00:00
[2021-03-10 07:05:42,021] {standard_task_runner.py:51} INFO - Started process 43221 to run task
[2021-03-10 07:05:42,025] {standard_task_runner.py:75} INFO - Running: ['airflow', 'tasks', 'run', 'data_processing', 'extract_users', '2021-02-07T00:00:00+00:00', '--job-id', '202', '--pool', 'default_pool', '--raw', '--subdir', 'DAGS_FOLDER/data_processing.py', '--cfg-path', '/tmp/tmp5u3a4epp']
[2021-03-10 07:05:42,025] {standard_task_runner.py:76} INFO - Job 202: Subtask extract_users
[2021-03-10 07:05:42,146] {logging_mixin.py:103} INFO - Running <TaskInstance: data_processing.extract_users 2021-02-07T00:00:00+00:00 [running]> on host airflowvm
[2021-03-10 07:05:42,279] {taskinstance.py:1230} INFO - Exporting the following env vars:
AIRFLOW_CTX_DAG_OWNER=airflow
AIRFLOW_CTX_DAG_ID=data_processing
AIRFLOW_CTX_TASK_ID=extract_users
AIRFLOW_CTX_EXECUTION_DATE=2021-02-07T00:00:00+00:00
AIRFLOW_CTX_DAG_RUN_ID=scheduled__2021-02-07T00:00:00+00:00
[2021-03-10 07:05:42,279] {http.py:106} INFO - Calling HTTP method
[2021-03-10 07:05:42,282] {base.py:65} INFO - Using connection to: id: user_api. Host: https://randomuser.me/, Port: None, Schema: , Login: , Password: None, extra: None
[2021-03-10 07:05:42,283] {http.py:140} INFO - Sending 'GET' to url: https://randomuser.me/api/
[2021-03-10 07:05:42,792] {http.py:110} INFO - {"results":[{"gender":"male","name":{"title":"Mr","first":"Timotheus","last":"Van Wetten"},"location":{"street":{"number":3344,"name":"Freesiadal"},"city":"Nieuwerbrug","state":"Flevoland","country":"Netherlands","postcode":16348,"coordinates":{"latitude":"38.9237","longitude":"-47.7278"},"timezone":{"offset":"+11:00","description":"Magadan, Solomon Islands, New Caledonia"}},"email":"timotheus.vanwetten@example.com","login":{"uuid":"eef58921-ad86-4d21-bab8-c7005330c9f2","username":"silverlion787","password":"mustang","salt":"PZGy2kg9","md5":"017353c29f44691faf570d32dfdaf4d8","sha1":"bba4beaa90515f0842fe3d1c315358224be4122f","sha256":"17b49214522e2c2960aea2e54249f826f665aa5ff2506c8e20433a372c9b50a2"},"dob":{"date":"1969-05-06T19:11:29.033Z","age":52},"registered":{"date":"2002-11-09T06:34:41.082Z","age":19},"phone":"(322)-076-9131","cell":"(570)-807-0084","id":{"name":"BSN","value":"67711228"},"picture":{"large":"https://randomuser.me/api/portraits/men/0.jpg","medium":"https://randomuser.me/api/portraits/med/men/0.jpg","thumbnail":"https://randomuser.me/api/portraits/thumb/men/0.jpg"},"nat":"NL"}],"info":{"seed":"179cfb3e800b06fa","results":1,"page":1,"version":"1.3"}}
[2021-03-10 07:05:42,806] {taskinstance.py:1135} INFO - Marking task as SUCCESS. dag_id=data_processing, task_id=extract_users, execution_date=20210207T000000, start_date=20210310T070542, end_date=20210310T070542
[2021-03-10 07:05:42,822] {taskinstance.py:1195} INFO - 1 downstream tasks scheduled from follow-on schedule check
[2021-03-10 07:05:42,859] {local_task_job.py:118} INFO - Task exited with return code 0
