[2021-03-19 06:07:49,455] {taskinstance.py:826} INFO - Dependencies all met for <TaskInstance: xcom_dag.task_4 2021-03-13T00:00:00+00:00 [queued]>
[2021-03-19 06:07:49,511] {taskinstance.py:826} INFO - Dependencies all met for <TaskInstance: xcom_dag.task_4 2021-03-13T00:00:00+00:00 [queued]>
[2021-03-19 06:07:49,511] {taskinstance.py:1017} INFO - 
--------------------------------------------------------------------------------
[2021-03-19 06:07:49,511] {taskinstance.py:1018} INFO - Starting attempt 1 of 1
[2021-03-19 06:07:49,511] {taskinstance.py:1019} INFO - 
--------------------------------------------------------------------------------
[2021-03-19 06:07:49,547] {taskinstance.py:1038} INFO - Executing <Task(BranchPythonOperator): task_4> on 2021-03-13T00:00:00+00:00
[2021-03-19 06:07:49,553] {standard_task_runner.py:51} INFO - Started process 3868 to run task
[2021-03-19 06:07:49,573] {standard_task_runner.py:75} INFO - Running: ['airflow', 'tasks', 'run', 'xcom_dag', 'task_4', '2021-03-13T00:00:00+00:00', '--job-id', '154', '--pool', 'default_pool', '--raw', '--subdir', 'DAGS_FOLDER/xcom_dag.py', '--cfg-path', '/tmp/tmpqcmvz4uc']
[2021-03-19 06:07:49,583] {standard_task_runner.py:76} INFO - Job 154: Subtask task_4
[2021-03-19 06:07:49,753] {logging_mixin.py:103} INFO - Running <TaskInstance: xcom_dag.task_4 2021-03-13T00:00:00+00:00 [running]> on host airflowvm
[2021-03-19 06:07:49,912] {taskinstance.py:1230} INFO - Exporting the following env vars:
AIRFLOW_CTX_DAG_OWNER=airflow
AIRFLOW_CTX_DAG_ID=xcom_dag
AIRFLOW_CTX_TASK_ID=task_4
AIRFLOW_CTX_EXECUTION_DATE=2021-03-13T00:00:00+00:00
AIRFLOW_CTX_DAG_RUN_ID=scheduled__2021-03-13T00:00:00+00:00
[2021-03-19 06:07:49,912] {logging_mixin.py:103} INFO - choose best model
[2021-03-19 06:07:49,953] {logging_mixin.py:103} INFO - [5.534938397885887, 7.511857079129198, 7.807161110809177]
[2021-03-19 06:07:49,953] {python.py:118} INFO - Done. Returned value was: accurate
[2021-03-19 06:07:49,953] {skipmixin.py:124} INFO - Following branch accurate
[2021-03-19 06:07:49,981] {skipmixin.py:155} INFO - Skipping tasks ['inaccurate']
[2021-03-19 06:07:50,203] {taskinstance.py:1135} INFO - Marking task as SUCCESS. dag_id=xcom_dag, task_id=task_4, execution_date=20210313T000000, start_date=20210319T060749, end_date=20210319T060750
[2021-03-19 06:07:50,490] {taskinstance.py:1195} INFO - 0 downstream tasks scheduled from follow-on schedule check
[2021-03-19 06:07:50,545] {local_task_job.py:118} INFO - Task exited with return code 0
