[2021-03-12 05:01:32,799] {taskinstance.py:826} INFO - Dependencies all met for <TaskInstance: xcom_dag.processing_tasks.training_model_a 2021-03-12T05:01:25.502916+00:00 [queued]>
[2021-03-12 05:01:32,897] {taskinstance.py:826} INFO - Dependencies all met for <TaskInstance: xcom_dag.processing_tasks.training_model_a 2021-03-12T05:01:25.502916+00:00 [queued]>
[2021-03-12 05:01:32,897] {taskinstance.py:1017} INFO - 
--------------------------------------------------------------------------------
[2021-03-12 05:01:32,897] {taskinstance.py:1018} INFO - Starting attempt 1 of 1
[2021-03-12 05:01:32,897] {taskinstance.py:1019} INFO - 
--------------------------------------------------------------------------------
[2021-03-12 05:01:32,940] {taskinstance.py:1038} INFO - Executing <Task(PythonOperator): processing_tasks.training_model_a> on 2021-03-12T05:01:25.502916+00:00
[2021-03-12 05:01:32,942] {standard_task_runner.py:51} INFO - Started process 1518877 to run task
[2021-03-12 05:01:32,964] {standard_task_runner.py:75} INFO - Running: ['airflow', 'tasks', 'run', 'xcom_dag', 'processing_tasks.training_model_a', '2021-03-12T05:01:25.502916+00:00', '--job-id', '116', '--pool', 'default_pool', '--raw', '--subdir', 'DAGS_FOLDER/xcom_dag.py', '--cfg-path', '/tmp/tmpg2827un7']
[2021-03-12 05:01:32,964] {standard_task_runner.py:76} INFO - Job 116: Subtask processing_tasks.training_model_a
[2021-03-12 05:01:33,219] {logging_mixin.py:103} INFO - Running <TaskInstance: xcom_dag.processing_tasks.training_model_a 2021-03-12T05:01:25.502916+00:00 [running]> on host airflowvm
[2021-03-12 05:01:33,475] {taskinstance.py:1230} INFO - Exporting the following env vars:
AIRFLOW_CTX_DAG_OWNER=airflow
AIRFLOW_CTX_DAG_ID=xcom_dag
AIRFLOW_CTX_TASK_ID=processing_tasks.training_model_a
AIRFLOW_CTX_EXECUTION_DATE=2021-03-12T05:01:25.502916+00:00
AIRFLOW_CTX_DAG_RUN_ID=manual__2021-03-12T05:01:25.502916+00:00
[2021-03-12 05:01:33,475] {logging_mixin.py:103} INFO - model's accuracy: 5.449800250341271
[2021-03-12 05:01:33,572] {python.py:118} INFO - Done. Returned value was: None
[2021-03-12 05:01:33,629] {taskinstance.py:1135} INFO - Marking task as SUCCESS. dag_id=xcom_dag, task_id=processing_tasks.training_model_a, execution_date=20210312T050125, start_date=20210312T050132, end_date=20210312T050133
[2021-03-12 05:01:33,762] {taskinstance.py:1195} INFO - 1 downstream tasks scheduled from follow-on schedule check
[2021-03-12 05:01:33,785] {local_task_job.py:118} INFO - Task exited with return code 0
