[2021-03-10 09:17:52,814] {taskinstance.py:826} INFO - Dependencies all met for <TaskInstance: data_processing.creating_table 2021-02-28T00:00:00+00:00 [queued]>
[2021-03-10 09:17:52,819] {taskinstance.py:826} INFO - Dependencies all met for <TaskInstance: data_processing.creating_table 2021-02-28T00:00:00+00:00 [queued]>
[2021-03-10 09:17:52,819] {taskinstance.py:1017} INFO - 
--------------------------------------------------------------------------------
[2021-03-10 09:17:52,819] {taskinstance.py:1018} INFO - Starting attempt 1 of 1
[2021-03-10 09:17:52,819] {taskinstance.py:1019} INFO - 
--------------------------------------------------------------------------------
[2021-03-10 09:17:52,827] {taskinstance.py:1038} INFO - Executing <Task(SqliteOperator): creating_table> on 2021-02-28T00:00:00+00:00
[2021-03-10 09:17:52,829] {standard_task_runner.py:51} INFO - Started process 44928 to run task
[2021-03-10 09:17:52,834] {standard_task_runner.py:75} INFO - Running: ['airflow', 'tasks', 'run', 'data_processing', 'creating_table', '2021-02-28T00:00:00+00:00', '--job-id', '292', '--pool', 'default_pool', '--raw', '--subdir', 'DAGS_FOLDER/data_processing.py', '--cfg-path', '/tmp/tmpr3hl1mhb']
[2021-03-10 09:17:52,835] {standard_task_runner.py:76} INFO - Job 292: Subtask creating_table
[2021-03-10 09:17:52,975] {logging_mixin.py:103} INFO - Running <TaskInstance: data_processing.creating_table 2021-02-28T00:00:00+00:00 [running]> on host airflowvm
[2021-03-10 09:17:53,135] {taskinstance.py:1230} INFO - Exporting the following env vars:
AIRFLOW_CTX_DAG_OWNER=airflow
AIRFLOW_CTX_DAG_ID=data_processing
AIRFLOW_CTX_TASK_ID=creating_table
AIRFLOW_CTX_EXECUTION_DATE=2021-02-28T00:00:00+00:00
AIRFLOW_CTX_DAG_RUN_ID=scheduled__2021-02-28T00:00:00+00:00
[2021-03-10 09:17:53,135] {sqlite.py:63} INFO - Executing: 
            Create table if not exists userstwos(
                email text not null primary key,
                password text not null,
                fname text not null
            );
            
[2021-03-10 09:17:53,138] {base.py:65} INFO - Using connection to: id: db_sqlite. Host: /home/airflow/airflow/airflow.db, Port: None, Schema: , Login: , Password: None, extra: None
[2021-03-10 09:17:53,138] {dbapi.py:180} INFO - Running statement: 
            Create table if not exists userstwos(
                email text not null primary key,
                password text not null,
                fname text not null
            );
            , parameters: []
[2021-03-10 09:17:53,138] {dbapi.py:186} INFO - Rows affected: -1
[2021-03-10 09:17:53,141] {taskinstance.py:1135} INFO - Marking task as SUCCESS. dag_id=data_processing, task_id=creating_table, execution_date=20210228T000000, start_date=20210310T091752, end_date=20210310T091753
[2021-03-10 09:17:53,156] {taskinstance.py:1195} INFO - 1 downstream tasks scheduled from follow-on schedule check
[2021-03-10 09:17:53,176] {local_task_job.py:118} INFO - Task exited with return code 0
