[2021-03-11 05:01:35,967] {taskinstance.py:826} INFO - Dependencies all met for <TaskInstance: xcom_dag.processing_tasks.training_model_c 2021-03-11T05:01:29.562393+00:00 [queued]>
[2021-03-11 05:01:36,052] {taskinstance.py:826} INFO - Dependencies all met for <TaskInstance: xcom_dag.processing_tasks.training_model_c 2021-03-11T05:01:29.562393+00:00 [queued]>
[2021-03-11 05:01:36,052] {taskinstance.py:1017} INFO - 
--------------------------------------------------------------------------------
[2021-03-11 05:01:36,058] {taskinstance.py:1018} INFO - Starting attempt 1 of 1
[2021-03-11 05:01:36,058] {taskinstance.py:1019} INFO - 
--------------------------------------------------------------------------------
[2021-03-11 05:01:36,102] {taskinstance.py:1038} INFO - Executing <Task(PythonOperator): processing_tasks.training_model_c> on 2021-03-11T05:01:29.562393+00:00
[2021-03-11 05:01:36,103] {standard_task_runner.py:51} INFO - Started process 136273 to run task
[2021-03-11 05:01:36,117] {standard_task_runner.py:75} INFO - Running: ['airflow', 'tasks', 'run', 'xcom_dag', 'processing_tasks.training_model_c', '2021-03-11T05:01:29.562393+00:00', '--job-id', '112', '--pool', 'default_pool', '--raw', '--subdir', 'DAGS_FOLDER/xcom_dag.py', '--cfg-path', '/tmp/tmp801wyfcd']
[2021-03-11 05:01:36,118] {standard_task_runner.py:76} INFO - Job 112: Subtask processing_tasks.training_model_c
[2021-03-11 05:01:36,352] {logging_mixin.py:103} INFO - Running <TaskInstance: xcom_dag.processing_tasks.training_model_c 2021-03-11T05:01:29.562393+00:00 [running]> on host airflowvm
[2021-03-11 05:01:36,583] {taskinstance.py:1230} INFO - Exporting the following env vars:
AIRFLOW_CTX_DAG_OWNER=airflow
AIRFLOW_CTX_DAG_ID=xcom_dag
AIRFLOW_CTX_TASK_ID=processing_tasks.training_model_c
AIRFLOW_CTX_EXECUTION_DATE=2021-03-11T05:01:29.562393+00:00
AIRFLOW_CTX_DAG_RUN_ID=manual__2021-03-11T05:01:29.562393+00:00
[2021-03-11 05:01:36,584] {logging_mixin.py:103} INFO - model's accuracy: 1.9165639002355033
[2021-03-11 05:01:36,662] {python.py:118} INFO - Done. Returned value was: None
[2021-03-11 05:01:36,698] {taskinstance.py:1135} INFO - Marking task as SUCCESS. dag_id=xcom_dag, task_id=processing_tasks.training_model_c, execution_date=20210311T050129, start_date=20210311T050135, end_date=20210311T050136
[2021-03-11 05:01:36,832] {taskinstance.py:1195} INFO - 0 downstream tasks scheduled from follow-on schedule check
[2021-03-11 05:01:36,869] {local_task_job.py:118} INFO - Task exited with return code 0
