[2021-03-10 07:05:10,964] {taskinstance.py:826} INFO - Dependencies all met for <TaskInstance: data_processing.extract_users 2021-02-04T00:00:00+00:00 [queued]>
[2021-03-10 07:05:10,970] {taskinstance.py:826} INFO - Dependencies all met for <TaskInstance: data_processing.extract_users 2021-02-04T00:00:00+00:00 [queued]>
[2021-03-10 07:05:10,970] {taskinstance.py:1017} INFO - 
--------------------------------------------------------------------------------
[2021-03-10 07:05:10,970] {taskinstance.py:1018} INFO - Starting attempt 1 of 1
[2021-03-10 07:05:10,970] {taskinstance.py:1019} INFO - 
--------------------------------------------------------------------------------
[2021-03-10 07:05:10,977] {taskinstance.py:1038} INFO - Executing <Task(SimpleHttpOperator): extract_users> on 2021-02-04T00:00:00+00:00
[2021-03-10 07:05:10,979] {standard_task_runner.py:51} INFO - Started process 43115 to run task
[2021-03-10 07:05:10,984] {standard_task_runner.py:75} INFO - Running: ['airflow', 'tasks', 'run', 'data_processing', 'extract_users', '2021-02-04T00:00:00+00:00', '--job-id', '187', '--pool', 'default_pool', '--raw', '--subdir', 'DAGS_FOLDER/data_processing.py', '--cfg-path', '/tmp/tmpfk_h_889']
[2021-03-10 07:05:10,984] {standard_task_runner.py:76} INFO - Job 187: Subtask extract_users
[2021-03-10 07:05:11,109] {logging_mixin.py:103} INFO - Running <TaskInstance: data_processing.extract_users 2021-02-04T00:00:00+00:00 [running]> on host airflowvm
[2021-03-10 07:05:11,241] {taskinstance.py:1230} INFO - Exporting the following env vars:
AIRFLOW_CTX_DAG_OWNER=airflow
AIRFLOW_CTX_DAG_ID=data_processing
AIRFLOW_CTX_TASK_ID=extract_users
AIRFLOW_CTX_EXECUTION_DATE=2021-02-04T00:00:00+00:00
AIRFLOW_CTX_DAG_RUN_ID=scheduled__2021-02-04T00:00:00+00:00
[2021-03-10 07:05:11,242] {http.py:106} INFO - Calling HTTP method
[2021-03-10 07:05:11,244] {base.py:65} INFO - Using connection to: id: user_api. Host: https://randomuser.me/, Port: None, Schema: , Login: , Password: None, extra: None
[2021-03-10 07:05:11,246] {http.py:140} INFO - Sending 'GET' to url: https://randomuser.me/api/
[2021-03-10 07:05:11,770] {http.py:110} INFO - {"results":[{"gender":"female","name":{"title":"Mrs","first":"Begoña","last":"Lopez"},"location":{"street":{"number":3177,"name":"Calle de Ángel García"},"city":"Guadalajara","state":"Ceuta","country":"Spain","postcode":93081,"coordinates":{"latitude":"-19.3979","longitude":"150.7226"},"timezone":{"offset":"-12:00","description":"Eniwetok, Kwajalein"}},"email":"begona.lopez@example.com","login":{"uuid":"27805b57-e286-4dd4-900a-ab87b79b7729","username":"redmouse752","password":"0123","salt":"jFx1ZpZa","md5":"316c52fd3aae8d606b8fb5a03ccaff45","sha1":"d2a432b5cc2633c4e97890ce81f42c575dc53a7b","sha256":"2e09e8c2087afc34f8f3abf55c34aa5d90a3d8a651335dcb0d183e0ed4aa88ad"},"dob":{"date":"1973-02-01T21:01:55.589Z","age":48},"registered":{"date":"2010-04-18T03:10:48.263Z","age":11},"phone":"946-644-165","cell":"694-179-236","id":{"name":"DNI","value":"08092250-U"},"picture":{"large":"https://randomuser.me/api/portraits/women/68.jpg","medium":"https://randomuser.me/api/portraits/med/women/68.jpg","thumbnail":"https://randomuser.me/api/portraits/thumb/women/68.jpg"},"nat":"ES"}],"info":{"seed":"1986553fc93170d7","results":1,"page":1,"version":"1.3"}}
[2021-03-10 07:05:11,783] {taskinstance.py:1135} INFO - Marking task as SUCCESS. dag_id=data_processing, task_id=extract_users, execution_date=20210204T000000, start_date=20210310T070510, end_date=20210310T070511
[2021-03-10 07:05:11,799] {taskinstance.py:1195} INFO - 1 downstream tasks scheduled from follow-on schedule check
[2021-03-10 07:05:11,819] {local_task_job.py:118} INFO - Task exited with return code 0
