[2021-03-29 17:32:02,406] {taskinstance.py:826} INFO - Dependencies all met for <TaskInstance: parallel_dag.bash4 2021-03-28T00:00:00+00:00 [queued]>
[2021-03-29 17:32:02,459] {taskinstance.py:826} INFO - Dependencies all met for <TaskInstance: parallel_dag.bash4 2021-03-28T00:00:00+00:00 [queued]>
[2021-03-29 17:32:02,459] {taskinstance.py:1017} INFO - 
--------------------------------------------------------------------------------
[2021-03-29 17:32:02,459] {taskinstance.py:1018} INFO - Starting attempt 2 of 2
[2021-03-29 17:32:02,459] {taskinstance.py:1019} INFO - 
--------------------------------------------------------------------------------
[2021-03-29 17:32:02,500] {taskinstance.py:1038} INFO - Executing <Task(BashOperator): bash4> on 2021-03-28T00:00:00+00:00
[2021-03-29 17:32:02,502] {standard_task_runner.py:51} INFO - Started process 10905 to run task
[2021-03-29 17:32:02,516] {standard_task_runner.py:75} INFO - Running: ['airflow', 'tasks', 'run', 'parallel_dag', 'bash4', '2021-03-28T00:00:00+00:00', '--job-id', '190', '--pool', 'default_pool', '--raw', '--subdir', 'DAGS_FOLDER/parallel_dag.py', '--cfg-path', '/tmp/tmpai9oj3dx']
[2021-03-29 17:32:02,516] {standard_task_runner.py:76} INFO - Job 190: Subtask bash4
[2021-03-29 17:32:02,652] {logging_mixin.py:103} INFO - Running <TaskInstance: parallel_dag.bash4 2021-03-28T00:00:00+00:00 [running]> on host airflowvm
[2021-03-29 17:32:02,783] {taskinstance.py:1230} INFO - Exporting the following env vars:
AIRFLOW_CTX_DAG_OWNER=airflow
AIRFLOW_CTX_DAG_ID=parallel_dag
AIRFLOW_CTX_TASK_ID=bash4
AIRFLOW_CTX_EXECUTION_DATE=2021-03-28T00:00:00+00:00
AIRFLOW_CTX_DAG_RUN_ID=scheduled__2021-03-28T00:00:00+00:00
[2021-03-29 17:32:02,783] {bash.py:135} INFO - Tmp dir root location: 
 /tmp
[2021-03-29 17:32:02,783] {bash.py:158} INFO - Running command: sleep 3
[2021-03-29 17:32:02,805] {bash.py:169} INFO - Output:
[2021-03-29 17:32:05,818] {bash.py:177} INFO - Command exited with return code 0
[2021-03-29 17:32:05,883] {taskinstance.py:1135} INFO - Marking task as SUCCESS. dag_id=parallel_dag, task_id=bash4, execution_date=20210328T000000, start_date=20210329T173202, end_date=20210329T173205
[2021-03-29 17:32:05,969] {taskinstance.py:1195} INFO - 2 downstream tasks scheduled from follow-on schedule check
[2021-03-29 17:32:05,978] {local_task_job.py:118} INFO - Task exited with return code 0
