[2021-03-30 08:00:56,664] {taskinstance.py:826} INFO - Dependencies all met for <TaskInstance: parallel_dag.bash4 2021-03-28T00:00:00+00:00 [queued]>
[2021-03-30 08:00:56,724] {taskinstance.py:826} INFO - Dependencies all met for <TaskInstance: parallel_dag.bash4 2021-03-28T00:00:00+00:00 [queued]>
[2021-03-30 08:00:56,725] {taskinstance.py:1017} INFO - 
--------------------------------------------------------------------------------
[2021-03-30 08:00:56,725] {taskinstance.py:1018} INFO - Starting attempt 5 of 5
[2021-03-30 08:00:56,725] {taskinstance.py:1019} INFO - 
--------------------------------------------------------------------------------
[2021-03-30 08:00:56,754] {taskinstance.py:1038} INFO - Executing <Task(BashOperator): bash4> on 2021-03-28T00:00:00+00:00
[2021-03-30 08:00:56,761] {standard_task_runner.py:51} INFO - Started process 888586 to run task
[2021-03-30 08:00:56,774] {standard_task_runner.py:75} INFO - Running: ['airflow', 'tasks', 'run', 'parallel_dag', 'bash4', '2021-03-28T00:00:00+00:00', '--job-id', '210', '--pool', 'default_pool', '--raw', '--subdir', 'DAGS_FOLDER/parallel_dag.py', '--cfg-path', '/tmp/tmpky5wbd49']
[2021-03-30 08:00:56,788] {standard_task_runner.py:76} INFO - Job 210: Subtask bash4
[2021-03-30 08:00:56,986] {logging_mixin.py:103} INFO - Running <TaskInstance: parallel_dag.bash4 2021-03-28T00:00:00+00:00 [running]> on host airflowvm
[2021-03-30 08:00:57,202] {taskinstance.py:1230} INFO - Exporting the following env vars:
AIRFLOW_CTX_DAG_OWNER=airflow
AIRFLOW_CTX_DAG_ID=parallel_dag
AIRFLOW_CTX_TASK_ID=bash4
AIRFLOW_CTX_EXECUTION_DATE=2021-03-28T00:00:00+00:00
AIRFLOW_CTX_DAG_RUN_ID=scheduled__2021-03-28T00:00:00+00:00
[2021-03-30 08:00:57,202] {bash.py:135} INFO - Tmp dir root location: 
 /tmp
[2021-03-30 08:00:57,206] {bash.py:158} INFO - Running command: sleep 3
[2021-03-30 08:00:57,224] {bash.py:169} INFO - Output:
[2021-03-30 08:01:00,231] {bash.py:177} INFO - Command exited with return code 0
[2021-03-30 08:01:00,362] {taskinstance.py:1135} INFO - Marking task as SUCCESS. dag_id=parallel_dag, task_id=bash4, execution_date=20210328T000000, start_date=20210330T080056, end_date=20210330T080100
[2021-03-30 08:01:00,483] {taskinstance.py:1195} INFO - 0 downstream tasks scheduled from follow-on schedule check
[2021-03-30 08:01:00,529] {local_task_job.py:118} INFO - Task exited with return code 0
