[2021-03-30 08:08:27,086] {taskinstance.py:826} INFO - Dependencies all met for <TaskInstance: parallel_dag.bash4 2021-03-28T00:00:00+00:00 [queued]>
[2021-03-30 08:08:27,138] {taskinstance.py:826} INFO - Dependencies all met for <TaskInstance: parallel_dag.bash4 2021-03-28T00:00:00+00:00 [queued]>
[2021-03-30 08:08:27,138] {taskinstance.py:1017} INFO - 
--------------------------------------------------------------------------------
[2021-03-30 08:08:27,138] {taskinstance.py:1018} INFO - Starting attempt 6 of 6
[2021-03-30 08:08:27,138] {taskinstance.py:1019} INFO - 
--------------------------------------------------------------------------------
[2021-03-30 08:08:27,165] {taskinstance.py:1038} INFO - Executing <Task(BashOperator): bash4> on 2021-03-28T00:00:00+00:00
[2021-03-30 08:08:27,167] {standard_task_runner.py:51} INFO - Started process 911179 to run task
[2021-03-30 08:08:27,181] {standard_task_runner.py:75} INFO - Running: ['airflow', 'tasks', 'run', 'parallel_dag', 'bash4', '2021-03-28T00:00:00+00:00', '--job-id', '213', '--pool', 'default_pool', '--raw', '--subdir', 'DAGS_FOLDER/parallel_dag.py', '--cfg-path', '/tmp/tmpvh2loe04']
[2021-03-30 08:08:27,194] {standard_task_runner.py:76} INFO - Job 213: Subtask bash4
[2021-03-30 08:08:27,374] {logging_mixin.py:103} INFO - Running <TaskInstance: parallel_dag.bash4 2021-03-28T00:00:00+00:00 [running]> on host airflowvm
[2021-03-30 08:08:27,552] {taskinstance.py:1230} INFO - Exporting the following env vars:
AIRFLOW_CTX_DAG_OWNER=airflow
AIRFLOW_CTX_DAG_ID=parallel_dag
AIRFLOW_CTX_TASK_ID=bash4
AIRFLOW_CTX_EXECUTION_DATE=2021-03-28T00:00:00+00:00
AIRFLOW_CTX_DAG_RUN_ID=scheduled__2021-03-28T00:00:00+00:00
[2021-03-30 08:08:27,553] {bash.py:135} INFO - Tmp dir root location: 
 /tmp
[2021-03-30 08:08:27,558] {bash.py:158} INFO - Running command: sleep 3
[2021-03-30 08:08:27,572] {bash.py:169} INFO - Output:
[2021-03-30 08:08:30,575] {bash.py:177} INFO - Command exited with return code 0
[2021-03-30 08:08:30,642] {taskinstance.py:1135} INFO - Marking task as SUCCESS. dag_id=parallel_dag, task_id=bash4, execution_date=20210328T000000, start_date=20210330T080827, end_date=20210330T080830
[2021-03-30 08:08:30,708] {taskinstance.py:1195} INFO - 2 downstream tasks scheduled from follow-on schedule check
[2021-03-30 08:08:30,743] {local_task_job.py:118} INFO - Task exited with return code 0
