[2021-03-10 07:32:57,281] {taskinstance.py:826} INFO - Dependencies all met for <TaskInstance: data_processing.extract_users 2021-02-23T00:00:00+00:00 [queued]>
[2021-03-10 07:32:57,286] {taskinstance.py:826} INFO - Dependencies all met for <TaskInstance: data_processing.extract_users 2021-02-23T00:00:00+00:00 [queued]>
[2021-03-10 07:32:57,286] {taskinstance.py:1017} INFO - 
--------------------------------------------------------------------------------
[2021-03-10 07:32:57,286] {taskinstance.py:1018} INFO - Starting attempt 1 of 1
[2021-03-10 07:32:57,286] {taskinstance.py:1019} INFO - 
--------------------------------------------------------------------------------
[2021-03-10 07:32:57,295] {taskinstance.py:1038} INFO - Executing <Task(SimpleHttpOperator): extract_users> on 2021-02-23T00:00:00+00:00
[2021-03-10 07:32:57,297] {standard_task_runner.py:51} INFO - Started process 43682 to run task
[2021-03-10 07:32:57,301] {standard_task_runner.py:75} INFO - Running: ['airflow', 'tasks', 'run', 'data_processing', 'extract_users', '2021-02-23T00:00:00+00:00', '--job-id', '282', '--pool', 'default_pool', '--raw', '--subdir', 'DAGS_FOLDER/data_processing.py', '--cfg-path', '/tmp/tmp85jvepl7']
[2021-03-10 07:32:57,302] {standard_task_runner.py:76} INFO - Job 282: Subtask extract_users
[2021-03-10 07:32:57,429] {logging_mixin.py:103} INFO - Running <TaskInstance: data_processing.extract_users 2021-02-23T00:00:00+00:00 [running]> on host airflowvm
[2021-03-10 07:32:57,560] {taskinstance.py:1230} INFO - Exporting the following env vars:
AIRFLOW_CTX_DAG_OWNER=airflow
AIRFLOW_CTX_DAG_ID=data_processing
AIRFLOW_CTX_TASK_ID=extract_users
AIRFLOW_CTX_EXECUTION_DATE=2021-02-23T00:00:00+00:00
AIRFLOW_CTX_DAG_RUN_ID=scheduled__2021-02-23T00:00:00+00:00
[2021-03-10 07:32:57,560] {http.py:106} INFO - Calling HTTP method
[2021-03-10 07:32:57,563] {base.py:65} INFO - Using connection to: id: user_api. Host: https://randomuser.me/, Port: None, Schema: , Login: , Password: None, extra: None
[2021-03-10 07:32:57,564] {http.py:140} INFO - Sending 'GET' to url: https://randomuser.me/api/
[2021-03-10 07:32:58,015] {http.py:110} INFO - {"results":[{"gender":"female","name":{"title":"Mrs","first":"Laura","last":"Kristensen"},"location":{"street":{"number":598,"name":"Frederiksborgvej"},"city":"Sundby/Erslev","state":"Midtjylland","country":"Denmark","postcode":48757,"coordinates":{"latitude":"-33.5342","longitude":"179.2828"},"timezone":{"offset":"+3:30","description":"Tehran"}},"email":"laura.kristensen@example.com","login":{"uuid":"855903d5-6ad9-47e5-bdcb-7597e2dc4d8c","username":"sadladybug397","password":"salmon","salt":"MYMC5tp2","md5":"fac43d0467fe3d753a50b40bf9f5292e","sha1":"89ac7bd9135ea15dc8203696ec5f46e6d145906c","sha256":"51c81a9bc80b52d3d6ac61f803d2ba066f86d982cb5c14281be7c366df8688d0"},"dob":{"date":"1976-07-13T22:37:04.873Z","age":45},"registered":{"date":"2010-12-20T05:22:28.862Z","age":11},"phone":"18728573","cell":"28887460","id":{"name":"CPR","value":"130776-3505"},"picture":{"large":"https://randomuser.me/api/portraits/women/89.jpg","medium":"https://randomuser.me/api/portraits/med/women/89.jpg","thumbnail":"https://randomuser.me/api/portraits/thumb/women/89.jpg"},"nat":"DK"}],"info":{"seed":"938d1167fbd676d5","results":1,"page":1,"version":"1.3"}}
[2021-03-10 07:32:58,029] {taskinstance.py:1135} INFO - Marking task as SUCCESS. dag_id=data_processing, task_id=extract_users, execution_date=20210223T000000, start_date=20210310T073257, end_date=20210310T073258
[2021-03-10 07:32:58,048] {taskinstance.py:1195} INFO - 1 downstream tasks scheduled from follow-on schedule check
[2021-03-10 07:32:58,055] {local_task_job.py:118} INFO - Task exited with return code 0
