[2021-03-10 07:02:35,549] {taskinstance.py:826} INFO - Dependencies all met for <TaskInstance: data_processing.extract_users 2021-01-21T00:00:00+00:00 [queued]>
[2021-03-10 07:02:35,554] {taskinstance.py:826} INFO - Dependencies all met for <TaskInstance: data_processing.extract_users 2021-01-21T00:00:00+00:00 [queued]>
[2021-03-10 07:02:35,554] {taskinstance.py:1017} INFO - 
--------------------------------------------------------------------------------
[2021-03-10 07:02:35,555] {taskinstance.py:1018} INFO - Starting attempt 1 of 1
[2021-03-10 07:02:35,555] {taskinstance.py:1019} INFO - 
--------------------------------------------------------------------------------
[2021-03-10 07:02:35,562] {taskinstance.py:1038} INFO - Executing <Task(SimpleHttpOperator): extract_users> on 2021-01-21T00:00:00+00:00
[2021-03-10 07:02:35,564] {standard_task_runner.py:51} INFO - Started process 42600 to run task
[2021-03-10 07:02:35,569] {standard_task_runner.py:75} INFO - Running: ['airflow', 'tasks', 'run', 'data_processing', 'extract_users', '2021-01-21T00:00:00+00:00', '--job-id', '117', '--pool', 'default_pool', '--raw', '--subdir', 'DAGS_FOLDER/data_processing.py', '--cfg-path', '/tmp/tmpogzq56hn']
[2021-03-10 07:02:35,569] {standard_task_runner.py:76} INFO - Job 117: Subtask extract_users
[2021-03-10 07:02:35,697] {logging_mixin.py:103} INFO - Running <TaskInstance: data_processing.extract_users 2021-01-21T00:00:00+00:00 [running]> on host airflowvm
[2021-03-10 07:02:35,827] {taskinstance.py:1230} INFO - Exporting the following env vars:
AIRFLOW_CTX_DAG_OWNER=airflow
AIRFLOW_CTX_DAG_ID=data_processing
AIRFLOW_CTX_TASK_ID=extract_users
AIRFLOW_CTX_EXECUTION_DATE=2021-01-21T00:00:00+00:00
AIRFLOW_CTX_DAG_RUN_ID=scheduled__2021-01-21T00:00:00+00:00
[2021-03-10 07:02:35,827] {http.py:106} INFO - Calling HTTP method
[2021-03-10 07:02:35,830] {base.py:65} INFO - Using connection to: id: user_api. Host: https://randomuser.me/, Port: None, Schema: , Login: , Password: None, extra: None
[2021-03-10 07:02:35,831] {http.py:140} INFO - Sending 'GET' to url: https://randomuser.me/api/
[2021-03-10 07:02:36,319] {http.py:110} INFO - {"results":[{"gender":"female","name":{"title":"Ms","first":"Esther","last":"Vega"},"location":{"street":{"number":3513,"name":"Avenida de Andalucía"},"city":"Pozuelo de Alarcón","state":"Región de Murcia","country":"Spain","postcode":17592,"coordinates":{"latitude":"-24.6274","longitude":"87.8675"},"timezone":{"offset":"-6:00","description":"Central Time (US & Canada), Mexico City"}},"email":"esther.vega@example.com","login":{"uuid":"5fb350bf-10f2-479d-9d65-3a662912d36a","username":"greenduck671","password":"gordo","salt":"b8jDJ1L2","md5":"4b6121f9a1206b7a24e9d070454839a8","sha1":"11fd4b8b0374aa338fdabefaffba4fa63a01a5ab","sha256":"3b2740940e3906a7a29fd06e4006ce53a4a8a0e80beef0ad17979412c064992f"},"dob":{"date":"1965-02-12T08:10:29.701Z","age":56},"registered":{"date":"2009-03-18T19:28:52.369Z","age":12},"phone":"960-182-362","cell":"635-794-499","id":{"name":"DNI","value":"40318146-O"},"picture":{"large":"https://randomuser.me/api/portraits/women/17.jpg","medium":"https://randomuser.me/api/portraits/med/women/17.jpg","thumbnail":"https://randomuser.me/api/portraits/thumb/women/17.jpg"},"nat":"ES"}],"info":{"seed":"f1c6f1c904b7751c","results":1,"page":1,"version":"1.3"}}
[2021-03-10 07:02:36,333] {taskinstance.py:1135} INFO - Marking task as SUCCESS. dag_id=data_processing, task_id=extract_users, execution_date=20210121T000000, start_date=20210310T070235, end_date=20210310T070236
[2021-03-10 07:02:36,349] {taskinstance.py:1195} INFO - 1 downstream tasks scheduled from follow-on schedule check
[2021-03-10 07:02:36,362] {local_task_job.py:118} INFO - Task exited with return code 0
