[2021-03-10 07:05:16,984] {taskinstance.py:826} INFO - Dependencies all met for <TaskInstance: data_processing.creating_table 2021-02-07T00:00:00+00:00 [queued]>
[2021-03-10 07:05:16,996] {taskinstance.py:826} INFO - Dependencies all met for <TaskInstance: data_processing.creating_table 2021-02-07T00:00:00+00:00 [queued]>
[2021-03-10 07:05:16,996] {taskinstance.py:1017} INFO - 
--------------------------------------------------------------------------------
[2021-03-10 07:05:16,996] {taskinstance.py:1018} INFO - Starting attempt 1 of 1
[2021-03-10 07:05:16,996] {taskinstance.py:1019} INFO - 
--------------------------------------------------------------------------------
[2021-03-10 07:05:17,012] {taskinstance.py:1038} INFO - Executing <Task(SqliteOperator): creating_table> on 2021-02-07T00:00:00+00:00
[2021-03-10 07:05:17,014] {standard_task_runner.py:51} INFO - Started process 43139 to run task
[2021-03-10 07:05:17,032] {standard_task_runner.py:75} INFO - Running: ['airflow', 'tasks', 'run', 'data_processing', 'creating_table', '2021-02-07T00:00:00+00:00', '--job-id', '190', '--pool', 'default_pool', '--raw', '--subdir', 'DAGS_FOLDER/data_processing.py', '--cfg-path', '/tmp/tmpoi4xtizy']
[2021-03-10 07:05:17,032] {standard_task_runner.py:76} INFO - Job 190: Subtask creating_table
[2021-03-10 07:05:17,174] {logging_mixin.py:103} INFO - Running <TaskInstance: data_processing.creating_table 2021-02-07T00:00:00+00:00 [running]> on host airflowvm
[2021-03-10 07:05:17,312] {taskinstance.py:1230} INFO - Exporting the following env vars:
AIRFLOW_CTX_DAG_OWNER=airflow
AIRFLOW_CTX_DAG_ID=data_processing
AIRFLOW_CTX_TASK_ID=creating_table
AIRFLOW_CTX_EXECUTION_DATE=2021-02-07T00:00:00+00:00
AIRFLOW_CTX_DAG_RUN_ID=scheduled__2021-02-07T00:00:00+00:00
[2021-03-10 07:05:17,312] {sqlite.py:63} INFO - Executing: 
            Create table if not exists userstwos(
                email text not null primary key,
                password text not null,
                fname text not null
            );
            
[2021-03-10 07:05:17,315] {base.py:65} INFO - Using connection to: id: db_sqlite. Host: /home/airflow/airflow/airflow.db, Port: None, Schema: , Login: , Password: None, extra: None
[2021-03-10 07:05:17,315] {dbapi.py:180} INFO - Running statement: 
            Create table if not exists userstwos(
                email text not null primary key,
                password text not null,
                fname text not null
            );
            , parameters: []
[2021-03-10 07:05:17,315] {dbapi.py:186} INFO - Rows affected: -1
[2021-03-10 07:05:17,322] {taskinstance.py:1135} INFO - Marking task as SUCCESS. dag_id=data_processing, task_id=creating_table, execution_date=20210207T000000, start_date=20210310T070516, end_date=20210310T070517
[2021-03-10 07:05:17,353] {taskinstance.py:1195} INFO - 1 downstream tasks scheduled from follow-on schedule check
[2021-03-10 07:05:17,361] {local_task_job.py:118} INFO - Task exited with return code 0
