[2021-04-05 16:50:01,431] {taskinstance.py:826} INFO - Dependencies all met for <TaskInstance: baxa_lead_importer.main 2021-04-05T16:40:00+00:00 [queued]>
[2021-04-05 16:50:01,462] {taskinstance.py:826} INFO - Dependencies all met for <TaskInstance: baxa_lead_importer.main 2021-04-05T16:40:00+00:00 [queued]>
[2021-04-05 16:50:01,463] {taskinstance.py:1017} INFO - 
--------------------------------------------------------------------------------
[2021-04-05 16:50:01,463] {taskinstance.py:1018} INFO - Starting attempt 1 of 2
[2021-04-05 16:50:01,463] {taskinstance.py:1019} INFO - 
--------------------------------------------------------------------------------
[2021-04-05 16:50:01,498] {taskinstance.py:1038} INFO - Executing <Task(BashOperator): main> on 2021-04-05T16:40:00+00:00
[2021-04-05 16:50:01,504] {standard_task_runner.py:51} INFO - Started process 27741 to run task
[2021-04-05 16:50:01,517] {standard_task_runner.py:75} INFO - Running: ['airflow', 'tasks', 'run', 'baxa_lead_importer', 'main', '2021-04-05T16:40:00+00:00', '--job-id', '4', '--pool', 'default_pool', '--raw', '--subdir', 'DAGS_FOLDER/baxa_lead_importer.py', '--cfg-path', '/tmp/tmpvz68lykh']
[2021-04-05 16:50:01,517] {standard_task_runner.py:76} INFO - Job 4: Subtask main
[2021-04-05 16:50:01,731] {logging_mixin.py:103} INFO - Running <TaskInstance: baxa_lead_importer.main 2021-04-05T16:40:00+00:00 [running]> on host airflowvm
[2021-04-05 16:50:01,917] {taskinstance.py:1230} INFO - Exporting the following env vars:
AIRFLOW_CTX_DAG_EMAIL=arun.padmanabhan00@gmail.com
AIRFLOW_CTX_DAG_OWNER=airflow
AIRFLOW_CTX_DAG_ID=baxa_lead_importer
AIRFLOW_CTX_TASK_ID=main
AIRFLOW_CTX_EXECUTION_DATE=2021-04-05T16:40:00+00:00
AIRFLOW_CTX_DAG_RUN_ID=scheduled__2021-04-05T16:40:00+00:00
[2021-04-05 16:50:01,918] {bash.py:135} INFO - Tmp dir root location: 
 /tmp
[2021-04-05 16:50:01,921] {bash.py:158} INFO - Running command: sleep 20
[2021-04-05 16:50:01,952] {bash.py:169} INFO - Output:
[2021-04-05 16:50:21,959] {bash.py:177} INFO - Command exited with return code 0
[2021-04-05 16:50:22,049] {taskinstance.py:1135} INFO - Marking task as SUCCESS. dag_id=baxa_lead_importer, task_id=main, execution_date=20210405T164000, start_date=20210405T165001, end_date=20210405T165022
[2021-04-05 16:50:22,116] {taskinstance.py:1195} INFO - 0 downstream tasks scheduled from follow-on schedule check
[2021-04-05 16:50:22,158] {local_task_job.py:118} INFO - Task exited with return code 0
