[2021-04-05 05:10:23,450] {taskinstance.py:826} INFO - Dependencies all met for <TaskInstance: parallel_dag.bash4 2021-04-04T00:00:00+00:00 [queued]>
[2021-04-05 05:10:24,395] {taskinstance.py:826} INFO - Dependencies all met for <TaskInstance: parallel_dag.bash4 2021-04-04T00:00:00+00:00 [queued]>
[2021-04-05 05:10:24,395] {taskinstance.py:1017} INFO - 
--------------------------------------------------------------------------------
[2021-04-05 05:10:24,395] {taskinstance.py:1018} INFO - Starting attempt 1 of 1
[2021-04-05 05:10:24,395] {taskinstance.py:1019} INFO - 
--------------------------------------------------------------------------------
[2021-04-05 05:10:24,465] {taskinstance.py:1038} INFO - Executing <Task(BashOperator): bash4> on 2021-04-04T00:00:00+00:00
[2021-04-05 05:10:24,485] {standard_task_runner.py:51} INFO - Started process 2230 to run task
[2021-04-05 05:10:24,549] {standard_task_runner.py:75} INFO - Running: ['airflow', 'tasks', 'run', 'parallel_dag', 'bash4', '2021-04-04T00:00:00+00:00', '--job-id', '276', '--pool', 'default_pool', '--raw', '--subdir', 'DAGS_FOLDER/parallel_dag.py', '--cfg-path', '/tmp/tmpe0p64114']
[2021-04-05 05:10:24,549] {standard_task_runner.py:76} INFO - Job 276: Subtask bash4
[2021-04-05 05:10:25,265] {logging_mixin.py:103} INFO - Running <TaskInstance: parallel_dag.bash4 2021-04-04T00:00:00+00:00 [running]> on host airflowvm
[2021-04-05 05:10:25,789] {taskinstance.py:1230} INFO - Exporting the following env vars:
AIRFLOW_CTX_DAG_OWNER=airflow
AIRFLOW_CTX_DAG_ID=parallel_dag
AIRFLOW_CTX_TASK_ID=bash4
AIRFLOW_CTX_EXECUTION_DATE=2021-04-04T00:00:00+00:00
AIRFLOW_CTX_DAG_RUN_ID=scheduled__2021-04-04T00:00:00+00:00
[2021-04-05 05:10:25,790] {bash.py:135} INFO - Tmp dir root location: 
 /tmp
[2021-04-05 05:10:25,790] {bash.py:158} INFO - Running command: sleep 3
[2021-04-05 05:10:25,857] {bash.py:169} INFO - Output:
[2021-04-05 05:10:28,875] {bash.py:177} INFO - Command exited with return code 0
[2021-04-05 05:10:29,140] {taskinstance.py:1135} INFO - Marking task as SUCCESS. dag_id=parallel_dag, task_id=bash4, execution_date=20210404T000000, start_date=20210405T051023, end_date=20210405T051029
[2021-04-05 05:10:29,843] {local_task_job.py:169} WARNING - State of this instance has been externally set to success. Terminating instance.
[2021-04-05 05:10:29,942] {process_utils.py:95} INFO - Sending Signals.SIGTERM to GPID 2230
[2021-04-05 05:10:30,651] {taskinstance.py:1214} ERROR - Received SIGTERM. Terminating subprocesses.
[2021-04-05 05:10:30,651] {bash.py:185} INFO - Sending SIGTERM signal to bash process group
[2021-04-05 05:10:30,671] {process_utils.py:61} INFO - Process psutil.Process(pid=2230, status='terminated', exitcode=1, started='05:10:24') (2230) terminated with exit code 1
[2021-04-05 05:10:30,671] {local_task_job.py:118} INFO - Task exited with return code 1
