[2021-04-05 06:10:20,134] {taskinstance.py:826} INFO - Dependencies all met for <TaskInstance: baxa_lead_importer.main 2021-04-05T06:00:00+00:00 [queued]>
[2021-04-05 06:10:20,179] {taskinstance.py:826} INFO - Dependencies all met for <TaskInstance: baxa_lead_importer.main 2021-04-05T06:00:00+00:00 [queued]>
[2021-04-05 06:10:20,179] {taskinstance.py:1017} INFO - 
--------------------------------------------------------------------------------
[2021-04-05 06:10:20,179] {taskinstance.py:1018} INFO - Starting attempt 2 of 2
[2021-04-05 06:10:20,179] {taskinstance.py:1019} INFO - 
--------------------------------------------------------------------------------
[2021-04-05 06:10:20,199] {taskinstance.py:1038} INFO - Executing <Task(BashOperator): main> on 2021-04-05T06:00:00+00:00
[2021-04-05 06:10:20,201] {standard_task_runner.py:51} INFO - Started process 166018 to run task
[2021-04-05 06:10:20,224] {standard_task_runner.py:75} INFO - Running: ['airflow', 'tasks', 'run', 'baxa_lead_importer', 'main', '2021-04-05T06:00:00+00:00', '--job-id', '318', '--pool', 'default_pool', '--raw', '--subdir', 'DAGS_FOLDER/baxa_lead_importer.py', '--cfg-path', '/tmp/tmpsyyn25md']
[2021-04-05 06:10:20,226] {standard_task_runner.py:76} INFO - Job 318: Subtask main
[2021-04-05 06:10:20,358] {logging_mixin.py:103} INFO - Running <TaskInstance: baxa_lead_importer.main 2021-04-05T06:00:00+00:00 [running]> on host airflowvm
[2021-04-05 06:10:20,474] {taskinstance.py:1230} INFO - Exporting the following env vars:
AIRFLOW_CTX_DAG_OWNER=airflow
AIRFLOW_CTX_DAG_ID=baxa_lead_importer
AIRFLOW_CTX_TASK_ID=main
AIRFLOW_CTX_EXECUTION_DATE=2021-04-05T06:00:00+00:00
AIRFLOW_CTX_DAG_RUN_ID=scheduled__2021-04-05T06:00:00+00:00
[2021-04-05 06:10:20,475] {bash.py:135} INFO - Tmp dir root location: 
 /tmp
[2021-04-05 06:10:20,475] {bash.py:158} INFO - Running command: sleep 20
[2021-04-05 06:10:20,491] {bash.py:169} INFO - Output:
[2021-04-05 06:10:30,475] {timeout.py:36} ERROR - Process timed out, PID: 166018
[2021-04-05 06:10:30,476] {bash.py:185} INFO - Sending SIGTERM signal to bash process group
[2021-04-05 06:10:30,543] {taskinstance.py:1396} ERROR - Timeout, PID: 166018
Traceback (most recent call last):
  File "/home/airflow/venv/lib/python3.8/site-packages/airflow/models/taskinstance.py", line 1086, in _run_raw_task
    self._prepare_and_execute_task_with_callbacks(context, task)
  File "/home/airflow/venv/lib/python3.8/site-packages/airflow/models/taskinstance.py", line 1260, in _prepare_and_execute_task_with_callbacks
    result = self._execute_task(context, task_copy)
  File "/home/airflow/venv/lib/python3.8/site-packages/airflow/models/taskinstance.py", line 1295, in _execute_task
    result = task_copy.execute(context=context)
  File "/home/airflow/venv/lib/python3.8/site-packages/airflow/operators/bash.py", line 171, in execute
    for raw_line in iter(self.sub_process.stdout.readline, b''):
  File "/home/airflow/venv/lib/python3.8/site-packages/airflow/utils/timeout.py", line 37, in handle_timeout
    raise AirflowTaskTimeout(self.error_message)
airflow.exceptions.AirflowTaskTimeout: Timeout, PID: 166018
[2021-04-05 06:10:30,544] {taskinstance.py:1433} INFO - Marking task as FAILED. dag_id=baxa_lead_importer, task_id=main, execution_date=20210405T060000, start_date=20210405T061020, end_date=20210405T061030
[2021-04-05 06:10:30,649] {local_task_job.py:118} INFO - Task exited with return code 1
