[2021-04-02 04:04:13,809] {taskinstance.py:826} INFO - Dependencies all met for <TaskInstance: dumb_me.main 2021-04-02T03:50:00+00:00 [queued]>
[2021-04-02 04:04:13,907] {taskinstance.py:826} INFO - Dependencies all met for <TaskInstance: dumb_me.main 2021-04-02T03:50:00+00:00 [queued]>
[2021-04-02 04:04:13,907] {taskinstance.py:1017} INFO - 
--------------------------------------------------------------------------------
[2021-04-02 04:04:13,908] {taskinstance.py:1018} INFO - Starting attempt 1 of 1
[2021-04-02 04:04:13,908] {taskinstance.py:1019} INFO - 
--------------------------------------------------------------------------------
[2021-04-02 04:04:13,968] {taskinstance.py:1038} INFO - Executing <Task(BashOperator): main> on 2021-04-02T03:50:00+00:00
[2021-04-02 04:04:13,983] {standard_task_runner.py:51} INFO - Started process 12011 to run task
[2021-04-02 04:04:13,999] {standard_task_runner.py:75} INFO - Running: ['airflow', 'tasks', 'run', 'dumb_me', 'main', '2021-04-02T03:50:00+00:00', '--job-id', '236', '--pool', 'default_pool', '--raw', '--subdir', 'DAGS_FOLDER/airflow_poc.py', '--cfg-path', '/tmp/tmp4xkua814']
[2021-04-02 04:04:14,000] {standard_task_runner.py:76} INFO - Job 236: Subtask main
[2021-04-02 04:04:14,186] {logging_mixin.py:103} INFO - Running <TaskInstance: dumb_me.main 2021-04-02T03:50:00+00:00 [running]> on host airflowvm
[2021-04-02 04:04:14,392] {taskinstance.py:1230} INFO - Exporting the following env vars:
AIRFLOW_CTX_DAG_OWNER=airflow
AIRFLOW_CTX_DAG_ID=dumb_me
AIRFLOW_CTX_TASK_ID=main
AIRFLOW_CTX_EXECUTION_DATE=2021-04-02T03:50:00+00:00
AIRFLOW_CTX_DAG_RUN_ID=scheduled__2021-04-02T03:50:00+00:00
[2021-04-02 04:04:14,393] {bash.py:135} INFO - Tmp dir root location: 
 /tmp
[2021-04-02 04:04:14,398] {bash.py:158} INFO - Running command: $HOME/workspace/cron-jobs/scripts/standard/leads_importer/fec_importer.sh --client 'fec' --upsert 'true' >> $HOME/logs/fec_importer_v2-$(/bin/date +\%Y\%m\%d).log 2>&1
[2021-04-02 04:04:14,414] {bash.py:169} INFO - Output:
[2021-04-02 04:04:14,429] {bash.py:173} INFO - bash: $HOME/logs/fec_importer_v2-$(/bin/date +\%Y\%m\%d).log: No such file or directory
[2021-04-02 04:04:14,429] {bash.py:177} INFO - Command exited with return code 1
[2021-04-02 04:04:14,461] {taskinstance.py:1396} ERROR - Bash command failed. The command returned a non-zero exit code.
Traceback (most recent call last):
  File "/home/airflow/venv/lib/python3.8/site-packages/airflow/models/taskinstance.py", line 1086, in _run_raw_task
    self._prepare_and_execute_task_with_callbacks(context, task)
  File "/home/airflow/venv/lib/python3.8/site-packages/airflow/models/taskinstance.py", line 1260, in _prepare_and_execute_task_with_callbacks
    result = self._execute_task(context, task_copy)
  File "/home/airflow/venv/lib/python3.8/site-packages/airflow/models/taskinstance.py", line 1300, in _execute_task
    result = task_copy.execute(context=context)
  File "/home/airflow/venv/lib/python3.8/site-packages/airflow/operators/bash.py", line 180, in execute
    raise AirflowException('Bash command failed. The command returned a non-zero exit code.')
airflow.exceptions.AirflowException: Bash command failed. The command returned a non-zero exit code.
[2021-04-02 04:04:14,465] {taskinstance.py:1433} INFO - Marking task as FAILED. dag_id=dumb_me, task_id=main, execution_date=20210402T035000, start_date=20210402T040413, end_date=20210402T040414
[2021-04-02 04:04:14,539] {local_task_job.py:118} INFO - Task exited with return code 1
