[2021-03-11 04:25:24,036] {taskinstance.py:826} INFO - Dependencies all met for <TaskInstance: parallel_dag.processing_tasks.bash2 2021-03-11T04:25:18.026530+00:00 [queued]>
[2021-03-11 04:25:24,080] {taskinstance.py:826} INFO - Dependencies all met for <TaskInstance: parallel_dag.processing_tasks.bash2 2021-03-11T04:25:18.026530+00:00 [queued]>
[2021-03-11 04:25:24,080] {taskinstance.py:1017} INFO - 
--------------------------------------------------------------------------------
[2021-03-11 04:25:24,080] {taskinstance.py:1018} INFO - Starting attempt 1 of 1
[2021-03-11 04:25:24,080] {taskinstance.py:1019} INFO - 
--------------------------------------------------------------------------------
[2021-03-11 04:25:24,108] {taskinstance.py:1038} INFO - Executing <Task(BashOperator): processing_tasks.bash2> on 2021-03-11T04:25:18.026530+00:00
[2021-03-11 04:25:24,119] {standard_task_runner.py:51} INFO - Started process 13371 to run task
[2021-03-11 04:25:24,145] {standard_task_runner.py:75} INFO - Running: ['airflow', 'tasks', 'run', 'parallel_dag', 'processing_tasks.bash2', '2021-03-11T04:25:18.026530+00:00', '--job-id', '91', '--pool', 'default_pool', '--raw', '--subdir', 'DAGS_FOLDER/parallel_dag.py', '--cfg-path', '/tmp/tmphob4y8xo']
[2021-03-11 04:25:24,146] {standard_task_runner.py:76} INFO - Job 91: Subtask processing_tasks.bash2
[2021-03-11 04:25:24,278] {logging_mixin.py:103} INFO - Running <TaskInstance: parallel_dag.processing_tasks.bash2 2021-03-11T04:25:18.026530+00:00 [running]> on host airflowvm
[2021-03-11 04:25:24,432] {taskinstance.py:1230} INFO - Exporting the following env vars:
AIRFLOW_CTX_DAG_OWNER=airflow
AIRFLOW_CTX_DAG_ID=parallel_dag
AIRFLOW_CTX_TASK_ID=processing_tasks.bash2
AIRFLOW_CTX_EXECUTION_DATE=2021-03-11T04:25:18.026530+00:00
AIRFLOW_CTX_DAG_RUN_ID=manual__2021-03-11T04:25:18.026530+00:00
[2021-03-11 04:25:24,433] {bash.py:135} INFO - Tmp dir root location: 
 /tmp
[2021-03-11 04:25:24,433] {bash.py:158} INFO - Running command: sleep 3
[2021-03-11 04:25:24,456] {bash.py:169} INFO - Output:
[2021-03-11 04:25:27,464] {bash.py:177} INFO - Command exited with return code 0
[2021-03-11 04:25:27,549] {taskinstance.py:1135} INFO - Marking task as SUCCESS. dag_id=parallel_dag, task_id=processing_tasks.bash2, execution_date=20210311T042518, start_date=20210311T042524, end_date=20210311T042527
[2021-03-11 04:25:27,646] {taskinstance.py:1195} INFO - 0 downstream tasks scheduled from follow-on schedule check
[2021-03-11 04:25:27,660] {local_task_job.py:118} INFO - Task exited with return code 0
