[2021-03-09 19:21:55,851] {taskinstance.py:826} INFO - Dependencies all met for <TaskInstance: data_processing.creating_table 2021-03-09T19:21:53.551539+00:00 [queued]>
[2021-03-09 19:21:55,865] {taskinstance.py:826} INFO - Dependencies all met for <TaskInstance: data_processing.creating_table 2021-03-09T19:21:53.551539+00:00 [queued]>
[2021-03-09 19:21:55,865] {taskinstance.py:1017} INFO - 
--------------------------------------------------------------------------------
[2021-03-09 19:21:55,865] {taskinstance.py:1018} INFO - Starting attempt 1 of 1
[2021-03-09 19:21:55,865] {taskinstance.py:1019} INFO - 
--------------------------------------------------------------------------------
[2021-03-09 19:21:55,878] {taskinstance.py:1038} INFO - Executing <Task(SqliteOperator): creating_table> on 2021-03-09T19:21:53.551539+00:00
[2021-03-09 19:21:55,879] {standard_task_runner.py:51} INFO - Started process 2333 to run task
[2021-03-09 19:21:55,892] {standard_task_runner.py:75} INFO - Running: ['airflow', 'tasks', 'run', 'data_processing', 'creating_table', '2021-03-09T19:21:53.551539+00:00', '--job-id', '6', '--pool', 'default_pool', '--raw', '--subdir', 'DAGS_FOLDER/data_processing.py', '--cfg-path', '/tmp/tmpkrtwoa_l']
[2021-03-09 19:21:55,892] {standard_task_runner.py:76} INFO - Job 6: Subtask creating_table
[2021-03-09 19:21:55,945] {logging_mixin.py:103} INFO - Running <TaskInstance: data_processing.creating_table 2021-03-09T19:21:53.551539+00:00 [running]> on host airflowvm
[2021-03-09 19:21:55,984] {taskinstance.py:1230} INFO - Exporting the following env vars:
AIRFLOW_CTX_DAG_OWNER=airflow
AIRFLOW_CTX_DAG_ID=data_processing
AIRFLOW_CTX_TASK_ID=creating_table
AIRFLOW_CTX_EXECUTION_DATE=2021-03-09T19:21:53.551539+00:00
AIRFLOW_CTX_DAG_RUN_ID=manual__2021-03-09T19:21:53.551539+00:00
[2021-03-09 19:21:55,984] {sqlite.py:63} INFO - Executing: 
            Create table userstwos(
                email text not null primary key,
                password text not nulls,
                fname text not null
            );
            
[2021-03-09 19:21:55,992] {base.py:65} INFO - Using connection to: id: db_sqlite. Host: /home/airflow/airflow/airflow.db, Port: None, Schema: , Login: , Password: None, extra: None
[2021-03-09 19:21:55,993] {dbapi.py:180} INFO - Running statement: 
            Create table userstwos(
                email text not null primary key,
                password text not nulls,
                fname text not null
            );
            , parameters: []
[2021-03-09 19:21:55,995] {taskinstance.py:1396} ERROR - near "nulls": syntax error
Traceback (most recent call last):
  File "/home/airflow/venv/lib/python3.8/site-packages/airflow/models/taskinstance.py", line 1086, in _run_raw_task
    self._prepare_and_execute_task_with_callbacks(context, task)
  File "/home/airflow/venv/lib/python3.8/site-packages/airflow/models/taskinstance.py", line 1260, in _prepare_and_execute_task_with_callbacks
    result = self._execute_task(context, task_copy)
  File "/home/airflow/venv/lib/python3.8/site-packages/airflow/models/taskinstance.py", line 1300, in _execute_task
    result = task_copy.execute(context=context)
  File "/home/airflow/venv/lib/python3.8/site-packages/airflow/providers/sqlite/operators/sqlite.py", line 65, in execute
    hook.run(self.sql, parameters=self.parameters)
  File "/home/airflow/venv/lib/python3.8/site-packages/airflow/hooks/dbapi.py", line 184, in run
    cur.execute(sql_statement)
sqlite3.OperationalError: near "nulls": syntax error
[2021-03-09 19:21:55,997] {taskinstance.py:1433} INFO - Marking task as FAILED. dag_id=data_processing, task_id=creating_table, execution_date=20210309T192153, start_date=20210309T192155, end_date=20210309T192155
[2021-03-09 19:21:56,021] {local_task_job.py:118} INFO - Task exited with return code 1
