[2021-04-05 08:10:01,574] {taskinstance.py:826} INFO - Dependencies all met for <TaskInstance: baxa_lead_importer.main 2021-04-05T08:00:00+00:00 [queued]>
[2021-04-05 08:10:01,607] {taskinstance.py:826} INFO - Dependencies all met for <TaskInstance: baxa_lead_importer.main 2021-04-05T08:00:00+00:00 [queued]>
[2021-04-05 08:10:01,608] {taskinstance.py:1017} INFO - 
--------------------------------------------------------------------------------
[2021-04-05 08:10:01,608] {taskinstance.py:1018} INFO - Starting attempt 1 of 2
[2021-04-05 08:10:01,608] {taskinstance.py:1019} INFO - 
--------------------------------------------------------------------------------
[2021-04-05 08:10:01,645] {taskinstance.py:1038} INFO - Executing <Task(BashOperator): main> on 2021-04-05T08:00:00+00:00
[2021-04-05 08:10:01,648] {standard_task_runner.py:51} INFO - Started process 492175 to run task
[2021-04-05 08:10:01,667] {standard_task_runner.py:75} INFO - Running: ['airflow', 'tasks', 'run', 'baxa_lead_importer', 'main', '2021-04-05T08:00:00+00:00', '--job-id', '353', '--pool', 'default_pool', '--raw', '--subdir', 'DAGS_FOLDER/baxa_lead_importer.py', '--cfg-path', '/tmp/tmprh6gmqgb']
[2021-04-05 08:10:01,668] {standard_task_runner.py:76} INFO - Job 353: Subtask main
[2021-04-05 08:10:01,891] {logging_mixin.py:103} INFO - Running <TaskInstance: baxa_lead_importer.main 2021-04-05T08:00:00+00:00 [running]> on host airflowvm
[2021-04-05 08:10:02,141] {taskinstance.py:1230} INFO - Exporting the following env vars:
AIRFLOW_CTX_DAG_EMAIL=arun.padmanabhan00@gmail.com
AIRFLOW_CTX_DAG_OWNER=airflow
AIRFLOW_CTX_DAG_ID=baxa_lead_importer
AIRFLOW_CTX_TASK_ID=main
AIRFLOW_CTX_EXECUTION_DATE=2021-04-05T08:00:00+00:00
AIRFLOW_CTX_DAG_RUN_ID=scheduled__2021-04-05T08:00:00+00:00
[2021-04-05 08:10:02,141] {bash.py:135} INFO - Tmp dir root location: 
 /tmp
[2021-04-05 08:10:02,142] {bash.py:158} INFO - Running command: sleep 20
[2021-04-05 08:10:02,189] {bash.py:169} INFO - Output:
[2021-04-05 08:10:22,202] {bash.py:177} INFO - Command exited with return code 0
[2021-04-05 08:10:22,284] {taskinstance.py:1135} INFO - Marking task as SUCCESS. dag_id=baxa_lead_importer, task_id=main, execution_date=20210405T080000, start_date=20210405T081001, end_date=20210405T081022
[2021-04-05 08:10:22,506] {taskinstance.py:1195} INFO - 0 downstream tasks scheduled from follow-on schedule check
[2021-04-05 08:10:22,526] {local_task_job.py:118} INFO - Task exited with return code 0
