[2021-03-29 17:29:47,915] {taskinstance.py:826} INFO - Dependencies all met for <TaskInstance: xcom_dag.task_4 2021-03-19T00:00:00+00:00 [queued]>
[2021-03-29 17:29:47,973] {taskinstance.py:826} INFO - Dependencies all met for <TaskInstance: xcom_dag.task_4 2021-03-19T00:00:00+00:00 [queued]>
[2021-03-29 17:29:47,973] {taskinstance.py:1017} INFO - 
--------------------------------------------------------------------------------
[2021-03-29 17:29:47,973] {taskinstance.py:1018} INFO - Starting attempt 1 of 1
[2021-03-29 17:29:47,973] {taskinstance.py:1019} INFO - 
--------------------------------------------------------------------------------
[2021-03-29 17:29:48,004] {taskinstance.py:1038} INFO - Executing <Task(BranchPythonOperator): task_4> on 2021-03-19T00:00:00+00:00
[2021-03-29 17:29:48,005] {standard_task_runner.py:51} INFO - Started process 3348 to run task
[2021-03-29 17:29:48,020] {standard_task_runner.py:75} INFO - Running: ['airflow', 'tasks', 'run', 'xcom_dag', 'task_4', '2021-03-19T00:00:00+00:00', '--job-id', '187', '--pool', 'default_pool', '--raw', '--subdir', 'DAGS_FOLDER/xcom_dag.py', '--cfg-path', '/tmp/tmpaf3mrq0r']
[2021-03-29 17:29:48,021] {standard_task_runner.py:76} INFO - Job 187: Subtask task_4
[2021-03-29 17:29:48,171] {logging_mixin.py:103} INFO - Running <TaskInstance: xcom_dag.task_4 2021-03-19T00:00:00+00:00 [running]> on host airflowvm
[2021-03-29 17:29:48,333] {taskinstance.py:1230} INFO - Exporting the following env vars:
AIRFLOW_CTX_DAG_OWNER=airflow
AIRFLOW_CTX_DAG_ID=xcom_dag
AIRFLOW_CTX_TASK_ID=task_4
AIRFLOW_CTX_EXECUTION_DATE=2021-03-19T00:00:00+00:00
AIRFLOW_CTX_DAG_RUN_ID=scheduled__2021-03-19T00:00:00+00:00
[2021-03-29 17:29:48,333] {logging_mixin.py:103} INFO - choose best model
[2021-03-29 17:29:48,360] {logging_mixin.py:103} INFO - [1.4901669582977601, 2.118682091849458, 6.132358664177112]
[2021-03-29 17:29:48,361] {python.py:118} INFO - Done. Returned value was: accurate
[2021-03-29 17:29:48,361] {skipmixin.py:124} INFO - Following branch accurate
[2021-03-29 17:29:48,383] {skipmixin.py:155} INFO - Skipping tasks ['inaccurate']
[2021-03-29 17:29:48,553] {taskinstance.py:1135} INFO - Marking task as SUCCESS. dag_id=xcom_dag, task_id=task_4, execution_date=20210319T000000, start_date=20210329T172947, end_date=20210329T172948
[2021-03-29 17:29:48,848] {taskinstance.py:1195} INFO - 0 downstream tasks scheduled from follow-on schedule check
[2021-03-29 17:29:48,906] {local_task_job.py:118} INFO - Task exited with return code 0
