[2021-04-05 05:10:28,243] {taskinstance.py:826} INFO - Dependencies all met for <TaskInstance: parallel_dag.processing_tasks.bash2 2021-04-02T00:00:00+00:00 [queued]>
[2021-04-05 05:10:28,411] {taskinstance.py:826} INFO - Dependencies all met for <TaskInstance: parallel_dag.processing_tasks.bash2 2021-04-02T00:00:00+00:00 [queued]>
[2021-04-05 05:10:28,411] {taskinstance.py:1017} INFO - 
--------------------------------------------------------------------------------
[2021-04-05 05:10:28,411] {taskinstance.py:1018} INFO - Starting attempt 1 of 1
[2021-04-05 05:10:28,411] {taskinstance.py:1019} INFO - 
--------------------------------------------------------------------------------
[2021-04-05 05:10:28,508] {taskinstance.py:1038} INFO - Executing <Task(BashOperator): processing_tasks.bash2> on 2021-04-02T00:00:00+00:00
[2021-04-05 05:10:28,514] {standard_task_runner.py:75} INFO - Running: ['airflow', 'tasks', 'run', 'parallel_dag', 'processing_tasks.bash2', '2021-04-02T00:00:00+00:00', '--job-id', '280', '--pool', 'default_pool', '--raw', '--subdir', 'DAGS_FOLDER/parallel_dag.py', '--cfg-path', '/tmp/tmpctttgdfu']
[2021-04-05 05:10:28,554] {standard_task_runner.py:51} INFO - Started process 2372 to run task
[2021-04-05 05:10:28,606] {standard_task_runner.py:76} INFO - Job 280: Subtask processing_tasks.bash2
[2021-04-05 05:10:29,265] {logging_mixin.py:103} INFO - Running <TaskInstance: parallel_dag.processing_tasks.bash2 2021-04-02T00:00:00+00:00 [running]> on host airflowvm
[2021-04-05 05:10:29,883] {taskinstance.py:1230} INFO - Exporting the following env vars:
AIRFLOW_CTX_DAG_OWNER=airflow
AIRFLOW_CTX_DAG_ID=parallel_dag
AIRFLOW_CTX_TASK_ID=processing_tasks.bash2
AIRFLOW_CTX_EXECUTION_DATE=2021-04-02T00:00:00+00:00
AIRFLOW_CTX_DAG_RUN_ID=scheduled__2021-04-02T00:00:00+00:00
[2021-04-05 05:10:29,884] {bash.py:135} INFO - Tmp dir root location: 
 /tmp
[2021-04-05 05:10:29,884] {bash.py:158} INFO - Running command: 
cd /home/airflow/node
node app.js
sleep 10
[2021-04-05 05:10:29,949] {bash.py:169} INFO - Output:
[2021-04-05 05:10:39,009] {bash.py:173} INFO - worked
[2021-04-05 05:10:49,069] {bash.py:177} INFO - Command exited with return code 0
[2021-04-05 05:10:49,175] {taskinstance.py:1135} INFO - Marking task as SUCCESS. dag_id=parallel_dag, task_id=processing_tasks.bash2, execution_date=20210402T000000, start_date=20210405T051028, end_date=20210405T051049
[2021-04-05 05:10:49,446] {taskinstance.py:1195} INFO - 0 downstream tasks scheduled from follow-on schedule check
[2021-04-05 05:10:49,474] {local_task_job.py:118} INFO - Task exited with return code 0
