[2021-03-09 19:11:16,287] {scheduler_job.py:181} INFO - Started process (PID=10328) to work on /home/airflow/airflow/dags/data_processing.py
[2021-03-09 19:11:16,289] {scheduler_job.py:629} INFO - Processing file /home/airflow/airflow/dags/data_processing.py for tasks to queue
[2021-03-09 19:11:16,290] {logging_mixin.py:103} INFO - [2021-03-09 19:11:16,289] {dagbag.py:440} INFO - Filling up the DagBag from /home/airflow/airflow/dags/data_processing.py
[2021-03-09 19:11:16,299] {logging_mixin.py:103} INFO - [2021-03-09 19:11:16,296] {dagbag.py:297} ERROR - Failed to import: /home/airflow/airflow/dags/data_processing.py
Traceback (most recent call last):
  File "/home/airflow/venv/lib/python3.8/site-packages/airflow/models/dagbag.py", line 294, in _load_modules_from_file
    loader.exec_module(new_module)
  File "<frozen importlib._bootstrap_external>", line 779, in exec_module
  File "<frozen importlib._bootstrap_external>", line 916, in get_code
  File "<frozen importlib._bootstrap_external>", line 846, in source_to_code
  File "<frozen importlib._bootstrap>", line 219, in _call_with_frames_removed
  File "/home/airflow/airflow/dags/data_processing.py", line 6
    'start_date' : datetime(2020,01,01),
                                  ^
SyntaxError: leading zeros in decimal integer literals are not permitted; use an 0o prefix for octal integers
[2021-03-09 19:11:16,299] {scheduler_job.py:641} WARNING - No viable dags retrieved from /home/airflow/airflow/dags/data_processing.py
[2021-03-09 19:11:16,343] {scheduler_job.py:189} INFO - Processing /home/airflow/airflow/dags/data_processing.py took 0.070 seconds
[2021-03-09 19:11:53,613] {scheduler_job.py:181} INFO - Started process (PID=10364) to work on /home/airflow/airflow/dags/data_processing.py
[2021-03-09 19:11:53,614] {scheduler_job.py:629} INFO - Processing file /home/airflow/airflow/dags/data_processing.py for tasks to queue
[2021-03-09 19:11:53,615] {logging_mixin.py:103} INFO - [2021-03-09 19:11:53,615] {dagbag.py:440} INFO - Filling up the DagBag from /home/airflow/airflow/dags/data_processing.py
[2021-03-09 19:11:53,617] {logging_mixin.py:103} INFO - [2021-03-09 19:11:53,617] {dagbag.py:297} ERROR - Failed to import: /home/airflow/airflow/dags/data_processing.py
Traceback (most recent call last):
  File "/home/airflow/venv/lib/python3.8/site-packages/airflow/models/dagbag.py", line 294, in _load_modules_from_file
    loader.exec_module(new_module)
  File "<frozen importlib._bootstrap_external>", line 779, in exec_module
  File "<frozen importlib._bootstrap_external>", line 916, in get_code
  File "<frozen importlib._bootstrap_external>", line 846, in source_to_code
  File "<frozen importlib._bootstrap>", line 219, in _call_with_frames_removed
  File "/home/airflow/airflow/dags/data_processing.py", line 6
    'start_date' : datetime(2020,01,01),
                                  ^
SyntaxError: leading zeros in decimal integer literals are not permitted; use an 0o prefix for octal integers
[2021-03-09 19:11:53,618] {scheduler_job.py:641} WARNING - No viable dags retrieved from /home/airflow/airflow/dags/data_processing.py
[2021-03-09 19:11:53,630] {scheduler_job.py:189} INFO - Processing /home/airflow/airflow/dags/data_processing.py took 0.020 seconds
[2021-03-09 19:12:19,846] {scheduler_job.py:181} INFO - Started process (PID=10393) to work on /home/airflow/airflow/dags/data_processing.py
[2021-03-09 19:12:19,857] {scheduler_job.py:629} INFO - Processing file /home/airflow/airflow/dags/data_processing.py for tasks to queue
[2021-03-09 19:12:19,858] {logging_mixin.py:103} INFO - [2021-03-09 19:12:19,858] {dagbag.py:440} INFO - Filling up the DagBag from /home/airflow/airflow/dags/data_processing.py
[2021-03-09 19:12:19,861] {logging_mixin.py:103} INFO - [2021-03-09 19:12:19,860] {dagbag.py:297} ERROR - Failed to import: /home/airflow/airflow/dags/data_processing.py
Traceback (most recent call last):
  File "/home/airflow/venv/lib/python3.8/site-packages/airflow/models/dagbag.py", line 294, in _load_modules_from_file
    loader.exec_module(new_module)
  File "<frozen[2021-03-09 19:16:24,997] {scheduler_job.py:181} INFO - Started process (PID=1468) to work on /home/airflow/airflow/dags/data_processing.py
[2021-03-09 19:16:24,998] {scheduler_job.py:629} INFO - Processing file /home/airflow/airflow/dags/data_processing.py for tasks to queue
[2021-03-09 19:16:24,998] {logging_mixin.py:103} INFO - [2021-03-09 19:16:24,998] {dagbag.py:440} INFO - Filling up the DagBag from /home/airflow/airflow/dags/data_processing.py
[2021-03-09 19:16:25,001] {logging_mixin.py:103} INFO - [2021-03-09 19:16:24,999] {dagbag.py:297} ERROR - Failed to import: /home/airflow/airflow/dags/data_processing.py
Traceback (most recent call last):
  File "/home/airflow/venv/lib/python3.8/site-packages/airflow/models/dagbag.py", line 294, in _load_modules_from_file
    loader.exec_module(new_module)
  File "<frozen importlib._bootstrap_external>", line 779, in exec_module
  File "<frozen importlib._bootstrap_external>", line 916, in get_code
  File "<frozen importlib._bootstrap_external>", line 846, in source_to_code
  File "<frozen importlib._bootstrap>", line 219, in _call_with_frames_removed
  File "/home/airflow/airflow/dags/data_processing.py", line 6
    'start_date' : datetime(2020,01,01),
                                  ^
SyntaxError: leading zeros in decimal integer literals are not permitted; use an 0o prefix for octal integers
[2021-03-09 19:16:25,001] {scheduler_job.py:641} WARNING - No viable dags retrieved from /home/airflow/airflow/dags/data_processing.py
[2021-03-09 19:16:25,011] {scheduler_job.py:189} INFO - Processing /home/airflow/airflow/dags/data_processing.py took 0.015 seconds
[2021-03-09 19:16:53,228] {scheduler_job.py:181} INFO - Started process (PID=1517) to work on /home/airflow/airflow/dags/data_processing.py
[2021-03-09 19:16:53,229] {scheduler_job.py:629} INFO - Processing file /home/airflow/airflow/dags/data_processing.py for tasks to queue
[2021-03-09 19:16:53,229] {logging_mixin.py:103} INFO - [2021-03-09 19:16:53,229] {dagbag.py:440} INFO - Filling up the DagBag from /home/airflow/airflow/dags/data_processing.py
[2021-03-09 19:16:53,231] {logging_mixin.py:103} INFO - [2021-03-09 19:16:53,230] {dagbag.py:297} ERROR - Failed to import: /home/airflow/airflow/dags/data_processing.py
Traceback (most recent call last):
  File "/home/airflow/venv/lib/python3.8/site-packages/airflow/models/dagbag.py", line 294, in _load_modules_from_file
    loader.exec_module(new_module)
  File "<frozen importlib._bootstrap_external>", line 779, in exec_module
  File "<frozen importlib._bootstrap_external>", line 916, in get_code
  File "<frozen importlib._bootstrap_external>", line 846, in source_to_code
  File "<frozen importlib._bootstrap>", line 219, in _call_with_frames_removed
  File "/home/airflow/airflow/dags/data_processing.py", line 6
    'start_date' : datetime(2020,01,01),
                                  ^
SyntaxError: leading zeros in decimal integer literals are not permitted; use an 0o prefix for octal integers
[2021-03-09 19:16:53,231] {scheduler_job.py:641} WARNING - No viable dags retrieved from /home/airflow/airflow/dags/data_processing.py
[2021-03-09 19:16:53,240] {scheduler_job.py:189} INFO - Processing /home/airflow/airflow/dags/data_processing.py took 0.014 seconds
[2021-03-09 19:17:19,596] {scheduler_job.py:181} INFO - Started process (PID=1583) to work on /home/airflow/airflow/dags/data_processing.py
[2021-03-09 19:17:19,596] {scheduler_job.py:629} INFO - Processing file /home/airflow/airflow/dags/data_processing.py for tasks to queue
[2021-03-09 19:17:19,597] {logging_mixin.py:103} INFO - [2021-03-09 19:17:19,597] {dagbag.py:440} INFO - Filling up the DagBag from /home/airflow/airflow/dags/data_processing.py
[2021-03-09 19:17:19,598] {logging_mixin.py:103} INFO - [2021-03-09 19:17:19,598] {dagbag.py:297} ERROR - Failed to import: /home/airflow/airflow/dags/data_processing.py
Traceback (most recent call last):
  File "/home/airflow/venv/lib/python3.8/site-packages/airflow/models/dagbag.py", line 294, in _load_modules_from_file
    loader.exec_module(new_module)
  File "<frozen importlib._bootstrap_external>", line 779, in exec_module
  File "<frozen importlib._bootstrap_external>", line 916, in get_code
  File "<frozen importlib._bootstrap_external>", line 846, in source_to_code
  File "<frozen importlib._bootstrap>", line 219, in _call_with_frames_removed
  File "/home/airflow/airflow/dags/data_processing.py", line 6
    'start_date' : datetime(2020,01,01),
                                  ^
SyntaxError: leading zeros in decimal integer literals are not permitted; use an 0o prefix for octal integers
[2021-03-09 19:17:19,598] {scheduler_job.py:641} WARNING - No viable dags retrieved from /home/airflow/airflow/dags/data_processing.py
[2021-03-09 19:17:19,607] {scheduler_job.py:189} INFO - Processing /home/airflow/airflow/dags/data_processing.py took 0.013 seconds
[2021-03-09 19:17:47,582] {scheduler_job.py:181} INFO - Started process (PID=1650) to work on /home/airflow/airflow/dags/data_processing.py
[2021-03-09 19:17:47,582] {scheduler_job.py:629} INFO - Processing file /home/airflow/airflow/dags/data_processing.py for tasks to queue
[2021-03-09 19:17:47,582] {logging_mixin.py:103} INFO - [2021-03-09 19:17:47,582] {dagbag.py:440} INFO - Filling up the DagBag from /home/airflow/airflow/dags/data_processing.py
[2021-03-09 19:17:47,584] {logging_mixin.py:103} INFO - [2021-03-09 19:17:47,583] {dagbag.py:297} ERROR - Failed to import: /home/airflow/airflow/dags/data_processing.py
Traceback (most recent call last):
  File "/home/airflow/venv/lib/python3.8/site-packages/airflow/models/dagbag.py", line 294, in _load_modules_from_file
    loader.exec_module(new_module)
  File "<frozen importlib._bootstrap_external>", line 779, in exec_module
  File "<frozen importlib._bootstrap_external>", line 916, in get_code
  File "<frozen importlib._bootstrap_external>", line 846, in source_to_code
  File "<frozen importlib._bootstrap>", line 219, in _call_with_frames_removed
  File "/home/airflow/airflow/dags/data_processing.py", line 6
    'start_date' : datetime(2020,01,01),
                                  ^
SyntaxError: leading zeros in decimal integer literals are not permitted; use an 0o prefix for octal integers
[2021-03-09 19:17:47,584] {scheduler_job.py:641} WARNING - No viable dags retrieved from /home/airflow/airflow/dags/data_processing.py
[2021-03-09 19:17:47,594] {scheduler_job.py:189} INFO - Processing /home/airflow/airflow/dags/data_processing.py took 0.014 seconds
[2021-03-09 19:18:14,730] {scheduler_job.py:181} INFO - Started process (PID=1734) to work on /home/airflow/airflow/dags/data_processing.py
[2021-03-09 19:18:14,733] {scheduler_job.py:629} INFO - Processing file /home/airflow/airflow/dags/data_processing.py for tasks to queue
[2021-03-09 19:18:14,733] {logging_mixin.py:103} INFO - [2021-03-09 19:18:14,733] {dagbag.py:440} INFO - Filling up the DagBag from /home/airflow/airflow/dags/data_processing.py
[2021-03-09 19:18:14,744] {logging_mixin.py:103} INFO - [2021-03-09 19:18:14,734] {dagbag.py:297} ERROR - Failed to import: /home/airflow/airflow/dags/data_processing.py
Traceback (most recent call last):
  File "/home/airflow/venv/lib/python3.8/site-packages/airflow/models/dagbag.py", line 294, in _load_modules_from_file
    loader.exec_module(new_module)
  File "<frozen importlib._bootstrap_external>", line 779, in exec_module
  File "<frozen importlib._bootstrap_external>", line 916, in get_code
  File "<frozen importlib._bootstrap_external>", line 846, in source_to_code
  File "<frozen importlib._bootstrap>", line 219, in _call_with_frames_removed
  File "/home/airflow/airflow/dags/data_processing.py", line 6
    'start_date' : datetime(2020,01,01),
                                  ^
SyntaxError: leading zeros in decimal integer literals are not permitted; use an 0o prefix for octal integers
[2021-03-09 19:18:14,756] {scheduler_job.py:641} WARNING - No viable dags retrieved from /home/airflow/airflow/dags/data_processing.py
[2021-03-09 19:18:14,786] {scheduler_job.py:189} INFO - Processing /home/airflow/airflow/dags/data_processing.py took 0.071 seconds
[2021-03-09 19:18:44,040] {scheduler_job.py:181} INFO - Started process (PID=1832) to work on /home/airflow/airflow/dags/data_processing.py
[2021-03-09 19:18:44,041] {scheduler_job.py:629} INFO - Processing file /home/airflow/airflow/dags/data_processing.py for tasks to queue
[2021-03-09 19:18:44,042] {logging_mixin.py:103} INFO - [2021-03-09 19:18:44,042] {dagbag.py:440} INFO - Filling up the DagBag from /home/airflow/airflow/dags/data_processing.py
[2021-03-09 19:18:44,070] {scheduler_job.py:639} INFO - DAG(s) dict_keys(['data_processing']) retrieved from /home/airflow/airflow/dags/data_processing.py
[2021-03-09 19:18:44,070] {logging_mixin.py:103} INFO - [2021-03-09 19:18:44,070] {dag.py:1813} INFO - Sync 1 DAGs
[2021-03-09 19:18:44,109] {logging_mixin.py:103} INFO - [2021-03-09 19:18:44,109] {dag.py:1832} INFO - Creating ORM DAG for data_processing
[2021-03-09 19:18:44,139] {logging_mixin.py:103} INFO - [2021-03-09 19:18:44,139] {dag.py:2266} INFO - Setting next_dagrun for data_processing to 2021-03-08 00:00:00+00:00
[2021-03-09 19:18:44,227] {scheduler_job.py:189} INFO - Processing /home/airflow/airflow/dags/data_processing.py took 0.197 seconds
[2021-03-09 19:19:12,214] {scheduler_job.py:181} INFO - Started process (PID=1901) to work on /home/airflow/airflow/dags/data_processing.py
[2021-03-09 19:19:12,215] {scheduler_job.py:629} INFO - Processing file /home/airflow/airflow/dags/data_processing.py for tasks to queue
[2021-03-09 19:19:12,215] {logging_mixin.py:103} INFO - [2021-03-09 19:19:12,215] {dagbag.py:440} INFO - Filling up the DagBag from /home/airflow/airflow/dags/data_processing.py
[2021-03-09 19:19:12,226] {scheduler_job.py:639} INFO - DAG(s) dict_keys(['data_processing']) retrieved from /home/airflow/airflow/dags/data_processing.py
[2021-03-09 19:19:12,227] {logging_mixin.py:103} INFO - [2021-03-09 19:19:12,227] {dag.py:1813} INFO - Sync 1 DAGs
[2021-03-09 19:19:12,245] {logging_mixin.py:103} INFO - [2021-03-09 19:19:12,244] {dag.py:2266} INFO - Setting next_dagrun for data_processing to 2021-03-10 00:00:00+00:00
[2021-03-09 19:19:12,256] {scheduler_job.py:189} INFO - Processing /home/airflow/airflow/dags/data_processing.py took 0.043 seconds
[2021-03-09 19:19:39,688] {scheduler_job.py:181} INFO - Started process (PID=1968) to work on /home/airflow/airflow/dags/data_processing.py
[2021-03-09 19:19:39,689] {scheduler_job.py:629} INFO - Processing file /home/airflow/airflow/dags/data_processing.py for tasks to queue
[2021-03-09 19:19:39,689] {logging_mixin.py:103} INFO - [2021-03-09 19:19:39,689] {dagbag.py:440} INFO - Filling up the DagBag from /home/airflow/airflow/dags/data_processing.py
[2021-03-09 19:19:39,700] {scheduler_job.py:639} INFO - DAG(s) dict_keys(['data_processing']) retrieved from /home/airflow/airflow/dags/data_processing.py
[2021-03-09 19:19:39,701] {logging_mixin.py:103} INFO - [2021-03-09 19:19:39,701] {dag.py:1813} INFO - Sync 1 DAGs
[2021-03-09 19:19:39,721] {logging_mixin.py:103} INFO - [2021-03-09 19:19:39,721] {dag.py:2266} INFO - Setting next_dagrun for data_processing to 2021-03-10 00:00:00+00:00
[2021-03-09 19:19:39,731] {scheduler_job.py:189} INFO - Processing /home/airflow/airflow/dags/data_processing.py took 0.045 seconds
[2021-03-09 19:20:06,787] {scheduler_job.py:181} INFO - Started process (PID=2040) to work on /home/airflow/airflow/dags/data_processing.py
[2021-03-09 19:20:06,789] {scheduler_job.py:629} INFO - Processing file /home/airflow/airflow/dags/data_processing.py for tasks to queue
[2021-03-09 19:20:06,789] {logging_mixin.py:103} INFO - [2021-03-09 19:20:06,789] {dagbag.py:440} INFO - Filling up the DagBag from /home/airflow/airflow/dags/data_processing.py
[2021-03-09 19:20:06,797] {scheduler_job.py:639} INFO - DAG(s) dict_keys(['data_processing']) retrieved from /home/airflow/airflow/dags/data_processing.py
[2021-03-09 19:20:06,798] {logging_mixin.py:103} INFO - [2021-03-09 19:20:06,798] {dag.py:1813} INFO - Sync 1 DAGs
[2021-03-09 19:20:06,815] {logging_mixin.py:103} INFO - [2021-03-09 19:20:06,815] {dag.py:2266} INFO - Setting next_dagrun for data_processing to 2021-03-10 00:00:00+00:00
[2021-03-09 19:20:06,824] {scheduler_job.py:189} INFO - Processing /home/airflow/airflow/dags/data_processing.py took 0.039 seconds
[2021-03-09 19:20:34,445] {scheduler_job.py:181} INFO - Started process (PID=2110) to work on /home/airflow/airflow/dags/data_processing.py
[2021-03-09 19:20:34,445] {scheduler_job.py:629} INFO - Processing file /home/airflow/airflow/dags/data_processing.py for tasks to queue
[2021-03-09 19:20:34,446] {logging_mixin.py:103} INFO - [2021-03-09 19:20:34,446] {dagbag.py:440} INFO - Filling up the DagBag from /home/airflow/airflow/dags/data_processing.py
[2021-03-09 19:20:34,471] {scheduler_job.py:639} INFO - DAG(s) dict_keys(['data_processing']) retrieved from /home/airflow/airflow/dags/data_processing.py
[2021-03-09 19:20:34,471] {logging_mixin.py:103} INFO - [2021-03-09 19:20:34,471] {dag.py:1813} INFO - Sync 1 DAGs
[2021-03-09 19:20:34,520] {logging_mixin.py:103} INFO - [2021-03-09 19:20:34,516] {dag.py:2266} INFO - Setting next_dagrun for data_processing to 2021-03-10 00:00:00+00:00
[2021-03-09 19:20:34,547] {scheduler_job.py:189} INFO - Processing /home/airflow/airflow/dags/data_processing.py took 0.104 seconds
[2021-03-09 19:20:44,920] {scheduler_job.py:181} INFO - Started process (PID=2140) to work on /home/airflow/airflow/dags/data_processing.py
[2021-03-09 19:20:44,921] {scheduler_job.py:629} INFO - Processing file /home/airflow/airflow/dags/data_processing.py for tasks to queue
[2021-03-09 19:20:44,922] {logging_mixin.py:103} INFO - [2021-03-09 19:20:44,922] {dagbag.py:440} INFO - Filling up the DagBag from /home/airflow/airflow/dags/data_processing.py
[2021-03-09 19:20:44,941] {scheduler_job.py:639} INFO - DAG(s) dict_keys(['data_processing']) retrieved from /home/airflow/airflow/dags/data_processing.py
[2021-03-09 19:20:44,949] {logging_mixin.py:103} INFO - [2021-03-09 19:20:44,949] {dag.py:1813} INFO - Sync 1 DAGs
[2021-03-09 19:20:44,963] {logging_mixin.py:103} INFO - [2021-03-09 19:20:44,963] {dag.py:2266} INFO - Setting next_dagrun for data_processing to 2021-03-10 00:00:00+00:00
[2021-03-09 19:20:44,972] {scheduler_job.py:189} INFO - Processing /home/airflow/airflow/dags/data_processing.py took 0.055 seconds
[2021-03-09 19:20:51,306] {scheduler_job.py:181} INFO - Started process (PID=2160) to work on /home/airflow/airflow/dags/data_processing.py
[2021-03-09 19:20:51,307] {scheduler_job.py:629} INFO - Processing file /home/airflow/airflow/dags/data_processing.py for tasks to queue
[2021-03-09 19:20:51,309] {logging_mixin.py:103} INFO - [2021-03-09 19:20:51,308] {dagbag.py:440} INFO - Filling up the DagBag from /home/airflow/airflow/dags/data_processing.py
[2021-03-09 19:20:51,324] {scheduler_job.py:639} INFO - DAG(s) dict_keys(['data_processing']) retrieved from /home/airflow/airflow/dags/data_processing.py
[2021-03-09 19:20:51,334] {logging_mixin.py:103} INFO - [2021-03-09 19:20:51,334] {dag.py:1813} INFO - Sync 1 DAGs
[2021-03-09 19:20:51,350] {logging_mixin.py:103} INFO - [2021-03-09 19:20:51,350] {dag.py:2266} INFO - Setting next_dagrun for data_processing to 2021-03-10 00:00:00+00:00
[2021-03-09 19:20:51,362] {scheduler_job.py:189} INFO - Processing /home/airflow/airflow/dags/data_processing.py took 0.058 seconds
[2021-03-09 19:21:01,244] {scheduler_job.py:181} INFO - Started process (PID=2185) to work on /home/airflow/airflow/dags/data_processing.py
[2021-03-09 19:21:01,244] {scheduler_job.py:629} INFO - Processing file /home/airflow/airflow/dags/data_processing.py for tasks to queue
[2021-03-09 19:21:01,245] {logging_mixin.py:103} INFO - [2021-03-09 19:21:01,245] {dagbag.py:440} INFO - Filling up the DagBag from /home/airflow/airflow/dags/data_processing.py
[2021-03-09 19:21:01,259] {scheduler_job.py:639} INFO - DAG(s) dict_keys(['data_processing']) retrieved from /home/airflow/airflow/dags/data_processing.py
[2021-03-09 19:21:01,259] {logging_mixin.py:103} INFO - [2021-03-09 19:21:01,259] {dag.py:1813} INFO - Sync 1 DAGs
[2021-03-09 19:21:01,289] {logging_mixin.py:103} INFO - [2021-03-09 19:21:01,289] {dag.py:2266} INFO - Setting next_dagrun for data_processing to 2021-03-10 00:00:00+00:00
[2021-03-09 19:21:01,298] {scheduler_job.py:189} INFO - Processing /home/airflow/airflow/dags/data_processing.py took 0.056 seconds
[2021-03-09 19:21:26,560] {scheduler_job.py:181} INFO - Started process (PID=2253) to work on /home/airflow/airflow/dags/data_processing.py
[2021-03-09 19:21:26,561] {scheduler_job.py:629} INFO - Processing file /home/airflow/airflow/dags/data_processing.py for tasks to queue
[2021-03-09 19:21:26,561] {logging_mixin.py:103} INFO - [2021-03-09 19:21:26,561] {dagbag.py:440} INFO - Filling up the DagBag from /home/airflow/airflow/dags/data_processing.py
[2021-03-09 19:21:26,581] {scheduler_job.py:639} INFO - DAG(s) dict_keys(['data_processing']) retrieved from /home/airflow/airflow/dags/data_processing.py
[2021-03-09 19:21:26,582] {logging_mixin.py:103} INFO - [2021-03-09 19:21:26,582] {dag.py:1813} INFO - Sync 1 DAGs
[2021-03-09 19:21:26,600] {logging_mixin.py:103} INFO - [2021-03-09 19:21:26,600] {dag.py:2266} INFO - Setting next_dagrun for data_processing to 2021-03-10 00:00:00+00:00
[2021-03-09 19:21:26,610] {scheduler_job.py:189} INFO - Processing /home/airflow/airflow/dags/data_processing.py took 0.054 seconds
[2021-03-09 19:21:51,803] {scheduler_job.py:181} INFO - Started process (PID=2320) to work on /home/airflow/airflow/dags/data_processing.py
[2021-03-09 19:21:51,804] {scheduler_job.py:629} INFO - Processing file /home/airflow/airflow/dags/data_processing.py for tasks to queue
[2021-03-09 19:21:51,808] {logging_mixin.py:103} INFO - [2021-03-09 19:21:51,808] {dagbag.py:440} INFO - Filling up the DagBag from /home/airflow/airflow/dags/data_processing.py
[2021-03-09 19:21:51,833] {scheduler_job.py:639} INFO - DAG(s) dict_keys(['data_processing']) retrieved from /home/airflow/airflow/dags/data_processing.py
[2021-03-09 19:21:51,833] {logging_mixin.py:103} INFO - [2021-03-09 19:21:51,833] {dag.py:1813} INFO - Sync 1 DAGs
[2021-03-09 19:21:51,855] {logging_mixin.py:103} INFO - [2021-03-09 19:21:51,855] {dag.py:2266} INFO - Setting next_dagrun for data_processing to 2021-03-10 00:00:00+00:00
[2021-03-09 19:21:51,876] {scheduler_job.py:189} INFO - Processing /home/airflow/airflow/dags/data_processing.py took 0.075 seconds
[2021-03-09 19:21:56,372] {scheduler_job.py:181} INFO - Started process (PID=2335) to work on /home/airflow/airflow/dags/data_processing.py
[2021-03-09 19:21:56,373] {scheduler_job.py:629} INFO - Processing file /home/airflow/airflow/dags/data_processing.py for tasks to queue
[2021-03-09 19:21:56,373] {logging_mixin.py:103} INFO - [2021-03-09 19:21:56,373] {dagbag.py:440} INFO - Filling up the DagBag from /home/airflow/airflow/dags/data_processing.py
[2021-03-09 19:21:56,384] {scheduler_job.py:639} INFO - DAG(s) dict_keys(['data_processing']) retrieved from /home/airflow/airflow/dags/data_processing.py
[2021-03-09 19:21:56,394] {logging_mixin.py:103} INFO - [2021-03-09 19:21:56,394] {dag.py:1813} INFO - Sync 1 DAGs
[2021-03-09 19:21:56,408] {logging_mixin.py:103} INFO - [2021-03-09 19:21:56,408] {dag.py:2266} INFO - Setting next_dagrun for data_processing to 2021-03-10 00:00:00+00:00
[2021-03-09 19:21:56,418] {scheduler_job.py:189} INFO - Processing /home/airflow/airflow/dags/data_processing.py took 0.048 seconds
[2021-03-09 19:22:18,112] {scheduler_job.py:181} INFO - Started process (PID=2392) to work on /home/airflow/airflow/dags/data_processing.py
[2021-03-09 19:22:18,113] {scheduler_job.py:629} INFO - Processing file /home/airflow/airflow/dags/data_processing.py for tasks to queue
[2021-03-09 19:22:18,123] {logging_mixin.py:103} INFO - [2021-03-09 19:22:18,123] {dagbag.py:440} INFO - Filling up the DagBag from /home/airflow/airflow/dags/data_processing.py
[2021-03-09 19:22:18,131] {scheduler_job.py:639} INFO - DAG(s) dict_keys(['data_processing']) retrieved from /home/airflow/airflow/dags/data_processing.py
[2021-03-09 19:22:18,131] {logging_mixin.py:103} INFO - [2021-03-09 19:22:18,131] {dag.py:1813} INFO - Sync 1 DAGs
[2021-03-09 19:22:18,174] {logging_mixin.py:103} INFO - [2021-03-09 19:22:18,174] {dag.py:2266} INFO - Setting next_dagrun for data_processing to 2021-03-10 00:00:00+00:00
[2021-03-09 19:22:18,180] {scheduler_job.py:189} INFO - Processing /home/airflow/airflow/dags/data_processing.py took 0.070 seconds
[2021-03-09 19:22:38,480] {scheduler_job.py:181} INFO - Started process (PID=2450) to work on /home/airflow/airflow/dags/data_processing.py
[2021-03-09 19:22:38,481] {scheduler_job.py:629} INFO - Processing file /home/airflow/airflow/dags/data_processing.py for tasks to queue
[2021-03-09 19:22:38,481] {logging_mixin.py:103} INFO - [2021-03-09 19:22:38,481] {dagbag.py:440} INFO - Filling up the DagBag from /home/airflow/airflow/dags/data_processing.py
[2021-03-09 19:22:38,491] {scheduler_job.py:639} INFO - DAG(s) dict_keys(['data_processing']) retrieved from /home/airflow/airflow/dags/data_processing.py
[2021-03-09 19:22:38,499] {logging_mixin.py:103} INFO - [2021-03-09 19:22:38,499] {dag.py:1813} INFO - Sync 1 DAGs
[2021-03-09 19:22:38,512] {logging_mixin.py:103} INFO - [2021-03-09 19:22:38,511] {dag.py:2266} INFO - Setting next_dagrun for data_processing to 2021-03-10 00:00:00+00:00
[2021-03-09 19:22:38,529] {scheduler_job.py:189} INFO - Processing /home/airflow/airflow/dags/data_processing.py took 0.051 seconds
[2021-03-09 19:23:10,731] {scheduler_job.py:181} INFO - Started process (PID=2531) to work on /home/airflow/airflow/dags/data_processing.py
[2021-03-09 19:23:10,731] {scheduler_job.py:629} INFO - Processing file /home/airflow/airflow/dags/data_processing.py for tasks to queue
[2021-03-09 19:23:10,732] {logging_mixin.py:103} INFO - [2021-03-09 19:23:10,732] {dagbag.py:440} INFO - Filling up the DagBag from /home/airflow/airflow/dags/data_processing.py
[2021-03-09 19:23:10,744] {scheduler_job.py:639} INFO - DAG(s) dict_keys(['data_processing']) retrieved from /home/airflow/airflow/dags/data_processing.py
[2021-03-09 19:23:10,745] {logging_mixin.py:103} INFO - [2021-03-09 19:23:10,745] {dag.py:1813} INFO - Sync 1 DAGs
[2021-03-09 19:23:10,763] {logging_mixin.py:103} INFO - [2021-03-09 19:23:10,763] {dag.py:2266} INFO - Setting next_dagrun for data_processing to 2021-03-10 00:00:00+00:00
[2021-03-09 19:23:10,772] {scheduler_job.py:189} INFO - Processing /home/airflow/airflow/dags/data_processing.py took 0.045 seconds
[2021-03-09 19:23:36,655] {scheduler_job.py:181} INFO - Started process (PID=2595) to work on /home/airflow/airflow/dags/data_processing.py
[2021-03-09 19:23:36,656] {scheduler_job.py:629} INFO - Processing file /home/airflow/airflow/dags/data_processing.py for tasks to queue
[2021-03-09 19:23:36,656] {logging_mixin.py:103} INFO - [2021-03-09 19:23:36,656] {dagbag.py:440} INFO - Filling up the DagBag from /home/airflow/airflow/dags/data_processing.py
[2021-03-09 19:23:36,672] {scheduler_job.py:639} INFO - DAG(s) dict_keys(['data_processing']) retrieved from /home/airflow/airflow/dags/data_processing.py
[2021-03-09 19:23:36,673] {logging_mixin.py:103} INFO - [2021-03-09 19:23:36,673] {dag.py:1813} INFO - Sync 1 DAGs
[2021-03-09 19:23:36,710] {logging_mixin.py:103} INFO - [2021-03-09 19:23:36,710] {dag.py:2266} INFO - Setting next_dagrun for data_processing to 2021-03-10 00:00:00+00:00
[2021-03-09 19:23:36,734] {scheduler_job.py:189} INFO - Processing /home/airflow/airflow/dags/data_processing.py took 0.082 seconds
[2021-03-09 19:24:02,361] {scheduler_job.py:181} INFO - Started process (PID=2662) to work on /home/airflow/airflow/dags/data_processing.py
[2021-03-09 19:24:02,362] {scheduler_job.py:629} INFO - Processing file /home/airflow/airflow/dags/data_processing.py for tasks to queue
[2021-03-09 19:24:02,363] {logging_mixin.py:103} INFO - [2021-03-09 19:24:02,363] {dagbag.py:440} INFO - Filling up the DagBag from /home/airflow/airflow/dags/data_processing.py
[2021-03-09 19:24:02,376] {scheduler_job.py:639} INFO - DAG(s) dict_keys(['data_processing']) retrieved from /home/airflow/airflow/dags/data_processing.py
[2021-03-09 19:24:02,376] {logging_mixin.py:103} INFO - [2021-03-09 19:24:02,376] {dag.py:1813} INFO - Sync 1 DAGs
[2021-03-09 19:24:02,395] {logging_mixin.py:103} INFO - [2021-03-09 19:24:02,395] {dag.py:2266} INFO - Setting next_dagrun for data_processing to 2021-03-10 00:00:00+00:00
[2021-03-09 19:24:02,404] {scheduler_job.py:189} INFO - Processing /home/airflow/airflow/dags/data_processing.py took 0.052 seconds
[2021-03-09 19:24:27,650] {scheduler_job.py:181} INFO - Started process (PID=2727) to work on /home/airflow/airflow/dags/data_processing.py
[2021-03-09 19:24:27,650] {scheduler_job.py:629} INFO - Processing file /home/airflow/airflow/dags/data_processing.py for tasks to queue
[2021-03-09 19:24:27,651] {logging_mixin.py:103} INFO - [2021-03-09 19:24:27,651] {dagbag.py:440} INFO - Filling up the DagBag from /home/airflow/airflow/dags/data_processing.py
[2021-03-09 19:24:27,676] {scheduler_job.py:639} INFO - DAG(s) dict_keys(['data_processing']) retrieved from /home/airflow/airflow/dags/data_processing.py
[2021-03-09 19:24:27,681] {logging_mixin.py:103} INFO - [2021-03-09 19:24:27,681] {dag.py:1813} INFO - Sync 1 DAGs
[2021-03-09 19:24:27,720] {logging_mixin.py:103} INFO - [2021-03-09 19:24:27,720] {dag.py:2266} INFO - Setting next_dagrun for data_processing to 2021-03-10 00:00:00+00:00
[2021-03-09 19:24:27,744] {scheduler_job.py:189} INFO - Processing /home/airflow/airflow/dags/data_processing.py took 0.104 seconds
[2021-03-09 19:24:54,007] {scheduler_job.py:181} INFO - Started process (PID=2794) to work on /home/airflow/airflow/dags/data_processing.py
[2021-03-09 19:24:54,007] {scheduler_job.py:629} INFO - Processing file /home/airflow/airflow/dags/data_processing.py for tasks to queue
[2021-03-09 19:24:54,008] {logging_mixin.py:103} INFO - [2021-03-09 19:24:54,008] {dagbag.py:440} INFO - Filling up the DagBag from /home/airflow/airflow/dags/data_processing.py
[2021-03-09 19:24:54,019] {scheduler_job.py:639} INFO - DAG(s) dict_keys(['data_processing']) retrieved from /home/airflow/airflow/dags/data_processing.py
[2021-03-09 19:24:54,019] {logging_mixin.py:103} INFO - [2021-03-09 19:24:54,019] {dag.py:1813} INFO - Sync 1 DAGs
[2021-03-09 19:24:54,038] {logging_mixin.py:103} INFO - [2021-03-09 19:24:54,037] {dag.py:2266} INFO - Setting next_dagrun for data_processing to 2021-03-10 00:00:00+00:00
[2021-03-09 19:24:54,048] {scheduler_job.py:189} INFO - Processing /home/airflow/airflow/dags/data_processing.py took 0.043 seconds
[2021-03-09 19:25:21,164] {scheduler_job.py:181} INFO - Started process (PID=2864) to work on /home/airflow/airflow/dags/data_processing.py
[2021-03-09 19:25:21,165] {scheduler_job.py:629} INFO - Processing file /home/airflow/airflow/dags/data_processing.py for tasks to queue
[2021-03-09 19:25:21,165] {logging_mixin.py:103} INFO - [2021-03-09 19:25:21,165] {dagbag.py:440} INFO - Filling up the DagBag from /home/airflow/airflow/dags/data_processing.py
[2021-03-09 19:25:21,179] {scheduler_job.py:639} INFO - DAG(s) dict_keys(['data_processing']) retrieved from /home/airflow/airflow/dags/data_processing.py
[2021-03-09 19:25:21,180] {logging_mixin.py:103} INFO - [2021-03-09 19:25:21,180] {dag.py:1813} INFO - Sync 1 DAGs
[2021-03-09 19:25:21,215] {logging_mixin.py:103} INFO - [2021-03-09 19:25:21,215] {dag.py:2266} INFO - Setting next_dagrun for data_processing to 2021-03-10 00:00:00+00:00
[2021-03-09 19:25:21,234] {scheduler_job.py:189} INFO - Processing /home/airflow/airflow/dags/data_processing.py took 0.071 seconds
[2021-03-09 19:25:47,533] {scheduler_job.py:181} INFO - Started process (PID=2934) to work on /home/airflow/airflow/dags/data_processing.py
[2021-03-09 19:25:47,534] {scheduler_job.py:629} INFO - Processing file /home/airflow/airflow/dags/data_processing.py for tasks to queue
[2021-03-09 19:25:47,535] {logging_mixin.py:103} INFO - [2021-03-09 19:25:47,534] {dagbag.py:440} INFO - Filling up the DagBag from /home/airflow/airflow/dags/data_processing.py
[2021-03-09 19:25:47,550] {scheduler_job.py:639} INFO - DAG(s) dict_keys(['data_processing']) retrieved from /home/airflow/airflow/dags/data_processing.py
[2021-03-09 19:25:47,551] {logging_mixin.py:103} INFO - [2021-03-09 19:25:47,551] {dag.py:1813} INFO - Sync 1 DAGs
[2021-03-09 19:25:47,569] {logging_mixin.py:103} INFO - [2021-03-09 19:25:47,569] {dag.py:2266} INFO - Setting next_dagrun for data_processing to 2021-03-10 00:00:00+00:00
[2021-03-09 19:25:47,589] {scheduler_job.py:189} INFO - Processing /home/airflow/airflow/dags/data_processing.py took 0.067 seconds
[2021-03-09 19:26:12,800] {scheduler_job.py:181} INFO - Started process (PID=2998) to work on /home/airflow/airflow/dags/data_processing.py
[2021-03-09 19:26:12,801] {scheduler_job.py:629} INFO - Processing file /home/airflow/airflow/dags/data_processing.py for tasks to queue
[2021-03-09 19:26:12,802] {logging_mixin.py:103} INFO - [2021-03-09 19:26:12,802] {dagbag.py:440} INFO - Filling up the DagBag from /home/airflow/airflow/dags/data_processing.py
[2021-03-09 19:26:12,816] {scheduler_job.py:639} INFO - DAG(s) dict_keys(['data_processing']) retrieved from /home/airflow/airflow/dags/data_processing.py
[2021-03-09 19:26:12,816] {logging_mixin.py:103} INFO - [2021-03-09 19:26:12,816] {dag.py:1813} INFO - Sync 1 DAGs
[2021-03-09 19:26:12,832] {logging_mixin.py:103} INFO - [2021-03-09 19:26:12,832] {dag.py:2266} INFO - Setting next_dagrun for data_processing to 2021-03-10 00:00:00+00:00
[2021-03-09 19:26:12,839] {scheduler_job.py:189} INFO - Processing /home/airflow/airflow/dags/data_processing.py took 0.040 seconds
[2021-03-09 19:26:37,227] {scheduler_job.py:181} INFO - Started process (PID=3062) to work on /home/airflow/airflow/dags/data_processing.py
[2021-03-09 19:26:37,228] {scheduler_job.py:629} INFO - Processing file /home/airflow/airflow/dags/data_processing.py for tasks to queue
[2021-03-09 19:26:37,228] {logging_mixin.py:103} INFO - [2021-03-09 19:26:37,228] {dagbag.py:440} INFO - Filling up the DagBag from /home/airflow/airflow/dags/data_processing.py
[2021-03-09 19:26:37,242] {scheduler_job.py:639} INFO - DAG(s) dict_keys(['data_processing']) retrieved from /home/airflow/airflow/dags/data_processing.py
[2021-03-09 19:26:37,247] {logging_mixin.py:103} INFO - [2021-03-09 19:26:37,247] {dag.py:1813} INFO - Sync 1 DAGs
[2021-03-09 19:26:37,265] {logging_mixin.py:103} INFO - [2021-03-09 19:26:37,265] {dag.py:2266} INFO - Setting next_dagrun for data_processing to 2021-03-10 00:00:00+00:00
[2021-03-09 19:26:37,280] {scheduler_job.py:189} INFO - Processing /home/airflow/airflow/dags/data_processing.py took 0.055 seconds
[2021-03-09 19:27:03,314] {scheduler_job.py:181} INFO - Started process (PID=3129) to work on /home/airflow/airflow/dags/data_processing.py
[2021-03-09 19:27:03,314] {scheduler_job.py:629} INFO - Processing file /home/airflow/airflow/dags/data_processing.py for tasks to queue
[2021-03-09 19:27:03,315] {logging_mixin.py:103} INFO - [2021-03-09 19:27:03,315] {dagbag.py:440} INFO - Filling up the DagBag from /home/airflow/airflow/dags/data_processing.py
[2021-03-09 19:27:03,328] {scheduler_job.py:639} INFO - DAG(s) dict_keys(['data_processing']) retrieved from /home/airflow/airflow/dags/data_processing.py
[2021-03-09 19:27:03,329] {logging_mixin.py:103} INFO - [2021-03-09 19:27:03,329] {dag.py:1813} INFO - Sync 1 DAGs
[2021-03-09 19:27:03,350] {logging_mixin.py:103} INFO - [2021-03-09 19:27:03,349] {dag.py:2266} INFO - Setting next_dagrun for data_processing to 2021-03-10 00:00:00+00:00
[2021-03-09 19:27:03,359] {scheduler_job.py:189} INFO - Processing /home/airflow/airflow/dags/data_processing.py took 0.052 seconds
[2021-03-09 19:27:30,685] {scheduler_job.py:181} INFO - Started process (PID=3197) to work on /home/airflow/airflow/dags/data_processing.py
[2021-03-09 19:27:30,692] {scheduler_job.py:629} INFO - Processing file /home/airflow/airflow/dags/data_processing.py for tasks to queue
[2021-03-09 19:27:30,693] {logging_mixin.py:103} INFO - [2021-03-09 19:27:30,693] {dagbag.py:440} INFO - Filling up the DagBag from /home/airflow/airflow/dags/data_processing.py
[2021-03-09 19:27:30,702] {scheduler_job.py:639} INFO - DAG(s) dict_keys(['data_processing']) retrieved from /home/airflow/airflow/dags/data_processing.py
[2021-03-09 19:27:30,703] {logging_mixin.py:103} INFO - [2021-03-09 19:27:30,703] {dag.py:1813} INFO - Sync 1 DAGs
[2021-03-09 19:27:30,717] {logging_mixin.py:103} INFO - [2021-03-09 19:27:30,717] {dag.py:2266} INFO - Setting next_dagrun for data_processing to 2021-03-10 00:00:00+00:00
[2021-03-09 19:27:30,725] {scheduler_job.py:189} INFO - Processing /home/airflow/airflow/dags/data_processing.py took 0.042 seconds
[2021-03-09 19:27:56,608] {scheduler_job.py:181} INFO - Started process (PID=3264) to work on /home/airflow/airflow/dags/data_processing.py
[2021-03-09 19:27:56,608] {scheduler_job.py:629} INFO - Processing file /home/airflow/airflow/dags/data_processing.py for tasks to queue
[2021-03-09 19:27:56,609] {logging_mixin.py:103} INFO - [2021-03-09 19:27:56,609] {dagbag.py:440} INFO - Filling up the DagBag from /home/airflow/airflow/dags/data_processing.py
[2021-03-09 19:27:56,634] {scheduler_job.py:639} INFO - DAG(s) dict_keys(['data_processing']) retrieved from /home/airflow/airflow/dags/data_processing.py
[2021-03-09 19:27:56,635] {logging_mixin.py:103} INFO - [2021-03-09 19:27:56,635] {dag.py:1813} INFO - Sync 1 DAGs
[2021-03-09 19:27:56,672] {logging_mixin.py:103} INFO - [2021-03-09 19:27:56,672] {dag.py:2266} INFO - Setting next_dagrun for data_processing to 2021-03-10 00:00:00+00:00
[2021-03-09 19:27:56,699] {scheduler_job.py:189} INFO - Processing /home/airflow/airflow/dags/data_processing.py took 0.093 seconds
[2021-03-09 19:28:22,085] {scheduler_job.py:181} INFO - Started process (PID=3330) to work on /home/airflow/airflow/dags/data_processing.py
[2021-03-09 19:28:22,086] {scheduler_job.py:629} INFO - Processing file /home/airflow/airflow/dags/data_processing.py for tasks to queue
[2021-03-09 19:28:22,086] {logging_mixin.py:103} INFO - [2021-03-09 19:28:22,086] {dagbag.py:440} INFO - Filling up the DagBag from /home/airflow/airflow/dags/data_processing.py
[2021-03-09 19:28:22,103] {scheduler_job.py:639} INFO - DAG(s) dict_keys(['data_processing']) retrieved from /home/airflow/airflow/dags/data_processing.py
[2021-03-09 19:28:22,103] {logging_mixin.py:103} INFO - [2021-03-09 19:28:22,103] {dag.py:1813} INFO - Sync 1 DAGs
[2021-03-09 19:28:22,118] {logging_mixin.py:103} INFO - [2021-03-09 19:28:22,118] {dag.py:2266} INFO - Setting next_dagrun for data_processing to 2021-03-10 00:00:00+00:00
[2021-03-09 19:28:22,127] {scheduler_job.py:189} INFO - Processing /home/airflow/airflow/dags/data_processing.py took 0.043 seconds
[2021-03-09 19:28:47,326] {scheduler_job.py:181} INFO - Started process (PID=3394) to work on /home/airflow/airflow/dags/data_processing.py
[2021-03-09 19:28:47,327] {scheduler_job.py:629} INFO - Processing file /home/airflow/airflow/dags/data_processing.py for tasks to queue
[2021-03-09 19:28:47,327] {logging_mixin.py:103} INFO - [2021-03-09 19:28:47,327] {dagbag.py:440} INFO - Filling up the DagBag from /home/airflow/airflow/dags/data_processing.py
[2021-03-09 19:28:47,346] {scheduler_job.py:639} INFO - DAG(s) dict_keys(['data_processing']) retrieved from /home/airflow/airflow/dags/data_processing.py
[2021-03-09 19:28:47,347] {logging_mixin.py:103} INFO - [2021-03-09 19:28:47,347] {dag.py:1813} INFO - Sync 1 DAGs
[2021-03-09 19:28:47,380] {logging_mixin.py:103} INFO - [2021-03-09 19:28:47,380] {dag.py:2266} INFO - Setting next_dagrun for data_processing to 2021-03-10 00:00:00+00:00
[2021-03-09 19:28:47,390] {scheduler_job.py:189} INFO - Processing /home/airflow/airflow/dags/data_processing.py took 0.070 seconds
[2021-03-09 19:29:12,621] {scheduler_job.py:181} INFO - Started process (PID=3480) to work on /home/airflow/airflow/dags/data_processing.py
[2021-03-09 19:29:12,622] {scheduler_job.py:629} INFO - Processing file /home/airflow/airflow/dags/data_processing.py for tasks to queue
[2021-03-09 19:29:12,622] {logging_mixin.py:103} INFO - [2021-03-09 19:29:12,622] {dagbag.py:440} INFO - Filling up the DagBag from /home/airflow/airflow/dags/data_processing.py
[2021-03-09 19:29:12,631] {scheduler_job.py:639} INFO - DAG(s) dict_keys(['data_processing']) retrieved from /home/airflow/airflow/dags/data_processing.py
[2021-03-09 19:29:12,632] {logging_mixin.py:103} INFO - [2021-03-09 19:29:12,632] {dag.py:1813} INFO - Sync 1 DAGs
[2021-03-09 19:29:12,654] {logging_mixin.py:103} INFO - [2021-03-09 19:29:12,654] {dag.py:2266} INFO - Setting next_dagrun for data_processing to 2021-03-10 00:00:00+00:00
[2021-03-09 19:29:12,663] {scheduler_job.py:189} INFO - Processing /home/airflow/airflow/dags/data_processing.py took 0.043 seconds
[2021-03-09 19:29:38,967] {scheduler_job.py:181} INFO - Started process (PID=3555) to work on /home/airflow/airflow/dags/data_processing.py
[2021-03-09 19:29:38,968] {scheduler_job.py:629} INFO - Processing file /home/airflow/airflow/dags/data_processing.py for tasks to queue
[2021-03-09 19:29:38,972] {logging_mixin.py:103} INFO - [2021-03-09 19:29:38,972] {dagbag.py:440} INFO - Filling up the DagBag from /home/airflow/airflow/dags/data_processing.py
[2021-03-09 19:29:38,981] {scheduler_job.py:639} INFO - DAG(s) dict_keys(['data_processing']) retrieved from /home/airflow/airflow/dags/data_processing.py
[2021-03-09 19:29:38,982] {logging_mixin.py:103} INFO - [2021-03-09 19:29:38,981] {dag.py:1813} INFO - Sync 1 DAGs
[2021-03-09 19:29:38,998] {logging_mixin.py:103} INFO - [2021-03-09 19:29:38,998] {dag.py:2266} INFO - Setting next_dagrun for data_processing to 2021-03-10 00:00:00+00:00
[2021-03-09 19:29:39,010] {scheduler_job.py:189} INFO - Processing /home/airflow/airflow/dags/data_processing.py took 0.044 seconds
[2021-03-09 19:30:05,273] {scheduler_job.py:181} INFO - Started process (PID=3642) to work on /home/airflow/airflow/dags/data_processing.py
[2021-03-09 19:30:05,273] {scheduler_job.py:629} INFO - Processing file /home/airflow/airflow/dags/data_processing.py for tasks to queue
[2021-03-09 19:30:05,274] {logging_mixin.py:103} INFO - [2021-03-09 19:30:05,274] {dagbag.py:440} INFO - Filling up the DagBag from /home/airflow/airflow/dags/data_processing.py
[2021-03-09 19:30:05,288] {scheduler_job.py:639} INFO - DAG(s) dict_keys(['data_processing']) retrieved from /home/airflow/airflow/dags/data_processing.py
[2021-03-09 19:30:05,289] {logging_mixin.py:103} INFO - [2021-03-09 19:30:05,288] {dag.py:1813} INFO - Sync 1 DAGs
[2021-03-09 19:30:05,303] {logging_mixin.py:103} INFO - [2021-03-09 19:30:05,303] {dag.py:2266} INFO - Setting next_dagrun for data_processing to 2021-03-10 00:00:00+00:00
[2021-03-09 19:30:05,312] {scheduler_job.py:189} INFO - Processing /home/airflow/airflow/dags/data_processing.py took 0.041 seconds
[2021-03-09 19:30:30,526] {scheduler_job.py:181} INFO - Started process (PID=3712) to work on /home/airflow/airflow/dags/data_processing.py
[2021-03-09 19:30:30,526] {scheduler_job.py:629} INFO - Processing file /home/airflow/airflow/dags/data_processing.py for tasks to queue
[2021-03-09 19:30:30,527] {logging_mixin.py:103} INFO - [2021-03-09 19:30:30,527] {dagbag.py:440} INFO - Filling up the DagBag from /home/airflow/airflow/dags/data_processing.py
[2021-03-09 19:30:30,540] {scheduler_job.py:639} INFO - DAG(s) dict_keys(['data_processing']) retrieved from /home/airflow/airflow/dags/data_processing.py
[2021-03-09 19:30:30,541] {logging_mixin.py:103} INFO - [2021-03-09 19:30:30,541] {dag.py:1813} INFO - Sync 1 DAGs
[2021-03-09 19:30:30,557] {logging_mixin.py:103} INFO - [2021-03-09 19:30:30,557] {dag.py:2266} INFO - Setting next_dagrun for data_processing to 2021-03-10 00:00:00+00:00
[2021-03-09 19:30:30,565] {scheduler_job.py:189} INFO - Processing /home/airflow/airflow/dags/data_processing.py took 0.046 seconds
[2021-03-09 19:30:55,793] {scheduler_job.py:181} INFO - Started process (PID=3775) to work on /home/airflow/airflow/dags/data_processing.py
[2021-03-09 19:30:55,793] {scheduler_job.py:629} INFO - Processing file /home/airflow/airflow/dags/data_processing.py for tasks to queue
[2021-03-09 19:30:55,794] {logging_mixin.py:103} INFO - [2021-03-09 19:30:55,794] {dagbag.py:440} INFO - Filling up the DagBag from /home/airflow/airflow/dags/data_processing.py
[2021-03-09 19:30:55,806] {scheduler_job.py:639} INFO - DAG(s) dict_keys(['data_processing']) retrieved from /home/airflow/airflow/dags/data_processing.py
[2021-03-09 19:30:55,807] {logging_mixin.py:103} INFO - [2021-03-09 19:30:55,807] {dag.py:1813} INFO - Sync 1 DAGs
[2021-03-09 19:30:55,822] {logging_mixin.py:103} INFO - [2021-03-09 19:30:55,822] {dag.py:2266} INFO - Setting next_dagrun for data_processing to 2021-03-10 00:00:00+00:00
[2021-03-09 19:30:55,829] {scheduler_job.py:189} INFO - Processing /home/airflow/airflow/dags/data_processing.py took 0.038 seconds
[2021-03-09 19:31:21,065] {scheduler_job.py:181} INFO - Started process (PID=3842) to work on /home/airflow/airflow/dags/data_processing.py
[2021-03-09 19:31:21,065] {scheduler_job.py:629} INFO - Processing file /home/airflow/airflow/dags/data_processing.py for tasks to queue
[2021-03-09 19:31:21,066] {logging_mixin.py:103} INFO - [2021-03-09 19:31:21,066] {dagbag.py:440} INFO - Filling up the DagBag from /home/airflow/airflow/dags/data_processing.py
[2021-03-09 19:31:21,080] {scheduler_job.py:639} INFO - DAG(s) dict_keys(['data_processing']) retrieved from /home/airflow/airflow/dags/data_processing.py
[2021-03-09 19:31:21,081] {logging_mixin.py:103} INFO - [2021-03-09 19:31:21,081] {dag.py:1813} INFO - Sync 1 DAGs
[2021-03-09 19:31:21,097] {logging_mixin.py:103} INFO - [2021-03-09 19:31:21,097] {dag.py:2266} INFO - Setting next_dagrun for data_processing to 2021-03-10 00:00:00+00:00
[2021-03-09 19:31:21,105] {scheduler_job.py:189} INFO - Processing /home/airflow/airflow/dags/data_processing.py took 0.042 seconds
[2021-03-09 19:31:48,385] {scheduler_job.py:181} INFO - Started process (PID=3909) to work on /home/airflow/airflow/dags/data_processing.py
[2021-03-09 19:31:48,385] {scheduler_job.py:629} INFO - Processing file /home/airflow/airflow/dags/data_processing.py for tasks to queue
[2021-03-09 19:31:48,385] {logging_mixin.py:103} INFO - [2021-03-09 19:31:48,385] {dagbag.py:440} INFO - Filling up the DagBag from /home/airflow/airflow/dags/data_processing.py
[2021-03-09 19:31:48,400] {scheduler_job.py:639} INFO - DAG(s) dict_keys(['data_processing']) retrieved from /home/airflow/airflow/dags/data_processing.py
[2021-03-09 19:31:48,401] {logging_mixin.py:103} INFO - [2021-03-09 19:31:48,401] {dag.py:1813} INFO - Sync 1 DAGs
[2021-03-09 19:31:48,417] {logging_mixin.py:103} INFO - [2021-03-09 19:31:48,417] {dag.py:2266} INFO - Setting next_dagrun for data_processing to 2021-03-10 00:00:00+00:00
[2021-03-09 19:31:48,427] {scheduler_job.py:189} INFO - Processing /home/airflow/airflow/dags/data_processing.py took 0.044 seconds
[2021-03-09 19:32:13,667] {scheduler_job.py:181} INFO - Started process (PID=3977) to work on /home/airflow/airflow/dags/data_processing.py
[2021-03-09 19:32:13,667] {scheduler_job.py:629} INFO - Processing file /home/airflow/airflow/dags/data_processing.py for tasks to queue
[2021-03-09 19:32:13,668] {logging_mixin.py:103} INFO - [2021-03-09 19:32:13,668] {dagbag.py:440} INFO - Filling up the DagBag from /home/airflow/airflow/dags/data_processing.py
[2021-03-09 19:32:13,682] {scheduler_job.py:639} INFO - DAG(s) dict_keys(['data_processing']) retrieved from /home/airflow/airflow/dags/data_processing.py
[2021-03-09 19:32:13,683] {logging_mixin.py:103} INFO - [2021-03-09 19:32:13,683] {dag.py:1813} INFO - Sync 1 DAGs
[2021-03-09 19:32:13,702] {logging_mixin.py:103} INFO - [2021-03-09 19:32:13,702] {dag.py:2266} INFO - Setting next_dagrun for data_processing to 2021-03-10 00:00:00+00:00
[2021-03-09 19:32:13,711] {scheduler_job.py:189} INFO - Processing /home/airflow/airflow/dags/data_processing.py took 0.051 seconds
[2021-03-09 19:57:25,042] {scheduler_job.py:181} INFO - Started process (PID=4016) to work on /home/airflow/airflow/dags/data_processing.py
[2021-03-09 19:57:25,043] {scheduler_job.py:629} INFO - Processing file /home/airflow/airflow/dags/data_processing.py for tasks to queue
[2021-03-09 19:57:25,043] {logging_mixin.py:103} INFO - [2021-03-09 19:57:25,043] {dagbag.py:440} INFO - Filling up the DagBag from /home/airflow/airflow/dags/data_processing.py
[2021-03-09 19:57:25,054] {scheduler_job.py:639} INFO - DAG(s) dict_keys(['data_processing']) retrieved from /home/airflow/airflow/dags/data_processing.py
[2021-03-09 19:57:25,055] {logging_mixin.py:103} INFO - [2021-03-09 19:57:25,055] {dag.py:1813} INFO - Sync 1 DAGs
[2021-03-09 19:57:25,082] {logging_mixin.py:103} INFO - [2021-03-09 19:57:25,082] {dag.py:2266} INFO - Setting next_dagrun for data_processing to 2021-03-10 00:00:00+00:00
[2021-03-09 19:57:25,092] {scheduler_job.py:189} INFO - Processing /home/airflow/airflow/dags/data_processing.py took 0.061 seconds
[2021-03-09 19:57:50,894] {scheduler_job.py:181} INFO - Started process (PID=4046) to work on /home/airflow/airflow/dags/data_processing.py
[2021-03-09 19:57:50,895] {scheduler_job.py:629} INFO - Processing file /home/airflow/airflow/dags/data_processing.py for tasks to queue
[2021-03-09 19:57:50,895] {logging_mixin.py:103} INFO - [2021-03-09 19:57:50,895] {dagbag.py:440} INFO - Filling up the DagBag from /home/airflow/airflow/dags/data_processing.py
[2021-03-09 19:57:50,915] {scheduler_job.py:639} INFO - DAG(s) dict_keys(['data_processing']) retrieved from /home/airflow/airflow/dags/data_processing.py
[2021-03-09 19:57:50,916] {logging_mixin.py:103} INFO - [2021-03-09 19:57:50,916] {dag.py:1813} INFO - Sync 1 DAGs
[2021-03-09 19:57:50,936] {logging_mixin.py:103} INFO - [2021-03-09 19:57:50,936] {dag.py:2266} INFO - Setting next_dagrun for data_processing to 2021-03-10 00:00:00+00:00
[2021-03-09 19:57:50,946] {scheduler_job.py:189} INFO - Processing /home/airflow/airflow/dags/data_processing.py took 0.055 seconds
[2021-03-09 19:58:17,397] {scheduler_job.py:181} INFO - Started process (PID=4352) to work on /home/airflow/airflow/dags/data_processing.py
[2021-03-09 19:58:17,399] {scheduler_job.py:629} INFO - Processing file /home/airflow/airflow/dags/data_processing.py for tasks to queue
[2021-03-09 19:58:17,404] {logging_mixin.py:103} INFO - [2021-03-09 19:58:17,404] {dagbag.py:440} INFO - Filling up the DagBag from /home/airflow/airflow/dags/data_processing.py
[2021-03-09 19:58:17,429] {scheduler_job.py:639} INFO - DAG(s) dict_keys(['data_processing']) retrieved from /home/airflow/airflow/dags/data_processing.py
[2021-03-09 19:58:17,430] {logging_mixin.py:103} INFO - [2021-03-09 19:58:17,430] {dag.py:1813} INFO - Sync 1 DAGs
[2021-03-09 19:58:17,476] {logging_mixin.py:103} INFO - [2021-03-09 19:58:17,476] {dag.py:2266} INFO - Setting next_dagrun for data_processing to 2021-03-10 00:00:00+00:00
[2021-03-09 19:58:17,513] {scheduler_job.py:189} INFO - Processing /home/airflow/airflow/dags/data_processing.py took 0.125 seconds
[2021-03-09 19:58:42,951] {scheduler_job.py:181} INFO - Started process (PID=4383) to work on /home/airflow/airflow/dags/data_processing.py
[2021-03-09 19:58:42,952] {scheduler_job.py:629} INFO - Processing file /home/airflow/airflow/dags/data_processing.py for tasks to queue
[2021-03-09 19:58:42,953] {logging_mixin.py:103} INFO - [2021-03-09 19:58:42,953] {dagbag.py:440} INFO - Filling up the DagBag from /home/airflow/airflow/dags/data_processing.py
[2021-03-09 19:58:42,964] {scheduler_job.py:639} INFO - DAG(s) dict_keys(['data_processing']) retrieved from /home/airflow/airflow/dags/data_processing.py
[2021-03-09 19:58:42,966] {logging_mixin.py:103} INFO - [2021-03-09 19:58:42,966] {dag.py:1813} INFO - Sync 1 DAGs
[2021-03-09 19:58:42,982] {logging_mixin.py:103} INFO - [2021-03-09 19:58:42,982] {dag.py:2266} INFO - Setting next_dagrun for data_processing to 2021-03-10 00:00:00+00:00
[2021-03-09 19:58:42,991] {scheduler_job.py:189} INFO - Processing /home/airflow/airflow/dags/data_processing.py took 0.042 seconds
[2021-03-09 19:59:09,230] {scheduler_job.py:181} INFO - Started process (PID=4417) to work on /home/airflow/airflow/dags/data_processing.py
[2021-03-09 19:59:09,231] {scheduler_job.py:629} INFO - Processing file /home/airflow/airflow/dags/data_processing.py for tasks to queue
[2021-03-09 19:59:09,235] {logging_mixin.py:103} INFO - [2021-03-09 19:59:09,231] {dagbag.py:440} INFO - Filling up the DagBag from /home/airflow/airflow/dags/data_processing.py
[2021-03-09 19:59:09,253] {scheduler_job.py:639} INFO - DAG(s) dict_keys(['data_processing']) retrieved from /home/airflow/airflow/dags/data_processing.py
[2021-03-09 19:59:09,254] {logging_mixin.py:103} INFO - [2021-03-09 19:59:09,254] {dag.py:1813} INFO - Sync 1 DAGs
[2021-03-09 19:59:09,274] {logging_mixin.py:103} INFO - [2021-03-09 19:59:09,274] {dag.py:2266} INFO - Setting next_dagrun for data_processing to 2021-03-10 00:00:00+00:00
[2021-03-09 19:59:09,285] {scheduler_job.py:189} INFO - Processing /home/airflow/airflow/dags/data_processing.py took 0.062 seconds
[2021-03-09 19:59:35,533] {scheduler_job.py:181} INFO - Started process (PID=4448) to work on /home/airflow/airflow/dags/data_processing.py
[2021-03-09 19:59:35,534] {scheduler_job.py:629} INFO - Processing file /home/airflow/airflow/dags/data_processing.py for tasks to queue
[2021-03-09 19:59:35,535] {logging_mixin.py:103} INFO - [2021-03-09 19:59:35,534] {dagbag.py:440} INFO - Filling up the DagBag from /home/airflow/airflow/dags/data_processing.py
[2021-03-09 19:59:35,548] {scheduler_job.py:639} INFO - DAG(s) dict_keys(['data_processing']) retrieved from /home/airflow/airflow/dags/data_processing.py
[2021-03-09 19:59:35,548] {logging_mixin.py:103} INFO - [2021-03-09 19:59:35,548] {dag.py:1813} INFO - Sync 1 DAGs
[2021-03-09 19:59:35,571] {logging_mixin.py:103} INFO - [2021-03-09 19:59:35,571] {dag.py:2266} INFO - Setting next_dagrun for data_processing to 2021-03-10 00:00:00+00:00
[2021-03-09 19:59:35,582] {scheduler_job.py:189} INFO - Processing /home/airflow/airflow/dags/data_processing.py took 0.054 seconds
[2021-03-09 20:00:01,850] {scheduler_job.py:181} INFO - Started process (PID=4482) to work on /home/airflow/airflow/dags/data_processing.py
[2021-03-09 20:00:01,850] {scheduler_job.py:629} INFO - Processing file /home/airflow/airflow/dags/data_processing.py for tasks to queue
[2021-03-09 20:00:01,851] {logging_mixin.py:103} INFO - [2021-03-09 20:00:01,851] {dagbag.py:440} INFO - Filling up the DagBag from /home/airflow/airflow/dags/data_processing.py
[2021-03-09 20:00:01,868] {scheduler_job.py:639} INFO - DAG(s) dict_keys(['data_processing']) retrieved from /home/airflow/airflow/dags/data_processing.py
[2021-03-09 20:00:01,869] {logging_mixin.py:103} INFO - [2021-03-09 20:00:01,869] {dag.py:1813} INFO - Sync 1 DAGs
[2021-03-09 20:00:01,893] {logging_mixin.py:103} INFO - [2021-03-09 20:00:01,892] {dag.py:2266} INFO - Setting next_dagrun for data_processing to 2021-03-10 00:00:00+00:00
[2021-03-09 20:00:01,906] {scheduler_job.py:189} INFO - Processing /home/airflow/airflow/dags/data_processing.py took 0.067 seconds
[2021-03-09 20:00:27,682] {scheduler_job.py:181} INFO - Started process (PID=4517) to work on /home/airflow/airflow/dags/data_processing.py
[2021-03-09 20:00:27,683] {scheduler_job.py:629} INFO - Processing file /home/airflow/airflow/dags/data_processing.py for tasks to queue
[2021-03-09 20:00:27,683] {logging_mixin.py:103} INFO - [2021-03-09 20:00:27,683] {dagbag.py:440} INFO - Filling up the DagBag from /home/airflow/airflow/dags/data_processing.py
[2021-03-09 20:00:27,699] {scheduler_job.py:639} INFO - DAG(s) dict_keys(['data_processing']) retrieved from /home/airflow/airflow/dags/data_processing.py
[2021-03-09 20:00:27,700] {logging_mixin.py:103} INFO - [2021-03-09 20:00:27,700] {dag.py:1813} INFO - Sync 1 DAGs
[2021-03-09 20:00:27,717] {logging_mixin.py:103} INFO - [2021-03-09 20:00:27,717] {dag.py:2266} INFO - Setting next_dagrun for data_processing to 2021-03-10 00:00:00+00:00
[2021-03-09 20:00:27,725] {scheduler_job.py:189} INFO - Processing /home/airflow/airflow/dags/data_processing.py took 0.046 seconds
[2021-03-09 20:00:53,220] {scheduler_job.py:181} INFO - Started process (PID=4548) to work on /home/airflow/airflow/dags/data_processing.py
[2021-03-09 20:00:53,221] {scheduler_job.py:629} INFO - Processing file /home/airflow/airflow/dags/data_processing.py for tasks to queue
[2021-03-09 20:00:53,221] {logging_mixin.py:103} INFO - [2021-03-09 20:00:53,221] {dagbag.py:440} INFO - Filling up the DagBag from /home/airflow/airflow/dags/data_processing.py
[2021-03-09 20:00:53,242] {scheduler_job.py:639} INFO - DAG(s) dict_keys(['data_processing']) retrieved from /home/airflow/airflow/dags/data_processing.py
[2021-03-09 20:00:53,243] {logging_mixin.py:103} INFO - [2021-03-09 20:00:53,242] {dag.py:1813} INFO - Sync 1 DAGs
[2021-03-09 20:00:53,259] {logging_mixin.py:103} INFO - [2021-03-09 20:00:53,259] {dag.py:2266} INFO - Setting next_dagrun for data_processing to 2021-03-10 00:00:00+00:00
[2021-03-09 20:00:53,268] {scheduler_job.py:189} INFO - Processing /home/airflow/airflow/dags/data_processing.py took 0.050 seconds
[2021-03-09 20:01:17,606] {scheduler_job.py:181} INFO - Started process (PID=4582) to work on /home/airflow/airflow/dags/data_processing.py
[2021-03-09 20:01:17,606] {scheduler_job.py:629} INFO - Processing file /home/airflow/airflow/dags/data_processing.py for tasks to queue
[2021-03-09 20:01:17,607] {logging_mixin.py:103} INFO - [2021-03-09 20:01:17,607] {dagbag.py:440} INFO - Filling up the DagBag from /home/airflow/airflow/dags/data_processing.py
[2021-03-09 20:01:17,621] {scheduler_job.py:639} INFO - DAG(s) dict_keys(['data_processing']) retrieved from /home/airflow/airflow/dags/data_processing.py
[2021-03-09 20:01:17,622] {logging_mixin.py:103} INFO - [2021-03-09 20:01:17,621] {dag.py:1813} INFO - Sync 1 DAGs
[2021-03-09 20:01:17,639] {logging_mixin.py:103} INFO - [2021-03-09 20:01:17,639] {dag.py:2266} INFO - Setting next_dagrun for data_processing to 2021-03-10 00:00:00+00:00
[2021-03-09 20:01:17,647] {scheduler_job.py:189} INFO - Processing /home/airflow/airflow/dags/data_processing.py took 0.044 seconds
[2021-03-09 20:01:43,780] {scheduler_job.py:181} INFO - Started process (PID=4616) to work on /home/airflow/airflow/dags/data_processing.py
[2021-03-09 20:01:43,781] {scheduler_job.py:629} INFO - Processing file /home/airflow/airflow/dags/data_processing.py for tasks to queue
[2021-03-09 20:01:43,781] {logging_mixin.py:103} INFO - [2021-03-09 20:01:43,781] {dagbag.py:440} INFO - Filling up the DagBag from /home/airflow/airflow/dags/data_processing.py
[2021-03-09 20:01:43,806] {scheduler_job.py:639} INFO - DAG(s) dict_keys(['data_processing']) retrieved from /home/airflow/airflow/dags/data_processing.py
[2021-03-09 20:01:43,807] {logging_mixin.py:103} INFO - [2021-03-09 20:01:43,806] {dag.py:1813} INFO - Sync 1 DAGs
[2021-03-09 20:01:43,824] {logging_mixin.py:103} INFO - [2021-03-09 20:01:43,824] {dag.py:2266} INFO - Setting next_dagrun for data_processing to 2021-03-10 00:00:00+00:00
[2021-03-09 20:01:43,835] {scheduler_job.py:189} INFO - Processing /home/airflow/airflow/dags/data_processing.py took 0.058 seconds
[2021-03-09 20:02:10,878] {scheduler_job.py:181} INFO - Started process (PID=4656) to work on /home/airflow/airflow/dags/data_processing.py
[2021-03-09 20:02:10,879] {scheduler_job.py:629} INFO - Processing file /home/airflow/airflow/dags/data_processing.py for tasks to queue
[2021-03-09 20:02:10,879] {logging_mixin.py:103} INFO - [2021-03-09 20:02:10,879] {dagbag.py:440} INFO - Filling up the DagBag from /home/airflow/airflow/dags/data_processing.py
[2021-03-09 20:02:10,893] {scheduler_job.py:639} INFO - DAG(s) dict_keys(['data_processing']) retrieved from /home/airflow/airflow/dags/data_processing.py
[2021-03-09 20:02:10,894] {logging_mixin.py:103} INFO - [2021-03-09 20:02:10,894] {dag.py:1813} INFO - Sync 1 DAGs
[2021-03-09 20:02:10,912] {logging_mixin.py:103} INFO - [2021-03-09 20:02:10,912] {dag.py:2266} INFO - Setting next_dagrun for data_processing to 2021-03-10 00:00:00+00:00
[2021-03-09 20:02:10,922] {scheduler_job.py:189} INFO - Processing /home/airflow/airflow/dags/data_processing.py took 0.051 seconds
[2021-03-09 20:02:36,427] {scheduler_job.py:181} INFO - Started process (PID=4696) to work on /home/airflow/airflow/dags/data_processing.py
[2021-03-09 20:02:36,427] {scheduler_job.py:629} INFO - Processing file /home/airflow/airflow/dags/data_processing.py for tasks to queue
[2021-03-09 20:02:36,430] {logging_mixin.py:103} INFO - [2021-03-09 20:02:36,429] {dagbag.py:440} INFO - Filling up the DagBag from /home/airflow/airflow/dags/data_processing.py
[2021-03-09 20:02:36,441] {scheduler_job.py:639} INFO - DAG(s) dict_keys(['data_processing']) retrieved from /home/airflow/airflow/dags/data_processing.py
[2021-03-09 20:02:36,442] {logging_mixin.py:103} INFO - [2021-03-09 20:02:36,442] {dag.py:1813} INFO - Sync 1 DAGs
[2021-03-09 20:02:36,460] {logging_mixin.py:103} INFO - [2021-03-09 20:02:36,459] {dag.py:2266} INFO - Setting next_dagrun for data_processing to 2021-03-10 00:00:00+00:00
[2021-03-09 20:02:36,469] {scheduler_job.py:189} INFO - Processing /home/airflow/airflow/dags/data_processing.py took 0.051 seconds
[2021-03-09 20:03:01,685] {scheduler_job.py:181} INFO - Started process (PID=4739) to work on /home/airflow/airflow/dags/data_processing.py
[2021-03-09 20:03:01,685] {scheduler_job.py:629} INFO - Processing file /home/airflow/airflow/dags/data_processing.py for tasks to queue
[2021-03-09 20:03:01,686] {logging_mixin.py:103} INFO - [2021-03-09 20:03:01,686] {dagbag.py:440} INFO - Filling up the DagBag from /home/airflow/airflow/dags/data_processing.py
[2021-03-09 20:03:01,698] {scheduler_job.py:639} INFO - DAG(s) dict_keys(['data_processing']) retrieved from /home/airflow/airflow/dags/data_processing.py
[2021-03-09 20:03:01,699] {logging_mixin.py:103} INFO - [2021-03-09 20:03:01,699] {dag.py:1813} INFO - Sync 1 DAGs
[2021-03-09 20:03:01,718] {logging_mixin.py:103} INFO - [2021-03-09 20:03:01,717] {dag.py:2266} INFO - Setting next_dagrun for data_processing to 2021-03-10 00:00:00+00:00
[2021-03-09 20:03:01,728] {scheduler_job.py:189} INFO - Processing /home/airflow/airflow/dags/data_processing.py took 0.048 seconds
[2021-03-09 20:03:27,187] {scheduler_job.py:181} INFO - Started process (PID=4788) to work on /home/airflow/airflow/dags/data_processing.py
[2021-03-09 20:03:27,188] {scheduler_job.py:629} INFO - Processing file /home/airflow/airflow/dags/data_processing.py for tasks to queue
[2021-03-09 20:03:27,189] {logging_mixin.py:103} INFO - [2021-03-09 20:03:27,189] {dagbag.py:440} INFO - Filling up the DagBag from /home/airflow/airflow/dags/data_processing.py
[2021-03-09 20:03:27,200] {scheduler_job.py:639} INFO - DAG(s) dict_keys(['data_processing']) retrieved from /home/airflow/airflow/dags/data_processing.py
[2021-03-09 20:03:27,201] {logging_mixin.py:103} INFO - [2021-03-09 20:03:27,201] {dag.py:1813} INFO - Sync 1 DAGs
[2021-03-09 20:03:27,220] {logging_mixin.py:103} INFO - [2021-03-09 20:03:27,220] {dag.py:2266} INFO - Setting next_dagrun for data_processing to 2021-03-10 00:00:00+00:00
[2021-03-09 20:03:27,230] {scheduler_job.py:189} INFO - Processing /home/airflow/airflow/dags/data_processing.py took 0.048 seconds
[2021-03-09 20:03:53,414] {scheduler_job.py:181} INFO - Started process (PID=4842) to work on /home/airflow/airflow/dags/data_processing.py
[2021-03-09 20:03:53,414] {scheduler_job.py:629} INFO - Processing file /home/airflow/airflow/dags/data_processing.py for tasks to queue
[2021-03-09 20:03:53,415] {logging_mixin.py:103} INFO - [2021-03-09 20:03:53,415] {dagbag.py:440} INFO - Filling up the DagBag from /home/airflow/airflow/dags/data_processing.py
[2021-03-09 20:03:53,440] {scheduler_job.py:639} INFO - DAG(s) dict_keys(['data_processing']) retrieved from /home/airflow/airflow/dags/data_processing.py
[2021-03-09 20:03:53,441] {logging_mixin.py:103} INFO - [2021-03-09 20:03:53,441] {dag.py:1813} INFO - Sync 1 DAGs
[2021-03-09 20:03:53,478] {logging_mixin.py:103} INFO - [2021-03-09 20:03:53,478] {dag.py:2266} INFO - Setting next_dagrun for data_processing to 2021-03-10 00:00:00+00:00
[2021-03-09 20:03:53,501] {scheduler_job.py:189} INFO - Processing /home/airflow/airflow/dags/data_processing.py took 0.096 seconds
[2021-03-09 20:04:19,597] {scheduler_job.py:181} INFO - Started process (PID=4900) to work on /home/airflow/airflow/dags/data_processing.py
[2021-03-09 20:04:19,603] {scheduler_job.py:629} INFO - Processing file /home/airflow/airflow/dags/data_processing.py for tasks to queue
[2021-03-09 20:04:19,603] {logging_mixin.py:103} INFO - [2021-03-09 20:04:19,603] {dagbag.py:440} INFO - Filling up the DagBag from /home/airflow/airflow/dags/data_processing.py
[2021-03-09 20:04:19,617] {scheduler_job.py:639} INFO - DAG(s) dict_keys(['data_processing']) retrieved from /home/airflow/airflow/dags/data_processing.py
[2021-03-09 20:04:19,618] {logging_mixin.py:103} INFO - [2021-03-09 20:04:19,617] {dag.py:1813} INFO - Sync 1 DAGs
[2021-03-09 20:04:19,638] {logging_mixin.py:103} INFO - [2021-03-09 20:04:19,638] {dag.py:2266} INFO - Setting next_dagrun for data_processing to 2021-03-10 00:00:00+00:00
[2021-03-09 20:04:19,657] {scheduler_job.py:189} INFO - Processing /home/airflow/airflow/dags/data_processing.py took 0.062 seconds
[2021-03-09 20:04:44,862] {scheduler_job.py:181} INFO - Started process (PID=4978) to work on /home/airflow/airflow/dags/data_processing.py
[2021-03-09 20:04:44,863] {scheduler_job.py:629} INFO - Processing file /home/airflow/airflow/dags/data_processing.py for tasks to queue
[2021-03-09 20:04:44,864] {logging_mixin.py:103} INFO - [2021-03-09 20:04:44,864] {dagbag.py:440} INFO - Filling up the DagBag from /home/airflow/airflow/dags/data_processing.py
[2021-03-09 20:04:44,875] {scheduler_job.py:639} INFO - DAG(s) dict_keys(['data_processing']) retrieved from /home/airflow/airflow/dags/data_processing.py
[2021-03-09 20:04:44,876] {logging_mixin.py:103} INFO - [2021-03-09 20:04:44,876] {dag.py:1813} INFO - Sync 1 DAGs
[2021-03-09 20:04:44,897] {logging_mixin.py:103} INFO - [2021-03-09 20:04:44,897] {dag.py:2266} INFO - Setting next_dagrun for data_processing to 2021-03-10 00:00:00+00:00
[2021-03-09 20:04:44,909] {scheduler_job.py:189} INFO - Processing /home/airflow/airflow/dags/data_processing.py took 0.054 seconds
[2021-03-09 20:05:10,469] {scheduler_job.py:181} INFO - Started process (PID=5042) to work on /home/airflow/airflow/dags/data_processing.py
[2021-03-09 20:05:10,470] {scheduler_job.py:629} INFO - Processing file /home/airflow/airflow/dags/data_processing.py for tasks to queue
[2021-03-09 20:05:10,471] {logging_mixin.py:103} INFO - [2021-03-09 20:05:10,471] {dagbag.py:440} INFO - Filling up the DagBag from /home/airflow/airflow/dags/data_processing.py
[2021-03-09 20:05:10,486] {scheduler_job.py:639} INFO - DAG(s) dict_keys(['data_processing']) retrieved from /home/airflow/airflow/dags/data_processing.py
[2021-03-09 20:05:10,487] {logging_mixin.py:103} INFO - [2021-03-09 20:05:10,486] {dag.py:1813} INFO - Sync 1 DAGs
[2021-03-09 20:05:10,506] {logging_mixin.py:103} INFO - [2021-03-09 20:05:10,506] {dag.py:2266} INFO - Setting next_dagrun for data_processing to 2021-03-10 00:00:00+00:00
[2021-03-09 20:05:10,520] {scheduler_job.py:189} INFO - Processing /home/airflow/airflow/dags/data_processing.py took 0.055 seconds
[2021-03-09 20:05:36,353] {scheduler_job.py:181} INFO - Started process (PID=5109) to work on /home/airflow/airflow/dags/data_processing.py
[2021-03-09 20:05:36,354] {scheduler_job.py:629} INFO - Processing file /home/airflow/airflow/dags/data_processing.py for tasks to queue
[2021-03-09 20:05:36,355] {logging_mixin.py:103} INFO - [2021-03-09 20:05:36,355] {dagbag.py:440} INFO - Filling up the DagBag from /home/airflow/airflow/dags/data_processing.py
[2021-03-09 20:05:36,370] {scheduler_job.py:639} INFO - DAG(s) dict_keys(['data_processing']) retrieved from /home/airflow/airflow/dags/data_processing.py
[2021-03-09 20:05:36,370] {logging_mixin.py:103} INFO - [2021-03-09 20:05:36,370] {dag.py:1813} INFO - Sync 1 DAGs
[2021-03-09 20:05:36,400] {logging_mixin.py:103} INFO - [2021-03-09 20:05:36,400] {dag.py:2266} INFO - Setting next_dagrun for data_processing to 2021-03-10 00:00:00+00:00
[2021-03-09 20:05:36,410] {scheduler_job.py:189} INFO - Processing /home/airflow/airflow/dags/data_processing.py took 0.060 seconds
[2021-03-09 20:06:02,712] {scheduler_job.py:181} INFO - Started process (PID=5178) to work on /home/airflow/airflow/dags/data_processing.py
[2021-03-09 20:06:02,713] {scheduler_job.py:629} INFO - Processing file /home/airflow/airflow/dags/data_processing.py for tasks to queue
[2021-03-09 20:06:02,714] {logging_mixin.py:103} INFO - [2021-03-09 20:06:02,714] {dagbag.py:440} INFO - Filling up the DagBag from /home/airflow/airflow/dags/data_processing.py
[2021-03-09 20:06:02,726] {scheduler_job.py:639} INFO - DAG(s) dict_keys(['data_processing']) retrieved from /home/airflow/airflow/dags/data_processing.py
[2021-03-09 20:06:02,726] {logging_mixin.py:103} INFO - [2021-03-09 20:06:02,726] {dag.py:1813} INFO - Sync 1 DAGs
[2021-03-09 20:06:02,749] {logging_mixin.py:103} INFO - [2021-03-09 20:06:02,749] {dag.py:2266} INFO - Setting next_dagrun for data_processing to 2021-03-10 00:00:00+00:00
[2021-03-09 20:06:02,759] {scheduler_job.py:189} INFO - Processing /home/airflow/airflow/dags/data_processing.py took 0.056 seconds
[2021-03-09 20:06:28,065] {scheduler_job.py:181} INFO - Started process (PID=5242) to work on /home/airflow/airflow/dags/data_processing.py
[2021-03-09 20:06:28,066] {scheduler_job.py:629} INFO - Processing file /home/airflow/airflow/dags/data_processing.py for tasks to queue
[2021-03-09 20:06:28,066] {logging_mixin.py:103} INFO - [2021-03-09 20:06:28,066] {dagbag.py:440} INFO - Filling up the DagBag from /home/airflow/airflow/dags/data_processing.py
[2021-03-09 20:06:28,101] {scheduler_job.py:639} INFO - DAG(s) dict_keys(['data_processing']) retrieved from /home/airflow/airflow/dags/data_processing.py
[2021-03-09 20:06:28,102] {logging_mixin.py:103} INFO - [2021-03-09 20:06:28,102] {dag.py:1813} INFO - Sync 1 DAGs
[2021-03-09 20:06:28,131] {logging_mixin.py:103} INFO - [2021-03-09 20:06:28,131] {dag.py:2266} INFO - Setting next_dagrun for data_processing to 2021-03-10 00:00:00+00:00
[2021-03-09 20:06:28,158] {scheduler_job.py:189} INFO - Processing /home/airflow/airflow/dags/data_processing.py took 0.102 seconds
[2021-03-09 20:06:54,347] {scheduler_job.py:181} INFO - Started process (PID=5308) to work on /home/airflow/airflow/dags/data_processing.py
[2021-03-09 20:06:54,352] {scheduler_job.py:629} INFO - Processing file /home/airflow/airflow/dags/data_processing.py for tasks to queue
[2021-03-09 20:06:54,352] {logging_mixin.py:103} INFO - [2021-03-09 20:06:54,352] {dagbag.py:440} INFO - Filling up the DagBag from /home/airflow/airflow/dags/data_processing.py
[2021-03-09 20:06:54,365] {scheduler_job.py:639} INFO - DAG(s) dict_keys(['data_processing']) retrieved from /home/airflow/airflow/dags/data_processing.py
[2021-03-09 20:06:54,366] {logging_mixin.py:103} INFO - [2021-03-09 20:06:54,366] {dag.py:1813} INFO - Sync 1 DAGs
[2021-03-09 20:06:54,391] {logging_mixin.py:103} INFO - [2021-03-09 20:06:54,390] {dag.py:2266} INFO - Setting next_dagrun for data_processing to 2021-03-10 00:00:00+00:00
[2021-03-09 20:06:54,400] {scheduler_job.py:189} INFO - Processing /home/airflow/airflow/dags/data_processing.py took 0.057 seconds
[2021-03-09 20:07:19,649] {scheduler_job.py:181} INFO - Started process (PID=5395) to work on /home/airflow/airflow/dags/data_processing.py
[2021-03-09 20:07:19,650] {scheduler_job.py:629} INFO - Processing file /home/airflow/airflow/dags/data_processing.py for tasks to queue
[2021-03-09 20:07:19,651] {logging_mixin.py:103} INFO - [2021-03-09 20:07:19,650] {dagbag.py:440} INFO - Filling up the DagBag from /home/airflow/airflow/dags/data_processing.py
[2021-03-09 20:07:19,666] {scheduler_job.py:639} INFO - DAG(s) dict_keys(['data_processing']) retrieved from /home/airflow/airflow/dags/data_processing.py
[2021-03-09 20:07:19,667] {logging_mixin.py:103} INFO - [2021-03-09 20:07:19,666] {dag.py:1813} INFO - Sync 1 DAGs
[2021-03-09 20:07:19,686] {logging_mixin.py:103} INFO - [2021-03-09 20:07:19,686] {dag.py:2266} INFO - Setting next_dagrun for data_processing to 2021-03-10 00:00:00+00:00
[2021-03-09 20:07:19,702] {scheduler_job.py:189} INFO - Processing /home/airflow/airflow/dags/data_processing.py took 0.059 seconds
[2021-03-09 20:07:45,004] {scheduler_job.py:181} INFO - Started process (PID=5459) to work on /home/airflow/airflow/dags/data_processing.py
[2021-03-09 20:07:45,005] {scheduler_job.py:629} INFO - Processing file /home/airflow/airflow/dags/data_processing.py for tasks to queue
[2021-03-09 20:07:45,006] {logging_mixin.py:103} INFO - [2021-03-09 20:07:45,006] {dagbag.py:440} INFO - Filling up the DagBag from /home/airflow/airflow/dags/data_processing.py
[2021-03-09 20:07:45,020] {scheduler_job.py:639} INFO - DAG(s) dict_keys(['data_processing']) retrieved from /home/airflow/airflow/dags/data_processing.py
[2021-03-09 20:07:45,021] {logging_mixin.py:103} INFO - [2021-03-09 20:07:45,021] {dag.py:1813} INFO - Sync 1 DAGs
[2021-03-09 20:07:45,040] {logging_mixin.py:103} INFO - [2021-03-09 20:07:45,040] {dag.py:2266} INFO - Setting next_dagrun for data_processing to 2021-03-10 00:00:00+00:00
[2021-03-09 20:07:45,050] {scheduler_job.py:189} INFO - Processing /home/airflow/airflow/dags/data_processing.py took 0.056 seconds
[2021-03-09 20:08:12,177] {scheduler_job.py:181} INFO - Started process (PID=5526) to work on /home/airflow/airflow/dags/data_processing.py
[2021-03-09 20:08:12,178] {scheduler_job.py:629} INFO - Processing file /home/airflow/airflow/dags/data_processing.py for tasks to queue
[2021-03-09 20:08:12,178] {logging_mixin.py:103} INFO - [2021-03-09 20:08:12,178] {dagbag.py:440} INFO - Filling up the DagBag from /home/airflow/airflow/dags/data_processing.py
[2021-03-09 20:08:12,195] {scheduler_job.py:639} INFO - DAG(s) dict_keys(['data_processing']) retrieved from /home/airflow/airflow/dags/data_processing.py
[2021-03-09 20:08:12,196] {logging_mixin.py:103} INFO - [2021-03-09 20:08:12,196] {dag.py:1813} INFO - Sync 1 DAGs
[2021-03-09 20:08:12,216] {logging_mixin.py:103} INFO - [2021-03-09 20:08:12,216] {dag.py:2266} INFO - Setting next_dagrun for data_processing to 2021-03-10 00:00:00+00:00
[2021-03-09 20:08:12,227] {scheduler_job.py:189} INFO - Processing /home/airflow/airflow/dags/data_processing.py took 0.056 seconds
[2021-03-09 20:08:38,538] {scheduler_job.py:181} INFO - Started process (PID=5602) to work on /home/airflow/airflow/dags/data_processing.py
[2021-03-09 20:08:38,539] {scheduler_job.py:629} INFO - Processing file /home/airflow/airflow/dags/data_processing.py for tasks to queue
[2021-03-09 20:08:38,539] {logging_mixin.py:103} INFO - [2021-03-09 20:08:38,539] {dagbag.py:440} INFO - Filling up the DagBag from /home/airflow/airflow/dags/data_processing.py
[2021-03-09 20:08:38,556] {scheduler_job.py:639} INFO - DAG(s) dict_keys(['data_processing']) retrieved from /home/airflow/airflow/dags/data_processing.py
[2021-03-09 20:08:38,556] {logging_mixin.py:103} INFO - [2021-03-09 20:08:38,556] {dag.py:1813} INFO - Sync 1 DAGs
[2021-03-09 20:08:38,572] {logging_mixin.py:103} INFO - [2021-03-09 20:08:38,571] {dag.py:2266} INFO - Setting next_dagrun for data_processing to 2021-03-10 00:00:00+00:00
[2021-03-09 20:08:38,580] {scheduler_job.py:189} INFO - Processing /home/airflow/airflow/dags/data_processing.py took 0.044 seconds
[2021-03-09 20:09:03,773] {scheduler_job.py:181} INFO - Started process (PID=5670) to work on /home/airflow/airflow/dags/data_processing.py
[2021-03-09 20:09:03,779] {scheduler_job.py:629} INFO - Processing file /home/airflow/airflow/dags/data_processing.py for tasks to queue
[2021-03-09 20:09:03,779] {logging_mixin.py:103} INFO - [2021-03-09 20:09:03,779] {dagbag.py:440} INFO - Filling up the DagBag from /home/airflow/airflow/dags/data_processing.py
[2021-03-09 20:09:03,790] {scheduler_job.py:639} INFO - DAG(s) dict_keys(['data_processing']) retrieved from /home/airflow/airflow/dags/data_processing.py
[2021-03-09 20:09:03,790] {logging_mixin.py:103} INFO - [2021-03-09 20:09:03,790] {dag.py:1813} INFO - Sync 1 DAGs
[2021-03-09 20:09:03,815] {logging_mixin.py:103} INFO - [2021-03-09 20:09:03,815] {dag.py:2266} INFO - Setting next_dagrun for data_processing to 2021-03-10 00:00:00+00:00
[2021-03-09 20:09:03,825] {scheduler_job.py:189} INFO - Processing /home/airflow/airflow/dags/data_processing.py took 0.054 seconds
[2021-03-09 20:09:29,065] {scheduler_job.py:181} INFO - Started process (PID=5734) to work on /home/airflow/airflow/dags/data_processing.py
[2021-03-09 20:09:29,066] {scheduler_job.py:629} INFO - Processing file /home/airflow/airflow/dags/data_processing.py for tasks to queue
[2021-03-09 20:09:29,066] {logging_mixin.py:103} INFO - [2021-03-09 20:09:29,066] {dagbag.py:440} INFO - Filling up the DagBag from /home/airflow/airflow/dags/data_processing.py
[2021-03-09 20:09:29,095] {scheduler_job.py:639} INFO - DAG(s) dict_keys(['data_processing']) retrieved from /home/airflow/airflow/dags/data_processing.py
[2021-03-09 20:09:29,096] {logging_mixin.py:103} INFO - [2021-03-09 20:09:29,095] {dag.py:1813} INFO - Sync 1 DAGs
[2021-03-09 20:09:29,132] {logging_mixin.py:103} INFO - [2021-03-09 20:09:29,132] {dag.py:2266} INFO - Setting next_dagrun for data_processing to 2021-03-10 00:00:00+00:00
[2021-03-09 20:09:29,151] {scheduler_job.py:189} INFO - Processing /home/airflow/airflow/dags/data_processing.py took 0.095 seconds
[2021-03-09 20:09:55,405] {scheduler_job.py:181} INFO - Started process (PID=5800) to work on /home/airflow/airflow/dags/data_processing.py
[2021-03-09 20:09:55,406] {scheduler_job.py:629} INFO - Processing file /home/airflow/airflow/dags/data_processing.py for tasks to queue
[2021-03-09 20:09:55,406] {logging_mixin.py:103} INFO - [2021-03-09 20:09:55,406] {dagbag.py:440} INFO - Filling up the DagBag from /home/airflow/airflow/dags/data_processing.py
[2021-03-09 20:09:55,424] {scheduler_job.py:639} INFO - DAG(s) dict_keys(['data_processing']) retrieved from /home/airflow/airflow/dags/data_processing.py
[2021-03-09 20:09:55,425] {logging_mixin.py:103} INFO - [2021-03-09 20:09:55,424] {dag.py:1813} INFO - Sync 1 DAGs
[2021-03-09 20:09:55,441] {logging_mixin.py:103} INFO - [2021-03-09 20:09:55,441] {dag.py:2266} INFO - Setting next_dagrun for data_processing to 2021-03-10 00:00:00+00:00
[2021-03-09 20:09:55,451] {scheduler_job.py:189} INFO - Processing /home/airflow/airflow/dags/data_processing.py took 0.048 seconds
[2021-03-09 20:10:22,881] {scheduler_job.py:181} INFO - Started process (PID=5868) to work on /home/airflow/airflow/dags/data_processing.py
[2021-03-09 20:10:22,882] {scheduler_job.py:629} INFO - Processing file /home/airflow/airflow/dags/data_processing.py for tasks to queue
[2021-03-09 20:10:22,883] {logging_mixin.py:103} INFO - [2021-03-09 20:10:22,882] {dagbag.py:440} INFO - Filling up the DagBag from /home/airflow/airflow/dags/data_processing.py
[2021-03-09 20:10:22,895] {scheduler_job.py:639} INFO - DAG(s) dict_keys(['data_processing']) retrieved from /home/airflow/airflow/dags/data_processing.py
[2021-03-09 20:10:22,896] {logging_mixin.py:103} INFO - [2021-03-09 20:10:22,896] {dag.py:1813} INFO - Sync 1 DAGs
[2021-03-09 20:10:22,914] {logging_mixin.py:103} INFO - [2021-03-09 20:10:22,914] {dag.py:2266} INFO - Setting next_dagrun for data_processing to 2021-03-10 00:00:00+00:00
[2021-03-09 20:10:22,923] {scheduler_job.py:189} INFO - Processing /home/airflow/airflow/dags/data_processing.py took 0.049 seconds
[2021-03-09 20:10:48,141] {scheduler_job.py:181} INFO - Started process (PID=5935) to work on /home/airflow/airflow/dags/data_processing.py
[2021-03-09 20:10:48,142] {scheduler_job.py:629} INFO - Processing file /home/airflow/airflow/dags/data_processing.py for tasks to queue
[2021-03-09 20:10:48,142] {logging_mixin.py:103} INFO - [2021-03-09 20:10:48,142] {dagbag.py:440} INFO - Filling up the DagBag from /home/airflow/airflow/dags/data_processing.py
[2021-03-09 20:10:48,155] {scheduler_job.py:639} INFO - DAG(s) dict_keys(['data_processing']) retrieved from /home/airflow/airflow/dags/data_processing.py
[2021-03-09 20:10:48,156] {logging_mixin.py:103} INFO - [2021-03-09 20:10:48,156] {dag.py:1813} INFO - Sync 1 DAGs
[2021-03-09 20:10:48,174] {logging_mixin.py:103} INFO - [2021-03-09 20:10:48,174] {dag.py:2266} INFO - Setting next_dagrun for data_processing to 2021-03-10 00:00:00+00:00
[2021-03-09 20:10:48,183] {scheduler_job.py:189} INFO - Processing /home/airflow/airflow/dags/data_processing.py took 0.049 seconds
