[2021-03-10 06:59:09,471] {taskinstance.py:826} INFO - Dependencies all met for <TaskInstance: data_processing.extract_users 2021-01-04T00:00:00+00:00 [queued]>
[2021-03-10 06:59:09,476] {taskinstance.py:826} INFO - Dependencies all met for <TaskInstance: data_processing.extract_users 2021-01-04T00:00:00+00:00 [queued]>
[2021-03-10 06:59:09,476] {taskinstance.py:1017} INFO - 
--------------------------------------------------------------------------------
[2021-03-10 06:59:09,476] {taskinstance.py:1018} INFO - Starting attempt 1 of 1
[2021-03-10 06:59:09,476] {taskinstance.py:1019} INFO - 
--------------------------------------------------------------------------------
[2021-03-10 06:59:09,494] {taskinstance.py:1038} INFO - Executing <Task(SimpleHttpOperator): extract_users> on 2021-01-04T00:00:00+00:00
[2021-03-10 06:59:09,495] {standard_task_runner.py:51} INFO - Started process 41952 to run task
[2021-03-10 06:59:09,504] {standard_task_runner.py:75} INFO - Running: ['airflow', 'tasks', 'run', 'data_processing', 'extract_users', '2021-01-04T00:00:00+00:00', '--job-id', '32', '--pool', 'default_pool', '--raw', '--subdir', 'DAGS_FOLDER/data_processing.py', '--cfg-path', '/tmp/tmpclq6ynjx']
[2021-03-10 06:59:09,505] {standard_task_runner.py:76} INFO - Job 32: Subtask extract_users
[2021-03-10 06:59:09,653] {logging_mixin.py:103} INFO - Running <TaskInstance: data_processing.extract_users 2021-01-04T00:00:00+00:00 [running]> on host airflowvm
[2021-03-10 06:59:09,825] {taskinstance.py:1230} INFO - Exporting the following env vars:
AIRFLOW_CTX_DAG_OWNER=airflow
AIRFLOW_CTX_DAG_ID=data_processing
AIRFLOW_CTX_TASK_ID=extract_users
AIRFLOW_CTX_EXECUTION_DATE=2021-01-04T00:00:00+00:00
AIRFLOW_CTX_DAG_RUN_ID=scheduled__2021-01-04T00:00:00+00:00
[2021-03-10 06:59:09,840] {http.py:106} INFO - Calling HTTP method
[2021-03-10 06:59:09,851] {base.py:65} INFO - Using connection to: id: user_api. Host: https://randomuser.me/, Port: None, Schema: , Login: , Password: None, extra: None
[2021-03-10 06:59:09,856] {http.py:140} INFO - Sending 'GET' to url: https://randomuser.me/api/
[2021-03-10 06:59:10,400] {http.py:110} INFO - {"results":[{"gender":"female","name":{"title":"Mrs","first":"Kathy","last":"Elliott"},"location":{"street":{"number":2499,"name":"Prospect Rd"},"city":"Devonport","state":"Victoria","country":"Australia","postcode":9450,"coordinates":{"latitude":"-88.6248","longitude":"36.7983"},"timezone":{"offset":"-8:00","description":"Pacific Time (US & Canada)"}},"email":"kathy.elliott@example.com","login":{"uuid":"83723a5d-5d27-4485-8be4-7d6087ccfb19","username":"brownladybug869","password":"techniques","salt":"ZkDsIuYT","md5":"355f4c6b28ee2dc4980aa2ef4cb0b309","sha1":"87951ab52d1c6d5ffd81d274ccfdeebbba4df5be","sha256":"04dc6cea4206eb399e099caebc68840db4a18a2905d4ebc41bb7df25014192bf"},"dob":{"date":"1968-03-08T13:38:42.379Z","age":53},"registered":{"date":"2003-02-25T04:47:19.368Z","age":18},"phone":"04-7797-1554","cell":"0471-500-547","id":{"name":"TFN","value":"111934830"},"picture":{"large":"https://randomuser.me/api/portraits/women/51.jpg","medium":"https://randomuser.me/api/portraits/med/women/51.jpg","thumbnail":"https://randomuser.me/api/portraits/thumb/women/51.jpg"},"nat":"AU"}],"info":{"seed":"553a49e181f5dceb","results":1,"page":1,"version":"1.3"}}
[2021-03-10 06:59:10,421] {taskinstance.py:1135} INFO - Marking task as SUCCESS. dag_id=data_processing, task_id=extract_users, execution_date=20210104T000000, start_date=20210310T065909, end_date=20210310T065910
[2021-03-10 06:59:10,454] {taskinstance.py:1195} INFO - 1 downstream tasks scheduled from follow-on schedule check
[2021-03-10 06:59:10,487] {local_task_job.py:118} INFO - Task exited with return code 0
