[2021-03-10 07:06:01,509] {taskinstance.py:826} INFO - Dependencies all met for <TaskInstance: data_processing.is_api_available 2021-02-10T00:00:00+00:00 [queued]>
[2021-03-10 07:06:01,514] {taskinstance.py:826} INFO - Dependencies all met for <TaskInstance: data_processing.is_api_available 2021-02-10T00:00:00+00:00 [queued]>
[2021-03-10 07:06:01,514] {taskinstance.py:1017} INFO - 
--------------------------------------------------------------------------------
[2021-03-10 07:06:01,515] {taskinstance.py:1018} INFO - Starting attempt 1 of 1
[2021-03-10 07:06:01,515] {taskinstance.py:1019} INFO - 
--------------------------------------------------------------------------------
[2021-03-10 07:06:01,525] {taskinstance.py:1038} INFO - Executing <Task(HttpSensor): is_api_available> on 2021-02-10T00:00:00+00:00
[2021-03-10 07:06:01,527] {standard_task_runner.py:51} INFO - Started process 43289 to run task
[2021-03-10 07:06:01,532] {standard_task_runner.py:75} INFO - Running: ['airflow', 'tasks', 'run', 'data_processing', 'is_api_available', '2021-02-10T00:00:00+00:00', '--job-id', '211', '--pool', 'default_pool', '--raw', '--subdir', 'DAGS_FOLDER/data_processing.py', '--cfg-path', '/tmp/tmpy7pfllke']
[2021-03-10 07:06:01,532] {standard_task_runner.py:76} INFO - Job 211: Subtask is_api_available
[2021-03-10 07:06:01,658] {logging_mixin.py:103} INFO - Running <TaskInstance: data_processing.is_api_available 2021-02-10T00:00:00+00:00 [running]> on host airflowvm
[2021-03-10 07:06:01,789] {taskinstance.py:1230} INFO - Exporting the following env vars:
AIRFLOW_CTX_DAG_OWNER=airflow
AIRFLOW_CTX_DAG_ID=data_processing
AIRFLOW_CTX_TASK_ID=is_api_available
AIRFLOW_CTX_EXECUTION_DATE=2021-02-10T00:00:00+00:00
AIRFLOW_CTX_DAG_RUN_ID=scheduled__2021-02-10T00:00:00+00:00
[2021-03-10 07:06:01,789] {http.py:102} INFO - Poking: api/
[2021-03-10 07:06:01,792] {base.py:65} INFO - Using connection to: id: user_api. Host: https://randomuser.me/, Port: None, Schema: , Login: , Password: None, extra: None
[2021-03-10 07:06:01,793] {http.py:140} INFO - Sending 'GET' to url: https://randomuser.me/api/
[2021-03-10 07:06:02,351] {base.py:245} INFO - Success criteria met. Exiting.
[2021-03-10 07:06:02,354] {taskinstance.py:1135} INFO - Marking task as SUCCESS. dag_id=data_processing, task_id=is_api_available, execution_date=20210210T000000, start_date=20210310T070601, end_date=20210310T070602
[2021-03-10 07:06:02,373] {taskinstance.py:1195} INFO - 1 downstream tasks scheduled from follow-on schedule check
[2021-03-10 07:06:02,401] {local_task_job.py:118} INFO - Task exited with return code 0
