[2021-03-11 04:25:28,808] {taskinstance.py:826} INFO - Dependencies all met for <TaskInstance: parallel_dag.bash1 2021-03-11T04:25:18.026530+00:00 [queued]>
[2021-03-11 04:25:28,842] {taskinstance.py:826} INFO - Dependencies all met for <TaskInstance: parallel_dag.bash1 2021-03-11T04:25:18.026530+00:00 [queued]>
[2021-03-11 04:25:28,842] {taskinstance.py:1017} INFO - 
--------------------------------------------------------------------------------
[2021-03-11 04:25:28,842] {taskinstance.py:1018} INFO - Starting attempt 1 of 1
[2021-03-11 04:25:28,842] {taskinstance.py:1019} INFO - 
--------------------------------------------------------------------------------
[2021-03-11 04:25:28,858] {taskinstance.py:1038} INFO - Executing <Task(BashOperator): bash1> on 2021-03-11T04:25:18.026530+00:00
[2021-03-11 04:25:28,859] {standard_task_runner.py:51} INFO - Started process 13745 to run task
[2021-03-11 04:25:28,866] {standard_task_runner.py:75} INFO - Running: ['airflow', 'tasks', 'run', 'parallel_dag', 'bash1', '2021-03-11T04:25:18.026530+00:00', '--job-id', '93', '--pool', 'default_pool', '--raw', '--subdir', 'DAGS_FOLDER/parallel_dag.py', '--cfg-path', '/tmp/tmp93ptfv1x']
[2021-03-11 04:25:28,866] {standard_task_runner.py:76} INFO - Job 93: Subtask bash1
[2021-03-11 04:25:28,989] {logging_mixin.py:103} INFO - Running <TaskInstance: parallel_dag.bash1 2021-03-11T04:25:18.026530+00:00 [running]> on host airflowvm
[2021-03-11 04:25:29,095] {taskinstance.py:1230} INFO - Exporting the following env vars:
AIRFLOW_CTX_DAG_OWNER=airflow
AIRFLOW_CTX_DAG_ID=parallel_dag
AIRFLOW_CTX_TASK_ID=bash1
AIRFLOW_CTX_EXECUTION_DATE=2021-03-11T04:25:18.026530+00:00
AIRFLOW_CTX_DAG_RUN_ID=manual__2021-03-11T04:25:18.026530+00:00
[2021-03-11 04:25:29,095] {bash.py:135} INFO - Tmp dir root location: 
 /tmp
[2021-03-11 04:25:29,096] {bash.py:158} INFO - Running command: sleep 3
[2021-03-11 04:25:29,106] {bash.py:169} INFO - Output:
[2021-03-11 04:25:32,116] {bash.py:177} INFO - Command exited with return code 0
[2021-03-11 04:25:32,174] {taskinstance.py:1135} INFO - Marking task as SUCCESS. dag_id=parallel_dag, task_id=bash1, execution_date=20210311T042518, start_date=20210311T042528, end_date=20210311T042532
[2021-03-11 04:25:32,221] {taskinstance.py:1195} INFO - 0 downstream tasks scheduled from follow-on schedule check
[2021-03-11 04:25:32,255] {local_task_job.py:118} INFO - Task exited with return code 0
