[2021-03-09 18:54:17,322] {scheduler_job.py:181} INFO - Started process (PID=9344) to work on /home/airflow/venv/lib/python3.8/site-packages/airflow/example_dags/example_bash_operator.py
[2021-03-09 18:54:17,332] {scheduler_job.py:629} INFO - Processing file /home/airflow/venv/lib/python3.8/site-packages/airflow/example_dags/example_bash_operator.py for tasks to queue
[2021-03-09 18:54:17,333] {logging_mixin.py:103} INFO - [2021-03-09 18:54:17,333] {dagbag.py:440} INFO - Filling up the DagBag from /home/airflow/venv/lib/python3.8/site-packages/airflow/example_dags/example_bash_operator.py
[2021-03-09 18:54:17,575] {scheduler_job.py:639} INFO - DAG(s) dict_keys(['example_bash_operator']) retrieved from /home/airflow/venv/lib/python3.8/site-packages/airflow/example_dags/example_bash_operator.py
[2021-03-09 18:54:17,577] {logging_mixin.py:103} INFO - [2021-03-09 18:54:17,577] {dag.py:1813} INFO - Sync 1 DAGs
[2021-03-09 18:54:17,915] {logging_mixin.py:103} INFO - [2021-03-09 18:54:17,915] {dag.py:2266} INFO - Setting next_dagrun for example_bash_operator to 2021-03-07 00:00:00+00:00
[2021-03-09 18:54:18,077] {scheduler_job.py:189} INFO - Processing /home/airflow/venv/lib/python3.8/site-packages/airflow/example_dags/example_bash_operator.py took 0.788 seconds
[2021-03-09 18:54:54,380] {scheduler_job.py:181} INFO - Started process (PID=9416) to work on /home/airflow/venv/lib/python3.8/site-packages/airflow/example_dags/example_bash_operator.py
[2021-03-09 18:54:54,381] {scheduler_job.py:629} INFO - Processing file /home/airflow/venv/lib/python3.8/site-packages/airflow/example_dags/example_bash_operator.py for tasks to queue
[2021-03-09 18:54:54,383] {logging_mixin.py:103} INFO - [2021-03-09 18:54:54,382] {dagbag.py:440} INFO - Filling up the DagBag from /home/airflow/venv/lib/python3.8/site-packages/airflow/example_dags/example_bash_operator.py
[2021-03-09 18:54:54,425] {scheduler_job.py:639} INFO - DAG(s) dict_keys(['example_bash_operator']) retrieved from /home/airflow/venv/lib/python3.8/site-packages/airflow/example_dags/example_bash_operator.py
[2021-03-09 18:54:54,426] {logging_mixin.py:103} INFO - [2021-03-09 18:54:54,426] {dag.py:1813} INFO - Sync 1 DAGs
[2021-03-09 18:54:54,485] {logging_mixin.py:103} INFO - [2021-03-09 18:54:54,484] {dag.py:2266} INFO - Setting next_dagrun for example_bash_operator to 2021-03-07 00:00:00+00:00
[2021-03-09 18:54:54,531] {scheduler_job.py:189} INFO - Processing /home/airflow/venv/lib/python3.8/site-packages/airflow/example_dags/example_bash_operator.py took 0.156 seconds
[2021-03-09 18:55:29,180] {scheduler_job.py:181} INFO - Started process (PID=9489) to work on /home/airflow/venv/lib/python3.8/site-packages/airflow/example_dags/example_bash_operator.py
[2021-03-09 18:55:29,181] {scheduler_job.py:629} INFO - Processing file /home/airflow/venv/lib/python3.8/site-packages/airflow/example_dags/example_bash_operator.py for tasks to queue
[2021-03-09 18:55:29,182] {logging_mixin.py:103} INFO - [2021-03-09 18:55:29,182] {dagbag.py:440} INFO - Filling up the DagBag from /home/airflow/venv/lib/python3.8/site-packages/airflow/example_dags/example_bash_operator.py
[2021-03-09 18:55:29,226] {scheduler_job.py:639} INFO - DAG(s) dict_keys(['example_bash_operator']) retrieved from /home/airflow/venv/lib/python3.8/site-packages/airflow/example_dags/example_bash_operator.py
[2021-03-09 18:55:29,227] {logging_mixin.py:103} INFO - [2021-03-09 18:55:29,227] {dag.py:1813} INFO - Sync 1 DAGs
[2021-03-09 18:55:29,322] {logging_mixin.py:103} INFO - [2021-03-09 18:55:29,322] {dag.py:2266} INFO - Setting next_dagrun for example_bash_operator to 2021-03-07 00:00:00+00:00
[2021-03-09 18:55:29,374] {scheduler_job.py:189} INFO - Processing /home/airflow/venv/lib/python3.8/site-packages/airflow/example_dags/example_bash_operator.py took 0.200 seconds
[2021-03-09 18:56:08,325] {scheduler_job.py:181} INFO - Started process (PID=9562) to work on /home/airflow/venv/lib/python3.8/site-packages/airflow/example_dags/example_bash_operator.py
[2021-03-09 18:56:08,326] {scheduler_job.py:629} INFO - Processing file /home/airflow/venv/lib/python3.8/site-packages/airflow/example_dags/example_bash_operator.py for tasks to queue
[2021-03-09 18:56:08,328] {logging_mixin.py:103} INFO - [2021-03-09 18:56:08,327] {dagbag.py:440} INFO - Filling up the DagBag from /home/airflow/venv/lib/python3.8/site-packages/airflow/example_dags/example_bash_operator.py
[2021-03-09 18:56:08,428] {scheduler_job.py:639} INFO - DAG(s) dict_keys(['example_bash_operator']) retrieved from /home/airflow/venv/lib/python3.8/site-packages/airflow/example_dags/example_bash_operator.py
[2021-03-09 18:56:08,429] {logging_mixin.py:103} INFO - [2021-03-09 18:56:08,429] {dag.py:1813} INFO - Sync 1 DAGs
[2021-03-09 18:56:08,630] {logging_mixin.py:103} INFO - [2021-03-09 18:56:08,629] {dag.py:2266} INFO - Setting next_dagrun for example_bash_operator to 2021-03-07 00:00:00+00:00
[2021-03-09 18:56:08,735] {scheduler_job.py:189} INFO - Processing /home/airflow/venv/lib/python3.8/site-packages/airflow/example_dags/example_bash_operator.py took 0.416 seconds
[2021-03-09 18:56:55,674] {scheduler_job.py:181} INFO - Started process (PID=9640) to work on /home/airflow/venv/lib/python3.8/site-packages/airflow/example_dags/example_bash_operator.py
[2021-03-09 18:56:55,676] {scheduler_job.py:629} INFO - Processing file /home/airflow/venv/lib/python3.8/site-packages/airflow/example_dags/example_bash_operator.py for tasks to queue
[2021-03-09 18:56:55,677] {logging_mixin.py:103} INFO - [2021-03-09 18:56:55,676] {dagbag.py:440} INFO - Filling up the DagBag from /home/airflow/venv/lib/python3.8/site-packages/airflow/example_dags/example_bash_operator.py
[2021-03-09 18:56:55,778] {scheduler_job.py:639} INFO - DAG(s) dict_keys(['example_bash_operator']) retrieved from /home/airflow/venv/lib/python3.8/site-packages/airflow/example_dags/example_bash_operator.py
[2021-03-09 18:56:55,780] {logging_mixin.py:103} INFO - [2021-03-09 18:56:55,779] {dag.py:1813} INFO - Sync 1 DAGs
[2021-03-09 18:56:55,925] {logging_mixin.py:103} INFO - [2021-03-09 18:56:55,924] {dag.py:2266} INFO - Setting next_dagrun for example_bash_operator to 2021-03-07 00:00:00+00:00
[2021-03-09 18:56:56,074] {scheduler_job.py:189} INFO - Processing /home/airflow/venv/lib/python3.8/site-packages/airflow/example_dags/example_bash_operator.py took 0.406 seconds
[2021-03-09 19:11:20,302] {scheduler_job.py:181} INFO - Started process (PID=10336) to work on /home/airflow/venv/lib/python3.8/site-packages/airflow/example_dags/example_bash_operator.py
[2021-03-09 19:11:20,320] {scheduler_job.py:629} INFO - Processing file /home/airflow/venv/lib/python3.8/site-packages/airflow/example_dags/example_bash_operator.py for tasks to queue
[2021-03-09 19:11:20,321] {logging_mixin.py:103} INFO - [2021-03-09 19:11:20,321] {dagbag.py:440} INFO - Filling up the DagBag from /home/airflow/venv/lib/python3.8/site-packages/airflow/example_dags/example_bash_operator.py
[2021-03-09 19:11:20,425] {scheduler_job.py:639} INFO - DAG(s) dict_keys(['example_bash_operator']) retrieved from /home/airflow/venv/lib/python3.8/site-packages/airflow/example_dags/example_bash_operator.py
[2021-03-09 19:11:20,427] {logging_mixin.py:103} INFO - [2021-03-09 19:11:20,426] {dag.py:1813} INFO - Sync 1 DAGs
[2021-03-09 19:11:20,646] {logging_mixin.py:103} INFO - [2021-03-09 19:11:20,646] {dag.py:2266} INFO - Setting next_dagrun for example_bash_operator to 2021-03-07 00:00:00+00:00
[2021-03-09 19:11:20,762] {scheduler_job.py:189} INFO - Processing /home/airflow/venv/lib/python3.8/site-packages/airflow/example_dags/example_bash_operator.py took 0.480 seconds
[2021-03-09 19:11:55,497] {scheduler_job.py:181} INFO - Started process (PID=10367) to work on /home/airflow/venv/lib/python3.8/site-packages/airflow/example_dags/example_bash_operator.py
[2021-03-09 19:11:55,501] {scheduler_job.py:629} INFO - Processing file /home/airflow/venv/lib/python3.8/site-packages/airflow/example_dags/example_bash_operator.py for tasks to queue
[2021-03-09 19:11:55,502] {logging_mixin.py:103} INFO - [2021-03-09 19:11:55,502] {dagbag.py:440} INFO - Filling up the DagBag from /home/airflow/venv/lib/python3.[2021-03-09 19:16:36,410] {scheduler_job.py:181} INFO - Started process (PID=1488) to work on /home/airflow/venv/lib/python3.8/site-packages/airflow/example_dags/example_bash_operator.py
[2021-03-09 19:16:36,411] {scheduler_job.py:629} INFO - Processing file /home/airflow/venv/lib/python3.8/site-packages/airflow/example_dags/example_bash_operator.py for tasks to queue
[2021-03-09 19:16:36,411] {logging_mixin.py:103} INFO - [2021-03-09 19:16:36,411] {dagbag.py:440} INFO - Filling up the DagBag from /home/airflow/venv/lib/python3.8/site-packages/airflow/example_dags/example_bash_operator.py
[2021-03-09 19:16:36,418] {scheduler_job.py:639} INFO - DAG(s) dict_keys(['example_bash_operator']) retrieved from /home/airflow/venv/lib/python3.8/site-packages/airflow/example_dags/example_bash_operator.py
[2021-03-09 19:16:36,419] {logging_mixin.py:103} INFO - [2021-03-09 19:16:36,419] {dag.py:1813} INFO - Sync 1 DAGs
[2021-03-09 19:16:36,434] {logging_mixin.py:103} INFO - [2021-03-09 19:16:36,434] {dag.py:2266} INFO - Setting next_dagrun for example_bash_operator to 2021-03-07 00:00:00+00:00
[2021-03-09 19:16:36,443] {scheduler_job.py:189} INFO - Processing /home/airflow/venv/lib/python3.8/site-packages/airflow/example_dags/example_bash_operator.py took 0.035 seconds
[2021-03-09 19:17:03,817] {scheduler_job.py:181} INFO - Started process (PID=1548) to work on /home/airflow/venv/lib/python3.8/site-packages/airflow/example_dags/example_bash_operator.py
[2021-03-09 19:17:03,818] {scheduler_job.py:629} INFO - Processing file /home/airflow/venv/lib/python3.8/site-packages/airflow/example_dags/example_bash_operator.py for tasks to queue
[2021-03-09 19:17:03,818] {logging_mixin.py:103} INFO - [2021-03-09 19:17:03,818] {dagbag.py:440} INFO - Filling up the DagBag from /home/airflow/venv/lib/python3.8/site-packages/airflow/example_dags/example_bash_operator.py
[2021-03-09 19:17:03,825] {scheduler_job.py:639} INFO - DAG(s) dict_keys(['example_bash_operator']) retrieved from /home/airflow/venv/lib/python3.8/site-packages/airflow/example_dags/example_bash_operator.py
[2021-03-09 19:17:03,825] {logging_mixin.py:103} INFO - [2021-03-09 19:17:03,825] {dag.py:1813} INFO - Sync 1 DAGs
[2021-03-09 19:17:03,839] {logging_mixin.py:103} INFO - [2021-03-09 19:17:03,839] {dag.py:2266} INFO - Setting next_dagrun for example_bash_operator to 2021-03-07 00:00:00+00:00
[2021-03-09 19:17:03,853] {scheduler_job.py:189} INFO - Processing /home/airflow/venv/lib/python3.8/site-packages/airflow/example_dags/example_bash_operator.py took 0.038 seconds
[2021-03-09 19:17:31,029] {scheduler_job.py:181} INFO - Started process (PID=1609) to work on /home/airflow/venv/lib/python3.8/site-packages/airflow/example_dags/example_bash_operator.py
[2021-03-09 19:17:31,030] {scheduler_job.py:629} INFO - Processing file /home/airflow/venv/lib/python3.8/site-packages/airflow/example_dags/example_bash_operator.py for tasks to queue
[2021-03-09 19:17:31,030] {logging_mixin.py:103} INFO - [2021-03-09 19:17:31,030] {dagbag.py:440} INFO - Filling up the DagBag from /home/airflow/venv/lib/python3.8/site-packages/airflow/example_dags/example_bash_operator.py
[2021-03-09 19:17:31,039] {scheduler_job.py:639} INFO - DAG(s) dict_keys(['example_bash_operator']) retrieved from /home/airflow/venv/lib/python3.8/site-packages/airflow/example_dags/example_bash_operator.py
[2021-03-09 19:17:31,040] {logging_mixin.py:103} INFO - [2021-03-09 19:17:31,040] {dag.py:1813} INFO - Sync 1 DAGs
[2021-03-09 19:17:31,058] {logging_mixin.py:103} INFO - [2021-03-09 19:17:31,058] {dag.py:2266} INFO - Setting next_dagrun for example_bash_operator to 2021-03-07 00:00:00+00:00
[2021-03-09 19:17:31,069] {scheduler_job.py:189} INFO - Processing /home/airflow/venv/lib/python3.8/site-packages/airflow/example_dags/example_bash_operator.py took 0.042 seconds
[2021-03-09 19:17:58,900] {scheduler_job.py:181} INFO - Started process (PID=1679) to work on /home/airflow/venv/lib/python3.8/site-packages/airflow/example_dags/example_bash_operator.py
[2021-03-09 19:17:58,901] {scheduler_job.py:629} INFO - Processing file /home/airflow/venv/lib/python3.8/site-packages/airflow/example_dags/example_bash_operator.py for tasks to queue
[2021-03-09 19:17:58,901] {logging_mixin.py:103} INFO - [2021-03-09 19:17:58,901] {dagbag.py:440} INFO - Filling up the DagBag from /home/airflow/venv/lib/python3.8/site-packages/airflow/example_dags/example_bash_operator.py
[2021-03-09 19:17:58,910] {scheduler_job.py:639} INFO - DAG(s) dict_keys(['example_bash_operator']) retrieved from /home/airflow/venv/lib/python3.8/site-packages/airflow/example_dags/example_bash_operator.py
[2021-03-09 19:17:58,910] {logging_mixin.py:103} INFO - [2021-03-09 19:17:58,910] {dag.py:1813} INFO - Sync 1 DAGs
[2021-03-09 19:17:58,928] {logging_mixin.py:103} INFO - [2021-03-09 19:17:58,928] {dag.py:2266} INFO - Setting next_dagrun for example_bash_operator to 2021-03-07 00:00:00+00:00
[2021-03-09 19:17:58,939] {scheduler_job.py:189} INFO - Processing /home/airflow/venv/lib/python3.8/site-packages/airflow/example_dags/example_bash_operator.py took 0.041 seconds
[2021-03-09 19:18:27,400] {scheduler_job.py:181} INFO - Started process (PID=1781) to work on /home/airflow/venv/lib/python3.8/site-packages/airflow/example_dags/example_bash_operator.py
[2021-03-09 19:18:27,401] {scheduler_job.py:629} INFO - Processing file /home/airflow/venv/lib/python3.8/site-packages/airflow/example_dags/example_bash_operator.py for tasks to queue
[2021-03-09 19:18:27,401] {logging_mixin.py:103} INFO - [2021-03-09 19:18:27,401] {dagbag.py:440} INFO - Filling up the DagBag from /home/airflow/venv/lib/python3.8/site-packages/airflow/example_dags/example_bash_operator.py
[2021-03-09 19:18:27,410] {scheduler_job.py:639} INFO - DAG(s) dict_keys(['example_bash_operator']) retrieved from /home/airflow/venv/lib/python3.8/site-packages/airflow/example_dags/example_bash_operator.py
[2021-03-09 19:18:27,410] {logging_mixin.py:103} INFO - [2021-03-09 19:18:27,410] {dag.py:1813} INFO - Sync 1 DAGs
[2021-03-09 19:18:27,429] {logging_mixin.py:103} INFO - [2021-03-09 19:18:27,429] {dag.py:2266} INFO - Setting next_dagrun for example_bash_operator to 2021-03-07 00:00:00+00:00
[2021-03-09 19:18:27,444] {scheduler_job.py:189} INFO - Processing /home/airflow/venv/lib/python3.8/site-packages/airflow/example_dags/example_bash_operator.py took 0.046 seconds
[2021-03-09 19:18:56,803] {scheduler_job.py:181} INFO - Started process (PID=1861) to work on /home/airflow/venv/lib/python3.8/site-packages/airflow/example_dags/example_bash_operator.py
[2021-03-09 19:18:56,804] {scheduler_job.py:629} INFO - Processing file /home/airflow/venv/lib/python3.8/site-packages/airflow/example_dags/example_bash_operator.py for tasks to queue
[2021-03-09 19:18:56,805] {logging_mixin.py:103} INFO - [2021-03-09 19:18:56,804] {dagbag.py:440} INFO - Filling up the DagBag from /home/airflow/venv/lib/python3.8/site-packages/airflow/example_dags/example_bash_operator.py
[2021-03-09 19:18:56,812] {scheduler_job.py:639} INFO - DAG(s) dict_keys(['example_bash_operator']) retrieved from /home/airflow/venv/lib/python3.8/site-packages/airflow/example_dags/example_bash_operator.py
[2021-03-09 19:18:56,812] {logging_mixin.py:103} INFO - [2021-03-09 19:18:56,812] {dag.py:1813} INFO - Sync 1 DAGs
[2021-03-09 19:18:56,827] {logging_mixin.py:103} INFO - [2021-03-09 19:18:56,827] {dag.py:2266} INFO - Setting next_dagrun for example_bash_operator to 2021-03-07 00:00:00+00:00
[2021-03-09 19:18:56,839] {scheduler_job.py:189} INFO - Processing /home/airflow/venv/lib/python3.8/site-packages/airflow/example_dags/example_bash_operator.py took 0.038 seconds
[2021-03-09 19:19:23,114] {scheduler_job.py:181} INFO - Started process (PID=1928) to work on /home/airflow/venv/lib/python3.8/site-packages/airflow/example_dags/example_bash_operator.py
[2021-03-09 19:19:23,115] {scheduler_job.py:629} INFO - Processing file /home/airflow/venv/lib/python3.8/site-packages/airflow/example_dags/example_bash_operator.py for tasks to queue
[2021-03-09 19:19:23,115] {logging_mixin.py:103} INFO - [2021-03-09 19:19:23,115] {dagbag.py:440} INFO - Filling up the DagBag from /home/airflow/venv/lib/python3.8/site-packages/airflow/example_dags/example_bash_operator.py
[2021-03-09 19:19:23,124] {scheduler_job.py:639} INFO - DAG(s) dict_keys(['example_bash_operator']) retrieved from /home/airflow/venv/lib/python3.8/site-packages/airflow/example_dags/example_bash_operator.py
[2021-03-09 19:19:23,124] {logging_mixin.py:103} INFO - [2021-03-09 19:19:23,124] {dag.py:1813} INFO - Sync 1 DAGs
[2021-03-09 19:19:23,142] {logging_mixin.py:103} INFO - [2021-03-09 19:19:23,142] {dag.py:2266} INFO - Setting next_dagrun for example_bash_operator to 2021-03-07 00:00:00+00:00
[2021-03-09 19:19:23,154] {scheduler_job.py:189} INFO - Processing /home/airflow/venv/lib/python3.8/site-packages/airflow/example_dags/example_bash_operator.py took 0.042 seconds
[2021-03-09 19:19:50,518] {scheduler_job.py:181} INFO - Started process (PID=2000) to work on /home/airflow/venv/lib/python3.8/site-packages/airflow/example_dags/example_bash_operator.py
[2021-03-09 19:19:50,519] {scheduler_job.py:629} INFO - Processing file /home/airflow/venv/lib/python3.8/site-packages/airflow/example_dags/example_bash_operator.py for tasks to queue
[2021-03-09 19:19:50,519] {logging_mixin.py:103} INFO - [2021-03-09 19:19:50,519] {dagbag.py:440} INFO - Filling up the DagBag from /home/airflow/venv/lib/python3.8/site-packages/airflow/example_dags/example_bash_operator.py
[2021-03-09 19:19:50,528] {scheduler_job.py:639} INFO - DAG(s) dict_keys(['example_bash_operator']) retrieved from /home/airflow/venv/lib/python3.8/site-packages/airflow/example_dags/example_bash_operator.py
[2021-03-09 19:19:50,529] {logging_mixin.py:103} INFO - [2021-03-09 19:19:50,529] {dag.py:1813} INFO - Sync 1 DAGs
[2021-03-09 19:19:50,549] {logging_mixin.py:103} INFO - [2021-03-09 19:19:50,549] {dag.py:2266} INFO - Setting next_dagrun for example_bash_operator to 2021-03-07 00:00:00+00:00
[2021-03-09 19:19:50,563] {scheduler_job.py:189} INFO - Processing /home/airflow/venv/lib/python3.8/site-packages/airflow/example_dags/example_bash_operator.py took 0.047 seconds
[2021-03-09 19:20:18,115] {scheduler_job.py:181} INFO - Started process (PID=2069) to work on /home/airflow/venv/lib/python3.8/site-packages/airflow/example_dags/example_bash_operator.py
[2021-03-09 19:20:18,116] {scheduler_job.py:629} INFO - Processing file /home/airflow/venv/lib/python3.8/site-packages/airflow/example_dags/example_bash_operator.py for tasks to queue
[2021-03-09 19:20:18,116] {logging_mixin.py:103} INFO - [2021-03-09 19:20:18,116] {dagbag.py:440} INFO - Filling up the DagBag from /home/airflow/venv/lib/python3.8/site-packages/airflow/example_dags/example_bash_operator.py
[2021-03-09 19:20:18,124] {scheduler_job.py:639} INFO - DAG(s) dict_keys(['example_bash_operator']) retrieved from /home/airflow/venv/lib/python3.8/site-packages/airflow/example_dags/example_bash_operator.py
[2021-03-09 19:20:18,124] {logging_mixin.py:103} INFO - [2021-03-09 19:20:18,124] {dag.py:1813} INFO - Sync 1 DAGs
[2021-03-09 19:20:18,140] {logging_mixin.py:103} INFO - [2021-03-09 19:20:18,140] {dag.py:2266} INFO - Setting next_dagrun for example_bash_operator to 2021-03-07 00:00:00+00:00
[2021-03-09 19:20:18,150] {scheduler_job.py:189} INFO - Processing /home/airflow/venv/lib/python3.8/site-packages/airflow/example_dags/example_bash_operator.py took 0.037 seconds
[2021-03-09 19:20:44,799] {scheduler_job.py:181} INFO - Started process (PID=2139) to work on /home/airflow/venv/lib/python3.8/site-packages/airflow/example_dags/example_bash_operator.py
[2021-03-09 19:20:44,800] {scheduler_job.py:629} INFO - Processing file /home/airflow/venv/lib/python3.8/site-packages/airflow/example_dags/example_bash_operator.py for tasks to queue
[2021-03-09 19:20:44,801] {logging_mixin.py:103} INFO - [2021-03-09 19:20:44,800] {dagbag.py:440} INFO - Filling up the DagBag from /home/airflow/venv/lib/python3.8/site-packages/airflow/example_dags/example_bash_operator.py
[2021-03-09 19:20:44,808] {scheduler_job.py:639} INFO - DAG(s) dict_keys(['example_bash_operator']) retrieved from /home/airflow/venv/lib/python3.8/site-packages/airflow/example_dags/example_bash_operator.py
[2021-03-09 19:20:44,809] {logging_mixin.py:103} INFO - [2021-03-09 19:20:44,809] {dag.py:1813} INFO - Sync 1 DAGs
[2021-03-09 19:20:44,829] {logging_mixin.py:103} INFO - [2021-03-09 19:20:44,829] {dag.py:2266} INFO - Setting next_dagrun for example_bash_operator to 2021-03-07 00:00:00+00:00
[2021-03-09 19:20:44,845] {scheduler_job.py:189} INFO - Processing /home/airflow/venv/lib/python3.8/site-packages/airflow/example_dags/example_bash_operator.py took 0.048 seconds
[2021-03-09 19:21:11,366] {scheduler_job.py:181} INFO - Started process (PID=2211) to work on /home/airflow/venv/lib/python3.8/site-packages/airflow/example_dags/example_bash_operator.py
[2021-03-09 19:21:11,367] {scheduler_job.py:629} INFO - Processing file /home/airflow/venv/lib/python3.8/site-packages/airflow/example_dags/example_bash_operator.py for tasks to queue
[2021-03-09 19:21:11,367] {logging_mixin.py:103} INFO - [2021-03-09 19:21:11,367] {dagbag.py:440} INFO - Filling up the DagBag from /home/airflow/venv/lib/python3.8/site-packages/airflow/example_dags/example_bash_operator.py
[2021-03-09 19:21:11,378] {scheduler_job.py:639} INFO - DAG(s) dict_keys(['example_bash_operator']) retrieved from /home/airflow/venv/lib/python3.8/site-packages/airflow/example_dags/example_bash_operator.py
[2021-03-09 19:21:11,379] {logging_mixin.py:103} INFO - [2021-03-09 19:21:11,379] {dag.py:1813} INFO - Sync 1 DAGs
[2021-03-09 19:21:11,408] {logging_mixin.py:103} INFO - [2021-03-09 19:21:11,408] {dag.py:2266} INFO - Setting next_dagrun for example_bash_operator to 2021-03-07 00:00:00+00:00
[2021-03-09 19:21:11,420] {scheduler_job.py:189} INFO - Processing /home/airflow/venv/lib/python3.8/site-packages/airflow/example_dags/example_bash_operator.py took 0.055 seconds
[2021-03-09 19:21:36,648] {scheduler_job.py:181} INFO - Started process (PID=2279) to work on /home/airflow/venv/lib/python3.8/site-packages/airflow/example_dags/example_bash_operator.py
[2021-03-09 19:21:36,649] {scheduler_job.py:629} INFO - Processing file /home/airflow/venv/lib/python3.8/site-packages/airflow/example_dags/example_bash_operator.py for tasks to queue
[2021-03-09 19:21:36,649] {logging_mixin.py:103} INFO - [2021-03-09 19:21:36,649] {dagbag.py:440} INFO - Filling up the DagBag from /home/airflow/venv/lib/python3.8/site-packages/airflow/example_dags/example_bash_operator.py
[2021-03-09 19:21:36,660] {scheduler_job.py:639} INFO - DAG(s) dict_keys(['example_bash_operator']) retrieved from /home/airflow/venv/lib/python3.8/site-packages/airflow/example_dags/example_bash_operator.py
[2021-03-09 19:21:36,665] {logging_mixin.py:103} INFO - [2021-03-09 19:21:36,665] {dag.py:1813} INFO - Sync 1 DAGs
[2021-03-09 19:21:36,685] {logging_mixin.py:103} INFO - [2021-03-09 19:21:36,685] {dag.py:2266} INFO - Setting next_dagrun for example_bash_operator to 2021-03-07 00:00:00+00:00
[2021-03-09 19:21:36,695] {scheduler_job.py:189} INFO - Processing /home/airflow/venv/lib/python3.8/site-packages/airflow/example_dags/example_bash_operator.py took 0.049 seconds
[2021-03-09 19:22:02,973] {scheduler_job.py:181} INFO - Started process (PID=2352) to work on /home/airflow/venv/lib/python3.8/site-packages/airflow/example_dags/example_bash_operator.py
[2021-03-09 19:22:02,980] {scheduler_job.py:629} INFO - Processing file /home/airflow/venv/lib/python3.8/site-packages/airflow/example_dags/example_bash_operator.py for tasks to queue
[2021-03-09 19:22:02,980] {logging_mixin.py:103} INFO - [2021-03-09 19:22:02,980] {dagbag.py:440} INFO - Filling up the DagBag from /home/airflow/venv/lib/python3.8/site-packages/airflow/example_dags/example_bash_operator.py
[2021-03-09 19:22:03,000] {scheduler_job.py:639} INFO - DAG(s) dict_keys(['example_bash_operator']) retrieved from /home/airflow/venv/lib/python3.8/site-packages/airflow/example_dags/example_bash_operator.py
[2021-03-09 19:22:03,001] {logging_mixin.py:103} INFO - [2021-03-09 19:22:03,001] {dag.py:1813} INFO - Sync 1 DAGs
[2021-03-09 19:22:03,019] {logging_mixin.py:103} INFO - [2021-03-09 19:22:03,019] {dag.py:2266} INFO - Setting next_dagrun for example_bash_operator to 2021-03-07 00:00:00+00:00
[2021-03-09 19:22:03,030] {scheduler_job.py:189} INFO - Processing /home/airflow/venv/lib/python3.8/site-packages/airflow/example_dags/example_bash_operator.py took 0.067 seconds
[2021-03-09 19:22:28,203] {scheduler_job.py:181} INFO - Started process (PID=2421) to work on /home/airflow/venv/lib/python3.8/site-packages/airflow/example_dags/example_bash_operator.py
[2021-03-09 19:22:28,203] {scheduler_job.py:629} INFO - Processing file /home/airflow/venv/lib/python3.8/site-packages/airflow/example_dags/example_bash_operator.py for tasks to queue
[2021-03-09 19:22:28,204] {logging_mixin.py:103} INFO - [2021-03-09 19:22:28,203] {dagbag.py:440} INFO - Filling up the DagBag from /home/airflow/venv/lib/python3.8/site-packages/airflow/example_dags/example_bash_operator.py
[2021-03-09 19:22:28,216] {scheduler_job.py:639} INFO - DAG(s) dict_keys(['example_bash_operator']) retrieved from /home/airflow/venv/lib/python3.8/site-packages/airflow/example_dags/example_bash_operator.py
[2021-03-09 19:22:28,217] {logging_mixin.py:103} INFO - [2021-03-09 19:22:28,217] {dag.py:1813} INFO - Sync 1 DAGs
[2021-03-09 19:22:28,235] {logging_mixin.py:103} INFO - [2021-03-09 19:22:28,235] {dag.py:2266} INFO - Setting next_dagrun for example_bash_operator to 2021-03-07 00:00:00+00:00
[2021-03-09 19:22:28,247] {scheduler_job.py:189} INFO - Processing /home/airflow/venv/lib/python3.8/site-packages/airflow/example_dags/example_bash_operator.py took 0.046 seconds
[2021-03-09 19:22:54,547] {scheduler_job.py:181} INFO - Started process (PID=2491) to work on /home/airflow/venv/lib/python3.8/site-packages/airflow/example_dags/example_bash_operator.py
[2021-03-09 19:22:54,548] {scheduler_job.py:629} INFO - Processing file /home/airflow/venv/lib/python3.8/site-packages/airflow/example_dags/example_bash_operator.py for tasks to queue
[2021-03-09 19:22:54,548] {logging_mixin.py:103} INFO - [2021-03-09 19:22:54,548] {dagbag.py:440} INFO - Filling up the DagBag from /home/airflow/venv/lib/python3.8/site-packages/airflow/example_dags/example_bash_operator.py
[2021-03-09 19:22:54,560] {scheduler_job.py:639} INFO - DAG(s) dict_keys(['example_bash_operator']) retrieved from /home/airflow/venv/lib/python3.8/site-packages/airflow/example_dags/example_bash_operator.py
[2021-03-09 19:22:54,560] {logging_mixin.py:103} INFO - [2021-03-09 19:22:54,560] {dag.py:1813} INFO - Sync 1 DAGs
[2021-03-09 19:22:54,579] {logging_mixin.py:103} INFO - [2021-03-09 19:22:54,578] {dag.py:2266} INFO - Setting next_dagrun for example_bash_operator to 2021-03-07 00:00:00+00:00
[2021-03-09 19:22:54,591] {scheduler_job.py:189} INFO - Processing /home/airflow/venv/lib/python3.8/site-packages/airflow/example_dags/example_bash_operator.py took 0.045 seconds
[2021-03-09 19:23:21,615] {scheduler_job.py:181} INFO - Started process (PID=2558) to work on /home/airflow/venv/lib/python3.8/site-packages/airflow/example_dags/example_bash_operator.py
[2021-03-09 19:23:21,616] {scheduler_job.py:629} INFO - Processing file /home/airflow/venv/lib/python3.8/site-packages/airflow/example_dags/example_bash_operator.py for tasks to queue
[2021-03-09 19:23:21,616] {logging_mixin.py:103} INFO - [2021-03-09 19:23:21,616] {dagbag.py:440} INFO - Filling up the DagBag from /home/airflow/venv/lib/python3.8/site-packages/airflow/example_dags/example_bash_operator.py
[2021-03-09 19:23:21,643] {scheduler_job.py:639} INFO - DAG(s) dict_keys(['example_bash_operator']) retrieved from /home/airflow/venv/lib/python3.8/site-packages/airflow/example_dags/example_bash_operator.py
[2021-03-09 19:23:21,644] {logging_mixin.py:103} INFO - [2021-03-09 19:23:21,644] {dag.py:1813} INFO - Sync 1 DAGs
[2021-03-09 19:23:21,681] {logging_mixin.py:103} INFO - [2021-03-09 19:23:21,681] {dag.py:2266} INFO - Setting next_dagrun for example_bash_operator to 2021-03-07 00:00:00+00:00
[2021-03-09 19:23:21,704] {scheduler_job.py:189} INFO - Processing /home/airflow/venv/lib/python3.8/site-packages/airflow/example_dags/example_bash_operator.py took 0.097 seconds
[2021-03-09 19:23:47,191] {scheduler_job.py:181} INFO - Started process (PID=2624) to work on /home/airflow/venv/lib/python3.8/site-packages/airflow/example_dags/example_bash_operator.py
[2021-03-09 19:23:47,192] {scheduler_job.py:629} INFO - Processing file /home/airflow/venv/lib/python3.8/site-packages/airflow/example_dags/example_bash_operator.py for tasks to queue
[2021-03-09 19:23:47,192] {logging_mixin.py:103} INFO - [2021-03-09 19:23:47,192] {dagbag.py:440} INFO - Filling up the DagBag from /home/airflow/venv/lib/python3.8/site-packages/airflow/example_dags/example_bash_operator.py
[2021-03-09 19:23:47,204] {scheduler_job.py:639} INFO - DAG(s) dict_keys(['example_bash_operator']) retrieved from /home/airflow/venv/lib/python3.8/site-packages/airflow/example_dags/example_bash_operator.py
[2021-03-09 19:23:47,209] {logging_mixin.py:103} INFO - [2021-03-09 19:23:47,208] {dag.py:1813} INFO - Sync 1 DAGs
[2021-03-09 19:23:47,231] {logging_mixin.py:103} INFO - [2021-03-09 19:23:47,231] {dag.py:2266} INFO - Setting next_dagrun for example_bash_operator to 2021-03-07 00:00:00+00:00
[2021-03-09 19:23:47,242] {scheduler_job.py:189} INFO - Processing /home/airflow/venv/lib/python3.8/site-packages/airflow/example_dags/example_bash_operator.py took 0.058 seconds
[2021-03-09 19:24:12,465] {scheduler_job.py:181} INFO - Started process (PID=2688) to work on /home/airflow/venv/lib/python3.8/site-packages/airflow/example_dags/example_bash_operator.py
[2021-03-09 19:24:12,465] {scheduler_job.py:629} INFO - Processing file /home/airflow/venv/lib/python3.8/site-packages/airflow/example_dags/example_bash_operator.py for tasks to queue
[2021-03-09 19:24:12,466] {logging_mixin.py:103} INFO - [2021-03-09 19:24:12,466] {dagbag.py:440} INFO - Filling up the DagBag from /home/airflow/venv/lib/python3.8/site-packages/airflow/example_dags/example_bash_operator.py
[2021-03-09 19:24:12,476] {scheduler_job.py:639} INFO - DAG(s) dict_keys(['example_bash_operator']) retrieved from /home/airflow/venv/lib/python3.8/site-packages/airflow/example_dags/example_bash_operator.py
[2021-03-09 19:24:12,477] {logging_mixin.py:103} INFO - [2021-03-09 19:24:12,477] {dag.py:1813} INFO - Sync 1 DAGs
[2021-03-09 19:24:12,492] {logging_mixin.py:103} INFO - [2021-03-09 19:24:12,492] {dag.py:2266} INFO - Setting next_dagrun for example_bash_operator to 2021-03-07 00:00:00+00:00
[2021-03-09 19:24:12,503] {scheduler_job.py:189} INFO - Processing /home/airflow/venv/lib/python3.8/site-packages/airflow/example_dags/example_bash_operator.py took 0.044 seconds
[2021-03-09 19:24:37,912] {scheduler_job.py:181} INFO - Started process (PID=2753) to work on /home/airflow/venv/lib/python3.8/site-packages/airflow/example_dags/example_bash_operator.py
[2021-03-09 19:24:37,912] {scheduler_job.py:629} INFO - Processing file /home/airflow/venv/lib/python3.8/site-packages/airflow/example_dags/example_bash_operator.py for tasks to queue
[2021-03-09 19:24:37,917] {logging_mixin.py:103} INFO - [2021-03-09 19:24:37,916] {dagbag.py:440} INFO - Filling up the DagBag from /home/airflow/venv/lib/python3.8/site-packages/airflow/example_dags/example_bash_operator.py
[2021-03-09 19:24:37,940] {scheduler_job.py:639} INFO - DAG(s) dict_keys(['example_bash_operator']) retrieved from /home/airflow/venv/lib/python3.8/site-packages/airflow/example_dags/example_bash_operator.py
[2021-03-09 19:24:37,945] {logging_mixin.py:103} INFO - [2021-03-09 19:24:37,945] {dag.py:1813} INFO - Sync 1 DAGs
[2021-03-09 19:24:37,967] {logging_mixin.py:103} INFO - [2021-03-09 19:24:37,967] {dag.py:2266} INFO - Setting next_dagrun for example_bash_operator to 2021-03-07 00:00:00+00:00
[2021-03-09 19:24:37,980] {scheduler_job.py:189} INFO - Processing /home/airflow/venv/lib/python3.8/site-packages/airflow/example_dags/example_bash_operator.py took 0.077 seconds
[2021-03-09 19:25:04,953] {scheduler_job.py:181} INFO - Started process (PID=2823) to work on /home/airflow/venv/lib/python3.8/site-packages/airflow/example_dags/example_bash_operator.py
[2021-03-09 19:25:04,955] {scheduler_job.py:629} INFO - Processing file /home/airflow/venv/lib/python3.8/site-packages/airflow/example_dags/example_bash_operator.py for tasks to queue
[2021-03-09 19:25:04,961] {logging_mixin.py:103} INFO - [2021-03-09 19:25:04,961] {dagbag.py:440} INFO - Filling up the DagBag from /home/airflow/venv/lib/python3.8/site-packages/airflow/example_dags/example_bash_operator.py
[2021-03-09 19:25:04,985] {scheduler_job.py:639} INFO - DAG(s) dict_keys(['example_bash_operator']) retrieved from /home/airflow/venv/lib/python3.8/site-packages/airflow/example_dags/example_bash_operator.py
[2021-03-09 19:25:04,986] {logging_mixin.py:103} INFO - [2021-03-09 19:25:04,986] {dag.py:1813} INFO - Sync 1 DAGs
[2021-03-09 19:25:05,007] {logging_mixin.py:103} INFO - [2021-03-09 19:25:05,007] {dag.py:2266} INFO - Setting next_dagrun for example_bash_operator to 2021-03-07 00:00:00+00:00
[2021-03-09 19:25:05,019] {scheduler_job.py:189} INFO - Processing /home/airflow/venv/lib/python3.8/site-packages/airflow/example_dags/example_bash_operator.py took 0.076 seconds
[2021-03-09 19:25:32,266] {scheduler_job.py:181} INFO - Started process (PID=2893) to work on /home/airflow/venv/lib/python3.8/site-packages/airflow/example_dags/example_bash_operator.py
[2021-03-09 19:25:32,267] {scheduler_job.py:629} INFO - Processing file /home/airflow/venv/lib/python3.8/site-packages/airflow/example_dags/example_bash_operator.py for tasks to queue
[2021-03-09 19:25:32,268] {logging_mixin.py:103} INFO - [2021-03-09 19:25:32,268] {dagbag.py:440} INFO - Filling up the DagBag from /home/airflow/venv/lib/python3.8/site-packages/airflow/example_dags/example_bash_operator.py
[2021-03-09 19:25:32,282] {scheduler_job.py:639} INFO - DAG(s) dict_keys(['example_bash_operator']) retrieved from /home/airflow/venv/lib/python3.8/site-packages/airflow/example_dags/example_bash_operator.py
[2021-03-09 19:25:32,283] {logging_mixin.py:103} INFO - [2021-03-09 19:25:32,283] {dag.py:1813} INFO - Sync 1 DAGs
[2021-03-09 19:25:32,299] {logging_mixin.py:103} INFO - [2021-03-09 19:25:32,299] {dag.py:2266} INFO - Setting next_dagrun for example_bash_operator to 2021-03-07 00:00:00+00:00
[2021-03-09 19:25:32,311] {scheduler_job.py:189} INFO - Processing /home/airflow/venv/lib/python3.8/site-packages/airflow/example_dags/example_bash_operator.py took 0.052 seconds
[2021-03-09 19:25:57,631] {scheduler_job.py:181} INFO - Started process (PID=2961) to work on /home/airflow/venv/lib/python3.8/site-packages/airflow/example_dags/example_bash_operator.py
[2021-03-09 19:25:57,632] {scheduler_job.py:629} INFO - Processing file /home/airflow/venv/lib/python3.8/site-packages/airflow/example_dags/example_bash_operator.py for tasks to queue
[2021-03-09 19:25:57,636] {logging_mixin.py:103} INFO - [2021-03-09 19:25:57,636] {dagbag.py:440} INFO - Filling up the DagBag from /home/airflow/venv/lib/python3.8/site-packages/airflow/example_dags/example_bash_operator.py
[2021-03-09 19:25:57,645] {scheduler_job.py:639} INFO - DAG(s) dict_keys(['example_bash_operator']) retrieved from /home/airflow/venv/lib/python3.8/site-packages/airflow/example_dags/example_bash_operator.py
[2021-03-09 19:25:57,645] {logging_mixin.py:103} INFO - [2021-03-09 19:25:57,645] {dag.py:1813} INFO - Sync 1 DAGs
[2021-03-09 19:25:57,664] {logging_mixin.py:103} INFO - [2021-03-09 19:25:57,664] {dag.py:2266} INFO - Setting next_dagrun for example_bash_operator to 2021-03-07 00:00:00+00:00
[2021-03-09 19:25:57,674] {scheduler_job.py:189} INFO - Processing /home/airflow/venv/lib/python3.8/site-packages/airflow/example_dags/example_bash_operator.py took 0.044 seconds
[2021-03-09 19:26:22,185] {scheduler_job.py:181} INFO - Started process (PID=3025) to work on /home/airflow/venv/lib/python3.8/site-packages/airflow/example_dags/example_bash_operator.py
[2021-03-09 19:26:22,185] {scheduler_job.py:629} INFO - Processing file /home/airflow/venv/lib/python3.8/site-packages/airflow/example_dags/example_bash_operator.py for tasks to queue
[2021-03-09 19:26:22,186] {logging_mixin.py:103} INFO - [2021-03-09 19:26:22,186] {dagbag.py:440} INFO - Filling up the DagBag from /home/airflow/venv/lib/python3.8/site-packages/airflow/example_dags/example_bash_operator.py
[2021-03-09 19:26:22,200] {scheduler_job.py:639} INFO - DAG(s) dict_keys(['example_bash_operator']) retrieved from /home/airflow/venv/lib/python3.8/site-packages/airflow/example_dags/example_bash_operator.py
[2021-03-09 19:26:22,200] {logging_mixin.py:103} INFO - [2021-03-09 19:26:22,200] {dag.py:1813} INFO - Sync 1 DAGs
[2021-03-09 19:26:22,244] {logging_mixin.py:103} INFO - [2021-03-09 19:26:22,244] {dag.py:2266} INFO - Setting next_dagrun for example_bash_operator to 2021-03-07 00:00:00+00:00
[2021-03-09 19:26:22,267] {scheduler_job.py:189} INFO - Processing /home/airflow/venv/lib/python3.8/site-packages/airflow/example_dags/example_bash_operator.py took 0.093 seconds
[2021-03-09 19:26:48,143] {scheduler_job.py:181} INFO - Started process (PID=3088) to work on /home/airflow/venv/lib/python3.8/site-packages/airflow/example_dags/example_bash_operator.py
[2021-03-09 19:26:48,144] {scheduler_job.py:629} INFO - Processing file /home/airflow/venv/lib/python3.8/site-packages/airflow/example_dags/example_bash_operator.py for tasks to queue
[2021-03-09 19:26:48,144] {logging_mixin.py:103} INFO - [2021-03-09 19:26:48,144] {dagbag.py:440} INFO - Filling up the DagBag from /home/airflow/venv/lib/python3.8/site-packages/airflow/example_dags/example_bash_operator.py
[2021-03-09 19:26:48,158] {scheduler_job.py:639} INFO - DAG(s) dict_keys(['example_bash_operator']) retrieved from /home/airflow/venv/lib/python3.8/site-packages/airflow/example_dags/example_bash_operator.py
[2021-03-09 19:26:48,159] {logging_mixin.py:103} INFO - [2021-03-09 19:26:48,159] {dag.py:1813} INFO - Sync 1 DAGs
[2021-03-09 19:26:48,178] {logging_mixin.py:103} INFO - [2021-03-09 19:26:48,178] {dag.py:2266} INFO - Setting next_dagrun for example_bash_operator to 2021-03-07 00:00:00+00:00
[2021-03-09 19:26:48,195] {scheduler_job.py:189} INFO - Processing /home/airflow/venv/lib/python3.8/site-packages/airflow/example_dags/example_bash_operator.py took 0.053 seconds
[2021-03-09 19:27:14,492] {scheduler_job.py:181} INFO - Started process (PID=3156) to work on /home/airflow/venv/lib/python3.8/site-packages/airflow/example_dags/example_bash_operator.py
[2021-03-09 19:27:14,497] {scheduler_job.py:629} INFO - Processing file /home/airflow/venv/lib/python3.8/site-packages/airflow/example_dags/example_bash_operator.py for tasks to queue
[2021-03-09 19:27:14,497] {logging_mixin.py:103} INFO - [2021-03-09 19:27:14,497] {dagbag.py:440} INFO - Filling up the DagBag from /home/airflow/venv/lib/python3.8/site-packages/airflow/example_dags/example_bash_operator.py
[2021-03-09 19:27:14,504] {scheduler_job.py:639} INFO - DAG(s) dict_keys(['example_bash_operator']) retrieved from /home/airflow/venv/lib/python3.8/site-packages/airflow/example_dags/example_bash_operator.py
[2021-03-09 19:27:14,505] {logging_mixin.py:103} INFO - [2021-03-09 19:27:14,504] {dag.py:1813} INFO - Sync 1 DAGs
[2021-03-09 19:27:14,519] {logging_mixin.py:103} INFO - [2021-03-09 19:27:14,519] {dag.py:2266} INFO - Setting next_dagrun for example_bash_operator to 2021-03-07 00:00:00+00:00
[2021-03-09 19:27:14,528] {scheduler_job.py:189} INFO - Processing /home/airflow/venv/lib/python3.8/site-packages/airflow/example_dags/example_bash_operator.py took 0.041 seconds
[2021-03-09 19:27:41,553] {scheduler_job.py:181} INFO - Started process (PID=3226) to work on /home/airflow/venv/lib/python3.8/site-packages/airflow/example_dags/example_bash_operator.py
[2021-03-09 19:27:41,553] {scheduler_job.py:629} INFO - Processing file /home/airflow/venv/lib/python3.8/site-packages/airflow/example_dags/example_bash_operator.py for tasks to queue
[2021-03-09 19:27:41,554] {logging_mixin.py:103} INFO - [2021-03-09 19:27:41,554] {dagbag.py:440} INFO - Filling up the DagBag from /home/airflow/venv/lib/python3.8/site-packages/airflow/example_dags/example_bash_operator.py
[2021-03-09 19:27:41,561] {scheduler_job.py:639} INFO - DAG(s) dict_keys(['example_bash_operator']) retrieved from /home/airflow/venv/lib/python3.8/site-packages/airflow/example_dags/example_bash_operator.py
[2021-03-09 19:27:41,561] {logging_mixin.py:103} INFO - [2021-03-09 19:27:41,561] {dag.py:1813} INFO - Sync 1 DAGs
[2021-03-09 19:27:41,585] {logging_mixin.py:103} INFO - [2021-03-09 19:27:41,585] {dag.py:2266} INFO - Setting next_dagrun for example_bash_operator to 2021-03-07 00:00:00+00:00
[2021-03-09 19:27:41,599] {scheduler_job.py:189} INFO - Processing /home/airflow/venv/lib/python3.8/site-packages/airflow/example_dags/example_bash_operator.py took 0.052 seconds
[2021-03-09 19:28:06,929] {scheduler_job.py:181} INFO - Started process (PID=3290) to work on /home/airflow/venv/lib/python3.8/site-packages/airflow/example_dags/example_bash_operator.py
[2021-03-09 19:28:06,930] {scheduler_job.py:629} INFO - Processing file /home/airflow/venv/lib/python3.8/site-packages/airflow/example_dags/example_bash_operator.py for tasks to queue
[2021-03-09 19:28:06,930] {logging_mixin.py:103} INFO - [2021-03-09 19:28:06,930] {dagbag.py:440} INFO - Filling up the DagBag from /home/airflow/venv/lib/python3.8/site-packages/airflow/example_dags/example_bash_operator.py
[2021-03-09 19:28:06,940] {scheduler_job.py:639} INFO - DAG(s) dict_keys(['example_bash_operator']) retrieved from /home/airflow/venv/lib/python3.8/site-packages/airflow/example_dags/example_bash_operator.py
[2021-03-09 19:28:06,941] {logging_mixin.py:103} INFO - [2021-03-09 19:28:06,940] {dag.py:1813} INFO - Sync 1 DAGs
[2021-03-09 19:28:06,972] {logging_mixin.py:103} INFO - [2021-03-09 19:28:06,972] {dag.py:2266} INFO - Setting next_dagrun for example_bash_operator to 2021-03-07 00:00:00+00:00
[2021-03-09 19:28:06,983] {scheduler_job.py:189} INFO - Processing /home/airflow/venv/lib/python3.8/site-packages/airflow/example_dags/example_bash_operator.py took 0.056 seconds
[2021-03-09 19:28:32,186] {scheduler_job.py:181} INFO - Started process (PID=3357) to work on /home/airflow/venv/lib/python3.8/site-packages/airflow/example_dags/example_bash_operator.py
[2021-03-09 19:28:32,187] {scheduler_job.py:629} INFO - Processing file /home/airflow/venv/lib/python3.8/site-packages/airflow/example_dags/example_bash_operator.py for tasks to queue
[2021-03-09 19:28:32,187] {logging_mixin.py:103} INFO - [2021-03-09 19:28:32,187] {dagbag.py:440} INFO - Filling up the DagBag from /home/airflow/venv/lib/python3.8/site-packages/airflow/example_dags/example_bash_operator.py
[2021-03-09 19:28:32,197] {scheduler_job.py:639} INFO - DAG(s) dict_keys(['example_bash_operator']) retrieved from /home/airflow/venv/lib/python3.8/site-packages/airflow/example_dags/example_bash_operator.py
[2021-03-09 19:28:32,198] {logging_mixin.py:103} INFO - [2021-03-09 19:28:32,198] {dag.py:1813} INFO - Sync 1 DAGs
[2021-03-09 19:28:32,223] {logging_mixin.py:103} INFO - [2021-03-09 19:28:32,223] {dag.py:2266} INFO - Setting next_dagrun for example_bash_operator to 2021-03-07 00:00:00+00:00
[2021-03-09 19:28:32,234] {scheduler_job.py:189} INFO - Processing /home/airflow/venv/lib/python3.8/site-packages/airflow/example_dags/example_bash_operator.py took 0.054 seconds
[2021-03-09 19:28:57,446] {scheduler_job.py:181} INFO - Started process (PID=3421) to work on /home/airflow/venv/lib/python3.8/site-packages/airflow/example_dags/example_bash_operator.py
[2021-03-09 19:28:57,446] {scheduler_job.py:629} INFO - Processing file /home/airflow/venv/lib/python3.8/site-packages/airflow/example_dags/example_bash_operator.py for tasks to queue
[2021-03-09 19:28:57,447] {logging_mixin.py:103} INFO - [2021-03-09 19:28:57,447] {dagbag.py:440} INFO - Filling up the DagBag from /home/airflow/venv/lib/python3.8/site-packages/airflow/example_dags/example_bash_operator.py
[2021-03-09 19:28:57,466] {scheduler_job.py:639} INFO - DAG(s) dict_keys(['example_bash_operator']) retrieved from /home/airflow/venv/lib/python3.8/site-packages/airflow/example_dags/example_bash_operator.py
[2021-03-09 19:28:57,466] {logging_mixin.py:103} INFO - [2021-03-09 19:28:57,466] {dag.py:1813} INFO - Sync 1 DAGs
[2021-03-09 19:28:57,501] {logging_mixin.py:103} INFO - [2021-03-09 19:28:57,501] {dag.py:2266} INFO - Setting next_dagrun for example_bash_operator to 2021-03-07 00:00:00+00:00
[2021-03-09 19:28:57,511] {scheduler_job.py:189} INFO - Processing /home/airflow/venv/lib/python3.8/site-packages/airflow/example_dags/example_bash_operator.py took 0.067 seconds
[2021-03-09 19:29:23,782] {scheduler_job.py:181} INFO - Started process (PID=3515) to work on /home/airflow/venv/lib/python3.8/site-packages/airflow/example_dags/example_bash_operator.py
[2021-03-09 19:29:23,782] {scheduler_job.py:629} INFO - Processing file /home/airflow/venv/lib/python3.8/site-packages/airflow/example_dags/example_bash_operator.py for tasks to queue
[2021-03-09 19:29:23,783] {logging_mixin.py:103} INFO - [2021-03-09 19:29:23,783] {dagbag.py:440} INFO - Filling up the DagBag from /home/airflow/venv/lib/python3.8/site-packages/airflow/example_dags/example_bash_operator.py
[2021-03-09 19:29:23,798] {scheduler_job.py:639} INFO - DAG(s) dict_keys(['example_bash_operator']) retrieved from /home/airflow/venv/lib/python3.8/site-packages/airflow/example_dags/example_bash_operator.py
[2021-03-09 19:29:23,799] {logging_mixin.py:103} INFO - [2021-03-09 19:29:23,799] {dag.py:1813} INFO - Sync 1 DAGs
[2021-03-09 19:29:23,817] {logging_mixin.py:103} INFO - [2021-03-09 19:29:23,816] {dag.py:2266} INFO - Setting next_dagrun for example_bash_operator to 2021-03-07 00:00:00+00:00
[2021-03-09 19:29:23,830] {scheduler_job.py:189} INFO - Processing /home/airflow/venv/lib/python3.8/site-packages/airflow/example_dags/example_bash_operator.py took 0.054 seconds
[2021-03-09 19:29:50,110] {scheduler_job.py:181} INFO - Started process (PID=3586) to work on /home/airflow/venv/lib/python3.8/site-packages/airflow/example_dags/example_bash_operator.py
[2021-03-09 19:29:50,110] {scheduler_job.py:629} INFO - Processing file /home/airflow/venv/lib/python3.8/site-packages/airflow/example_dags/example_bash_operator.py for tasks to queue
[2021-03-09 19:29:50,111] {logging_mixin.py:103} INFO - [2021-03-09 19:29:50,111] {dagbag.py:440} INFO - Filling up the DagBag from /home/airflow/venv/lib/python3.8/site-packages/airflow/example_dags/example_bash_operator.py
[2021-03-09 19:29:50,127] {scheduler_job.py:639} INFO - DAG(s) dict_keys(['example_bash_operator']) retrieved from /home/airflow/venv/lib/python3.8/site-packages/airflow/example_dags/example_bash_operator.py
[2021-03-09 19:29:50,128] {logging_mixin.py:103} INFO - [2021-03-09 19:29:50,128] {dag.py:1813} INFO - Sync 1 DAGs
[2021-03-09 19:29:50,164] {logging_mixin.py:103} INFO - [2021-03-09 19:29:50,164] {dag.py:2266} INFO - Setting next_dagrun for example_bash_operator to 2021-03-07 00:00:00+00:00
[2021-03-09 19:29:50,190] {scheduler_job.py:189} INFO - Processing /home/airflow/venv/lib/python3.8/site-packages/airflow/example_dags/example_bash_operator.py took 0.086 seconds
[2021-03-09 19:30:15,362] {scheduler_job.py:181} INFO - Started process (PID=3671) to work on /home/airflow/venv/lib/python3.8/site-packages/airflow/example_dags/example_bash_operator.py
[2021-03-09 19:30:15,363] {scheduler_job.py:629} INFO - Processing file /home/airflow/venv/lib/python3.8/site-packages/airflow/example_dags/example_bash_operator.py for tasks to queue
[2021-03-09 19:30:15,363] {logging_mixin.py:103} INFO - [2021-03-09 19:30:15,363] {dagbag.py:440} INFO - Filling up the DagBag from /home/airflow/venv/lib/python3.8/site-packages/airflow/example_dags/example_bash_operator.py
[2021-03-09 19:30:15,370] {scheduler_job.py:639} INFO - DAG(s) dict_keys(['example_bash_operator']) retrieved from /home/airflow/venv/lib/python3.8/site-packages/airflow/example_dags/example_bash_operator.py
[2021-03-09 19:30:15,370] {logging_mixin.py:103} INFO - [2021-03-09 19:30:15,370] {dag.py:1813} INFO - Sync 1 DAGs
[2021-03-09 19:30:15,386] {logging_mixin.py:103} INFO - [2021-03-09 19:30:15,386] {dag.py:2266} INFO - Setting next_dagrun for example_bash_operator to 2021-03-07 00:00:00+00:00
[2021-03-09 19:30:15,396] {scheduler_job.py:189} INFO - Processing /home/airflow/venv/lib/python3.8/site-packages/airflow/example_dags/example_bash_operator.py took 0.039 seconds
[2021-03-09 19:30:40,658] {scheduler_job.py:181} INFO - Started process (PID=3738) to work on /home/airflow/venv/lib/python3.8/site-packages/airflow/example_dags/example_bash_operator.py
[2021-03-09 19:30:40,659] {scheduler_job.py:629} INFO - Processing file /home/airflow/venv/lib/python3.8/site-packages/airflow/example_dags/example_bash_operator.py for tasks to queue
[2021-03-09 19:30:40,659] {logging_mixin.py:103} INFO - [2021-03-09 19:30:40,659] {dagbag.py:440} INFO - Filling up the DagBag from /home/airflow/venv/lib/python3.8/site-packages/airflow/example_dags/example_bash_operator.py
[2021-03-09 19:30:40,666] {scheduler_job.py:639} INFO - DAG(s) dict_keys(['example_bash_operator']) retrieved from /home/airflow/venv/lib/python3.8/site-packages/airflow/example_dags/example_bash_operator.py
[2021-03-09 19:30:40,667] {logging_mixin.py:103} INFO - [2021-03-09 19:30:40,667] {dag.py:1813} INFO - Sync 1 DAGs
[2021-03-09 19:30:40,683] {logging_mixin.py:103} INFO - [2021-03-09 19:30:40,683] {dag.py:2266} INFO - Setting next_dagrun for example_bash_operator to 2021-03-07 00:00:00+00:00
[2021-03-09 19:30:40,695] {scheduler_job.py:189} INFO - Processing /home/airflow/venv/lib/python3.8/site-packages/airflow/example_dags/example_bash_operator.py took 0.044 seconds
[2021-03-09 19:31:06,944] {scheduler_job.py:181} INFO - Started process (PID=3805) to work on /home/airflow/venv/lib/python3.8/site-packages/airflow/example_dags/example_bash_operator.py
[2021-03-09 19:31:06,945] {scheduler_job.py:629} INFO - Processing file /home/airflow/venv/lib/python3.8/site-packages/airflow/example_dags/example_bash_operator.py for tasks to queue
[2021-03-09 19:31:06,945] {logging_mixin.py:103} INFO - [2021-03-09 19:31:06,945] {dagbag.py:440} INFO - Filling up the DagBag from /home/airflow/venv/lib/python3.8/site-packages/airflow/example_dags/example_bash_operator.py
[2021-03-09 19:31:06,953] {scheduler_job.py:639} INFO - DAG(s) dict_keys(['example_bash_operator']) retrieved from /home/airflow/venv/lib/python3.8/site-packages/airflow/example_dags/example_bash_operator.py
[2021-03-09 19:31:06,954] {logging_mixin.py:103} INFO - [2021-03-09 19:31:06,954] {dag.py:1813} INFO - Sync 1 DAGs
[2021-03-09 19:31:06,969] {logging_mixin.py:103} INFO - [2021-03-09 19:31:06,969] {dag.py:2266} INFO - Setting next_dagrun for example_bash_operator to 2021-03-07 00:00:00+00:00
[2021-03-09 19:31:06,979] {scheduler_job.py:189} INFO - Processing /home/airflow/venv/lib/python3.8/site-packages/airflow/example_dags/example_bash_operator.py took 0.043 seconds
[2021-03-09 19:31:32,204] {scheduler_job.py:181} INFO - Started process (PID=3869) to work on /home/airflow/venv/lib/python3.8/site-packages/airflow/example_dags/example_bash_operator.py
[2021-03-09 19:31:32,210] {scheduler_job.py:629} INFO - Processing file /home/airflow/venv/lib/python3.8/site-packages/airflow/example_dags/example_bash_operator.py for tasks to queue
[2021-03-09 19:31:32,210] {logging_mixin.py:103} INFO - [2021-03-09 19:31:32,210] {dagbag.py:440} INFO - Filling up the DagBag from /home/airflow/venv/lib/python3.8/site-packages/airflow/example_dags/example_bash_operator.py
[2021-03-09 19:31:32,217] {scheduler_job.py:639} INFO - DAG(s) dict_keys(['example_bash_operator']) retrieved from /home/airflow/venv/lib/python3.8/site-packages/airflow/example_dags/example_bash_operator.py
[2021-03-09 19:31:32,218] {logging_mixin.py:103} INFO - [2021-03-09 19:31:32,218] {dag.py:1813} INFO - Sync 1 DAGs
[2021-03-09 19:31:32,234] {logging_mixin.py:103} INFO - [2021-03-09 19:31:32,234] {dag.py:2266} INFO - Setting next_dagrun for example_bash_operator to 2021-03-07 00:00:00+00:00
[2021-03-09 19:31:32,244] {scheduler_job.py:189} INFO - Processing /home/airflow/venv/lib/python3.8/site-packages/airflow/example_dags/example_bash_operator.py took 0.042 seconds
[2021-03-09 19:31:58,503] {scheduler_job.py:181} INFO - Started process (PID=3936) to work on /home/airflow/venv/lib/python3.8/site-packages/airflow/example_dags/example_bash_operator.py
[2021-03-09 19:31:58,504] {scheduler_job.py:629} INFO - Processing file /home/airflow/venv/lib/python3.8/site-packages/airflow/example_dags/example_bash_operator.py for tasks to queue
[2021-03-09 19:31:58,504] {logging_mixin.py:103} INFO - [2021-03-09 19:31:58,504] {dagbag.py:440} INFO - Filling up the DagBag from /home/airflow/venv/lib/python3.8/site-packages/airflow/example_dags/example_bash_operator.py
[2021-03-09 19:31:58,523] {scheduler_job.py:639} INFO - DAG(s) dict_keys(['example_bash_operator']) retrieved from /home/airflow/venv/lib/python3.8/site-packages/airflow/example_dags/example_bash_operator.py
[2021-03-09 19:31:58,524] {logging_mixin.py:103} INFO - [2021-03-09 19:31:58,524] {dag.py:1813} INFO - Sync 1 DAGs
[2021-03-09 19:31:58,564] {logging_mixin.py:103} INFO - [2021-03-09 19:31:58,564] {dag.py:2266} INFO - Setting next_dagrun for example_bash_operator to 2021-03-07 00:00:00+00:00
[2021-03-09 19:31:58,585] {scheduler_job.py:189} INFO - Processing /home/airflow/venv/lib/python3.8/site-packages/airflow/example_dags/example_bash_operator.py took 0.084 seconds
[2021-03-09 19:57:10,007] {scheduler_job.py:181} INFO - Started process (PID=3999) to work on /home/airflow/venv/lib/python3.8/site-packages/airflow/example_dags/example_bash_operator.py
[2021-03-09 19:57:10,008] {scheduler_job.py:629} INFO - Processing file /home/airflow/venv/lib/python3.8/site-packages/airflow/example_dags/example_bash_operator.py for tasks to queue
[2021-03-09 19:57:10,008] {logging_mixin.py:103} INFO - [2021-03-09 19:57:10,008] {dagbag.py:440} INFO - Filling up the DagBag from /home/airflow/venv/lib/python3.8/site-packages/airflow/example_dags/example_bash_operator.py
[2021-03-09 19:57:10,073] {scheduler_job.py:639} INFO - DAG(s) dict_keys(['example_bash_operator']) retrieved from /home/airflow/venv/lib/python3.8/site-packages/airflow/example_dags/example_bash_operator.py
[2021-03-09 19:57:10,074] {logging_mixin.py:103} INFO - [2021-03-09 19:57:10,073] {dag.py:1813} INFO - Sync 1 DAGs
[2021-03-09 19:57:10,185] {logging_mixin.py:103} INFO - [2021-03-09 19:57:10,185] {dag.py:2266} INFO - Setting next_dagrun for example_bash_operator to 2021-03-07 00:00:00+00:00
[2021-03-09 19:57:10,232] {scheduler_job.py:189} INFO - Processing /home/airflow/venv/lib/python3.8/site-packages/airflow/example_dags/example_bash_operator.py took 0.227 seconds
[2021-03-09 19:57:35,727] {scheduler_job.py:181} INFO - Started process (PID=4029) to work on /home/airflow/venv/lib/python3.8/site-packages/airflow/example_dags/example_bash_operator.py
[2021-03-09 19:57:35,728] {scheduler_job.py:629} INFO - Processing file /home/airflow/venv/lib/python3.8/site-packages/airflow/example_dags/example_bash_operator.py for tasks to queue
[2021-03-09 19:57:35,729] {logging_mixin.py:103} INFO - [2021-03-09 19:57:35,729] {dagbag.py:440} INFO - Filling up the DagBag from /home/airflow/venv/lib/python3.8/site-packages/airflow/example_dags/example_bash_operator.py
[2021-03-09 19:57:35,747] {scheduler_job.py:639} INFO - DAG(s) dict_keys(['example_bash_operator']) retrieved from /home/airflow/venv/lib/python3.8/site-packages/airflow/example_dags/example_bash_operator.py
[2021-03-09 19:57:35,751] {logging_mixin.py:103} INFO - [2021-03-09 19:57:35,751] {dag.py:1813} INFO - Sync 1 DAGs
[2021-03-09 19:57:35,770] {logging_mixin.py:103} INFO - [2021-03-09 19:57:35,770] {dag.py:2266} INFO - Setting next_dagrun for example_bash_operator to 2021-03-07 00:00:00+00:00
[2021-03-09 19:57:35,782] {scheduler_job.py:189} INFO - Processing /home/airflow/venv/lib/python3.8/site-packages/airflow/example_dags/example_bash_operator.py took 0.061 seconds
[2021-03-09 19:58:01,020] {scheduler_job.py:181} INFO - Started process (PID=4272) to work on /home/airflow/venv/lib/python3.8/site-packages/airflow/example_dags/example_bash_operator.py
[2021-03-09 19:58:01,021] {scheduler_job.py:629} INFO - Processing file /home/airflow/venv/lib/python3.8/site-packages/airflow/example_dags/example_bash_operator.py for tasks to queue
[2021-03-09 19:58:01,021] {logging_mixin.py:103} INFO - [2021-03-09 19:58:01,021] {dagbag.py:440} INFO - Filling up the DagBag from /home/airflow/venv/lib/python3.8/site-packages/airflow/example_dags/example_bash_operator.py
[2021-03-09 19:58:01,063] {scheduler_job.py:639} INFO - DAG(s) dict_keys(['example_bash_operator']) retrieved from /home/airflow/venv/lib/python3.8/site-packages/airflow/example_dags/example_bash_operator.py
[2021-03-09 19:58:01,064] {logging_mixin.py:103} INFO - [2021-03-09 19:58:01,064] {dag.py:1813} INFO - Sync 1 DAGs
[2021-03-09 19:58:01,124] {logging_mixin.py:103} INFO - [2021-03-09 19:58:01,124] {dag.py:2266} INFO - Setting next_dagrun for example_bash_operator to 2021-03-07 00:00:00+00:00
[2021-03-09 19:58:01,157] {scheduler_job.py:189} INFO - Processing /home/airflow/venv/lib/python3.8/site-packages/airflow/example_dags/example_bash_operator.py took 0.168 seconds
[2021-03-09 19:58:27,786] {scheduler_job.py:181} INFO - Started process (PID=4367) to work on /home/airflow/venv/lib/python3.8/site-packages/airflow/example_dags/example_bash_operator.py
[2021-03-09 19:58:27,792] {scheduler_job.py:629} INFO - Processing file /home/airflow/venv/lib/python3.8/site-packages/airflow/example_dags/example_bash_operator.py for tasks to queue
[2021-03-09 19:58:27,792] {logging_mixin.py:103} INFO - [2021-03-09 19:58:27,792] {dagbag.py:440} INFO - Filling up the DagBag from /home/airflow/venv/lib/python3.8/site-packages/airflow/example_dags/example_bash_operator.py
[2021-03-09 19:58:27,816] {scheduler_job.py:639} INFO - DAG(s) dict_keys(['example_bash_operator']) retrieved from /home/airflow/venv/lib/python3.8/site-packages/airflow/example_dags/example_bash_operator.py
[2021-03-09 19:58:27,817] {logging_mixin.py:103} INFO - [2021-03-09 19:58:27,817] {dag.py:1813} INFO - Sync 1 DAGs
[2021-03-09 19:58:27,848] {logging_mixin.py:103} INFO - [2021-03-09 19:58:27,848] {dag.py:2266} INFO - Setting next_dagrun for example_bash_operator to 2021-03-07 00:00:00+00:00
[2021-03-09 19:58:27,862] {scheduler_job.py:189} INFO - Processing /home/airflow/venv/lib/python3.8/site-packages/airflow/example_dags/example_bash_operator.py took 0.084 seconds
[2021-03-09 19:58:54,084] {scheduler_job.py:181} INFO - Started process (PID=4397) to work on /home/airflow/venv/lib/python3.8/site-packages/airflow/example_dags/example_bash_operator.py
[2021-03-09 19:58:54,085] {scheduler_job.py:629} INFO - Processing file /home/airflow/venv/lib/python3.8/site-packages/airflow/example_dags/example_bash_operator.py for tasks to queue
[2021-03-09 19:58:54,086] {logging_mixin.py:103} INFO - [2021-03-09 19:58:54,086] {dagbag.py:440} INFO - Filling up the DagBag from /home/airflow/venv/lib/python3.8/site-packages/airflow/example_dags/example_bash_operator.py
[2021-03-09 19:58:54,096] {scheduler_job.py:639} INFO - DAG(s) dict_keys(['example_bash_operator']) retrieved from /home/airflow/venv/lib/python3.8/site-packages/airflow/example_dags/example_bash_operator.py
[2021-03-09 19:58:54,097] {logging_mixin.py:103} INFO - [2021-03-09 19:58:54,097] {dag.py:1813} INFO - Sync 1 DAGs
[2021-03-09 19:58:54,115] {logging_mixin.py:103} INFO - [2021-03-09 19:58:54,115] {dag.py:2266} INFO - Setting next_dagrun for example_bash_operator to 2021-03-07 00:00:00+00:00
[2021-03-09 19:58:54,127] {scheduler_job.py:189} INFO - Processing /home/airflow/venv/lib/python3.8/site-packages/airflow/example_dags/example_bash_operator.py took 0.052 seconds
[2021-03-09 19:59:19,361] {scheduler_job.py:181} INFO - Started process (PID=4429) to work on /home/airflow/venv/lib/python3.8/site-packages/airflow/example_dags/example_bash_operator.py
[2021-03-09 19:59:19,362] {scheduler_job.py:629} INFO - Processing file /home/airflow/venv/lib/python3.8/site-packages/airflow/example_dags/example_bash_operator.py for tasks to queue
[2021-03-09 19:59:19,362] {logging_mixin.py:103} INFO - [2021-03-09 19:59:19,362] {dagbag.py:440} INFO - Filling up the DagBag from /home/airflow/venv/lib/python3.8/site-packages/airflow/example_dags/example_bash_operator.py
[2021-03-09 19:59:19,383] {scheduler_job.py:639} INFO - DAG(s) dict_keys(['example_bash_operator']) retrieved from /home/airflow/venv/lib/python3.8/site-packages/airflow/example_dags/example_bash_operator.py
[2021-03-09 19:59:19,383] {logging_mixin.py:103} INFO - [2021-03-09 19:59:19,383] {dag.py:1813} INFO - Sync 1 DAGs
[2021-03-09 19:59:19,423] {logging_mixin.py:103} INFO - [2021-03-09 19:59:19,423] {dag.py:2266} INFO - Setting next_dagrun for example_bash_operator to 2021-03-07 00:00:00+00:00
[2021-03-09 19:59:19,442] {scheduler_job.py:189} INFO - Processing /home/airflow/venv/lib/python3.8/site-packages/airflow/example_dags/example_bash_operator.py took 0.088 seconds
[2021-03-09 19:59:46,735] {scheduler_job.py:181} INFO - Started process (PID=4460) to work on /home/airflow/venv/lib/python3.8/site-packages/airflow/example_dags/example_bash_operator.py
[2021-03-09 19:59:46,736] {scheduler_job.py:629} INFO - Processing file /home/airflow/venv/lib/python3.8/site-packages/airflow/example_dags/example_bash_operator.py for tasks to queue
[2021-03-09 19:59:46,737] {logging_mixin.py:103} INFO - [2021-03-09 19:59:46,736] {dagbag.py:440} INFO - Filling up the DagBag from /home/airflow/venv/lib/python3.8/site-packages/airflow/example_dags/example_bash_operator.py
[2021-03-09 19:59:46,747] {scheduler_job.py:639} INFO - DAG(s) dict_keys(['example_bash_operator']) retrieved from /home/airflow/venv/lib/python3.8/site-packages/airflow/example_dags/example_bash_operator.py
[2021-03-09 19:59:46,748] {logging_mixin.py:103} INFO - [2021-03-09 19:59:46,748] {dag.py:1813} INFO - Sync 1 DAGs
[2021-03-09 19:59:46,766] {logging_mixin.py:103} INFO - [2021-03-09 19:59:46,766] {dag.py:2266} INFO - Setting next_dagrun for example_bash_operator to 2021-03-07 00:00:00+00:00
[2021-03-09 19:59:46,776] {scheduler_job.py:189} INFO - Processing /home/airflow/venv/lib/python3.8/site-packages/airflow/example_dags/example_bash_operator.py took 0.047 seconds
[2021-03-09 20:00:12,645] {scheduler_job.py:181} INFO - Started process (PID=4493) to work on /home/airflow/venv/lib/python3.8/site-packages/airflow/example_dags/example_bash_operator.py
[2021-03-09 20:00:12,652] {scheduler_job.py:629} INFO - Processing file /home/airflow/venv/lib/python3.8/site-packages/airflow/example_dags/example_bash_operator.py for tasks to queue
[2021-03-09 20:00:12,653] {logging_mixin.py:103} INFO - [2021-03-09 20:00:12,653] {dagbag.py:440} INFO - Filling up the DagBag from /home/airflow/venv/lib/python3.8/site-packages/airflow/example_dags/example_bash_operator.py
[2021-03-09 20:00:12,664] {scheduler_job.py:639} INFO - DAG(s) dict_keys(['example_bash_operator']) retrieved from /home/airflow/venv/lib/python3.8/site-packages/airflow/example_dags/example_bash_operator.py
[2021-03-09 20:00:12,665] {logging_mixin.py:103} INFO - [2021-03-09 20:00:12,665] {dag.py:1813} INFO - Sync 1 DAGs
[2021-03-09 20:00:12,683] {logging_mixin.py:103} INFO - [2021-03-09 20:00:12,683] {dag.py:2266} INFO - Setting next_dagrun for example_bash_operator to 2021-03-07 00:00:00+00:00
[2021-03-09 20:00:12,694] {scheduler_job.py:189} INFO - Processing /home/airflow/venv/lib/python3.8/site-packages/airflow/example_dags/example_bash_operator.py took 0.052 seconds
[2021-03-09 20:00:38,065] {scheduler_job.py:181} INFO - Started process (PID=4528) to work on /home/airflow/venv/lib/python3.8/site-packages/airflow/example_dags/example_bash_operator.py
[2021-03-09 20:00:38,066] {scheduler_job.py:629} INFO - Processing file /home/airflow/venv/lib/python3.8/site-packages/airflow/example_dags/example_bash_operator.py for tasks to queue
[2021-03-09 20:00:38,067] {logging_mixin.py:103} INFO - [2021-03-09 20:00:38,066] {dagbag.py:440} INFO - Filling up the DagBag from /home/airflow/venv/lib/python3.8/site-packages/airflow/example_dags/example_bash_operator.py
[2021-03-09 20:00:38,078] {scheduler_job.py:639} INFO - DAG(s) dict_keys(['example_bash_operator']) retrieved from /home/airflow/venv/lib/python3.8/site-packages/airflow/example_dags/example_bash_operator.py
[2021-03-09 20:00:38,078] {logging_mixin.py:103} INFO - [2021-03-09 20:00:38,078] {dag.py:1813} INFO - Sync 1 DAGs
[2021-03-09 20:00:38,107] {logging_mixin.py:103} INFO - [2021-03-09 20:00:38,107] {dag.py:2266} INFO - Setting next_dagrun for example_bash_operator to 2021-03-07 00:00:00+00:00
[2021-03-09 20:00:38,118] {scheduler_job.py:189} INFO - Processing /home/airflow/venv/lib/python3.8/site-packages/airflow/example_dags/example_bash_operator.py took 0.059 seconds
[2021-03-09 20:01:03,251] {scheduler_job.py:181} INFO - Started process (PID=4563) to work on /home/airflow/venv/lib/python3.8/site-packages/airflow/example_dags/example_bash_operator.py
[2021-03-09 20:01:03,252] {scheduler_job.py:629} INFO - Processing file /home/airflow/venv/lib/python3.8/site-packages/airflow/example_dags/example_bash_operator.py for tasks to queue
[2021-03-09 20:01:03,252] {logging_mixin.py:103} INFO - [2021-03-09 20:01:03,252] {dagbag.py:440} INFO - Filling up the DagBag from /home/airflow/venv/lib/python3.8/site-packages/airflow/example_dags/example_bash_operator.py
[2021-03-09 20:01:03,265] {scheduler_job.py:639} INFO - DAG(s) dict_keys(['example_bash_operator']) retrieved from /home/airflow/venv/lib/python3.8/site-packages/airflow/example_dags/example_bash_operator.py
[2021-03-09 20:01:03,266] {logging_mixin.py:103} INFO - [2021-03-09 20:01:03,266] {dag.py:1813} INFO - Sync 1 DAGs
[2021-03-09 20:01:03,283] {logging_mixin.py:103} INFO - [2021-03-09 20:01:03,282] {dag.py:2266} INFO - Setting next_dagrun for example_bash_operator to 2021-03-07 00:00:00+00:00
[2021-03-09 20:01:03,296] {scheduler_job.py:189} INFO - Processing /home/airflow/venv/lib/python3.8/site-packages/airflow/example_dags/example_bash_operator.py took 0.047 seconds
[2021-03-09 20:01:27,856] {scheduler_job.py:181} INFO - Started process (PID=4597) to work on /home/airflow/venv/lib/python3.8/site-packages/airflow/example_dags/example_bash_operator.py
[2021-03-09 20:01:27,857] {scheduler_job.py:629} INFO - Processing file /home/airflow/venv/lib/python3.8/site-packages/airflow/example_dags/example_bash_operator.py for tasks to queue
[2021-03-09 20:01:27,857] {logging_mixin.py:103} INFO - [2021-03-09 20:01:27,857] {dagbag.py:440} INFO - Filling up the DagBag from /home/airflow/venv/lib/python3.8/site-packages/airflow/example_dags/example_bash_operator.py
[2021-03-09 20:01:27,867] {scheduler_job.py:639} INFO - DAG(s) dict_keys(['example_bash_operator']) retrieved from /home/airflow/venv/lib/python3.8/site-packages/airflow/example_dags/example_bash_operator.py
[2021-03-09 20:01:27,868] {logging_mixin.py:103} INFO - [2021-03-09 20:01:27,867] {dag.py:1813} INFO - Sync 1 DAGs
[2021-03-09 20:01:27,885] {logging_mixin.py:103} INFO - [2021-03-09 20:01:27,885] {dag.py:2266} INFO - Setting next_dagrun for example_bash_operator to 2021-03-07 00:00:00+00:00
[2021-03-09 20:01:27,898] {scheduler_job.py:189} INFO - Processing /home/airflow/venv/lib/python3.8/site-packages/airflow/example_dags/example_bash_operator.py took 0.051 seconds
[2021-03-09 20:01:54,797] {scheduler_job.py:181} INFO - Started process (PID=4634) to work on /home/airflow/venv/lib/python3.8/site-packages/airflow/example_dags/example_bash_operator.py
[2021-03-09 20:01:54,798] {scheduler_job.py:629} INFO - Processing file /home/airflow/venv/lib/python3.8/site-packages/airflow/example_dags/example_bash_operator.py for tasks to queue
[2021-03-09 20:01:54,798] {logging_mixin.py:103} INFO - [2021-03-09 20:01:54,798] {dagbag.py:440} INFO - Filling up the DagBag from /home/airflow/venv/lib/python3.8/site-packages/airflow/example_dags/example_bash_operator.py
[2021-03-09 20:01:54,810] {scheduler_job.py:639} INFO - DAG(s) dict_keys(['example_bash_operator']) retrieved from /home/airflow/venv/lib/python3.8/site-packages/airflow/example_dags/example_bash_operator.py
[2021-03-09 20:01:54,811] {logging_mixin.py:103} INFO - [2021-03-09 20:01:54,811] {dag.py:1813} INFO - Sync 1 DAGs
[2021-03-09 20:01:54,834] {logging_mixin.py:103} INFO - [2021-03-09 20:01:54,834] {dag.py:2266} INFO - Setting next_dagrun for example_bash_operator to 2021-03-07 00:00:00+00:00
[2021-03-09 20:01:54,845] {scheduler_job.py:189} INFO - Processing /home/airflow/venv/lib/python3.8/site-packages/airflow/example_dags/example_bash_operator.py took 0.054 seconds
[2021-03-09 20:02:21,285] {scheduler_job.py:181} INFO - Started process (PID=4671) to work on /home/airflow/venv/lib/python3.8/site-packages/airflow/example_dags/example_bash_operator.py
[2021-03-09 20:02:21,285] {scheduler_job.py:629} INFO - Processing file /home/airflow/venv/lib/python3.8/site-packages/airflow/example_dags/example_bash_operator.py for tasks to queue
[2021-03-09 20:02:21,286] {logging_mixin.py:103} INFO - [2021-03-09 20:02:21,286] {dagbag.py:440} INFO - Filling up the DagBag from /home/airflow/venv/lib/python3.8/site-packages/airflow/example_dags/example_bash_operator.py
[2021-03-09 20:02:21,305] {scheduler_job.py:639} INFO - DAG(s) dict_keys(['example_bash_operator']) retrieved from /home/airflow/venv/lib/python3.8/site-packages/airflow/example_dags/example_bash_operator.py
[2021-03-09 20:02:21,306] {logging_mixin.py:103} INFO - [2021-03-09 20:02:21,306] {dag.py:1813} INFO - Sync 1 DAGs
[2021-03-09 20:02:21,346] {logging_mixin.py:103} INFO - [2021-03-09 20:02:21,346] {dag.py:2266} INFO - Setting next_dagrun for example_bash_operator to 2021-03-07 00:00:00+00:00
[2021-03-09 20:02:21,374] {scheduler_job.py:189} INFO - Processing /home/airflow/venv/lib/python3.8/site-packages/airflow/example_dags/example_bash_operator.py took 0.104 seconds
[2021-03-09 20:02:46,530] {scheduler_job.py:181} INFO - Started process (PID=4713) to work on /home/airflow/venv/lib/python3.8/site-packages/airflow/example_dags/example_bash_operator.py
[2021-03-09 20:02:46,531] {scheduler_job.py:629} INFO - Processing file /home/airflow/venv/lib/python3.8/site-packages/airflow/example_dags/example_bash_operator.py for tasks to queue
[2021-03-09 20:02:46,531] {logging_mixin.py:103} INFO - [2021-03-09 20:02:46,531] {dagbag.py:440} INFO - Filling up the DagBag from /home/airflow/venv/lib/python3.8/site-packages/airflow/example_dags/example_bash_operator.py
[2021-03-09 20:02:46,546] {scheduler_job.py:639} INFO - DAG(s) dict_keys(['example_bash_operator']) retrieved from /home/airflow/venv/lib/python3.8/site-packages/airflow/example_dags/example_bash_operator.py
[2021-03-09 20:02:46,546] {logging_mixin.py:103} INFO - [2021-03-09 20:02:46,546] {dag.py:1813} INFO - Sync 1 DAGs
[2021-03-09 20:02:46,566] {logging_mixin.py:103} INFO - [2021-03-09 20:02:46,566] {dag.py:2266} INFO - Setting next_dagrun for example_bash_operator to 2021-03-07 00:00:00+00:00
[2021-03-09 20:02:46,577] {scheduler_job.py:189} INFO - Processing /home/airflow/venv/lib/python3.8/site-packages/airflow/example_dags/example_bash_operator.py took 0.054 seconds
[2021-03-09 20:03:12,070] {scheduler_job.py:181} INFO - Started process (PID=4759) to work on /home/airflow/venv/lib/python3.8/site-packages/airflow/example_dags/example_bash_operator.py
[2021-03-09 20:03:12,070] {scheduler_job.py:629} INFO - Processing file /home/airflow/venv/lib/python3.8/site-packages/airflow/example_dags/example_bash_operator.py for tasks to queue
[2021-03-09 20:03:12,071] {logging_mixin.py:103} INFO - [2021-03-09 20:03:12,071] {dagbag.py:440} INFO - Filling up the DagBag from /home/airflow/venv/lib/python3.8/site-packages/airflow/example_dags/example_bash_operator.py
[2021-03-09 20:03:12,085] {scheduler_job.py:639} INFO - DAG(s) dict_keys(['example_bash_operator']) retrieved from /home/airflow/venv/lib/python3.8/site-packages/airflow/example_dags/example_bash_operator.py
[2021-03-09 20:03:12,086] {logging_mixin.py:103} INFO - [2021-03-09 20:03:12,085] {dag.py:1813} INFO - Sync 1 DAGs
[2021-03-09 20:03:12,105] {logging_mixin.py:103} INFO - [2021-03-09 20:03:12,105] {dag.py:2266} INFO - Setting next_dagrun for example_bash_operator to 2021-03-07 00:00:00+00:00
[2021-03-09 20:03:12,118] {scheduler_job.py:189} INFO - Processing /home/airflow/venv/lib/python3.8/site-packages/airflow/example_dags/example_bash_operator.py took 0.055 seconds
[2021-03-09 20:03:38,133] {scheduler_job.py:181} INFO - Started process (PID=4808) to work on /home/airflow/venv/lib/python3.8/site-packages/airflow/example_dags/example_bash_operator.py
[2021-03-09 20:03:38,133] {scheduler_job.py:629} INFO - Processing file /home/airflow/venv/lib/python3.8/site-packages/airflow/example_dags/example_bash_operator.py for tasks to queue
[2021-03-09 20:03:38,134] {logging_mixin.py:103} INFO - [2021-03-09 20:03:38,134] {dagbag.py:440} INFO - Filling up the DagBag from /home/airflow/venv/lib/python3.8/site-packages/airflow/example_dags/example_bash_operator.py
[2021-03-09 20:03:38,143] {scheduler_job.py:639} INFO - DAG(s) dict_keys(['example_bash_operator']) retrieved from /home/airflow/venv/lib/python3.8/site-packages/airflow/example_dags/example_bash_operator.py
[2021-03-09 20:03:38,143] {logging_mixin.py:103} INFO - [2021-03-09 20:03:38,143] {dag.py:1813} INFO - Sync 1 DAGs
[2021-03-09 20:03:38,166] {logging_mixin.py:103} INFO - [2021-03-09 20:03:38,166] {dag.py:2266} INFO - Setting next_dagrun for example_bash_operator to 2021-03-07 00:00:00+00:00
[2021-03-09 20:03:38,181] {scheduler_job.py:189} INFO - Processing /home/airflow/venv/lib/python3.8/site-packages/airflow/example_dags/example_bash_operator.py took 0.058 seconds
[2021-03-09 20:04:04,433] {scheduler_job.py:181} INFO - Started process (PID=4866) to work on /home/airflow/venv/lib/python3.8/site-packages/airflow/example_dags/example_bash_operator.py
[2021-03-09 20:04:04,434] {scheduler_job.py:629} INFO - Processing file /home/airflow/venv/lib/python3.8/site-packages/airflow/example_dags/example_bash_operator.py for tasks to queue
[2021-03-09 20:04:04,434] {logging_mixin.py:103} INFO - [2021-03-09 20:04:04,434] {dagbag.py:440} INFO - Filling up the DagBag from /home/airflow/venv/lib/python3.8/site-packages/airflow/example_dags/example_bash_operator.py
[2021-03-09 20:04:04,449] {scheduler_job.py:639} INFO - DAG(s) dict_keys(['example_bash_operator']) retrieved from /home/airflow/venv/lib/python3.8/site-packages/airflow/example_dags/example_bash_operator.py
[2021-03-09 20:04:04,449] {logging_mixin.py:103} INFO - [2021-03-09 20:04:04,449] {dag.py:1813} INFO - Sync 1 DAGs
[2021-03-09 20:04:04,474] {logging_mixin.py:103} INFO - [2021-03-09 20:04:04,474] {dag.py:2266} INFO - Setting next_dagrun for example_bash_operator to 2021-03-07 00:00:00+00:00
[2021-03-09 20:04:04,489] {scheduler_job.py:189} INFO - Processing /home/airflow/venv/lib/python3.8/site-packages/airflow/example_dags/example_bash_operator.py took 0.063 seconds
[2021-03-09 20:04:29,697] {scheduler_job.py:181} INFO - Started process (PID=4924) to work on /home/airflow/venv/lib/python3.8/site-packages/airflow/example_dags/example_bash_operator.py
[2021-03-09 20:04:29,698] {scheduler_job.py:629} INFO - Processing file /home/airflow/venv/lib/python3.8/site-packages/airflow/example_dags/example_bash_operator.py for tasks to queue
[2021-03-09 20:04:29,698] {logging_mixin.py:103} INFO - [2021-03-09 20:04:29,698] {dagbag.py:440} INFO - Filling up the DagBag from /home/airflow/venv/lib/python3.8/site-packages/airflow/example_dags/example_bash_operator.py
[2021-03-09 20:04:29,714] {scheduler_job.py:639} INFO - DAG(s) dict_keys(['example_bash_operator']) retrieved from /home/airflow/venv/lib/python3.8/site-packages/airflow/example_dags/example_bash_operator.py
[2021-03-09 20:04:29,715] {logging_mixin.py:103} INFO - [2021-03-09 20:04:29,715] {dag.py:1813} INFO - Sync 1 DAGs
[2021-03-09 20:04:29,733] {logging_mixin.py:103} INFO - [2021-03-09 20:04:29,733] {dag.py:2266} INFO - Setting next_dagrun for example_bash_operator to 2021-03-07 00:00:00+00:00
[2021-03-09 20:04:29,745] {scheduler_job.py:189} INFO - Processing /home/airflow/venv/lib/python3.8/site-packages/airflow/example_dags/example_bash_operator.py took 0.050 seconds
[2021-03-09 20:04:55,407] {scheduler_job.py:181} INFO - Started process (PID=5005) to work on /home/airflow/venv/lib/python3.8/site-packages/airflow/example_dags/example_bash_operator.py
[2021-03-09 20:04:55,416] {scheduler_job.py:629} INFO - Processing file /home/airflow/venv/lib/python3.8/site-packages/airflow/example_dags/example_bash_operator.py for tasks to queue
[2021-03-09 20:04:55,417] {logging_mixin.py:103} INFO - [2021-03-09 20:04:55,417] {dagbag.py:440} INFO - Filling up the DagBag from /home/airflow/venv/lib/python3.8/site-packages/airflow/example_dags/example_bash_operator.py
[2021-03-09 20:04:55,439] {scheduler_job.py:639} INFO - DAG(s) dict_keys(['example_bash_operator']) retrieved from /home/airflow/venv/lib/python3.8/site-packages/airflow/example_dags/example_bash_operator.py
[2021-03-09 20:04:55,440] {logging_mixin.py:103} INFO - [2021-03-09 20:04:55,440] {dag.py:1813} INFO - Sync 1 DAGs
[2021-03-09 20:04:55,491] {logging_mixin.py:103} INFO - [2021-03-09 20:04:55,490] {dag.py:2266} INFO - Setting next_dagrun for example_bash_operator to 2021-03-07 00:00:00+00:00
[2021-03-09 20:04:55,525] {scheduler_job.py:189} INFO - Processing /home/airflow/venv/lib/python3.8/site-packages/airflow/example_dags/example_bash_operator.py took 0.121 seconds
[2021-03-09 20:05:21,154] {scheduler_job.py:181} INFO - Started process (PID=5071) to work on /home/airflow/venv/lib/python3.8/site-packages/airflow/example_dags/example_bash_operator.py
[2021-03-09 20:05:21,157] {scheduler_job.py:629} INFO - Processing file /home/airflow/venv/lib/python3.8/site-packages/airflow/example_dags/example_bash_operator.py for tasks to queue
[2021-03-09 20:05:21,158] {logging_mixin.py:103} INFO - [2021-03-09 20:05:21,158] {dagbag.py:440} INFO - Filling up the DagBag from /home/airflow/venv/lib/python3.8/site-packages/airflow/example_dags/example_bash_operator.py
[2021-03-09 20:05:21,171] {scheduler_job.py:639} INFO - DAG(s) dict_keys(['example_bash_operator']) retrieved from /home/airflow/venv/lib/python3.8/site-packages/airflow/example_dags/example_bash_operator.py
[2021-03-09 20:05:21,171] {logging_mixin.py:103} INFO - [2021-03-09 20:05:21,171] {dag.py:1813} INFO - Sync 1 DAGs
[2021-03-09 20:05:21,203] {logging_mixin.py:103} INFO - [2021-03-09 20:05:21,203] {dag.py:2266} INFO - Setting next_dagrun for example_bash_operator to 2021-03-07 00:00:00+00:00
[2021-03-09 20:05:21,215] {scheduler_job.py:189} INFO - Processing /home/airflow/venv/lib/python3.8/site-packages/airflow/example_dags/example_bash_operator.py took 0.068 seconds
[2021-03-09 20:05:46,470] {scheduler_job.py:181} INFO - Started process (PID=5135) to work on /home/airflow/venv/lib/python3.8/site-packages/airflow/example_dags/example_bash_operator.py
[2021-03-09 20:05:46,471] {scheduler_job.py:629} INFO - Processing file /home/airflow/venv/lib/python3.8/site-packages/airflow/example_dags/example_bash_operator.py for tasks to queue
[2021-03-09 20:05:46,472] {logging_mixin.py:103} INFO - [2021-03-09 20:05:46,472] {dagbag.py:440} INFO - Filling up the DagBag from /home/airflow/venv/lib/python3.8/site-packages/airflow/example_dags/example_bash_operator.py
[2021-03-09 20:05:46,486] {scheduler_job.py:639} INFO - DAG(s) dict_keys(['example_bash_operator']) retrieved from /home/airflow/venv/lib/python3.8/site-packages/airflow/example_dags/example_bash_operator.py
[2021-03-09 20:05:46,492] {logging_mixin.py:103} INFO - [2021-03-09 20:05:46,492] {dag.py:1813} INFO - Sync 1 DAGs
[2021-03-09 20:05:46,515] {logging_mixin.py:103} INFO - [2021-03-09 20:05:46,514] {dag.py:2266} INFO - Setting next_dagrun for example_bash_operator to 2021-03-07 00:00:00+00:00
[2021-03-09 20:05:46,529] {scheduler_job.py:189} INFO - Processing /home/airflow/venv/lib/python3.8/site-packages/airflow/example_dags/example_bash_operator.py took 0.061 seconds
[2021-03-09 20:06:12,816] {scheduler_job.py:181} INFO - Started process (PID=5204) to work on /home/airflow/venv/lib/python3.8/site-packages/airflow/example_dags/example_bash_operator.py
[2021-03-09 20:06:12,817] {scheduler_job.py:629} INFO - Processing file /home/airflow/venv/lib/python3.8/site-packages/airflow/example_dags/example_bash_operator.py for tasks to queue
[2021-03-09 20:06:12,817] {logging_mixin.py:103} INFO - [2021-03-09 20:06:12,817] {dagbag.py:440} INFO - Filling up the DagBag from /home/airflow/venv/lib/python3.8/site-packages/airflow/example_dags/example_bash_operator.py
[2021-03-09 20:06:12,827] {scheduler_job.py:639} INFO - DAG(s) dict_keys(['example_bash_operator']) retrieved from /home/airflow/venv/lib/python3.8/site-packages/airflow/example_dags/example_bash_operator.py
[2021-03-09 20:06:12,828] {logging_mixin.py:103} INFO - [2021-03-09 20:06:12,828] {dag.py:1813} INFO - Sync 1 DAGs
[2021-03-09 20:06:12,848] {logging_mixin.py:103} INFO - [2021-03-09 20:06:12,848] {dag.py:2266} INFO - Setting next_dagrun for example_bash_operator to 2021-03-07 00:00:00+00:00
[2021-03-09 20:06:12,862] {scheduler_job.py:189} INFO - Processing /home/airflow/venv/lib/python3.8/site-packages/airflow/example_dags/example_bash_operator.py took 0.055 seconds
[2021-03-09 20:06:39,188] {scheduler_job.py:181} INFO - Started process (PID=5271) to work on /home/airflow/venv/lib/python3.8/site-packages/airflow/example_dags/example_bash_operator.py
[2021-03-09 20:06:39,189] {scheduler_job.py:629} INFO - Processing file /home/airflow/venv/lib/python3.8/site-packages/airflow/example_dags/example_bash_operator.py for tasks to queue
[2021-03-09 20:06:39,189] {logging_mixin.py:103} INFO - [2021-03-09 20:06:39,189] {dagbag.py:440} INFO - Filling up the DagBag from /home/airflow/venv/lib/python3.8/site-packages/airflow/example_dags/example_bash_operator.py
[2021-03-09 20:06:39,204] {scheduler_job.py:639} INFO - DAG(s) dict_keys(['example_bash_operator']) retrieved from /home/airflow/venv/lib/python3.8/site-packages/airflow/example_dags/example_bash_operator.py
[2021-03-09 20:06:39,205] {logging_mixin.py:103} INFO - [2021-03-09 20:06:39,204] {dag.py:1813} INFO - Sync 1 DAGs
[2021-03-09 20:06:39,225] {logging_mixin.py:103} INFO - [2021-03-09 20:06:39,225] {dag.py:2266} INFO - Setting next_dagrun for example_bash_operator to 2021-03-07 00:00:00+00:00
[2021-03-09 20:06:39,237] {scheduler_job.py:189} INFO - Processing /home/airflow/venv/lib/python3.8/site-packages/airflow/example_dags/example_bash_operator.py took 0.055 seconds
[2021-03-09 20:07:04,514] {scheduler_job.py:181} INFO - Started process (PID=5336) to work on /home/airflow/venv/lib/python3.8/site-packages/airflow/example_dags/example_bash_operator.py
[2021-03-09 20:07:04,519] {scheduler_job.py:629} INFO - Processing file /home/airflow/venv/lib/python3.8/site-packages/airflow/example_dags/example_bash_operator.py for tasks to queue
[2021-03-09 20:07:04,520] {logging_mixin.py:103} INFO - [2021-03-09 20:07:04,520] {dagbag.py:440} INFO - Filling up the DagBag from /home/airflow/venv/lib/python3.8/site-packages/airflow/example_dags/example_bash_operator.py
[2021-03-09 20:07:04,537] {scheduler_job.py:639} INFO - DAG(s) dict_keys(['example_bash_operator']) retrieved from /home/airflow/venv/lib/python3.8/site-packages/airflow/example_dags/example_bash_operator.py
[2021-03-09 20:07:04,538] {logging_mixin.py:103} INFO - [2021-03-09 20:07:04,538] {dag.py:1813} INFO - Sync 1 DAGs
[2021-03-09 20:07:04,561] {logging_mixin.py:103} INFO - [2021-03-09 20:07:04,561] {dag.py:2266} INFO - Setting next_dagrun for example_bash_operator to 2021-03-07 00:00:00+00:00
[2021-03-09 20:07:04,582] {scheduler_job.py:189} INFO - Processing /home/airflow/venv/lib/python3.8/site-packages/airflow/example_dags/example_bash_operator.py took 0.076 seconds
[2021-03-09 20:07:29,803] {scheduler_job.py:181} INFO - Started process (PID=5422) to work on /home/airflow/venv/lib/python3.8/site-packages/airflow/example_dags/example_bash_operator.py
[2021-03-09 20:07:29,804] {scheduler_job.py:629} INFO - Processing file /home/airflow/venv/lib/python3.8/site-packages/airflow/example_dags/example_bash_operator.py for tasks to queue
[2021-03-09 20:07:29,805] {logging_mixin.py:103} INFO - [2021-03-09 20:07:29,805] {dagbag.py:440} INFO - Filling up the DagBag from /home/airflow/venv/lib/python3.8/site-packages/airflow/example_dags/example_bash_operator.py
[2021-03-09 20:07:29,814] {scheduler_job.py:639} INFO - DAG(s) dict_keys(['example_bash_operator']) retrieved from /home/airflow/venv/lib/python3.8/site-packages/airflow/example_dags/example_bash_operator.py
[2021-03-09 20:07:29,815] {logging_mixin.py:103} INFO - [2021-03-09 20:07:29,815] {dag.py:1813} INFO - Sync 1 DAGs
[2021-03-09 20:07:29,833] {logging_mixin.py:103} INFO - [2021-03-09 20:07:29,833] {dag.py:2266} INFO - Setting next_dagrun for example_bash_operator to 2021-03-07 00:00:00+00:00
[2021-03-09 20:07:29,847] {scheduler_job.py:189} INFO - Processing /home/airflow/venv/lib/python3.8/site-packages/airflow/example_dags/example_bash_operator.py took 0.052 seconds
[2021-03-09 20:07:56,097] {scheduler_job.py:181} INFO - Started process (PID=5485) to work on /home/airflow/venv/lib/python3.8/site-packages/airflow/example_dags/example_bash_operator.py
[2021-03-09 20:07:56,098] {scheduler_job.py:629} INFO - Processing file /home/airflow/venv/lib/python3.8/site-packages/airflow/example_dags/example_bash_operator.py for tasks to queue
[2021-03-09 20:07:56,098] {logging_mixin.py:103} INFO - [2021-03-09 20:07:56,098] {dagbag.py:440} INFO - Filling up the DagBag from /home/airflow/venv/lib/python3.8/site-packages/airflow/example_dags/example_bash_operator.py
[2021-03-09 20:07:56,118] {scheduler_job.py:639} INFO - DAG(s) dict_keys(['example_bash_operator']) retrieved from /home/airflow/venv/lib/python3.8/site-packages/airflow/example_dags/example_bash_operator.py
[2021-03-09 20:07:56,119] {logging_mixin.py:103} INFO - [2021-03-09 20:07:56,119] {dag.py:1813} INFO - Sync 1 DAGs
[2021-03-09 20:07:56,139] {logging_mixin.py:103} INFO - [2021-03-09 20:07:56,138] {dag.py:2266} INFO - Setting next_dagrun for example_bash_operator to 2021-03-07 00:00:00+00:00
[2021-03-09 20:07:56,152] {scheduler_job.py:189} INFO - Processing /home/airflow/venv/lib/python3.8/site-packages/airflow/example_dags/example_bash_operator.py took 0.062 seconds
[2021-03-09 20:08:23,331] {scheduler_job.py:181} INFO - Started process (PID=5564) to work on /home/airflow/venv/lib/python3.8/site-packages/airflow/example_dags/example_bash_operator.py
[2021-03-09 20:08:23,332] {scheduler_job.py:629} INFO - Processing file /home/airflow/venv/lib/python3.8/site-packages/airflow/example_dags/example_bash_operator.py for tasks to queue
[2021-03-09 20:08:23,332] {logging_mixin.py:103} INFO - [2021-03-09 20:08:23,332] {dagbag.py:440} INFO - Filling up the DagBag from /home/airflow/venv/lib/python3.8/site-packages/airflow/example_dags/example_bash_operator.py
[2021-03-09 20:08:23,344] {scheduler_job.py:639} INFO - DAG(s) dict_keys(['example_bash_operator']) retrieved from /home/airflow/venv/lib/python3.8/site-packages/airflow/example_dags/example_bash_operator.py
[2021-03-09 20:08:23,345] {logging_mixin.py:103} INFO - [2021-03-09 20:08:23,345] {dag.py:1813} INFO - Sync 1 DAGs
[2021-03-09 20:08:23,373] {logging_mixin.py:103} INFO - [2021-03-09 20:08:23,373] {dag.py:2266} INFO - Setting next_dagrun for example_bash_operator to 2021-03-07 00:00:00+00:00
[2021-03-09 20:08:23,385] {scheduler_job.py:189} INFO - Processing /home/airflow/venv/lib/python3.8/site-packages/airflow/example_dags/example_bash_operator.py took 0.062 seconds
[2021-03-09 20:08:48,631] {scheduler_job.py:181} INFO - Started process (PID=5628) to work on /home/airflow/venv/lib/python3.8/site-packages/airflow/example_dags/example_bash_operator.py
[2021-03-09 20:08:48,636] {scheduler_job.py:629} INFO - Processing file /home/airflow/venv/lib/python3.8/site-packages/airflow/example_dags/example_bash_operator.py for tasks to queue
[2021-03-09 20:08:48,636] {logging_mixin.py:103} INFO - [2021-03-09 20:08:48,636] {dagbag.py:440} INFO - Filling up the DagBag from /home/airflow/venv/lib/python3.8/site-packages/airflow/example_dags/example_bash_operator.py
[2021-03-09 20:08:48,645] {scheduler_job.py:639} INFO - DAG(s) dict_keys(['example_bash_operator']) retrieved from /home/airflow/venv/lib/python3.8/site-packages/airflow/example_dags/example_bash_operator.py
[2021-03-09 20:08:48,645] {logging_mixin.py:103} INFO - [2021-03-09 20:08:48,645] {dag.py:1813} INFO - Sync 1 DAGs
[2021-03-09 20:08:48,669] {logging_mixin.py:103} INFO - [2021-03-09 20:08:48,669] {dag.py:2266} INFO - Setting next_dagrun for example_bash_operator to 2021-03-07 00:00:00+00:00
[2021-03-09 20:08:48,680] {scheduler_job.py:189} INFO - Processing /home/airflow/venv/lib/python3.8/site-packages/airflow/example_dags/example_bash_operator.py took 0.051 seconds
[2021-03-09 20:09:13,883] {scheduler_job.py:181} INFO - Started process (PID=5696) to work on /home/airflow/venv/lib/python3.8/site-packages/airflow/example_dags/example_bash_operator.py
[2021-03-09 20:09:13,884] {scheduler_job.py:629} INFO - Processing file /home/airflow/venv/lib/python3.8/site-packages/airflow/example_dags/example_bash_operator.py for tasks to queue
[2021-03-09 20:09:13,885] {logging_mixin.py:103} INFO - [2021-03-09 20:09:13,885] {dagbag.py:440} INFO - Filling up the DagBag from /home/airflow/venv/lib/python3.8/site-packages/airflow/example_dags/example_bash_operator.py
[2021-03-09 20:09:13,894] {scheduler_job.py:639} INFO - DAG(s) dict_keys(['example_bash_operator']) retrieved from /home/airflow/venv/lib/python3.8/site-packages/airflow/example_dags/example_bash_operator.py
[2021-03-09 20:09:13,894] {logging_mixin.py:103} INFO - [2021-03-09 20:09:13,894] {dag.py:1813} INFO - Sync 1 DAGs
[2021-03-09 20:09:13,911] {logging_mixin.py:103} INFO - [2021-03-09 20:09:13,911] {dag.py:2266} INFO - Setting next_dagrun for example_bash_operator to 2021-03-07 00:00:00+00:00
[2021-03-09 20:09:13,933] {scheduler_job.py:189} INFO - Processing /home/airflow/venv/lib/python3.8/site-packages/airflow/example_dags/example_bash_operator.py took 0.058 seconds
[2021-03-09 20:09:40,252] {scheduler_job.py:181} INFO - Started process (PID=5763) to work on /home/airflow/venv/lib/python3.8/site-packages/airflow/example_dags/example_bash_operator.py
[2021-03-09 20:09:40,253] {scheduler_job.py:629} INFO - Processing file /home/airflow/venv/lib/python3.8/site-packages/airflow/example_dags/example_bash_operator.py for tasks to queue
[2021-03-09 20:09:40,253] {logging_mixin.py:103} INFO - [2021-03-09 20:09:40,253] {dagbag.py:440} INFO - Filling up the DagBag from /home/airflow/venv/lib/python3.8/site-packages/airflow/example_dags/example_bash_operator.py
[2021-03-09 20:09:40,296] {scheduler_job.py:639} INFO - DAG(s) dict_keys(['example_bash_operator']) retrieved from /home/airflow/venv/lib/python3.8/site-packages/airflow/example_dags/example_bash_operator.py
[2021-03-09 20:09:40,298] {logging_mixin.py:103} INFO - [2021-03-09 20:09:40,297] {dag.py:1813} INFO - Sync 1 DAGs
[2021-03-09 20:09:40,328] {logging_mixin.py:103} INFO - [2021-03-09 20:09:40,328] {dag.py:2266} INFO - Setting next_dagrun for example_bash_operator to 2021-03-07 00:00:00+00:00
[2021-03-09 20:09:40,339] {scheduler_job.py:189} INFO - Processing /home/airflow/venv/lib/python3.8/site-packages/airflow/example_dags/example_bash_operator.py took 0.090 seconds
[2021-03-09 20:10:06,580] {scheduler_job.py:181} INFO - Started process (PID=5828) to work on /home/airflow/venv/lib/python3.8/site-packages/airflow/example_dags/example_bash_operator.py
[2021-03-09 20:10:06,581] {scheduler_job.py:629} INFO - Processing file /home/airflow/venv/lib/python3.8/site-packages/airflow/example_dags/example_bash_operator.py for tasks to queue
[2021-03-09 20:10:06,581] {logging_mixin.py:103} INFO - [2021-03-09 20:10:06,581] {dagbag.py:440} INFO - Filling up the DagBag from /home/airflow/venv/lib/python3.8/site-packages/airflow/example_dags/example_bash_operator.py
[2021-03-09 20:10:06,589] {scheduler_job.py:639} INFO - DAG(s) dict_keys(['example_bash_operator']) retrieved from /home/airflow/venv/lib/python3.8/site-packages/airflow/example_dags/example_bash_operator.py
[2021-03-09 20:10:06,590] {logging_mixin.py:103} INFO - [2021-03-09 20:10:06,590] {dag.py:1813} INFO - Sync 1 DAGs
[2021-03-09 20:10:06,605] {logging_mixin.py:103} INFO - [2021-03-09 20:10:06,605] {dag.py:2266} INFO - Setting next_dagrun for example_bash_operator to 2021-03-07 00:00:00+00:00
[2021-03-09 20:10:06,615] {scheduler_job.py:189} INFO - Processing /home/airflow/venv/lib/python3.8/site-packages/airflow/example_dags/example_bash_operator.py took 0.040 seconds
[2021-03-09 20:10:33,014] {scheduler_job.py:181} INFO - Started process (PID=5895) to work on /home/airflow/venv/lib/python3.8/site-packages/airflow/example_dags/example_bash_operator.py
[2021-03-09 20:10:33,015] {scheduler_job.py:629} INFO - Processing file /home/airflow/venv/lib/python3.8/site-packages/airflow/example_dags/example_bash_operator.py for tasks to queue
[2021-03-09 20:10:33,015] {logging_mixin.py:103} INFO - [2021-03-09 20:10:33,015] {dagbag.py:440} INFO - Filling up the DagBag from /home/airflow/venv/lib/python3.8/site-packages/airflow/example_dags/example_bash_operator.py
[2021-03-09 20:10:33,030] {scheduler_job.py:639} INFO - DAG(s) dict_keys(['example_bash_operator']) retrieved from /home/airflow/venv/lib/python3.8/site-packages/airflow/example_dags/example_bash_operator.py
[2021-03-09 20:10:33,030] {logging_mixin.py:103} INFO - [2021-03-09 20:10:33,030] {dag.py:1813} INFO - Sync 1 DAGs
[2021-03-09 20:10:33,049] {logging_mixin.py:103} INFO - [2021-03-09 20:10:33,049] {dag.py:2266} INFO - Setting next_dagrun for example_bash_operator to 2021-03-07 00:00:00+00:00
[2021-03-09 20:10:33,060] {scheduler_job.py:189} INFO - Processing /home/airflow/venv/lib/python3.8/site-packages/airflow/example_dags/example_bash_operator.py took 0.048 seconds
