[2021-03-09 18:54:34,533] {scheduler_job.py:181} INFO - Started process (PID=9375) to work on /home/airflow/venv/lib/python3.8/site-packages/airflow/example_dags/example_complex.py
[2021-03-09 18:54:34,538] {scheduler_job.py:629} INFO - Processing file /home/airflow/venv/lib/python3.8/site-packages/airflow/example_dags/example_complex.py for tasks to queue
[2021-03-09 18:54:34,538] {logging_mixin.py:103} INFO - [2021-03-09 18:54:34,538] {dagbag.py:440} INFO - Filling up the DagBag from /home/airflow/venv/lib/python3.8/site-packages/airflow/example_dags/example_complex.py
[2021-03-09 18:54:34,625] {scheduler_job.py:639} INFO - DAG(s) dict_keys(['example_complex']) retrieved from /home/airflow/venv/lib/python3.8/site-packages/airflow/example_dags/example_complex.py
[2021-03-09 18:54:34,632] {logging_mixin.py:103} INFO - [2021-03-09 18:54:34,631] {dag.py:1813} INFO - Sync 1 DAGs
[2021-03-09 18:54:34,774] {logging_mixin.py:103} INFO - [2021-03-09 18:54:34,774] {dag.py:2266} INFO - Setting next_dagrun for example_complex to None
[2021-03-09 18:54:34,885] {scheduler_job.py:189} INFO - Processing /home/airflow/venv/lib/python3.8/site-packages/airflow/example_dags/example_complex.py took 0.357 seconds
[2021-03-09 18:55:06,425] {scheduler_job.py:181} INFO - Started process (PID=9442) to work on /home/airflow/venv/lib/python3.8/site-packages/airflow/example_dags/example_complex.py
[2021-03-09 18:55:06,427] {scheduler_job.py:629} INFO - Processing file /home/airflow/venv/lib/python3.8/site-packages/airflow/example_dags/example_complex.py for tasks to queue
[2021-03-09 18:55:06,428] {logging_mixin.py:103} INFO - [2021-03-09 18:55:06,428] {dagbag.py:440} INFO - Filling up the DagBag from /home/airflow/venv/lib/python3.8/site-packages/airflow/example_dags/example_complex.py
[2021-03-09 18:55:06,524] {scheduler_job.py:639} INFO - DAG(s) dict_keys(['example_complex']) retrieved from /home/airflow/venv/lib/python3.8/site-packages/airflow/example_dags/example_complex.py
[2021-03-09 18:55:06,525] {logging_mixin.py:103} INFO - [2021-03-09 18:55:06,525] {dag.py:1813} INFO - Sync 1 DAGs
[2021-03-09 18:55:06,575] {logging_mixin.py:103} INFO - [2021-03-09 18:55:06,574] {dag.py:2266} INFO - Setting next_dagrun for example_complex to None
[2021-03-09 18:55:06,917] {scheduler_job.py:189} INFO - Processing /home/airflow/venv/lib/python3.8/site-packages/airflow/example_dags/example_complex.py took 0.497 seconds
[2021-03-09 18:55:42,527] {scheduler_job.py:181} INFO - Started process (PID=9514) to work on /home/airflow/venv/lib/python3.8/site-packages/airflow/example_dags/example_complex.py
[2021-03-09 18:55:42,528] {scheduler_job.py:629} INFO - Processing file /home/airflow/venv/lib/python3.8/site-packages/airflow/example_dags/example_complex.py for tasks to queue
[2021-03-09 18:55:42,529] {logging_mixin.py:103} INFO - [2021-03-09 18:55:42,529] {dagbag.py:440} INFO - Filling up the DagBag from /home/airflow/venv/lib/python3.8/site-packages/airflow/example_dags/example_complex.py
[2021-03-09 18:55:42,676] {scheduler_job.py:639} INFO - DAG(s) dict_keys(['example_complex']) retrieved from /home/airflow/venv/lib/python3.8/site-packages/airflow/example_dags/example_complex.py
[2021-03-09 18:55:42,678] {logging_mixin.py:103} INFO - [2021-03-09 18:55:42,678] {dag.py:1813} INFO - Sync 1 DAGs
[2021-03-09 18:55:42,780] {logging_mixin.py:103} INFO - [2021-03-09 18:55:42,780] {dag.py:2266} INFO - Setting next_dagrun for example_complex to None
[2021-03-09 18:55:42,883] {scheduler_job.py:189} INFO - Processing /home/airflow/venv/lib/python3.8/site-packages/airflow/example_dags/example_complex.py took 0.360 seconds
[2021-03-09 18:56:24,230] {scheduler_job.py:181} INFO - Started process (PID=9589) to work on /home/airflow/venv/lib/python3.8/site-packages/airflow/example_dags/example_complex.py
[2021-03-09 18:56:24,231] {scheduler_job.py:629} INFO - Processing file /home/airflow/venv/lib/python3.8/site-packages/airflow/example_dags/example_complex.py for tasks to queue
[2021-03-09 18:56:24,232] {logging_mixin.py:103} INFO - [2021-03-09 18:56:24,232] {dagbag.py:440} INFO - Filling up the DagBag from /home/airflow/venv/lib/python3.8/site-packages/airflow/example_dags/example_complex.py
[2021-03-09 18:56:24,426] {scheduler_job.py:639} INFO - DAG(s) dict_keys(['example_complex']) retrieved from /home/airflow/venv/lib/python3.8/site-packages/airflow/example_dags/example_complex.py
[2021-03-09 18:56:24,428] {logging_mixin.py:103} INFO - [2021-03-09 18:56:24,428] {dag.py:1813} INFO - Sync 1 DAGs
[2021-03-09 18:56:24,622] {logging_mixin.py:103} INFO - [2021-03-09 18:56:24,622] {dag.py:2266} INFO - Setting next_dagrun for example_complex to None
[2021-03-09 18:56:24,822] {scheduler_job.py:189} INFO - Processing /home/airflow/venv/lib/python3.8/site-packages/airflow/example_dags/example_complex.py took 0.596 seconds
[2021-03-09 18:57:09,821] {scheduler_job.py:181} INFO - Started process (PID=9668) to work on /home/airflow/venv/lib/python3.8/site-packages/airflow/example_dags/example_complex.py
[2021-03-09 18:57:09,823] {scheduler_job.py:629} INFO - Processing file /home/airflow/venv/lib/python3.8/site-packages/airflow/example_dags/example_complex.py for tasks to queue
[2021-03-09 18:57:09,823] {logging_mixin.py:103} INFO - [2021-03-09 18:57:09,823] {dagbag.py:440} INFO - Filling up the DagBag from /home/airflow/venv/lib/python3.8/site-packages/airflow/example_dags/example_complex.py
[2021-03-09 18:57:09,982] {scheduler_job.py:639} INFO - DAG(s) dict_keys(['example_complex']) retrieved from /home/airflow/venv/lib/python3.8/site-packages/airflow/example_dags/example_complex.py
[2021-03-09 18:57:10,064] {logging_mixin.py:103} INFO - [2021-03-09 18:57:10,064] {dag.py:1813} INFO - Sync 1 DAGs
[2021-03-09 18:57:10,178] {logging_mixin.py:103} INFO - [2021-03-09 18:57:10,178] {dag.py:2266} INFO - Setting next_dagrun for example_complex to None
[2021-03-09 18:57:10,375] {scheduler_job.py:189} INFO - Processing /home/airflow/venv/lib/python3.8/site-packages/airflow/example_dags/example_complex.py took 0.596 seconds
[2021-03-09 19:11:14,903] {scheduler_job.py:181} INFO - Started process (PID=10325) to work on /home/airflow/venv/lib/python3.8/site-packages/airflow/example_dags/example_complex.py
[2021-03-09 19:11:14,905] {scheduler_job.py:629} INFO - Processing file /home/airflow/venv/lib/python3.8/site-packages/airflow/example_dags/example_complex.py for tasks to queue
[2021-03-09 19:11:14,905] {logging_mixin.py:103} INFO - [2021-03-09 19:11:14,905] {dagbag.py:440} INFO - Filling up the DagBag from /home/airflow/venv/lib/python3.8/site-packages/airflow/example_dags/example_complex.py
[2021-03-09 19:11:14,956] {scheduler_job.py:639} INFO - DAG(s) dict_keys(['example_complex']) retrieved from /home/airflow/venv/lib/python3.8/site-packages/airflow/example_dags/example_complex.py
[2021-03-09 19:11:14,957] {logging_mixin.py:103} INFO - [2021-03-09 19:11:14,957] {dag.py:1813} INFO - Sync 1 DAGs
[2021-03-09 19:11:15,008] {logging_mixin.py:103} INFO - [2021-03-09 19:11:15,008] {dag.py:2266} INFO - Setting next_dagrun for example_complex to None
[2021-03-09 19:11:15,087] {scheduler_job.py:189} INFO - Processing /home/airflow/venv/lib/python3.8/site-packages/airflow/example_dags/example_complex.py took 0.197 seconds
[2021-03-09 19:11:52,363] {scheduler_job.py:181} INFO - Started process (PID=10363) to work on /home/airflow/venv/lib/python3.8/site-packages/airflow/example_dags/example_complex.py
[2021-03-09 19:11:52,366] {scheduler_job.py:629} INFO - Processing file /home/airflow/venv/lib/python3.8/site-packages/airflow/example_dags/example_complex.py for tasks to queue
[2021-03-09 19:11:52,371] {logging_mixin.py:103} INFO - [2021-03-09 19:11:52,367] {dagbag.py:440} INFO - Filling up the DagBag from /home/airflow/venv/lib/python3.8/site-packages/airflow/example_dags/example_complex.py
[2021-03-09 19:11:52,417] {scheduler_job.py:639} INFO - DAG(s) dict_keys(['example_complex']) retrieved from /home/airflow/venv/lib/python3.8/site-packages/airflow/example_dags/example_complex.py
[2021-03-09 19:11:52,419] {logging_mixin.py:103} INFO - [2021-03-09 19:11:52,419] {dag.py:1813} INFO - Sync 1 DAGs
[2021-03-09 19:11:52,480] {logging_mixin.py:103} INFO - [2021-03-09 19:11:52,480] {dag.py:2266} INFO - Setting next_dagrun for example_complex to None
[2021-03-09 19:11:52,529] {scheduler_job.py:189} INFO - Processing /home/airflow/venv/lib/python3.8/site-packages/airflow/example_dags/example_complex.py took 0.179 seconds
[2021-03-09 19:12:19,417] {scheduler_job.py:181} INFO - Started process (PID=10392) to work on /home/airflow/venv/lib/python3.8/site-packages/airflow/example_dags/example_complex.py
[2021-03-09 19:12:19,423] {scheduler_job.py:629} INFO - Processing file /home/airflow/venv/lib/python3.8/site-packages/airflow/example_dags/example_complex.py for tasks to queue
[2021-03-09 19:12:19,424] {logging_mixin.py:103} INFO - [2021-03-09 19:12:19,424] {dagbag.py:440} INFO - Filling up the DagBag from /home/airflow/venv/lib/python3.8/site-packages/airflow/example_dags/example_complex.py
[2021-03-09 19:12:19,493] {scheduler_job.py:639} INFO - DAG(s) dict_keys(['example_complex']) retrieved from /home/airflow/venv/lib/python3.8/site-packages/airflow/example_dags/example_complex.py
[2021-03-09 19:12:19,507] {logging_mixin.py:103} INFO - [2021-03-09 19:12:19,507] {dag.py:1813} INFO - Sync 1 DAGs
[2021-03-09 19:12:19,572] {logging_mixin.py:103} INFO - [2021-03-09 19:12:19,572] {dag.py:2266} INFO - Setting next_dagrun for example_complex to None
[2021-03-09 19:12:19,657] {scheduler_job.py:189} INFO - Processing /home/airflow/venv/lib/python3.8/site-packages/airflow/example_dags/example_complex.py took 0.244 seconds
[2021-03-09 19:16:34,153] {scheduler_job.py:181} INFO - Started process (PID=1483) to work on /home/airflow/venv/lib/python3.8/site-packages/airflow/example_dags/example_complex.py
[2021-03-09 19:16:34,155] {scheduler_job.py:629} INFO - Processing file /home/airflow/venv/lib/python3.8/site-packages/airflow/example_dags/example_complex.py for tasks to queue
[2021-03-09 19:16:34,155] {logging_mixin.py:103} INFO - [2021-03-09 19:16:34,155] {dagbag.py:440} INFO - Filling up the DagBag from /home/airflow/venv/lib/python3.8/site-packages/airflow/example_dags/example_complex.py
[2021-03-09 19:16:34,165] {scheduler_job.py:639} INFO - DAG(s) dict_keys(['example_complex']) retrieved from /home/airflow/venv/lib/python3.8/site-packages/airflow/example_dags/example_complex.py
[2021-03-09 19:16:34,165] {logging_mixin.py:103} INFO - [2021-03-09 19:16:34,165] {dag.py:1813} INFO - Sync 1 DAGs
[2021-03-09 19:16:34,177] {logging_mixin.py:103} INFO - [2021-03-09 19:16:34,177] {dag.py:2266} INFO - Setting next_dagrun for example_complex to None
[2021-03-09 19:16:34,199] {scheduler_job.py:189} INFO - Processing /home/airflow/venv/lib/python3.8/site-packages/airflow/example_dags/example_complex.py took 0.048 seconds
[2021-03-09 19:17:02,404] {scheduler_job.py:181} INFO - Started process (PID=1546) to work on /home/airflow/venv/lib/python3.8/site-packages/airflow/example_dags/example_complex.py
[2021-03-09 19:17:02,404] {scheduler_job.py:629} INFO - Processing file /home/airflow/venv/lib/python3.8/site-packages/airflow/example_dags/example_complex.py for tasks to queue
[2021-03-09 19:17:02,405] {logging_mixin.py:103} INFO - [2021-03-09 19:17:02,405] {dagbag.py:440} INFO - Filling up the DagBag from /home/airflow/venv/lib/python3.8/site-packages/airflow/example_dags/example_complex.py
[2021-03-09 19:17:02,414] {scheduler_job.py:639} INFO - DAG(s) dict_keys(['example_complex']) retrieved from /home/airflow/venv/lib/python3.8/site-packages/airflow/example_dags/example_complex.py
[2021-03-09 19:17:02,415] {logging_mixin.py:103} INFO - [2021-03-09 19:17:02,415] {dag.py:1813} INFO - Sync 1 DAGs
[2021-03-09 19:17:02,429] {logging_mixin.py:103} INFO - [2021-03-09 19:17:02,429] {dag.py:2266} INFO - Setting next_dagrun for example_complex to None
[2021-03-09 19:17:02,435] {scheduler_job.py:189} INFO - Processing /home/airflow/venv/lib/python3.8/site-packages/airflow/example_dags/example_complex.py took 0.033 seconds
[2021-03-09 19:17:29,259] {scheduler_job.py:181} INFO - Started process (PID=1604) to work on /home/airflow/venv/lib/python3.8/site-packages/airflow/example_dags/example_complex.py
[2021-03-09 19:17:29,260] {scheduler_job.py:629} INFO - Processing file /home/airflow/venv/lib/python3.8/site-packages/airflow/example_dags/example_complex.py for tasks to queue
[2021-03-09 19:17:29,260] {logging_mixin.py:103} INFO - [2021-03-09 19:17:29,260] {dagbag.py:440} INFO - Filling up the DagBag from /home/airflow/venv/lib/python3.8/site-packages/airflow/example_dags/example_complex.py
[2021-03-09 19:17:29,271] {scheduler_job.py:639} INFO - DAG(s) dict_keys(['example_complex']) retrieved from /home/airflow/venv/lib/python3.8/site-packages/airflow/example_dags/example_complex.py
[2021-03-09 19:17:29,272] {logging_mixin.py:103} INFO - [2021-03-09 19:17:29,272] {dag.py:1813} INFO - Sync 1 DAGs
[2021-03-09 19:17:29,284] {logging_mixin.py:103} INFO - [2021-03-09 19:17:29,284] {dag.py:2266} INFO - Setting next_dagrun for example_complex to None
[2021-03-09 19:17:29,297] {scheduler_job.py:189} INFO - Processing /home/airflow/venv/lib/python3.8/site-packages/airflow/example_dags/example_complex.py took 0.039 seconds
[2021-03-09 19:17:56,641] {scheduler_job.py:181} INFO - Started process (PID=1674) to work on /home/airflow/venv/lib/python3.8/site-packages/airflow/example_dags/example_complex.py
[2021-03-09 19:17:56,641] {scheduler_job.py:629} INFO - Processing file /home/airflow/venv/lib/python3.8/site-packages/airflow/example_dags/example_complex.py for tasks to queue
[2021-03-09 19:17:56,642] {logging_mixin.py:103} INFO - [2021-03-09 19:17:56,642] {dagbag.py:440} INFO - Filling up the DagBag from /home/airflow/venv/lib/python3.8/site-packages/airflow/example_dags/example_complex.py
[2021-03-09 19:17:56,653] {scheduler_job.py:639} INFO - DAG(s) dict_keys(['example_complex']) retrieved from /home/airflow/venv/lib/python3.8/site-packages/airflow/example_dags/example_complex.py
[2021-03-09 19:17:56,654] {logging_mixin.py:103} INFO - [2021-03-09 19:17:56,654] {dag.py:1813} INFO - Sync 1 DAGs
[2021-03-09 19:17:56,666] {logging_mixin.py:103} INFO - [2021-03-09 19:17:56,666] {dag.py:2266} INFO - Setting next_dagrun for example_complex to None
[2021-03-09 19:17:56,681] {scheduler_job.py:189} INFO - Processing /home/airflow/venv/lib/python3.8/site-packages/airflow/example_dags/example_complex.py took 0.042 seconds
[2021-03-09 19:18:25,652] {scheduler_job.py:181} INFO - Started process (PID=1776) to work on /home/airflow/venv/lib/python3.8/site-packages/airflow/example_dags/example_complex.py
[2021-03-09 19:18:25,652] {scheduler_job.py:629} INFO - Processing file /home/airflow/venv/lib/python3.8/site-packages/airflow/example_dags/example_complex.py for tasks to queue
[2021-03-09 19:18:25,653] {logging_mixin.py:103} INFO - [2021-03-09 19:18:25,653] {dagbag.py:440} INFO - Filling up the DagBag from /home/airflow/venv/lib/python3.8/site-packages/airflow/example_dags/example_complex.py
[2021-03-09 19:18:25,666] {scheduler_job.py:639} INFO - DAG(s) dict_keys(['example_complex']) retrieved from /home/airflow/venv/lib/python3.8/site-packages/airflow/example_dags/example_complex.py
[2021-03-09 19:18:25,666] {logging_mixin.py:103} INFO - [2021-03-09 19:18:25,666] {dag.py:1813} INFO - Sync 1 DAGs
[2021-03-09 19:18:25,678] {logging_mixin.py:103} INFO - [2021-03-09 19:18:25,678] {dag.py:2266} INFO - Setting next_dagrun for example_complex to None
[2021-03-09 19:18:25,692] {scheduler_job.py:189} INFO - Processing /home/airflow/venv/lib/python3.8/site-packages/airflow/example_dags/example_complex.py took 0.042 seconds
[2021-03-09 19:18:54,525] {scheduler_job.py:181} INFO - Started process (PID=1856) to work on /home/airflow/venv/lib/python3.8/site-packages/airflow/example_dags/example_complex.py
[2021-03-09 19:18:54,526] {scheduler_job.py:629} INFO - Processing file /home/airflow/venv/lib/python3.8/site-packages/airflow/example_dags/example_complex.py for tasks to queue
[2021-03-09 19:18:54,526] {logging_mixin.py:103} INFO - [2021-03-09 19:18:54,526] {dagbag.py:440} INFO - Filling up the DagBag from /home/airflow/venv/lib/python3.8/site-packages/airflow/example_dags/example_complex.py
[2021-03-09 19:18:54,538] {scheduler_job.py:639} INFO - DAG(s) dict_keys(['example_complex']) retrieved from /home/airflow/venv/lib/python3.8/site-packages/airflow/example_dags/example_complex.py
[2021-03-09 19:18:54,539] {logging_mixin.py:103} INFO - [2021-03-09 19:18:54,539] {dag.py:1813} INFO - Sync 1 DAGs
[2021-03-09 19:18:54,552] {logging_mixin.py:103} INFO - [2021-03-09 19:18:54,552] {dag.py:2266} INFO - Setting next_dagrun for example_complex to None
[2021-03-09 19:18:54,565] {scheduler_job.py:189} INFO - Processing /home/airflow/venv/lib/python3.8/site-packages/airflow/example_dags/example_complex.py took 0.042 seconds
[2021-03-09 19:19:21,370] {scheduler_job.py:181} INFO - Started process (PID=1923) to work on /home/airflow/venv/lib/python3.8/site-packages/airflow/example_dags/example_complex.py
[2021-03-09 19:19:21,371] {scheduler_job.py:629} INFO - Processing file /home/airflow/venv/lib/python3.8/site-packages/airflow/example_dags/example_complex.py for tasks to queue
[2021-03-09 19:19:21,371] {logging_mixin.py:103} INFO - [2021-03-09 19:19:21,371] {dagbag.py:440} INFO - Filling up the DagBag from /home/airflow/venv/lib/python3.8/site-packages/airflow/example_dags/example_complex.py
[2021-03-09 19:19:21,380] {scheduler_job.py:639} INFO - DAG(s) dict_keys(['example_complex']) retrieved from /home/airflow/venv/lib/python3.8/site-packages/airflow/example_dags/example_complex.py
[2021-03-09 19:19:21,381] {logging_mixin.py:103} INFO - [2021-03-09 19:19:21,381] {dag.py:1813} INFO - Sync 1 DAGs
[2021-03-09 19:19:21,391] {logging_mixin.py:103} INFO - [2021-03-09 19:19:21,390] {dag.py:2266} INFO - Setting next_dagrun for example_complex to None
[2021-03-09 19:19:21,405] {scheduler_job.py:189} INFO - Processing /home/airflow/venv/lib/python3.8/site-packages/airflow/example_dags/example_complex.py took 0.037 seconds
[2021-03-09 19:19:48,834] {scheduler_job.py:181} INFO - Started process (PID=1995) to work on /home/airflow/venv/lib/python3.8/site-packages/airflow/example_dags/example_complex.py
[2021-03-09 19:19:48,834] {scheduler_job.py:629} INFO - Processing file /home/airflow/venv/lib/python3.8/site-packages/airflow/example_dags/example_complex.py for tasks to queue
[2021-03-09 19:19:48,835] {logging_mixin.py:103} INFO - [2021-03-09 19:19:48,835] {dagbag.py:440} INFO - Filling up the DagBag from /home/airflow/venv/lib/python3.8/site-packages/airflow/example_dags/example_complex.py
[2021-03-09 19:19:48,848] {scheduler_job.py:639} INFO - DAG(s) dict_keys(['example_complex']) retrieved from /home/airflow/venv/lib/python3.8/site-packages/airflow/example_dags/example_complex.py
[2021-03-09 19:19:48,849] {logging_mixin.py:103} INFO - [2021-03-09 19:19:48,849] {dag.py:1813} INFO - Sync 1 DAGs
[2021-03-09 19:19:48,863] {logging_mixin.py:103} INFO - [2021-03-09 19:19:48,863] {dag.py:2266} INFO - Setting next_dagrun for example_complex to None
[2021-03-09 19:19:48,878] {scheduler_job.py:189} INFO - Processing /home/airflow/venv/lib/python3.8/site-packages/airflow/example_dags/example_complex.py took 0.046 seconds
[2021-03-09 19:20:15,637] {scheduler_job.py:181} INFO - Started process (PID=2062) to work on /home/airflow/venv/lib/python3.8/site-packages/airflow/example_dags/example_complex.py
[2021-03-09 19:20:15,637] {scheduler_job.py:629} INFO - Processing file /home/airflow/venv/lib/python3.8/site-packages/airflow/example_dags/example_complex.py for tasks to queue
[2021-03-09 19:20:15,637] {logging_mixin.py:103} INFO - [2021-03-09 19:20:15,637] {dagbag.py:440} INFO - Filling up the DagBag from /home/airflow/venv/lib/python3.8/site-packages/airflow/example_dags/example_complex.py
[2021-03-09 19:20:15,657] {scheduler_job.py:639} INFO - DAG(s) dict_keys(['example_complex']) retrieved from /home/airflow/venv/lib/python3.8/site-packages/airflow/example_dags/example_complex.py
[2021-03-09 19:20:15,658] {logging_mixin.py:103} INFO - [2021-03-09 19:20:15,658] {dag.py:1813} INFO - Sync 1 DAGs
[2021-03-09 19:20:15,679] {logging_mixin.py:103} INFO - [2021-03-09 19:20:15,679] {dag.py:2266} INFO - Setting next_dagrun for example_complex to None
[2021-03-09 19:20:15,726] {scheduler_job.py:189} INFO - Processing /home/airflow/venv/lib/python3.8/site-packages/airflow/example_dags/example_complex.py took 0.091 seconds
[2021-03-09 19:20:42,467] {scheduler_job.py:181} INFO - Started process (PID=2131) to work on /home/airflow/venv/lib/python3.8/site-packages/airflow/example_dags/example_complex.py
[2021-03-09 19:20:42,468] {scheduler_job.py:629} INFO - Processing file /home/airflow/venv/lib/python3.8/site-packages/airflow/example_dags/example_complex.py for tasks to queue
[2021-03-09 19:20:42,468] {logging_mixin.py:103} INFO - [2021-03-09 19:20:42,468] {dagbag.py:440} INFO - Filling up the DagBag from /home/airflow/venv/lib/python3.8/site-packages/airflow/example_dags/example_complex.py
[2021-03-09 19:20:42,479] {scheduler_job.py:639} INFO - DAG(s) dict_keys(['example_complex']) retrieved from /home/airflow/venv/lib/python3.8/site-packages/airflow/example_dags/example_complex.py
[2021-03-09 19:20:42,480] {logging_mixin.py:103} INFO - [2021-03-09 19:20:42,480] {dag.py:1813} INFO - Sync 1 DAGs
[2021-03-09 19:20:42,491] {logging_mixin.py:103} INFO - [2021-03-09 19:20:42,491] {dag.py:2266} INFO - Setting next_dagrun for example_complex to None
[2021-03-09 19:20:42,505] {scheduler_job.py:189} INFO - Processing /home/airflow/venv/lib/python3.8/site-packages/airflow/example_dags/example_complex.py took 0.040 seconds
[2021-03-09 19:21:09,437] {scheduler_job.py:181} INFO - Started process (PID=2206) to work on /home/airflow/venv/lib/python3.8/site-packages/airflow/example_dags/example_complex.py
[2021-03-09 19:21:09,438] {scheduler_job.py:629} INFO - Processing file /home/airflow/venv/lib/python3.8/site-packages/airflow/example_dags/example_complex.py for tasks to queue
[2021-03-09 19:21:09,438] {logging_mixin.py:103} INFO - [2021-03-09 19:21:09,438] {dagbag.py:440} INFO - Filling up the DagBag from /home/airflow/venv/lib/python3.8/site-packages/airflow/example_dags/example_complex.py
[2021-03-09 19:21:09,449] {scheduler_job.py:639} INFO - DAG(s) dict_keys(['example_complex']) retrieved from /home/airflow/venv/lib/python3.8/site-packages/airflow/example_dags/example_complex.py
[2021-03-09 19:21:09,449] {logging_mixin.py:103} INFO - [2021-03-09 19:21:09,449] {dag.py:1813} INFO - Sync 1 DAGs
[2021-03-09 19:21:09,462] {logging_mixin.py:103} INFO - [2021-03-09 19:21:09,462] {dag.py:2266} INFO - Setting next_dagrun for example_complex to None
[2021-03-09 19:21:09,477] {scheduler_job.py:189} INFO - Processing /home/airflow/venv/lib/python3.8/site-packages/airflow/example_dags/example_complex.py took 0.046 seconds
[2021-03-09 19:21:35,778] {scheduler_job.py:181} INFO - Started process (PID=2274) to work on /home/airflow/venv/lib/python3.8/site-packages/airflow/example_dags/example_complex.py
[2021-03-09 19:21:35,779] {scheduler_job.py:629} INFO - Processing file /home/airflow/venv/lib/python3.8/site-packages/airflow/example_dags/example_complex.py for tasks to queue
[2021-03-09 19:21:35,779] {logging_mixin.py:103} INFO - [2021-03-09 19:21:35,779] {dagbag.py:440} INFO - Filling up the DagBag from /home/airflow/venv/lib/python3.8/site-packages/airflow/example_dags/example_complex.py
[2021-03-09 19:21:35,798] {scheduler_job.py:639} INFO - DAG(s) dict_keys(['example_complex']) retrieved from /home/airflow/venv/lib/python3.8/site-packages/airflow/example_dags/example_complex.py
[2021-03-09 19:21:35,799] {logging_mixin.py:103} INFO - [2021-03-09 19:21:35,799] {dag.py:1813} INFO - Sync 1 DAGs
[2021-03-09 19:21:35,813] {logging_mixin.py:103} INFO - [2021-03-09 19:21:35,812] {dag.py:2266} INFO - Setting next_dagrun for example_complex to None
[2021-03-09 19:21:35,828] {scheduler_job.py:189} INFO - Processing /home/airflow/venv/lib/python3.8/site-packages/airflow/example_dags/example_complex.py took 0.056 seconds
[2021-03-09 19:22:01,037] {scheduler_job.py:181} INFO - Started process (PID=2349) to work on /home/airflow/venv/lib/python3.8/site-packages/airflow/example_dags/example_complex.py
[2021-03-09 19:22:01,039] {scheduler_job.py:629} INFO - Processing file /home/airflow/venv/lib/python3.8/site-packages/airflow/example_dags/example_complex.py for tasks to queue
[2021-03-09 19:22:01,039] {logging_mixin.py:103} INFO - [2021-03-09 19:22:01,039] {dagbag.py:440} INFO - Filling up the DagBag from /home/airflow/venv/lib/python3.8/site-packages/airflow/example_dags/example_complex.py
[2021-03-09 19:22:01,052] {scheduler_job.py:639} INFO - DAG(s) dict_keys(['example_complex']) retrieved from /home/airflow/venv/lib/python3.8/site-packages/airflow/example_dags/example_complex.py
[2021-03-09 19:22:01,053] {logging_mixin.py:103} INFO - [2021-03-09 19:22:01,053] {dag.py:1813} INFO - Sync 1 DAGs
[2021-03-09 19:22:01,066] {logging_mixin.py:103} INFO - [2021-03-09 19:22:01,066] {dag.py:2266} INFO - Setting next_dagrun for example_complex to None
[2021-03-09 19:22:01,081] {scheduler_job.py:189} INFO - Processing /home/airflow/venv/lib/python3.8/site-packages/airflow/example_dags/example_complex.py took 0.050 seconds
[2021-03-09 19:22:26,270] {scheduler_job.py:181} INFO - Started process (PID=2416) to work on /home/airflow/venv/lib/python3.8/site-packages/airflow/example_dags/example_complex.py
[2021-03-09 19:22:26,271] {scheduler_job.py:629} INFO - Processing file /home/airflow/venv/lib/python3.8/site-packages/airflow/example_dags/example_complex.py for tasks to queue
[2021-03-09 19:22:26,272] {logging_mixin.py:103} INFO - [2021-03-09 19:22:26,272] {dagbag.py:440} INFO - Filling up the DagBag from /home/airflow/venv/lib/python3.8/site-packages/airflow/example_dags/example_complex.py
[2021-03-09 19:22:26,288] {scheduler_job.py:639} INFO - DAG(s) dict_keys(['example_complex']) retrieved from /home/airflow/venv/lib/python3.8/site-packages/airflow/example_dags/example_complex.py
[2021-03-09 19:22:26,289] {logging_mixin.py:103} INFO - [2021-03-09 19:22:26,289] {dag.py:1813} INFO - Sync 1 DAGs
[2021-03-09 19:22:26,303] {logging_mixin.py:103} INFO - [2021-03-09 19:22:26,303] {dag.py:2266} INFO - Setting next_dagrun for example_complex to None
[2021-03-09 19:22:26,321] {scheduler_job.py:189} INFO - Processing /home/airflow/venv/lib/python3.8/site-packages/airflow/example_dags/example_complex.py took 0.057 seconds
[2021-03-09 19:22:52,557] {scheduler_job.py:181} INFO - Started process (PID=2486) to work on /home/airflow/venv/lib/python3.8/site-packages/airflow/example_dags/example_complex.py
[2021-03-09 19:22:52,558] {scheduler_job.py:629} INFO - Processing file /home/airflow/venv/lib/python3.8/site-packages/airflow/example_dags/example_complex.py for tasks to queue
[2021-03-09 19:22:52,558] {logging_mixin.py:103} INFO - [2021-03-09 19:22:52,558] {dagbag.py:440} INFO - Filling up the DagBag from /home/airflow/venv/lib/python3.8/site-packages/airflow/example_dags/example_complex.py
[2021-03-09 19:22:52,571] {scheduler_job.py:639} INFO - DAG(s) dict_keys(['example_complex']) retrieved from /home/airflow/venv/lib/python3.8/site-packages/airflow/example_dags/example_complex.py
[2021-03-09 19:22:52,572] {logging_mixin.py:103} INFO - [2021-03-09 19:22:52,572] {dag.py:1813} INFO - Sync 1 DAGs
[2021-03-09 19:22:52,583] {logging_mixin.py:103} INFO - [2021-03-09 19:22:52,583] {dag.py:2266} INFO - Setting next_dagrun for example_complex to None
[2021-03-09 19:22:52,596] {scheduler_job.py:189} INFO - Processing /home/airflow/venv/lib/python3.8/site-packages/airflow/example_dags/example_complex.py took 0.045 seconds
[2021-03-09 19:23:19,808] {scheduler_job.py:181} INFO - Started process (PID=2553) to work on /home/airflow/venv/lib/python3.8/site-packages/airflow/example_dags/example_complex.py
[2021-03-09 19:23:19,817] {scheduler_job.py:629} INFO - Processing file /home/airflow/venv/lib/python3.8/site-packages/airflow/example_dags/example_complex.py for tasks to queue
[2021-03-09 19:23:19,817] {logging_mixin.py:103} INFO - [2021-03-09 19:23:19,817] {dagbag.py:440} INFO - Filling up the DagBag from /home/airflow/venv/lib/python3.8/site-packages/airflow/example_dags/example_complex.py
[2021-03-09 19:23:19,840] {scheduler_job.py:639} INFO - DAG(s) dict_keys(['example_complex']) retrieved from /home/airflow/venv/lib/python3.8/site-packages/airflow/example_dags/example_complex.py
[2021-03-09 19:23:19,840] {logging_mixin.py:103} INFO - [2021-03-09 19:23:19,840] {dag.py:1813} INFO - Sync 1 DAGs
[2021-03-09 19:23:19,867] {logging_mixin.py:103} INFO - [2021-03-09 19:23:19,867] {dag.py:2266} INFO - Setting next_dagrun for example_complex to None
[2021-03-09 19:23:19,892] {scheduler_job.py:189} INFO - Processing /home/airflow/venv/lib/python3.8/site-packages/airflow/example_dags/example_complex.py took 0.086 seconds
[2021-03-09 19:23:45,124] {scheduler_job.py:181} INFO - Started process (PID=2619) to work on /home/airflow/venv/lib/python3.8/site-packages/airflow/example_dags/example_complex.py
[2021-03-09 19:23:45,125] {scheduler_job.py:629} INFO - Processing file /home/airflow/venv/lib/python3.8/site-packages/airflow/example_dags/example_complex.py for tasks to queue
[2021-03-09 19:23:45,125] {logging_mixin.py:103} INFO - [2021-03-09 19:23:45,125] {dagbag.py:440} INFO - Filling up the DagBag from /home/airflow/venv/lib/python3.8/site-packages/airflow/example_dags/example_complex.py
[2021-03-09 19:23:45,136] {scheduler_job.py:639} INFO - DAG(s) dict_keys(['example_complex']) retrieved from /home/airflow/venv/lib/python3.8/site-packages/airflow/example_dags/example_complex.py
[2021-03-09 19:23:45,136] {logging_mixin.py:103} INFO - [2021-03-09 19:23:45,136] {dag.py:1813} INFO - Sync 1 DAGs
[2021-03-09 19:23:45,148] {logging_mixin.py:103} INFO - [2021-03-09 19:23:45,148] {dag.py:2266} INFO - Setting next_dagrun for example_complex to None
[2021-03-09 19:23:45,161] {scheduler_job.py:189} INFO - Processing /home/airflow/venv/lib/python3.8/site-packages/airflow/example_dags/example_complex.py took 0.042 seconds
[2021-03-09 19:24:10,409] {scheduler_job.py:181} INFO - Started process (PID=2683) to work on /home/airflow/venv/lib/python3.8/site-packages/airflow/example_dags/example_complex.py
[2021-03-09 19:24:10,410] {scheduler_job.py:629} INFO - Processing file /home/airflow/venv/lib/python3.8/site-packages/airflow/example_dags/example_complex.py for tasks to queue
[2021-03-09 19:24:10,410] {logging_mixin.py:103} INFO - [2021-03-09 19:24:10,410] {dagbag.py:440} INFO - Filling up the DagBag from /home/airflow/venv/lib/python3.8/site-packages/airflow/example_dags/example_complex.py
[2021-03-09 19:24:10,422] {scheduler_job.py:639} INFO - DAG(s) dict_keys(['example_complex']) retrieved from /home/airflow/venv/lib/python3.8/site-packages/airflow/example_dags/example_complex.py
[2021-03-09 19:24:10,422] {logging_mixin.py:103} INFO - [2021-03-09 19:24:10,422] {dag.py:1813} INFO - Sync 1 DAGs
[2021-03-09 19:24:10,433] {logging_mixin.py:103} INFO - [2021-03-09 19:24:10,433] {dag.py:2266} INFO - Setting next_dagrun for example_complex to None
[2021-03-09 19:24:10,447] {scheduler_job.py:189} INFO - Processing /home/airflow/venv/lib/python3.8/site-packages/airflow/example_dags/example_complex.py took 0.044 seconds
[2021-03-09 19:24:36,709] {scheduler_job.py:181} INFO - Started process (PID=2751) to work on /home/airflow/venv/lib/python3.8/site-packages/airflow/example_dags/example_complex.py
[2021-03-09 19:24:36,709] {scheduler_job.py:629} INFO - Processing file /home/airflow/venv/lib/python3.8/site-packages/airflow/example_dags/example_complex.py for tasks to queue
[2021-03-09 19:24:36,713] {logging_mixin.py:103} INFO - [2021-03-09 19:24:36,713] {dagbag.py:440} INFO - Filling up the DagBag from /home/airflow/venv/lib/python3.8/site-packages/airflow/example_dags/example_complex.py
[2021-03-09 19:24:36,724] {scheduler_job.py:639} INFO - DAG(s) dict_keys(['example_complex']) retrieved from /home/airflow/venv/lib/python3.8/site-packages/airflow/example_dags/example_complex.py
[2021-03-09 19:24:36,725] {logging_mixin.py:103} INFO - [2021-03-09 19:24:36,725] {dag.py:1813} INFO - Sync 1 DAGs
[2021-03-09 19:24:36,734] {logging_mixin.py:103} INFO - [2021-03-09 19:24:36,734] {dag.py:2266} INFO - Setting next_dagrun for example_complex to None
[2021-03-09 19:24:36,751] {scheduler_job.py:189} INFO - Processing /home/airflow/venv/lib/python3.8/site-packages/airflow/example_dags/example_complex.py took 0.044 seconds
[2021-03-09 19:25:03,018] {scheduler_job.py:181} INFO - Started process (PID=2818) to work on /home/airflow/venv/lib/python3.8/site-packages/airflow/example_dags/example_complex.py
[2021-03-09 19:25:03,019] {scheduler_job.py:629} INFO - Processing file /home/airflow/venv/lib/python3.8/site-packages/airflow/example_dags/example_complex.py for tasks to queue
[2021-03-09 19:25:03,020] {logging_mixin.py:103} INFO - [2021-03-09 19:25:03,020] {dagbag.py:440} INFO - Filling up the DagBag from /home/airflow/venv/lib/python3.8/site-packages/airflow/example_dags/example_complex.py
[2021-03-09 19:25:03,034] {scheduler_job.py:639} INFO - DAG(s) dict_keys(['example_complex']) retrieved from /home/airflow/venv/lib/python3.8/site-packages/airflow/example_dags/example_complex.py
[2021-03-09 19:25:03,035] {logging_mixin.py:103} INFO - [2021-03-09 19:25:03,035] {dag.py:1813} INFO - Sync 1 DAGs
[2021-03-09 19:25:03,048] {logging_mixin.py:103} INFO - [2021-03-09 19:25:03,048] {dag.py:2266} INFO - Setting next_dagrun for example_complex to None
[2021-03-09 19:25:03,063] {scheduler_job.py:189} INFO - Processing /home/airflow/venv/lib/python3.8/site-packages/airflow/example_dags/example_complex.py took 0.046 seconds
[2021-03-09 19:25:30,182] {scheduler_job.py:181} INFO - Started process (PID=2888) to work on /home/airflow/venv/lib/python3.8/site-packages/airflow/example_dags/example_complex.py
[2021-03-09 19:25:30,183] {scheduler_job.py:629} INFO - Processing file /home/airflow/venv/lib/python3.8/site-packages/airflow/example_dags/example_complex.py for tasks to queue
[2021-03-09 19:25:30,183] {logging_mixin.py:103} INFO - [2021-03-09 19:25:30,183] {dagbag.py:440} INFO - Filling up the DagBag from /home/airflow/venv/lib/python3.8/site-packages/airflow/example_dags/example_complex.py
[2021-03-09 19:25:30,204] {scheduler_job.py:639} INFO - DAG(s) dict_keys(['example_complex']) retrieved from /home/airflow/venv/lib/python3.8/site-packages/airflow/example_dags/example_complex.py
[2021-03-09 19:25:30,205] {logging_mixin.py:103} INFO - [2021-03-09 19:25:30,205] {dag.py:1813} INFO - Sync 1 DAGs
[2021-03-09 19:25:30,217] {logging_mixin.py:103} INFO - [2021-03-09 19:25:30,217] {dag.py:2266} INFO - Setting next_dagrun for example_complex to None
[2021-03-09 19:25:30,230] {scheduler_job.py:189} INFO - Processing /home/airflow/venv/lib/python3.8/site-packages/airflow/example_dags/example_complex.py took 0.050 seconds
[2021-03-09 19:25:55,545] {scheduler_job.py:181} INFO - Started process (PID=2956) to work on /home/airflow/venv/lib/python3.8/site-packages/airflow/example_dags/example_complex.py
[2021-03-09 19:25:55,546] {scheduler_job.py:629} INFO - Processing file /home/airflow/venv/lib/python3.8/site-packages/airflow/example_dags/example_complex.py for tasks to queue
[2021-03-09 19:25:55,547] {logging_mixin.py:103} INFO - [2021-03-09 19:25:55,547] {dagbag.py:440} INFO - Filling up the DagBag from /home/airflow/venv/lib/python3.8/site-packages/airflow/example_dags/example_complex.py
[2021-03-09 19:25:55,559] {scheduler_job.py:639} INFO - DAG(s) dict_keys(['example_complex']) retrieved from /home/airflow/venv/lib/python3.8/site-packages/airflow/example_dags/example_complex.py
[2021-03-09 19:25:55,560] {logging_mixin.py:103} INFO - [2021-03-09 19:25:55,560] {dag.py:1813} INFO - Sync 1 DAGs
[2021-03-09 19:25:55,579] {logging_mixin.py:103} INFO - [2021-03-09 19:25:55,579] {dag.py:2266} INFO - Setting next_dagrun for example_complex to None
[2021-03-09 19:25:55,591] {scheduler_job.py:189} INFO - Processing /home/airflow/venv/lib/python3.8/site-packages/airflow/example_dags/example_complex.py took 0.052 seconds
[2021-03-09 19:26:20,826] {scheduler_job.py:181} INFO - Started process (PID=3019) to work on /home/airflow/venv/lib/python3.8/site-packages/airflow/example_dags/example_complex.py
[2021-03-09 19:26:20,827] {scheduler_job.py:629} INFO - Processing file /home/airflow/venv/lib/python3.8/site-packages/airflow/example_dags/example_complex.py for tasks to queue
[2021-03-09 19:26:20,827] {logging_mixin.py:103} INFO - [2021-03-09 19:26:20,827] {dagbag.py:440} INFO - Filling up the DagBag from /home/airflow/venv/lib/python3.8/site-packages/airflow/example_dags/example_complex.py
[2021-03-09 19:26:20,848] {scheduler_job.py:639} INFO - DAG(s) dict_keys(['example_complex']) retrieved from /home/airflow/venv/lib/python3.8/site-packages/airflow/example_dags/example_complex.py
[2021-03-09 19:26:20,848] {logging_mixin.py:103} INFO - [2021-03-09 19:26:20,848] {dag.py:1813} INFO - Sync 1 DAGs
[2021-03-09 19:26:20,859] {logging_mixin.py:103} INFO - [2021-03-09 19:26:20,859] {dag.py:2266} INFO - Setting next_dagrun for example_complex to None
[2021-03-09 19:26:20,873] {scheduler_job.py:189} INFO - Processing /home/airflow/venv/lib/python3.8/site-packages/airflow/example_dags/example_complex.py took 0.049 seconds
[2021-03-09 19:26:46,047] {scheduler_job.py:181} INFO - Started process (PID=3083) to work on /home/airflow/venv/lib/python3.8/site-packages/airflow/example_dags/example_complex.py
[2021-03-09 19:26:46,051] {scheduler_job.py:629} INFO - Processing file /home/airflow/venv/lib/python3.8/site-packages/airflow/example_dags/example_complex.py for tasks to queue
[2021-03-09 19:26:46,051] {logging_mixin.py:103} INFO - [2021-03-09 19:26:46,051] {dagbag.py:440} INFO - Filling up the DagBag from /home/airflow/venv/lib/python3.8/site-packages/airflow/example_dags/example_complex.py
[2021-03-09 19:26:46,066] {scheduler_job.py:639} INFO - DAG(s) dict_keys(['example_complex']) retrieved from /home/airflow/venv/lib/python3.8/site-packages/airflow/example_dags/example_complex.py
[2021-03-09 19:26:46,066] {logging_mixin.py:103} INFO - [2021-03-09 19:26:46,066] {dag.py:1813} INFO - Sync 1 DAGs
[2021-03-09 19:26:46,089] {logging_mixin.py:103} INFO - [2021-03-09 19:26:46,089] {dag.py:2266} INFO - Setting next_dagrun for example_complex to None
[2021-03-09 19:26:46,105] {scheduler_job.py:189} INFO - Processing /home/airflow/venv/lib/python3.8/site-packages/airflow/example_dags/example_complex.py took 0.060 seconds
[2021-03-09 19:27:12,419] {scheduler_job.py:181} INFO - Started process (PID=3150) to work on /home/airflow/venv/lib/python3.8/site-packages/airflow/example_dags/example_complex.py
[2021-03-09 19:27:12,420] {scheduler_job.py:629} INFO - Processing file /home/airflow/venv/lib/python3.8/site-packages/airflow/example_dags/example_complex.py for tasks to queue
[2021-03-09 19:27:12,423] {logging_mixin.py:103} INFO - [2021-03-09 19:27:12,420] {dagbag.py:440} INFO - Filling up the DagBag from /home/airflow/venv/lib/python3.8/site-packages/airflow/example_dags/example_complex.py
[2021-03-09 19:27:12,434] {scheduler_job.py:639} INFO - DAG(s) dict_keys(['example_complex']) retrieved from /home/airflow/venv/lib/python3.8/site-packages/airflow/example_dags/example_complex.py
[2021-03-09 19:27:12,435] {logging_mixin.py:103} INFO - [2021-03-09 19:27:12,435] {dag.py:1813} INFO - Sync 1 DAGs
[2021-03-09 19:27:12,445] {logging_mixin.py:103} INFO - [2021-03-09 19:27:12,445] {dag.py:2266} INFO - Setting next_dagrun for example_complex to None
[2021-03-09 19:27:12,467] {scheduler_job.py:189} INFO - Processing /home/airflow/venv/lib/python3.8/site-packages/airflow/example_dags/example_complex.py took 0.050 seconds
[2021-03-09 19:27:39,470] {scheduler_job.py:181} INFO - Started process (PID=3221) to work on /home/airflow/venv/lib/python3.8/site-packages/airflow/example_dags/example_complex.py
[2021-03-09 19:27:39,471] {scheduler_job.py:629} INFO - Processing file /home/airflow/venv/lib/python3.8/site-packages/airflow/example_dags/example_complex.py for tasks to queue
[2021-03-09 19:27:39,471] {logging_mixin.py:103} INFO - [2021-03-09 19:27:39,471] {dagbag.py:440} INFO - Filling up the DagBag from /home/airflow/venv/lib/python3.8/site-packages/airflow/example_dags/example_complex.py
[2021-03-09 19:27:39,481] {scheduler_job.py:639} INFO - DAG(s) dict_keys(['example_complex']) retrieved from /home/airflow/venv/lib/python3.8/site-packages/airflow/example_dags/example_complex.py
[2021-03-09 19:27:39,482] {logging_mixin.py:103} INFO - [2021-03-09 19:27:39,482] {dag.py:1813} INFO - Sync 1 DAGs
[2021-03-09 19:27:39,492] {logging_mixin.py:103} INFO - [2021-03-09 19:27:39,492] {dag.py:2266} INFO - Setting next_dagrun for example_complex to None
[2021-03-09 19:27:39,504] {scheduler_job.py:189} INFO - Processing /home/airflow/venv/lib/python3.8/site-packages/airflow/example_dags/example_complex.py took 0.041 seconds
[2021-03-09 19:28:05,003] {scheduler_job.py:181} INFO - Started process (PID=3285) to work on /home/airflow/venv/lib/python3.8/site-packages/airflow/example_dags/example_complex.py
[2021-03-09 19:28:05,004] {scheduler_job.py:629} INFO - Processing file /home/airflow/venv/lib/python3.8/site-packages/airflow/example_dags/example_complex.py for tasks to queue
[2021-03-09 19:28:05,004] {logging_mixin.py:103} INFO - [2021-03-09 19:28:05,004] {dagbag.py:440} INFO - Filling up the DagBag from /home/airflow/venv/lib/python3.8/site-packages/airflow/example_dags/example_complex.py
[2021-03-09 19:28:05,020] {scheduler_job.py:639} INFO - DAG(s) dict_keys(['example_complex']) retrieved from /home/airflow/venv/lib/python3.8/site-packages/airflow/example_dags/example_complex.py
[2021-03-09 19:28:05,021] {logging_mixin.py:103} INFO - [2021-03-09 19:28:05,021] {dag.py:1813} INFO - Sync 1 DAGs
[2021-03-09 19:28:05,032] {logging_mixin.py:103} INFO - [2021-03-09 19:28:05,032] {dag.py:2266} INFO - Setting next_dagrun for example_complex to None
[2021-03-09 19:28:05,046] {scheduler_job.py:189} INFO - Processing /home/airflow/venv/lib/python3.8/site-packages/airflow/example_dags/example_complex.py took 0.045 seconds
[2021-03-09 19:28:30,257] {scheduler_job.py:181} INFO - Started process (PID=3352) to work on /home/airflow/venv/lib/python3.8/site-packages/airflow/example_dags/example_complex.py
[2021-03-09 19:28:30,258] {scheduler_job.py:629} INFO - Processing file /home/airflow/venv/lib/python3.8/site-packages/airflow/example_dags/example_complex.py for tasks to queue
[2021-03-09 19:28:30,258] {logging_mixin.py:103} INFO - [2021-03-09 19:28:30,258] {dagbag.py:440} INFO - Filling up the DagBag from /home/airflow/venv/lib/python3.8/site-packages/airflow/example_dags/example_complex.py
[2021-03-09 19:28:30,270] {scheduler_job.py:639} INFO - DAG(s) dict_keys(['example_complex']) retrieved from /home/airflow/venv/lib/python3.8/site-packages/airflow/example_dags/example_complex.py
[2021-03-09 19:28:30,270] {logging_mixin.py:103} INFO - [2021-03-09 19:28:30,270] {dag.py:1813} INFO - Sync 1 DAGs
[2021-03-09 19:28:30,289] {logging_mixin.py:103} INFO - [2021-03-09 19:28:30,289] {dag.py:2266} INFO - Setting next_dagrun for example_complex to None
[2021-03-09 19:28:30,303] {scheduler_job.py:189} INFO - Processing /home/airflow/venv/lib/python3.8/site-packages/airflow/example_dags/example_complex.py took 0.053 seconds
[2021-03-09 19:28:55,744] {scheduler_job.py:181} INFO - Started process (PID=3416) to work on /home/airflow/venv/lib/python3.8/site-packages/airflow/example_dags/example_complex.py
[2021-03-09 19:28:55,749] {scheduler_job.py:629} INFO - Processing file /home/airflow/venv/lib/python3.8/site-packages/airflow/example_dags/example_complex.py for tasks to queue
[2021-03-09 19:28:55,750] {logging_mixin.py:103} INFO - [2021-03-09 19:28:55,750] {dagbag.py:440} INFO - Filling up the DagBag from /home/airflow/venv/lib/python3.8/site-packages/airflow/example_dags/example_complex.py
[2021-03-09 19:28:55,768] {scheduler_job.py:639} INFO - DAG(s) dict_keys(['example_complex']) retrieved from /home/airflow/venv/lib/python3.8/site-packages/airflow/example_dags/example_complex.py
[2021-03-09 19:28:55,769] {logging_mixin.py:103} INFO - [2021-03-09 19:28:55,768] {dag.py:1813} INFO - Sync 1 DAGs
[2021-03-09 19:28:55,795] {logging_mixin.py:103} INFO - [2021-03-09 19:28:55,795] {dag.py:2266} INFO - Setting next_dagrun for example_complex to None
[2021-03-09 19:28:55,831] {scheduler_job.py:189} INFO - Processing /home/airflow/venv/lib/python3.8/site-packages/airflow/example_dags/example_complex.py took 0.088 seconds
[2021-03-09 19:29:21,837] {scheduler_job.py:181} INFO - Started process (PID=3510) to work on /home/airflow/venv/lib/python3.8/site-packages/airflow/example_dags/example_complex.py
[2021-03-09 19:29:21,838] {scheduler_job.py:629} INFO - Processing file /home/airflow/venv/lib/python3.8/site-packages/airflow/example_dags/example_complex.py for tasks to queue
[2021-03-09 19:29:21,838] {logging_mixin.py:103} INFO - [2021-03-09 19:29:21,838] {dagbag.py:440} INFO - Filling up the DagBag from /home/airflow/venv/lib/python3.8/site-packages/airflow/example_dags/example_complex.py
[2021-03-09 19:29:21,848] {scheduler_job.py:639} INFO - DAG(s) dict_keys(['example_complex']) retrieved from /home/airflow/venv/lib/python3.8/site-packages/airflow/example_dags/example_complex.py
[2021-03-09 19:29:21,848] {logging_mixin.py:103} INFO - [2021-03-09 19:29:21,848] {dag.py:1813} INFO - Sync 1 DAGs
[2021-03-09 19:29:21,861] {logging_mixin.py:103} INFO - [2021-03-09 19:29:21,861] {dag.py:2266} INFO - Setting next_dagrun for example_complex to None
[2021-03-09 19:29:21,875] {scheduler_job.py:189} INFO - Processing /home/airflow/venv/lib/python3.8/site-packages/airflow/example_dags/example_complex.py took 0.044 seconds
[2021-03-09 19:29:48,008] {scheduler_job.py:181} INFO - Started process (PID=3579) to work on /home/airflow/venv/lib/python3.8/site-packages/airflow/example_dags/example_complex.py
[2021-03-09 19:29:48,013] {scheduler_job.py:629} INFO - Processing file /home/airflow/venv/lib/python3.8/site-packages/airflow/example_dags/example_complex.py for tasks to queue
[2021-03-09 19:29:48,013] {logging_mixin.py:103} INFO - [2021-03-09 19:29:48,013] {dagbag.py:440} INFO - Filling up the DagBag from /home/airflow/venv/lib/python3.8/site-packages/airflow/example_dags/example_complex.py
[2021-03-09 19:29:48,023] {scheduler_job.py:639} INFO - DAG(s) dict_keys(['example_complex']) retrieved from /home/airflow/venv/lib/python3.8/site-packages/airflow/example_dags/example_complex.py
[2021-03-09 19:29:48,024] {logging_mixin.py:103} INFO - [2021-03-09 19:29:48,023] {dag.py:1813} INFO - Sync 1 DAGs
[2021-03-09 19:29:48,034] {logging_mixin.py:103} INFO - [2021-03-09 19:29:48,034] {dag.py:2266} INFO - Setting next_dagrun for example_complex to None
[2021-03-09 19:29:48,053] {scheduler_job.py:189} INFO - Processing /home/airflow/venv/lib/python3.8/site-packages/airflow/example_dags/example_complex.py took 0.047 seconds
[2021-03-09 19:30:13,282] {scheduler_job.py:181} INFO - Started process (PID=3665) to work on /home/airflow/venv/lib/python3.8/site-packages/airflow/example_dags/example_complex.py
[2021-03-09 19:30:13,283] {scheduler_job.py:629} INFO - Processing file /home/airflow/venv/lib/python3.8/site-packages/airflow/example_dags/example_complex.py for tasks to queue
[2021-03-09 19:30:13,283] {logging_mixin.py:103} INFO - [2021-03-09 19:30:13,283] {dagbag.py:440} INFO - Filling up the DagBag from /home/airflow/venv/lib/python3.8/site-packages/airflow/example_dags/example_complex.py
[2021-03-09 19:30:13,297] {scheduler_job.py:639} INFO - DAG(s) dict_keys(['example_complex']) retrieved from /home/airflow/venv/lib/python3.8/site-packages/airflow/example_dags/example_complex.py
[2021-03-09 19:30:13,298] {logging_mixin.py:103} INFO - [2021-03-09 19:30:13,298] {dag.py:1813} INFO - Sync 1 DAGs
[2021-03-09 19:30:13,318] {logging_mixin.py:103} INFO - [2021-03-09 19:30:13,318] {dag.py:2266} INFO - Setting next_dagrun for example_complex to None
[2021-03-09 19:30:13,331] {scheduler_job.py:189} INFO - Processing /home/airflow/venv/lib/python3.8/site-packages/airflow/example_dags/example_complex.py took 0.050 seconds
[2021-03-09 19:30:38,538] {scheduler_job.py:181} INFO - Started process (PID=3733) to work on /home/airflow/venv/lib/python3.8/site-packages/airflow/example_dags/example_complex.py
[2021-03-09 19:30:38,541] {scheduler_job.py:629} INFO - Processing file /home/airflow/venv/lib/python3.8/site-packages/airflow/example_dags/example_complex.py for tasks to queue
[2021-03-09 19:30:38,542] {logging_mixin.py:103} INFO - [2021-03-09 19:30:38,542] {dagbag.py:440} INFO - Filling up the DagBag from /home/airflow/venv/lib/python3.8/site-packages/airflow/example_dags/example_complex.py
[2021-03-09 19:30:38,556] {scheduler_job.py:639} INFO - DAG(s) dict_keys(['example_complex']) retrieved from /home/airflow/venv/lib/python3.8/site-packages/airflow/example_dags/example_complex.py
[2021-03-09 19:30:38,556] {logging_mixin.py:103} INFO - [2021-03-09 19:30:38,556] {dag.py:1813} INFO - Sync 1 DAGs
[2021-03-09 19:30:38,567] {logging_mixin.py:103} INFO - [2021-03-09 19:30:38,567] {dag.py:2266} INFO - Setting next_dagrun for example_complex to None
[2021-03-09 19:30:38,589] {scheduler_job.py:189} INFO - Processing /home/airflow/venv/lib/python3.8/site-packages/airflow/example_dags/example_complex.py took 0.052 seconds
[2021-03-09 19:31:04,876] {scheduler_job.py:181} INFO - Started process (PID=3800) to work on /home/airflow/venv/lib/python3.8/site-packages/airflow/example_dags/example_complex.py
[2021-03-09 19:31:04,876] {scheduler_job.py:629} INFO - Processing file /home/airflow/venv/lib/python3.8/site-packages/airflow/example_dags/example_complex.py for tasks to queue
[2021-03-09 19:31:04,877] {logging_mixin.py:103} INFO - [2021-03-09 19:31:04,877] {dagbag.py:440} INFO - Filling up the DagBag from /home/airflow/venv/lib/python3.8/site-packages/airflow/example_dags/example_complex.py
[2021-03-09 19:31:04,889] {scheduler_job.py:639} INFO - DAG(s) dict_keys(['example_complex']) retrieved from /home/airflow/venv/lib/python3.8/site-packages/airflow/example_dags/example_complex.py
[2021-03-09 19:31:04,889] {logging_mixin.py:103} INFO - [2021-03-09 19:31:04,889] {dag.py:1813} INFO - Sync 1 DAGs
[2021-03-09 19:31:04,901] {logging_mixin.py:103} INFO - [2021-03-09 19:31:04,901] {dag.py:2266} INFO - Setting next_dagrun for example_complex to None
[2021-03-09 19:31:04,912] {scheduler_job.py:189} INFO - Processing /home/airflow/venv/lib/python3.8/site-packages/airflow/example_dags/example_complex.py took 0.038 seconds
[2021-03-09 19:31:30,143] {scheduler_job.py:181} INFO - Started process (PID=3864) to work on /home/airflow/venv/lib/python3.8/site-packages/airflow/example_dags/example_complex.py
[2021-03-09 19:31:30,144] {scheduler_job.py:629} INFO - Processing file /home/airflow/venv/lib/python3.8/site-packages/airflow/example_dags/example_complex.py for tasks to queue
[2021-03-09 19:31:30,144] {logging_mixin.py:103} INFO - [2021-03-09 19:31:30,144] {dagbag.py:440} INFO - Filling up the DagBag from /home/airflow/venv/lib/python3.8/site-packages/airflow/example_dags/example_complex.py
[2021-03-09 19:31:30,164] {scheduler_job.py:639} INFO - DAG(s) dict_keys(['example_complex']) retrieved from /home/airflow/venv/lib/python3.8/site-packages/airflow/example_dags/example_complex.py
[2021-03-09 19:31:30,164] {logging_mixin.py:103} INFO - [2021-03-09 19:31:30,164] {dag.py:1813} INFO - Sync 1 DAGs
[2021-03-09 19:31:30,185] {logging_mixin.py:103} INFO - [2021-03-09 19:31:30,185] {dag.py:2266} INFO - Setting next_dagrun for example_complex to None
[2021-03-09 19:31:30,213] {scheduler_job.py:189} INFO - Processing /home/airflow/venv/lib/python3.8/site-packages/airflow/example_dags/example_complex.py took 0.071 seconds
[2021-03-09 19:31:56,430] {scheduler_job.py:181} INFO - Started process (PID=3930) to work on /home/airflow/venv/lib/python3.8/site-packages/airflow/example_dags/example_complex.py
[2021-03-09 19:31:56,431] {scheduler_job.py:629} INFO - Processing file /home/airflow/venv/lib/python3.8/site-packages/airflow/example_dags/example_complex.py for tasks to queue
[2021-03-09 19:31:56,431] {logging_mixin.py:103} INFO - [2021-03-09 19:31:56,431] {dagbag.py:440} INFO - Filling up the DagBag from /home/airflow/venv/lib/python3.8/site-packages/airflow/example_dags/example_complex.py
[2021-03-09 19:31:56,445] {scheduler_job.py:639} INFO - DAG(s) dict_keys(['example_complex']) retrieved from /home/airflow/venv/lib/python3.8/site-packages/airflow/example_dags/example_complex.py
[2021-03-09 19:31:56,446] {logging_mixin.py:103} INFO - [2021-03-09 19:31:56,446] {dag.py:1813} INFO - Sync 1 DAGs
[2021-03-09 19:31:56,457] {logging_mixin.py:103} INFO - [2021-03-09 19:31:56,457] {dag.py:2266} INFO - Setting next_dagrun for example_complex to None
[2021-03-09 19:31:56,469] {scheduler_job.py:189} INFO - Processing /home/airflow/venv/lib/python3.8/site-packages/airflow/example_dags/example_complex.py took 0.046 seconds
[2021-03-09 19:57:08,562] {scheduler_job.py:181} INFO - Started process (PID=3997) to work on /home/airflow/venv/lib/python3.8/site-packages/airflow/example_dags/example_complex.py
[2021-03-09 19:57:08,563] {scheduler_job.py:629} INFO - Processing file /home/airflow/venv/lib/python3.8/site-packages/airflow/example_dags/example_complex.py for tasks to queue
[2021-03-09 19:57:08,564] {logging_mixin.py:103} INFO - [2021-03-09 19:57:08,564] {dagbag.py:440} INFO - Filling up the DagBag from /home/airflow/venv/lib/python3.8/site-packages/airflow/example_dags/example_complex.py
[2021-03-09 19:57:08,606] {scheduler_job.py:639} INFO - DAG(s) dict_keys(['example_complex']) retrieved from /home/airflow/venv/lib/python3.8/site-packages/airflow/example_dags/example_complex.py
[2021-03-09 19:57:08,606] {logging_mixin.py:103} INFO - [2021-03-09 19:57:08,606] {dag.py:1813} INFO - Sync 1 DAGs
[2021-03-09 19:57:08,683] {logging_mixin.py:103} INFO - [2021-03-09 19:57:08,682] {dag.py:2266} INFO - Setting next_dagrun for example_complex to None
[2021-03-09 19:57:08,753] {scheduler_job.py:189} INFO - Processing /home/airflow/venv/lib/python3.8/site-packages/airflow/example_dags/example_complex.py took 0.198 seconds
[2021-03-09 19:57:33,797] {scheduler_job.py:181} INFO - Started process (PID=4027) to work on /home/airflow/venv/lib/python3.8/site-packages/airflow/example_dags/example_complex.py
[2021-03-09 19:57:33,799] {scheduler_job.py:629} INFO - Processing file /home/airflow/venv/lib/python3.8/site-packages/airflow/example_dags/example_complex.py for tasks to queue
[2021-03-09 19:57:33,801] {logging_mixin.py:103} INFO - [2021-03-09 19:57:33,801] {dagbag.py:440} INFO - Filling up the DagBag from /home/airflow/venv/lib/python3.8/site-packages/airflow/example_dags/example_complex.py
[2021-03-09 19:57:33,815] {scheduler_job.py:639} INFO - DAG(s) dict_keys(['example_complex']) retrieved from /home/airflow/venv/lib/python3.8/site-packages/airflow/example_dags/example_complex.py
[2021-03-09 19:57:33,817] {logging_mixin.py:103} INFO - [2021-03-09 19:57:33,816] {dag.py:1813} INFO - Sync 1 DAGs
[2021-03-09 19:57:33,831] {logging_mixin.py:103} INFO - [2021-03-09 19:57:33,831] {dag.py:2266} INFO - Setting next_dagrun for example_complex to None
[2021-03-09 19:57:33,846] {scheduler_job.py:189} INFO - Processing /home/airflow/venv/lib/python3.8/site-packages/airflow/example_dags/example_complex.py took 0.055 seconds
[2021-03-09 19:57:59,065] {scheduler_job.py:181} INFO - Started process (PID=4238) to work on /home/airflow/venv/lib/python3.8/site-packages/airflow/example_dags/example_complex.py
[2021-03-09 19:57:59,066] {scheduler_job.py:629} INFO - Processing file /home/airflow/venv/lib/python3.8/site-packages/airflow/example_dags/example_complex.py for tasks to queue
[2021-03-09 19:57:59,070] {logging_mixin.py:103} INFO - [2021-03-09 19:57:59,066] {dagbag.py:440} INFO - Filling up the DagBag from /home/airflow/venv/lib/python3.8/site-packages/airflow/example_dags/example_complex.py
[2021-03-09 19:57:59,084] {scheduler_job.py:639} INFO - DAG(s) dict_keys(['example_complex']) retrieved from /home/airflow/venv/lib/python3.8/site-packages/airflow/example_dags/example_complex.py
[2021-03-09 19:57:59,085] {logging_mixin.py:103} INFO - [2021-03-09 19:57:59,085] {dag.py:1813} INFO - Sync 1 DAGs
[2021-03-09 19:57:59,101] {logging_mixin.py:103} INFO - [2021-03-09 19:57:59,100] {dag.py:2266} INFO - Setting next_dagrun for example_complex to None
[2021-03-09 19:57:59,140] {scheduler_job.py:189} INFO - Processing /home/airflow/venv/lib/python3.8/site-packages/airflow/example_dags/example_complex.py took 0.082 seconds
[2021-03-09 19:58:26,346] {scheduler_job.py:181} INFO - Started process (PID=4365) to work on /home/airflow/venv/lib/python3.8/site-packages/airflow/example_dags/example_complex.py
[2021-03-09 19:58:26,364] {scheduler_job.py:629} INFO - Processing file /home/airflow/venv/lib/python3.8/site-packages/airflow/example_dags/example_complex.py for tasks to queue
[2021-03-09 19:58:26,364] {logging_mixin.py:103} INFO - [2021-03-09 19:58:26,364] {dagbag.py:440} INFO - Filling up the DagBag from /home/airflow/venv/lib/python3.8/site-packages/airflow/example_dags/example_complex.py
[2021-03-09 19:58:26,473] {scheduler_job.py:639} INFO - DAG(s) dict_keys(['example_complex']) retrieved from /home/airflow/venv/lib/python3.8/site-packages/airflow/example_dags/example_complex.py
[2021-03-09 19:58:26,474] {logging_mixin.py:103} INFO - [2021-03-09 19:58:26,474] {dag.py:1813} INFO - Sync 1 DAGs
[2021-03-09 19:58:26,582] {logging_mixin.py:103} INFO - [2021-03-09 19:58:26,582] {dag.py:2266} INFO - Setting next_dagrun for example_complex to None
[2021-03-09 19:58:26,625] {scheduler_job.py:189} INFO - Processing /home/airflow/venv/lib/python3.8/site-packages/airflow/example_dags/example_complex.py took 0.315 seconds
[2021-03-09 19:58:52,012] {scheduler_job.py:181} INFO - Started process (PID=4395) to work on /home/airflow/venv/lib/python3.8/site-packages/airflow/example_dags/example_complex.py
[2021-03-09 19:58:52,012] {scheduler_job.py:629} INFO - Processing file /home/airflow/venv/lib/python3.8/site-packages/airflow/example_dags/example_complex.py for tasks to queue
[2021-03-09 19:58:52,013] {logging_mixin.py:103} INFO - [2021-03-09 19:58:52,013] {dagbag.py:440} INFO - Filling up the DagBag from /home/airflow/venv/lib/python3.8/site-packages/airflow/example_dags/example_complex.py
[2021-03-09 19:58:52,036] {scheduler_job.py:639} INFO - DAG(s) dict_keys(['example_complex']) retrieved from /home/airflow/venv/lib/python3.8/site-packages/airflow/example_dags/example_complex.py
[2021-03-09 19:58:52,037] {logging_mixin.py:103} INFO - [2021-03-09 19:58:52,037] {dag.py:1813} INFO - Sync 1 DAGs
[2021-03-09 19:58:52,048] {logging_mixin.py:103} INFO - [2021-03-09 19:58:52,048] {dag.py:2266} INFO - Setting next_dagrun for example_complex to None
[2021-03-09 19:58:52,061] {scheduler_job.py:189} INFO - Processing /home/airflow/venv/lib/python3.8/site-packages/airflow/example_dags/example_complex.py took 0.052 seconds
[2021-03-09 19:59:17,239] {scheduler_job.py:181} INFO - Started process (PID=4426) to work on /home/airflow/venv/lib/python3.8/site-packages/airflow/example_dags/example_complex.py
[2021-03-09 19:59:17,240] {scheduler_job.py:629} INFO - Processing file /home/airflow/venv/lib/python3.8/site-packages/airflow/example_dags/example_complex.py for tasks to queue
[2021-03-09 19:59:17,241] {logging_mixin.py:103} INFO - [2021-03-09 19:59:17,241] {dagbag.py:440} INFO - Filling up the DagBag from /home/airflow/venv/lib/python3.8/site-packages/airflow/example_dags/example_complex.py
[2021-03-09 19:59:17,258] {scheduler_job.py:639} INFO - DAG(s) dict_keys(['example_complex']) retrieved from /home/airflow/venv/lib/python3.8/site-packages/airflow/example_dags/example_complex.py
[2021-03-09 19:59:17,258] {logging_mixin.py:103} INFO - [2021-03-09 19:59:17,258] {dag.py:1813} INFO - Sync 1 DAGs
[2021-03-09 19:59:17,281] {logging_mixin.py:103} INFO - [2021-03-09 19:59:17,281] {dag.py:2266} INFO - Setting next_dagrun for example_complex to None
[2021-03-09 19:59:17,293] {scheduler_job.py:189} INFO - Processing /home/airflow/venv/lib/python3.8/site-packages/airflow/example_dags/example_complex.py took 0.056 seconds
[2021-03-09 19:59:44,644] {scheduler_job.py:181} INFO - Started process (PID=4458) to work on /home/airflow/venv/lib/python3.8/site-packages/airflow/example_dags/example_complex.py
[2021-03-09 19:59:44,645] {scheduler_job.py:629} INFO - Processing file /home/airflow/venv/lib/python3.8/site-packages/airflow/example_dags/example_complex.py for tasks to queue
[2021-03-09 19:59:44,646] {logging_mixin.py:103} INFO - [2021-03-09 19:59:44,645] {dagbag.py:440} INFO - Filling up the DagBag from /home/airflow/venv/lib/python3.8/site-packages/airflow/example_dags/example_complex.py
[2021-03-09 19:59:44,741] {scheduler_job.py:639} INFO - DAG(s) dict_keys(['example_complex']) retrieved from /home/airflow/venv/lib/python3.8/site-packages/airflow/example_dags/example_complex.py
[2021-03-09 19:59:44,744] {logging_mixin.py:103} INFO - [2021-03-09 19:59:44,743] {dag.py:1813} INFO - Sync 1 DAGs
[2021-03-09 19:59:44,759] {logging_mixin.py:103} INFO - [2021-03-09 19:59:44,759] {dag.py:2266} INFO - Setting next_dagrun for example_complex to None
[2021-03-09 19:59:44,774] {scheduler_job.py:189} INFO - Processing /home/airflow/venv/lib/python3.8/site-packages/airflow/example_dags/example_complex.py took 0.153 seconds
[2021-03-09 20:00:10,574] {scheduler_job.py:181} INFO - Started process (PID=4491) to work on /home/airflow/venv/lib/python3.8/site-packages/airflow/example_dags/example_complex.py
[2021-03-09 20:00:10,575] {scheduler_job.py:629} INFO - Processing file /home/airflow/venv/lib/python3.8/site-packages/airflow/example_dags/example_complex.py for tasks to queue
[2021-03-09 20:00:10,575] {logging_mixin.py:103} INFO - [2021-03-09 20:00:10,575] {dagbag.py:440} INFO - Filling up the DagBag from /home/airflow/venv/lib/python3.8/site-packages/airflow/example_dags/example_complex.py
[2021-03-09 20:00:10,587] {scheduler_job.py:639} INFO - DAG(s) dict_keys(['example_complex']) retrieved from /home/airflow/venv/lib/python3.8/site-packages/airflow/example_dags/example_complex.py
[2021-03-09 20:00:10,588] {logging_mixin.py:103} INFO - [2021-03-09 20:00:10,588] {dag.py:1813} INFO - Sync 1 DAGs
[2021-03-09 20:00:10,605] {logging_mixin.py:103} INFO - [2021-03-09 20:00:10,605] {dag.py:2266} INFO - Setting next_dagrun for example_complex to None
[2021-03-09 20:00:10,619] {scheduler_job.py:189} INFO - Processing /home/airflow/venv/lib/python3.8/site-packages/airflow/example_dags/example_complex.py took 0.052 seconds
[2021-03-09 20:00:36,142] {scheduler_job.py:181} INFO - Started process (PID=4526) to work on /home/airflow/venv/lib/python3.8/site-packages/airflow/example_dags/example_complex.py
[2021-03-09 20:00:36,142] {scheduler_job.py:629} INFO - Processing file /home/airflow/venv/lib/python3.8/site-packages/airflow/example_dags/example_complex.py for tasks to queue
[2021-03-09 20:00:36,143] {logging_mixin.py:103} INFO - [2021-03-09 20:00:36,143] {dagbag.py:440} INFO - Filling up the DagBag from /home/airflow/venv/lib/python3.8/site-packages/airflow/example_dags/example_complex.py
[2021-03-09 20:00:36,157] {scheduler_job.py:639} INFO - DAG(s) dict_keys(['example_complex']) retrieved from /home/airflow/venv/lib/python3.8/site-packages/airflow/example_dags/example_complex.py
[2021-03-09 20:00:36,157] {logging_mixin.py:103} INFO - [2021-03-09 20:00:36,157] {dag.py:1813} INFO - Sync 1 DAGs
[2021-03-09 20:00:36,170] {logging_mixin.py:103} INFO - [2021-03-09 20:00:36,170] {dag.py:2266} INFO - Setting next_dagrun for example_complex to None
[2021-03-09 20:00:36,184] {scheduler_job.py:189} INFO - Processing /home/airflow/venv/lib/python3.8/site-packages/airflow/example_dags/example_complex.py took 0.045 seconds
[2021-03-09 20:01:01,369] {scheduler_job.py:181} INFO - Started process (PID=4561) to work on /home/airflow/venv/lib/python3.8/site-packages/airflow/example_dags/example_complex.py
[2021-03-09 20:01:01,370] {scheduler_job.py:629} INFO - Processing file /home/airflow/venv/lib/python3.8/site-packages/airflow/example_dags/example_complex.py for tasks to queue
[2021-03-09 20:01:01,371] {logging_mixin.py:103} INFO - [2021-03-09 20:01:01,371] {dagbag.py:440} INFO - Filling up the DagBag from /home/airflow/venv/lib/python3.8/site-packages/airflow/example_dags/example_complex.py
[2021-03-09 20:01:01,383] {scheduler_job.py:639} INFO - DAG(s) dict_keys(['example_complex']) retrieved from /home/airflow/venv/lib/python3.8/site-packages/airflow/example_dags/example_complex.py
[2021-03-09 20:01:01,384] {logging_mixin.py:103} INFO - [2021-03-09 20:01:01,384] {dag.py:1813} INFO - Sync 1 DAGs
[2021-03-09 20:01:01,397] {logging_mixin.py:103} INFO - [2021-03-09 20:01:01,397] {dag.py:2266} INFO - Setting next_dagrun for example_complex to None
[2021-03-09 20:01:01,413] {scheduler_job.py:189} INFO - Processing /home/airflow/venv/lib/python3.8/site-packages/airflow/example_dags/example_complex.py took 0.050 seconds
[2021-03-09 20:01:25,777] {scheduler_job.py:181} INFO - Started process (PID=4595) to work on /home/airflow/venv/lib/python3.8/site-packages/airflow/example_dags/example_complex.py
[2021-03-09 20:01:25,778] {scheduler_job.py:629} INFO - Processing file /home/airflow/venv/lib/python3.8/site-packages/airflow/example_dags/example_complex.py for tasks to queue
[2021-03-09 20:01:25,779] {logging_mixin.py:103} INFO - [2021-03-09 20:01:25,778] {dagbag.py:440} INFO - Filling up the DagBag from /home/airflow/venv/lib/python3.8/site-packages/airflow/example_dags/example_complex.py
[2021-03-09 20:01:25,797] {scheduler_job.py:639} INFO - DAG(s) dict_keys(['example_complex']) retrieved from /home/airflow/venv/lib/python3.8/site-packages/airflow/example_dags/example_complex.py
[2021-03-09 20:01:25,798] {logging_mixin.py:103} INFO - [2021-03-09 20:01:25,798] {dag.py:1813} INFO - Sync 1 DAGs
[2021-03-09 20:01:25,812] {logging_mixin.py:103} INFO - [2021-03-09 20:01:25,812] {dag.py:2266} INFO - Setting next_dagrun for example_complex to None
[2021-03-09 20:01:25,826] {scheduler_job.py:189} INFO - Processing /home/airflow/venv/lib/python3.8/site-packages/airflow/example_dags/example_complex.py took 0.056 seconds
[2021-03-09 20:01:53,005] {scheduler_job.py:181} INFO - Started process (PID=4629) to work on /home/airflow/venv/lib/python3.8/site-packages/airflow/example_dags/example_complex.py
[2021-03-09 20:01:53,006] {scheduler_job.py:629} INFO - Processing file /home/airflow/venv/lib/python3.8/site-packages/airflow/example_dags/example_complex.py for tasks to queue
[2021-03-09 20:01:53,006] {logging_mixin.py:103} INFO - [2021-03-09 20:01:53,006] {dagbag.py:440} INFO - Filling up the DagBag from /home/airflow/venv/lib/python3.8/site-packages/airflow/example_dags/example_complex.py
[2021-03-09 20:01:53,023] {scheduler_job.py:639} INFO - DAG(s) dict_keys(['example_complex']) retrieved from /home/airflow/venv/lib/python3.8/site-packages/airflow/example_dags/example_complex.py
[2021-03-09 20:01:53,024] {logging_mixin.py:103} INFO - [2021-03-09 20:01:53,024] {dag.py:1813} INFO - Sync 1 DAGs
[2021-03-09 20:01:53,060] {logging_mixin.py:103} INFO - [2021-03-09 20:01:53,060] {dag.py:2266} INFO - Setting next_dagrun for example_complex to None
[2021-03-09 20:01:53,087] {scheduler_job.py:189} INFO - Processing /home/airflow/venv/lib/python3.8/site-packages/airflow/example_dags/example_complex.py took 0.095 seconds
[2021-03-09 20:02:19,195] {scheduler_job.py:181} INFO - Started process (PID=4668) to work on /home/airflow/venv/lib/python3.8/site-packages/airflow/example_dags/example_complex.py
[2021-03-09 20:02:19,196] {scheduler_job.py:629} INFO - Processing file /home/airflow/venv/lib/python3.8/site-packages/airflow/example_dags/example_complex.py for tasks to queue
[2021-03-09 20:02:19,197] {logging_mixin.py:103} INFO - [2021-03-09 20:02:19,197] {dagbag.py:440} INFO - Filling up the DagBag from /home/airflow/venv/lib/python3.8/site-packages/airflow/example_dags/example_complex.py
[2021-03-09 20:02:19,220] {scheduler_job.py:639} INFO - DAG(s) dict_keys(['example_complex']) retrieved from /home/airflow/venv/lib/python3.8/site-packages/airflow/example_dags/example_complex.py
[2021-03-09 20:02:19,221] {logging_mixin.py:103} INFO - [2021-03-09 20:02:19,221] {dag.py:1813} INFO - Sync 1 DAGs
[2021-03-09 20:02:19,234] {logging_mixin.py:103} INFO - [2021-03-09 20:02:19,234] {dag.py:2266} INFO - Setting next_dagrun for example_complex to None
[2021-03-09 20:02:19,249] {scheduler_job.py:189} INFO - Processing /home/airflow/venv/lib/python3.8/site-packages/airflow/example_dags/example_complex.py took 0.067 seconds
[2021-03-09 20:02:44,438] {scheduler_job.py:181} INFO - Started process (PID=4711) to work on /home/airflow/venv/lib/python3.8/site-packages/airflow/example_dags/example_complex.py
[2021-03-09 20:02:44,439] {scheduler_job.py:629} INFO - Processing file /home/airflow/venv/lib/python3.8/site-packages/airflow/example_dags/example_complex.py for tasks to queue
[2021-03-09 20:02:44,440] {logging_mixin.py:103} INFO - [2021-03-09 20:02:44,440] {dagbag.py:440} INFO - Filling up the DagBag from /home/airflow/venv/lib/python3.8/site-packages/airflow/example_dags/example_complex.py
[2021-03-09 20:02:44,456] {scheduler_job.py:639} INFO - DAG(s) dict_keys(['example_complex']) retrieved from /home/airflow/venv/lib/python3.8/site-packages/airflow/example_dags/example_complex.py
[2021-03-09 20:02:44,457] {logging_mixin.py:103} INFO - [2021-03-09 20:02:44,457] {dag.py:1813} INFO - Sync 1 DAGs
[2021-03-09 20:02:44,476] {logging_mixin.py:103} INFO - [2021-03-09 20:02:44,476] {dag.py:2266} INFO - Setting next_dagrun for example_complex to None
[2021-03-09 20:02:44,493] {scheduler_job.py:189} INFO - Processing /home/airflow/venv/lib/python3.8/site-packages/airflow/example_dags/example_complex.py took 0.057 seconds
[2021-03-09 20:03:09,989] {scheduler_job.py:181} INFO - Started process (PID=4754) to work on /home/airflow/venv/lib/python3.8/site-packages/airflow/example_dags/example_complex.py
[2021-03-09 20:03:09,990] {scheduler_job.py:629} INFO - Processing file /home/airflow/venv/lib/python3.8/site-packages/airflow/example_dags/example_complex.py for tasks to queue
[2021-03-09 20:03:09,991] {logging_mixin.py:103} INFO - [2021-03-09 20:03:09,991] {dagbag.py:440} INFO - Filling up the DagBag from /home/airflow/venv/lib/python3.8/site-packages/airflow/example_dags/example_complex.py
[2021-03-09 20:03:10,013] {scheduler_job.py:639} INFO - DAG(s) dict_keys(['example_complex']) retrieved from /home/airflow/venv/lib/python3.8/site-packages/airflow/example_dags/example_complex.py
[2021-03-09 20:03:10,013] {logging_mixin.py:103} INFO - [2021-03-09 20:03:10,013] {dag.py:1813} INFO - Sync 1 DAGs
[2021-03-09 20:03:10,026] {logging_mixin.py:103} INFO - [2021-03-09 20:03:10,026] {dag.py:2266} INFO - Setting next_dagrun for example_complex to None
[2021-03-09 20:03:10,042] {scheduler_job.py:189} INFO - Processing /home/airflow/venv/lib/python3.8/site-packages/airflow/example_dags/example_complex.py took 0.058 seconds
[2021-03-09 20:03:36,057] {scheduler_job.py:181} INFO - Started process (PID=4806) to work on /home/airflow/venv/lib/python3.8/site-packages/airflow/example_dags/example_complex.py
[2021-03-09 20:03:36,058] {scheduler_job.py:629} INFO - Processing file /home/airflow/venv/lib/python3.8/site-packages/airflow/example_dags/example_complex.py for tasks to queue
[2021-03-09 20:03:36,058] {logging_mixin.py:103} INFO - [2021-03-09 20:03:36,058] {dagbag.py:440} INFO - Filling up the DagBag from /home/airflow/venv/lib/python3.8/site-packages/airflow/example_dags/example_complex.py
[2021-03-09 20:03:36,070] {scheduler_job.py:639} INFO - DAG(s) dict_keys(['example_complex']) retrieved from /home/airflow/venv/lib/python3.8/site-packages/airflow/example_dags/example_complex.py
[2021-03-09 20:03:36,070] {logging_mixin.py:103} INFO - [2021-03-09 20:03:36,070] {dag.py:1813} INFO - Sync 1 DAGs
[2021-03-09 20:03:36,084] {logging_mixin.py:103} INFO - [2021-03-09 20:03:36,084] {dag.py:2266} INFO - Setting next_dagrun for example_complex to None
[2021-03-09 20:03:36,098] {scheduler_job.py:189} INFO - Processing /home/airflow/venv/lib/python3.8/site-packages/airflow/example_dags/example_complex.py took 0.047 seconds
[2021-03-09 20:04:02,357] {scheduler_job.py:181} INFO - Started process (PID=4861) to work on /home/airflow/venv/lib/python3.8/site-packages/airflow/example_dags/example_complex.py
[2021-03-09 20:04:02,359] {scheduler_job.py:629} INFO - Processing file /home/airflow/venv/lib/python3.8/site-packages/airflow/example_dags/example_complex.py for tasks to queue
[2021-03-09 20:04:02,362] {logging_mixin.py:103} INFO - [2021-03-09 20:04:02,359] {dagbag.py:440} INFO - Filling up the DagBag from /home/airflow/venv/lib/python3.8/site-packages/airflow/example_dags/example_complex.py
[2021-03-09 20:04:02,374] {scheduler_job.py:639} INFO - DAG(s) dict_keys(['example_complex']) retrieved from /home/airflow/venv/lib/python3.8/site-packages/airflow/example_dags/example_complex.py
[2021-03-09 20:04:02,375] {logging_mixin.py:103} INFO - [2021-03-09 20:04:02,375] {dag.py:1813} INFO - Sync 1 DAGs
[2021-03-09 20:04:02,395] {logging_mixin.py:103} INFO - [2021-03-09 20:04:02,395] {dag.py:2266} INFO - Setting next_dagrun for example_complex to None
[2021-03-09 20:04:02,431] {scheduler_job.py:189} INFO - Processing /home/airflow/venv/lib/python3.8/site-packages/airflow/example_dags/example_complex.py took 0.081 seconds
[2021-03-09 20:04:27,633] {scheduler_job.py:181} INFO - Started process (PID=4919) to work on /home/airflow/venv/lib/python3.8/site-packages/airflow/example_dags/example_complex.py
[2021-03-09 20:04:27,634] {scheduler_job.py:629} INFO - Processing file /home/airflow/venv/lib/python3.8/site-packages/airflow/example_dags/example_complex.py for tasks to queue
[2021-03-09 20:04:27,635] {logging_mixin.py:103} INFO - [2021-03-09 20:04:27,634] {dagbag.py:440} INFO - Filling up the DagBag from /home/airflow/venv/lib/python3.8/site-packages/airflow/example_dags/example_complex.py
[2021-03-09 20:04:27,647] {scheduler_job.py:639} INFO - DAG(s) dict_keys(['example_complex']) retrieved from /home/airflow/venv/lib/python3.8/site-packages/airflow/example_dags/example_complex.py
[2021-03-09 20:04:27,648] {logging_mixin.py:103} INFO - [2021-03-09 20:04:27,647] {dag.py:1813} INFO - Sync 1 DAGs
[2021-03-09 20:04:27,662] {logging_mixin.py:103} INFO - [2021-03-09 20:04:27,662] {dag.py:2266} INFO - Setting next_dagrun for example_complex to None
[2021-03-09 20:04:27,675] {scheduler_job.py:189} INFO - Processing /home/airflow/venv/lib/python3.8/site-packages/airflow/example_dags/example_complex.py took 0.048 seconds
[2021-03-09 20:04:53,946] {scheduler_job.py:181} INFO - Started process (PID=5000) to work on /home/airflow/venv/lib/python3.8/site-packages/airflow/example_dags/example_complex.py
[2021-03-09 20:04:53,947] {scheduler_job.py:629} INFO - Processing file /home/airflow/venv/lib/python3.8/site-packages/airflow/example_dags/example_complex.py for tasks to queue
[2021-03-09 20:04:53,947] {logging_mixin.py:103} INFO - [2021-03-09 20:04:53,947] {dagbag.py:440} INFO - Filling up the DagBag from /home/airflow/venv/lib/python3.8/site-packages/airflow/example_dags/example_complex.py
[2021-03-09 20:04:53,973] {scheduler_job.py:639} INFO - DAG(s) dict_keys(['example_complex']) retrieved from /home/airflow/venv/lib/python3.8/site-packages/airflow/example_dags/example_complex.py
[2021-03-09 20:04:53,973] {logging_mixin.py:103} INFO - [2021-03-09 20:04:53,973] {dag.py:1813} INFO - Sync 1 DAGs
[2021-03-09 20:04:54,003] {logging_mixin.py:103} INFO - [2021-03-09 20:04:54,003] {dag.py:2266} INFO - Setting next_dagrun for example_complex to None
[2021-03-09 20:04:54,029] {scheduler_job.py:189} INFO - Processing /home/airflow/venv/lib/python3.8/site-packages/airflow/example_dags/example_complex.py took 0.085 seconds
[2021-03-09 20:05:19,228] {scheduler_job.py:181} INFO - Started process (PID=5066) to work on /home/airflow/venv/lib/python3.8/site-packages/airflow/example_dags/example_complex.py
[2021-03-09 20:05:19,228] {scheduler_job.py:629} INFO - Processing file /home/airflow/venv/lib/python3.8/site-packages/airflow/example_dags/example_complex.py for tasks to queue
[2021-03-09 20:05:19,229] {logging_mixin.py:103} INFO - [2021-03-09 20:05:19,229] {dagbag.py:440} INFO - Filling up the DagBag from /home/airflow/venv/lib/python3.8/site-packages/airflow/example_dags/example_complex.py
[2021-03-09 20:05:19,240] {scheduler_job.py:639} INFO - DAG(s) dict_keys(['example_complex']) retrieved from /home/airflow/venv/lib/python3.8/site-packages/airflow/example_dags/example_complex.py
[2021-03-09 20:05:19,241] {logging_mixin.py:103} INFO - [2021-03-09 20:05:19,241] {dag.py:1813} INFO - Sync 1 DAGs
[2021-03-09 20:05:19,254] {logging_mixin.py:103} INFO - [2021-03-09 20:05:19,254] {dag.py:2266} INFO - Setting next_dagrun for example_complex to None
[2021-03-09 20:05:19,267] {scheduler_job.py:189} INFO - Processing /home/airflow/venv/lib/python3.8/site-packages/airflow/example_dags/example_complex.py took 0.042 seconds
[2021-03-09 20:05:44,553] {scheduler_job.py:181} INFO - Started process (PID=5130) to work on /home/airflow/venv/lib/python3.8/site-packages/airflow/example_dags/example_complex.py
[2021-03-09 20:05:44,554] {scheduler_job.py:629} INFO - Processing file /home/airflow/venv/lib/python3.8/site-packages/airflow/example_dags/example_complex.py for tasks to queue
[2021-03-09 20:05:44,555] {logging_mixin.py:103} INFO - [2021-03-09 20:05:44,555] {dagbag.py:440} INFO - Filling up the DagBag from /home/airflow/venv/lib/python3.8/site-packages/airflow/example_dags/example_complex.py
[2021-03-09 20:05:44,569] {scheduler_job.py:639} INFO - DAG(s) dict_keys(['example_complex']) retrieved from /home/airflow/venv/lib/python3.8/site-packages/airflow/example_dags/example_complex.py
[2021-03-09 20:05:44,570] {logging_mixin.py:103} INFO - [2021-03-09 20:05:44,570] {dag.py:1813} INFO - Sync 1 DAGs
[2021-03-09 20:05:44,583] {logging_mixin.py:103} INFO - [2021-03-09 20:05:44,583] {dag.py:2266} INFO - Setting next_dagrun for example_complex to None
[2021-03-09 20:05:44,596] {scheduler_job.py:189} INFO - Processing /home/airflow/venv/lib/python3.8/site-packages/airflow/example_dags/example_complex.py took 0.045 seconds
[2021-03-09 20:06:10,734] {scheduler_job.py:181} INFO - Started process (PID=5199) to work on /home/airflow/venv/lib/python3.8/site-packages/airflow/example_dags/example_complex.py
[2021-03-09 20:06:10,735] {scheduler_job.py:629} INFO - Processing file /home/airflow/venv/lib/python3.8/site-packages/airflow/example_dags/example_complex.py for tasks to queue
[2021-03-09 20:06:10,739] {logging_mixin.py:103} INFO - [2021-03-09 20:06:10,738] {dagbag.py:440} INFO - Filling up the DagBag from /home/airflow/venv/lib/python3.8/site-packages/airflow/example_dags/example_complex.py
[2021-03-09 20:06:10,757] {scheduler_job.py:639} INFO - DAG(s) dict_keys(['example_complex']) retrieved from /home/airflow/venv/lib/python3.8/site-packages/airflow/example_dags/example_complex.py
[2021-03-09 20:06:10,758] {logging_mixin.py:103} INFO - [2021-03-09 20:06:10,758] {dag.py:1813} INFO - Sync 1 DAGs
[2021-03-09 20:06:10,772] {logging_mixin.py:103} INFO - [2021-03-09 20:06:10,772] {dag.py:2266} INFO - Setting next_dagrun for example_complex to None
[2021-03-09 20:06:10,788] {scheduler_job.py:189} INFO - Processing /home/airflow/venv/lib/python3.8/site-packages/airflow/example_dags/example_complex.py took 0.061 seconds
[2021-03-09 20:06:37,115] {scheduler_job.py:181} INFO - Started process (PID=5266) to work on /home/airflow/venv/lib/python3.8/site-packages/airflow/example_dags/example_complex.py
[2021-03-09 20:06:37,116] {scheduler_job.py:629} INFO - Processing file /home/airflow/venv/lib/python3.8/site-packages/airflow/example_dags/example_complex.py for tasks to queue
[2021-03-09 20:06:37,116] {logging_mixin.py:103} INFO - [2021-03-09 20:06:37,116] {dagbag.py:440} INFO - Filling up the DagBag from /home/airflow/venv/lib/python3.8/site-packages/airflow/example_dags/example_complex.py
[2021-03-09 20:06:37,137] {scheduler_job.py:639} INFO - DAG(s) dict_keys(['example_complex']) retrieved from /home/airflow/venv/lib/python3.8/site-packages/airflow/example_dags/example_complex.py
[2021-03-09 20:06:37,138] {logging_mixin.py:103} INFO - [2021-03-09 20:06:37,138] {dag.py:1813} INFO - Sync 1 DAGs
[2021-03-09 20:06:37,151] {logging_mixin.py:103} INFO - [2021-03-09 20:06:37,150] {dag.py:2266} INFO - Setting next_dagrun for example_complex to None
[2021-03-09 20:06:37,167] {scheduler_job.py:189} INFO - Processing /home/airflow/venv/lib/python3.8/site-packages/airflow/example_dags/example_complex.py took 0.054 seconds
[2021-03-09 20:07:02,399] {scheduler_job.py:181} INFO - Started process (PID=5331) to work on /home/airflow/venv/lib/python3.8/site-packages/airflow/example_dags/example_complex.py
[2021-03-09 20:07:02,403] {scheduler_job.py:629} INFO - Processing file /home/airflow/venv/lib/python3.8/site-packages/airflow/example_dags/example_complex.py for tasks to queue
[2021-03-09 20:07:02,404] {logging_mixin.py:103} INFO - [2021-03-09 20:07:02,403] {dagbag.py:440} INFO - Filling up the DagBag from /home/airflow/venv/lib/python3.8/site-packages/airflow/example_dags/example_complex.py
[2021-03-09 20:07:02,424] {scheduler_job.py:639} INFO - DAG(s) dict_keys(['example_complex']) retrieved from /home/airflow/venv/lib/python3.8/site-packages/airflow/example_dags/example_complex.py
[2021-03-09 20:07:02,425] {logging_mixin.py:103} INFO - [2021-03-09 20:07:02,425] {dag.py:1813} INFO - Sync 1 DAGs
[2021-03-09 20:07:02,452] {logging_mixin.py:103} INFO - [2021-03-09 20:07:02,452] {dag.py:2266} INFO - Setting next_dagrun for example_complex to None
[2021-03-09 20:07:02,473] {scheduler_job.py:189} INFO - Processing /home/airflow/venv/lib/python3.8/site-packages/airflow/example_dags/example_complex.py took 0.077 seconds
[2021-03-09 20:07:27,699] {scheduler_job.py:181} INFO - Started process (PID=5417) to work on /home/airflow/venv/lib/python3.8/site-packages/airflow/example_dags/example_complex.py
[2021-03-09 20:07:27,707] {scheduler_job.py:629} INFO - Processing file /home/airflow/venv/lib/python3.8/site-packages/airflow/example_dags/example_complex.py for tasks to queue
[2021-03-09 20:07:27,707] {logging_mixin.py:103} INFO - [2021-03-09 20:07:27,707] {dagbag.py:440} INFO - Filling up the DagBag from /home/airflow/venv/lib/python3.8/site-packages/airflow/example_dags/example_complex.py
[2021-03-09 20:07:27,742] {scheduler_job.py:639} INFO - DAG(s) dict_keys(['example_complex']) retrieved from /home/airflow/venv/lib/python3.8/site-packages/airflow/example_dags/example_complex.py
[2021-03-09 20:07:27,748] {logging_mixin.py:103} INFO - [2021-03-09 20:07:27,748] {dag.py:1813} INFO - Sync 1 DAGs
[2021-03-09 20:07:27,780] {logging_mixin.py:103} INFO - [2021-03-09 20:07:27,780] {dag.py:2266} INFO - Setting next_dagrun for example_complex to None
[2021-03-09 20:07:27,820] {scheduler_job.py:189} INFO - Processing /home/airflow/venv/lib/python3.8/site-packages/airflow/example_dags/example_complex.py took 0.124 seconds
[2021-03-09 20:07:54,033] {scheduler_job.py:181} INFO - Started process (PID=5480) to work on /home/airflow/venv/lib/python3.8/site-packages/airflow/example_dags/example_complex.py
[2021-03-09 20:07:54,041] {scheduler_job.py:629} INFO - Processing file /home/airflow/venv/lib/python3.8/site-packages/airflow/example_dags/example_complex.py for tasks to queue
[2021-03-09 20:07:54,041] {logging_mixin.py:103} INFO - [2021-03-09 20:07:54,041] {dagbag.py:440} INFO - Filling up the DagBag from /home/airflow/venv/lib/python3.8/site-packages/airflow/example_dags/example_complex.py
[2021-03-09 20:07:54,057] {scheduler_job.py:639} INFO - DAG(s) dict_keys(['example_complex']) retrieved from /home/airflow/venv/lib/python3.8/site-packages/airflow/example_dags/example_complex.py
[2021-03-09 20:07:54,058] {logging_mixin.py:103} INFO - [2021-03-09 20:07:54,058] {dag.py:1813} INFO - Sync 1 DAGs
[2021-03-09 20:07:54,073] {logging_mixin.py:103} INFO - [2021-03-09 20:07:54,072] {dag.py:2266} INFO - Setting next_dagrun for example_complex to None
[2021-03-09 20:07:54,088] {scheduler_job.py:189} INFO - Processing /home/airflow/venv/lib/python3.8/site-packages/airflow/example_dags/example_complex.py took 0.057 seconds
[2021-03-09 20:08:21,415] {scheduler_job.py:181} INFO - Started process (PID=5559) to work on /home/airflow/venv/lib/python3.8/site-packages/airflow/example_dags/example_complex.py
[2021-03-09 20:08:21,416] {scheduler_job.py:629} INFO - Processing file /home/airflow/venv/lib/python3.8/site-packages/airflow/example_dags/example_complex.py for tasks to queue
[2021-03-09 20:08:21,416] {logging_mixin.py:103} INFO - [2021-03-09 20:08:21,416] {dagbag.py:440} INFO - Filling up the DagBag from /home/airflow/venv/lib/python3.8/site-packages/airflow/example_dags/example_complex.py
[2021-03-09 20:08:21,429] {scheduler_job.py:639} INFO - DAG(s) dict_keys(['example_complex']) retrieved from /home/airflow/venv/lib/python3.8/site-packages/airflow/example_dags/example_complex.py
[2021-03-09 20:08:21,430] {logging_mixin.py:103} INFO - [2021-03-09 20:08:21,430] {dag.py:1813} INFO - Sync 1 DAGs
[2021-03-09 20:08:21,442] {logging_mixin.py:103} INFO - [2021-03-09 20:08:21,442] {dag.py:2266} INFO - Setting next_dagrun for example_complex to None
[2021-03-09 20:08:21,454] {scheduler_job.py:189} INFO - Processing /home/airflow/venv/lib/python3.8/site-packages/airflow/example_dags/example_complex.py took 0.041 seconds
[2021-03-09 20:08:46,689] {scheduler_job.py:181} INFO - Started process (PID=5623) to work on /home/airflow/venv/lib/python3.8/site-packages/airflow/example_dags/example_complex.py
[2021-03-09 20:08:46,696] {scheduler_job.py:629} INFO - Processing file /home/airflow/venv/lib/python3.8/site-packages/airflow/example_dags/example_complex.py for tasks to queue
[2021-03-09 20:08:46,696] {logging_mixin.py:103} INFO - [2021-03-09 20:08:46,696] {dagbag.py:440} INFO - Filling up the DagBag from /home/airflow/venv/lib/python3.8/site-packages/airflow/example_dags/example_complex.py
[2021-03-09 20:08:46,708] {scheduler_job.py:639} INFO - DAG(s) dict_keys(['example_complex']) retrieved from /home/airflow/venv/lib/python3.8/site-packages/airflow/example_dags/example_complex.py
[2021-03-09 20:08:46,709] {logging_mixin.py:103} INFO - [2021-03-09 20:08:46,708] {dag.py:1813} INFO - Sync 1 DAGs
[2021-03-09 20:08:46,721] {logging_mixin.py:103} INFO - [2021-03-09 20:08:46,721] {dag.py:2266} INFO - Setting next_dagrun for example_complex to None
[2021-03-09 20:08:46,734] {scheduler_job.py:189} INFO - Processing /home/airflow/venv/lib/python3.8/site-packages/airflow/example_dags/example_complex.py took 0.048 seconds
[2021-03-09 20:09:12,360] {scheduler_job.py:181} INFO - Started process (PID=5691) to work on /home/airflow/venv/lib/python3.8/site-packages/airflow/example_dags/example_complex.py
[2021-03-09 20:09:12,360] {scheduler_job.py:629} INFO - Processing file /home/airflow/venv/lib/python3.8/site-packages/airflow/example_dags/example_complex.py for tasks to queue
[2021-03-09 20:09:12,361] {logging_mixin.py:103} INFO - [2021-03-09 20:09:12,361] {dagbag.py:440} INFO - Filling up the DagBag from /home/airflow/venv/lib/python3.8/site-packages/airflow/example_dags/example_complex.py
[2021-03-09 20:09:12,372] {scheduler_job.py:639} INFO - DAG(s) dict_keys(['example_complex']) retrieved from /home/airflow/venv/lib/python3.8/site-packages/airflow/example_dags/example_complex.py
[2021-03-09 20:09:12,373] {logging_mixin.py:103} INFO - [2021-03-09 20:09:12,372] {dag.py:1813} INFO - Sync 1 DAGs
[2021-03-09 20:09:12,385] {logging_mixin.py:103} INFO - [2021-03-09 20:09:12,384] {dag.py:2266} INFO - Setting next_dagrun for example_complex to None
[2021-03-09 20:09:12,397] {scheduler_job.py:189} INFO - Processing /home/airflow/venv/lib/python3.8/site-packages/airflow/example_dags/example_complex.py took 0.046 seconds
[2021-03-09 20:09:38,313] {scheduler_job.py:181} INFO - Started process (PID=5758) to work on /home/airflow/venv/lib/python3.8/site-packages/airflow/example_dags/example_complex.py
[2021-03-09 20:09:38,314] {scheduler_job.py:629} INFO - Processing file /home/airflow/venv/lib/python3.8/site-packages/airflow/example_dags/example_complex.py for tasks to queue
[2021-03-09 20:09:38,315] {logging_mixin.py:103} INFO - [2021-03-09 20:09:38,315] {dagbag.py:440} INFO - Filling up the DagBag from /home/airflow/venv/lib/python3.8/site-packages/airflow/example_dags/example_complex.py
[2021-03-09 20:09:38,329] {scheduler_job.py:639} INFO - DAG(s) dict_keys(['example_complex']) retrieved from /home/airflow/venv/lib/python3.8/site-packages/airflow/example_dags/example_complex.py
[2021-03-09 20:09:38,330] {logging_mixin.py:103} INFO - [2021-03-09 20:09:38,330] {dag.py:1813} INFO - Sync 1 DAGs
[2021-03-09 20:09:38,342] {logging_mixin.py:103} INFO - [2021-03-09 20:09:38,342] {dag.py:2266} INFO - Setting next_dagrun for example_complex to None
[2021-03-09 20:09:38,354] {scheduler_job.py:189} INFO - Processing /home/airflow/venv/lib/python3.8/site-packages/airflow/example_dags/example_complex.py took 0.047 seconds
[2021-03-09 20:10:04,490] {scheduler_job.py:181} INFO - Started process (PID=5823) to work on /home/airflow/venv/lib/python3.8/site-packages/airflow/example_dags/example_complex.py
[2021-03-09 20:10:04,495] {scheduler_job.py:629} INFO - Processing file /home/airflow/venv/lib/python3.8/site-packages/airflow/example_dags/example_complex.py for tasks to queue
[2021-03-09 20:10:04,496] {logging_mixin.py:103} INFO - [2021-03-09 20:10:04,496] {dagbag.py:440} INFO - Filling up the DagBag from /home/airflow/venv/lib/python3.8/site-packages/airflow/example_dags/example_complex.py
[2021-03-09 20:10:04,510] {scheduler_job.py:639} INFO - DAG(s) dict_keys(['example_complex']) retrieved from /home/airflow/venv/lib/python3.8/site-packages/airflow/example_dags/example_complex.py
[2021-03-09 20:10:04,515] {logging_mixin.py:103} INFO - [2021-03-09 20:10:04,512] {dag.py:1813} INFO - Sync 1 DAGs
[2021-03-09 20:10:04,532] {logging_mixin.py:103} INFO - [2021-03-09 20:10:04,532] {dag.py:2266} INFO - Setting next_dagrun for example_complex to None
[2021-03-09 20:10:04,544] {scheduler_job.py:189} INFO - Processing /home/airflow/venv/lib/python3.8/site-packages/airflow/example_dags/example_complex.py took 0.061 seconds
[2021-03-09 20:10:30,936] {scheduler_job.py:181} INFO - Started process (PID=5890) to work on /home/airflow/venv/lib/python3.8/site-packages/airflow/example_dags/example_complex.py
[2021-03-09 20:10:30,937] {scheduler_job.py:629} INFO - Processing file /home/airflow/venv/lib/python3.8/site-packages/airflow/example_dags/example_complex.py for tasks to queue
[2021-03-09 20:10:30,938] {logging_mixin.py:103} INFO - [2021-03-09 20:10:30,938] {dagbag.py:440} INFO - Filling up the DagBag from /home/airflow/venv/lib/python3.8/site-packages/airflow/example_dags/example_complex.py
[2021-03-09 20:10:30,960] {scheduler_job.py:639} INFO - DAG(s) dict_keys(['example_complex']) retrieved from /home/airflow/venv/lib/python3.8/site-packages/airflow/example_dags/example_complex.py
[2021-03-09 20:10:30,960] {logging_mixin.py:103} INFO - [2021-03-09 20:10:30,960] {dag.py:1813} INFO - Sync 1 DAGs
[2021-03-09 20:10:30,993] {logging_mixin.py:103} INFO - [2021-03-09 20:10:30,993] {dag.py:2266} INFO - Setting next_dagrun for example_complex to None
[2021-03-09 20:10:31,023] {scheduler_job.py:189} INFO - Processing /home/airflow/venv/lib/python3.8/site-packages/airflow/example_dags/example_complex.py took 0.100 seconds
