[2021-03-09 18:54:15,480] {scheduler_job.py:181} INFO - Started process (PID=9343) to work on /home/airflow/venv/lib/python3.8/site-packages/airflow/example_dags/example_dag_decorator.py
[2021-03-09 18:54:15,481] {scheduler_job.py:629} INFO - Processing file /home/airflow/venv/lib/python3.8/site-packages/airflow/example_dags/example_dag_decorator.py for tasks to queue
[2021-03-09 18:54:15,482] {logging_mixin.py:103} INFO - [2021-03-09 18:54:15,482] {dagbag.py:440} INFO - Filling up the DagBag from /home/airflow/venv/lib/python3.8/site-packages/airflow/example_dags/example_dag_decorator.py
[2021-03-09 18:54:15,784] {scheduler_job.py:639} INFO - DAG(s) dict_keys(['example_dag_decorator']) retrieved from /home/airflow/venv/lib/python3.8/site-packages/airflow/example_dags/example_dag_decorator.py
[2021-03-09 18:54:15,785] {logging_mixin.py:103} INFO - [2021-03-09 18:54:15,785] {dag.py:1813} INFO - Sync 1 DAGs
[2021-03-09 18:54:15,936] {logging_mixin.py:103} INFO - [2021-03-09 18:54:15,936] {dag.py:2266} INFO - Setting next_dagrun for example_dag_decorator to None
[2021-03-09 18:54:16,112] {scheduler_job.py:189} INFO - Processing /home/airflow/venv/lib/python3.8/site-packages/airflow/example_dags/example_dag_decorator.py took 0.674 seconds
[2021-03-09 18:54:53,979] {scheduler_job.py:181} INFO - Started process (PID=9415) to work on /home/airflow/venv/lib/python3.8/site-packages/airflow/example_dags/example_dag_decorator.py
[2021-03-09 18:54:53,981] {scheduler_job.py:629} INFO - Processing file /home/airflow/venv/lib/python3.8/site-packages/airflow/example_dags/example_dag_decorator.py for tasks to queue
[2021-03-09 18:54:53,983] {logging_mixin.py:103} INFO - [2021-03-09 18:54:53,981] {dagbag.py:440} INFO - Filling up the DagBag from /home/airflow/venv/lib/python3.8/site-packages/airflow/example_dags/example_dag_decorator.py
[2021-03-09 18:54:54,024] {scheduler_job.py:639} INFO - DAG(s) dict_keys(['example_dag_decorator']) retrieved from /home/airflow/venv/lib/python3.8/site-packages/airflow/example_dags/example_dag_decorator.py
[2021-03-09 18:54:54,025] {logging_mixin.py:103} INFO - [2021-03-09 18:54:54,025] {dag.py:1813} INFO - Sync 1 DAGs
[2021-03-09 18:54:54,075] {logging_mixin.py:103} INFO - [2021-03-09 18:54:54,075] {dag.py:2266} INFO - Setting next_dagrun for example_dag_decorator to None
[2021-03-09 18:54:54,125] {scheduler_job.py:189} INFO - Processing /home/airflow/venv/lib/python3.8/site-packages/airflow/example_dags/example_dag_decorator.py took 0.150 seconds
[2021-03-09 18:55:27,782] {scheduler_job.py:181} INFO - Started process (PID=9485) to work on /home/airflow/venv/lib/python3.8/site-packages/airflow/example_dags/example_dag_decorator.py
[2021-03-09 18:55:27,784] {scheduler_job.py:629} INFO - Processing file /home/airflow/venv/lib/python3.8/site-packages/airflow/example_dags/example_dag_decorator.py for tasks to queue
[2021-03-09 18:55:27,785] {logging_mixin.py:103} INFO - [2021-03-09 18:55:27,785] {dagbag.py:440} INFO - Filling up the DagBag from /home/airflow/venv/lib/python3.8/site-packages/airflow/example_dags/example_dag_decorator.py
[2021-03-09 18:55:27,835] {scheduler_job.py:639} INFO - DAG(s) dict_keys(['example_dag_decorator']) retrieved from /home/airflow/venv/lib/python3.8/site-packages/airflow/example_dags/example_dag_decorator.py
[2021-03-09 18:55:27,837] {logging_mixin.py:103} INFO - [2021-03-09 18:55:27,837] {dag.py:1813} INFO - Sync 1 DAGs
[2021-03-09 18:55:27,916] {logging_mixin.py:103} INFO - [2021-03-09 18:55:27,916] {dag.py:2266} INFO - Setting next_dagrun for example_dag_decorator to None
[2021-03-09 18:55:27,975] {scheduler_job.py:189} INFO - Processing /home/airflow/venv/lib/python3.8/site-packages/airflow/example_dags/example_dag_decorator.py took 0.198 seconds
[2021-03-09 18:56:06,284] {scheduler_job.py:181} INFO - Started process (PID=9558) to work on /home/airflow/venv/lib/python3.8/site-packages/airflow/example_dags/example_dag_decorator.py
[2021-03-09 18:56:06,285] {scheduler_job.py:629} INFO - Processing file /home/airflow/venv/lib/python3.8/site-packages/airflow/example_dags/example_dag_decorator.py for tasks to queue
[2021-03-09 18:56:06,286] {logging_mixin.py:103} INFO - [2021-03-09 18:56:06,286] {dagbag.py:440} INFO - Filling up the DagBag from /home/airflow/venv/lib/python3.8/site-packages/airflow/example_dags/example_dag_decorator.py
[2021-03-09 18:56:06,475] {scheduler_job.py:639} INFO - DAG(s) dict_keys(['example_dag_decorator']) retrieved from /home/airflow/venv/lib/python3.8/site-packages/airflow/example_dags/example_dag_decorator.py
[2021-03-09 18:56:06,477] {logging_mixin.py:103} INFO - [2021-03-09 18:56:06,477] {dag.py:1813} INFO - Sync 1 DAGs
[2021-03-09 18:56:06,730] {logging_mixin.py:103} INFO - [2021-03-09 18:56:06,730] {dag.py:2266} INFO - Setting next_dagrun for example_dag_decorator to None
[2021-03-09 18:56:06,929] {scheduler_job.py:189} INFO - Processing /home/airflow/venv/lib/python3.8/site-packages/airflow/example_dags/example_dag_decorator.py took 0.650 seconds
[2021-03-09 18:56:53,730] {scheduler_job.py:181} INFO - Started process (PID=9639) to work on /home/airflow/venv/lib/python3.8/site-packages/airflow/example_dags/example_dag_decorator.py
[2021-03-09 18:56:53,733] {scheduler_job.py:629} INFO - Processing file /home/airflow/venv/lib/python3.8/site-packages/airflow/example_dags/example_dag_decorator.py for tasks to queue
[2021-03-09 18:56:53,816] {logging_mixin.py:103} INFO - [2021-03-09 18:56:53,816] {dagbag.py:440} INFO - Filling up the DagBag from /home/airflow/venv/lib/python3.8/site-packages/airflow/example_dags/example_dag_decorator.py
[2021-03-09 18:56:53,922] {scheduler_job.py:639} INFO - DAG(s) dict_keys(['example_dag_decorator']) retrieved from /home/airflow/venv/lib/python3.8/site-packages/airflow/example_dags/example_dag_decorator.py
[2021-03-09 18:56:53,924] {logging_mixin.py:103} INFO - [2021-03-09 18:56:53,924] {dag.py:1813} INFO - Sync 1 DAGs
[2021-03-09 18:56:54,120] {logging_mixin.py:103} INFO - [2021-03-09 18:56:54,120] {dag.py:2266} INFO - Setting next_dagrun for example_dag_decorator to None
[2021-03-09 18:56:54,234] {scheduler_job.py:189} INFO - Processing /home/airflow/venv/lib/python3.8/site-packages/airflow/example_dags/example_dag_decorator.py took 0.510 seconds
[2021-03-09 18:57:34,374] {scheduler_job.py:181} INFO - Started process (PID=9709) to work on /home/airflow/venv/lib/python3.8/site-packages/airflow/example_dags/example_dag_decorator.py
[2021-03-09 18:57:34,376] {scheduler_job.py:629} INFO - Processing file /home/airflow/venv/lib/python3.8/site-packages/airflow/example_dags/example_dag_decorator.py for tasks to queue
[2021-03-09 18:57:34,377] {logging_mixin.py:103} INFO - [2021-03-09 18:57:34,377] {dagbag.py:440} INFO - Filling up the DagBag from /home/airflow/venv/lib/python3.8/site-packages/airflow/example_dags/example_dag_decorator.py
[2021-03-09 18:57:34,481] {scheduler_job.py:639} INFO - DAG(s) dict_keys(['example_dag_decorator']) retrieved from /home/airflow/venv/lib/python3.8/site-packages/airflow/example_dags/example_dag_decorator.py
[2021-03-09 18:57:34,563] {logging_mixin.py:103} INFO - [2021-03-09 18:57:34,563] {dag.py:1813} INFO - Sync 1 DAGs
[2021-03-09 18:57:34,681] {logging_mixin.py:103} INFO - [2021-03-09 18:57:34,680] {dag.py:2266} INFO - Setting next_dagrun for example_dag_decorator to None
[2021-03-09 18:57:34,879] {scheduler_job.py:189} INFO - Processing /home/airflow/venv/lib/python3.8/site-packages/airflow/example_dags/example_dag_decorator.py took 0.512 seconds
[2021-03-09 19:11:10,904] {scheduler_job.py:181} INFO - Started process (PID=10321) to work on /home/airflow/venv/lib/python3.8/site-packages/airflow/example_dags/example_dag_decorator.py
[2021-03-09 19:11:10,906] {scheduler_job.py:629} INFO - Processing file /home/airflow/venv/lib/python3.8/site-packages/airflow/example_dags/example_dag_decorator.py for tasks to queue
[2021-03-09 19:11:10,906] {logging_mixin.py:103} INFO - [2021-03-09 19:11:10,906] {dagbag.py:440} INFO - Filling up the DagBag from /home/airflow/venv/lib/python3.8/site-packages/airflow/example_dags/example_dag_decorator.py
[2021-03-09 19:11:10,946] {scheduler_job.py:639} INFO - DAG(s) dict_keys(['example_dag_decorator']) retrieved from /home/airflow/venv/lib/python3.8/site-packages/airflow/example_dags/example_dag_decorator.py
[2021-03-09 19:11:10,951] {logging_mixin.py:103} INFO - [2021-03-09 19:11:10,951] {dag.py:1813} INFO - Sync 1 DAGs
[2021-03-09 19:11:11,011] {logging_mixin.py:103} INFO - [2021-03-09 19:11:11,011] {dag.py:2266} INFO - Setting next_dagrun for example_dag_decorator to None
[2021-03-09 19:11:11,066] {scheduler_job.py:189} INFO - Processing /home/airflow/venv/lib/python3.8/site-packages/airflow/example_dags/example_dag_decorator.py took 0.175 seconds
[2021-03-09 19:11:47,303] {scheduler_job.py:181} INFO - Started process (PID=10359) to work on /home/airflow/venv/lib/python3.8/site-packages/airflow/example_dags/example_dag_decorator.py
[2021-03-09 19:11:47,310] {scheduler_job.py:629} INFO - Processing file /home/airflow/venv/lib/python3.8/site-packages/airflow/example_dags/example_dag_decorator.py for tasks to queue
[2021-03-09 19:11:47,318] {logging_mixin.py:103} INFO - [2021-03-09 19:11:47,317] {dagbag.py:440} INFO - Filling up the DagBag from /home/airflow/venv/lib/python3.8/site-packages/airflow/example_dags/example_dag_decorator.py
[2021-03-09 19:11:47,365] {scheduler_job.py:639} INFO - DAG(s) dict_keys(['example_dag_decorator']) retrieved from /home/airflow/venv/lib/python3.8/site-packages/airflow/example_dags/example_dag_decorator.py
[2021-03-09 19:11:47,366] {logging_mixin.py:103} INFO - [2021-03-09 19:11:47,366] {dag.py:1813} INFO - Sync 1 DAGs
[2021-03-09 19:11:47,434] {logging_mixin.py:103} INFO - [2021-03-09 19:11:47,433] {dag.py:2266} INFO - Setting next_dagrun for example_dag_decorator to None
[2021-03-09 19:11:47,491] {scheduler_job.py:189} INFO - Processing /home/airflow/venv/lib/python3.8/site-packages/airflow/example_dags/example_dag_decorator.py took 0.201 seconds
[2021-03-09 19:12:14,580] {scheduler_job.py:181} INFO - Started process (PID=10387) to work on /home/airflow/venv/lib/python3.8/site-packages/airflow/example_dags/example_dag_decorator.py
[2021-03-09 19:12:14,583] {scheduler_job.py:629} INFO - Processing file /home/airflow/venv/lib/python3.8/site-packages/airflow/example_dags/example_dag_decorator.py for tasks to queue
[2021-03-09 19:12:14,585] {logging_mixin.py:103} INFO - [2021-03-09 19:12:14,585] {dagbag.py:440} INFO - Filling up the DagBag from /home/airflow/venv/lib/python3.8/site-packages/airflow/example_dags/example_dag_decorator.py
[2021-03-09 19:12:14,609] {scheduler_job.py:639} INFO - DAG(s) dict_keys(['example_dag_decorator']) retrieved from /home/airflow/venv/lib/python3.8/site-packages/airflow/example_dags/example_dag_decorator.py
[2021-03-09 19:12:14,611] {logging_mixin.py:103} INFO - [2021-03-09 19:12:14,611] {dag.py:1813} INFO - Sync 1 DAGs
[2021-03-09 19:12:14,656] {logging_mixin.py:103} INFO - [2021-03-09 19:12:14,656] {dag.py:2266} INFO - Setting next_dagrun for example_dag_decorator to None
[2021-03-09 19:12:14,669] {scheduler_job.py:189} INFO - Processing /home/airflow/venv/lib/python3.8/site-packages/airflow/example_dags/example_dag_decorator.py took 0.095 seconds
[2021-03-09 19:16:35,280] {scheduler_job.py:181} INFO - Started process (PID=1484) to work on /home/airflow/venv/lib/python3.8/site-packages/airflow/example_dags/example_dag_decorator.py
[2021-03-09 19:16:35,282] {scheduler_job.py:629} INFO - Processing file /home/airflow/venv/lib/python3.8/site-packages/airflow/example_dags/example_dag_decorator.py for tasks to queue
[2021-03-09 19:16:35,283] {logging_mixin.py:103} INFO - [2021-03-09 19:16:35,283] {dagbag.py:440} INFO - Filling up the DagBag from /home/airflow/venv/lib/python3.8/site-packages/airflow/example_dags/example_dag_decorator.py
[2021-03-09 19:16:35,294] {scheduler_job.py:639} INFO - DAG(s) dict_keys(['example_dag_decorator']) retrieved from /home/airflow/venv/lib/python3.8/site-packages/airflow/example_dags/example_dag_decorator.py
[2021-03-09 19:16:35,295] {logging_mixin.py:103} INFO - [2021-03-09 19:16:35,295] {dag.py:1813} INFO - Sync 1 DAGs
[2021-03-09 19:16:35,314] {logging_mixin.py:103} INFO - [2021-03-09 19:16:35,314] {dag.py:2266} INFO - Setting next_dagrun for example_dag_decorator to None
[2021-03-09 19:16:35,357] {scheduler_job.py:189} INFO - Processing /home/airflow/venv/lib/python3.8/site-packages/airflow/example_dags/example_dag_decorator.py took 0.079 seconds
[2021-03-09 19:17:02,684] {scheduler_job.py:181} INFO - Started process (PID=1547) to work on /home/airflow/venv/lib/python3.8/site-packages/airflow/example_dags/example_dag_decorator.py
[2021-03-09 19:17:02,686] {scheduler_job.py:629} INFO - Processing file /home/airflow/venv/lib/python3.8/site-packages/airflow/example_dags/example_dag_decorator.py for tasks to queue
[2021-03-09 19:17:02,686] {logging_mixin.py:103} INFO - [2021-03-09 19:17:02,686] {dagbag.py:440} INFO - Filling up the DagBag from /home/airflow/venv/lib/python3.8/site-packages/airflow/example_dags/example_dag_decorator.py
[2021-03-09 19:17:02,696] {scheduler_job.py:639} INFO - DAG(s) dict_keys(['example_dag_decorator']) retrieved from /home/airflow/venv/lib/python3.8/site-packages/airflow/example_dags/example_dag_decorator.py
[2021-03-09 19:17:02,697] {logging_mixin.py:103} INFO - [2021-03-09 19:17:02,697] {dag.py:1813} INFO - Sync 1 DAGs
[2021-03-09 19:17:02,708] {logging_mixin.py:103} INFO - [2021-03-09 19:17:02,707] {dag.py:2266} INFO - Setting next_dagrun for example_dag_decorator to None
[2021-03-09 19:17:02,713] {scheduler_job.py:189} INFO - Processing /home/airflow/venv/lib/python3.8/site-packages/airflow/example_dags/example_dag_decorator.py took 0.031 seconds
[2021-03-09 19:17:29,885] {scheduler_job.py:181} INFO - Started process (PID=1608) to work on /home/airflow/venv/lib/python3.8/site-packages/airflow/example_dags/example_dag_decorator.py
[2021-03-09 19:17:29,886] {scheduler_job.py:629} INFO - Processing file /home/airflow/venv/lib/python3.8/site-packages/airflow/example_dags/example_dag_decorator.py for tasks to queue
[2021-03-09 19:17:29,886] {logging_mixin.py:103} INFO - [2021-03-09 19:17:29,886] {dagbag.py:440} INFO - Filling up the DagBag from /home/airflow/venv/lib/python3.8/site-packages/airflow/example_dags/example_dag_decorator.py
[2021-03-09 19:17:29,896] {scheduler_job.py:639} INFO - DAG(s) dict_keys(['example_dag_decorator']) retrieved from /home/airflow/venv/lib/python3.8/site-packages/airflow/example_dags/example_dag_decorator.py
[2021-03-09 19:17:29,896] {logging_mixin.py:103} INFO - [2021-03-09 19:17:29,896] {dag.py:1813} INFO - Sync 1 DAGs
[2021-03-09 19:17:29,907] {logging_mixin.py:103} INFO - [2021-03-09 19:17:29,907] {dag.py:2266} INFO - Setting next_dagrun for example_dag_decorator to None
[2021-03-09 19:17:29,920] {scheduler_job.py:189} INFO - Processing /home/airflow/venv/lib/python3.8/site-packages/airflow/example_dags/example_dag_decorator.py took 0.037 seconds
[2021-03-09 19:17:57,769] {scheduler_job.py:181} INFO - Started process (PID=1675) to work on /home/airflow/venv/lib/python3.8/site-packages/airflow/example_dags/example_dag_decorator.py
[2021-03-09 19:17:57,770] {scheduler_job.py:629} INFO - Processing file /home/airflow/venv/lib/python3.8/site-packages/airflow/example_dags/example_dag_decorator.py for tasks to queue
[2021-03-09 19:17:57,770] {logging_mixin.py:103} INFO - [2021-03-09 19:17:57,770] {dagbag.py:440} INFO - Filling up the DagBag from /home/airflow/venv/lib/python3.8/site-packages/airflow/example_dags/example_dag_decorator.py
[2021-03-09 19:17:57,778] {scheduler_job.py:639} INFO - DAG(s) dict_keys(['example_dag_decorator']) retrieved from /home/airflow/venv/lib/python3.8/site-packages/airflow/example_dags/example_dag_decorator.py
[2021-03-09 19:17:57,779] {logging_mixin.py:103} INFO - [2021-03-09 19:17:57,779] {dag.py:1813} INFO - Sync 1 DAGs
[2021-03-09 19:17:57,791] {logging_mixin.py:103} INFO - [2021-03-09 19:17:57,791] {dag.py:2266} INFO - Setting next_dagrun for example_dag_decorator to None
[2021-03-09 19:17:57,798] {scheduler_job.py:189} INFO - Processing /home/airflow/venv/lib/python3.8/site-packages/airflow/example_dags/example_dag_decorator.py took 0.030 seconds
[2021-03-09 19:18:26,266] {scheduler_job.py:181} INFO - Started process (PID=1780) to work on /home/airflow/venv/lib/python3.8/site-packages/airflow/example_dags/example_dag_decorator.py
[2021-03-09 19:18:26,268] {scheduler_job.py:629} INFO - Processing file /home/airflow/venv/lib/python3.8/site-packages/airflow/example_dags/example_dag_decorator.py for tasks to queue
[2021-03-09 19:18:26,268] {logging_mixin.py:103} INFO - [2021-03-09 19:18:26,268] {dagbag.py:440} INFO - Filling up the DagBag from /home/airflow/venv/lib/python3.8/site-packages/airflow/example_dags/example_dag_decorator.py
[2021-03-09 19:18:26,278] {scheduler_job.py:639} INFO - DAG(s) dict_keys(['example_dag_decorator']) retrieved from /home/airflow/venv/lib/python3.8/site-packages/airflow/example_dags/example_dag_decorator.py
[2021-03-09 19:18:26,279] {logging_mixin.py:103} INFO - [2021-03-09 19:18:26,279] {dag.py:1813} INFO - Sync 1 DAGs
[2021-03-09 19:18:26,291] {logging_mixin.py:103} INFO - [2021-03-09 19:18:26,291] {dag.py:2266} INFO - Setting next_dagrun for example_dag_decorator to None
[2021-03-09 19:18:26,306] {scheduler_job.py:189} INFO - Processing /home/airflow/venv/lib/python3.8/site-packages/airflow/example_dags/example_dag_decorator.py took 0.042 seconds
[2021-03-09 19:18:55,672] {scheduler_job.py:181} INFO - Started process (PID=1860) to work on /home/airflow/venv/lib/python3.8/site-packages/airflow/example_dags/example_dag_decorator.py
[2021-03-09 19:18:55,673] {scheduler_job.py:629} INFO - Processing file /home/airflow/venv/lib/python3.8/site-packages/airflow/example_dags/example_dag_decorator.py for tasks to queue
[2021-03-09 19:18:55,673] {logging_mixin.py:103} INFO - [2021-03-09 19:18:55,673] {dagbag.py:440} INFO - Filling up the DagBag from /home/airflow/venv/lib/python3.8/site-packages/airflow/example_dags/example_dag_decorator.py
[2021-03-09 19:18:55,688] {scheduler_job.py:639} INFO - DAG(s) dict_keys(['example_dag_decorator']) retrieved from /home/airflow/venv/lib/python3.8/site-packages/airflow/example_dags/example_dag_decorator.py
[2021-03-09 19:18:55,689] {logging_mixin.py:103} INFO - [2021-03-09 19:18:55,689] {dag.py:1813} INFO - Sync 1 DAGs
[2021-03-09 19:18:55,705] {logging_mixin.py:103} INFO - [2021-03-09 19:18:55,705] {dag.py:2266} INFO - Setting next_dagrun for example_dag_decorator to None
[2021-03-09 19:18:55,711] {scheduler_job.py:189} INFO - Processing /home/airflow/venv/lib/python3.8/site-packages/airflow/example_dags/example_dag_decorator.py took 0.041 seconds
[2021-03-09 19:19:22,503] {scheduler_job.py:181} INFO - Started process (PID=1927) to work on /home/airflow/venv/lib/python3.8/site-packages/airflow/example_dags/example_dag_decorator.py
[2021-03-09 19:19:22,504] {scheduler_job.py:629} INFO - Processing file /home/airflow/venv/lib/python3.8/site-packages/airflow/example_dags/example_dag_decorator.py for tasks to queue
[2021-03-09 19:19:22,505] {logging_mixin.py:103} INFO - [2021-03-09 19:19:22,504] {dagbag.py:440} INFO - Filling up the DagBag from /home/airflow/venv/lib/python3.8/site-packages/airflow/example_dags/example_dag_decorator.py
[2021-03-09 19:19:22,514] {scheduler_job.py:639} INFO - DAG(s) dict_keys(['example_dag_decorator']) retrieved from /home/airflow/venv/lib/python3.8/site-packages/airflow/example_dags/example_dag_decorator.py
[2021-03-09 19:19:22,514] {logging_mixin.py:103} INFO - [2021-03-09 19:19:22,514] {dag.py:1813} INFO - Sync 1 DAGs
[2021-03-09 19:19:22,524] {logging_mixin.py:103} INFO - [2021-03-09 19:19:22,524] {dag.py:2266} INFO - Setting next_dagrun for example_dag_decorator to None
[2021-03-09 19:19:22,553] {scheduler_job.py:189} INFO - Processing /home/airflow/venv/lib/python3.8/site-packages/airflow/example_dags/example_dag_decorator.py took 0.053 seconds
[2021-03-09 19:19:49,377] {scheduler_job.py:181} INFO - Started process (PID=1996) to work on /home/airflow/venv/lib/python3.8/site-packages/airflow/example_dags/example_dag_decorator.py
[2021-03-09 19:19:49,379] {scheduler_job.py:629} INFO - Processing file /home/airflow/venv/lib/python3.8/site-packages/airflow/example_dags/example_dag_decorator.py for tasks to queue
[2021-03-09 19:19:49,380] {logging_mixin.py:103} INFO - [2021-03-09 19:19:49,380] {dagbag.py:440} INFO - Filling up the DagBag from /home/airflow/venv/lib/python3.8/site-packages/airflow/example_dags/example_dag_decorator.py
[2021-03-09 19:19:49,390] {scheduler_job.py:639} INFO - DAG(s) dict_keys(['example_dag_decorator']) retrieved from /home/airflow/venv/lib/python3.8/site-packages/airflow/example_dags/example_dag_decorator.py
[2021-03-09 19:19:49,391] {logging_mixin.py:103} INFO - [2021-03-09 19:19:49,391] {dag.py:1813} INFO - Sync 1 DAGs
[2021-03-09 19:19:49,405] {logging_mixin.py:103} INFO - [2021-03-09 19:19:49,405] {dag.py:2266} INFO - Setting next_dagrun for example_dag_decorator to None
[2021-03-09 19:19:49,412] {scheduler_job.py:189} INFO - Processing /home/airflow/venv/lib/python3.8/site-packages/airflow/example_dags/example_dag_decorator.py took 0.038 seconds
[2021-03-09 19:20:16,884] {scheduler_job.py:181} INFO - Started process (PID=2065) to work on /home/airflow/venv/lib/python3.8/site-packages/airflow/example_dags/example_dag_decorator.py
[2021-03-09 19:20:16,895] {scheduler_job.py:629} INFO - Processing file /home/airflow/venv/lib/python3.8/site-packages/airflow/example_dags/example_dag_decorator.py for tasks to queue
[2021-03-09 19:20:16,895] {logging_mixin.py:103} INFO - [2021-03-09 19:20:16,895] {dagbag.py:440} INFO - Filling up the DagBag from /home/airflow/venv/lib/python3.8/site-packages/airflow/example_dags/example_dag_decorator.py
[2021-03-09 19:20:16,923] {scheduler_job.py:639} INFO - DAG(s) dict_keys(['example_dag_decorator']) retrieved from /home/airflow/venv/lib/python3.8/site-packages/airflow/example_dags/example_dag_decorator.py
[2021-03-09 19:20:16,924] {logging_mixin.py:103} INFO - [2021-03-09 19:20:16,924] {dag.py:1813} INFO - Sync 1 DAGs
[2021-03-09 19:20:16,959] {logging_mixin.py:103} INFO - [2021-03-09 19:20:16,959] {dag.py:2266} INFO - Setting next_dagrun for example_dag_decorator to None
[2021-03-09 19:20:16,993] {scheduler_job.py:189} INFO - Processing /home/airflow/venv/lib/python3.8/site-packages/airflow/example_dags/example_dag_decorator.py took 0.118 seconds
[2021-03-09 19:20:43,597] {scheduler_job.py:181} INFO - Started process (PID=2135) to work on /home/airflow/venv/lib/python3.8/site-packages/airflow/example_dags/example_dag_decorator.py
[2021-03-09 19:20:43,598] {scheduler_job.py:629} INFO - Processing file /home/airflow/venv/lib/python3.8/site-packages/airflow/example_dags/example_dag_decorator.py for tasks to queue
[2021-03-09 19:20:43,598] {logging_mixin.py:103} INFO - [2021-03-09 19:20:43,598] {dagbag.py:440} INFO - Filling up the DagBag from /home/airflow/venv/lib/python3.8/site-packages/airflow/example_dags/example_dag_decorator.py
[2021-03-09 19:20:43,609] {scheduler_job.py:639} INFO - DAG(s) dict_keys(['example_dag_decorator']) retrieved from /home/airflow/venv/lib/python3.8/site-packages/airflow/example_dags/example_dag_decorator.py
[2021-03-09 19:20:43,610] {logging_mixin.py:103} INFO - [2021-03-09 19:20:43,610] {dag.py:1813} INFO - Sync 1 DAGs
[2021-03-09 19:20:43,623] {logging_mixin.py:103} INFO - [2021-03-09 19:20:43,623] {dag.py:2266} INFO - Setting next_dagrun for example_dag_decorator to None
[2021-03-09 19:20:43,631] {scheduler_job.py:189} INFO - Processing /home/airflow/venv/lib/python3.8/site-packages/airflow/example_dags/example_dag_decorator.py took 0.036 seconds
[2021-03-09 19:21:10,475] {scheduler_job.py:181} INFO - Started process (PID=2210) to work on /home/airflow/venv/lib/python3.8/site-packages/airflow/example_dags/example_dag_decorator.py
[2021-03-09 19:21:10,476] {scheduler_job.py:629} INFO - Processing file /home/airflow/venv/lib/python3.8/site-packages/airflow/example_dags/example_dag_decorator.py for tasks to queue
[2021-03-09 19:21:10,476] {logging_mixin.py:103} INFO - [2021-03-09 19:21:10,476] {dagbag.py:440} INFO - Filling up the DagBag from /home/airflow/venv/lib/python3.8/site-packages/airflow/example_dags/example_dag_decorator.py
[2021-03-09 19:21:10,493] {scheduler_job.py:639} INFO - DAG(s) dict_keys(['example_dag_decorator']) retrieved from /home/airflow/venv/lib/python3.8/site-packages/airflow/example_dags/example_dag_decorator.py
[2021-03-09 19:21:10,494] {logging_mixin.py:103} INFO - [2021-03-09 19:21:10,494] {dag.py:1813} INFO - Sync 1 DAGs
[2021-03-09 19:21:10,506] {logging_mixin.py:103} INFO - [2021-03-09 19:21:10,506] {dag.py:2266} INFO - Setting next_dagrun for example_dag_decorator to None
[2021-03-09 19:21:10,524] {scheduler_job.py:189} INFO - Processing /home/airflow/venv/lib/python3.8/site-packages/airflow/example_dags/example_dag_decorator.py took 0.056 seconds
[2021-03-09 19:21:36,294] {scheduler_job.py:181} INFO - Started process (PID=2275) to work on /home/airflow/venv/lib/python3.8/site-packages/airflow/example_dags/example_dag_decorator.py
[2021-03-09 19:21:36,295] {scheduler_job.py:629} INFO - Processing file /home/airflow/venv/lib/python3.8/site-packages/airflow/example_dags/example_dag_decorator.py for tasks to queue
[2021-03-09 19:21:36,295] {logging_mixin.py:103} INFO - [2021-03-09 19:21:36,295] {dagbag.py:440} INFO - Filling up the DagBag from /home/airflow/venv/lib/python3.8/site-packages/airflow/example_dags/example_dag_decorator.py
[2021-03-09 19:21:36,308] {scheduler_job.py:639} INFO - DAG(s) dict_keys(['example_dag_decorator']) retrieved from /home/airflow/venv/lib/python3.8/site-packages/airflow/example_dags/example_dag_decorator.py
[2021-03-09 19:21:36,309] {logging_mixin.py:103} INFO - [2021-03-09 19:21:36,309] {dag.py:1813} INFO - Sync 1 DAGs
[2021-03-09 19:21:36,324] {logging_mixin.py:103} INFO - [2021-03-09 19:21:36,324] {dag.py:2266} INFO - Setting next_dagrun for example_dag_decorator to None
[2021-03-09 19:21:36,329] {scheduler_job.py:189} INFO - Processing /home/airflow/venv/lib/python3.8/site-packages/airflow/example_dags/example_dag_decorator.py took 0.041 seconds
[2021-03-09 19:22:01,914] {scheduler_job.py:181} INFO - Started process (PID=2350) to work on /home/airflow/venv/lib/python3.8/site-packages/airflow/example_dags/example_dag_decorator.py
[2021-03-09 19:22:01,916] {scheduler_job.py:629} INFO - Processing file /home/airflow/venv/lib/python3.8/site-packages/airflow/example_dags/example_dag_decorator.py for tasks to queue
[2021-03-09 19:22:01,916] {logging_mixin.py:103} INFO - [2021-03-09 19:22:01,916] {dagbag.py:440} INFO - Filling up the DagBag from /home/airflow/venv/lib/python3.8/site-packages/airflow/example_dags/example_dag_decorator.py
[2021-03-09 19:22:01,935] {scheduler_job.py:639} INFO - DAG(s) dict_keys(['example_dag_decorator']) retrieved from /home/airflow/venv/lib/python3.8/site-packages/airflow/example_dags/example_dag_decorator.py
[2021-03-09 19:22:01,936] {logging_mixin.py:103} INFO - [2021-03-09 19:22:01,936] {dag.py:1813} INFO - Sync 1 DAGs
[2021-03-09 19:22:01,958] {logging_mixin.py:103} INFO - [2021-03-09 19:22:01,958] {dag.py:2266} INFO - Setting next_dagrun for example_dag_decorator to None
[2021-03-09 19:22:01,975] {scheduler_job.py:189} INFO - Processing /home/airflow/venv/lib/python3.8/site-packages/airflow/example_dags/example_dag_decorator.py took 0.068 seconds
[2021-03-09 19:22:27,162] {scheduler_job.py:181} INFO - Started process (PID=2417) to work on /home/airflow/venv/lib/python3.8/site-packages/airflow/example_dags/example_dag_decorator.py
[2021-03-09 19:22:27,162] {scheduler_job.py:629} INFO - Processing file /home/airflow/venv/lib/python3.8/site-packages/airflow/example_dags/example_dag_decorator.py for tasks to queue
[2021-03-09 19:22:27,163] {logging_mixin.py:103} INFO - [2021-03-09 19:22:27,163] {dagbag.py:440} INFO - Filling up the DagBag from /home/airflow/venv/lib/python3.8/site-packages/airflow/example_dags/example_dag_decorator.py
[2021-03-09 19:22:27,172] {scheduler_job.py:639} INFO - DAG(s) dict_keys(['example_dag_decorator']) retrieved from /home/airflow/venv/lib/python3.8/site-packages/airflow/example_dags/example_dag_decorator.py
[2021-03-09 19:22:27,172] {logging_mixin.py:103} INFO - [2021-03-09 19:22:27,172] {dag.py:1813} INFO - Sync 1 DAGs
[2021-03-09 19:22:27,192] {logging_mixin.py:103} INFO - [2021-03-09 19:22:27,191] {dag.py:2266} INFO - Setting next_dagrun for example_dag_decorator to None
[2021-03-09 19:22:27,197] {scheduler_job.py:189} INFO - Processing /home/airflow/venv/lib/python3.8/site-packages/airflow/example_dags/example_dag_decorator.py took 0.041 seconds
[2021-03-09 19:22:53,489] {scheduler_job.py:181} INFO - Started process (PID=2487) to work on /home/airflow/venv/lib/python3.8/site-packages/airflow/example_dags/example_dag_decorator.py
[2021-03-09 19:22:53,489] {scheduler_job.py:629} INFO - Processing file /home/airflow/venv/lib/python3.8/site-packages/airflow/example_dags/example_dag_decorator.py for tasks to queue
[2021-03-09 19:22:53,490] {logging_mixin.py:103} INFO - [2021-03-09 19:22:53,490] {dagbag.py:440} INFO - Filling up the DagBag from /home/airflow/venv/lib/python3.8/site-packages/airflow/example_dags/example_dag_decorator.py
[2021-03-09 19:22:53,504] {scheduler_job.py:639} INFO - DAG(s) dict_keys(['example_dag_decorator']) retrieved from /home/airflow/venv/lib/python3.8/site-packages/airflow/example_dags/example_dag_decorator.py
[2021-03-09 19:22:53,505] {logging_mixin.py:103} INFO - [2021-03-09 19:22:53,505] {dag.py:1813} INFO - Sync 1 DAGs
[2021-03-09 19:22:53,529] {logging_mixin.py:103} INFO - [2021-03-09 19:22:53,529] {dag.py:2266} INFO - Setting next_dagrun for example_dag_decorator to None
[2021-03-09 19:22:53,543] {scheduler_job.py:189} INFO - Processing /home/airflow/venv/lib/python3.8/site-packages/airflow/example_dags/example_dag_decorator.py took 0.056 seconds
[2021-03-09 19:23:20,860] {scheduler_job.py:181} INFO - Started process (PID=2557) to work on /home/airflow/venv/lib/python3.8/site-packages/airflow/example_dags/example_dag_decorator.py
[2021-03-09 19:23:20,861] {scheduler_job.py:629} INFO - Processing file /home/airflow/venv/lib/python3.8/site-packages/airflow/example_dags/example_dag_decorator.py for tasks to queue
[2021-03-09 19:23:20,862] {logging_mixin.py:103} INFO - [2021-03-09 19:23:20,862] {dagbag.py:440} INFO - Filling up the DagBag from /home/airflow/venv/lib/python3.8/site-packages/airflow/example_dags/example_dag_decorator.py
[2021-03-09 19:23:20,889] {scheduler_job.py:639} INFO - DAG(s) dict_keys(['example_dag_decorator']) retrieved from /home/airflow/venv/lib/python3.8/site-packages/airflow/example_dags/example_dag_decorator.py
[2021-03-09 19:23:20,890] {logging_mixin.py:103} INFO - [2021-03-09 19:23:20,890] {dag.py:1813} INFO - Sync 1 DAGs
[2021-03-09 19:23:20,905] {logging_mixin.py:103} INFO - [2021-03-09 19:23:20,905] {dag.py:2266} INFO - Setting next_dagrun for example_dag_decorator to None
[2021-03-09 19:23:20,918] {scheduler_job.py:189} INFO - Processing /home/airflow/venv/lib/python3.8/site-packages/airflow/example_dags/example_dag_decorator.py took 0.063 seconds
[2021-03-09 19:23:46,153] {scheduler_job.py:181} INFO - Started process (PID=2620) to work on /home/airflow/venv/lib/python3.8/site-packages/airflow/example_dags/example_dag_decorator.py
[2021-03-09 19:23:46,154] {scheduler_job.py:629} INFO - Processing file /home/airflow/venv/lib/python3.8/site-packages/airflow/example_dags/example_dag_decorator.py for tasks to queue
[2021-03-09 19:23:46,154] {logging_mixin.py:103} INFO - [2021-03-09 19:23:46,154] {dagbag.py:440} INFO - Filling up the DagBag from /home/airflow/venv/lib/python3.8/site-packages/airflow/example_dags/example_dag_decorator.py
[2021-03-09 19:23:46,169] {scheduler_job.py:639} INFO - DAG(s) dict_keys(['example_dag_decorator']) retrieved from /home/airflow/venv/lib/python3.8/site-packages/airflow/example_dags/example_dag_decorator.py
[2021-03-09 19:23:46,169] {logging_mixin.py:103} INFO - [2021-03-09 19:23:46,169] {dag.py:1813} INFO - Sync 1 DAGs
[2021-03-09 19:23:46,184] {logging_mixin.py:103} INFO - [2021-03-09 19:23:46,183] {dag.py:2266} INFO - Setting next_dagrun for example_dag_decorator to None
[2021-03-09 19:23:46,202] {scheduler_job.py:189} INFO - Processing /home/airflow/venv/lib/python3.8/site-packages/airflow/example_dags/example_dag_decorator.py took 0.055 seconds
[2021-03-09 19:24:11,440] {scheduler_job.py:181} INFO - Started process (PID=2687) to work on /home/airflow/venv/lib/python3.8/site-packages/airflow/example_dags/example_dag_decorator.py
[2021-03-09 19:24:11,440] {scheduler_job.py:629} INFO - Processing file /home/airflow/venv/lib/python3.8/site-packages/airflow/example_dags/example_dag_decorator.py for tasks to queue
[2021-03-09 19:24:11,441] {logging_mixin.py:103} INFO - [2021-03-09 19:24:11,441] {dagbag.py:440} INFO - Filling up the DagBag from /home/airflow/venv/lib/python3.8/site-packages/airflow/example_dags/example_dag_decorator.py
[2021-03-09 19:24:11,451] {scheduler_job.py:639} INFO - DAG(s) dict_keys(['example_dag_decorator']) retrieved from /home/airflow/venv/lib/python3.8/site-packages/airflow/example_dags/example_dag_decorator.py
[2021-03-09 19:24:11,451] {logging_mixin.py:103} INFO - [2021-03-09 19:24:11,451] {dag.py:1813} INFO - Sync 1 DAGs
[2021-03-09 19:24:11,461] {logging_mixin.py:103} INFO - [2021-03-09 19:24:11,461] {dag.py:2266} INFO - Setting next_dagrun for example_dag_decorator to None
[2021-03-09 19:24:11,467] {scheduler_job.py:189} INFO - Processing /home/airflow/venv/lib/python3.8/site-packages/airflow/example_dags/example_dag_decorator.py took 0.035 seconds
[2021-03-09 19:24:36,859] {scheduler_job.py:181} INFO - Started process (PID=2752) to work on /home/airflow/venv/lib/python3.8/site-packages/airflow/example_dags/example_dag_decorator.py
[2021-03-09 19:24:36,860] {scheduler_job.py:629} INFO - Processing file /home/airflow/venv/lib/python3.8/site-packages/airflow/example_dags/example_dag_decorator.py for tasks to queue
[2021-03-09 19:24:36,860] {logging_mixin.py:103} INFO - [2021-03-09 19:24:36,860] {dagbag.py:440} INFO - Filling up the DagBag from /home/airflow/venv/lib/python3.8/site-packages/airflow/example_dags/example_dag_decorator.py
[2021-03-09 19:24:36,878] {scheduler_job.py:639} INFO - DAG(s) dict_keys(['example_dag_decorator']) retrieved from /home/airflow/venv/lib/python3.8/site-packages/airflow/example_dags/example_dag_decorator.py
[2021-03-09 19:24:36,879] {logging_mixin.py:103} INFO - [2021-03-09 19:24:36,879] {dag.py:1813} INFO - Sync 1 DAGs
[2021-03-09 19:24:36,896] {logging_mixin.py:103} INFO - [2021-03-09 19:24:36,896] {dag.py:2266} INFO - Setting next_dagrun for example_dag_decorator to None
[2021-03-09 19:24:36,911] {scheduler_job.py:189} INFO - Processing /home/airflow/venv/lib/python3.8/site-packages/airflow/example_dags/example_dag_decorator.py took 0.054 seconds
[2021-03-09 19:25:04,051] {scheduler_job.py:181} INFO - Started process (PID=2819) to work on /home/airflow/venv/lib/python3.8/site-packages/airflow/example_dags/example_dag_decorator.py
[2021-03-09 19:25:04,056] {scheduler_job.py:629} INFO - Processing file /home/airflow/venv/lib/python3.8/site-packages/airflow/example_dags/example_dag_decorator.py for tasks to queue
[2021-03-09 19:25:04,057] {logging_mixin.py:103} INFO - [2021-03-09 19:25:04,057] {dagbag.py:440} INFO - Filling up the DagBag from /home/airflow/venv/lib/python3.8/site-packages/airflow/example_dags/example_dag_decorator.py
[2021-03-09 19:25:04,068] {scheduler_job.py:639} INFO - DAG(s) dict_keys(['example_dag_decorator']) retrieved from /home/airflow/venv/lib/python3.8/site-packages/airflow/example_dags/example_dag_decorator.py
[2021-03-09 19:25:04,069] {logging_mixin.py:103} INFO - [2021-03-09 19:25:04,069] {dag.py:1813} INFO - Sync 1 DAGs
[2021-03-09 19:25:04,081] {logging_mixin.py:103} INFO - [2021-03-09 19:25:04,081] {dag.py:2266} INFO - Setting next_dagrun for example_dag_decorator to None
[2021-03-09 19:25:04,087] {scheduler_job.py:189} INFO - Processing /home/airflow/venv/lib/python3.8/site-packages/airflow/example_dags/example_dag_decorator.py took 0.038 seconds
[2021-03-09 19:25:31,221] {scheduler_job.py:181} INFO - Started process (PID=2892) to work on /home/airflow/venv/lib/python3.8/site-packages/airflow/example_dags/example_dag_decorator.py
[2021-03-09 19:25:31,225] {scheduler_job.py:629} INFO - Processing file /home/airflow/venv/lib/python3.8/site-packages/airflow/example_dags/example_dag_decorator.py for tasks to queue
[2021-03-09 19:25:31,226] {logging_mixin.py:103} INFO - [2021-03-09 19:25:31,226] {dagbag.py:440} INFO - Filling up the DagBag from /home/airflow/venv/lib/python3.8/site-packages/airflow/example_dags/example_dag_decorator.py
[2021-03-09 19:25:31,239] {scheduler_job.py:639} INFO - DAG(s) dict_keys(['example_dag_decorator']) retrieved from /home/airflow/venv/lib/python3.8/site-packages/airflow/example_dags/example_dag_decorator.py
[2021-03-09 19:25:31,240] {logging_mixin.py:103} INFO - [2021-03-09 19:25:31,240] {dag.py:1813} INFO - Sync 1 DAGs
[2021-03-09 19:25:31,253] {logging_mixin.py:103} INFO - [2021-03-09 19:25:31,253] {dag.py:2266} INFO - Setting next_dagrun for example_dag_decorator to None
[2021-03-09 19:25:31,270] {scheduler_job.py:189} INFO - Processing /home/airflow/venv/lib/python3.8/site-packages/airflow/example_dags/example_dag_decorator.py took 0.053 seconds
[2021-03-09 19:25:56,601] {scheduler_job.py:181} INFO - Started process (PID=2957) to work on /home/airflow/venv/lib/python3.8/site-packages/airflow/example_dags/example_dag_decorator.py
[2021-03-09 19:25:56,602] {scheduler_job.py:629} INFO - Processing file /home/airflow/venv/lib/python3.8/site-packages/airflow/example_dags/example_dag_decorator.py for tasks to queue
[2021-03-09 19:25:56,602] {logging_mixin.py:103} INFO - [2021-03-09 19:25:56,602] {dagbag.py:440} INFO - Filling up the DagBag from /home/airflow/venv/lib/python3.8/site-packages/airflow/example_dags/example_dag_decorator.py
[2021-03-09 19:25:56,624] {scheduler_job.py:639} INFO - DAG(s) dict_keys(['example_dag_decorator']) retrieved from /home/airflow/venv/lib/python3.8/site-packages/airflow/example_dags/example_dag_decorator.py
[2021-03-09 19:25:56,628] {logging_mixin.py:103} INFO - [2021-03-09 19:25:56,628] {dag.py:1813} INFO - Sync 1 DAGs
[2021-03-09 19:25:56,652] {logging_mixin.py:103} INFO - [2021-03-09 19:25:56,652] {dag.py:2266} INFO - Setting next_dagrun for example_dag_decorator to None
[2021-03-09 19:25:56,658] {scheduler_job.py:189} INFO - Processing /home/airflow/venv/lib/python3.8/site-packages/airflow/example_dags/example_dag_decorator.py took 0.067 seconds
[2021-03-09 19:26:21,866] {scheduler_job.py:181} INFO - Started process (PID=3023) to work on /home/airflow/venv/lib/python3.8/site-packages/airflow/example_dags/example_dag_decorator.py
[2021-03-09 19:26:21,867] {scheduler_job.py:629} INFO - Processing file /home/airflow/venv/lib/python3.8/site-packages/airflow/example_dags/example_dag_decorator.py for tasks to queue
[2021-03-09 19:26:21,867] {logging_mixin.py:103} INFO - [2021-03-09 19:26:21,867] {dagbag.py:440} INFO - Filling up the DagBag from /home/airflow/venv/lib/python3.8/site-packages/airflow/example_dags/example_dag_decorator.py
[2021-03-09 19:26:21,882] {scheduler_job.py:639} INFO - DAG(s) dict_keys(['example_dag_decorator']) retrieved from /home/airflow/venv/lib/python3.8/site-packages/airflow/example_dags/example_dag_decorator.py
[2021-03-09 19:26:21,883] {logging_mixin.py:103} INFO - [2021-03-09 19:26:21,883] {dag.py:1813} INFO - Sync 1 DAGs
[2021-03-09 19:26:21,896] {logging_mixin.py:103} INFO - [2021-03-09 19:26:21,896] {dag.py:2266} INFO - Setting next_dagrun for example_dag_decorator to None
[2021-03-09 19:26:21,913] {scheduler_job.py:189} INFO - Processing /home/airflow/venv/lib/python3.8/site-packages/airflow/example_dags/example_dag_decorator.py took 0.053 seconds
[2021-03-09 19:26:47,111] {scheduler_job.py:181} INFO - Started process (PID=3087) to work on /home/airflow/venv/lib/python3.8/site-packages/airflow/example_dags/example_dag_decorator.py
[2021-03-09 19:26:47,112] {scheduler_job.py:629} INFO - Processing file /home/airflow/venv/lib/python3.8/site-packages/airflow/example_dags/example_dag_decorator.py for tasks to queue
[2021-03-09 19:26:47,115] {logging_mixin.py:103} INFO - [2021-03-09 19:26:47,115] {dagbag.py:440} INFO - Filling up the DagBag from /home/airflow/venv/lib/python3.8/site-packages/airflow/example_dags/example_dag_decorator.py
[2021-03-09 19:26:47,125] {scheduler_job.py:639} INFO - DAG(s) dict_keys(['example_dag_decorator']) retrieved from /home/airflow/venv/lib/python3.8/site-packages/airflow/example_dags/example_dag_decorator.py
[2021-03-09 19:26:47,126] {logging_mixin.py:103} INFO - [2021-03-09 19:26:47,126] {dag.py:1813} INFO - Sync 1 DAGs
[2021-03-09 19:26:47,137] {logging_mixin.py:103} INFO - [2021-03-09 19:26:47,137] {dag.py:2266} INFO - Setting next_dagrun for example_dag_decorator to None
[2021-03-09 19:26:47,143] {scheduler_job.py:189} INFO - Processing /home/airflow/venv/lib/python3.8/site-packages/airflow/example_dags/example_dag_decorator.py took 0.033 seconds
[2021-03-09 19:27:13,453] {scheduler_job.py:181} INFO - Started process (PID=3154) to work on /home/airflow/venv/lib/python3.8/site-packages/airflow/example_dags/example_dag_decorator.py
[2021-03-09 19:27:13,455] {scheduler_job.py:629} INFO - Processing file /home/airflow/venv/lib/python3.8/site-packages/airflow/example_dags/example_dag_decorator.py for tasks to queue
[2021-03-09 19:27:13,455] {logging_mixin.py:103} INFO - [2021-03-09 19:27:13,455] {dagbag.py:440} INFO - Filling up the DagBag from /home/airflow/venv/lib/python3.8/site-packages/airflow/example_dags/example_dag_decorator.py
[2021-03-09 19:27:13,465] {scheduler_job.py:639} INFO - DAG(s) dict_keys(['example_dag_decorator']) retrieved from /home/airflow/venv/lib/python3.8/site-packages/airflow/example_dags/example_dag_decorator.py
[2021-03-09 19:27:13,466] {logging_mixin.py:103} INFO - [2021-03-09 19:27:13,466] {dag.py:1813} INFO - Sync 1 DAGs
[2021-03-09 19:27:13,476] {logging_mixin.py:103} INFO - [2021-03-09 19:27:13,476] {dag.py:2266} INFO - Setting next_dagrun for example_dag_decorator to None
[2021-03-09 19:27:13,490] {scheduler_job.py:189} INFO - Processing /home/airflow/venv/lib/python3.8/site-packages/airflow/example_dags/example_dag_decorator.py took 0.043 seconds
[2021-03-09 19:27:40,507] {scheduler_job.py:181} INFO - Started process (PID=3222) to work on /home/airflow/venv/lib/python3.8/site-packages/airflow/example_dags/example_dag_decorator.py
[2021-03-09 19:27:40,508] {scheduler_job.py:629} INFO - Processing file /home/airflow/venv/lib/python3.8/site-packages/airflow/example_dags/example_dag_decorator.py for tasks to queue
[2021-03-09 19:27:40,517] {logging_mixin.py:103} INFO - [2021-03-09 19:27:40,517] {dagbag.py:440} INFO - Filling up the DagBag from /home/airflow/venv/lib/python3.8/site-packages/airflow/example_dags/example_dag_decorator.py
[2021-03-09 19:27:40,531] {scheduler_job.py:639} INFO - DAG(s) dict_keys(['example_dag_decorator']) retrieved from /home/airflow/venv/lib/python3.8/site-packages/airflow/example_dags/example_dag_decorator.py
[2021-03-09 19:27:40,532] {logging_mixin.py:103} INFO - [2021-03-09 19:27:40,532] {dag.py:1813} INFO - Sync 1 DAGs
[2021-03-09 19:27:40,547] {logging_mixin.py:103} INFO - [2021-03-09 19:27:40,547] {dag.py:2266} INFO - Setting next_dagrun for example_dag_decorator to None
[2021-03-09 19:27:40,556] {scheduler_job.py:189} INFO - Processing /home/airflow/venv/lib/python3.8/site-packages/airflow/example_dags/example_dag_decorator.py took 0.051 seconds
[2021-03-09 19:28:06,037] {scheduler_job.py:181} INFO - Started process (PID=3289) to work on /home/airflow/venv/lib/python3.8/site-packages/airflow/example_dags/example_dag_decorator.py
[2021-03-09 19:28:06,038] {scheduler_job.py:629} INFO - Processing file /home/airflow/venv/lib/python3.8/site-packages/airflow/example_dags/example_dag_decorator.py for tasks to queue
[2021-03-09 19:28:06,038] {logging_mixin.py:103} INFO - [2021-03-09 19:28:06,038] {dagbag.py:440} INFO - Filling up the DagBag from /home/airflow/venv/lib/python3.8/site-packages/airflow/example_dags/example_dag_decorator.py
[2021-03-09 19:28:06,047] {scheduler_job.py:639} INFO - DAG(s) dict_keys(['example_dag_decorator']) retrieved from /home/airflow/venv/lib/python3.8/site-packages/airflow/example_dags/example_dag_decorator.py
[2021-03-09 19:28:06,048] {logging_mixin.py:103} INFO - [2021-03-09 19:28:06,048] {dag.py:1813} INFO - Sync 1 DAGs
[2021-03-09 19:28:06,061] {logging_mixin.py:103} INFO - [2021-03-09 19:28:06,061] {dag.py:2266} INFO - Setting next_dagrun for example_dag_decorator to None
[2021-03-09 19:28:06,075] {scheduler_job.py:189} INFO - Processing /home/airflow/venv/lib/python3.8/site-packages/airflow/example_dags/example_dag_decorator.py took 0.044 seconds
[2021-03-09 19:28:31,296] {scheduler_job.py:181} INFO - Started process (PID=3353) to work on /home/airflow/venv/lib/python3.8/site-packages/airflow/example_dags/example_dag_decorator.py
[2021-03-09 19:28:31,296] {scheduler_job.py:629} INFO - Processing file /home/airflow/venv/lib/python3.8/site-packages/airflow/example_dags/example_dag_decorator.py for tasks to queue
[2021-03-09 19:28:31,301] {logging_mixin.py:103} INFO - [2021-03-09 19:28:31,301] {dagbag.py:440} INFO - Filling up the DagBag from /home/airflow/venv/lib/python3.8/site-packages/airflow/example_dags/example_dag_decorator.py
[2021-03-09 19:28:31,310] {scheduler_job.py:639} INFO - DAG(s) dict_keys(['example_dag_decorator']) retrieved from /home/airflow/venv/lib/python3.8/site-packages/airflow/example_dags/example_dag_decorator.py
[2021-03-09 19:28:31,311] {logging_mixin.py:103} INFO - [2021-03-09 19:28:31,311] {dag.py:1813} INFO - Sync 1 DAGs
[2021-03-09 19:28:31,321] {logging_mixin.py:103} INFO - [2021-03-09 19:28:31,321] {dag.py:2266} INFO - Setting next_dagrun for example_dag_decorator to None
[2021-03-09 19:28:31,327] {scheduler_job.py:189} INFO - Processing /home/airflow/venv/lib/python3.8/site-packages/airflow/example_dags/example_dag_decorator.py took 0.033 seconds
[2021-03-09 19:28:56,793] {scheduler_job.py:181} INFO - Started process (PID=3420) to work on /home/airflow/venv/lib/python3.8/site-packages/airflow/example_dags/example_dag_decorator.py
[2021-03-09 19:28:56,794] {scheduler_job.py:629} INFO - Processing file /home/airflow/venv/lib/python3.8/site-packages/airflow/example_dags/example_dag_decorator.py for tasks to queue
[2021-03-09 19:28:56,794] {logging_mixin.py:103} INFO - [2021-03-09 19:28:56,794] {dagbag.py:440} INFO - Filling up the DagBag from /home/airflow/venv/lib/python3.8/site-packages/airflow/example_dags/example_dag_decorator.py
[2021-03-09 19:28:56,812] {scheduler_job.py:639} INFO - DAG(s) dict_keys(['example_dag_decorator']) retrieved from /home/airflow/venv/lib/python3.8/site-packages/airflow/example_dags/example_dag_decorator.py
[2021-03-09 19:28:56,813] {logging_mixin.py:103} INFO - [2021-03-09 19:28:56,813] {dag.py:1813} INFO - Sync 1 DAGs
[2021-03-09 19:28:56,833] {logging_mixin.py:103} INFO - [2021-03-09 19:28:56,833] {dag.py:2266} INFO - Setting next_dagrun for example_dag_decorator to None
[2021-03-09 19:28:56,871] {scheduler_job.py:189} INFO - Processing /home/airflow/venv/lib/python3.8/site-packages/airflow/example_dags/example_dag_decorator.py took 0.084 seconds
[2021-03-09 19:29:22,724] {scheduler_job.py:181} INFO - Started process (PID=3511) to work on /home/airflow/venv/lib/python3.8/site-packages/airflow/example_dags/example_dag_decorator.py
[2021-03-09 19:29:22,725] {scheduler_job.py:629} INFO - Processing file /home/airflow/venv/lib/python3.8/site-packages/airflow/example_dags/example_dag_decorator.py for tasks to queue
[2021-03-09 19:29:22,725] {logging_mixin.py:103} INFO - [2021-03-09 19:29:22,725] {dagbag.py:440} INFO - Filling up the DagBag from /home/airflow/venv/lib/python3.8/site-packages/airflow/example_dags/example_dag_decorator.py
[2021-03-09 19:29:22,733] {scheduler_job.py:639} INFO - DAG(s) dict_keys(['example_dag_decorator']) retrieved from /home/airflow/venv/lib/python3.8/site-packages/airflow/example_dags/example_dag_decorator.py
[2021-03-09 19:29:22,733] {logging_mixin.py:103} INFO - [2021-03-09 19:29:22,733] {dag.py:1813} INFO - Sync 1 DAGs
[2021-03-09 19:29:22,755] {logging_mixin.py:103} INFO - [2021-03-09 19:29:22,755] {dag.py:2266} INFO - Setting next_dagrun for example_dag_decorator to None
[2021-03-09 19:29:22,765] {scheduler_job.py:189} INFO - Processing /home/airflow/venv/lib/python3.8/site-packages/airflow/example_dags/example_dag_decorator.py took 0.045 seconds
[2021-03-09 19:29:49,065] {scheduler_job.py:181} INFO - Started process (PID=3580) to work on /home/airflow/venv/lib/python3.8/site-packages/airflow/example_dags/example_dag_decorator.py
[2021-03-09 19:29:49,065] {scheduler_job.py:629} INFO - Processing file /home/airflow/venv/lib/python3.8/site-packages/airflow/example_dags/example_dag_decorator.py for tasks to queue
[2021-03-09 19:29:49,066] {logging_mixin.py:103} INFO - [2021-03-09 19:29:49,066] {dagbag.py:440} INFO - Filling up the DagBag from /home/airflow/venv/lib/python3.8/site-packages/airflow/example_dags/example_dag_decorator.py
[2021-03-09 19:29:49,075] {scheduler_job.py:639} INFO - DAG(s) dict_keys(['example_dag_decorator']) retrieved from /home/airflow/venv/lib/python3.8/site-packages/airflow/example_dags/example_dag_decorator.py
[2021-03-09 19:29:49,075] {logging_mixin.py:103} INFO - [2021-03-09 19:29:49,075] {dag.py:1813} INFO - Sync 1 DAGs
[2021-03-09 19:29:49,085] {logging_mixin.py:103} INFO - [2021-03-09 19:29:49,085] {dag.py:2266} INFO - Setting next_dagrun for example_dag_decorator to None
[2021-03-09 19:29:49,100] {scheduler_job.py:189} INFO - Processing /home/airflow/venv/lib/python3.8/site-packages/airflow/example_dags/example_dag_decorator.py took 0.041 seconds
[2021-03-09 19:30:14,331] {scheduler_job.py:181} INFO - Started process (PID=3670) to work on /home/airflow/venv/lib/python3.8/site-packages/airflow/example_dags/example_dag_decorator.py
[2021-03-09 19:30:14,332] {scheduler_job.py:629} INFO - Processing file /home/airflow/venv/lib/python3.8/site-packages/airflow/example_dags/example_dag_decorator.py for tasks to queue
[2021-03-09 19:30:14,332] {logging_mixin.py:103} INFO - [2021-03-09 19:30:14,332] {dagbag.py:440} INFO - Filling up the DagBag from /home/airflow/venv/lib/python3.8/site-packages/airflow/example_dags/example_dag_decorator.py
[2021-03-09 19:30:14,340] {scheduler_job.py:639} INFO - DAG(s) dict_keys(['example_dag_decorator']) retrieved from /home/airflow/venv/lib/python3.8/site-packages/airflow/example_dags/example_dag_decorator.py
[2021-03-09 19:30:14,340] {logging_mixin.py:103} INFO - [2021-03-09 19:30:14,340] {dag.py:1813} INFO - Sync 1 DAGs
[2021-03-09 19:30:14,351] {logging_mixin.py:103} INFO - [2021-03-09 19:30:14,351] {dag.py:2266} INFO - Setting next_dagrun for example_dag_decorator to None
[2021-03-09 19:30:14,356] {scheduler_job.py:189} INFO - Processing /home/airflow/venv/lib/python3.8/site-packages/airflow/example_dags/example_dag_decorator.py took 0.027 seconds
[2021-03-09 19:30:39,608] {scheduler_job.py:181} INFO - Started process (PID=3734) to work on /home/airflow/venv/lib/python3.8/site-packages/airflow/example_dags/example_dag_decorator.py
[2021-03-09 19:30:39,608] {scheduler_job.py:629} INFO - Processing file /home/airflow/venv/lib/python3.8/site-packages/airflow/example_dags/example_dag_decorator.py for tasks to queue
[2021-03-09 19:30:39,609] {logging_mixin.py:103} INFO - [2021-03-09 19:30:39,609] {dagbag.py:440} INFO - Filling up the DagBag from /home/airflow/venv/lib/python3.8/site-packages/airflow/example_dags/example_dag_decorator.py
[2021-03-09 19:30:39,617] {scheduler_job.py:639} INFO - DAG(s) dict_keys(['example_dag_decorator']) retrieved from /home/airflow/venv/lib/python3.8/site-packages/airflow/example_dags/example_dag_decorator.py
[2021-03-09 19:30:39,618] {logging_mixin.py:103} INFO - [2021-03-09 19:30:39,618] {dag.py:1813} INFO - Sync 1 DAGs
[2021-03-09 19:30:39,630] {logging_mixin.py:103} INFO - [2021-03-09 19:30:39,629] {dag.py:2266} INFO - Setting next_dagrun for example_dag_decorator to None
[2021-03-09 19:30:39,644] {scheduler_job.py:189} INFO - Processing /home/airflow/venv/lib/python3.8/site-packages/airflow/example_dags/example_dag_decorator.py took 0.045 seconds
[2021-03-09 19:31:05,912] {scheduler_job.py:181} INFO - Started process (PID=3801) to work on /home/airflow/venv/lib/python3.8/site-packages/airflow/example_dags/example_dag_decorator.py
[2021-03-09 19:31:05,912] {scheduler_job.py:629} INFO - Processing file /home/airflow/venv/lib/python3.8/site-packages/airflow/example_dags/example_dag_decorator.py for tasks to queue
[2021-03-09 19:31:05,913] {logging_mixin.py:103} INFO - [2021-03-09 19:31:05,913] {dagbag.py:440} INFO - Filling up the DagBag from /home/airflow/venv/lib/python3.8/site-packages/airflow/example_dags/example_dag_decorator.py
[2021-03-09 19:31:05,921] {scheduler_job.py:639} INFO - DAG(s) dict_keys(['example_dag_decorator']) retrieved from /home/airflow/venv/lib/python3.8/site-packages/airflow/example_dags/example_dag_decorator.py
[2021-03-09 19:31:05,922] {logging_mixin.py:103} INFO - [2021-03-09 19:31:05,922] {dag.py:1813} INFO - Sync 1 DAGs
[2021-03-09 19:31:05,932] {logging_mixin.py:103} INFO - [2021-03-09 19:31:05,932] {dag.py:2266} INFO - Setting next_dagrun for example_dag_decorator to None
[2021-03-09 19:31:05,937] {scheduler_job.py:189} INFO - Processing /home/airflow/venv/lib/python3.8/site-packages/airflow/example_dags/example_dag_decorator.py took 0.030 seconds
[2021-03-09 19:31:31,165] {scheduler_job.py:181} INFO - Started process (PID=3868) to work on /home/airflow/venv/lib/python3.8/site-packages/airflow/example_dags/example_dag_decorator.py
[2021-03-09 19:31:31,166] {scheduler_job.py:629} INFO - Processing file /home/airflow/venv/lib/python3.8/site-packages/airflow/example_dags/example_dag_decorator.py for tasks to queue
[2021-03-09 19:31:31,166] {logging_mixin.py:103} INFO - [2021-03-09 19:31:31,166] {dagbag.py:440} INFO - Filling up the DagBag from /home/airflow/venv/lib/python3.8/site-packages/airflow/example_dags/example_dag_decorator.py
[2021-03-09 19:31:31,177] {scheduler_job.py:639} INFO - DAG(s) dict_keys(['example_dag_decorator']) retrieved from /home/airflow/venv/lib/python3.8/site-packages/airflow/example_dags/example_dag_decorator.py
[2021-03-09 19:31:31,178] {logging_mixin.py:103} INFO - [2021-03-09 19:31:31,178] {dag.py:1813} INFO - Sync 1 DAGs
[2021-03-09 19:31:31,188] {logging_mixin.py:103} INFO - [2021-03-09 19:31:31,188] {dag.py:2266} INFO - Setting next_dagrun for example_dag_decorator to None
[2021-03-09 19:31:31,202] {scheduler_job.py:189} INFO - Processing /home/airflow/venv/lib/python3.8/site-packages/airflow/example_dags/example_dag_decorator.py took 0.038 seconds
[2021-03-09 19:31:57,470] {scheduler_job.py:181} INFO - Started process (PID=3934) to work on /home/airflow/venv/lib/python3.8/site-packages/airflow/example_dags/example_dag_decorator.py
[2021-03-09 19:31:57,470] {scheduler_job.py:629} INFO - Processing file /home/airflow/venv/lib/python3.8/site-packages/airflow/example_dags/example_dag_decorator.py for tasks to queue
[2021-03-09 19:31:57,471] {logging_mixin.py:103} INFO - [2021-03-09 19:31:57,471] {dagbag.py:440} INFO - Filling up the DagBag from /home/airflow/venv/lib/python3.8/site-packages/airflow/example_dags/example_dag_decorator.py
[2021-03-09 19:31:57,482] {scheduler_job.py:639} INFO - DAG(s) dict_keys(['example_dag_decorator']) retrieved from /home/airflow/venv/lib/python3.8/site-packages/airflow/example_dags/example_dag_decorator.py
[2021-03-09 19:31:57,483] {logging_mixin.py:103} INFO - [2021-03-09 19:31:57,483] {dag.py:1813} INFO - Sync 1 DAGs
[2021-03-09 19:31:57,496] {logging_mixin.py:103} INFO - [2021-03-09 19:31:57,496] {dag.py:2266} INFO - Setting next_dagrun for example_dag_decorator to None
[2021-03-09 19:31:57,501] {scheduler_job.py:189} INFO - Processing /home/airflow/venv/lib/python3.8/site-packages/airflow/example_dags/example_dag_decorator.py took 0.038 seconds
[2021-03-09 19:57:08,915] {scheduler_job.py:181} INFO - Started process (PID=3998) to work on /home/airflow/venv/lib/python3.8/site-packages/airflow/example_dags/example_dag_decorator.py
[2021-03-09 19:57:08,932] {scheduler_job.py:629} INFO - Processing file /home/airflow/venv/lib/python3.8/site-packages/airflow/example_dags/example_dag_decorator.py for tasks to queue
[2021-03-09 19:57:08,933] {logging_mixin.py:103} INFO - [2021-03-09 19:57:08,932] {dagbag.py:440} INFO - Filling up the DagBag from /home/airflow/venv/lib/python3.8/site-packages/airflow/example_dags/example_dag_decorator.py
[2021-03-09 19:57:08,983] {scheduler_job.py:639} INFO - DAG(s) dict_keys(['example_dag_decorator']) retrieved from /home/airflow/venv/lib/python3.8/site-packages/airflow/example_dags/example_dag_decorator.py
[2021-03-09 19:57:08,984] {logging_mixin.py:103} INFO - [2021-03-09 19:57:08,984] {dag.py:1813} INFO - Sync 1 DAGs
[2021-03-09 19:57:09,060] {logging_mixin.py:103} INFO - [2021-03-09 19:57:09,060] {dag.py:2266} INFO - Setting next_dagrun for example_dag_decorator to None
[2021-03-09 19:57:09,144] {scheduler_job.py:189} INFO - Processing /home/airflow/venv/lib/python3.8/site-packages/airflow/example_dags/example_dag_decorator.py took 0.232 seconds
[2021-03-09 19:57:34,833] {scheduler_job.py:181} INFO - Started process (PID=4028) to work on /home/airflow/venv/lib/python3.8/site-packages/airflow/example_dags/example_dag_decorator.py
[2021-03-09 19:57:34,833] {scheduler_job.py:629} INFO - Processing file /home/airflow/venv/lib/python3.8/site-packages/airflow/example_dags/example_dag_decorator.py for tasks to queue
[2021-03-09 19:57:34,834] {logging_mixin.py:103} INFO - [2021-03-09 19:57:34,834] {dagbag.py:440} INFO - Filling up the DagBag from /home/airflow/venv/lib/python3.8/site-packages/airflow/example_dags/example_dag_decorator.py
[2021-03-09 19:57:34,849] {scheduler_job.py:639} INFO - DAG(s) dict_keys(['example_dag_decorator']) retrieved from /home/airflow/venv/lib/python3.8/site-packages/airflow/example_dags/example_dag_decorator.py
[2021-03-09 19:57:34,850] {logging_mixin.py:103} INFO - [2021-03-09 19:57:34,850] {dag.py:1813} INFO - Sync 1 DAGs
[2021-03-09 19:57:34,864] {logging_mixin.py:103} INFO - [2021-03-09 19:57:34,864] {dag.py:2266} INFO - Setting next_dagrun for example_dag_decorator to None
[2021-03-09 19:57:34,872] {scheduler_job.py:189} INFO - Processing /home/airflow/venv/lib/python3.8/site-packages/airflow/example_dags/example_dag_decorator.py took 0.042 seconds
[2021-03-09 19:58:00,146] {scheduler_job.py:181} INFO - Started process (PID=4265) to work on /home/airflow/venv/lib/python3.8/site-packages/airflow/example_dags/example_dag_decorator.py
[2021-03-09 19:58:00,147] {scheduler_job.py:629} INFO - Processing file /home/airflow/venv/lib/python3.8/site-packages/airflow/example_dags/example_dag_decorator.py for tasks to queue
[2021-03-09 19:58:00,166] {logging_mixin.py:103} INFO - [2021-03-09 19:58:00,166] {dagbag.py:440} INFO - Filling up the DagBag from /home/airflow/venv/lib/python3.8/site-packages/airflow/example_dags/example_dag_decorator.py
[2021-03-09 19:58:00,274] {scheduler_job.py:639} INFO - DAG(s) dict_keys(['example_dag_decorator']) retrieved from /home/airflow/venv/lib/python3.8/site-packages/airflow/example_dags/example_dag_decorator.py
[2021-03-09 19:58:00,293] {logging_mixin.py:103} INFO - [2021-03-09 19:58:00,293] {dag.py:1813} INFO - Sync 1 DAGs
[2021-03-09 19:58:00,387] {logging_mixin.py:103} INFO - [2021-03-09 19:58:00,387] {dag.py:2266} INFO - Setting next_dagrun for example_dag_decorator to None
[2021-03-09 19:58:00,457] {scheduler_job.py:189} INFO - Processing /home/airflow/venv/lib/python3.8/site-packages/airflow/example_dags/example_dag_decorator.py took 0.332 seconds
[2021-03-09 19:58:26,716] {scheduler_job.py:181} INFO - Started process (PID=4366) to work on /home/airflow/venv/lib/python3.8/site-packages/airflow/example_dags/example_dag_decorator.py
[2021-03-09 19:58:26,717] {scheduler_job.py:629} INFO - Processing file /home/airflow/venv/lib/python3.8/site-packages/airflow/example_dags/example_dag_decorator.py for tasks to queue
[2021-03-09 19:58:26,717] {logging_mixin.py:103} INFO - [2021-03-09 19:58:26,717] {dagbag.py:440} INFO - Filling up the DagBag from /home/airflow/venv/lib/python3.8/site-packages/airflow/example_dags/example_dag_decorator.py
[2021-03-09 19:58:26,739] {scheduler_job.py:639} INFO - DAG(s) dict_keys(['example_dag_decorator']) retrieved from /home/airflow/venv/lib/python3.8/site-packages/airflow/example_dags/example_dag_decorator.py
[2021-03-09 19:58:26,741] {logging_mixin.py:103} INFO - [2021-03-09 19:58:26,741] {dag.py:1813} INFO - Sync 1 DAGs
[2021-03-09 19:58:26,766] {logging_mixin.py:103} INFO - [2021-03-09 19:58:26,766] {dag.py:2266} INFO - Setting next_dagrun for example_dag_decorator to None
[2021-03-09 19:58:26,775] {scheduler_job.py:189} INFO - Processing /home/airflow/venv/lib/python3.8/site-packages/airflow/example_dags/example_dag_decorator.py took 0.062 seconds
[2021-03-09 19:58:53,049] {scheduler_job.py:181} INFO - Started process (PID=4396) to work on /home/airflow/venv/lib/python3.8/site-packages/airflow/example_dags/example_dag_decorator.py
[2021-03-09 19:58:53,049] {scheduler_job.py:629} INFO - Processing file /home/airflow/venv/lib/python3.8/site-packages/airflow/example_dags/example_dag_decorator.py for tasks to queue
[2021-03-09 19:58:53,050] {logging_mixin.py:103} INFO - [2021-03-09 19:58:53,050] {dagbag.py:440} INFO - Filling up the DagBag from /home/airflow/venv/lib/python3.8/site-packages/airflow/example_dags/example_dag_decorator.py
[2021-03-09 19:58:53,067] {scheduler_job.py:639} INFO - DAG(s) dict_keys(['example_dag_decorator']) retrieved from /home/airflow/venv/lib/python3.8/site-packages/airflow/example_dags/example_dag_decorator.py
[2021-03-09 19:58:53,069] {logging_mixin.py:103} INFO - [2021-03-09 19:58:53,068] {dag.py:1813} INFO - Sync 1 DAGs
[2021-03-09 19:58:53,082] {logging_mixin.py:103} INFO - [2021-03-09 19:58:53,082] {dag.py:2266} INFO - Setting next_dagrun for example_dag_decorator to None
[2021-03-09 19:58:53,100] {scheduler_job.py:189} INFO - Processing /home/airflow/venv/lib/python3.8/site-packages/airflow/example_dags/example_dag_decorator.py took 0.058 seconds
[2021-03-09 19:59:18,306] {scheduler_job.py:181} INFO - Started process (PID=4428) to work on /home/airflow/venv/lib/python3.8/site-packages/airflow/example_dags/example_dag_decorator.py
[2021-03-09 19:59:18,307] {scheduler_job.py:629} INFO - Processing file /home/airflow/venv/lib/python3.8/site-packages/airflow/example_dags/example_dag_decorator.py for tasks to queue
[2021-03-09 19:59:18,308] {logging_mixin.py:103} INFO - [2021-03-09 19:59:18,308] {dagbag.py:440} INFO - Filling up the DagBag from /home/airflow/venv/lib/python3.8/site-packages/airflow/example_dags/example_dag_decorator.py
[2021-03-09 19:59:18,330] {scheduler_job.py:639} INFO - DAG(s) dict_keys(['example_dag_decorator']) retrieved from /home/airflow/venv/lib/python3.8/site-packages/airflow/example_dags/example_dag_decorator.py
[2021-03-09 19:59:18,330] {logging_mixin.py:103} INFO - [2021-03-09 19:59:18,330] {dag.py:1813} INFO - Sync 1 DAGs
[2021-03-09 19:59:18,364] {logging_mixin.py:103} INFO - [2021-03-09 19:59:18,364] {dag.py:2266} INFO - Setting next_dagrun for example_dag_decorator to None
[2021-03-09 19:59:18,370] {scheduler_job.py:189} INFO - Processing /home/airflow/venv/lib/python3.8/site-packages/airflow/example_dags/example_dag_decorator.py took 0.075 seconds
[2021-03-09 19:59:45,697] {scheduler_job.py:181} INFO - Started process (PID=4459) to work on /home/airflow/venv/lib/python3.8/site-packages/airflow/example_dags/example_dag_decorator.py
[2021-03-09 19:59:45,698] {scheduler_job.py:629} INFO - Processing file /home/airflow/venv/lib/python3.8/site-packages/airflow/example_dags/example_dag_decorator.py for tasks to queue
[2021-03-09 19:59:45,699] {logging_mixin.py:103} INFO - [2021-03-09 19:59:45,699] {dagbag.py:440} INFO - Filling up the DagBag from /home/airflow/venv/lib/python3.8/site-packages/airflow/example_dags/example_dag_decorator.py
[2021-03-09 19:59:45,713] {scheduler_job.py:639} INFO - DAG(s) dict_keys(['example_dag_decorator']) retrieved from /home/airflow/venv/lib/python3.8/site-packages/airflow/example_dags/example_dag_decorator.py
[2021-03-09 19:59:45,714] {logging_mixin.py:103} INFO - [2021-03-09 19:59:45,714] {dag.py:1813} INFO - Sync 1 DAGs
[2021-03-09 19:59:45,727] {logging_mixin.py:103} INFO - [2021-03-09 19:59:45,727] {dag.py:2266} INFO - Setting next_dagrun for example_dag_decorator to None
[2021-03-09 19:59:45,744] {scheduler_job.py:189} INFO - Processing /home/airflow/venv/lib/python3.8/site-packages/airflow/example_dags/example_dag_decorator.py took 0.053 seconds
[2021-03-09 20:00:11,599] {scheduler_job.py:181} INFO - Started process (PID=4492) to work on /home/airflow/venv/lib/python3.8/site-packages/airflow/example_dags/example_dag_decorator.py
[2021-03-09 20:00:11,600] {scheduler_job.py:629} INFO - Processing file /home/airflow/venv/lib/python3.8/site-packages/airflow/example_dags/example_dag_decorator.py for tasks to queue
[2021-03-09 20:00:11,600] {logging_mixin.py:103} INFO - [2021-03-09 20:00:11,600] {dagbag.py:440} INFO - Filling up the DagBag from /home/airflow/venv/lib/python3.8/site-packages/airflow/example_dags/example_dag_decorator.py
[2021-03-09 20:00:11,622] {scheduler_job.py:639} INFO - DAG(s) dict_keys(['example_dag_decorator']) retrieved from /home/airflow/venv/lib/python3.8/site-packages/airflow/example_dags/example_dag_decorator.py
[2021-03-09 20:00:11,622] {logging_mixin.py:103} INFO - [2021-03-09 20:00:11,622] {dag.py:1813} INFO - Sync 1 DAGs
[2021-03-09 20:00:11,634] {logging_mixin.py:103} INFO - [2021-03-09 20:00:11,634] {dag.py:2266} INFO - Setting next_dagrun for example_dag_decorator to None
[2021-03-09 20:00:11,640] {scheduler_job.py:189} INFO - Processing /home/airflow/venv/lib/python3.8/site-packages/airflow/example_dags/example_dag_decorator.py took 0.043 seconds
[2021-03-09 20:00:37,177] {scheduler_job.py:181} INFO - Started process (PID=4527) to work on /home/airflow/venv/lib/python3.8/site-packages/airflow/example_dags/example_dag_decorator.py
[2021-03-09 20:00:37,184] {scheduler_job.py:629} INFO - Processing file /home/airflow/venv/lib/python3.8/site-packages/airflow/example_dags/example_dag_decorator.py for tasks to queue
[2021-03-09 20:00:37,184] {logging_mixin.py:103} INFO - [2021-03-09 20:00:37,184] {dagbag.py:440} INFO - Filling up the DagBag from /home/airflow/venv/lib/python3.8/site-packages/airflow/example_dags/example_dag_decorator.py
[2021-03-09 20:00:37,197] {scheduler_job.py:639} INFO - DAG(s) dict_keys(['example_dag_decorator']) retrieved from /home/airflow/venv/lib/python3.8/site-packages/airflow/example_dags/example_dag_decorator.py
[2021-03-09 20:00:37,197] {logging_mixin.py:103} INFO - [2021-03-09 20:00:37,197] {dag.py:1813} INFO - Sync 1 DAGs
[2021-03-09 20:00:37,209] {logging_mixin.py:103} INFO - [2021-03-09 20:00:37,209] {dag.py:2266} INFO - Setting next_dagrun for example_dag_decorator to None
[2021-03-09 20:00:37,223] {scheduler_job.py:189} INFO - Processing /home/airflow/venv/lib/python3.8/site-packages/airflow/example_dags/example_dag_decorator.py took 0.048 seconds
[2021-03-09 20:01:02,407] {scheduler_job.py:181} INFO - Started process (PID=4562) to work on /home/airflow/venv/lib/python3.8/site-packages/airflow/example_dags/example_dag_decorator.py
[2021-03-09 20:01:02,408] {scheduler_job.py:629} INFO - Processing file /home/airflow/venv/lib/python3.8/site-packages/airflow/example_dags/example_dag_decorator.py for tasks to queue
[2021-03-09 20:01:02,408] {logging_mixin.py:103} INFO - [2021-03-09 20:01:02,408] {dagbag.py:440} INFO - Filling up the DagBag from /home/airflow/venv/lib/python3.8/site-packages/airflow/example_dags/example_dag_decorator.py
[2021-03-09 20:01:02,419] {scheduler_job.py:639} INFO - DAG(s) dict_keys(['example_dag_decorator']) retrieved from /home/airflow/venv/lib/python3.8/site-packages/airflow/example_dags/example_dag_decorator.py
[2021-03-09 20:01:02,420] {logging_mixin.py:103} INFO - [2021-03-09 20:01:02,419] {dag.py:1813} INFO - Sync 1 DAGs
[2021-03-09 20:01:02,434] {logging_mixin.py:103} INFO - [2021-03-09 20:01:02,434] {dag.py:2266} INFO - Setting next_dagrun for example_dag_decorator to None
[2021-03-09 20:01:02,441] {scheduler_job.py:189} INFO - Processing /home/airflow/venv/lib/python3.8/site-packages/airflow/example_dags/example_dag_decorator.py took 0.039 seconds
[2021-03-09 20:01:26,811] {scheduler_job.py:181} INFO - Started process (PID=4596) to work on /home/airflow/venv/lib/python3.8/site-packages/airflow/example_dags/example_dag_decorator.py
[2021-03-09 20:01:26,811] {scheduler_job.py:629} INFO - Processing file /home/airflow/venv/lib/python3.8/site-packages/airflow/example_dags/example_dag_decorator.py for tasks to queue
[2021-03-09 20:01:26,812] {logging_mixin.py:103} INFO - [2021-03-09 20:01:26,812] {dagbag.py:440} INFO - Filling up the DagBag from /home/airflow/venv/lib/python3.8/site-packages/airflow/example_dags/example_dag_decorator.py
[2021-03-09 20:01:26,831] {scheduler_job.py:639} INFO - DAG(s) dict_keys(['example_dag_decorator']) retrieved from /home/airflow/venv/lib/python3.8/site-packages/airflow/example_dags/example_dag_decorator.py
[2021-03-09 20:01:26,832] {logging_mixin.py:103} INFO - [2021-03-09 20:01:26,832] {dag.py:1813} INFO - Sync 1 DAGs
[2021-03-09 20:01:26,845] {logging_mixin.py:103} INFO - [2021-03-09 20:01:26,845] {dag.py:2266} INFO - Setting next_dagrun for example_dag_decorator to None
[2021-03-09 20:01:26,862] {scheduler_job.py:189} INFO - Processing /home/airflow/venv/lib/python3.8/site-packages/airflow/example_dags/example_dag_decorator.py took 0.053 seconds
[2021-03-09 20:01:53,876] {scheduler_job.py:181} INFO - Started process (PID=4633) to work on /home/airflow/venv/lib/python3.8/site-packages/airflow/example_dags/example_dag_decorator.py
[2021-03-09 20:01:53,876] {scheduler_job.py:629} INFO - Processing file /home/airflow/venv/lib/python3.8/site-packages/airflow/example_dags/example_dag_decorator.py for tasks to queue
[2021-03-09 20:01:53,877] {logging_mixin.py:103} INFO - [2021-03-09 20:01:53,877] {dagbag.py:440} INFO - Filling up the DagBag from /home/airflow/venv/lib/python3.8/site-packages/airflow/example_dags/example_dag_decorator.py
[2021-03-09 20:01:53,896] {scheduler_job.py:639} INFO - DAG(s) dict_keys(['example_dag_decorator']) retrieved from /home/airflow/venv/lib/python3.8/site-packages/airflow/example_dags/example_dag_decorator.py
[2021-03-09 20:01:53,897] {logging_mixin.py:103} INFO - [2021-03-09 20:01:53,897] {dag.py:1813} INFO - Sync 1 DAGs
[2021-03-09 20:01:53,909] {logging_mixin.py:103} INFO - [2021-03-09 20:01:53,909] {dag.py:2266} INFO - Setting next_dagrun for example_dag_decorator to None
[2021-03-09 20:01:53,915] {scheduler_job.py:189} INFO - Processing /home/airflow/venv/lib/python3.8/site-packages/airflow/example_dags/example_dag_decorator.py took 0.041 seconds
[2021-03-09 20:02:20,233] {scheduler_job.py:181} INFO - Started process (PID=4669) to work on /home/airflow/venv/lib/python3.8/site-packages/airflow/example_dags/example_dag_decorator.py
[2021-03-09 20:02:20,233] {scheduler_job.py:629} INFO - Processing file /home/airflow/venv/lib/python3.8/site-packages/airflow/example_dags/example_dag_decorator.py for tasks to queue
[2021-03-09 20:02:20,234] {logging_mixin.py:103} INFO - [2021-03-09 20:02:20,234] {dagbag.py:440} INFO - Filling up the DagBag from /home/airflow/venv/lib/python3.8/site-packages/airflow/example_dags/example_dag_decorator.py
[2021-03-09 20:02:20,251] {scheduler_job.py:639} INFO - DAG(s) dict_keys(['example_dag_decorator']) retrieved from /home/airflow/venv/lib/python3.8/site-packages/airflow/example_dags/example_dag_decorator.py
[2021-03-09 20:02:20,252] {logging_mixin.py:103} INFO - [2021-03-09 20:02:20,252] {dag.py:1813} INFO - Sync 1 DAGs
[2021-03-09 20:02:20,264] {logging_mixin.py:103} INFO - [2021-03-09 20:02:20,264] {dag.py:2266} INFO - Setting next_dagrun for example_dag_decorator to None
[2021-03-09 20:02:20,279] {scheduler_job.py:189} INFO - Processing /home/airflow/venv/lib/python3.8/site-packages/airflow/example_dags/example_dag_decorator.py took 0.049 seconds
[2021-03-09 20:02:45,489] {scheduler_job.py:181} INFO - Started process (PID=4712) to work on /home/airflow/venv/lib/python3.8/site-packages/airflow/example_dags/example_dag_decorator.py
[2021-03-09 20:02:45,490] {scheduler_job.py:629} INFO - Processing file /home/airflow/venv/lib/python3.8/site-packages/airflow/example_dags/example_dag_decorator.py for tasks to queue
[2021-03-09 20:02:45,491] {logging_mixin.py:103} INFO - [2021-03-09 20:02:45,490] {dagbag.py:440} INFO - Filling up the DagBag from /home/airflow/venv/lib/python3.8/site-packages/airflow/example_dags/example_dag_decorator.py
[2021-03-09 20:02:45,505] {scheduler_job.py:639} INFO - DAG(s) dict_keys(['example_dag_decorator']) retrieved from /home/airflow/venv/lib/python3.8/site-packages/airflow/example_dags/example_dag_decorator.py
[2021-03-09 20:02:45,506] {logging_mixin.py:103} INFO - [2021-03-09 20:02:45,506] {dag.py:1813} INFO - Sync 1 DAGs
[2021-03-09 20:02:45,521] {logging_mixin.py:103} INFO - [2021-03-09 20:02:45,521] {dag.py:2266} INFO - Setting next_dagrun for example_dag_decorator to None
[2021-03-09 20:02:45,529] {scheduler_job.py:189} INFO - Processing /home/airflow/venv/lib/python3.8/site-packages/airflow/example_dags/example_dag_decorator.py took 0.045 seconds
[2021-03-09 20:03:11,036] {scheduler_job.py:181} INFO - Started process (PID=4758) to work on /home/airflow/venv/lib/python3.8/site-packages/airflow/example_dags/example_dag_decorator.py
[2021-03-09 20:03:11,037] {scheduler_job.py:629} INFO - Processing file /home/airflow/venv/lib/python3.8/site-packages/airflow/example_dags/example_dag_decorator.py for tasks to queue
[2021-03-09 20:03:11,038] {logging_mixin.py:103} INFO - [2021-03-09 20:03:11,038] {dagbag.py:440} INFO - Filling up the DagBag from /home/airflow/venv/lib/python3.8/site-packages/airflow/example_dags/example_dag_decorator.py
[2021-03-09 20:03:11,052] {scheduler_job.py:639} INFO - DAG(s) dict_keys(['example_dag_decorator']) retrieved from /home/airflow/venv/lib/python3.8/site-packages/airflow/example_dags/example_dag_decorator.py
[2021-03-09 20:03:11,053] {logging_mixin.py:103} INFO - [2021-03-09 20:03:11,053] {dag.py:1813} INFO - Sync 1 DAGs
[2021-03-09 20:03:11,067] {logging_mixin.py:103} INFO - [2021-03-09 20:03:11,067] {dag.py:2266} INFO - Setting next_dagrun for example_dag_decorator to None
[2021-03-09 20:03:11,085] {scheduler_job.py:189} INFO - Processing /home/airflow/venv/lib/python3.8/site-packages/airflow/example_dags/example_dag_decorator.py took 0.057 seconds
[2021-03-09 20:03:37,092] {scheduler_job.py:181} INFO - Started process (PID=4807) to work on /home/airflow/venv/lib/python3.8/site-packages/airflow/example_dags/example_dag_decorator.py
[2021-03-09 20:03:37,093] {scheduler_job.py:629} INFO - Processing file /home/airflow/venv/lib/python3.8/site-packages/airflow/example_dags/example_dag_decorator.py for tasks to queue
[2021-03-09 20:03:37,094] {logging_mixin.py:103} INFO - [2021-03-09 20:03:37,094] {dagbag.py:440} INFO - Filling up the DagBag from /home/airflow/venv/lib/python3.8/site-packages/airflow/example_dags/example_dag_decorator.py
[2021-03-09 20:03:37,109] {scheduler_job.py:639} INFO - DAG(s) dict_keys(['example_dag_decorator']) retrieved from /home/airflow/venv/lib/python3.8/site-packages/airflow/example_dags/example_dag_decorator.py
[2021-03-09 20:03:37,110] {logging_mixin.py:103} INFO - [2021-03-09 20:03:37,109] {dag.py:1813} INFO - Sync 1 DAGs
[2021-03-09 20:03:37,124] {logging_mixin.py:103} INFO - [2021-03-09 20:03:37,124] {dag.py:2266} INFO - Setting next_dagrun for example_dag_decorator to None
[2021-03-09 20:03:37,131] {scheduler_job.py:189} INFO - Processing /home/airflow/venv/lib/python3.8/site-packages/airflow/example_dags/example_dag_decorator.py took 0.045 seconds
[2021-03-09 20:04:03,395] {scheduler_job.py:181} INFO - Started process (PID=4865) to work on /home/airflow/venv/lib/python3.8/site-packages/airflow/example_dags/example_dag_decorator.py
[2021-03-09 20:04:03,396] {scheduler_job.py:629} INFO - Processing file /home/airflow/venv/lib/python3.8/site-packages/airflow/example_dags/example_dag_decorator.py for tasks to queue
[2021-03-09 20:04:03,396] {logging_mixin.py:103} INFO - [2021-03-09 20:04:03,396] {dagbag.py:440} INFO - Filling up the DagBag from /home/airflow/venv/lib/python3.8/site-packages/airflow/example_dags/example_dag_decorator.py
[2021-03-09 20:04:03,408] {scheduler_job.py:639} INFO - DAG(s) dict_keys(['example_dag_decorator']) retrieved from /home/airflow/venv/lib/python3.8/site-packages/airflow/example_dags/example_dag_decorator.py
[2021-03-09 20:04:03,408] {logging_mixin.py:103} INFO - [2021-03-09 20:04:03,408] {dag.py:1813} INFO - Sync 1 DAGs
[2021-03-09 20:04:03,421] {logging_mixin.py:103} INFO - [2021-03-09 20:04:03,421] {dag.py:2266} INFO - Setting next_dagrun for example_dag_decorator to None
[2021-03-09 20:04:03,438] {scheduler_job.py:189} INFO - Processing /home/airflow/venv/lib/python3.8/site-packages/airflow/example_dags/example_dag_decorator.py took 0.045 seconds
[2021-03-09 20:04:28,664] {scheduler_job.py:181} INFO - Started process (PID=4923) to work on /home/airflow/venv/lib/python3.8/site-packages/airflow/example_dags/example_dag_decorator.py
[2021-03-09 20:04:28,665] {scheduler_job.py:629} INFO - Processing file /home/airflow/venv/lib/python3.8/site-packages/airflow/example_dags/example_dag_decorator.py for tasks to queue
[2021-03-09 20:04:28,670] {logging_mixin.py:103} INFO - [2021-03-09 20:04:28,670] {dagbag.py:440} INFO - Filling up the DagBag from /home/airflow/venv/lib/python3.8/site-packages/airflow/example_dags/example_dag_decorator.py
[2021-03-09 20:04:28,680] {scheduler_job.py:639} INFO - DAG(s) dict_keys(['example_dag_decorator']) retrieved from /home/airflow/venv/lib/python3.8/site-packages/airflow/example_dags/example_dag_decorator.py
[2021-03-09 20:04:28,681] {logging_mixin.py:103} INFO - [2021-03-09 20:04:28,681] {dag.py:1813} INFO - Sync 1 DAGs
[2021-03-09 20:04:28,695] {logging_mixin.py:103} INFO - [2021-03-09 20:04:28,694] {dag.py:2266} INFO - Setting next_dagrun for example_dag_decorator to None
[2021-03-09 20:04:28,700] {scheduler_job.py:189} INFO - Processing /home/airflow/venv/lib/python3.8/site-packages/airflow/example_dags/example_dag_decorator.py took 0.038 seconds
[2021-03-09 20:04:54,996] {scheduler_job.py:181} INFO - Started process (PID=5004) to work on /home/airflow/venv/lib/python3.8/site-packages/airflow/example_dags/example_dag_decorator.py
[2021-03-09 20:04:54,997] {scheduler_job.py:629} INFO - Processing file /home/airflow/venv/lib/python3.8/site-packages/airflow/example_dags/example_dag_decorator.py for tasks to queue
[2021-03-09 20:04:54,998] {logging_mixin.py:103} INFO - [2021-03-09 20:04:54,998] {dagbag.py:440} INFO - Filling up the DagBag from /home/airflow/venv/lib/python3.8/site-packages/airflow/example_dags/example_dag_decorator.py
[2021-03-09 20:04:55,014] {scheduler_job.py:639} INFO - DAG(s) dict_keys(['example_dag_decorator']) retrieved from /home/airflow/venv/lib/python3.8/site-packages/airflow/example_dags/example_dag_decorator.py
[2021-03-09 20:04:55,015] {logging_mixin.py:103} INFO - [2021-03-09 20:04:55,015] {dag.py:1813} INFO - Sync 1 DAGs
[2021-03-09 20:04:55,049] {logging_mixin.py:103} INFO - [2021-03-09 20:04:55,049] {dag.py:2266} INFO - Setting next_dagrun for example_dag_decorator to None
[2021-03-09 20:04:55,083] {scheduler_job.py:189} INFO - Processing /home/airflow/venv/lib/python3.8/site-packages/airflow/example_dags/example_dag_decorator.py took 0.104 seconds
[2021-03-09 20:05:20,260] {scheduler_job.py:181} INFO - Started process (PID=5067) to work on /home/airflow/venv/lib/python3.8/site-packages/airflow/example_dags/example_dag_decorator.py
[2021-03-09 20:05:20,260] {scheduler_job.py:629} INFO - Processing file /home/airflow/venv/lib/python3.8/site-packages/airflow/example_dags/example_dag_decorator.py for tasks to queue
[2021-03-09 20:05:20,261] {logging_mixin.py:103} INFO - [2021-03-09 20:05:20,261] {dagbag.py:440} INFO - Filling up the DagBag from /home/airflow/venv/lib/python3.8/site-packages/airflow/example_dags/example_dag_decorator.py
[2021-03-09 20:05:20,275] {scheduler_job.py:639} INFO - DAG(s) dict_keys(['example_dag_decorator']) retrieved from /home/airflow/venv/lib/python3.8/site-packages/airflow/example_dags/example_dag_decorator.py
[2021-03-09 20:05:20,275] {logging_mixin.py:103} INFO - [2021-03-09 20:05:20,275] {dag.py:1813} INFO - Sync 1 DAGs
[2021-03-09 20:05:20,288] {logging_mixin.py:103} INFO - [2021-03-09 20:05:20,288] {dag.py:2266} INFO - Setting next_dagrun for example_dag_decorator to None
[2021-03-09 20:05:20,294] {scheduler_job.py:189} INFO - Processing /home/airflow/venv/lib/python3.8/site-packages/airflow/example_dags/example_dag_decorator.py took 0.041 seconds
[2021-03-09 20:05:45,600] {scheduler_job.py:181} INFO - Started process (PID=5134) to work on /home/airflow/venv/lib/python3.8/site-packages/airflow/example_dags/example_dag_decorator.py
[2021-03-09 20:05:45,600] {scheduler_job.py:629} INFO - Processing file /home/airflow/venv/lib/python3.8/site-packages/airflow/example_dags/example_dag_decorator.py for tasks to queue
[2021-03-09 20:05:45,601] {logging_mixin.py:103} INFO - [2021-03-09 20:05:45,601] {dagbag.py:440} INFO - Filling up the DagBag from /home/airflow/venv/lib/python3.8/site-packages/airflow/example_dags/example_dag_decorator.py
[2021-03-09 20:05:45,620] {scheduler_job.py:639} INFO - DAG(s) dict_keys(['example_dag_decorator']) retrieved from /home/airflow/venv/lib/python3.8/site-packages/airflow/example_dags/example_dag_decorator.py
[2021-03-09 20:05:45,620] {logging_mixin.py:103} INFO - [2021-03-09 20:05:45,620] {dag.py:1813} INFO - Sync 1 DAGs
[2021-03-09 20:05:45,632] {logging_mixin.py:103} INFO - [2021-03-09 20:05:45,632] {dag.py:2266} INFO - Setting next_dagrun for example_dag_decorator to None
[2021-03-09 20:05:45,647] {scheduler_job.py:189} INFO - Processing /home/airflow/venv/lib/python3.8/site-packages/airflow/example_dags/example_dag_decorator.py took 0.049 seconds
[2021-03-09 20:06:11,758] {scheduler_job.py:181} INFO - Started process (PID=5200) to work on /home/airflow/venv/lib/python3.8/site-packages/airflow/example_dags/example_dag_decorator.py
[2021-03-09 20:06:11,760] {scheduler_job.py:629} INFO - Processing file /home/airflow/venv/lib/python3.8/site-packages/airflow/example_dags/example_dag_decorator.py for tasks to queue
[2021-03-09 20:06:11,761] {logging_mixin.py:103} INFO - [2021-03-09 20:06:11,761] {dagbag.py:440} INFO - Filling up the DagBag from /home/airflow/venv/lib/python3.8/site-packages/airflow/example_dags/example_dag_decorator.py
[2021-03-09 20:06:11,782] {scheduler_job.py:639} INFO - DAG(s) dict_keys(['example_dag_decorator']) retrieved from /home/airflow/venv/lib/python3.8/site-packages/airflow/example_dags/example_dag_decorator.py
[2021-03-09 20:06:11,783] {logging_mixin.py:103} INFO - [2021-03-09 20:06:11,783] {dag.py:1813} INFO - Sync 1 DAGs
[2021-03-09 20:06:11,805] {logging_mixin.py:103} INFO - [2021-03-09 20:06:11,805] {dag.py:2266} INFO - Setting next_dagrun for example_dag_decorator to None
[2021-03-09 20:06:11,812] {scheduler_job.py:189} INFO - Processing /home/airflow/venv/lib/python3.8/site-packages/airflow/example_dags/example_dag_decorator.py took 0.057 seconds
[2021-03-09 20:06:38,155] {scheduler_job.py:181} INFO - Started process (PID=5267) to work on /home/airflow/venv/lib/python3.8/site-packages/airflow/example_dags/example_dag_decorator.py
[2021-03-09 20:06:38,159] {scheduler_job.py:629} INFO - Processing file /home/airflow/venv/lib/python3.8/site-packages/airflow/example_dags/example_dag_decorator.py for tasks to queue
[2021-03-09 20:06:38,159] {logging_mixin.py:103} INFO - [2021-03-09 20:06:38,159] {dagbag.py:440} INFO - Filling up the DagBag from /home/airflow/venv/lib/python3.8/site-packages/airflow/example_dags/example_dag_decorator.py
[2021-03-09 20:06:38,173] {scheduler_job.py:639} INFO - DAG(s) dict_keys(['example_dag_decorator']) retrieved from /home/airflow/venv/lib/python3.8/site-packages/airflow/example_dags/example_dag_decorator.py
[2021-03-09 20:06:38,174] {logging_mixin.py:103} INFO - [2021-03-09 20:06:38,174] {dag.py:1813} INFO - Sync 1 DAGs
[2021-03-09 20:06:38,191] {logging_mixin.py:103} INFO - [2021-03-09 20:06:38,191] {dag.py:2266} INFO - Setting next_dagrun for example_dag_decorator to None
[2021-03-09 20:06:38,206] {scheduler_job.py:189} INFO - Processing /home/airflow/venv/lib/python3.8/site-packages/airflow/example_dags/example_dag_decorator.py took 0.058 seconds
[2021-03-09 20:07:03,465] {scheduler_job.py:181} INFO - Started process (PID=5335) to work on /home/airflow/venv/lib/python3.8/site-packages/airflow/example_dags/example_dag_decorator.py
[2021-03-09 20:07:03,466] {scheduler_job.py:629} INFO - Processing file /home/airflow/venv/lib/python3.8/site-packages/airflow/example_dags/example_dag_decorator.py for tasks to queue
[2021-03-09 20:07:03,466] {logging_mixin.py:103} INFO - [2021-03-09 20:07:03,466] {dagbag.py:440} INFO - Filling up the DagBag from /home/airflow/venv/lib/python3.8/site-packages/airflow/example_dags/example_dag_decorator.py
[2021-03-09 20:07:03,479] {scheduler_job.py:639} INFO - DAG(s) dict_keys(['example_dag_decorator']) retrieved from /home/airflow/venv/lib/python3.8/site-packages/airflow/example_dags/example_dag_decorator.py
[2021-03-09 20:07:03,479] {logging_mixin.py:103} INFO - [2021-03-09 20:07:03,479] {dag.py:1813} INFO - Sync 1 DAGs
[2021-03-09 20:07:03,493] {logging_mixin.py:103} INFO - [2021-03-09 20:07:03,493] {dag.py:2266} INFO - Setting next_dagrun for example_dag_decorator to None
[2021-03-09 20:07:03,499] {scheduler_job.py:189} INFO - Processing /home/airflow/venv/lib/python3.8/site-packages/airflow/example_dags/example_dag_decorator.py took 0.041 seconds
[2021-03-09 20:07:28,756] {scheduler_job.py:181} INFO - Started process (PID=5418) to work on /home/airflow/venv/lib/python3.8/site-packages/airflow/example_dags/example_dag_decorator.py
[2021-03-09 20:07:28,757] {scheduler_job.py:629} INFO - Processing file /home/airflow/venv/lib/python3.8/site-packages/airflow/example_dags/example_dag_decorator.py for tasks to queue
[2021-03-09 20:07:28,758] {logging_mixin.py:103} INFO - [2021-03-09 20:07:28,758] {dagbag.py:440} INFO - Filling up the DagBag from /home/airflow/venv/lib/python3.8/site-packages/airflow/example_dags/example_dag_decorator.py
[2021-03-09 20:07:28,785] {scheduler_job.py:639} INFO - DAG(s) dict_keys(['example_dag_decorator']) retrieved from /home/airflow/venv/lib/python3.8/site-packages/airflow/example_dags/example_dag_decorator.py
[2021-03-09 20:07:28,786] {logging_mixin.py:103} INFO - [2021-03-09 20:07:28,785] {dag.py:1813} INFO - Sync 1 DAGs
[2021-03-09 20:07:28,819] {logging_mixin.py:103} INFO - [2021-03-09 20:07:28,819] {dag.py:2266} INFO - Setting next_dagrun for example_dag_decorator to None
[2021-03-09 20:07:28,855] {scheduler_job.py:189} INFO - Processing /home/airflow/venv/lib/python3.8/site-packages/airflow/example_dags/example_dag_decorator.py took 0.101 seconds
[2021-03-09 20:07:55,076] {scheduler_job.py:181} INFO - Started process (PID=5484) to work on /home/airflow/venv/lib/python3.8/site-packages/airflow/example_dags/example_dag_decorator.py
[2021-03-09 20:07:55,079] {scheduler_job.py:629} INFO - Processing file /home/airflow/venv/lib/python3.8/site-packages/airflow/example_dags/example_dag_decorator.py for tasks to queue
[2021-03-09 20:07:55,079] {logging_mixin.py:103} INFO - [2021-03-09 20:07:55,079] {dagbag.py:440} INFO - Filling up the DagBag from /home/airflow/venv/lib/python3.8/site-packages/airflow/example_dags/example_dag_decorator.py
[2021-03-09 20:07:55,095] {scheduler_job.py:639} INFO - DAG(s) dict_keys(['example_dag_decorator']) retrieved from /home/airflow/venv/lib/python3.8/site-packages/airflow/example_dags/example_dag_decorator.py
[2021-03-09 20:07:55,096] {logging_mixin.py:103} INFO - [2021-03-09 20:07:55,096] {dag.py:1813} INFO - Sync 1 DAGs
[2021-03-09 20:07:55,110] {logging_mixin.py:103} INFO - [2021-03-09 20:07:55,110] {dag.py:2266} INFO - Setting next_dagrun for example_dag_decorator to None
[2021-03-09 20:07:55,116] {scheduler_job.py:189} INFO - Processing /home/airflow/venv/lib/python3.8/site-packages/airflow/example_dags/example_dag_decorator.py took 0.042 seconds
[2021-03-09 20:08:22,453] {scheduler_job.py:181} INFO - Started process (PID=5560) to work on /home/airflow/venv/lib/python3.8/site-packages/airflow/example_dags/example_dag_decorator.py
[2021-03-09 20:08:22,454] {scheduler_job.py:629} INFO - Processing file /home/airflow/venv/lib/python3.8/site-packages/airflow/example_dags/example_dag_decorator.py for tasks to queue
[2021-03-09 20:08:22,454] {logging_mixin.py:103} INFO - [2021-03-09 20:08:22,454] {dagbag.py:440} INFO - Filling up the DagBag from /home/airflow/venv/lib/python3.8/site-packages/airflow/example_dags/example_dag_decorator.py
[2021-03-09 20:08:22,464] {scheduler_job.py:639} INFO - DAG(s) dict_keys(['example_dag_decorator']) retrieved from /home/airflow/venv/lib/python3.8/site-packages/airflow/example_dags/example_dag_decorator.py
[2021-03-09 20:08:22,465] {logging_mixin.py:103} INFO - [2021-03-09 20:08:22,464] {dag.py:1813} INFO - Sync 1 DAGs
[2021-03-09 20:08:22,476] {logging_mixin.py:103} INFO - [2021-03-09 20:08:22,476] {dag.py:2266} INFO - Setting next_dagrun for example_dag_decorator to None
[2021-03-09 20:08:22,490] {scheduler_job.py:189} INFO - Processing /home/airflow/venv/lib/python3.8/site-packages/airflow/example_dags/example_dag_decorator.py took 0.040 seconds
[2021-03-09 20:08:47,728] {scheduler_job.py:181} INFO - Started process (PID=5627) to work on /home/airflow/venv/lib/python3.8/site-packages/airflow/example_dags/example_dag_decorator.py
[2021-03-09 20:08:47,729] {scheduler_job.py:629} INFO - Processing file /home/airflow/venv/lib/python3.8/site-packages/airflow/example_dags/example_dag_decorator.py for tasks to queue
[2021-03-09 20:08:47,729] {logging_mixin.py:103} INFO - [2021-03-09 20:08:47,729] {dagbag.py:440} INFO - Filling up the DagBag from /home/airflow/venv/lib/python3.8/site-packages/airflow/example_dags/example_dag_decorator.py
[2021-03-09 20:08:47,740] {scheduler_job.py:639} INFO - DAG(s) dict_keys(['example_dag_decorator']) retrieved from /home/airflow/venv/lib/python3.8/site-packages/airflow/example_dags/example_dag_decorator.py
[2021-03-09 20:08:47,740] {logging_mixin.py:103} INFO - [2021-03-09 20:08:47,740] {dag.py:1813} INFO - Sync 1 DAGs
[2021-03-09 20:08:47,753] {logging_mixin.py:103} INFO - [2021-03-09 20:08:47,752] {dag.py:2266} INFO - Setting next_dagrun for example_dag_decorator to None
[2021-03-09 20:08:47,759] {scheduler_job.py:189} INFO - Processing /home/airflow/venv/lib/python3.8/site-packages/airflow/example_dags/example_dag_decorator.py took 0.036 seconds
[2021-03-09 20:09:13,389] {scheduler_job.py:181} INFO - Started process (PID=5692) to work on /home/airflow/venv/lib/python3.8/site-packages/airflow/example_dags/example_dag_decorator.py
[2021-03-09 20:09:13,390] {scheduler_job.py:629} INFO - Processing file /home/airflow/venv/lib/python3.8/site-packages/airflow/example_dags/example_dag_decorator.py for tasks to queue
[2021-03-09 20:09:13,390] {logging_mixin.py:103} INFO - [2021-03-09 20:09:13,390] {dagbag.py:440} INFO - Filling up the DagBag from /home/airflow/venv/lib/python3.8/site-packages/airflow/example_dags/example_dag_decorator.py
[2021-03-09 20:09:13,404] {scheduler_job.py:639} INFO - DAG(s) dict_keys(['example_dag_decorator']) retrieved from /home/airflow/venv/lib/python3.8/site-packages/airflow/example_dags/example_dag_decorator.py
[2021-03-09 20:09:13,405] {logging_mixin.py:103} INFO - [2021-03-09 20:09:13,405] {dag.py:1813} INFO - Sync 1 DAGs
[2021-03-09 20:09:13,418] {logging_mixin.py:103} INFO - [2021-03-09 20:09:13,418] {dag.py:2266} INFO - Setting next_dagrun for example_dag_decorator to None
[2021-03-09 20:09:13,433] {scheduler_job.py:189} INFO - Processing /home/airflow/venv/lib/python3.8/site-packages/airflow/example_dags/example_dag_decorator.py took 0.046 seconds
[2021-03-09 20:09:39,208] {scheduler_job.py:181} INFO - Started process (PID=5759) to work on /home/airflow/venv/lib/python3.8/site-packages/airflow/example_dags/example_dag_decorator.py
[2021-03-09 20:09:39,209] {scheduler_job.py:629} INFO - Processing file /home/airflow/venv/lib/python3.8/site-packages/airflow/example_dags/example_dag_decorator.py for tasks to queue
[2021-03-09 20:09:39,210] {logging_mixin.py:103} INFO - [2021-03-09 20:09:39,210] {dagbag.py:440} INFO - Filling up the DagBag from /home/airflow/venv/lib/python3.8/site-packages/airflow/example_dags/example_dag_decorator.py
[2021-03-09 20:09:39,229] {scheduler_job.py:639} INFO - DAG(s) dict_keys(['example_dag_decorator']) retrieved from /home/airflow/venv/lib/python3.8/site-packages/airflow/example_dags/example_dag_decorator.py
[2021-03-09 20:09:39,229] {logging_mixin.py:103} INFO - [2021-03-09 20:09:39,229] {dag.py:1813} INFO - Sync 1 DAGs
[2021-03-09 20:09:39,240] {logging_mixin.py:103} INFO - [2021-03-09 20:09:39,240] {dag.py:2266} INFO - Setting next_dagrun for example_dag_decorator to None
[2021-03-09 20:09:39,245] {scheduler_job.py:189} INFO - Processing /home/airflow/venv/lib/python3.8/site-packages/airflow/example_dags/example_dag_decorator.py took 0.039 seconds
[2021-03-09 20:10:05,545] {scheduler_job.py:181} INFO - Started process (PID=5827) to work on /home/airflow/venv/lib/python3.8/site-packages/airflow/example_dags/example_dag_decorator.py
[2021-03-09 20:10:05,546] {scheduler_job.py:629} INFO - Processing file /home/airflow/venv/lib/python3.8/site-packages/airflow/example_dags/example_dag_decorator.py for tasks to queue
[2021-03-09 20:10:05,547] {logging_mixin.py:103} INFO - [2021-03-09 20:10:05,546] {dagbag.py:440} INFO - Filling up the DagBag from /home/airflow/venv/lib/python3.8/site-packages/airflow/example_dags/example_dag_decorator.py
[2021-03-09 20:10:05,559] {scheduler_job.py:639} INFO - DAG(s) dict_keys(['example_dag_decorator']) retrieved from /home/airflow/venv/lib/python3.8/site-packages/airflow/example_dags/example_dag_decorator.py
[2021-03-09 20:10:05,560] {logging_mixin.py:103} INFO - [2021-03-09 20:10:05,560] {dag.py:1813} INFO - Sync 1 DAGs
[2021-03-09 20:10:05,572] {logging_mixin.py:103} INFO - [2021-03-09 20:10:05,572] {dag.py:2266} INFO - Setting next_dagrun for example_dag_decorator to None
[2021-03-09 20:10:05,586] {scheduler_job.py:189} INFO - Processing /home/airflow/venv/lib/python3.8/site-packages/airflow/example_dags/example_dag_decorator.py took 0.046 seconds
[2021-03-09 20:10:31,985] {scheduler_job.py:181} INFO - Started process (PID=5894) to work on /home/airflow/venv/lib/python3.8/site-packages/airflow/example_dags/example_dag_decorator.py
[2021-03-09 20:10:31,986] {scheduler_job.py:629} INFO - Processing file /home/airflow/venv/lib/python3.8/site-packages/airflow/example_dags/example_dag_decorator.py for tasks to queue
[2021-03-09 20:10:31,987] {logging_mixin.py:103} INFO - [2021-03-09 20:10:31,986] {dagbag.py:440} INFO - Filling up the DagBag from /home/airflow/venv/lib/python3.8/site-packages/airflow/example_dags/example_dag_decorator.py
[2021-03-09 20:10:32,006] {scheduler_job.py:639} INFO - DAG(s) dict_keys(['example_dag_decorator']) retrieved from /home/airflow/venv/lib/python3.8/site-packages/airflow/example_dags/example_dag_decorator.py
[2021-03-09 20:10:32,007] {logging_mixin.py:103} INFO - [2021-03-09 20:10:32,007] {dag.py:1813} INFO - Sync 1 DAGs
[2021-03-09 20:10:32,034] {logging_mixin.py:103} INFO - [2021-03-09 20:10:32,034] {dag.py:2266} INFO - Setting next_dagrun for example_dag_decorator to None
[2021-03-09 20:10:32,046] {scheduler_job.py:189} INFO - Processing /home/airflow/venv/lib/python3.8/site-packages/airflow/example_dags/example_dag_decorator.py took 0.068 seconds
