[2021-03-09 18:54:31,188] {scheduler_job.py:181} INFO - Started process (PID=9370) to work on /home/airflow/venv/lib/python3.8/site-packages/airflow/example_dags/example_skip_dag.py
[2021-03-09 18:54:31,190] {scheduler_job.py:629} INFO - Processing file /home/airflow/venv/lib/python3.8/site-packages/airflow/example_dags/example_skip_dag.py for tasks to queue
[2021-03-09 18:54:31,190] {logging_mixin.py:103} INFO - [2021-03-09 18:54:31,190] {dagbag.py:440} INFO - Filling up the DagBag from /home/airflow/venv/lib/python3.8/site-packages/airflow/example_dags/example_skip_dag.py
[2021-03-09 18:54:31,228] {scheduler_job.py:639} INFO - DAG(s) dict_keys(['example_skip_dag']) retrieved from /home/airflow/venv/lib/python3.8/site-packages/airflow/example_dags/example_skip_dag.py
[2021-03-09 18:54:31,229] {logging_mixin.py:103} INFO - [2021-03-09 18:54:31,229] {dag.py:1813} INFO - Sync 1 DAGs
[2021-03-09 18:54:31,420] {logging_mixin.py:103} INFO - [2021-03-09 18:54:31,420] {dag.py:2266} INFO - Setting next_dagrun for example_skip_dag to 2021-03-07 00:00:00+00:00
[2021-03-09 18:54:31,516] {scheduler_job.py:189} INFO - Processing /home/airflow/venv/lib/python3.8/site-packages/airflow/example_dags/example_skip_dag.py took 0.338 seconds
[2021-03-09 18:55:03,330] {scheduler_job.py:181} INFO - Started process (PID=9437) to work on /home/airflow/venv/lib/python3.8/site-packages/airflow/example_dags/example_skip_dag.py
[2021-03-09 18:55:03,332] {scheduler_job.py:629} INFO - Processing file /home/airflow/venv/lib/python3.8/site-packages/airflow/example_dags/example_skip_dag.py for tasks to queue
[2021-03-09 18:55:03,332] {logging_mixin.py:103} INFO - [2021-03-09 18:55:03,332] {dagbag.py:440} INFO - Filling up the DagBag from /home/airflow/venv/lib/python3.8/site-packages/airflow/example_dags/example_skip_dag.py
[2021-03-09 18:55:03,421] {scheduler_job.py:639} INFO - DAG(s) dict_keys(['example_skip_dag']) retrieved from /home/airflow/venv/lib/python3.8/site-packages/airflow/example_dags/example_skip_dag.py
[2021-03-09 18:55:03,422] {logging_mixin.py:103} INFO - [2021-03-09 18:55:03,422] {dag.py:1813} INFO - Sync 1 DAGs
[2021-03-09 18:55:03,522] {logging_mixin.py:103} INFO - [2021-03-09 18:55:03,522] {dag.py:2266} INFO - Setting next_dagrun for example_skip_dag to 2021-03-07 00:00:00+00:00
[2021-03-09 18:55:03,572] {scheduler_job.py:189} INFO - Processing /home/airflow/venv/lib/python3.8/site-packages/airflow/example_dags/example_skip_dag.py took 0.247 seconds
[2021-03-09 18:55:40,035] {scheduler_job.py:181} INFO - Started process (PID=9509) to work on /home/airflow/venv/lib/python3.8/site-packages/airflow/example_dags/example_skip_dag.py
[2021-03-09 18:55:40,036] {scheduler_job.py:629} INFO - Processing file /home/airflow/venv/lib/python3.8/site-packages/airflow/example_dags/example_skip_dag.py for tasks to queue
[2021-03-09 18:55:40,038] {logging_mixin.py:103} INFO - [2021-03-09 18:55:40,037] {dagbag.py:440} INFO - Filling up the DagBag from /home/airflow/venv/lib/python3.8/site-packages/airflow/example_dags/example_skip_dag.py
[2021-03-09 18:55:40,131] {scheduler_job.py:639} INFO - DAG(s) dict_keys(['example_skip_dag']) retrieved from /home/airflow/venv/lib/python3.8/site-packages/airflow/example_dags/example_skip_dag.py
[2021-03-09 18:55:40,132] {logging_mixin.py:103} INFO - [2021-03-09 18:55:40,132] {dag.py:1813} INFO - Sync 1 DAGs
[2021-03-09 18:55:40,319] {logging_mixin.py:103} INFO - [2021-03-09 18:55:40,319] {dag.py:2266} INFO - Setting next_dagrun for example_skip_dag to 2021-03-07 00:00:00+00:00
[2021-03-09 18:55:40,424] {scheduler_job.py:189} INFO - Processing /home/airflow/venv/lib/python3.8/site-packages/airflow/example_dags/example_skip_dag.py took 0.394 seconds
[2021-03-09 18:56:20,520] {scheduler_job.py:181} INFO - Started process (PID=9584) to work on /home/airflow/venv/lib/python3.8/site-packages/airflow/example_dags/example_skip_dag.py
[2021-03-09 18:56:20,521] {scheduler_job.py:629} INFO - Processing file /home/airflow/venv/lib/python3.8/site-packages/airflow/example_dags/example_skip_dag.py for tasks to queue
[2021-03-09 18:56:20,522] {logging_mixin.py:103} INFO - [2021-03-09 18:56:20,522] {dagbag.py:440} INFO - Filling up the DagBag from /home/airflow/venv/lib/python3.8/site-packages/airflow/example_dags/example_skip_dag.py
[2021-03-09 18:56:20,630] {scheduler_job.py:639} INFO - DAG(s) dict_keys(['example_skip_dag']) retrieved from /home/airflow/venv/lib/python3.8/site-packages/airflow/example_dags/example_skip_dag.py
[2021-03-09 18:56:20,720] {logging_mixin.py:103} INFO - [2021-03-09 18:56:20,635] {dag.py:1813} INFO - Sync 1 DAGs
[2021-03-09 18:56:20,833] {logging_mixin.py:103} INFO - [2021-03-09 18:56:20,833] {dag.py:2266} INFO - Setting next_dagrun for example_skip_dag to 2021-03-07 00:00:00+00:00
[2021-03-09 18:56:21,024] {scheduler_job.py:189} INFO - Processing /home/airflow/venv/lib/python3.8/site-packages/airflow/example_dags/example_skip_dag.py took 0.552 seconds
[2021-03-09 18:57:06,371] {scheduler_job.py:181} INFO - Started process (PID=9660) to work on /home/airflow/venv/lib/python3.8/site-packages/airflow/example_dags/example_skip_dag.py
[2021-03-09 18:57:06,373] {scheduler_job.py:629} INFO - Processing file /home/airflow/venv/lib/python3.8/site-packages/airflow/example_dags/example_skip_dag.py for tasks to queue
[2021-03-09 18:57:06,373] {logging_mixin.py:103} INFO - [2021-03-09 18:57:06,373] {dagbag.py:440} INFO - Filling up the DagBag from /home/airflow/venv/lib/python3.8/site-packages/airflow/example_dags/example_skip_dag.py
[2021-03-09 18:57:06,471] {scheduler_job.py:639} INFO - DAG(s) dict_keys(['example_skip_dag']) retrieved from /home/airflow/venv/lib/python3.8/site-packages/airflow/example_dags/example_skip_dag.py
[2021-03-09 18:57:06,473] {logging_mixin.py:103} INFO - [2021-03-09 18:57:06,472] {dag.py:1813} INFO - Sync 1 DAGs
[2021-03-09 18:57:06,683] {logging_mixin.py:103} INFO - [2021-03-09 18:57:06,683] {dag.py:2266} INFO - Setting next_dagrun for example_skip_dag to 2021-03-07 00:00:00+00:00
[2021-03-09 18:57:06,929] {scheduler_job.py:189} INFO - Processing /home/airflow/venv/lib/python3.8/site-packages/airflow/example_dags/example_skip_dag.py took 0.562 seconds
[2021-03-09 19:11:14,597] {scheduler_job.py:181} INFO - Started process (PID=10324) to work on /home/airflow/venv/lib/python3.8/site-packages/airflow/example_dags/example_skip_dag.py
[2021-03-09 19:11:14,598] {scheduler_job.py:629} INFO - Processing file /home/airflow/venv/lib/python3.8/site-packages/airflow/example_dags/example_skip_dag.py for tasks to queue
[2021-03-09 19:11:14,603] {logging_mixin.py:103} INFO - [2021-03-09 19:11:14,603] {dagbag.py:440} INFO - Filling up the DagBag from /home/airflow/venv/lib/python3.8/site-packages/airflow/example_dags/example_skip_dag.py
[2021-03-09 19:11:14,621] {scheduler_job.py:639} INFO - DAG(s) dict_keys(['example_skip_dag']) retrieved from /home/airflow/venv/lib/python3.8/site-packages/airflow/example_dags/example_skip_dag.py
[2021-03-09 19:11:14,622] {logging_mixin.py:103} INFO - [2021-03-09 19:11:14,622] {dag.py:1813} INFO - Sync 1 DAGs
[2021-03-09 19:11:14,686] {logging_mixin.py:103} INFO - [2021-03-09 19:11:14,686] {dag.py:2266} INFO - Setting next_dagrun for example_skip_dag to 2021-03-07 00:00:00+00:00
[2021-03-09 19:11:14,731] {scheduler_job.py:189} INFO - Processing /home/airflow/venv/lib/python3.8/site-packages/airflow/example_dags/example_skip_dag.py took 0.140 seconds
[2021-03-09 19:11:51,104] {scheduler_job.py:181} INFO - Started process (PID=10362) to work on /home/airflow/venv/lib/python3.8/site-packages/airflow/example_dags/example_skip_dag.py
[2021-03-09 19:11:51,112] {scheduler_job.py:629} INFO - Processing file /home/airflow/venv/lib/python3.8/site-packages/airflow/example_dags/example_skip_dag.py for tasks to queue
[2021-03-09 19:11:51,112] {logging_mixin.py:103} INFO - [2021-03-09 19:11:51,112] {dagbag.py:440} INFO - Filling up the DagBag from /home/airflow/venv/lib/python3.8/site-packages/airflow/example_dags/example_skip_dag.py
[2021-03-09 19:11:51,138] {scheduler_job.py:639} INFO - DAG(s) dict_keys(['example_skip_dag']) retrieved from /home/airflow/venv/lib/python3.8/site-packages/airflow/example_dags/example_skip_dag.py
[2021-03-09 19:11:51,143] {logging_mixin.py:103} INFO - [2021-03-09 19:11:51,143] {dag.py:1813} INFO - Sync 1 DAGs
[2021-03-09 19:11:51,201] {logging_mixin.py:103} INFO - [2021-03-09 19:11:51,201] {dag.py:2266} INFO - Setting next_dagrun for example_skip_dag to 2021-03-07 00:00:00+00:00
[2021-03-09 19:11:51,250] {scheduler_job.py:189} INFO - Processing /home/airflow/venv/lib/python3.8/site-packages/airflow/example_dags/example_skip_dag.py took 0.160 seconds
[2021-03-09 19:12:18,162] {scheduler_job.py:181} INFO - Started process (PID=10391) to work on /home/airflow/venv/lib/python3.8/site-packages/airflow/example_dags/example_skip_dag.py
[2021-03-09 19:12:18,168] {scheduler_job.py:629} INFO - Processing file /home/airflow/venv/lib/python3.8/site-packages/airflow/example_dags/example_skip_dag.py for tasks to queue
[2021-03-09 19:12:18,169] {logging_mixin.py:103} INFO - [2021-03-09 19:12:18,169] {dagbag.py:440} INFO - Filling up the DagBag from /home/airflow/venv/lib/python3.8/site-packages/airflow/example_dags/example_skip_dag.py
[2021-03-09 19:12:18,194] {scheduler_job.py:639} INFO - DAG(s) dict_keys(['example_skip_dag']) retrieved from /home/airflow/venv/lib/python3.8/site-packages/airflow/example_dags/example_skip_dag.py
[2021-03-09 19:12:18,207] {logging_mixin.py:103} INFO - [2021-03-09 19:12:18,207] {dag.py:1813} INFO - Sync 1 DAGs
[2021-03-09 19:12:18,272] {logging_mixin.py:103} INFO - [2021-03-09 19:12:18,272] {dag.py:2266} INFO - Setting next_dagrun for example_skip_dag to 2021-03-07 00:00:00+00:00
[2021-03-09 19:12:18,312] {scheduler_job.py:189} INFO - Processing /home/airflow/venv/lib/python3.8/site-packages/airflow/example_dags/example_skip_dag.py took 0.155 seconds
[2021-03-09 19:16:21,648] {scheduler_job.py:181} INFO - Started process (PID=1465) to work on /home/airflow/venv/lib/python3.8/site-packages/airflow/example_dags/example_skip_dag.py
[2021-03-09 19:16:21,673] {scheduler_job.py:629} INFO - Processing file /home/airflow/venv/lib/python3.8/site-packages/airflow/example_dags/example_skip_dag.py for tasks to queue
[2021-03-09 19:16:21,673] {logging_mixin.py:103} INFO - [2021-03-09 19:16:21,673] {dagbag.py:440} INFO - Filling up the DagBag from /home/airflow/venv/lib/python3.8/site-packages/airflow/example_dags/example_skip_dag.py
[2021-03-09 19:16:21,695] {scheduler_job.py:639} INFO - DAG(s) dict_keys(['example_skip_dag']) retrieved from /home/airflow/venv/lib/python3.8/site-packages/airflow/example_dags/example_skip_dag.py
[2021-03-09 19:16:21,695] {logging_mixin.py:103} INFO - [2021-03-09 19:16:21,695] {dag.py:1813} INFO - Sync 1 DAGs
[2021-03-09 19:16:21,767] {logging_mixin.py:103} INFO - [2021-03-09 19:16:21,767] {dag.py:2266} INFO - Setting next_dagrun for example_skip_dag to 2021-03-07 00:00:00+00:00
[2021-03-09 19:16:21,808] {scheduler_job.py:189} INFO - Processing /home/airflow/venv/lib/python3.8/site-packages/airflow/example_dags/example_skip_dag.py took 0.163 seconds
[2021-03-09 19:16:49,841] {scheduler_job.py:181} INFO - Started process (PID=1511) to work on /home/airflow/venv/lib/python3.8/site-packages/airflow/example_dags/example_skip_dag.py
[2021-03-09 19:16:49,842] {scheduler_job.py:629} INFO - Processing file /home/airflow/venv/lib/python3.8/site-packages/airflow/example_dags/example_skip_dag.py for tasks to queue
[2021-03-09 19:16:49,842] {logging_mixin.py:103} INFO - [2021-03-09 19:16:49,842] {dagbag.py:440} INFO - Filling up the DagBag from /home/airflow/venv/lib/python3.8/site-packages/airflow/example_dags/example_skip_dag.py
[2021-03-09 19:16:49,848] {scheduler_job.py:639} INFO - DAG(s) dict_keys(['example_skip_dag']) retrieved from /home/airflow/venv/lib/python3.8/site-packages/airflow/example_dags/example_skip_dag.py
[2021-03-09 19:16:49,848] {logging_mixin.py:103} INFO - [2021-03-09 19:16:49,848] {dag.py:1813} INFO - Sync 1 DAGs
[2021-03-09 19:16:49,860] {logging_mixin.py:103} INFO - [2021-03-09 19:16:49,860] {dag.py:2266} INFO - Setting next_dagrun for example_skip_dag to 2021-03-07 00:00:00+00:00
[2021-03-09 19:16:49,870] {scheduler_job.py:189} INFO - Processing /home/airflow/venv/lib/python3.8/site-packages/airflow/example_dags/example_skip_dag.py took 0.031 seconds
[2021-03-09 19:17:16,718] {scheduler_job.py:181} INFO - Started process (PID=1577) to work on /home/airflow/venv/lib/python3.8/site-packages/airflow/example_dags/example_skip_dag.py
[2021-03-09 19:17:16,719] {scheduler_job.py:629} INFO - Processing file /home/airflow/venv/lib/python3.8/site-packages/airflow/example_dags/example_skip_dag.py for tasks to queue
[2021-03-09 19:17:16,719] {logging_mixin.py:103} INFO - [2021-03-09 19:17:16,719] {dagbag.py:440} INFO - Filling up the DagBag from /home/airflow/venv/lib/python3.8/site-packages/airflow/example_dags/example_skip_dag.py
[2021-03-09 19:17:16,725] {scheduler_job.py:639} INFO - DAG(s) dict_keys(['example_skip_dag']) retrieved from /home/airflow/venv/lib/python3.8/site-packages/airflow/example_dags/example_skip_dag.py
[2021-03-09 19:17:16,725] {logging_mixin.py:103} INFO - [2021-03-09 19:17:16,725] {dag.py:1813} INFO - Sync 1 DAGs
[2021-03-09 19:17:16,737] {logging_mixin.py:103} INFO - [2021-03-09 19:17:16,737] {dag.py:2266} INFO - Setting next_dagrun for example_skip_dag to 2021-03-07 00:00:00+00:00
[2021-03-09 19:17:16,747] {scheduler_job.py:189} INFO - Processing /home/airflow/venv/lib/python3.8/site-packages/airflow/example_dags/example_skip_dag.py took 0.030 seconds
[2021-03-09 19:17:44,722] {scheduler_job.py:181} INFO - Started process (PID=1644) to work on /home/airflow/venv/lib/python3.8/site-packages/airflow/example_dags/example_skip_dag.py
[2021-03-09 19:17:44,723] {scheduler_job.py:629} INFO - Processing file /home/airflow/venv/lib/python3.8/site-packages/airflow/example_dags/example_skip_dag.py for tasks to queue
[2021-03-09 19:17:44,723] {logging_mixin.py:103} INFO - [2021-03-09 19:17:44,723] {dagbag.py:440} INFO - Filling up the DagBag from /home/airflow/venv/lib/python3.8/site-packages/airflow/example_dags/example_skip_dag.py
[2021-03-09 19:17:44,738] {scheduler_job.py:639} INFO - DAG(s) dict_keys(['example_skip_dag']) retrieved from /home/airflow/venv/lib/python3.8/site-packages/airflow/example_dags/example_skip_dag.py
[2021-03-09 19:17:44,739] {logging_mixin.py:103} INFO - [2021-03-09 19:17:44,738] {dag.py:1813} INFO - Sync 1 DAGs
[2021-03-09 19:17:44,760] {logging_mixin.py:103} INFO - [2021-03-09 19:17:44,760] {dag.py:2266} INFO - Setting next_dagrun for example_skip_dag to 2021-03-07 00:00:00+00:00
[2021-03-09 19:17:44,801] {scheduler_job.py:189} INFO - Processing /home/airflow/venv/lib/python3.8/site-packages/airflow/example_dags/example_skip_dag.py took 0.083 seconds
[2021-03-09 19:18:10,939] {scheduler_job.py:181} INFO - Started process (PID=1710) to work on /home/airflow/venv/lib/python3.8/site-packages/airflow/example_dags/example_skip_dag.py
[2021-03-09 19:18:10,944] {scheduler_job.py:629} INFO - Processing file /home/airflow/venv/lib/python3.8/site-packages/airflow/example_dags/example_skip_dag.py for tasks to queue
[2021-03-09 19:18:10,945] {logging_mixin.py:103} INFO - [2021-03-09 19:18:10,945] {dagbag.py:440} INFO - Filling up the DagBag from /home/airflow/venv/lib/python3.8/site-packages/airflow/example_dags/example_skip_dag.py
[2021-03-09 19:18:10,962] {scheduler_job.py:639} INFO - DAG(s) dict_keys(['example_skip_dag']) retrieved from /home/airflow/venv/lib/python3.8/site-packages/airflow/example_dags/example_skip_dag.py
[2021-03-09 19:18:10,962] {logging_mixin.py:103} INFO - [2021-03-09 19:18:10,962] {dag.py:1813} INFO - Sync 1 DAGs
[2021-03-09 19:18:10,990] {logging_mixin.py:103} INFO - [2021-03-09 19:18:10,990] {dag.py:2266} INFO - Setting next_dagrun for example_skip_dag to 2021-03-07 00:00:00+00:00
[2021-03-09 19:18:11,018] {scheduler_job.py:189} INFO - Processing /home/airflow/venv/lib/python3.8/site-packages/airflow/example_dags/example_skip_dag.py took 0.082 seconds
[2021-03-09 19:18:41,131] {scheduler_job.py:181} INFO - Started process (PID=1822) to work on /home/airflow/venv/lib/python3.8/site-packages/airflow/example_dags/example_skip_dag.py
[2021-03-09 19:18:41,131] {scheduler_job.py:629} INFO - Processing file /home/airflow/venv/lib/python3.8/site-packages/airflow/example_dags/example_skip_dag.py for tasks to queue
[2021-03-09 19:18:41,131] {logging_mixin.py:103} INFO - [2021-03-09 19:18:41,131] {dagbag.py:440} INFO - Filling up the DagBag from /home/airflow/venv/lib/python3.8/site-packages/airflow/example_dags/example_skip_dag.py
[2021-03-09 19:18:41,137] {scheduler_job.py:639} INFO - DAG(s) dict_keys(['example_skip_dag']) retrieved from /home/airflow/venv/lib/python3.8/site-packages/airflow/example_dags/example_skip_dag.py
[2021-03-09 19:18:41,138] {logging_mixin.py:103} INFO - [2021-03-09 19:18:41,138] {dag.py:1813} INFO - Sync 1 DAGs
[2021-03-09 19:18:41,150] {logging_mixin.py:103} INFO - [2021-03-09 19:18:41,150] {dag.py:2266} INFO - Setting next_dagrun for example_skip_dag to 2021-03-07 00:00:00+00:00
[2021-03-09 19:18:41,160] {scheduler_job.py:189} INFO - Processing /home/airflow/venv/lib/python3.8/site-packages/airflow/example_dags/example_skip_dag.py took 0.031 seconds
[2021-03-09 19:19:08,814] {scheduler_job.py:181} INFO - Started process (PID=1892) to work on /home/airflow/venv/lib/python3.8/site-packages/airflow/example_dags/example_skip_dag.py
[2021-03-09 19:19:08,815] {scheduler_job.py:629} INFO - Processing file /home/airflow/venv/lib/python3.8/site-packages/airflow/example_dags/example_skip_dag.py for tasks to queue
[2021-03-09 19:19:08,815] {logging_mixin.py:103} INFO - [2021-03-09 19:19:08,815] {dagbag.py:440} INFO - Filling up the DagBag from /home/airflow/venv/lib/python3.8/site-packages/airflow/example_dags/example_skip_dag.py
[2021-03-09 19:19:08,824] {scheduler_job.py:639} INFO - DAG(s) dict_keys(['example_skip_dag']) retrieved from /home/airflow/venv/lib/python3.8/site-packages/airflow/example_dags/example_skip_dag.py
[2021-03-09 19:19:08,826] {logging_mixin.py:103} INFO - [2021-03-09 19:19:08,826] {dag.py:1813} INFO - Sync 1 DAGs
[2021-03-09 19:19:08,839] {logging_mixin.py:103} INFO - [2021-03-09 19:19:08,839] {dag.py:2266} INFO - Setting next_dagrun for example_skip_dag to 2021-03-07 00:00:00+00:00
[2021-03-09 19:19:08,850] {scheduler_job.py:189} INFO - Processing /home/airflow/venv/lib/python3.8/site-packages/airflow/example_dags/example_skip_dag.py took 0.037 seconds
[2021-03-09 19:19:36,505] {scheduler_job.py:181} INFO - Started process (PID=1962) to work on /home/airflow/venv/lib/python3.8/site-packages/airflow/example_dags/example_skip_dag.py
[2021-03-09 19:19:36,506] {scheduler_job.py:629} INFO - Processing file /home/airflow/venv/lib/python3.8/site-packages/airflow/example_dags/example_skip_dag.py for tasks to queue
[2021-03-09 19:19:36,506] {logging_mixin.py:103} INFO - [2021-03-09 19:19:36,506] {dagbag.py:440} INFO - Filling up the DagBag from /home/airflow/venv/lib/python3.8/site-packages/airflow/example_dags/example_skip_dag.py
[2021-03-09 19:19:36,516] {scheduler_job.py:639} INFO - DAG(s) dict_keys(['example_skip_dag']) retrieved from /home/airflow/venv/lib/python3.8/site-packages/airflow/example_dags/example_skip_dag.py
[2021-03-09 19:19:36,517] {logging_mixin.py:103} INFO - [2021-03-09 19:19:36,517] {dag.py:1813} INFO - Sync 1 DAGs
[2021-03-09 19:19:36,532] {logging_mixin.py:103} INFO - [2021-03-09 19:19:36,532] {dag.py:2266} INFO - Setting next_dagrun for example_skip_dag to 2021-03-07 00:00:00+00:00
[2021-03-09 19:19:36,547] {scheduler_job.py:189} INFO - Processing /home/airflow/venv/lib/python3.8/site-packages/airflow/example_dags/example_skip_dag.py took 0.044 seconds
[2021-03-09 19:20:04,210] {scheduler_job.py:181} INFO - Started process (PID=2031) to work on /home/airflow/venv/lib/python3.8/site-packages/airflow/example_dags/example_skip_dag.py
[2021-03-09 19:20:04,211] {scheduler_job.py:629} INFO - Processing file /home/airflow/venv/lib/python3.8/site-packages/airflow/example_dags/example_skip_dag.py for tasks to queue
[2021-03-09 19:20:04,212] {logging_mixin.py:103} INFO - [2021-03-09 19:20:04,211] {dagbag.py:440} INFO - Filling up the DagBag from /home/airflow/venv/lib/python3.8/site-packages/airflow/example_dags/example_skip_dag.py
[2021-03-09 19:20:04,217] {scheduler_job.py:639} INFO - DAG(s) dict_keys(['example_skip_dag']) retrieved from /home/airflow/venv/lib/python3.8/site-packages/airflow/example_dags/example_skip_dag.py
[2021-03-09 19:20:04,218] {logging_mixin.py:103} INFO - [2021-03-09 19:20:04,218] {dag.py:1813} INFO - Sync 1 DAGs
[2021-03-09 19:20:04,231] {logging_mixin.py:103} INFO - [2021-03-09 19:20:04,230] {dag.py:2266} INFO - Setting next_dagrun for example_skip_dag to 2021-03-07 00:00:00+00:00
[2021-03-09 19:20:04,240] {scheduler_job.py:189} INFO - Processing /home/airflow/venv/lib/python3.8/site-packages/airflow/example_dags/example_skip_dag.py took 0.032 seconds
[2021-03-09 19:20:31,050] {scheduler_job.py:181} INFO - Started process (PID=2101) to work on /home/airflow/venv/lib/python3.8/site-packages/airflow/example_dags/example_skip_dag.py
[2021-03-09 19:20:31,050] {scheduler_job.py:629} INFO - Processing file /home/airflow/venv/lib/python3.8/site-packages/airflow/example_dags/example_skip_dag.py for tasks to queue
[2021-03-09 19:20:31,051] {logging_mixin.py:103} INFO - [2021-03-09 19:20:31,051] {dagbag.py:440} INFO - Filling up the DagBag from /home/airflow/venv/lib/python3.8/site-packages/airflow/example_dags/example_skip_dag.py
[2021-03-09 19:20:31,057] {scheduler_job.py:639} INFO - DAG(s) dict_keys(['example_skip_dag']) retrieved from /home/airflow/venv/lib/python3.8/site-packages/airflow/example_dags/example_skip_dag.py
[2021-03-09 19:20:31,058] {logging_mixin.py:103} INFO - [2021-03-09 19:20:31,058] {dag.py:1813} INFO - Sync 1 DAGs
[2021-03-09 19:20:31,070] {logging_mixin.py:103} INFO - [2021-03-09 19:20:31,070] {dag.py:2266} INFO - Setting next_dagrun for example_skip_dag to 2021-03-07 00:00:00+00:00
[2021-03-09 19:20:31,081] {scheduler_job.py:189} INFO - Processing /home/airflow/venv/lib/python3.8/site-packages/airflow/example_dags/example_skip_dag.py took 0.033 seconds
[2021-03-09 19:20:58,276] {scheduler_job.py:181} INFO - Started process (PID=2179) to work on /home/airflow/venv/lib/python3.8/site-packages/airflow/example_dags/example_skip_dag.py
[2021-03-09 19:20:58,281] {scheduler_job.py:629} INFO - Processing file /home/airflow/venv/lib/python3.8/site-packages/airflow/example_dags/example_skip_dag.py for tasks to queue
[2021-03-09 19:20:58,281] {logging_mixin.py:103} INFO - [2021-03-09 19:20:58,281] {dagbag.py:440} INFO - Filling up the DagBag from /home/airflow/venv/lib/python3.8/site-packages/airflow/example_dags/example_skip_dag.py
[2021-03-09 19:20:58,292] {scheduler_job.py:639} INFO - DAG(s) dict_keys(['example_skip_dag']) retrieved from /home/airflow/venv/lib/python3.8/site-packages/airflow/example_dags/example_skip_dag.py
[2021-03-09 19:20:58,293] {logging_mixin.py:103} INFO - [2021-03-09 19:20:58,292] {dag.py:1813} INFO - Sync 1 DAGs
[2021-03-09 19:20:58,305] {logging_mixin.py:103} INFO - [2021-03-09 19:20:58,305] {dag.py:2266} INFO - Setting next_dagrun for example_skip_dag to 2021-03-07 00:00:00+00:00
[2021-03-09 19:20:58,315] {scheduler_job.py:189} INFO - Processing /home/airflow/venv/lib/python3.8/site-packages/airflow/example_dags/example_skip_dag.py took 0.041 seconds
[2021-03-09 19:21:23,592] {scheduler_job.py:181} INFO - Started process (PID=2244) to work on /home/airflow/venv/lib/python3.8/site-packages/airflow/example_dags/example_skip_dag.py
[2021-03-09 19:21:23,593] {scheduler_job.py:629} INFO - Processing file /home/airflow/venv/lib/python3.8/site-packages/airflow/example_dags/example_skip_dag.py for tasks to queue
[2021-03-09 19:21:23,593] {logging_mixin.py:103} INFO - [2021-03-09 19:21:23,593] {dagbag.py:440} INFO - Filling up the DagBag from /home/airflow/venv/lib/python3.8/site-packages/airflow/example_dags/example_skip_dag.py
[2021-03-09 19:21:23,598] {scheduler_job.py:639} INFO - DAG(s) dict_keys(['example_skip_dag']) retrieved from /home/airflow/venv/lib/python3.8/site-packages/airflow/example_dags/example_skip_dag.py
[2021-03-09 19:21:23,599] {logging_mixin.py:103} INFO - [2021-03-09 19:21:23,599] {dag.py:1813} INFO - Sync 1 DAGs
[2021-03-09 19:21:23,609] {logging_mixin.py:103} INFO - [2021-03-09 19:21:23,608] {dag.py:2266} INFO - Setting next_dagrun for example_skip_dag to 2021-03-07 00:00:00+00:00
[2021-03-09 19:21:23,618] {scheduler_job.py:189} INFO - Processing /home/airflow/venv/lib/python3.8/site-packages/airflow/example_dags/example_skip_dag.py took 0.028 seconds
[2021-03-09 19:21:49,902] {scheduler_job.py:181} INFO - Started process (PID=2314) to work on /home/airflow/venv/lib/python3.8/site-packages/airflow/example_dags/example_skip_dag.py
[2021-03-09 19:21:49,903] {scheduler_job.py:629} INFO - Processing file /home/airflow/venv/lib/python3.8/site-packages/airflow/example_dags/example_skip_dag.py for tasks to queue
[2021-03-09 19:21:49,903] {logging_mixin.py:103} INFO - [2021-03-09 19:21:49,903] {dagbag.py:440} INFO - Filling up the DagBag from /home/airflow/venv/lib/python3.8/site-packages/airflow/example_dags/example_skip_dag.py
[2021-03-09 19:21:49,926] {scheduler_job.py:639} INFO - DAG(s) dict_keys(['example_skip_dag']) retrieved from /home/airflow/venv/lib/python3.8/site-packages/airflow/example_dags/example_skip_dag.py
[2021-03-09 19:21:49,927] {logging_mixin.py:103} INFO - [2021-03-09 19:21:49,927] {dag.py:1813} INFO - Sync 1 DAGs
[2021-03-09 19:21:49,965] {logging_mixin.py:103} INFO - [2021-03-09 19:21:49,965] {dag.py:2266} INFO - Setting next_dagrun for example_skip_dag to 2021-03-07 00:00:00+00:00
[2021-03-09 19:21:49,997] {scheduler_job.py:189} INFO - Processing /home/airflow/venv/lib/python3.8/site-packages/airflow/example_dags/example_skip_dag.py took 0.097 seconds
[2021-03-09 19:22:15,130] {scheduler_job.py:181} INFO - Started process (PID=2382) to work on /home/airflow/venv/lib/python3.8/site-packages/airflow/example_dags/example_skip_dag.py
[2021-03-09 19:22:15,132] {scheduler_job.py:629} INFO - Processing file /home/airflow/venv/lib/python3.8/site-packages/airflow/example_dags/example_skip_dag.py for tasks to queue
[2021-03-09 19:22:15,136] {logging_mixin.py:103} INFO - [2021-03-09 19:22:15,132] {dagbag.py:440} INFO - Filling up the DagBag from /home/airflow/venv/lib/python3.8/site-packages/airflow/example_dags/example_skip_dag.py
[2021-03-09 19:22:15,144] {scheduler_job.py:639} INFO - DAG(s) dict_keys(['example_skip_dag']) retrieved from /home/airflow/venv/lib/python3.8/site-packages/airflow/example_dags/example_skip_dag.py
[2021-03-09 19:22:15,145] {logging_mixin.py:103} INFO - [2021-03-09 19:22:15,145] {dag.py:1813} INFO - Sync 1 DAGs
[2021-03-09 19:22:15,158] {logging_mixin.py:103} INFO - [2021-03-09 19:22:15,157] {dag.py:2266} INFO - Setting next_dagrun for example_skip_dag to 2021-03-07 00:00:00+00:00
[2021-03-09 19:22:15,170] {scheduler_job.py:189} INFO - Processing /home/airflow/venv/lib/python3.8/site-packages/airflow/example_dags/example_skip_dag.py took 0.044 seconds
[2021-03-09 19:22:41,575] {scheduler_job.py:181} INFO - Started process (PID=2456) to work on /home/airflow/venv/lib/python3.8/site-packages/airflow/example_dags/example_skip_dag.py
[2021-03-09 19:22:41,576] {scheduler_job.py:629} INFO - Processing file /home/airflow/venv/lib/python3.8/site-packages/airflow/example_dags/example_skip_dag.py for tasks to queue
[2021-03-09 19:22:41,576] {logging_mixin.py:103} INFO - [2021-03-09 19:22:41,576] {dagbag.py:440} INFO - Filling up the DagBag from /home/airflow/venv/lib/python3.8/site-packages/airflow/example_dags/example_skip_dag.py
[2021-03-09 19:22:41,585] {scheduler_job.py:639} INFO - DAG(s) dict_keys(['example_skip_dag']) retrieved from /home/airflow/venv/lib/python3.8/site-packages/airflow/example_dags/example_skip_dag.py
[2021-03-09 19:22:41,586] {logging_mixin.py:103} INFO - [2021-03-09 19:22:41,586] {dag.py:1813} INFO - Sync 1 DAGs
[2021-03-09 19:22:41,598] {logging_mixin.py:103} INFO - [2021-03-09 19:22:41,598] {dag.py:2266} INFO - Setting next_dagrun for example_skip_dag to 2021-03-07 00:00:00+00:00
[2021-03-09 19:22:41,609] {scheduler_job.py:189} INFO - Processing /home/airflow/venv/lib/python3.8/site-packages/airflow/example_dags/example_skip_dag.py took 0.036 seconds
[2021-03-09 19:23:07,610] {scheduler_job.py:181} INFO - Started process (PID=2522) to work on /home/airflow/venv/lib/python3.8/site-packages/airflow/example_dags/example_skip_dag.py
[2021-03-09 19:23:07,611] {scheduler_job.py:629} INFO - Processing file /home/airflow/venv/lib/python3.8/site-packages/airflow/example_dags/example_skip_dag.py for tasks to queue
[2021-03-09 19:23:07,612] {logging_mixin.py:103} INFO - [2021-03-09 19:23:07,611] {dagbag.py:440} INFO - Filling up the DagBag from /home/airflow/venv/lib/python3.8/site-packages/airflow/example_dags/example_skip_dag.py
[2021-03-09 19:23:07,618] {scheduler_job.py:639} INFO - DAG(s) dict_keys(['example_skip_dag']) retrieved from /home/airflow/venv/lib/python3.8/site-packages/airflow/example_dags/example_skip_dag.py
[2021-03-09 19:23:07,619] {logging_mixin.py:103} INFO - [2021-03-09 19:23:07,618] {dag.py:1813} INFO - Sync 1 DAGs
[2021-03-09 19:23:07,631] {logging_mixin.py:103} INFO - [2021-03-09 19:23:07,631] {dag.py:2266} INFO - Setting next_dagrun for example_skip_dag to 2021-03-07 00:00:00+00:00
[2021-03-09 19:23:07,640] {scheduler_job.py:189} INFO - Processing /home/airflow/venv/lib/python3.8/site-packages/airflow/example_dags/example_skip_dag.py took 0.033 seconds
[2021-03-09 19:23:33,936] {scheduler_job.py:181} INFO - Started process (PID=2589) to work on /home/airflow/venv/lib/python3.8/site-packages/airflow/example_dags/example_skip_dag.py
[2021-03-09 19:23:33,939] {scheduler_job.py:629} INFO - Processing file /home/airflow/venv/lib/python3.8/site-packages/airflow/example_dags/example_skip_dag.py for tasks to queue
[2021-03-09 19:23:33,939] {logging_mixin.py:103} INFO - [2021-03-09 19:23:33,939] {dagbag.py:440} INFO - Filling up the DagBag from /home/airflow/venv/lib/python3.8/site-packages/airflow/example_dags/example_skip_dag.py
[2021-03-09 19:23:33,951] {scheduler_job.py:639} INFO - DAG(s) dict_keys(['example_skip_dag']) retrieved from /home/airflow/venv/lib/python3.8/site-packages/airflow/example_dags/example_skip_dag.py
[2021-03-09 19:23:33,952] {logging_mixin.py:103} INFO - [2021-03-09 19:23:33,952] {dag.py:1813} INFO - Sync 1 DAGs
[2021-03-09 19:23:33,974] {logging_mixin.py:103} INFO - [2021-03-09 19:23:33,974] {dag.py:2266} INFO - Setting next_dagrun for example_skip_dag to 2021-03-07 00:00:00+00:00
[2021-03-09 19:23:33,989] {scheduler_job.py:189} INFO - Processing /home/airflow/venv/lib/python3.8/site-packages/airflow/example_dags/example_skip_dag.py took 0.054 seconds
[2021-03-09 19:23:59,231] {scheduler_job.py:181} INFO - Started process (PID=2656) to work on /home/airflow/venv/lib/python3.8/site-packages/airflow/example_dags/example_skip_dag.py
[2021-03-09 19:23:59,233] {scheduler_job.py:629} INFO - Processing file /home/airflow/venv/lib/python3.8/site-packages/airflow/example_dags/example_skip_dag.py for tasks to queue
[2021-03-09 19:23:59,235] {logging_mixin.py:103} INFO - [2021-03-09 19:23:59,235] {dagbag.py:440} INFO - Filling up the DagBag from /home/airflow/venv/lib/python3.8/site-packages/airflow/example_dags/example_skip_dag.py
[2021-03-09 19:23:59,260] {scheduler_job.py:639} INFO - DAG(s) dict_keys(['example_skip_dag']) retrieved from /home/airflow/venv/lib/python3.8/site-packages/airflow/example_dags/example_skip_dag.py
[2021-03-09 19:23:59,261] {logging_mixin.py:103} INFO - [2021-03-09 19:23:59,261] {dag.py:1813} INFO - Sync 1 DAGs
[2021-03-09 19:23:59,275] {logging_mixin.py:103} INFO - [2021-03-09 19:23:59,275] {dag.py:2266} INFO - Setting next_dagrun for example_skip_dag to 2021-03-07 00:00:00+00:00
[2021-03-09 19:23:59,286] {scheduler_job.py:189} INFO - Processing /home/airflow/venv/lib/python3.8/site-packages/airflow/example_dags/example_skip_dag.py took 0.056 seconds
[2021-03-09 19:24:24,521] {scheduler_job.py:181} INFO - Started process (PID=2721) to work on /home/airflow/venv/lib/python3.8/site-packages/airflow/example_dags/example_skip_dag.py
[2021-03-09 19:24:24,522] {scheduler_job.py:629} INFO - Processing file /home/airflow/venv/lib/python3.8/site-packages/airflow/example_dags/example_skip_dag.py for tasks to queue
[2021-03-09 19:24:24,522] {logging_mixin.py:103} INFO - [2021-03-09 19:24:24,522] {dagbag.py:440} INFO - Filling up the DagBag from /home/airflow/venv/lib/python3.8/site-packages/airflow/example_dags/example_skip_dag.py
[2021-03-09 19:24:24,538] {scheduler_job.py:639} INFO - DAG(s) dict_keys(['example_skip_dag']) retrieved from /home/airflow/venv/lib/python3.8/site-packages/airflow/example_dags/example_skip_dag.py
[2021-03-09 19:24:24,539] {logging_mixin.py:103} INFO - [2021-03-09 19:24:24,539] {dag.py:1813} INFO - Sync 1 DAGs
[2021-03-09 19:24:24,561] {logging_mixin.py:103} INFO - [2021-03-09 19:24:24,561] {dag.py:2266} INFO - Setting next_dagrun for example_skip_dag to 2021-03-07 00:00:00+00:00
[2021-03-09 19:24:24,571] {scheduler_job.py:189} INFO - Processing /home/airflow/venv/lib/python3.8/site-packages/airflow/example_dags/example_skip_dag.py took 0.057 seconds
[2021-03-09 19:24:50,844] {scheduler_job.py:181} INFO - Started process (PID=2788) to work on /home/airflow/venv/lib/python3.8/site-packages/airflow/example_dags/example_skip_dag.py
[2021-03-09 19:24:50,844] {scheduler_job.py:629} INFO - Processing file /home/airflow/venv/lib/python3.8/site-packages/airflow/example_dags/example_skip_dag.py for tasks to queue
[2021-03-09 19:24:50,845] {logging_mixin.py:103} INFO - [2021-03-09 19:24:50,845] {dagbag.py:440} INFO - Filling up the DagBag from /home/airflow/venv/lib/python3.8/site-packages/airflow/example_dags/example_skip_dag.py
[2021-03-09 19:24:50,866] {scheduler_job.py:639} INFO - DAG(s) dict_keys(['example_skip_dag']) retrieved from /home/airflow/venv/lib/python3.8/site-packages/airflow/example_dags/example_skip_dag.py
[2021-03-09 19:24:50,866] {logging_mixin.py:103} INFO - [2021-03-09 19:24:50,866] {dag.py:1813} INFO - Sync 1 DAGs
[2021-03-09 19:24:50,892] {logging_mixin.py:103} INFO - [2021-03-09 19:24:50,892] {dag.py:2266} INFO - Setting next_dagrun for example_skip_dag to 2021-03-07 00:00:00+00:00
[2021-03-09 19:24:50,912] {scheduler_job.py:189} INFO - Processing /home/airflow/venv/lib/python3.8/site-packages/airflow/example_dags/example_skip_dag.py took 0.070 seconds
[2021-03-09 19:25:18,177] {scheduler_job.py:181} INFO - Started process (PID=2854) to work on /home/airflow/venv/lib/python3.8/site-packages/airflow/example_dags/example_skip_dag.py
[2021-03-09 19:25:18,178] {scheduler_job.py:629} INFO - Processing file /home/airflow/venv/lib/python3.8/site-packages/airflow/example_dags/example_skip_dag.py for tasks to queue
[2021-03-09 19:25:18,179] {logging_mixin.py:103} INFO - [2021-03-09 19:25:18,178] {dagbag.py:440} INFO - Filling up the DagBag from /home/airflow/venv/lib/python3.8/site-packages/airflow/example_dags/example_skip_dag.py
[2021-03-09 19:25:18,184] {scheduler_job.py:639} INFO - DAG(s) dict_keys(['example_skip_dag']) retrieved from /home/airflow/venv/lib/python3.8/site-packages/airflow/example_dags/example_skip_dag.py
[2021-03-09 19:25:18,185] {logging_mixin.py:103} INFO - [2021-03-09 19:25:18,185] {dag.py:1813} INFO - Sync 1 DAGs
[2021-03-09 19:25:18,197] {logging_mixin.py:103} INFO - [2021-03-09 19:25:18,197] {dag.py:2266} INFO - Setting next_dagrun for example_skip_dag to 2021-03-07 00:00:00+00:00
[2021-03-09 19:25:18,207] {scheduler_job.py:189} INFO - Processing /home/airflow/venv/lib/python3.8/site-packages/airflow/example_dags/example_skip_dag.py took 0.036 seconds
[2021-03-09 19:25:44,539] {scheduler_job.py:181} INFO - Started process (PID=2925) to work on /home/airflow/venv/lib/python3.8/site-packages/airflow/example_dags/example_skip_dag.py
[2021-03-09 19:25:44,540] {scheduler_job.py:629} INFO - Processing file /home/airflow/venv/lib/python3.8/site-packages/airflow/example_dags/example_skip_dag.py for tasks to queue
[2021-03-09 19:25:44,540] {logging_mixin.py:103} INFO - [2021-03-09 19:25:44,540] {dagbag.py:440} INFO - Filling up the DagBag from /home/airflow/venv/lib/python3.8/site-packages/airflow/example_dags/example_skip_dag.py
[2021-03-09 19:25:44,548] {scheduler_job.py:639} INFO - DAG(s) dict_keys(['example_skip_dag']) retrieved from /home/airflow/venv/lib/python3.8/site-packages/airflow/example_dags/example_skip_dag.py
[2021-03-09 19:25:44,548] {logging_mixin.py:103} INFO - [2021-03-09 19:25:44,548] {dag.py:1813} INFO - Sync 1 DAGs
[2021-03-09 19:25:44,561] {logging_mixin.py:103} INFO - [2021-03-09 19:25:44,561] {dag.py:2266} INFO - Setting next_dagrun for example_skip_dag to 2021-03-07 00:00:00+00:00
[2021-03-09 19:25:44,572] {scheduler_job.py:189} INFO - Processing /home/airflow/venv/lib/python3.8/site-packages/airflow/example_dags/example_skip_dag.py took 0.034 seconds
[2021-03-09 19:26:10,246] {scheduler_job.py:181} INFO - Started process (PID=2992) to work on /home/airflow/venv/lib/python3.8/site-packages/airflow/example_dags/example_skip_dag.py
[2021-03-09 19:26:10,247] {scheduler_job.py:629} INFO - Processing file /home/airflow/venv/lib/python3.8/site-packages/airflow/example_dags/example_skip_dag.py for tasks to queue
[2021-03-09 19:26:10,247] {logging_mixin.py:103} INFO - [2021-03-09 19:26:10,247] {dagbag.py:440} INFO - Filling up the DagBag from /home/airflow/venv/lib/python3.8/site-packages/airflow/example_dags/example_skip_dag.py
[2021-03-09 19:26:10,258] {scheduler_job.py:639} INFO - DAG(s) dict_keys(['example_skip_dag']) retrieved from /home/airflow/venv/lib/python3.8/site-packages/airflow/example_dags/example_skip_dag.py
[2021-03-09 19:26:10,259] {logging_mixin.py:103} INFO - [2021-03-09 19:26:10,259] {dag.py:1813} INFO - Sync 1 DAGs
[2021-03-09 19:26:10,272] {logging_mixin.py:103} INFO - [2021-03-09 19:26:10,272] {dag.py:2266} INFO - Setting next_dagrun for example_skip_dag to 2021-03-07 00:00:00+00:00
[2021-03-09 19:26:10,283] {scheduler_job.py:189} INFO - Processing /home/airflow/venv/lib/python3.8/site-packages/airflow/example_dags/example_skip_dag.py took 0.043 seconds
[2021-03-09 19:26:35,066] {scheduler_job.py:181} INFO - Started process (PID=3056) to work on /home/airflow/venv/lib/python3.8/site-packages/airflow/example_dags/example_skip_dag.py
[2021-03-09 19:26:35,067] {scheduler_job.py:629} INFO - Processing file /home/airflow/venv/lib/python3.8/site-packages/airflow/example_dags/example_skip_dag.py for tasks to queue
[2021-03-09 19:26:35,067] {logging_mixin.py:103} INFO - [2021-03-09 19:26:35,067] {dagbag.py:440} INFO - Filling up the DagBag from /home/airflow/venv/lib/python3.8/site-packages/airflow/example_dags/example_skip_dag.py
[2021-03-09 19:26:35,077] {scheduler_job.py:639} INFO - DAG(s) dict_keys(['example_skip_dag']) retrieved from /home/airflow/venv/lib/python3.8/site-packages/airflow/example_dags/example_skip_dag.py
[2021-03-09 19:26:35,078] {logging_mixin.py:103} INFO - [2021-03-09 19:26:35,078] {dag.py:1813} INFO - Sync 1 DAGs
[2021-03-09 19:26:35,089] {logging_mixin.py:103} INFO - [2021-03-09 19:26:35,089] {dag.py:2266} INFO - Setting next_dagrun for example_skip_dag to 2021-03-07 00:00:00+00:00
[2021-03-09 19:26:35,098] {scheduler_job.py:189} INFO - Processing /home/airflow/venv/lib/python3.8/site-packages/airflow/example_dags/example_skip_dag.py took 0.038 seconds
[2021-03-09 19:27:00,329] {scheduler_job.py:181} INFO - Started process (PID=3120) to work on /home/airflow/venv/lib/python3.8/site-packages/airflow/example_dags/example_skip_dag.py
[2021-03-09 19:27:00,330] {scheduler_job.py:629} INFO - Processing file /home/airflow/venv/lib/python3.8/site-packages/airflow/example_dags/example_skip_dag.py for tasks to queue
[2021-03-09 19:27:00,330] {logging_mixin.py:103} INFO - [2021-03-09 19:27:00,330] {dagbag.py:440} INFO - Filling up the DagBag from /home/airflow/venv/lib/python3.8/site-packages/airflow/example_dags/example_skip_dag.py
[2021-03-09 19:27:00,337] {scheduler_job.py:639} INFO - DAG(s) dict_keys(['example_skip_dag']) retrieved from /home/airflow/venv/lib/python3.8/site-packages/airflow/example_dags/example_skip_dag.py
[2021-03-09 19:27:00,338] {logging_mixin.py:103} INFO - [2021-03-09 19:27:00,338] {dag.py:1813} INFO - Sync 1 DAGs
[2021-03-09 19:27:00,349] {logging_mixin.py:103} INFO - [2021-03-09 19:27:00,349] {dag.py:2266} INFO - Setting next_dagrun for example_skip_dag to 2021-03-07 00:00:00+00:00
[2021-03-09 19:27:00,359] {scheduler_job.py:189} INFO - Processing /home/airflow/venv/lib/python3.8/site-packages/airflow/example_dags/example_skip_dag.py took 0.035 seconds
[2021-03-09 19:27:27,585] {scheduler_job.py:181} INFO - Started process (PID=3191) to work on /home/airflow/venv/lib/python3.8/site-packages/airflow/example_dags/example_skip_dag.py
[2021-03-09 19:27:27,586] {scheduler_job.py:629} INFO - Processing file /home/airflow/venv/lib/python3.8/site-packages/airflow/example_dags/example_skip_dag.py for tasks to queue
[2021-03-09 19:27:27,587] {logging_mixin.py:103} INFO - [2021-03-09 19:27:27,587] {dagbag.py:440} INFO - Filling up the DagBag from /home/airflow/venv/lib/python3.8/site-packages/airflow/example_dags/example_skip_dag.py
[2021-03-09 19:27:27,595] {scheduler_job.py:639} INFO - DAG(s) dict_keys(['example_skip_dag']) retrieved from /home/airflow/venv/lib/python3.8/site-packages/airflow/example_dags/example_skip_dag.py
[2021-03-09 19:27:27,596] {logging_mixin.py:103} INFO - [2021-03-09 19:27:27,596] {dag.py:1813} INFO - Sync 1 DAGs
[2021-03-09 19:27:27,609] {logging_mixin.py:103} INFO - [2021-03-09 19:27:27,609] {dag.py:2266} INFO - Setting next_dagrun for example_skip_dag to 2021-03-07 00:00:00+00:00
[2021-03-09 19:27:27,619] {scheduler_job.py:189} INFO - Processing /home/airflow/venv/lib/python3.8/site-packages/airflow/example_dags/example_skip_dag.py took 0.041 seconds
[2021-03-09 19:27:53,481] {scheduler_job.py:181} INFO - Started process (PID=3258) to work on /home/airflow/venv/lib/python3.8/site-packages/airflow/example_dags/example_skip_dag.py
[2021-03-09 19:27:53,482] {scheduler_job.py:629} INFO - Processing file /home/airflow/venv/lib/python3.8/site-packages/airflow/example_dags/example_skip_dag.py for tasks to queue
[2021-03-09 19:27:53,482] {logging_mixin.py:103} INFO - [2021-03-09 19:27:53,482] {dagbag.py:440} INFO - Filling up the DagBag from /home/airflow/venv/lib/python3.8/site-packages/airflow/example_dags/example_skip_dag.py
[2021-03-09 19:27:53,493] {scheduler_job.py:639} INFO - DAG(s) dict_keys(['example_skip_dag']) retrieved from /home/airflow/venv/lib/python3.8/site-packages/airflow/example_dags/example_skip_dag.py
[2021-03-09 19:27:53,493] {logging_mixin.py:103} INFO - [2021-03-09 19:27:53,493] {dag.py:1813} INFO - Sync 1 DAGs
[2021-03-09 19:27:53,512] {logging_mixin.py:103} INFO - [2021-03-09 19:27:53,512] {dag.py:2266} INFO - Setting next_dagrun for example_skip_dag to 2021-03-07 00:00:00+00:00
[2021-03-09 19:27:53,537] {scheduler_job.py:189} INFO - Processing /home/airflow/venv/lib/python3.8/site-packages/airflow/example_dags/example_skip_dag.py took 0.058 seconds
[2021-03-09 19:28:19,113] {scheduler_job.py:181} INFO - Started process (PID=3321) to work on /home/airflow/venv/lib/python3.8/site-packages/airflow/example_dags/example_skip_dag.py
[2021-03-09 19:28:19,114] {scheduler_job.py:629} INFO - Processing file /home/airflow/venv/lib/python3.8/site-packages/airflow/example_dags/example_skip_dag.py for tasks to queue
[2021-03-09 19:28:19,115] {logging_mixin.py:103} INFO - [2021-03-09 19:28:19,115] {dagbag.py:440} INFO - Filling up the DagBag from /home/airflow/venv/lib/python3.8/site-packages/airflow/example_dags/example_skip_dag.py
[2021-03-09 19:28:19,124] {scheduler_job.py:639} INFO - DAG(s) dict_keys(['example_skip_dag']) retrieved from /home/airflow/venv/lib/python3.8/site-packages/airflow/example_dags/example_skip_dag.py
[2021-03-09 19:28:19,125] {logging_mixin.py:103} INFO - [2021-03-09 19:28:19,125] {dag.py:1813} INFO - Sync 1 DAGs
[2021-03-09 19:28:19,137] {logging_mixin.py:103} INFO - [2021-03-09 19:28:19,137] {dag.py:2266} INFO - Setting next_dagrun for example_skip_dag to 2021-03-07 00:00:00+00:00
[2021-03-09 19:28:19,147] {scheduler_job.py:189} INFO - Processing /home/airflow/venv/lib/python3.8/site-packages/airflow/example_dags/example_skip_dag.py took 0.040 seconds
[2021-03-09 19:28:44,365] {scheduler_job.py:181} INFO - Started process (PID=3388) to work on /home/airflow/venv/lib/python3.8/site-packages/airflow/example_dags/example_skip_dag.py
[2021-03-09 19:28:44,366] {scheduler_job.py:629} INFO - Processing file /home/airflow/venv/lib/python3.8/site-packages/airflow/example_dags/example_skip_dag.py for tasks to queue
[2021-03-09 19:28:44,366] {logging_mixin.py:103} INFO - [2021-03-09 19:28:44,366] {dagbag.py:440} INFO - Filling up the DagBag from /home/airflow/venv/lib/python3.8/site-packages/airflow/example_dags/example_skip_dag.py
[2021-03-09 19:28:44,373] {scheduler_job.py:639} INFO - DAG(s) dict_keys(['example_skip_dag']) retrieved from /home/airflow/venv/lib/python3.8/site-packages/airflow/example_dags/example_skip_dag.py
[2021-03-09 19:28:44,374] {logging_mixin.py:103} INFO - [2021-03-09 19:28:44,374] {dag.py:1813} INFO - Sync 1 DAGs
[2021-03-09 19:28:44,386] {logging_mixin.py:103} INFO - [2021-03-09 19:28:44,386] {dag.py:2266} INFO - Setting next_dagrun for example_skip_dag to 2021-03-07 00:00:00+00:00
[2021-03-09 19:28:44,397] {scheduler_job.py:189} INFO - Processing /home/airflow/venv/lib/python3.8/site-packages/airflow/example_dags/example_skip_dag.py took 0.038 seconds
[2021-03-09 19:29:09,755] {scheduler_job.py:181} INFO - Started process (PID=3468) to work on /home/airflow/venv/lib/python3.8/site-packages/airflow/example_dags/example_skip_dag.py
[2021-03-09 19:29:09,756] {scheduler_job.py:629} INFO - Processing file /home/airflow/venv/lib/python3.8/site-packages/airflow/example_dags/example_skip_dag.py for tasks to queue
[2021-03-09 19:29:09,756] {logging_mixin.py:103} INFO - [2021-03-09 19:29:09,756] {dagbag.py:440} INFO - Filling up the DagBag from /home/airflow/venv/lib/python3.8/site-packages/airflow/example_dags/example_skip_dag.py
[2021-03-09 19:29:09,768] {scheduler_job.py:639} INFO - DAG(s) dict_keys(['example_skip_dag']) retrieved from /home/airflow/venv/lib/python3.8/site-packages/airflow/example_dags/example_skip_dag.py
[2021-03-09 19:29:09,769] {logging_mixin.py:103} INFO - [2021-03-09 19:29:09,769] {dag.py:1813} INFO - Sync 1 DAGs
[2021-03-09 19:29:09,779] {logging_mixin.py:103} INFO - [2021-03-09 19:29:09,779] {dag.py:2266} INFO - Setting next_dagrun for example_skip_dag to 2021-03-07 00:00:00+00:00
[2021-03-09 19:29:09,788] {scheduler_job.py:189} INFO - Processing /home/airflow/venv/lib/python3.8/site-packages/airflow/example_dags/example_skip_dag.py took 0.035 seconds
[2021-03-09 19:29:37,045] {scheduler_job.py:181} INFO - Started process (PID=3549) to work on /home/airflow/venv/lib/python3.8/site-packages/airflow/example_dags/example_skip_dag.py
[2021-03-09 19:29:37,046] {scheduler_job.py:629} INFO - Processing file /home/airflow/venv/lib/python3.8/site-packages/airflow/example_dags/example_skip_dag.py for tasks to queue
[2021-03-09 19:29:37,046] {logging_mixin.py:103} INFO - [2021-03-09 19:29:37,046] {dagbag.py:440} INFO - Filling up the DagBag from /home/airflow/venv/lib/python3.8/site-packages/airflow/example_dags/example_skip_dag.py
[2021-03-09 19:29:37,055] {scheduler_job.py:639} INFO - DAG(s) dict_keys(['example_skip_dag']) retrieved from /home/airflow/venv/lib/python3.8/site-packages/airflow/example_dags/example_skip_dag.py
[2021-03-09 19:29:37,056] {logging_mixin.py:103} INFO - [2021-03-09 19:29:37,056] {dag.py:1813} INFO - Sync 1 DAGs
[2021-03-09 19:29:37,066] {logging_mixin.py:103} INFO - [2021-03-09 19:29:37,066] {dag.py:2266} INFO - Setting next_dagrun for example_skip_dag to 2021-03-07 00:00:00+00:00
[2021-03-09 19:29:37,076] {scheduler_job.py:189} INFO - Processing /home/airflow/venv/lib/python3.8/site-packages/airflow/example_dags/example_skip_dag.py took 0.036 seconds
[2021-03-09 19:30:02,296] {scheduler_job.py:181} INFO - Started process (PID=3636) to work on /home/airflow/venv/lib/python3.8/site-packages/airflow/example_dags/example_skip_dag.py
[2021-03-09 19:30:02,296] {scheduler_job.py:629} INFO - Processing file /home/airflow/venv/lib/python3.8/site-packages/airflow/example_dags/example_skip_dag.py for tasks to queue
[2021-03-09 19:30:02,297] {logging_mixin.py:103} INFO - [2021-03-09 19:30:02,296] {dagbag.py:440} INFO - Filling up the DagBag from /home/airflow/venv/lib/python3.8/site-packages/airflow/example_dags/example_skip_dag.py
[2021-03-09 19:30:02,307] {scheduler_job.py:639} INFO - DAG(s) dict_keys(['example_skip_dag']) retrieved from /home/airflow/venv/lib/python3.8/site-packages/airflow/example_dags/example_skip_dag.py
[2021-03-09 19:30:02,307] {logging_mixin.py:103} INFO - [2021-03-09 19:30:02,307] {dag.py:1813} INFO - Sync 1 DAGs
[2021-03-09 19:30:02,318] {logging_mixin.py:103} INFO - [2021-03-09 19:30:02,318] {dag.py:2266} INFO - Setting next_dagrun for example_skip_dag to 2021-03-07 00:00:00+00:00
[2021-03-09 19:30:02,327] {scheduler_job.py:189} INFO - Processing /home/airflow/venv/lib/python3.8/site-packages/airflow/example_dags/example_skip_dag.py took 0.033 seconds
[2021-03-09 19:30:27,535] {scheduler_job.py:181} INFO - Started process (PID=3703) to work on /home/airflow/venv/lib/python3.8/site-packages/airflow/example_dags/example_skip_dag.py
[2021-03-09 19:30:27,536] {scheduler_job.py:629} INFO - Processing file /home/airflow/venv/lib/python3.8/site-packages/airflow/example_dags/example_skip_dag.py for tasks to queue
[2021-03-09 19:30:27,536] {logging_mixin.py:103} INFO - [2021-03-09 19:30:27,536] {dagbag.py:440} INFO - Filling up the DagBag from /home/airflow/venv/lib/python3.8/site-packages/airflow/example_dags/example_skip_dag.py
[2021-03-09 19:30:27,551] {scheduler_job.py:639} INFO - DAG(s) dict_keys(['example_skip_dag']) retrieved from /home/airflow/venv/lib/python3.8/site-packages/airflow/example_dags/example_skip_dag.py
[2021-03-09 19:30:27,552] {logging_mixin.py:103} INFO - [2021-03-09 19:30:27,552] {dag.py:1813} INFO - Sync 1 DAGs
[2021-03-09 19:30:27,573] {logging_mixin.py:103} INFO - [2021-03-09 19:30:27,573] {dag.py:2266} INFO - Setting next_dagrun for example_skip_dag to 2021-03-07 00:00:00+00:00
[2021-03-09 19:30:27,597] {scheduler_job.py:189} INFO - Processing /home/airflow/venv/lib/python3.8/site-packages/airflow/example_dags/example_skip_dag.py took 0.073 seconds
[2021-03-09 19:30:52,992] {scheduler_job.py:181} INFO - Started process (PID=3769) to work on /home/airflow/venv/lib/python3.8/site-packages/airflow/example_dags/example_skip_dag.py
[2021-03-09 19:30:52,993] {scheduler_job.py:629} INFO - Processing file /home/airflow/venv/lib/python3.8/site-packages/airflow/example_dags/example_skip_dag.py for tasks to queue
[2021-03-09 19:30:52,993] {logging_mixin.py:103} INFO - [2021-03-09 19:30:52,993] {dagbag.py:440} INFO - Filling up the DagBag from /home/airflow/venv/lib/python3.8/site-packages/airflow/example_dags/example_skip_dag.py
[2021-03-09 19:30:52,999] {scheduler_job.py:639} INFO - DAG(s) dict_keys(['example_skip_dag']) retrieved from /home/airflow/venv/lib/python3.8/site-packages/airflow/example_dags/example_skip_dag.py
[2021-03-09 19:30:52,999] {logging_mixin.py:103} INFO - [2021-03-09 19:30:52,999] {dag.py:1813} INFO - Sync 1 DAGs
[2021-03-09 19:30:53,017] {logging_mixin.py:103} INFO - [2021-03-09 19:30:53,017] {dag.py:2266} INFO - Setting next_dagrun for example_skip_dag to 2021-03-07 00:00:00+00:00
[2021-03-09 19:30:53,027] {scheduler_job.py:189} INFO - Processing /home/airflow/venv/lib/python3.8/site-packages/airflow/example_dags/example_skip_dag.py took 0.042 seconds
[2021-03-09 19:31:18,629] {scheduler_job.py:181} INFO - Started process (PID=3833) to work on /home/airflow/venv/lib/python3.8/site-packages/airflow/example_dags/example_skip_dag.py
[2021-03-09 19:31:18,630] {scheduler_job.py:629} INFO - Processing file /home/airflow/venv/lib/python3.8/site-packages/airflow/example_dags/example_skip_dag.py for tasks to queue
[2021-03-09 19:31:18,630] {logging_mixin.py:103} INFO - [2021-03-09 19:31:18,630] {dagbag.py:440} INFO - Filling up the DagBag from /home/airflow/venv/lib/python3.8/site-packages/airflow/example_dags/example_skip_dag.py
[2021-03-09 19:31:18,636] {scheduler_job.py:639} INFO - DAG(s) dict_keys(['example_skip_dag']) retrieved from /home/airflow/venv/lib/python3.8/site-packages/airflow/example_dags/example_skip_dag.py
[2021-03-09 19:31:18,637] {logging_mixin.py:103} INFO - [2021-03-09 19:31:18,636] {dag.py:1813} INFO - Sync 1 DAGs
[2021-03-09 19:31:18,653] {logging_mixin.py:103} INFO - [2021-03-09 19:31:18,653] {dag.py:2266} INFO - Setting next_dagrun for example_skip_dag to 2021-03-07 00:00:00+00:00
[2021-03-09 19:31:18,678] {scheduler_job.py:189} INFO - Processing /home/airflow/venv/lib/python3.8/site-packages/airflow/example_dags/example_skip_dag.py took 0.050 seconds
[2021-03-09 19:31:45,277] {scheduler_job.py:181} INFO - Started process (PID=3903) to work on /home/airflow/venv/lib/python3.8/site-packages/airflow/example_dags/example_skip_dag.py
[2021-03-09 19:31:45,278] {scheduler_job.py:629} INFO - Processing file /home/airflow/venv/lib/python3.8/site-packages/airflow/example_dags/example_skip_dag.py for tasks to queue
[2021-03-09 19:31:45,278] {logging_mixin.py:103} INFO - [2021-03-09 19:31:45,278] {dagbag.py:440} INFO - Filling up the DagBag from /home/airflow/venv/lib/python3.8/site-packages/airflow/example_dags/example_skip_dag.py
[2021-03-09 19:31:45,284] {scheduler_job.py:639} INFO - DAG(s) dict_keys(['example_skip_dag']) retrieved from /home/airflow/venv/lib/python3.8/site-packages/airflow/example_dags/example_skip_dag.py
[2021-03-09 19:31:45,285] {logging_mixin.py:103} INFO - [2021-03-09 19:31:45,285] {dag.py:1813} INFO - Sync 1 DAGs
[2021-03-09 19:31:45,296] {logging_mixin.py:103} INFO - [2021-03-09 19:31:45,295] {dag.py:2266} INFO - Setting next_dagrun for example_skip_dag to 2021-03-07 00:00:00+00:00
[2021-03-09 19:31:45,305] {scheduler_job.py:189} INFO - Processing /home/airflow/venv/lib/python3.8/site-packages/airflow/example_dags/example_skip_dag.py took 0.029 seconds
[2021-03-09 19:32:10,562] {scheduler_job.py:181} INFO - Started process (PID=3968) to work on /home/airflow/venv/lib/python3.8/site-packages/airflow/example_dags/example_skip_dag.py
[2021-03-09 19:32:10,562] {scheduler_job.py:629} INFO - Processing file /home/airflow/venv/lib/python3.8/site-packages/airflow/example_dags/example_skip_dag.py for tasks to queue
[2021-03-09 19:32:10,563] {logging_mixin.py:103} INFO - [2021-03-09 19:32:10,563] {dagbag.py:440} INFO - Filling up the DagBag from /home/airflow/venv/lib/python3.8/site-packages/airflow/example_dags/example_skip_dag.py
[2021-03-09 19:32:10,575] {scheduler_job.py:639} INFO - DAG(s) dict_keys(['example_skip_dag']) retrieved from /home/airflow/venv/lib/python3.8/site-packages/airflow/example_dags/example_skip_dag.py
[2021-03-09 19:32:10,575] {logging_mixin.py:103} INFO - [2021-03-09 19:32:10,575] {dag.py:1813} INFO - Sync 1 DAGs
[2021-03-09 19:32:10,590] {logging_mixin.py:103} INFO - [2021-03-09 19:32:10,590] {dag.py:2266} INFO - Setting next_dagrun for example_skip_dag to 2021-03-07 00:00:00+00:00
[2021-03-09 19:32:10,601] {scheduler_job.py:189} INFO - Processing /home/airflow/venv/lib/python3.8/site-packages/airflow/example_dags/example_skip_dag.py took 0.041 seconds
[2021-03-09 19:57:22,633] {scheduler_job.py:181} INFO - Started process (PID=4013) to work on /home/airflow/venv/lib/python3.8/site-packages/airflow/example_dags/example_skip_dag.py
[2021-03-09 19:57:22,635] {scheduler_job.py:629} INFO - Processing file /home/airflow/venv/lib/python3.8/site-packages/airflow/example_dags/example_skip_dag.py for tasks to queue
[2021-03-09 19:57:22,635] {logging_mixin.py:103} INFO - [2021-03-09 19:57:22,635] {dagbag.py:440} INFO - Filling up the DagBag from /home/airflow/venv/lib/python3.8/site-packages/airflow/example_dags/example_skip_dag.py
[2021-03-09 19:57:22,646] {scheduler_job.py:639} INFO - DAG(s) dict_keys(['example_skip_dag']) retrieved from /home/airflow/venv/lib/python3.8/site-packages/airflow/example_dags/example_skip_dag.py
[2021-03-09 19:57:22,649] {logging_mixin.py:103} INFO - [2021-03-09 19:57:22,648] {dag.py:1813} INFO - Sync 1 DAGs
[2021-03-09 19:57:22,668] {logging_mixin.py:103} INFO - [2021-03-09 19:57:22,668] {dag.py:2266} INFO - Setting next_dagrun for example_skip_dag to 2021-03-07 00:00:00+00:00
[2021-03-09 19:57:22,681] {scheduler_job.py:189} INFO - Processing /home/airflow/venv/lib/python3.8/site-packages/airflow/example_dags/example_skip_dag.py took 0.054 seconds
[2021-03-09 19:57:47,930] {scheduler_job.py:181} INFO - Started process (PID=4043) to work on /home/airflow/venv/lib/python3.8/site-packages/airflow/example_dags/example_skip_dag.py
[2021-03-09 19:57:47,931] {scheduler_job.py:629} INFO - Processing file /home/airflow/venv/lib/python3.8/site-packages/airflow/example_dags/example_skip_dag.py for tasks to queue
[2021-03-09 19:57:47,931] {logging_mixin.py:103} INFO - [2021-03-09 19:57:47,931] {dagbag.py:440} INFO - Filling up the DagBag from /home/airflow/venv/lib/python3.8/site-packages/airflow/example_dags/example_skip_dag.py
[2021-03-09 19:57:47,961] {scheduler_job.py:639} INFO - DAG(s) dict_keys(['example_skip_dag']) retrieved from /home/airflow/venv/lib/python3.8/site-packages/airflow/example_dags/example_skip_dag.py
[2021-03-09 19:57:47,962] {logging_mixin.py:103} INFO - [2021-03-09 19:57:47,962] {dag.py:1813} INFO - Sync 1 DAGs
[2021-03-09 19:57:47,989] {logging_mixin.py:103} INFO - [2021-03-09 19:57:47,988] {dag.py:2266} INFO - Setting next_dagrun for example_skip_dag to 2021-03-07 00:00:00+00:00
[2021-03-09 19:57:48,025] {scheduler_job.py:189} INFO - Processing /home/airflow/venv/lib/python3.8/site-packages/airflow/example_dags/example_skip_dag.py took 0.097 seconds
[2021-03-09 19:58:14,390] {scheduler_job.py:181} INFO - Started process (PID=4348) to work on /home/airflow/venv/lib/python3.8/site-packages/airflow/example_dags/example_skip_dag.py
[2021-03-09 19:58:14,391] {scheduler_job.py:629} INFO - Processing file /home/airflow/venv/lib/python3.8/site-packages/airflow/example_dags/example_skip_dag.py for tasks to queue
[2021-03-09 19:58:14,391] {logging_mixin.py:103} INFO - [2021-03-09 19:58:14,391] {dagbag.py:440} INFO - Filling up the DagBag from /home/airflow/venv/lib/python3.8/site-packages/airflow/example_dags/example_skip_dag.py
[2021-03-09 19:58:14,398] {scheduler_job.py:639} INFO - DAG(s) dict_keys(['example_skip_dag']) retrieved from /home/airflow/venv/lib/python3.8/site-packages/airflow/example_dags/example_skip_dag.py
[2021-03-09 19:58:14,399] {logging_mixin.py:103} INFO - [2021-03-09 19:58:14,399] {dag.py:1813} INFO - Sync 1 DAGs
[2021-03-09 19:58:14,413] {logging_mixin.py:103} INFO - [2021-03-09 19:58:14,413] {dag.py:2266} INFO - Setting next_dagrun for example_skip_dag to 2021-03-07 00:00:00+00:00
[2021-03-09 19:58:14,425] {scheduler_job.py:189} INFO - Processing /home/airflow/venv/lib/python3.8/site-packages/airflow/example_dags/example_skip_dag.py took 0.042 seconds
[2021-03-09 19:58:40,298] {scheduler_job.py:181} INFO - Started process (PID=4380) to work on /home/airflow/venv/lib/python3.8/site-packages/airflow/example_dags/example_skip_dag.py
[2021-03-09 19:58:40,299] {scheduler_job.py:629} INFO - Processing file /home/airflow/venv/lib/python3.8/site-packages/airflow/example_dags/example_skip_dag.py for tasks to queue
[2021-03-09 19:58:40,299] {logging_mixin.py:103} INFO - [2021-03-09 19:58:40,299] {dagbag.py:440} INFO - Filling up the DagBag from /home/airflow/venv/lib/python3.8/site-packages/airflow/example_dags/example_skip_dag.py
[2021-03-09 19:58:40,321] {scheduler_job.py:639} INFO - DAG(s) dict_keys(['example_skip_dag']) retrieved from /home/airflow/venv/lib/python3.8/site-packages/airflow/example_dags/example_skip_dag.py
[2021-03-09 19:58:40,321] {logging_mixin.py:103} INFO - [2021-03-09 19:58:40,321] {dag.py:1813} INFO - Sync 1 DAGs
[2021-03-09 19:58:40,338] {logging_mixin.py:103} INFO - [2021-03-09 19:58:40,338] {dag.py:2266} INFO - Setting next_dagrun for example_skip_dag to 2021-03-07 00:00:00+00:00
[2021-03-09 19:58:40,347] {scheduler_job.py:189} INFO - Processing /home/airflow/venv/lib/python3.8/site-packages/airflow/example_dags/example_skip_dag.py took 0.056 seconds
[2021-03-09 19:59:06,246] {scheduler_job.py:181} INFO - Started process (PID=4414) to work on /home/airflow/venv/lib/python3.8/site-packages/airflow/example_dags/example_skip_dag.py
[2021-03-09 19:59:06,247] {scheduler_job.py:629} INFO - Processing file /home/airflow/venv/lib/python3.8/site-packages/airflow/example_dags/example_skip_dag.py for tasks to queue
[2021-03-09 19:59:06,251] {logging_mixin.py:103} INFO - [2021-03-09 19:59:06,251] {dagbag.py:440} INFO - Filling up the DagBag from /home/airflow/venv/lib/python3.8/site-packages/airflow/example_dags/example_skip_dag.py
[2021-03-09 19:59:06,259] {scheduler_job.py:639} INFO - DAG(s) dict_keys(['example_skip_dag']) retrieved from /home/airflow/venv/lib/python3.8/site-packages/airflow/example_dags/example_skip_dag.py
[2021-03-09 19:59:06,260] {logging_mixin.py:103} INFO - [2021-03-09 19:59:06,260] {dag.py:1813} INFO - Sync 1 DAGs
[2021-03-09 19:59:06,274] {logging_mixin.py:103} INFO - [2021-03-09 19:59:06,274] {dag.py:2266} INFO - Setting next_dagrun for example_skip_dag to 2021-03-07 00:00:00+00:00
[2021-03-09 19:59:06,285] {scheduler_job.py:189} INFO - Processing /home/airflow/venv/lib/python3.8/site-packages/airflow/example_dags/example_skip_dag.py took 0.042 seconds
[2021-03-09 19:59:32,400] {scheduler_job.py:181} INFO - Started process (PID=4445) to work on /home/airflow/venv/lib/python3.8/site-packages/airflow/example_dags/example_skip_dag.py
[2021-03-09 19:59:32,401] {scheduler_job.py:629} INFO - Processing file /home/airflow/venv/lib/python3.8/site-packages/airflow/example_dags/example_skip_dag.py for tasks to queue
[2021-03-09 19:59:32,401] {logging_mixin.py:103} INFO - [2021-03-09 19:59:32,401] {dagbag.py:440} INFO - Filling up the DagBag from /home/airflow/venv/lib/python3.8/site-packages/airflow/example_dags/example_skip_dag.py
[2021-03-09 19:59:32,412] {scheduler_job.py:639} INFO - DAG(s) dict_keys(['example_skip_dag']) retrieved from /home/airflow/venv/lib/python3.8/site-packages/airflow/example_dags/example_skip_dag.py
[2021-03-09 19:59:32,413] {logging_mixin.py:103} INFO - [2021-03-09 19:59:32,413] {dag.py:1813} INFO - Sync 1 DAGs
[2021-03-09 19:59:32,434] {logging_mixin.py:103} INFO - [2021-03-09 19:59:32,434] {dag.py:2266} INFO - Setting next_dagrun for example_skip_dag to 2021-03-07 00:00:00+00:00
[2021-03-09 19:59:32,445] {scheduler_job.py:189} INFO - Processing /home/airflow/venv/lib/python3.8/site-packages/airflow/example_dags/example_skip_dag.py took 0.048 seconds
[2021-03-09 19:59:58,727] {scheduler_job.py:181} INFO - Started process (PID=4476) to work on /home/airflow/venv/lib/python3.8/site-packages/airflow/example_dags/example_skip_dag.py
[2021-03-09 19:59:58,728] {scheduler_job.py:629} INFO - Processing file /home/airflow/venv/lib/python3.8/site-packages/airflow/example_dags/example_skip_dag.py for tasks to queue
[2021-03-09 19:59:58,728] {logging_mixin.py:103} INFO - [2021-03-09 19:59:58,728] {dagbag.py:440} INFO - Filling up the DagBag from /home/airflow/venv/lib/python3.8/site-packages/airflow/example_dags/example_skip_dag.py
[2021-03-09 19:59:58,736] {scheduler_job.py:639} INFO - DAG(s) dict_keys(['example_skip_dag']) retrieved from /home/airflow/venv/lib/python3.8/site-packages/airflow/example_dags/example_skip_dag.py
[2021-03-09 19:59:58,736] {logging_mixin.py:103} INFO - [2021-03-09 19:59:58,736] {dag.py:1813} INFO - Sync 1 DAGs
[2021-03-09 19:59:58,748] {logging_mixin.py:103} INFO - [2021-03-09 19:59:58,748] {dag.py:2266} INFO - Setting next_dagrun for example_skip_dag to 2021-03-07 00:00:00+00:00
[2021-03-09 19:59:58,758] {scheduler_job.py:189} INFO - Processing /home/airflow/venv/lib/python3.8/site-packages/airflow/example_dags/example_skip_dag.py took 0.040 seconds
[2021-03-09 20:00:24,584] {scheduler_job.py:181} INFO - Started process (PID=4511) to work on /home/airflow/venv/lib/python3.8/site-packages/airflow/example_dags/example_skip_dag.py
[2021-03-09 20:00:24,585] {scheduler_job.py:629} INFO - Processing file /home/airflow/venv/lib/python3.8/site-packages/airflow/example_dags/example_skip_dag.py for tasks to queue
[2021-03-09 20:00:24,585] {logging_mixin.py:103} INFO - [2021-03-09 20:00:24,585] {dagbag.py:440} INFO - Filling up the DagBag from /home/airflow/venv/lib/python3.8/site-packages/airflow/example_dags/example_skip_dag.py
[2021-03-09 20:00:24,596] {scheduler_job.py:639} INFO - DAG(s) dict_keys(['example_skip_dag']) retrieved from /home/airflow/venv/lib/python3.8/site-packages/airflow/example_dags/example_skip_dag.py
[2021-03-09 20:00:24,615] {logging_mixin.py:103} INFO - [2021-03-09 20:00:24,614] {dag.py:1813} INFO - Sync 1 DAGs
[2021-03-09 20:00:24,643] {logging_mixin.py:103} INFO - [2021-03-09 20:00:24,643] {dag.py:2266} INFO - Setting next_dagrun for example_skip_dag to 2021-03-07 00:00:00+00:00
[2021-03-09 20:00:24,659] {scheduler_job.py:189} INFO - Processing /home/airflow/venv/lib/python3.8/site-packages/airflow/example_dags/example_skip_dag.py took 0.089 seconds
[2021-03-09 20:00:50,266] {scheduler_job.py:181} INFO - Started process (PID=4545) to work on /home/airflow/venv/lib/python3.8/site-packages/airflow/example_dags/example_skip_dag.py
[2021-03-09 20:00:50,267] {scheduler_job.py:629} INFO - Processing file /home/airflow/venv/lib/python3.8/site-packages/airflow/example_dags/example_skip_dag.py for tasks to queue
[2021-03-09 20:00:50,267] {logging_mixin.py:103} INFO - [2021-03-09 20:00:50,267] {dagbag.py:440} INFO - Filling up the DagBag from /home/airflow/venv/lib/python3.8/site-packages/airflow/example_dags/example_skip_dag.py
[2021-03-09 20:00:50,287] {scheduler_job.py:639} INFO - DAG(s) dict_keys(['example_skip_dag']) retrieved from /home/airflow/venv/lib/python3.8/site-packages/airflow/example_dags/example_skip_dag.py
[2021-03-09 20:00:50,288] {logging_mixin.py:103} INFO - [2021-03-09 20:00:50,288] {dag.py:1813} INFO - Sync 1 DAGs
[2021-03-09 20:00:50,314] {logging_mixin.py:103} INFO - [2021-03-09 20:00:50,313] {dag.py:2266} INFO - Setting next_dagrun for example_skip_dag to 2021-03-07 00:00:00+00:00
[2021-03-09 20:00:50,341] {scheduler_job.py:189} INFO - Processing /home/airflow/venv/lib/python3.8/site-packages/airflow/example_dags/example_skip_dag.py took 0.086 seconds
[2021-03-09 20:01:14,501] {scheduler_job.py:181} INFO - Started process (PID=4579) to work on /home/airflow/venv/lib/python3.8/site-packages/airflow/example_dags/example_skip_dag.py
[2021-03-09 20:01:14,502] {scheduler_job.py:629} INFO - Processing file /home/airflow/venv/lib/python3.8/site-packages/airflow/example_dags/example_skip_dag.py for tasks to queue
[2021-03-09 20:01:14,503] {logging_mixin.py:103} INFO - [2021-03-09 20:01:14,503] {dagbag.py:440} INFO - Filling up the DagBag from /home/airflow/venv/lib/python3.8/site-packages/airflow/example_dags/example_skip_dag.py
[2021-03-09 20:01:14,513] {scheduler_job.py:639} INFO - DAG(s) dict_keys(['example_skip_dag']) retrieved from /home/airflow/venv/lib/python3.8/site-packages/airflow/example_dags/example_skip_dag.py
[2021-03-09 20:01:14,514] {logging_mixin.py:103} INFO - [2021-03-09 20:01:14,514] {dag.py:1813} INFO - Sync 1 DAGs
[2021-03-09 20:01:14,528] {logging_mixin.py:103} INFO - [2021-03-09 20:01:14,527] {dag.py:2266} INFO - Setting next_dagrun for example_skip_dag to 2021-03-07 00:00:00+00:00
[2021-03-09 20:01:14,539] {scheduler_job.py:189} INFO - Processing /home/airflow/venv/lib/python3.8/site-packages/airflow/example_dags/example_skip_dag.py took 0.048 seconds
[2021-03-09 20:01:40,800] {scheduler_job.py:181} INFO - Started process (PID=4613) to work on /home/airflow/venv/lib/python3.8/site-packages/airflow/example_dags/example_skip_dag.py
[2021-03-09 20:01:40,801] {scheduler_job.py:629} INFO - Processing file /home/airflow/venv/lib/python3.8/site-packages/airflow/example_dags/example_skip_dag.py for tasks to queue
[2021-03-09 20:01:40,801] {logging_mixin.py:103} INFO - [2021-03-09 20:01:40,801] {dagbag.py:440} INFO - Filling up the DagBag from /home/airflow/venv/lib/python3.8/site-packages/airflow/example_dags/example_skip_dag.py
[2021-03-09 20:01:40,809] {scheduler_job.py:639} INFO - DAG(s) dict_keys(['example_skip_dag']) retrieved from /home/airflow/venv/lib/python3.8/site-packages/airflow/example_dags/example_skip_dag.py
[2021-03-09 20:01:40,809] {logging_mixin.py:103} INFO - [2021-03-09 20:01:40,809] {dag.py:1813} INFO - Sync 1 DAGs
[2021-03-09 20:01:40,820] {logging_mixin.py:103} INFO - [2021-03-09 20:01:40,820] {dag.py:2266} INFO - Setting next_dagrun for example_skip_dag to 2021-03-07 00:00:00+00:00
[2021-03-09 20:01:40,830] {scheduler_job.py:189} INFO - Processing /home/airflow/venv/lib/python3.8/site-packages/airflow/example_dags/example_skip_dag.py took 0.038 seconds
[2021-03-09 20:02:08,137] {scheduler_job.py:181} INFO - Started process (PID=4650) to work on /home/airflow/venv/lib/python3.8/site-packages/airflow/example_dags/example_skip_dag.py
[2021-03-09 20:02:08,138] {scheduler_job.py:629} INFO - Processing file /home/airflow/venv/lib/python3.8/site-packages/airflow/example_dags/example_skip_dag.py for tasks to queue
[2021-03-09 20:02:08,139] {logging_mixin.py:103} INFO - [2021-03-09 20:02:08,138] {dagbag.py:440} INFO - Filling up the DagBag from /home/airflow/venv/lib/python3.8/site-packages/airflow/example_dags/example_skip_dag.py
[2021-03-09 20:02:08,149] {scheduler_job.py:639} INFO - DAG(s) dict_keys(['example_skip_dag']) retrieved from /home/airflow/venv/lib/python3.8/site-packages/airflow/example_dags/example_skip_dag.py
[2021-03-09 20:02:08,150] {logging_mixin.py:103} INFO - [2021-03-09 20:02:08,150] {dag.py:1813} INFO - Sync 1 DAGs
[2021-03-09 20:02:08,164] {logging_mixin.py:103} INFO - [2021-03-09 20:02:08,164] {dag.py:2266} INFO - Setting next_dagrun for example_skip_dag to 2021-03-07 00:00:00+00:00
[2021-03-09 20:02:08,176] {scheduler_job.py:189} INFO - Processing /home/airflow/venv/lib/python3.8/site-packages/airflow/example_dags/example_skip_dag.py took 0.045 seconds
[2021-03-09 20:02:33,432] {scheduler_job.py:181} INFO - Started process (PID=4693) to work on /home/airflow/venv/lib/python3.8/site-packages/airflow/example_dags/example_skip_dag.py
[2021-03-09 20:02:33,433] {scheduler_job.py:629} INFO - Processing file /home/airflow/venv/lib/python3.8/site-packages/airflow/example_dags/example_skip_dag.py for tasks to queue
[2021-03-09 20:02:33,434] {logging_mixin.py:103} INFO - [2021-03-09 20:02:33,434] {dagbag.py:440} INFO - Filling up the DagBag from /home/airflow/venv/lib/python3.8/site-packages/airflow/example_dags/example_skip_dag.py
[2021-03-09 20:02:33,442] {scheduler_job.py:639} INFO - DAG(s) dict_keys(['example_skip_dag']) retrieved from /home/airflow/venv/lib/python3.8/site-packages/airflow/example_dags/example_skip_dag.py
[2021-03-09 20:02:33,443] {logging_mixin.py:103} INFO - [2021-03-09 20:02:33,443] {dag.py:1813} INFO - Sync 1 DAGs
[2021-03-09 20:02:33,458] {logging_mixin.py:103} INFO - [2021-03-09 20:02:33,458] {dag.py:2266} INFO - Setting next_dagrun for example_skip_dag to 2021-03-07 00:00:00+00:00
[2021-03-09 20:02:33,470] {scheduler_job.py:189} INFO - Processing /home/airflow/venv/lib/python3.8/site-packages/airflow/example_dags/example_skip_dag.py took 0.044 seconds
[2021-03-09 20:02:59,097] {scheduler_job.py:181} INFO - Started process (PID=4736) to work on /home/airflow/venv/lib/python3.8/site-packages/airflow/example_dags/example_skip_dag.py
[2021-03-09 20:02:59,098] {scheduler_job.py:629} INFO - Processing file /home/airflow/venv/lib/python3.8/site-packages/airflow/example_dags/example_skip_dag.py for tasks to queue
[2021-03-09 20:02:59,098] {logging_mixin.py:103} INFO - [2021-03-09 20:02:59,098] {dagbag.py:440} INFO - Filling up the DagBag from /home/airflow/venv/lib/python3.8/site-packages/airflow/example_dags/example_skip_dag.py
[2021-03-09 20:02:59,119] {scheduler_job.py:639} INFO - DAG(s) dict_keys(['example_skip_dag']) retrieved from /home/airflow/venv/lib/python3.8/site-packages/airflow/example_dags/example_skip_dag.py
[2021-03-09 20:02:59,120] {logging_mixin.py:103} INFO - [2021-03-09 20:02:59,120] {dag.py:1813} INFO - Sync 1 DAGs
[2021-03-09 20:02:59,182] {logging_mixin.py:103} INFO - [2021-03-09 20:02:59,182] {dag.py:2266} INFO - Setting next_dagrun for example_skip_dag to 2021-03-07 00:00:00+00:00
[2021-03-09 20:02:59,219] {scheduler_job.py:189} INFO - Processing /home/airflow/venv/lib/python3.8/site-packages/airflow/example_dags/example_skip_dag.py took 0.128 seconds
[2021-03-09 20:03:24,905] {scheduler_job.py:181} INFO - Started process (PID=4782) to work on /home/airflow/venv/lib/python3.8/site-packages/airflow/example_dags/example_skip_dag.py
[2021-03-09 20:03:24,908] {scheduler_job.py:629} INFO - Processing file /home/airflow/venv/lib/python3.8/site-packages/airflow/example_dags/example_skip_dag.py for tasks to queue
[2021-03-09 20:03:24,909] {logging_mixin.py:103} INFO - [2021-03-09 20:03:24,909] {dagbag.py:440} INFO - Filling up the DagBag from /home/airflow/venv/lib/python3.8/site-packages/airflow/example_dags/example_skip_dag.py
[2021-03-09 20:03:24,932] {scheduler_job.py:639} INFO - DAG(s) dict_keys(['example_skip_dag']) retrieved from /home/airflow/venv/lib/python3.8/site-packages/airflow/example_dags/example_skip_dag.py
[2021-03-09 20:03:24,932] {logging_mixin.py:103} INFO - [2021-03-09 20:03:24,932] {dag.py:1813} INFO - Sync 1 DAGs
[2021-03-09 20:03:24,970] {logging_mixin.py:103} INFO - [2021-03-09 20:03:24,970] {dag.py:2266} INFO - Setting next_dagrun for example_skip_dag to 2021-03-07 00:00:00+00:00
[2021-03-09 20:03:24,998] {scheduler_job.py:189} INFO - Processing /home/airflow/venv/lib/python3.8/site-packages/airflow/example_dags/example_skip_dag.py took 0.103 seconds
[2021-03-09 20:03:50,170] {scheduler_job.py:181} INFO - Started process (PID=4835) to work on /home/airflow/venv/lib/python3.8/site-packages/airflow/example_dags/example_skip_dag.py
[2021-03-09 20:03:50,171] {scheduler_job.py:629} INFO - Processing file /home/airflow/venv/lib/python3.8/site-packages/airflow/example_dags/example_skip_dag.py for tasks to queue
[2021-03-09 20:03:50,171] {logging_mixin.py:103} INFO - [2021-03-09 20:03:50,171] {dagbag.py:440} INFO - Filling up the DagBag from /home/airflow/venv/lib/python3.8/site-packages/airflow/example_dags/example_skip_dag.py
[2021-03-09 20:03:50,180] {scheduler_job.py:639} INFO - DAG(s) dict_keys(['example_skip_dag']) retrieved from /home/airflow/venv/lib/python3.8/site-packages/airflow/example_dags/example_skip_dag.py
[2021-03-09 20:03:50,180] {logging_mixin.py:103} INFO - [2021-03-09 20:03:50,180] {dag.py:1813} INFO - Sync 1 DAGs
[2021-03-09 20:03:50,203] {logging_mixin.py:103} INFO - [2021-03-09 20:03:50,203] {dag.py:2266} INFO - Setting next_dagrun for example_skip_dag to 2021-03-07 00:00:00+00:00
[2021-03-09 20:03:50,214] {scheduler_job.py:189} INFO - Processing /home/airflow/venv/lib/python3.8/site-packages/airflow/example_dags/example_skip_dag.py took 0.055 seconds
[2021-03-09 20:04:16,488] {scheduler_job.py:181} INFO - Started process (PID=4894) to work on /home/airflow/venv/lib/python3.8/site-packages/airflow/example_dags/example_skip_dag.py
[2021-03-09 20:04:16,489] {scheduler_job.py:629} INFO - Processing file /home/airflow/venv/lib/python3.8/site-packages/airflow/example_dags/example_skip_dag.py for tasks to queue
[2021-03-09 20:04:16,490] {logging_mixin.py:103} INFO - [2021-03-09 20:04:16,490] {dagbag.py:440} INFO - Filling up the DagBag from /home/airflow/venv/lib/python3.8/site-packages/airflow/example_dags/example_skip_dag.py
[2021-03-09 20:04:16,498] {scheduler_job.py:639} INFO - DAG(s) dict_keys(['example_skip_dag']) retrieved from /home/airflow/venv/lib/python3.8/site-packages/airflow/example_dags/example_skip_dag.py
[2021-03-09 20:04:16,499] {logging_mixin.py:103} INFO - [2021-03-09 20:04:16,499] {dag.py:1813} INFO - Sync 1 DAGs
[2021-03-09 20:04:16,513] {logging_mixin.py:103} INFO - [2021-03-09 20:04:16,513] {dag.py:2266} INFO - Setting next_dagrun for example_skip_dag to 2021-03-07 00:00:00+00:00
[2021-03-09 20:04:16,527] {scheduler_job.py:189} INFO - Processing /home/airflow/venv/lib/python3.8/site-packages/airflow/example_dags/example_skip_dag.py took 0.042 seconds
[2021-03-09 20:04:41,749] {scheduler_job.py:181} INFO - Started process (PID=4972) to work on /home/airflow/venv/lib/python3.8/site-packages/airflow/example_dags/example_skip_dag.py
[2021-03-09 20:04:41,750] {scheduler_job.py:629} INFO - Processing file /home/airflow/venv/lib/python3.8/site-packages/airflow/example_dags/example_skip_dag.py for tasks to queue
[2021-03-09 20:04:41,750] {logging_mixin.py:103} INFO - [2021-03-09 20:04:41,750] {dagbag.py:440} INFO - Filling up the DagBag from /home/airflow/venv/lib/python3.8/site-packages/airflow/example_dags/example_skip_dag.py
[2021-03-09 20:04:41,763] {scheduler_job.py:639} INFO - DAG(s) dict_keys(['example_skip_dag']) retrieved from /home/airflow/venv/lib/python3.8/site-packages/airflow/example_dags/example_skip_dag.py
[2021-03-09 20:04:41,763] {logging_mixin.py:103} INFO - [2021-03-09 20:04:41,763] {dag.py:1813} INFO - Sync 1 DAGs
[2021-03-09 20:04:41,776] {logging_mixin.py:103} INFO - [2021-03-09 20:04:41,775] {dag.py:2266} INFO - Setting next_dagrun for example_skip_dag to 2021-03-07 00:00:00+00:00
[2021-03-09 20:04:41,785] {scheduler_job.py:189} INFO - Processing /home/airflow/venv/lib/python3.8/site-packages/airflow/example_dags/example_skip_dag.py took 0.042 seconds
[2021-03-09 20:05:08,097] {scheduler_job.py:181} INFO - Started process (PID=5036) to work on /home/airflow/venv/lib/python3.8/site-packages/airflow/example_dags/example_skip_dag.py
[2021-03-09 20:05:08,098] {scheduler_job.py:629} INFO - Processing file /home/airflow/venv/lib/python3.8/site-packages/airflow/example_dags/example_skip_dag.py for tasks to queue
[2021-03-09 20:05:08,099] {logging_mixin.py:103} INFO - [2021-03-09 20:05:08,098] {dagbag.py:440} INFO - Filling up the DagBag from /home/airflow/venv/lib/python3.8/site-packages/airflow/example_dags/example_skip_dag.py
[2021-03-09 20:05:08,109] {scheduler_job.py:639} INFO - DAG(s) dict_keys(['example_skip_dag']) retrieved from /home/airflow/venv/lib/python3.8/site-packages/airflow/example_dags/example_skip_dag.py
[2021-03-09 20:05:08,110] {logging_mixin.py:103} INFO - [2021-03-09 20:05:08,110] {dag.py:1813} INFO - Sync 1 DAGs
[2021-03-09 20:05:08,124] {logging_mixin.py:103} INFO - [2021-03-09 20:05:08,124] {dag.py:2266} INFO - Setting next_dagrun for example_skip_dag to 2021-03-07 00:00:00+00:00
[2021-03-09 20:05:08,137] {scheduler_job.py:189} INFO - Processing /home/airflow/venv/lib/python3.8/site-packages/airflow/example_dags/example_skip_dag.py took 0.047 seconds
[2021-03-09 20:05:33,373] {scheduler_job.py:181} INFO - Started process (PID=5103) to work on /home/airflow/venv/lib/python3.8/site-packages/airflow/example_dags/example_skip_dag.py
[2021-03-09 20:05:33,373] {scheduler_job.py:629} INFO - Processing file /home/airflow/venv/lib/python3.8/site-packages/airflow/example_dags/example_skip_dag.py for tasks to queue
[2021-03-09 20:05:33,374] {logging_mixin.py:103} INFO - [2021-03-09 20:05:33,374] {dagbag.py:440} INFO - Filling up the DagBag from /home/airflow/venv/lib/python3.8/site-packages/airflow/example_dags/example_skip_dag.py
[2021-03-09 20:05:33,386] {scheduler_job.py:639} INFO - DAG(s) dict_keys(['example_skip_dag']) retrieved from /home/airflow/venv/lib/python3.8/site-packages/airflow/example_dags/example_skip_dag.py
[2021-03-09 20:05:33,387] {logging_mixin.py:103} INFO - [2021-03-09 20:05:33,386] {dag.py:1813} INFO - Sync 1 DAGs
[2021-03-09 20:05:33,399] {logging_mixin.py:103} INFO - [2021-03-09 20:05:33,399] {dag.py:2266} INFO - Setting next_dagrun for example_skip_dag to 2021-03-07 00:00:00+00:00
[2021-03-09 20:05:33,410] {scheduler_job.py:189} INFO - Processing /home/airflow/venv/lib/python3.8/site-packages/airflow/example_dags/example_skip_dag.py took 0.040 seconds
[2021-03-09 20:05:59,727] {scheduler_job.py:181} INFO - Started process (PID=5169) to work on /home/airflow/venv/lib/python3.8/site-packages/airflow/example_dags/example_skip_dag.py
[2021-03-09 20:05:59,728] {scheduler_job.py:629} INFO - Processing file /home/airflow/venv/lib/python3.8/site-packages/airflow/example_dags/example_skip_dag.py for tasks to queue
[2021-03-09 20:05:59,728] {logging_mixin.py:103} INFO - [2021-03-09 20:05:59,728] {dagbag.py:440} INFO - Filling up the DagBag from /home/airflow/venv/lib/python3.8/site-packages/airflow/example_dags/example_skip_dag.py
[2021-03-09 20:05:59,735] {scheduler_job.py:639} INFO - DAG(s) dict_keys(['example_skip_dag']) retrieved from /home/airflow/venv/lib/python3.8/site-packages/airflow/example_dags/example_skip_dag.py
[2021-03-09 20:05:59,736] {logging_mixin.py:103} INFO - [2021-03-09 20:05:59,736] {dag.py:1813} INFO - Sync 1 DAGs
[2021-03-09 20:05:59,749] {logging_mixin.py:103} INFO - [2021-03-09 20:05:59,749] {dag.py:2266} INFO - Setting next_dagrun for example_skip_dag to 2021-03-07 00:00:00+00:00
[2021-03-09 20:05:59,760] {scheduler_job.py:189} INFO - Processing /home/airflow/venv/lib/python3.8/site-packages/airflow/example_dags/example_skip_dag.py took 0.036 seconds
[2021-03-09 20:06:25,777] {scheduler_job.py:181} INFO - Started process (PID=5236) to work on /home/airflow/venv/lib/python3.8/site-packages/airflow/example_dags/example_skip_dag.py
[2021-03-09 20:06:25,778] {scheduler_job.py:629} INFO - Processing file /home/airflow/venv/lib/python3.8/site-packages/airflow/example_dags/example_skip_dag.py for tasks to queue
[2021-03-09 20:06:25,779] {logging_mixin.py:103} INFO - [2021-03-09 20:06:25,779] {dagbag.py:440} INFO - Filling up the DagBag from /home/airflow/venv/lib/python3.8/site-packages/airflow/example_dags/example_skip_dag.py
[2021-03-09 20:06:25,822] {scheduler_job.py:639} INFO - DAG(s) dict_keys(['example_skip_dag']) retrieved from /home/airflow/venv/lib/python3.8/site-packages/airflow/example_dags/example_skip_dag.py
[2021-03-09 20:06:25,824] {logging_mixin.py:103} INFO - [2021-03-09 20:06:25,824] {dag.py:1813} INFO - Sync 1 DAGs
[2021-03-09 20:06:25,884] {logging_mixin.py:103} INFO - [2021-03-09 20:06:25,884] {dag.py:2266} INFO - Setting next_dagrun for example_skip_dag to 2021-03-07 00:00:00+00:00
[2021-03-09 20:06:25,926] {scheduler_job.py:189} INFO - Processing /home/airflow/venv/lib/python3.8/site-packages/airflow/example_dags/example_skip_dag.py took 0.155 seconds
[2021-03-09 20:06:51,390] {scheduler_job.py:181} INFO - Started process (PID=5302) to work on /home/airflow/venv/lib/python3.8/site-packages/airflow/example_dags/example_skip_dag.py
[2021-03-09 20:06:51,391] {scheduler_job.py:629} INFO - Processing file /home/airflow/venv/lib/python3.8/site-packages/airflow/example_dags/example_skip_dag.py for tasks to queue
[2021-03-09 20:06:51,395] {logging_mixin.py:103} INFO - [2021-03-09 20:06:51,395] {dagbag.py:440} INFO - Filling up the DagBag from /home/airflow/venv/lib/python3.8/site-packages/airflow/example_dags/example_skip_dag.py
[2021-03-09 20:06:51,403] {scheduler_job.py:639} INFO - DAG(s) dict_keys(['example_skip_dag']) retrieved from /home/airflow/venv/lib/python3.8/site-packages/airflow/example_dags/example_skip_dag.py
[2021-03-09 20:06:51,403] {logging_mixin.py:103} INFO - [2021-03-09 20:06:51,403] {dag.py:1813} INFO - Sync 1 DAGs
[2021-03-09 20:06:51,418] {logging_mixin.py:103} INFO - [2021-03-09 20:06:51,417] {dag.py:2266} INFO - Setting next_dagrun for example_skip_dag to 2021-03-07 00:00:00+00:00
[2021-03-09 20:06:51,428] {scheduler_job.py:189} INFO - Processing /home/airflow/venv/lib/python3.8/site-packages/airflow/example_dags/example_skip_dag.py took 0.045 seconds
[2021-03-09 20:07:16,672] {scheduler_job.py:181} INFO - Started process (PID=5386) to work on /home/airflow/venv/lib/python3.8/site-packages/airflow/example_dags/example_skip_dag.py
[2021-03-09 20:07:16,672] {scheduler_job.py:629} INFO - Processing file /home/airflow/venv/lib/python3.8/site-packages/airflow/example_dags/example_skip_dag.py for tasks to queue
[2021-03-09 20:07:16,673] {logging_mixin.py:103} INFO - [2021-03-09 20:07:16,673] {dagbag.py:440} INFO - Filling up the DagBag from /home/airflow/venv/lib/python3.8/site-packages/airflow/example_dags/example_skip_dag.py
[2021-03-09 20:07:16,688] {scheduler_job.py:639} INFO - DAG(s) dict_keys(['example_skip_dag']) retrieved from /home/airflow/venv/lib/python3.8/site-packages/airflow/example_dags/example_skip_dag.py
[2021-03-09 20:07:16,689] {logging_mixin.py:103} INFO - [2021-03-09 20:07:16,689] {dag.py:1813} INFO - Sync 1 DAGs
[2021-03-09 20:07:16,701] {logging_mixin.py:103} INFO - [2021-03-09 20:07:16,701] {dag.py:2266} INFO - Setting next_dagrun for example_skip_dag to 2021-03-07 00:00:00+00:00
[2021-03-09 20:07:16,713] {scheduler_job.py:189} INFO - Processing /home/airflow/venv/lib/python3.8/site-packages/airflow/example_dags/example_skip_dag.py took 0.050 seconds
[2021-03-09 20:07:42,101] {scheduler_job.py:181} INFO - Started process (PID=5453) to work on /home/airflow/venv/lib/python3.8/site-packages/airflow/example_dags/example_skip_dag.py
[2021-03-09 20:07:42,102] {scheduler_job.py:629} INFO - Processing file /home/airflow/venv/lib/python3.8/site-packages/airflow/example_dags/example_skip_dag.py for tasks to queue
[2021-03-09 20:07:42,102] {logging_mixin.py:103} INFO - [2021-03-09 20:07:42,102] {dagbag.py:440} INFO - Filling up the DagBag from /home/airflow/venv/lib/python3.8/site-packages/airflow/example_dags/example_skip_dag.py
[2021-03-09 20:07:42,110] {scheduler_job.py:639} INFO - DAG(s) dict_keys(['example_skip_dag']) retrieved from /home/airflow/venv/lib/python3.8/site-packages/airflow/example_dags/example_skip_dag.py
[2021-03-09 20:07:42,110] {logging_mixin.py:103} INFO - [2021-03-09 20:07:42,110] {dag.py:1813} INFO - Sync 1 DAGs
[2021-03-09 20:07:42,124] {logging_mixin.py:103} INFO - [2021-03-09 20:07:42,124] {dag.py:2266} INFO - Setting next_dagrun for example_skip_dag to 2021-03-07 00:00:00+00:00
[2021-03-09 20:07:42,136] {scheduler_job.py:189} INFO - Processing /home/airflow/venv/lib/python3.8/site-packages/airflow/example_dags/example_skip_dag.py took 0.044 seconds
[2021-03-09 20:08:09,214] {scheduler_job.py:181} INFO - Started process (PID=5520) to work on /home/airflow/venv/lib/python3.8/site-packages/airflow/example_dags/example_skip_dag.py
[2021-03-09 20:08:09,215] {scheduler_job.py:629} INFO - Processing file /home/airflow/venv/lib/python3.8/site-packages/airflow/example_dags/example_skip_dag.py for tasks to queue
[2021-03-09 20:08:09,215] {logging_mixin.py:103} INFO - [2021-03-09 20:08:09,215] {dagbag.py:440} INFO - Filling up the DagBag from /home/airflow/venv/lib/python3.8/site-packages/airflow/example_dags/example_skip_dag.py
[2021-03-09 20:08:09,223] {scheduler_job.py:639} INFO - DAG(s) dict_keys(['example_skip_dag']) retrieved from /home/airflow/venv/lib/python3.8/site-packages/airflow/example_dags/example_skip_dag.py
[2021-03-09 20:08:09,224] {logging_mixin.py:103} INFO - [2021-03-09 20:08:09,224] {dag.py:1813} INFO - Sync 1 DAGs
[2021-03-09 20:08:09,236] {logging_mixin.py:103} INFO - [2021-03-09 20:08:09,236] {dag.py:2266} INFO - Setting next_dagrun for example_skip_dag to 2021-03-07 00:00:00+00:00
[2021-03-09 20:08:09,246] {scheduler_job.py:189} INFO - Processing /home/airflow/venv/lib/python3.8/site-packages/airflow/example_dags/example_skip_dag.py took 0.039 seconds
[2021-03-09 20:08:35,572] {scheduler_job.py:181} INFO - Started process (PID=5596) to work on /home/airflow/venv/lib/python3.8/site-packages/airflow/example_dags/example_skip_dag.py
[2021-03-09 20:08:35,575] {scheduler_job.py:629} INFO - Processing file /home/airflow/venv/lib/python3.8/site-packages/airflow/example_dags/example_skip_dag.py for tasks to queue
[2021-03-09 20:08:35,576] {logging_mixin.py:103} INFO - [2021-03-09 20:08:35,576] {dagbag.py:440} INFO - Filling up the DagBag from /home/airflow/venv/lib/python3.8/site-packages/airflow/example_dags/example_skip_dag.py
[2021-03-09 20:08:35,583] {scheduler_job.py:639} INFO - DAG(s) dict_keys(['example_skip_dag']) retrieved from /home/airflow/venv/lib/python3.8/site-packages/airflow/example_dags/example_skip_dag.py
[2021-03-09 20:08:35,583] {logging_mixin.py:103} INFO - [2021-03-09 20:08:35,583] {dag.py:1813} INFO - Sync 1 DAGs
[2021-03-09 20:08:35,597] {logging_mixin.py:103} INFO - [2021-03-09 20:08:35,597] {dag.py:2266} INFO - Setting next_dagrun for example_skip_dag to 2021-03-07 00:00:00+00:00
[2021-03-09 20:08:35,607] {scheduler_job.py:189} INFO - Processing /home/airflow/venv/lib/python3.8/site-packages/airflow/example_dags/example_skip_dag.py took 0.037 seconds
[2021-03-09 20:09:00,845] {scheduler_job.py:181} INFO - Started process (PID=5661) to work on /home/airflow/venv/lib/python3.8/site-packages/airflow/example_dags/example_skip_dag.py
[2021-03-09 20:09:00,845] {scheduler_job.py:629} INFO - Processing file /home/airflow/venv/lib/python3.8/site-packages/airflow/example_dags/example_skip_dag.py for tasks to queue
[2021-03-09 20:09:00,846] {logging_mixin.py:103} INFO - [2021-03-09 20:09:00,846] {dagbag.py:440} INFO - Filling up the DagBag from /home/airflow/venv/lib/python3.8/site-packages/airflow/example_dags/example_skip_dag.py
[2021-03-09 20:09:00,863] {scheduler_job.py:639} INFO - DAG(s) dict_keys(['example_skip_dag']) retrieved from /home/airflow/venv/lib/python3.8/site-packages/airflow/example_dags/example_skip_dag.py
[2021-03-09 20:09:00,863] {logging_mixin.py:103} INFO - [2021-03-09 20:09:00,863] {dag.py:1813} INFO - Sync 1 DAGs
[2021-03-09 20:09:00,886] {logging_mixin.py:103} INFO - [2021-03-09 20:09:00,886] {dag.py:2266} INFO - Setting next_dagrun for example_skip_dag to 2021-03-07 00:00:00+00:00
[2021-03-09 20:09:00,913] {scheduler_job.py:189} INFO - Processing /home/airflow/venv/lib/python3.8/site-packages/airflow/example_dags/example_skip_dag.py took 0.071 seconds
[2021-03-09 20:09:26,357] {scheduler_job.py:181} INFO - Started process (PID=5727) to work on /home/airflow/venv/lib/python3.8/site-packages/airflow/example_dags/example_skip_dag.py
[2021-03-09 20:09:26,358] {scheduler_job.py:629} INFO - Processing file /home/airflow/venv/lib/python3.8/site-packages/airflow/example_dags/example_skip_dag.py for tasks to queue
[2021-03-09 20:09:26,359] {logging_mixin.py:103} INFO - [2021-03-09 20:09:26,359] {dagbag.py:440} INFO - Filling up the DagBag from /home/airflow/venv/lib/python3.8/site-packages/airflow/example_dags/example_skip_dag.py
[2021-03-09 20:09:26,370] {scheduler_job.py:639} INFO - DAG(s) dict_keys(['example_skip_dag']) retrieved from /home/airflow/venv/lib/python3.8/site-packages/airflow/example_dags/example_skip_dag.py
[2021-03-09 20:09:26,371] {logging_mixin.py:103} INFO - [2021-03-09 20:09:26,371] {dag.py:1813} INFO - Sync 1 DAGs
[2021-03-09 20:09:26,387] {logging_mixin.py:103} INFO - [2021-03-09 20:09:26,387] {dag.py:2266} INFO - Setting next_dagrun for example_skip_dag to 2021-03-07 00:00:00+00:00
[2021-03-09 20:09:26,397] {scheduler_job.py:189} INFO - Processing /home/airflow/venv/lib/python3.8/site-packages/airflow/example_dags/example_skip_dag.py took 0.043 seconds
[2021-03-09 20:09:52,439] {scheduler_job.py:181} INFO - Started process (PID=5791) to work on /home/airflow/venv/lib/python3.8/site-packages/airflow/example_dags/example_skip_dag.py
[2021-03-09 20:09:52,440] {scheduler_job.py:629} INFO - Processing file /home/airflow/venv/lib/python3.8/site-packages/airflow/example_dags/example_skip_dag.py for tasks to queue
[2021-03-09 20:09:52,440] {logging_mixin.py:103} INFO - [2021-03-09 20:09:52,440] {dagbag.py:440} INFO - Filling up the DagBag from /home/airflow/venv/lib/python3.8/site-packages/airflow/example_dags/example_skip_dag.py
[2021-03-09 20:09:52,453] {scheduler_job.py:639} INFO - DAG(s) dict_keys(['example_skip_dag']) retrieved from /home/airflow/venv/lib/python3.8/site-packages/airflow/example_dags/example_skip_dag.py
[2021-03-09 20:09:52,453] {logging_mixin.py:103} INFO - [2021-03-09 20:09:52,453] {dag.py:1813} INFO - Sync 1 DAGs
[2021-03-09 20:09:52,466] {logging_mixin.py:103} INFO - [2021-03-09 20:09:52,466] {dag.py:2266} INFO - Setting next_dagrun for example_skip_dag to 2021-03-07 00:00:00+00:00
[2021-03-09 20:09:52,476] {scheduler_job.py:189} INFO - Processing /home/airflow/venv/lib/python3.8/site-packages/airflow/example_dags/example_skip_dag.py took 0.040 seconds
[2021-03-09 20:10:19,698] {scheduler_job.py:181} INFO - Started process (PID=5862) to work on /home/airflow/venv/lib/python3.8/site-packages/airflow/example_dags/example_skip_dag.py
[2021-03-09 20:10:19,699] {scheduler_job.py:629} INFO - Processing file /home/airflow/venv/lib/python3.8/site-packages/airflow/example_dags/example_skip_dag.py for tasks to queue
[2021-03-09 20:10:19,700] {logging_mixin.py:103} INFO - [2021-03-09 20:10:19,700] {dagbag.py:440} INFO - Filling up the DagBag from /home/airflow/venv/lib/python3.8/site-packages/airflow/example_dags/example_skip_dag.py
[2021-03-09 20:10:19,721] {scheduler_job.py:639} INFO - DAG(s) dict_keys(['example_skip_dag']) retrieved from /home/airflow/venv/lib/python3.8/site-packages/airflow/example_dags/example_skip_dag.py
[2021-03-09 20:10:19,722] {logging_mixin.py:103} INFO - [2021-03-09 20:10:19,722] {dag.py:1813} INFO - Sync 1 DAGs
[2021-03-09 20:10:19,733] {logging_mixin.py:103} INFO - [2021-03-09 20:10:19,733] {dag.py:2266} INFO - Setting next_dagrun for example_skip_dag to 2021-03-07 00:00:00+00:00
[2021-03-09 20:10:19,745] {scheduler_job.py:189} INFO - Processing /home/airflow/venv/lib/python3.8/site-packages/airflow/example_dags/example_skip_dag.py took 0.049 seconds
[2021-03-09 20:10:45,022] {scheduler_job.py:181} INFO - Started process (PID=5926) to work on /home/airflow/venv/lib/python3.8/site-packages/airflow/example_dags/example_skip_dag.py
[2021-03-09 20:10:45,026] {scheduler_job.py:629} INFO - Processing file /home/airflow/venv/lib/python3.8/site-packages/airflow/example_dags/example_skip_dag.py for tasks to queue
[2021-03-09 20:10:45,027] {logging_mixin.py:103} INFO - [2021-03-09 20:10:45,027] {dagbag.py:440} INFO - Filling up the DagBag from /home/airflow/venv/lib/python3.8/site-packages/airflow/example_dags/example_skip_dag.py
[2021-03-09 20:10:45,035] {scheduler_job.py:639} INFO - DAG(s) dict_keys(['example_skip_dag']) retrieved from /home/airflow/venv/lib/python3.8/site-packages/airflow/example_dags/example_skip_dag.py
[2021-03-09 20:10:45,036] {logging_mixin.py:103} INFO - [2021-03-09 20:10:45,036] {dag.py:1813} INFO - Sync 1 DAGs
[2021-03-09 20:10:45,060] {logging_mixin.py:103} INFO - [2021-03-09 20:10:45,060] {dag.py:2266} INFO - Setting next_dagrun for example_skip_dag to 2021-03-07 00:00:00+00:00
[2021-03-09 20:10:45,071] {scheduler_job.py:189} INFO - Processing /home/airflow/venv/lib/python3.8/site-packages/airflow/example_dags/example_skip_dag.py took 0.055 seconds
