[2021-03-09 18:54:48,880] {scheduler_job.py:181} INFO - Started process (PID=9405) to work on /home/airflow/venv/lib/python3.8/site-packages/airflow/example_dags/example_branch_operator.py
[2021-03-09 18:54:48,882] {scheduler_job.py:629} INFO - Processing file /home/airflow/venv/lib/python3.8/site-packages/airflow/example_dags/example_branch_operator.py for tasks to queue
[2021-03-09 18:54:48,883] {logging_mixin.py:103} INFO - [2021-03-09 18:54:48,882] {dagbag.py:440} INFO - Filling up the DagBag from /home/airflow/venv/lib/python3.8/site-packages/airflow/example_dags/example_branch_operator.py
[2021-03-09 18:54:48,924] {scheduler_job.py:639} INFO - DAG(s) dict_keys(['example_branch_operator']) retrieved from /home/airflow/venv/lib/python3.8/site-packages/airflow/example_dags/example_branch_operator.py
[2021-03-09 18:54:48,925] {logging_mixin.py:103} INFO - [2021-03-09 18:54:48,925] {dag.py:1813} INFO - Sync 1 DAGs
[2021-03-09 18:54:48,983] {logging_mixin.py:103} INFO - [2021-03-09 18:54:48,983] {dag.py:2266} INFO - Setting next_dagrun for example_branch_operator to 2021-03-07 00:00:00+00:00
[2021-03-09 18:54:49,037] {scheduler_job.py:189} INFO - Processing /home/airflow/venv/lib/python3.8/site-packages/airflow/example_dags/example_branch_operator.py took 0.161 seconds
[2021-03-09 18:55:22,471] {scheduler_job.py:181} INFO - Started process (PID=9475) to work on /home/airflow/venv/lib/python3.8/site-packages/airflow/example_dags/example_branch_operator.py
[2021-03-09 18:55:22,473] {scheduler_job.py:629} INFO - Processing file /home/airflow/venv/lib/python3.8/site-packages/airflow/example_dags/example_branch_operator.py for tasks to queue
[2021-03-09 18:55:22,474] {logging_mixin.py:103} INFO - [2021-03-09 18:55:22,473] {dagbag.py:440} INFO - Filling up the DagBag from /home/airflow/venv/lib/python3.8/site-packages/airflow/example_dags/example_branch_operator.py
[2021-03-09 18:55:22,521] {scheduler_job.py:639} INFO - DAG(s) dict_keys(['example_branch_operator']) retrieved from /home/airflow/venv/lib/python3.8/site-packages/airflow/example_dags/example_branch_operator.py
[2021-03-09 18:55:22,523] {logging_mixin.py:103} INFO - [2021-03-09 18:55:22,523] {dag.py:1813} INFO - Sync 1 DAGs
[2021-03-09 18:55:22,584] {logging_mixin.py:103} INFO - [2021-03-09 18:55:22,584] {dag.py:2266} INFO - Setting next_dagrun for example_branch_operator to 2021-03-07 00:00:00+00:00
[2021-03-09 18:55:22,637] {scheduler_job.py:189} INFO - Processing /home/airflow/venv/lib/python3.8/site-packages/airflow/example_dags/example_branch_operator.py took 0.172 seconds
[2021-03-09 18:55:59,984] {scheduler_job.py:181} INFO - Started process (PID=9547) to work on /home/airflow/venv/lib/python3.8/site-packages/airflow/example_dags/example_branch_operator.py
[2021-03-09 18:55:59,986] {scheduler_job.py:629} INFO - Processing file /home/airflow/venv/lib/python3.8/site-packages/airflow/example_dags/example_branch_operator.py for tasks to queue
[2021-03-09 18:56:00,019] {logging_mixin.py:103} INFO - [2021-03-09 18:56:00,019] {dagbag.py:440} INFO - Filling up the DagBag from /home/airflow/venv/lib/python3.8/site-packages/airflow/example_dags/example_branch_operator.py
[2021-03-09 18:56:00,076] {scheduler_job.py:639} INFO - DAG(s) dict_keys(['example_branch_operator']) retrieved from /home/airflow/venv/lib/python3.8/site-packages/airflow/example_dags/example_branch_operator.py
[2021-03-09 18:56:00,077] {logging_mixin.py:103} INFO - [2021-03-09 18:56:00,077] {dag.py:1813} INFO - Sync 1 DAGs
[2021-03-09 18:56:00,181] {logging_mixin.py:103} INFO - [2021-03-09 18:56:00,181] {dag.py:2266} INFO - Setting next_dagrun for example_branch_operator to 2021-03-07 00:00:00+00:00
[2021-03-09 18:56:00,270] {scheduler_job.py:189} INFO - Processing /home/airflow/venv/lib/python3.8/site-packages/airflow/example_dags/example_branch_operator.py took 0.291 seconds
[2021-03-09 18:56:45,920] {scheduler_job.py:181} INFO - Started process (PID=9626) to work on /home/airflow/venv/lib/python3.8/site-packages/airflow/example_dags/example_branch_operator.py
[2021-03-09 18:56:45,921] {scheduler_job.py:629} INFO - Processing file /home/airflow/venv/lib/python3.8/site-packages/airflow/example_dags/example_branch_operator.py for tasks to queue
[2021-03-09 18:56:45,923] {logging_mixin.py:103} INFO - [2021-03-09 18:56:45,922] {dagbag.py:440} INFO - Filling up the DagBag from /home/airflow/venv/lib/python3.8/site-packages/airflow/example_dags/example_branch_operator.py
[2021-03-09 18:56:46,118] {scheduler_job.py:639} INFO - DAG(s) dict_keys(['example_branch_operator']) retrieved from /home/airflow/venv/lib/python3.8/site-packages/airflow/example_dags/example_branch_operator.py
[2021-03-09 18:56:46,120] {logging_mixin.py:103} INFO - [2021-03-09 18:56:46,120] {dag.py:1813} INFO - Sync 1 DAGs
[2021-03-09 18:56:46,324] {logging_mixin.py:103} INFO - [2021-03-09 18:56:46,324] {dag.py:2266} INFO - Setting next_dagrun for example_branch_operator to 2021-03-07 00:00:00+00:00
[2021-03-09 18:56:46,528] {scheduler_job.py:189} INFO - Processing /home/airflow/venv/lib/python3.8/site-packages/airflow/example_dags/example_branch_operator.py took 0.697 seconds
[2021-03-09 18:57:29,475] {scheduler_job.py:181} INFO - Started process (PID=9698) to work on /home/airflow/venv/lib/python3.8/site-packages/airflow/example_dags/example_branch_operator.py
[2021-03-09 18:57:29,477] {scheduler_job.py:629} INFO - Processing file /home/airflow/venv/lib/python3.8/site-packages/airflow/example_dags/example_branch_operator.py for tasks to queue
[2021-03-09 18:57:29,478] {logging_mixin.py:103} INFO - [2021-03-09 18:57:29,478] {dagbag.py:440} INFO - Filling up the DagBag from /home/airflow/venv/lib/python3.8/site-packages/airflow/example_dags/example_branch_operator.py
[2021-03-09 18:57:29,564] {scheduler_job.py:639} INFO - DAG(s) dict_keys(['example_branch_operator']) retrieved from /home/airflow/venv/lib/python3.8/site-packages/airflow/example_dags/example_branch_operator.py
[2021-03-09 18:57:29,566] {logging_mixin.py:103} INFO - [2021-03-09 18:57:29,566] {dag.py:1813} INFO - Sync 1 DAGs
[2021-03-09 18:57:29,680] {logging_mixin.py:103} INFO - [2021-03-09 18:57:29,680] {dag.py:2266} INFO - Setting next_dagrun for example_branch_operator to 2021-03-07 00:00:00+00:00
[2021-03-09 18:57:29,773] {scheduler_job.py:189} INFO - Processing /home/airflow/venv/lib/python3.8/site-packages/airflow/example_dags/example_branch_operator.py took 0.304 seconds
[2021-03-09 19:11:23,747] {scheduler_job.py:181} INFO - Started process (PID=10338) to work on /home/airflow/venv/lib/python3.8/site-packages/airflow/example_dags/example_branch_operator.py
[2021-03-09 19:11:23,748] {scheduler_job.py:629} INFO - Processing file /home/airflow/venv/lib/python3.8/site-packages/airflow/example_dags/example_branch_operator.py for tasks to queue
[2021-03-09 19:11:23,749] {logging_mixin.py:103} INFO - [2021-03-09 19:11:23,749] {dagbag.py:440} INFO - Filling up the DagBag from /home/airflow/venv/lib/python3.8/site-packages/airflow/example_dags/example_branch_operator.py
[2021-03-09 19:11:23,866] {scheduler_job.py:639} INFO - DAG(s) dict_keys(['example_branch_operator']) retrieved from /home/airflow/venv/lib/python3.8/site-packages/airflow/example_dags/example_branch_operator.py
[2021-03-09 19:11:23,872] {logging_mixin.py:103} INFO - [2021-03-09 19:11:23,872] {dag.py:1813} INFO - Sync 1 DAGs
[2021-03-09 19:11:24,076] {logging_mixin.py:103} INFO - [2021-03-09 19:11:24,076] {dag.py:2266} INFO - Setting next_dagrun for example_branch_operator to 2021-03-07 00:00:00+00:00
[2021-03-09 19:11:24,239] {scheduler_job.py:189} INFO - Processing /home/airflow/venv/lib/python3.8/site-packages/airflow/example_dags/example_branch_operator.py took 0.532 seconds
[2021-03-09 19:11:57,776] {scheduler_job.py:181} INFO - Started process (PID=10369) to work on /home/airflow/venv/lib/python3.8/site-packages/airflow/example_dags/example_branch_operator.py
[2021-03-09 19:11:57,777] {scheduler_job.py:629} INFO - Processing file /home/airflow/venv/lib/python3.8/site-packages/airflow/example_dags/example_branch_operator.py for tasks to queue
[2021-03-09 19:11:57,777] {logging_mixin.py:103} INFO - [2021-03-09 19:11:57,777] {dagbag.py:440} INFO - Filling up the DagBag from /home/airflow/venv/lib/python3.8/site-packages/airflow/example_dags/example_branch_operator.py
[2021-03-09 19:11:57,790] {scheduler_job.py:639} INFO - DAG(s) dict_keys(['example_branch_operator']) retrieved from /home/airflow/venv/lib/python3.8/site-packages/airflow/example_dags/example_branch_operator.py
[2021-03-09 19:11:57,791] {logging_mixin.py:103} INFO - [2021-03-09 19:11:57,791] {dag.py:1813} INFO - Sync 1 DAGs
[2021-03-09 19:11:57,816] {logging_mixin.py:103} INFO - [2021-03-09 19:11:57,816] {dag.py:2266} INFO - Setting next_dagrun for example_branch_operator to 2021-03-07 00:00:00+00:00
[2021-03-09 19:11:57,828] {scheduler_job.py:189} INFO - Processing /home/airflow/venv/lib/python3.8/site-packages/airflow/example_dags/example_branch_operator.py took 0.054 seconds
[2021-03-09 19:16:26,126] {scheduler_job.py:181} INFO - Started process (PID=1472) to work on /home/airflow/venv/lib/python3.8/site-packages/airflow/example_dags/example_branch_operator.py
[2021-03-09 19:16:26,128] {scheduler_job.py:629} INFO - Processing file /home/airflow/venv/lib/python3.8/site-packages/airflow/example_dags/example_branch_operator.py for tasks to queue
[2021-03-09 19:16:26,129] {logging_mixin.py:103} INFO - [2021-03-09 19:16:26,128] {dagbag.py:440} INFO - Filling up the DagBag from /home/airflow/venv/lib/python3.8/site-packages/airflow/example_dags/example_branch_operator.py
[2021-03-09 19:16:26,137] {scheduler_job.py:639} INFO - DAG(s) dict_keys(['example_branch_operator']) retrieved from /home/airflow/venv/lib/python3.8/site-packages/airflow/example_dags/example_branch_operator.py
[2021-03-09 19:16:26,138] {logging_mixin.py:103} INFO - [2021-03-09 19:16:26,138] {dag.py:1813} INFO - Sync 1 DAGs
[2021-03-09 19:16:26,156] {logging_mixin.py:103} INFO - [2021-03-09 19:16:26,156] {dag.py:2266} INFO - Setting next_dagrun for example_branch_operator to 2021-03-07 00:00:00+00:00
[2021-03-09 19:16:26,173] {scheduler_job.py:189} INFO - Processing /home/airflow/venv/lib/python3.8/site-packages/airflow/example_dags/example_branch_operator.py took 0.049 seconds
[2021-03-09 19:16:53,835] {scheduler_job.py:181} INFO - Started process (PID=1518) to work on /home/airflow/venv/lib/python3.8/site-packages/airflow/example_dags/example_branch_operator.py
[2021-03-09 19:16:53,836] {scheduler_job.py:629} INFO - Processing file /home/airflow/venv/lib/python3.8/site-packages/airflow/example_dags/example_branch_operator.py for tasks to queue
[2021-03-09 19:16:53,836] {logging_mixin.py:103} INFO - [2021-03-09 19:16:53,836] {dagbag.py:440} INFO - Filling up the DagBag from /home/airflow/venv/lib/python3.8/site-packages/airflow/example_dags/example_branch_operator.py
[2021-03-09 19:16:53,845] {scheduler_job.py:639} INFO - DAG(s) dict_keys(['example_branch_operator']) retrieved from /home/airflow/venv/lib/python3.8/site-packages/airflow/example_dags/example_branch_operator.py
[2021-03-09 19:16:53,845] {logging_mixin.py:103} INFO - [2021-03-09 19:16:53,845] {dag.py:1813} INFO - Sync 1 DAGs
[2021-03-09 19:16:53,862] {logging_mixin.py:103} INFO - [2021-03-09 19:16:53,862] {dag.py:2266} INFO - Setting next_dagrun for example_branch_operator to 2021-03-07 00:00:00+00:00
[2021-03-09 19:16:53,870] {scheduler_job.py:189} INFO - Processing /home/airflow/venv/lib/python3.8/site-packages/airflow/example_dags/example_branch_operator.py took 0.037 seconds
[2021-03-09 19:17:20,737] {scheduler_job.py:181} INFO - Started process (PID=1587) to work on /home/airflow/venv/lib/python3.8/site-packages/airflow/example_dags/example_branch_operator.py
[2021-03-09 19:17:20,737] {scheduler_job.py:629} INFO - Processing file /home/airflow/venv/lib/python3.8/site-packages/airflow/example_dags/example_branch_operator.py for tasks to queue
[2021-03-09 19:17:20,738] {logging_mixin.py:103} INFO - [2021-03-09 19:17:20,738] {dagbag.py:440} INFO - Filling up the DagBag from /home/airflow/venv/lib/python3.8/site-packages/airflow/example_dags/example_branch_operator.py
[2021-03-09 19:17:20,748] {scheduler_job.py:639} INFO - DAG(s) dict_keys(['example_branch_operator']) retrieved from /home/airflow/venv/lib/python3.8/site-packages/airflow/example_dags/example_branch_operator.py
[2021-03-09 19:17:20,749] {logging_mixin.py:103} INFO - [2021-03-09 19:17:20,749] {dag.py:1813} INFO - Sync 1 DAGs
[2021-03-09 19:17:20,769] {logging_mixin.py:103} INFO - [2021-03-09 19:17:20,768] {dag.py:2266} INFO - Setting next_dagrun for example_branch_operator to 2021-03-07 00:00:00+00:00
[2021-03-09 19:17:20,780] {scheduler_job.py:189} INFO - Processing /home/airflow/venv/lib/python3.8/site-packages/airflow/example_dags/example_branch_operator.py took 0.045 seconds
[2021-03-09 19:17:48,097] {scheduler_job.py:181} INFO - Started process (PID=1654) to work on /home/airflow/venv/lib/python3.8/site-packages/airflow/example_dags/example_branch_operator.py
[2021-03-09 19:17:48,098] {scheduler_job.py:629} INFO - Processing file /home/airflow/venv/lib/python3.8/site-packages/airflow/example_dags/example_branch_operator.py for tasks to queue
[2021-03-09 19:17:48,098] {logging_mixin.py:103} INFO - [2021-03-09 19:17:48,098] {dagbag.py:440} INFO - Filling up the DagBag from /home/airflow/venv/lib/python3.8/site-packages/airflow/example_dags/example_branch_operator.py
[2021-03-09 19:17:48,107] {scheduler_job.py:639} INFO - DAG(s) dict_keys(['example_branch_operator']) retrieved from /home/airflow/venv/lib/python3.8/site-packages/airflow/example_dags/example_branch_operator.py
[2021-03-09 19:17:48,108] {logging_mixin.py:103} INFO - [2021-03-09 19:17:48,108] {dag.py:1813} INFO - Sync 1 DAGs
[2021-03-09 19:17:48,127] {logging_mixin.py:103} INFO - [2021-03-09 19:17:48,127] {dag.py:2266} INFO - Setting next_dagrun for example_branch_operator to 2021-03-07 00:00:00+00:00
[2021-03-09 19:17:48,140] {scheduler_job.py:189} INFO - Processing /home/airflow/venv/lib/python3.8/site-packages/airflow/example_dags/example_branch_operator.py took 0.052 seconds
[2021-03-09 19:18:15,856] {scheduler_job.py:181} INFO - Started process (PID=1739) to work on /home/airflow/venv/lib/python3.8/site-packages/airflow/example_dags/example_branch_operator.py
[2021-03-09 19:18:15,865] {scheduler_job.py:629} INFO - Processing file /home/airflow/venv/lib/python3.8/site-packages/airflow/example_dags/example_branch_operator.py for tasks to queue
[2021-03-09 19:18:15,865] {logging_mixin.py:103} INFO - [2021-03-09 19:18:15,865] {dagbag.py:440} INFO - Filling up the DagBag from /home/airflow/venv/lib/python3.8/site-packages/airflow/example_dags/example_branch_operator.py
[2021-03-09 19:18:15,908] {scheduler_job.py:639} INFO - DAG(s) dict_keys(['example_branch_operator']) retrieved from /home/airflow/venv/lib/python3.8/site-packages/airflow/example_dags/example_branch_operator.py
[2021-03-09 19:18:15,913] {logging_mixin.py:103} INFO - [2021-03-09 19:18:15,913] {dag.py:1813} INFO - Sync 1 DAGs
[2021-03-09 19:18:15,956] {logging_mixin.py:103} INFO - [2021-03-09 19:18:15,955] {dag.py:2266} INFO - Setting next_dagrun for example_branch_operator to 2021-03-07 00:00:00+00:00
[2021-03-09 19:18:15,980] {scheduler_job.py:189} INFO - Processing /home/airflow/venv/lib/python3.8/site-packages/airflow/example_dags/example_branch_operator.py took 0.125 seconds
[2021-03-09 19:18:45,385] {scheduler_job.py:181} INFO - Started process (PID=1836) to work on /home/airflow/venv/lib/python3.8/site-packages/airflow/example_dags/example_branch_operator.py
[2021-03-09 19:18:45,386] {scheduler_job.py:629} INFO - Processing file /home/airflow/venv/lib/python3.8/site-packages/airflow/example_dags/example_branch_operator.py for tasks to queue
[2021-03-09 19:18:45,386] {logging_mixin.py:103} INFO - [2021-03-09 19:18:45,386] {dagbag.py:440} INFO - Filling up the DagBag from /home/airflow/venv/lib/python3.8/site-packages/airflow/example_dags/example_branch_operator.py
[2021-03-09 19:18:45,416] {scheduler_job.py:639} INFO - DAG(s) dict_keys(['example_branch_operator']) retrieved from /home/airflow/venv/lib/python3.8/site-packages/airflow/example_dags/example_branch_operator.py
[2021-03-09 19:18:45,423] {logging_mixin.py:103} INFO - [2021-03-09 19:18:45,422] {dag.py:1813} INFO - Sync 1 DAGs
[2021-03-09 19:18:45,504] {logging_mixin.py:103} INFO - [2021-03-09 19:18:45,504] {dag.py:2266} INFO - Setting next_dagrun for example_branch_operator to 2021-03-07 00:00:00+00:00
[2021-03-09 19:18:45,575] {scheduler_job.py:189} INFO - Processing /home/airflow/venv/lib/python3.8/site-packages/airflow/example_dags/example_branch_operator.py took 0.196 seconds
[2021-03-09 19:19:12,820] {scheduler_job.py:181} INFO - Started process (PID=1902) to work on /home/airflow/venv/lib/python3.8/site-packages/airflow/example_dags/example_branch_operator.py
[2021-03-09 19:19:12,821] {scheduler_job.py:629} INFO - Processing file /home/airflow/venv/lib/python3.8/site-packages/airflow/example_dags/example_branch_operator.py for tasks to queue
[2021-03-09 19:19:12,821] {logging_mixin.py:103} INFO - [2021-03-09 19:19:12,821] {dagbag.py:440} INFO - Filling up the DagBag from /home/airflow/venv/lib/python3.8/site-packages/airflow/example_dags/example_branch_operator.py
[2021-03-09 19:19:12,830] {scheduler_job.py:639} INFO - DAG(s) dict_keys(['example_branch_operator']) retrieved from /home/airflow/venv/lib/python3.8/site-packages/airflow/example_dags/example_branch_operator.py
[2021-03-09 19:19:12,831] {logging_mixin.py:103} INFO - [2021-03-09 19:19:12,831] {dag.py:1813} INFO - Sync 1 DAGs
[2021-03-09 19:19:12,849] {logging_mixin.py:103} INFO - [2021-03-09 19:19:12,849] {dag.py:2266} INFO - Setting next_dagrun for example_branch_operator to 2021-03-07 00:00:00+00:00
[2021-03-09 19:19:12,858] {scheduler_job.py:189} INFO - Processing /home/airflow/venv/lib/python3.8/site-packages/airflow/example_dags/example_branch_operator.py took 0.040 seconds
[2021-03-09 19:19:40,820] {scheduler_job.py:181} INFO - Started process (PID=1972) to work on /home/airflow/venv/lib/python3.8/site-packages/airflow/example_dags/example_branch_operator.py
[2021-03-09 19:19:40,821] {scheduler_job.py:629} INFO - Processing file /home/airflow/venv/lib/python3.8/site-packages/airflow/example_dags/example_branch_operator.py for tasks to queue
[2021-03-09 19:19:40,821] {logging_mixin.py:103} INFO - [2021-03-09 19:19:40,821] {dagbag.py:440} INFO - Filling up the DagBag from /home/airflow/venv/lib/python3.8/site-packages/airflow/example_dags/example_branch_operator.py
[2021-03-09 19:19:40,833] {scheduler_job.py:639} INFO - DAG(s) dict_keys(['example_branch_operator']) retrieved from /home/airflow/venv/lib/python3.8/site-packages/airflow/example_dags/example_branch_operator.py
[2021-03-09 19:19:40,834] {logging_mixin.py:103} INFO - [2021-03-09 19:19:40,834] {dag.py:1813} INFO - Sync 1 DAGs
[2021-03-09 19:19:40,858] {logging_mixin.py:103} INFO - [2021-03-09 19:19:40,858] {dag.py:2266} INFO - Setting next_dagrun for example_branch_operator to 2021-03-07 00:00:00+00:00
[2021-03-09 19:19:40,869] {scheduler_job.py:189} INFO - Processing /home/airflow/venv/lib/python3.8/site-packages/airflow/example_dags/example_branch_operator.py took 0.051 seconds
[2021-03-09 19:20:07,918] {scheduler_job.py:181} INFO - Started process (PID=2041) to work on /home/airflow/venv/lib/python3.8/site-packages/airflow/example_dags/example_branch_operator.py
[2021-03-09 19:20:07,919] {scheduler_job.py:629} INFO - Processing file /home/airflow/venv/lib/python3.8/site-packages/airflow/example_dags/example_branch_operator.py for tasks to queue
[2021-03-09 19:20:07,919] {logging_mixin.py:103} INFO - [2021-03-09 19:20:07,919] {dagbag.py:440} INFO - Filling up the DagBag from /home/airflow/venv/lib/python3.8/site-packages/airflow/example_dags/example_branch_operator.py
[2021-03-09 19:20:07,928] {scheduler_job.py:639} INFO - DAG(s) dict_keys(['example_branch_operator']) retrieved from /home/airflow/venv/lib/python3.8/site-packages/airflow/example_dags/example_branch_operator.py
[2021-03-09 19:20:07,929] {logging_mixin.py:103} INFO - [2021-03-09 19:20:07,929] {dag.py:1813} INFO - Sync 1 DAGs
[2021-03-09 19:20:07,947] {logging_mixin.py:103} INFO - [2021-03-09 19:20:07,947] {dag.py:2266} INFO - Setting next_dagrun for example_branch_operator to 2021-03-07 00:00:00+00:00
[2021-03-09 19:20:07,959] {scheduler_job.py:189} INFO - Processing /home/airflow/venv/lib/python3.8/site-packages/airflow/example_dags/example_branch_operator.py took 0.043 seconds
[2021-03-09 19:20:34,773] {scheduler_job.py:181} INFO - Started process (PID=2111) to work on /home/airflow/venv/lib/python3.8/site-packages/airflow/example_dags/example_branch_operator.py
[2021-03-09 19:20:34,774] {scheduler_job.py:629} INFO - Processing file /home/airflow/venv/lib/python3.8/site-packages/airflow/example_dags/example_branch_operator.py for tasks to queue
[2021-03-09 19:20:34,774] {logging_mixin.py:103} INFO - [2021-03-09 19:20:34,774] {dagbag.py:440} INFO - Filling up the DagBag from /home/airflow/venv/lib/python3.8/site-packages/airflow/example_dags/example_branch_operator.py
[2021-03-09 19:20:34,790] {scheduler_job.py:639} INFO - DAG(s) dict_keys(['example_branch_operator']) retrieved from /home/airflow/venv/lib/python3.8/site-packages/airflow/example_dags/example_branch_operator.py
[2021-03-09 19:20:34,790] {logging_mixin.py:103} INFO - [2021-03-09 19:20:34,790] {dag.py:1813} INFO - Sync 1 DAGs
[2021-03-09 19:20:34,817] {logging_mixin.py:103} INFO - [2021-03-09 19:20:34,817] {dag.py:2266} INFO - Setting next_dagrun for example_branch_operator to 2021-03-07 00:00:00+00:00
[2021-03-09 19:20:34,837] {scheduler_job.py:189} INFO - Processing /home/airflow/venv/lib/python3.8/site-packages/airflow/example_dags/example_branch_operator.py took 0.067 seconds
[2021-03-09 19:21:02,297] {scheduler_job.py:181} INFO - Started process (PID=2189) to work on /home/airflow/venv/lib/python3.8/site-packages/airflow/example_dags/example_branch_operator.py
[2021-03-09 19:21:02,298] {scheduler_job.py:629} INFO - Processing file /home/airflow/venv/lib/python3.8/site-packages/airflow/example_dags/example_branch_operator.py for tasks to queue
[2021-03-09 19:21:02,298] {logging_mixin.py:103} INFO - [2021-03-09 19:21:02,298] {dagbag.py:440} INFO - Filling up the DagBag from /home/airflow/venv/lib/python3.8/site-packages/airflow/example_dags/example_branch_operator.py
[2021-03-09 19:21:02,312] {scheduler_job.py:639} INFO - DAG(s) dict_keys(['example_branch_operator']) retrieved from /home/airflow/venv/lib/python3.8/site-packages/airflow/example_dags/example_branch_operator.py
[2021-03-09 19:21:02,312] {logging_mixin.py:103} INFO - [2021-03-09 19:21:02,312] {dag.py:1813} INFO - Sync 1 DAGs
[2021-03-09 19:21:02,330] {logging_mixin.py:103} INFO - [2021-03-09 19:21:02,330] {dag.py:2266} INFO - Setting next_dagrun for example_branch_operator to 2021-03-07 00:00:00+00:00
[2021-03-09 19:21:02,342] {scheduler_job.py:189} INFO - Processing /home/airflow/venv/lib/python3.8/site-packages/airflow/example_dags/example_branch_operator.py took 0.050 seconds
[2021-03-09 19:21:27,595] {scheduler_job.py:181} INFO - Started process (PID=2254) to work on /home/airflow/venv/lib/python3.8/site-packages/airflow/example_dags/example_branch_operator.py
[2021-03-09 19:21:27,596] {scheduler_job.py:629} INFO - Processing file /home/airflow/venv/lib/python3.8/site-packages/airflow/example_dags/example_branch_operator.py for tasks to queue
[2021-03-09 19:21:27,601] {logging_mixin.py:103} INFO - [2021-03-09 19:21:27,601] {dagbag.py:440} INFO - Filling up the DagBag from /home/airflow/venv/lib/python3.8/site-packages/airflow/example_dags/example_branch_operator.py
[2021-03-09 19:21:27,612] {scheduler_job.py:639} INFO - DAG(s) dict_keys(['example_branch_operator']) retrieved from /home/airflow/venv/lib/python3.8/site-packages/airflow/example_dags/example_branch_operator.py
[2021-03-09 19:21:27,613] {logging_mixin.py:103} INFO - [2021-03-09 19:21:27,613] {dag.py:1813} INFO - Sync 1 DAGs
[2021-03-09 19:21:27,631] {logging_mixin.py:103} INFO - [2021-03-09 19:21:27,631] {dag.py:2266} INFO - Setting next_dagrun for example_branch_operator to 2021-03-07 00:00:00+00:00
[2021-03-09 19:21:27,643] {scheduler_job.py:189} INFO - Processing /home/airflow/venv/lib/python3.8/site-packages/airflow/example_dags/example_branch_operator.py took 0.050 seconds
[2021-03-09 19:21:52,853] {scheduler_job.py:181} INFO - Started process (PID=2324) to work on /home/airflow/venv/lib/python3.8/site-packages/airflow/example_dags/example_branch_operator.py
[2021-03-09 19:21:52,854] {scheduler_job.py:629} INFO - Processing file /home/airflow/venv/lib/python3.8/site-packages/airflow/example_dags/example_branch_operator.py for tasks to queue
[2021-03-09 19:21:52,854] {logging_mixin.py:103} INFO - [2021-03-09 19:21:52,854] {dagbag.py:440} INFO - Filling up the DagBag from /home/airflow/venv/lib/python3.8/site-packages/airflow/example_dags/example_branch_operator.py
[2021-03-09 19:21:52,868] {scheduler_job.py:639} INFO - DAG(s) dict_keys(['example_branch_operator']) retrieved from /home/airflow/venv/lib/python3.8/site-packages/airflow/example_dags/example_branch_operator.py
[2021-03-09 19:21:52,868] {logging_mixin.py:103} INFO - [2021-03-09 19:21:52,868] {dag.py:1813} INFO - Sync 1 DAGs
[2021-03-09 19:21:52,886] {logging_mixin.py:103} INFO - [2021-03-09 19:21:52,886] {dag.py:2266} INFO - Setting next_dagrun for example_branch_operator to 2021-03-07 00:00:00+00:00
[2021-03-09 19:21:52,896] {scheduler_job.py:189} INFO - Processing /home/airflow/venv/lib/python3.8/site-packages/airflow/example_dags/example_branch_operator.py took 0.045 seconds
[2021-03-09 19:22:19,189] {scheduler_job.py:181} INFO - Started process (PID=2393) to work on /home/airflow/venv/lib/python3.8/site-packages/airflow/example_dags/example_branch_operator.py
[2021-03-09 19:22:19,194] {scheduler_job.py:629} INFO - Processing file /home/airflow/venv/lib/python3.8/site-packages/airflow/example_dags/example_branch_operator.py for tasks to queue
[2021-03-09 19:22:19,195] {logging_mixin.py:103} INFO - [2021-03-09 19:22:19,195] {dagbag.py:440} INFO - Filling up the DagBag from /home/airflow/venv/lib/python3.8/site-packages/airflow/example_dags/example_branch_operator.py
[2021-03-09 19:22:19,235] {scheduler_job.py:639} INFO - DAG(s) dict_keys(['example_branch_operator']) retrieved from /home/airflow/venv/lib/python3.8/site-packages/airflow/example_dags/example_branch_operator.py
[2021-03-09 19:22:19,245] {logging_mixin.py:103} INFO - [2021-03-09 19:22:19,235] {dag.py:1813} INFO - Sync 1 DAGs
[2021-03-09 19:22:19,287] {logging_mixin.py:103} INFO - [2021-03-09 19:22:19,287] {dag.py:2266} INFO - Setting next_dagrun for example_branch_operator to 2021-03-07 00:00:00+00:00
[2021-03-09 19:22:19,362] {scheduler_job.py:189} INFO - Processing /home/airflow/venv/lib/python3.8/site-packages/airflow/example_dags/example_branch_operator.py took 0.189 seconds
[2021-03-09 19:22:44,417] {scheduler_job.py:181} INFO - Started process (PID=2465) to work on /home/airflow/venv/lib/python3.8/site-packages/airflow/example_dags/example_branch_operator.py
[2021-03-09 19:22:44,417] {scheduler_job.py:629} INFO - Processing file /home/airflow/venv/lib/python3.8/site-packages/airflow/example_dags/example_branch_operator.py for tasks to queue
[2021-03-09 19:22:44,418] {logging_mixin.py:103} INFO - [2021-03-09 19:22:44,417] {dagbag.py:440} INFO - Filling up the DagBag from /home/airflow/venv/lib/python3.8/site-packages/airflow/example_dags/example_branch_operator.py
[2021-03-09 19:22:44,433] {scheduler_job.py:639} INFO - DAG(s) dict_keys(['example_branch_operator']) retrieved from /home/airflow/venv/lib/python3.8/site-packages/airflow/example_dags/example_branch_operator.py
[2021-03-09 19:22:44,433] {logging_mixin.py:103} INFO - [2021-03-09 19:22:44,433] {dag.py:1813} INFO - Sync 1 DAGs
[2021-03-09 19:22:44,452] {logging_mixin.py:103} INFO - [2021-03-09 19:22:44,452] {dag.py:2266} INFO - Setting next_dagrun for example_branch_operator to 2021-03-07 00:00:00+00:00
[2021-03-09 19:22:44,465] {scheduler_job.py:189} INFO - Processing /home/airflow/venv/lib/python3.8/site-packages/airflow/example_dags/example_branch_operator.py took 0.050 seconds
[2021-03-09 19:23:11,767] {scheduler_job.py:181} INFO - Started process (PID=2532) to work on /home/airflow/venv/lib/python3.8/site-packages/airflow/example_dags/example_branch_operator.py
[2021-03-09 19:23:11,768] {scheduler_job.py:629} INFO - Processing file /home/airflow/venv/lib/python3.8/site-packages/airflow/example_dags/example_branch_operator.py for tasks to queue
[2021-03-09 19:23:11,773] {logging_mixin.py:103} INFO - [2021-03-09 19:23:11,773] {dagbag.py:440} INFO - Filling up the DagBag from /home/airflow/venv/lib/python3.8/site-packages/airflow/example_dags/example_branch_operator.py
[2021-03-09 19:23:11,783] {scheduler_job.py:639} INFO - DAG(s) dict_keys(['example_branch_operator']) retrieved from /home/airflow/venv/lib/python3.8/site-packages/airflow/example_dags/example_branch_operator.py
[2021-03-09 19:23:11,784] {logging_mixin.py:103} INFO - [2021-03-09 19:23:11,783] {dag.py:1813} INFO - Sync 1 DAGs
[2021-03-09 19:23:11,803] {logging_mixin.py:103} INFO - [2021-03-09 19:23:11,802] {dag.py:2266} INFO - Setting next_dagrun for example_branch_operator to 2021-03-07 00:00:00+00:00
[2021-03-09 19:23:11,822] {scheduler_job.py:189} INFO - Processing /home/airflow/venv/lib/python3.8/site-packages/airflow/example_dags/example_branch_operator.py took 0.057 seconds
[2021-03-09 19:23:37,705] {scheduler_job.py:181} INFO - Started process (PID=2599) to work on /home/airflow/venv/lib/python3.8/site-packages/airflow/example_dags/example_branch_operator.py
[2021-03-09 19:23:37,706] {scheduler_job.py:629} INFO - Processing file /home/airflow/venv/lib/python3.8/site-packages/airflow/example_dags/example_branch_operator.py for tasks to queue
[2021-03-09 19:23:37,706] {logging_mixin.py:103} INFO - [2021-03-09 19:23:37,706] {dagbag.py:440} INFO - Filling up the DagBag from /home/airflow/venv/lib/python3.8/site-packages/airflow/example_dags/example_branch_operator.py
[2021-03-09 19:23:37,725] {scheduler_job.py:639} INFO - DAG(s) dict_keys(['example_branch_operator']) retrieved from /home/airflow/venv/lib/python3.8/site-packages/airflow/example_dags/example_branch_operator.py
[2021-03-09 19:23:37,725] {logging_mixin.py:103} INFO - [2021-03-09 19:23:37,725] {dag.py:1813} INFO - Sync 1 DAGs
[2021-03-09 19:23:37,741] {logging_mixin.py:103} INFO - [2021-03-09 19:23:37,741] {dag.py:2266} INFO - Setting next_dagrun for example_branch_operator to 2021-03-07 00:00:00+00:00
[2021-03-09 19:23:37,753] {scheduler_job.py:189} INFO - Processing /home/airflow/venv/lib/python3.8/site-packages/airflow/example_dags/example_branch_operator.py took 0.054 seconds
[2021-03-09 19:24:03,395] {scheduler_job.py:181} INFO - Started process (PID=2666) to work on /home/airflow/venv/lib/python3.8/site-packages/airflow/example_dags/example_branch_operator.py
[2021-03-09 19:24:03,395] {scheduler_job.py:629} INFO - Processing file /home/airflow/venv/lib/python3.8/site-packages/airflow/example_dags/example_branch_operator.py for tasks to queue
[2021-03-09 19:24:03,396] {logging_mixin.py:103} INFO - [2021-03-09 19:24:03,396] {dagbag.py:440} INFO - Filling up the DagBag from /home/airflow/venv/lib/python3.8/site-packages/airflow/example_dags/example_branch_operator.py
[2021-03-09 19:24:03,408] {scheduler_job.py:639} INFO - DAG(s) dict_keys(['example_branch_operator']) retrieved from /home/airflow/venv/lib/python3.8/site-packages/airflow/example_dags/example_branch_operator.py
[2021-03-09 19:24:03,408] {logging_mixin.py:103} INFO - [2021-03-09 19:24:03,408] {dag.py:1813} INFO - Sync 1 DAGs
[2021-03-09 19:24:03,425] {logging_mixin.py:103} INFO - [2021-03-09 19:24:03,425] {dag.py:2266} INFO - Setting next_dagrun for example_branch_operator to 2021-03-07 00:00:00+00:00
[2021-03-09 19:24:03,437] {scheduler_job.py:189} INFO - Processing /home/airflow/venv/lib/python3.8/site-packages/airflow/example_dags/example_branch_operator.py took 0.047 seconds
[2021-03-09 19:24:28,682] {scheduler_job.py:181} INFO - Started process (PID=2731) to work on /home/airflow/venv/lib/python3.8/site-packages/airflow/example_dags/example_branch_operator.py
[2021-03-09 19:24:28,683] {scheduler_job.py:629} INFO - Processing file /home/airflow/venv/lib/python3.8/site-packages/airflow/example_dags/example_branch_operator.py for tasks to queue
[2021-03-09 19:24:28,683] {logging_mixin.py:103} INFO - [2021-03-09 19:24:28,683] {dagbag.py:440} INFO - Filling up the DagBag from /home/airflow/venv/lib/python3.8/site-packages/airflow/example_dags/example_branch_operator.py
[2021-03-09 19:24:28,701] {scheduler_job.py:639} INFO - DAG(s) dict_keys(['example_branch_operator']) retrieved from /home/airflow/venv/lib/python3.8/site-packages/airflow/example_dags/example_branch_operator.py
[2021-03-09 19:24:28,702] {logging_mixin.py:103} INFO - [2021-03-09 19:24:28,702] {dag.py:1813} INFO - Sync 1 DAGs
[2021-03-09 19:24:28,720] {logging_mixin.py:103} INFO - [2021-03-09 19:24:28,720] {dag.py:2266} INFO - Setting next_dagrun for example_branch_operator to 2021-03-07 00:00:00+00:00
[2021-03-09 19:24:28,730] {scheduler_job.py:189} INFO - Processing /home/airflow/venv/lib/python3.8/site-packages/airflow/example_dags/example_branch_operator.py took 0.053 seconds
[2021-03-09 19:24:54,841] {scheduler_job.py:181} INFO - Started process (PID=2798) to work on /home/airflow/venv/lib/python3.8/site-packages/airflow/example_dags/example_branch_operator.py
[2021-03-09 19:24:54,842] {scheduler_job.py:629} INFO - Processing file /home/airflow/venv/lib/python3.8/site-packages/airflow/example_dags/example_branch_operator.py for tasks to queue
[2021-03-09 19:24:54,842] {logging_mixin.py:103} INFO - [2021-03-09 19:24:54,842] {dagbag.py:440} INFO - Filling up the DagBag from /home/airflow/venv/lib/python3.8/site-packages/airflow/example_dags/example_branch_operator.py
[2021-03-09 19:24:54,854] {scheduler_job.py:639} INFO - DAG(s) dict_keys(['example_branch_operator']) retrieved from /home/airflow/venv/lib/python3.8/site-packages/airflow/example_dags/example_branch_operator.py
[2021-03-09 19:24:54,854] {logging_mixin.py:103} INFO - [2021-03-09 19:24:54,854] {dag.py:1813} INFO - Sync 1 DAGs
[2021-03-09 19:24:54,885] {logging_mixin.py:103} INFO - [2021-03-09 19:24:54,885] {dag.py:2266} INFO - Setting next_dagrun for example_branch_operator to 2021-03-07 00:00:00+00:00
[2021-03-09 19:24:54,901] {scheduler_job.py:189} INFO - Processing /home/airflow/venv/lib/python3.8/site-packages/airflow/example_dags/example_branch_operator.py took 0.066 seconds
[2021-03-09 19:25:22,001] {scheduler_job.py:181} INFO - Started process (PID=2865) to work on /home/airflow/venv/lib/python3.8/site-packages/airflow/example_dags/example_branch_operator.py
[2021-03-09 19:25:22,002] {scheduler_job.py:629} INFO - Processing file /home/airflow/venv/lib/python3.8/site-packages/airflow/example_dags/example_branch_operator.py for tasks to queue
[2021-03-09 19:25:22,002] {logging_mixin.py:103} INFO - [2021-03-09 19:25:22,002] {dagbag.py:440} INFO - Filling up the DagBag from /home/airflow/venv/lib/python3.8/site-packages/airflow/example_dags/example_branch_operator.py
[2021-03-09 19:25:22,029] {scheduler_job.py:639} INFO - DAG(s) dict_keys(['example_branch_operator']) retrieved from /home/airflow/venv/lib/python3.8/site-packages/airflow/example_dags/example_branch_operator.py
[2021-03-09 19:25:22,030] {logging_mixin.py:103} INFO - [2021-03-09 19:25:22,030] {dag.py:1813} INFO - Sync 1 DAGs
[2021-03-09 19:25:22,067] {logging_mixin.py:103} INFO - [2021-03-09 19:25:22,067] {dag.py:2266} INFO - Setting next_dagrun for example_branch_operator to 2021-03-07 00:00:00+00:00
[2021-03-09 19:25:22,087] {scheduler_job.py:189} INFO - Processing /home/airflow/venv/lib/python3.8/site-packages/airflow/example_dags/example_branch_operator.py took 0.096 seconds
[2021-03-09 19:25:48,570] {scheduler_job.py:181} INFO - Started process (PID=2935) to work on /home/airflow/venv/lib/python3.8/site-packages/airflow/example_dags/example_branch_operator.py
[2021-03-09 19:25:48,570] {scheduler_job.py:629} INFO - Processing file /home/airflow/venv/lib/python3.8/site-packages/airflow/example_dags/example_branch_operator.py for tasks to queue
[2021-03-09 19:25:48,571] {logging_mixin.py:103} INFO - [2021-03-09 19:25:48,570] {dagbag.py:440} INFO - Filling up the DagBag from /home/airflow/venv/lib/python3.8/site-packages/airflow/example_dags/example_branch_operator.py
[2021-03-09 19:25:48,584] {scheduler_job.py:639} INFO - DAG(s) dict_keys(['example_branch_operator']) retrieved from /home/airflow/venv/lib/python3.8/site-packages/airflow/example_dags/example_branch_operator.py
[2021-03-09 19:25:48,585] {logging_mixin.py:103} INFO - [2021-03-09 19:25:48,585] {dag.py:1813} INFO - Sync 1 DAGs
[2021-03-09 19:25:48,605] {logging_mixin.py:103} INFO - [2021-03-09 19:25:48,605] {dag.py:2266} INFO - Setting next_dagrun for example_branch_operator to 2021-03-07 00:00:00+00:00
[2021-03-09 19:25:48,622] {scheduler_job.py:189} INFO - Processing /home/airflow/venv/lib/python3.8/site-packages/airflow/example_dags/example_branch_operator.py took 0.058 seconds
[2021-03-09 19:26:13,837] {scheduler_job.py:181} INFO - Started process (PID=3002) to work on /home/airflow/venv/lib/python3.8/site-packages/airflow/example_dags/example_branch_operator.py
[2021-03-09 19:26:13,838] {scheduler_job.py:629} INFO - Processing file /home/airflow/venv/lib/python3.8/site-packages/airflow/example_dags/example_branch_operator.py for tasks to queue
[2021-03-09 19:26:13,839] {logging_mixin.py:103} INFO - [2021-03-09 19:26:13,839] {dagbag.py:440} INFO - Filling up the DagBag from /home/airflow/venv/lib/python3.8/site-packages/airflow/example_dags/example_branch_operator.py
[2021-03-09 19:26:13,851] {scheduler_job.py:639} INFO - DAG(s) dict_keys(['example_branch_operator']) retrieved from /home/airflow/venv/lib/python3.8/site-packages/airflow/example_dags/example_branch_operator.py
[2021-03-09 19:26:13,852] {logging_mixin.py:103} INFO - [2021-03-09 19:26:13,852] {dag.py:1813} INFO - Sync 1 DAGs
[2021-03-09 19:26:13,877] {logging_mixin.py:103} INFO - [2021-03-09 19:26:13,876] {dag.py:2266} INFO - Setting next_dagrun for example_branch_operator to 2021-03-07 00:00:00+00:00
[2021-03-09 19:26:13,889] {scheduler_job.py:189} INFO - Processing /home/airflow/venv/lib/python3.8/site-packages/airflow/example_dags/example_branch_operator.py took 0.058 seconds
[2021-03-09 19:26:38,268] {scheduler_job.py:181} INFO - Started process (PID=3066) to work on /home/airflow/venv/lib/python3.8/site-packages/airflow/example_dags/example_branch_operator.py
[2021-03-09 19:26:38,269] {scheduler_job.py:629} INFO - Processing file /home/airflow/venv/lib/python3.8/site-packages/airflow/example_dags/example_branch_operator.py for tasks to queue
[2021-03-09 19:26:38,269] {logging_mixin.py:103} INFO - [2021-03-09 19:26:38,269] {dagbag.py:440} INFO - Filling up the DagBag from /home/airflow/venv/lib/python3.8/site-packages/airflow/example_dags/example_branch_operator.py
[2021-03-09 19:26:38,284] {scheduler_job.py:639} INFO - DAG(s) dict_keys(['example_branch_operator']) retrieved from /home/airflow/venv/lib/python3.8/site-packages/airflow/example_dags/example_branch_operator.py
[2021-03-09 19:26:38,284] {logging_mixin.py:103} INFO - [2021-03-09 19:26:38,284] {dag.py:1813} INFO - Sync 1 DAGs
[2021-03-09 19:26:38,301] {logging_mixin.py:103} INFO - [2021-03-09 19:26:38,300] {dag.py:2266} INFO - Setting next_dagrun for example_branch_operator to 2021-03-07 00:00:00+00:00
[2021-03-09 19:26:38,311] {scheduler_job.py:189} INFO - Processing /home/airflow/venv/lib/python3.8/site-packages/airflow/example_dags/example_branch_operator.py took 0.048 seconds
[2021-03-09 19:27:04,345] {scheduler_job.py:181} INFO - Started process (PID=3130) to work on /home/airflow/venv/lib/python3.8/site-packages/airflow/example_dags/example_branch_operator.py
[2021-03-09 19:27:04,346] {scheduler_job.py:629} INFO - Processing file /home/airflow/venv/lib/python3.8/site-packages/airflow/example_dags/example_branch_operator.py for tasks to queue
[2021-03-09 19:27:04,346] {logging_mixin.py:103} INFO - [2021-03-09 19:27:04,346] {dagbag.py:440} INFO - Filling up the DagBag from /home/airflow/venv/lib/python3.8/site-packages/airflow/example_dags/example_branch_operator.py
[2021-03-09 19:27:04,376] {scheduler_job.py:639} INFO - DAG(s) dict_keys(['example_branch_operator']) retrieved from /home/airflow/venv/lib/python3.8/site-packages/airflow/example_dags/example_branch_operator.py
[2021-03-09 19:27:04,377] {logging_mixin.py:103} INFO - [2021-03-09 19:27:04,377] {dag.py:1813} INFO - Sync 1 DAGs
[2021-03-09 19:27:04,394] {logging_mixin.py:103} INFO - [2021-03-09 19:27:04,394] {dag.py:2266} INFO - Setting next_dagrun for example_branch_operator to 2021-03-07 00:00:00+00:00
[2021-03-09 19:27:04,408] {scheduler_job.py:189} INFO - Processing /home/airflow/venv/lib/python3.8/site-packages/airflow/example_dags/example_branch_operator.py took 0.069 seconds
[2021-03-09 19:27:31,588] {scheduler_job.py:181} INFO - Started process (PID=3201) to work on /home/airflow/venv/lib/python3.8/site-packages/airflow/example_dags/example_branch_operator.py
[2021-03-09 19:27:31,588] {scheduler_job.py:629} INFO - Processing file /home/airflow/venv/lib/python3.8/site-packages/airflow/example_dags/example_branch_operator.py for tasks to queue
[2021-03-09 19:27:31,588] {logging_mixin.py:103} INFO - [2021-03-09 19:27:31,588] {dagbag.py:440} INFO - Filling up the DagBag from /home/airflow/venv/lib/python3.8/site-packages/airflow/example_dags/example_branch_operator.py
[2021-03-09 19:27:31,599] {scheduler_job.py:639} INFO - DAG(s) dict_keys(['example_branch_operator']) retrieved from /home/airflow/venv/lib/python3.8/site-packages/airflow/example_dags/example_branch_operator.py
[2021-03-09 19:27:31,599] {logging_mixin.py:103} INFO - [2021-03-09 19:27:31,599] {dag.py:1813} INFO - Sync 1 DAGs
[2021-03-09 19:27:31,621] {logging_mixin.py:103} INFO - [2021-03-09 19:27:31,621] {dag.py:2266} INFO - Setting next_dagrun for example_branch_operator to 2021-03-07 00:00:00+00:00
[2021-03-09 19:27:31,632] {scheduler_job.py:189} INFO - Processing /home/airflow/venv/lib/python3.8/site-packages/airflow/example_dags/example_branch_operator.py took 0.046 seconds
[2021-03-09 19:27:56,821] {scheduler_job.py:181} INFO - Started process (PID=3265) to work on /home/airflow/venv/lib/python3.8/site-packages/airflow/example_dags/example_branch_operator.py
[2021-03-09 19:27:56,828] {scheduler_job.py:629} INFO - Processing file /home/airflow/venv/lib/python3.8/site-packages/airflow/example_dags/example_branch_operator.py for tasks to queue
[2021-03-09 19:27:56,829] {logging_mixin.py:103} INFO - [2021-03-09 19:27:56,829] {dagbag.py:440} INFO - Filling up the DagBag from /home/airflow/venv/lib/python3.8/site-packages/airflow/example_dags/example_branch_operator.py
[2021-03-09 19:27:56,842] {scheduler_job.py:639} INFO - DAG(s) dict_keys(['example_branch_operator']) retrieved from /home/airflow/venv/lib/python3.8/site-packages/airflow/example_dags/example_branch_operator.py
[2021-03-09 19:27:56,844] {logging_mixin.py:103} INFO - [2021-03-09 19:27:56,844] {dag.py:1813} INFO - Sync 1 DAGs
[2021-03-09 19:27:56,875] {logging_mixin.py:103} INFO - [2021-03-09 19:27:56,874] {dag.py:2266} INFO - Setting next_dagrun for example_branch_operator to 2021-03-07 00:00:00+00:00
[2021-03-09 19:27:56,890] {scheduler_job.py:189} INFO - Processing /home/airflow/venv/lib/python3.8/site-packages/airflow/example_dags/example_branch_operator.py took 0.075 seconds
[2021-03-09 19:28:22,514] {scheduler_job.py:181} INFO - Started process (PID=3331) to work on /home/airflow/venv/lib/python3.8/site-packages/airflow/example_dags/example_branch_operator.py
[2021-03-09 19:28:22,515] {scheduler_job.py:629} INFO - Processing file /home/airflow/venv/lib/python3.8/site-packages/airflow/example_dags/example_branch_operator.py for tasks to queue
[2021-03-09 19:28:22,515] {logging_mixin.py:103} INFO - [2021-03-09 19:28:22,515] {dagbag.py:440} INFO - Filling up the DagBag from /home/airflow/venv/lib/python3.8/site-packages/airflow/example_dags/example_branch_operator.py
[2021-03-09 19:28:22,526] {scheduler_job.py:639} INFO - DAG(s) dict_keys(['example_branch_operator']) retrieved from /home/airflow/venv/lib/python3.8/site-packages/airflow/example_dags/example_branch_operator.py
[2021-03-09 19:28:22,527] {logging_mixin.py:103} INFO - [2021-03-09 19:28:22,527] {dag.py:1813} INFO - Sync 1 DAGs
[2021-03-09 19:28:22,547] {logging_mixin.py:103} INFO - [2021-03-09 19:28:22,547] {dag.py:2266} INFO - Setting next_dagrun for example_branch_operator to 2021-03-07 00:00:00+00:00
[2021-03-09 19:28:22,560] {scheduler_job.py:189} INFO - Processing /home/airflow/venv/lib/python3.8/site-packages/airflow/example_dags/example_branch_operator.py took 0.052 seconds
[2021-03-09 19:28:48,381] {scheduler_job.py:181} INFO - Started process (PID=3398) to work on /home/airflow/venv/lib/python3.8/site-packages/airflow/example_dags/example_branch_operator.py
[2021-03-09 19:28:48,382] {scheduler_job.py:629} INFO - Processing file /home/airflow/venv/lib/python3.8/site-packages/airflow/example_dags/example_branch_operator.py for tasks to queue
[2021-03-09 19:28:48,382] {logging_mixin.py:103} INFO - [2021-03-09 19:28:48,382] {dagbag.py:440} INFO - Filling up the DagBag from /home/airflow/venv/lib/python3.8/site-packages/airflow/example_dags/example_branch_operator.py
[2021-03-09 19:28:48,401] {scheduler_job.py:639} INFO - DAG(s) dict_keys(['example_branch_operator']) retrieved from /home/airflow/venv/lib/python3.8/site-packages/airflow/example_dags/example_branch_operator.py
[2021-03-09 19:28:48,402] {logging_mixin.py:103} INFO - [2021-03-09 19:28:48,402] {dag.py:1813} INFO - Sync 1 DAGs
[2021-03-09 19:28:48,422] {logging_mixin.py:103} INFO - [2021-03-09 19:28:48,422] {dag.py:2266} INFO - Setting next_dagrun for example_branch_operator to 2021-03-07 00:00:00+00:00
[2021-03-09 19:28:48,434] {scheduler_job.py:189} INFO - Processing /home/airflow/venv/lib/python3.8/site-packages/airflow/example_dags/example_branch_operator.py took 0.054 seconds
[2021-03-09 19:29:13,664] {scheduler_job.py:181} INFO - Started process (PID=3486) to work on /home/airflow/venv/lib/python3.8/site-packages/airflow/example_dags/example_branch_operator.py
[2021-03-09 19:29:13,665] {scheduler_job.py:629} INFO - Processing file /home/airflow/venv/lib/python3.8/site-packages/airflow/example_dags/example_branch_operator.py for tasks to queue
[2021-03-09 19:29:13,665] {logging_mixin.py:103} INFO - [2021-03-09 19:29:13,665] {dagbag.py:440} INFO - Filling up the DagBag from /home/airflow/venv/lib/python3.8/site-packages/airflow/example_dags/example_branch_operator.py
[2021-03-09 19:29:13,679] {scheduler_job.py:639} INFO - DAG(s) dict_keys(['example_branch_operator']) retrieved from /home/airflow/venv/lib/python3.8/site-packages/airflow/example_dags/example_branch_operator.py
[2021-03-09 19:29:13,680] {logging_mixin.py:103} INFO - [2021-03-09 19:29:13,680] {dag.py:1813} INFO - Sync 1 DAGs
[2021-03-09 19:29:13,696] {logging_mixin.py:103} INFO - [2021-03-09 19:29:13,696] {dag.py:2266} INFO - Setting next_dagrun for example_branch_operator to 2021-03-07 00:00:00+00:00
[2021-03-09 19:29:13,706] {scheduler_job.py:189} INFO - Processing /home/airflow/venv/lib/python3.8/site-packages/airflow/example_dags/example_branch_operator.py took 0.043 seconds
[2021-03-09 19:29:40,006] {scheduler_job.py:181} INFO - Started process (PID=3559) to work on /home/airflow/venv/lib/python3.8/site-packages/airflow/example_dags/example_branch_operator.py
[2021-03-09 19:29:40,008] {scheduler_job.py:629} INFO - Processing file /home/airflow/venv/lib/python3.8/site-packages/airflow/example_dags/example_branch_operator.py for tasks to queue
[2021-03-09 19:29:40,008] {logging_mixin.py:103} INFO - [2021-03-09 19:29:40,008] {dagbag.py:440} INFO - Filling up the DagBag from /home/airflow/venv/lib/python3.8/site-packages/airflow/example_dags/example_branch_operator.py
[2021-03-09 19:29:40,020] {scheduler_job.py:639} INFO - DAG(s) dict_keys(['example_branch_operator']) retrieved from /home/airflow/venv/lib/python3.8/site-packages/airflow/example_dags/example_branch_operator.py
[2021-03-09 19:29:40,021] {logging_mixin.py:103} INFO - [2021-03-09 19:29:40,020] {dag.py:1813} INFO - Sync 1 DAGs
[2021-03-09 19:29:40,037] {logging_mixin.py:103} INFO - [2021-03-09 19:29:40,037] {dag.py:2266} INFO - Setting next_dagrun for example_branch_operator to 2021-03-07 00:00:00+00:00
[2021-03-09 19:29:40,047] {scheduler_job.py:189} INFO - Processing /home/airflow/venv/lib/python3.8/site-packages/airflow/example_dags/example_branch_operator.py took 0.048 seconds
[2021-03-09 19:30:06,317] {scheduler_job.py:181} INFO - Started process (PID=3646) to work on /home/airflow/venv/lib/python3.8/site-packages/airflow/example_dags/example_branch_operator.py
[2021-03-09 19:30:06,317] {scheduler_job.py:629} INFO - Processing file /home/airflow/venv/lib/python3.8/site-packages/airflow/example_dags/example_branch_operator.py for tasks to queue
[2021-03-09 19:30:06,318] {logging_mixin.py:103} INFO - [2021-03-09 19:30:06,318] {dagbag.py:440} INFO - Filling up the DagBag from /home/airflow/venv/lib/python3.8/site-packages/airflow/example_dags/example_branch_operator.py
[2021-03-09 19:30:06,331] {scheduler_job.py:639} INFO - DAG(s) dict_keys(['example_branch_operator']) retrieved from /home/airflow/venv/lib/python3.8/site-packages/airflow/example_dags/example_branch_operator.py
[2021-03-09 19:30:06,331] {logging_mixin.py:103} INFO - [2021-03-09 19:30:06,331] {dag.py:1813} INFO - Sync 1 DAGs
[2021-03-09 19:30:06,345] {logging_mixin.py:103} INFO - [2021-03-09 19:30:06,345] {dag.py:2266} INFO - Setting next_dagrun for example_branch_operator to 2021-03-07 00:00:00+00:00
[2021-03-09 19:30:06,355] {scheduler_job.py:189} INFO - Processing /home/airflow/venv/lib/python3.8/site-packages/airflow/example_dags/example_branch_operator.py took 0.040 seconds
[2021-03-09 19:30:31,558] {scheduler_job.py:181} INFO - Started process (PID=3713) to work on /home/airflow/venv/lib/python3.8/site-packages/airflow/example_dags/example_branch_operator.py
[2021-03-09 19:30:31,558] {scheduler_job.py:629} INFO - Processing file /home/airflow/venv/lib/python3.8/site-packages/airflow/example_dags/example_branch_operator.py for tasks to queue
[2021-03-09 19:30:31,559] {logging_mixin.py:103} INFO - [2021-03-09 19:30:31,559] {dagbag.py:440} INFO - Filling up the DagBag from /home/airflow/venv/lib/python3.8/site-packages/airflow/example_dags/example_branch_operator.py
[2021-03-09 19:30:31,570] {scheduler_job.py:639} INFO - DAG(s) dict_keys(['example_branch_operator']) retrieved from /home/airflow/venv/lib/python3.8/site-packages/airflow/example_dags/example_branch_operator.py
[2021-03-09 19:30:31,571] {logging_mixin.py:103} INFO - [2021-03-09 19:30:31,570] {dag.py:1813} INFO - Sync 1 DAGs
[2021-03-09 19:30:31,586] {logging_mixin.py:103} INFO - [2021-03-09 19:30:31,586] {dag.py:2266} INFO - Setting next_dagrun for example_branch_operator to 2021-03-07 00:00:00+00:00
[2021-03-09 19:30:31,595] {scheduler_job.py:189} INFO - Processing /home/airflow/venv/lib/python3.8/site-packages/airflow/example_dags/example_branch_operator.py took 0.039 seconds
[2021-03-09 19:30:56,850] {scheduler_job.py:181} INFO - Started process (PID=3780) to work on /home/airflow/venv/lib/python3.8/site-packages/airflow/example_dags/example_branch_operator.py
[2021-03-09 19:30:56,851] {scheduler_job.py:629} INFO - Processing file /home/airflow/venv/lib/python3.8/site-packages/airflow/example_dags/example_branch_operator.py for tasks to queue
[2021-03-09 19:30:56,851] {logging_mixin.py:103} INFO - [2021-03-09 19:30:56,851] {dagbag.py:440} INFO - Filling up the DagBag from /home/airflow/venv/lib/python3.8/site-packages/airflow/example_dags/example_branch_operator.py
[2021-03-09 19:30:56,867] {scheduler_job.py:639} INFO - DAG(s) dict_keys(['example_branch_operator']) retrieved from /home/airflow/venv/lib/python3.8/site-packages/airflow/example_dags/example_branch_operator.py
[2021-03-09 19:30:56,868] {logging_mixin.py:103} INFO - [2021-03-09 19:30:56,868] {dag.py:1813} INFO - Sync 1 DAGs
[2021-03-09 19:30:56,903] {logging_mixin.py:103} INFO - [2021-03-09 19:30:56,903] {dag.py:2266} INFO - Setting next_dagrun for example_branch_operator to 2021-03-07 00:00:00+00:00
[2021-03-09 19:30:56,924] {scheduler_job.py:189} INFO - Processing /home/airflow/venv/lib/python3.8/site-packages/airflow/example_dags/example_branch_operator.py took 0.080 seconds
[2021-03-09 19:31:22,103] {scheduler_job.py:181} INFO - Started process (PID=3843) to work on /home/airflow/venv/lib/python3.8/site-packages/airflow/example_dags/example_branch_operator.py
[2021-03-09 19:31:22,103] {scheduler_job.py:629} INFO - Processing file /home/airflow/venv/lib/python3.8/site-packages/airflow/example_dags/example_branch_operator.py for tasks to queue
[2021-03-09 19:31:22,104] {logging_mixin.py:103} INFO - [2021-03-09 19:31:22,104] {dagbag.py:440} INFO - Filling up the DagBag from /home/airflow/venv/lib/python3.8/site-packages/airflow/example_dags/example_branch_operator.py
[2021-03-09 19:31:22,112] {scheduler_job.py:639} INFO - DAG(s) dict_keys(['example_branch_operator']) retrieved from /home/airflow/venv/lib/python3.8/site-packages/airflow/example_dags/example_branch_operator.py
[2021-03-09 19:31:22,112] {logging_mixin.py:103} INFO - [2021-03-09 19:31:22,112] {dag.py:1813} INFO - Sync 1 DAGs
[2021-03-09 19:31:22,128] {logging_mixin.py:103} INFO - [2021-03-09 19:31:22,128] {dag.py:2266} INFO - Setting next_dagrun for example_branch_operator to 2021-03-07 00:00:00+00:00
[2021-03-09 19:31:22,138] {scheduler_job.py:189} INFO - Processing /home/airflow/venv/lib/python3.8/site-packages/airflow/example_dags/example_branch_operator.py took 0.043 seconds
[2021-03-09 19:31:49,273] {scheduler_job.py:181} INFO - Started process (PID=3913) to work on /home/airflow/venv/lib/python3.8/site-packages/airflow/example_dags/example_branch_operator.py
[2021-03-09 19:31:49,279] {scheduler_job.py:629} INFO - Processing file /home/airflow/venv/lib/python3.8/site-packages/airflow/example_dags/example_branch_operator.py for tasks to queue
[2021-03-09 19:31:49,279] {logging_mixin.py:103} INFO - [2021-03-09 19:31:49,279] {dagbag.py:440} INFO - Filling up the DagBag from /home/airflow/venv/lib/python3.8/site-packages/airflow/example_dags/example_branch_operator.py
[2021-03-09 19:31:49,288] {scheduler_job.py:639} INFO - DAG(s) dict_keys(['example_branch_operator']) retrieved from /home/airflow/venv/lib/python3.8/site-packages/airflow/example_dags/example_branch_operator.py
[2021-03-09 19:31:49,289] {logging_mixin.py:103} INFO - [2021-03-09 19:31:49,289] {dag.py:1813} INFO - Sync 1 DAGs
[2021-03-09 19:31:49,314] {logging_mixin.py:103} INFO - [2021-03-09 19:31:49,314] {dag.py:2266} INFO - Setting next_dagrun for example_branch_operator to 2021-03-07 00:00:00+00:00
[2021-03-09 19:31:49,325] {scheduler_job.py:189} INFO - Processing /home/airflow/venv/lib/python3.8/site-packages/airflow/example_dags/example_branch_operator.py took 0.054 seconds
[2021-03-09 19:57:00,227] {scheduler_job.py:181} INFO - Started process (PID=3979) to work on /home/airflow/venv/lib/python3.8/site-packages/airflow/example_dags/example_branch_operator.py
[2021-03-09 19:57:00,228] {scheduler_job.py:629} INFO - Processing file /home/airflow/venv/lib/python3.8/site-packages/airflow/example_dags/example_branch_operator.py for tasks to queue
[2021-03-09 19:57:00,228] {logging_mixin.py:103} INFO - [2021-03-09 19:57:00,228] {dagbag.py:440} INFO - Filling up the DagBag from /home/airflow/venv/lib/python3.8/site-packages/airflow/example_dags/example_branch_operator.py
[2021-03-09 19:57:00,238] {scheduler_job.py:639} INFO - DAG(s) dict_keys(['example_branch_operator']) retrieved from /home/airflow/venv/lib/python3.8/site-packages/airflow/example_dags/example_branch_operator.py
[2021-03-09 19:57:00,238] {logging_mixin.py:103} INFO - [2021-03-09 19:57:00,238] {dag.py:1813} INFO - Sync 1 DAGs
[2021-03-09 19:57:00,255] {logging_mixin.py:103} INFO - [2021-03-09 19:57:00,255] {dag.py:2266} INFO - Setting next_dagrun for example_branch_operator to 2021-03-07 00:00:00+00:00
[2021-03-09 19:57:00,267] {scheduler_job.py:189} INFO - Processing /home/airflow/venv/lib/python3.8/site-packages/airflow/example_dags/example_branch_operator.py took 0.044 seconds
[2021-03-09 19:57:25,591] {scheduler_job.py:181} INFO - Started process (PID=4017) to work on /home/airflow/venv/lib/python3.8/site-packages/airflow/example_dags/example_branch_operator.py
[2021-03-09 19:57:25,593] {scheduler_job.py:629} INFO - Processing file /home/airflow/venv/lib/python3.8/site-packages/airflow/example_dags/example_branch_operator.py for tasks to queue
[2021-03-09 19:57:25,594] {logging_mixin.py:103} INFO - [2021-03-09 19:57:25,593] {dagbag.py:440} INFO - Filling up the DagBag from /home/airflow/venv/lib/python3.8/site-packages/airflow/example_dags/example_branch_operator.py
[2021-03-09 19:57:25,607] {scheduler_job.py:639} INFO - DAG(s) dict_keys(['example_branch_operator']) retrieved from /home/airflow/venv/lib/python3.8/site-packages/airflow/example_dags/example_branch_operator.py
[2021-03-09 19:57:25,610] {logging_mixin.py:103} INFO - [2021-03-09 19:57:25,610] {dag.py:1813} INFO - Sync 1 DAGs
[2021-03-09 19:57:25,642] {logging_mixin.py:103} INFO - [2021-03-09 19:57:25,641] {dag.py:2266} INFO - Setting next_dagrun for example_branch_operator to 2021-03-07 00:00:00+00:00
[2021-03-09 19:57:25,657] {scheduler_job.py:189} INFO - Processing /home/airflow/venv/lib/python3.8/site-packages/airflow/example_dags/example_branch_operator.py took 0.069 seconds
[2021-03-09 19:57:51,929] {scheduler_job.py:181} INFO - Started process (PID=4047) to work on /home/airflow/venv/lib/python3.8/site-packages/airflow/example_dags/example_branch_operator.py
[2021-03-09 19:57:51,936] {scheduler_job.py:629} INFO - Processing file /home/airflow/venv/lib/python3.8/site-packages/airflow/example_dags/example_branch_operator.py for tasks to queue
[2021-03-09 19:57:51,937] {logging_mixin.py:103} INFO - [2021-03-09 19:57:51,937] {dagbag.py:440} INFO - Filling up the DagBag from /home/airflow/venv/lib/python3.8/site-packages/airflow/example_dags/example_branch_operator.py
[2021-03-09 19:57:51,948] {scheduler_job.py:639} INFO - DAG(s) dict_keys(['example_branch_operator']) retrieved from /home/airflow/venv/lib/python3.8/site-packages/airflow/example_dags/example_branch_operator.py
[2021-03-09 19:57:51,948] {logging_mixin.py:103} INFO - [2021-03-09 19:57:51,948] {dag.py:1813} INFO - Sync 1 DAGs
[2021-03-09 19:57:51,969] {logging_mixin.py:103} INFO - [2021-03-09 19:57:51,969] {dag.py:2266} INFO - Setting next_dagrun for example_branch_operator to 2021-03-07 00:00:00+00:00
[2021-03-09 19:57:51,982] {scheduler_job.py:189} INFO - Processing /home/airflow/venv/lib/python3.8/site-packages/airflow/example_dags/example_branch_operator.py took 0.055 seconds
[2021-03-09 19:58:18,451] {scheduler_job.py:181} INFO - Started process (PID=4353) to work on /home/airflow/venv/lib/python3.8/site-packages/airflow/example_dags/example_branch_operator.py
[2021-03-09 19:58:18,451] {scheduler_job.py:629} INFO - Processing file /home/airflow/venv/lib/python3.8/site-packages/airflow/example_dags/example_branch_operator.py for tasks to queue
[2021-03-09 19:58:18,452] {logging_mixin.py:103} INFO - [2021-03-09 19:58:18,452] {dagbag.py:440} INFO - Filling up the DagBag from /home/airflow/venv/lib/python3.8/site-packages/airflow/example_dags/example_branch_operator.py
[2021-03-09 19:58:18,481] {scheduler_job.py:639} INFO - DAG(s) dict_keys(['example_branch_operator']) retrieved from /home/airflow/venv/lib/python3.8/site-packages/airflow/example_dags/example_branch_operator.py
[2021-03-09 19:58:18,483] {logging_mixin.py:103} INFO - [2021-03-09 19:58:18,483] {dag.py:1813} INFO - Sync 1 DAGs
[2021-03-09 19:58:18,551] {logging_mixin.py:103} INFO - [2021-03-09 19:58:18,551] {dag.py:2266} INFO - Setting next_dagrun for example_branch_operator to 2021-03-07 00:00:00+00:00
[2021-03-09 19:58:18,594] {scheduler_job.py:189} INFO - Processing /home/airflow/venv/lib/python3.8/site-packages/airflow/example_dags/example_branch_operator.py took 0.156 seconds
[2021-03-09 19:58:43,982] {scheduler_job.py:181} INFO - Started process (PID=4386) to work on /home/airflow/venv/lib/python3.8/site-packages/airflow/example_dags/example_branch_operator.py
[2021-03-09 19:58:43,983] {scheduler_job.py:629} INFO - Processing file /home/airflow/venv/lib/python3.8/site-packages/airflow/example_dags/example_branch_operator.py for tasks to queue
[2021-03-09 19:58:43,983] {logging_mixin.py:103} INFO - [2021-03-09 19:58:43,983] {dagbag.py:440} INFO - Filling up the DagBag from /home/airflow/venv/lib/python3.8/site-packages/airflow/example_dags/example_branch_operator.py
[2021-03-09 19:58:43,997] {scheduler_job.py:639} INFO - DAG(s) dict_keys(['example_branch_operator']) retrieved from /home/airflow/venv/lib/python3.8/site-packages/airflow/example_dags/example_branch_operator.py
[2021-03-09 19:58:44,000] {logging_mixin.py:103} INFO - [2021-03-09 19:58:44,000] {dag.py:1813} INFO - Sync 1 DAGs
[2021-03-09 19:58:44,023] {logging_mixin.py:103} INFO - [2021-03-09 19:58:44,023] {dag.py:2266} INFO - Setting next_dagrun for example_branch_operator to 2021-03-07 00:00:00+00:00
[2021-03-09 19:58:44,035] {scheduler_job.py:189} INFO - Processing /home/airflow/venv/lib/python3.8/site-packages/airflow/example_dags/example_branch_operator.py took 0.060 seconds
[2021-03-09 19:59:09,338] {scheduler_job.py:181} INFO - Started process (PID=4418) to work on /home/airflow/venv/lib/python3.8/site-packages/airflow/example_dags/example_branch_operator.py
[2021-03-09 19:59:09,339] {scheduler_job.py:629} INFO - Processing file /home/airflow/venv/lib/python3.8/site-packages/airflow/example_dags/example_branch_operator.py for tasks to queue
[2021-03-09 19:59:09,339] {logging_mixin.py:103} INFO - [2021-03-09 19:59:09,339] {dagbag.py:440} INFO - Filling up the DagBag from /home/airflow/venv/lib/python3.8/site-packages/airflow/example_dags/example_branch_operator.py
[2021-03-09 19:59:09,358] {scheduler_job.py:639} INFO - DAG(s) dict_keys(['example_branch_operator']) retrieved from /home/airflow/venv/lib/python3.8/site-packages/airflow/example_dags/example_branch_operator.py
[2021-03-09 19:59:09,358] {logging_mixin.py:103} INFO - [2021-03-09 19:59:09,358] {dag.py:1813} INFO - Sync 1 DAGs
[2021-03-09 19:59:09,380] {logging_mixin.py:103} INFO - [2021-03-09 19:59:09,380] {dag.py:2266} INFO - Setting next_dagrun for example_branch_operator to 2021-03-07 00:00:00+00:00
[2021-03-09 19:59:09,392] {scheduler_job.py:189} INFO - Processing /home/airflow/venv/lib/python3.8/site-packages/airflow/example_dags/example_branch_operator.py took 0.057 seconds
[2021-03-09 19:59:36,565] {scheduler_job.py:181} INFO - Started process (PID=4449) to work on /home/airflow/venv/lib/python3.8/site-packages/airflow/example_dags/example_branch_operator.py
[2021-03-09 19:59:36,566] {scheduler_job.py:629} INFO - Processing file /home/airflow/venv/lib/python3.8/site-packages/airflow/example_dags/example_branch_operator.py for tasks to queue
[2021-03-09 19:59:36,566] {logging_mixin.py:103} INFO - [2021-03-09 19:59:36,566] {dagbag.py:440} INFO - Filling up the DagBag from /home/airflow/venv/lib/python3.8/site-packages/airflow/example_dags/example_branch_operator.py
[2021-03-09 19:59:36,577] {scheduler_job.py:639} INFO - DAG(s) dict_keys(['example_branch_operator']) retrieved from /home/airflow/venv/lib/python3.8/site-packages/airflow/example_dags/example_branch_operator.py
[2021-03-09 19:59:36,577] {logging_mixin.py:103} INFO - [2021-03-09 19:59:36,577] {dag.py:1813} INFO - Sync 1 DAGs
[2021-03-09 19:59:36,594] {logging_mixin.py:103} INFO - [2021-03-09 19:59:36,594] {dag.py:2266} INFO - Setting next_dagrun for example_branch_operator to 2021-03-07 00:00:00+00:00
[2021-03-09 19:59:36,606] {scheduler_job.py:189} INFO - Processing /home/airflow/venv/lib/python3.8/site-packages/airflow/example_dags/example_branch_operator.py took 0.043 seconds
[2021-03-09 20:00:02,733] {scheduler_job.py:181} INFO - Started process (PID=4483) to work on /home/airflow/venv/lib/python3.8/site-packages/airflow/example_dags/example_branch_operator.py
[2021-03-09 20:00:02,734] {scheduler_job.py:629} INFO - Processing file /home/airflow/venv/lib/python3.8/site-packages/airflow/example_dags/example_branch_operator.py for tasks to queue
[2021-03-09 20:00:02,735] {logging_mixin.py:103} INFO - [2021-03-09 20:00:02,735] {dagbag.py:440} INFO - Filling up the DagBag from /home/airflow/venv/lib/python3.8/site-packages/airflow/example_dags/example_branch_operator.py
[2021-03-09 20:00:02,756] {scheduler_job.py:639} INFO - DAG(s) dict_keys(['example_branch_operator']) retrieved from /home/airflow/venv/lib/python3.8/site-packages/airflow/example_dags/example_branch_operator.py
[2021-03-09 20:00:02,757] {logging_mixin.py:103} INFO - [2021-03-09 20:00:02,757] {dag.py:1813} INFO - Sync 1 DAGs
[2021-03-09 20:00:02,775] {logging_mixin.py:103} INFO - [2021-03-09 20:00:02,775] {dag.py:2266} INFO - Setting next_dagrun for example_branch_operator to 2021-03-07 00:00:00+00:00
[2021-03-09 20:00:02,788] {scheduler_job.py:189} INFO - Processing /home/airflow/venv/lib/python3.8/site-packages/airflow/example_dags/example_branch_operator.py took 0.057 seconds
[2021-03-09 20:00:27,963] {scheduler_job.py:181} INFO - Started process (PID=4518) to work on /home/airflow/venv/lib/python3.8/site-packages/airflow/example_dags/example_branch_operator.py
[2021-03-09 20:00:27,965] {scheduler_job.py:629} INFO - Processing file /home/airflow/venv/lib/python3.8/site-packages/airflow/example_dags/example_branch_operator.py for tasks to queue
[2021-03-09 20:00:27,965] {logging_mixin.py:103} INFO - [2021-03-09 20:00:27,965] {dagbag.py:440} INFO - Filling up the DagBag from /home/airflow/venv/lib/python3.8/site-packages/airflow/example_dags/example_branch_operator.py
[2021-03-09 20:00:27,986] {scheduler_job.py:639} INFO - DAG(s) dict_keys(['example_branch_operator']) retrieved from /home/airflow/venv/lib/python3.8/site-packages/airflow/example_dags/example_branch_operator.py
[2021-03-09 20:00:27,987] {logging_mixin.py:103} INFO - [2021-03-09 20:00:27,987] {dag.py:1813} INFO - Sync 1 DAGs
[2021-03-09 20:00:28,004] {logging_mixin.py:103} INFO - [2021-03-09 20:00:28,004] {dag.py:2266} INFO - Setting next_dagrun for example_branch_operator to 2021-03-07 00:00:00+00:00
[2021-03-09 20:00:28,015] {scheduler_job.py:189} INFO - Processing /home/airflow/venv/lib/python3.8/site-packages/airflow/example_dags/example_branch_operator.py took 0.060 seconds
[2021-03-09 20:00:54,261] {scheduler_job.py:181} INFO - Started process (PID=4549) to work on /home/airflow/venv/lib/python3.8/site-packages/airflow/example_dags/example_branch_operator.py
[2021-03-09 20:00:54,262] {scheduler_job.py:629} INFO - Processing file /home/airflow/venv/lib/python3.8/site-packages/airflow/example_dags/example_branch_operator.py for tasks to queue
[2021-03-09 20:00:54,262] {logging_mixin.py:103} INFO - [2021-03-09 20:00:54,262] {dagbag.py:440} INFO - Filling up the DagBag from /home/airflow/venv/lib/python3.8/site-packages/airflow/example_dags/example_branch_operator.py
[2021-03-09 20:00:54,276] {scheduler_job.py:639} INFO - DAG(s) dict_keys(['example_branch_operator']) retrieved from /home/airflow/venv/lib/python3.8/site-packages/airflow/example_dags/example_branch_operator.py
[2021-03-09 20:00:54,277] {logging_mixin.py:103} INFO - [2021-03-09 20:00:54,277] {dag.py:1813} INFO - Sync 1 DAGs
[2021-03-09 20:00:54,294] {logging_mixin.py:103} INFO - [2021-03-09 20:00:54,294] {dag.py:2266} INFO - Setting next_dagrun for example_branch_operator to 2021-03-07 00:00:00+00:00
[2021-03-09 20:00:54,305] {scheduler_job.py:189} INFO - Processing /home/airflow/venv/lib/python3.8/site-packages/airflow/example_dags/example_branch_operator.py took 0.051 seconds
[2021-03-09 20:01:18,495] {scheduler_job.py:181} INFO - Started process (PID=4583) to work on /home/airflow/venv/lib/python3.8/site-packages/airflow/example_dags/example_branch_operator.py
[2021-03-09 20:01:18,500] {scheduler_job.py:629} INFO - Processing file /home/airflow/venv/lib/python3.8/site-packages/airflow/example_dags/example_branch_operator.py for tasks to queue
[2021-03-09 20:01:18,500] {logging_mixin.py:103} INFO - [2021-03-09 20:01:18,500] {dagbag.py:440} INFO - Filling up the DagBag from /home/airflow/venv/lib/python3.8/site-packages/airflow/example_dags/example_branch_operator.py
[2021-03-09 20:01:18,513] {scheduler_job.py:639} INFO - DAG(s) dict_keys(['example_branch_operator']) retrieved from /home/airflow/venv/lib/python3.8/site-packages/airflow/example_dags/example_branch_operator.py
[2021-03-09 20:01:18,513] {logging_mixin.py:103} INFO - [2021-03-09 20:01:18,513] {dag.py:1813} INFO - Sync 1 DAGs
[2021-03-09 20:01:18,540] {logging_mixin.py:103} INFO - [2021-03-09 20:01:18,539] {dag.py:2266} INFO - Setting next_dagrun for example_branch_operator to 2021-03-07 00:00:00+00:00
[2021-03-09 20:01:18,550] {scheduler_job.py:189} INFO - Processing /home/airflow/venv/lib/python3.8/site-packages/airflow/example_dags/example_branch_operator.py took 0.058 seconds
[2021-03-09 20:01:44,818] {scheduler_job.py:181} INFO - Started process (PID=4617) to work on /home/airflow/venv/lib/python3.8/site-packages/airflow/example_dags/example_branch_operator.py
[2021-03-09 20:01:44,819] {scheduler_job.py:629} INFO - Processing file /home/airflow/venv/lib/python3.8/site-packages/airflow/example_dags/example_branch_operator.py for tasks to queue
[2021-03-09 20:01:44,823] {logging_mixin.py:103} INFO - [2021-03-09 20:01:44,823] {dagbag.py:440} INFO - Filling up the DagBag from /home/airflow/venv/lib/python3.8/site-packages/airflow/example_dags/example_branch_operator.py
[2021-03-09 20:01:44,837] {scheduler_job.py:639} INFO - DAG(s) dict_keys(['example_branch_operator']) retrieved from /home/airflow/venv/lib/python3.8/site-packages/airflow/example_dags/example_branch_operator.py
[2021-03-09 20:01:44,838] {logging_mixin.py:103} INFO - [2021-03-09 20:01:44,838] {dag.py:1813} INFO - Sync 1 DAGs
[2021-03-09 20:01:44,879] {logging_mixin.py:103} INFO - [2021-03-09 20:01:44,878] {dag.py:2266} INFO - Setting next_dagrun for example_branch_operator to 2021-03-07 00:00:00+00:00
[2021-03-09 20:01:44,923] {scheduler_job.py:189} INFO - Processing /home/airflow/venv/lib/python3.8/site-packages/airflow/example_dags/example_branch_operator.py took 0.112 seconds
[2021-03-09 20:02:11,918] {scheduler_job.py:181} INFO - Started process (PID=4657) to work on /home/airflow/venv/lib/python3.8/site-packages/airflow/example_dags/example_branch_operator.py
[2021-03-09 20:02:11,924] {scheduler_job.py:629} INFO - Processing file /home/airflow/venv/lib/python3.8/site-packages/airflow/example_dags/example_branch_operator.py for tasks to queue
[2021-03-09 20:02:11,924] {logging_mixin.py:103} INFO - [2021-03-09 20:02:11,924] {dagbag.py:440} INFO - Filling up the DagBag from /home/airflow/venv/lib/python3.8/site-packages/airflow/example_dags/example_branch_operator.py
[2021-03-09 20:02:11,940] {scheduler_job.py:639} INFO - DAG(s) dict_keys(['example_branch_operator']) retrieved from /home/airflow/venv/lib/python3.8/site-packages/airflow/example_dags/example_branch_operator.py
[2021-03-09 20:02:11,941] {logging_mixin.py:103} INFO - [2021-03-09 20:02:11,941] {dag.py:1813} INFO - Sync 1 DAGs
[2021-03-09 20:02:11,960] {logging_mixin.py:103} INFO - [2021-03-09 20:02:11,960] {dag.py:2266} INFO - Setting next_dagrun for example_branch_operator to 2021-03-07 00:00:00+00:00
[2021-03-09 20:02:11,971] {scheduler_job.py:189} INFO - Processing /home/airflow/venv/lib/python3.8/site-packages/airflow/example_dags/example_branch_operator.py took 0.060 seconds
[2021-03-09 20:02:37,461] {scheduler_job.py:181} INFO - Started process (PID=4697) to work on /home/airflow/venv/lib/python3.8/site-packages/airflow/example_dags/example_branch_operator.py
[2021-03-09 20:02:37,462] {scheduler_job.py:629} INFO - Processing file /home/airflow/venv/lib/python3.8/site-packages/airflow/example_dags/example_branch_operator.py for tasks to queue
[2021-03-09 20:02:37,463] {logging_mixin.py:103} INFO - [2021-03-09 20:02:37,463] {dagbag.py:440} INFO - Filling up the DagBag from /home/airflow/venv/lib/python3.8/site-packages/airflow/example_dags/example_branch_operator.py
[2021-03-09 20:02:37,479] {scheduler_job.py:639} INFO - DAG(s) dict_keys(['example_branch_operator']) retrieved from /home/airflow/venv/lib/python3.8/site-packages/airflow/example_dags/example_branch_operator.py
[2021-03-09 20:02:37,480] {logging_mixin.py:103} INFO - [2021-03-09 20:02:37,480] {dag.py:1813} INFO - Sync 1 DAGs
[2021-03-09 20:02:37,499] {logging_mixin.py:103} INFO - [2021-03-09 20:02:37,499] {dag.py:2266} INFO - Setting next_dagrun for example_branch_operator to 2021-03-07 00:00:00+00:00
[2021-03-09 20:02:37,514] {scheduler_job.py:189} INFO - Processing /home/airflow/venv/lib/python3.8/site-packages/airflow/example_dags/example_branch_operator.py took 0.060 seconds
[2021-03-09 20:03:02,717] {scheduler_job.py:181} INFO - Started process (PID=4743) to work on /home/airflow/venv/lib/python3.8/site-packages/airflow/example_dags/example_branch_operator.py
[2021-03-09 20:03:02,717] {scheduler_job.py:629} INFO - Processing file /home/airflow/venv/lib/python3.8/site-packages/airflow/example_dags/example_branch_operator.py for tasks to queue
[2021-03-09 20:03:02,718] {logging_mixin.py:103} INFO - [2021-03-09 20:03:02,718] {dagbag.py:440} INFO - Filling up the DagBag from /home/airflow/venv/lib/python3.8/site-packages/airflow/example_dags/example_branch_operator.py
[2021-03-09 20:03:02,732] {scheduler_job.py:639} INFO - DAG(s) dict_keys(['example_branch_operator']) retrieved from /home/airflow/venv/lib/python3.8/site-packages/airflow/example_dags/example_branch_operator.py
[2021-03-09 20:03:02,732] {logging_mixin.py:103} INFO - [2021-03-09 20:03:02,732] {dag.py:1813} INFO - Sync 1 DAGs
[2021-03-09 20:03:02,751] {logging_mixin.py:103} INFO - [2021-03-09 20:03:02,751] {dag.py:2266} INFO - Setting next_dagrun for example_branch_operator to 2021-03-07 00:00:00+00:00
[2021-03-09 20:03:02,765] {scheduler_job.py:189} INFO - Processing /home/airflow/venv/lib/python3.8/site-packages/airflow/example_dags/example_branch_operator.py took 0.055 seconds
[2021-03-09 20:03:28,220] {scheduler_job.py:181} INFO - Started process (PID=4789) to work on /home/airflow/venv/lib/python3.8/site-packages/airflow/example_dags/example_branch_operator.py
[2021-03-09 20:03:28,221] {scheduler_job.py:629} INFO - Processing file /home/airflow/venv/lib/python3.8/site-packages/airflow/example_dags/example_branch_operator.py for tasks to queue
[2021-03-09 20:03:28,221] {logging_mixin.py:103} INFO - [2021-03-09 20:03:28,221] {dagbag.py:440} INFO - Filling up the DagBag from /home/airflow/venv/lib/python3.8/site-packages/airflow/example_dags/example_branch_operator.py
[2021-03-09 20:03:28,232] {scheduler_job.py:639} INFO - DAG(s) dict_keys(['example_branch_operator']) retrieved from /home/airflow/venv/lib/python3.8/site-packages/airflow/example_dags/example_branch_operator.py
[2021-03-09 20:03:28,233] {logging_mixin.py:103} INFO - [2021-03-09 20:03:28,233] {dag.py:1813} INFO - Sync 1 DAGs
[2021-03-09 20:03:28,251] {logging_mixin.py:103} INFO - [2021-03-09 20:03:28,251] {dag.py:2266} INFO - Setting next_dagrun for example_branch_operator to 2021-03-07 00:00:00+00:00
[2021-03-09 20:03:28,263] {scheduler_job.py:189} INFO - Processing /home/airflow/venv/lib/python3.8/site-packages/airflow/example_dags/example_branch_operator.py took 0.051 seconds
[2021-03-09 20:03:54,451] {scheduler_job.py:181} INFO - Started process (PID=4846) to work on /home/airflow/venv/lib/python3.8/site-packages/airflow/example_dags/example_branch_operator.py
[2021-03-09 20:03:54,451] {scheduler_job.py:629} INFO - Processing file /home/airflow/venv/lib/python3.8/site-packages/airflow/example_dags/example_branch_operator.py for tasks to queue
[2021-03-09 20:03:54,452] {logging_mixin.py:103} INFO - [2021-03-09 20:03:54,452] {dagbag.py:440} INFO - Filling up the DagBag from /home/airflow/venv/lib/python3.8/site-packages/airflow/example_dags/example_branch_operator.py
[2021-03-09 20:03:54,468] {scheduler_job.py:639} INFO - DAG(s) dict_keys(['example_branch_operator']) retrieved from /home/airflow/venv/lib/python3.8/site-packages/airflow/example_dags/example_branch_operator.py
[2021-03-09 20:03:54,477] {logging_mixin.py:103} INFO - [2021-03-09 20:03:54,477] {dag.py:1813} INFO - Sync 1 DAGs
[2021-03-09 20:03:54,514] {logging_mixin.py:103} INFO - [2021-03-09 20:03:54,514] {dag.py:2266} INFO - Setting next_dagrun for example_branch_operator to 2021-03-07 00:00:00+00:00
[2021-03-09 20:03:54,542] {scheduler_job.py:189} INFO - Processing /home/airflow/venv/lib/python3.8/site-packages/airflow/example_dags/example_branch_operator.py took 0.094 seconds
[2021-03-09 20:04:20,484] {scheduler_job.py:181} INFO - Started process (PID=4901) to work on /home/airflow/venv/lib/python3.8/site-packages/airflow/example_dags/example_branch_operator.py
[2021-03-09 20:04:20,486] {scheduler_job.py:629} INFO - Processing file /home/airflow/venv/lib/python3.8/site-packages/airflow/example_dags/example_branch_operator.py for tasks to queue
[2021-03-09 20:04:20,487] {logging_mixin.py:103} INFO - [2021-03-09 20:04:20,487] {dagbag.py:440} INFO - Filling up the DagBag from /home/airflow/venv/lib/python3.8/site-packages/airflow/example_dags/example_branch_operator.py
[2021-03-09 20:04:20,506] {scheduler_job.py:639} INFO - DAG(s) dict_keys(['example_branch_operator']) retrieved from /home/airflow/venv/lib/python3.8/site-packages/airflow/example_dags/example_branch_operator.py
[2021-03-09 20:04:20,507] {logging_mixin.py:103} INFO - [2021-03-09 20:04:20,507] {dag.py:1813} INFO - Sync 1 DAGs
[2021-03-09 20:04:20,539] {logging_mixin.py:103} INFO - [2021-03-09 20:04:20,539] {dag.py:2266} INFO - Setting next_dagrun for example_branch_operator to 2021-03-07 00:00:00+00:00
[2021-03-09 20:04:20,574] {scheduler_job.py:189} INFO - Processing /home/airflow/venv/lib/python3.8/site-packages/airflow/example_dags/example_branch_operator.py took 0.097 seconds
[2021-03-09 20:04:45,758] {scheduler_job.py:181} INFO - Started process (PID=4979) to work on /home/airflow/venv/lib/python3.8/site-packages/airflow/example_dags/example_branch_operator.py
[2021-03-09 20:04:45,759] {scheduler_job.py:629} INFO - Processing file /home/airflow/venv/lib/python3.8/site-packages/airflow/example_dags/example_branch_operator.py for tasks to queue
[2021-03-09 20:04:45,760] {logging_mixin.py:103} INFO - [2021-03-09 20:04:45,760] {dagbag.py:440} INFO - Filling up the DagBag from /home/airflow/venv/lib/python3.8/site-packages/airflow/example_dags/example_branch_operator.py
[2021-03-09 20:04:45,776] {scheduler_job.py:639} INFO - DAG(s) dict_keys(['example_branch_operator']) retrieved from /home/airflow/venv/lib/python3.8/site-packages/airflow/example_dags/example_branch_operator.py
[2021-03-09 20:04:45,777] {logging_mixin.py:103} INFO - [2021-03-09 20:04:45,777] {dag.py:1813} INFO - Sync 1 DAGs
[2021-03-09 20:04:45,800] {logging_mixin.py:103} INFO - [2021-03-09 20:04:45,800] {dag.py:2266} INFO - Setting next_dagrun for example_branch_operator to 2021-03-07 00:00:00+00:00
[2021-03-09 20:04:45,811] {scheduler_job.py:189} INFO - Processing /home/airflow/venv/lib/python3.8/site-packages/airflow/example_dags/example_branch_operator.py took 0.058 seconds
[2021-03-09 20:05:11,055] {scheduler_job.py:181} INFO - Started process (PID=5046) to work on /home/airflow/venv/lib/python3.8/site-packages/airflow/example_dags/example_branch_operator.py
[2021-03-09 20:05:11,060] {scheduler_job.py:629} INFO - Processing file /home/airflow/venv/lib/python3.8/site-packages/airflow/example_dags/example_branch_operator.py for tasks to queue
[2021-03-09 20:05:11,060] {logging_mixin.py:103} INFO - [2021-03-09 20:05:11,060] {dagbag.py:440} INFO - Filling up the DagBag from /home/airflow/venv/lib/python3.8/site-packages/airflow/example_dags/example_branch_operator.py
[2021-03-09 20:05:11,079] {scheduler_job.py:639} INFO - DAG(s) dict_keys(['example_branch_operator']) retrieved from /home/airflow/venv/lib/python3.8/site-packages/airflow/example_dags/example_branch_operator.py
[2021-03-09 20:05:11,080] {logging_mixin.py:103} INFO - [2021-03-09 20:05:11,080] {dag.py:1813} INFO - Sync 1 DAGs
[2021-03-09 20:05:11,099] {logging_mixin.py:103} INFO - [2021-03-09 20:05:11,099] {dag.py:2266} INFO - Setting next_dagrun for example_branch_operator to 2021-03-07 00:00:00+00:00
[2021-03-09 20:05:11,112] {scheduler_job.py:189} INFO - Processing /home/airflow/venv/lib/python3.8/site-packages/airflow/example_dags/example_branch_operator.py took 0.060 seconds
[2021-03-09 20:05:37,417] {scheduler_job.py:181} INFO - Started process (PID=5113) to work on /home/airflow/venv/lib/python3.8/site-packages/airflow/example_dags/example_branch_operator.py
[2021-03-09 20:05:37,418] {scheduler_job.py:629} INFO - Processing file /home/airflow/venv/lib/python3.8/site-packages/airflow/example_dags/example_branch_operator.py for tasks to queue
[2021-03-09 20:05:37,418] {logging_mixin.py:103} INFO - [2021-03-09 20:05:37,418] {dagbag.py:440} INFO - Filling up the DagBag from /home/airflow/venv/lib/python3.8/site-packages/airflow/example_dags/example_branch_operator.py
[2021-03-09 20:05:37,431] {scheduler_job.py:639} INFO - DAG(s) dict_keys(['example_branch_operator']) retrieved from /home/airflow/venv/lib/python3.8/site-packages/airflow/example_dags/example_branch_operator.py
[2021-03-09 20:05:37,432] {logging_mixin.py:103} INFO - [2021-03-09 20:05:37,432] {dag.py:1813} INFO - Sync 1 DAGs
[2021-03-09 20:05:37,452] {logging_mixin.py:103} INFO - [2021-03-09 20:05:37,451] {dag.py:2266} INFO - Setting next_dagrun for example_branch_operator to 2021-03-07 00:00:00+00:00
[2021-03-09 20:05:37,466] {scheduler_job.py:189} INFO - Processing /home/airflow/venv/lib/python3.8/site-packages/airflow/example_dags/example_branch_operator.py took 0.052 seconds
[2021-03-09 20:06:03,282] {scheduler_job.py:181} INFO - Started process (PID=5179) to work on /home/airflow/venv/lib/python3.8/site-packages/airflow/example_dags/example_branch_operator.py
[2021-03-09 20:06:03,283] {scheduler_job.py:629} INFO - Processing file /home/airflow/venv/lib/python3.8/site-packages/airflow/example_dags/example_branch_operator.py for tasks to queue
[2021-03-09 20:06:03,283] {logging_mixin.py:103} INFO - [2021-03-09 20:06:03,283] {dagbag.py:440} INFO - Filling up the DagBag from /home/airflow/venv/lib/python3.8/site-packages/airflow/example_dags/example_branch_operator.py
[2021-03-09 20:06:03,302] {scheduler_job.py:639} INFO - DAG(s) dict_keys(['example_branch_operator']) retrieved from /home/airflow/venv/lib/python3.8/site-packages/airflow/example_dags/example_branch_operator.py
[2021-03-09 20:06:03,303] {logging_mixin.py:103} INFO - [2021-03-09 20:06:03,303] {dag.py:1813} INFO - Sync 1 DAGs
[2021-03-09 20:06:03,327] {logging_mixin.py:103} INFO - [2021-03-09 20:06:03,327] {dag.py:2266} INFO - Setting next_dagrun for example_branch_operator to 2021-03-07 00:00:00+00:00
[2021-03-09 20:06:03,339] {scheduler_job.py:189} INFO - Processing /home/airflow/venv/lib/python3.8/site-packages/airflow/example_dags/example_branch_operator.py took 0.064 seconds
[2021-03-09 20:06:29,094] {scheduler_job.py:181} INFO - Started process (PID=5246) to work on /home/airflow/venv/lib/python3.8/site-packages/airflow/example_dags/example_branch_operator.py
[2021-03-09 20:06:29,095] {scheduler_job.py:629} INFO - Processing file /home/airflow/venv/lib/python3.8/site-packages/airflow/example_dags/example_branch_operator.py for tasks to queue
[2021-03-09 20:06:29,096] {logging_mixin.py:103} INFO - [2021-03-09 20:06:29,096] {dagbag.py:440} INFO - Filling up the DagBag from /home/airflow/venv/lib/python3.8/site-packages/airflow/example_dags/example_branch_operator.py
[2021-03-09 20:06:29,110] {scheduler_job.py:639} INFO - DAG(s) dict_keys(['example_branch_operator']) retrieved from /home/airflow/venv/lib/python3.8/site-packages/airflow/example_dags/example_branch_operator.py
[2021-03-09 20:06:29,111] {logging_mixin.py:103} INFO - [2021-03-09 20:06:29,111] {dag.py:1813} INFO - Sync 1 DAGs
[2021-03-09 20:06:29,132] {logging_mixin.py:103} INFO - [2021-03-09 20:06:29,132] {dag.py:2266} INFO - Setting next_dagrun for example_branch_operator to 2021-03-07 00:00:00+00:00
[2021-03-09 20:06:29,146] {scheduler_job.py:189} INFO - Processing /home/airflow/venv/lib/python3.8/site-packages/airflow/example_dags/example_branch_operator.py took 0.057 seconds
[2021-03-09 20:06:55,402] {scheduler_job.py:181} INFO - Started process (PID=5313) to work on /home/airflow/venv/lib/python3.8/site-packages/airflow/example_dags/example_branch_operator.py
[2021-03-09 20:06:55,403] {scheduler_job.py:629} INFO - Processing file /home/airflow/venv/lib/python3.8/site-packages/airflow/example_dags/example_branch_operator.py for tasks to queue
[2021-03-09 20:06:55,403] {logging_mixin.py:103} INFO - [2021-03-09 20:06:55,403] {dagbag.py:440} INFO - Filling up the DagBag from /home/airflow/venv/lib/python3.8/site-packages/airflow/example_dags/example_branch_operator.py
[2021-03-09 20:06:55,423] {scheduler_job.py:639} INFO - DAG(s) dict_keys(['example_branch_operator']) retrieved from /home/airflow/venv/lib/python3.8/site-packages/airflow/example_dags/example_branch_operator.py
[2021-03-09 20:06:55,428] {logging_mixin.py:103} INFO - [2021-03-09 20:06:55,428] {dag.py:1813} INFO - Sync 1 DAGs
[2021-03-09 20:06:55,464] {logging_mixin.py:103} INFO - [2021-03-09 20:06:55,464] {dag.py:2266} INFO - Setting next_dagrun for example_branch_operator to 2021-03-07 00:00:00+00:00
[2021-03-09 20:06:55,491] {scheduler_job.py:189} INFO - Processing /home/airflow/venv/lib/python3.8/site-packages/airflow/example_dags/example_branch_operator.py took 0.100 seconds
[2021-03-09 20:07:20,689] {scheduler_job.py:181} INFO - Started process (PID=5396) to work on /home/airflow/venv/lib/python3.8/site-packages/airflow/example_dags/example_branch_operator.py
[2021-03-09 20:07:20,690] {scheduler_job.py:629} INFO - Processing file /home/airflow/venv/lib/python3.8/site-packages/airflow/example_dags/example_branch_operator.py for tasks to queue
[2021-03-09 20:07:20,690] {logging_mixin.py:103} INFO - [2021-03-09 20:07:20,690] {dagbag.py:440} INFO - Filling up the DagBag from /home/airflow/venv/lib/python3.8/site-packages/airflow/example_dags/example_branch_operator.py
[2021-03-09 20:07:20,702] {scheduler_job.py:639} INFO - DAG(s) dict_keys(['example_branch_operator']) retrieved from /home/airflow/venv/lib/python3.8/site-packages/airflow/example_dags/example_branch_operator.py
[2021-03-09 20:07:20,703] {logging_mixin.py:103} INFO - [2021-03-09 20:07:20,703] {dag.py:1813} INFO - Sync 1 DAGs
[2021-03-09 20:07:20,730] {logging_mixin.py:103} INFO - [2021-03-09 20:07:20,729] {dag.py:2266} INFO - Setting next_dagrun for example_branch_operator to 2021-03-07 00:00:00+00:00
[2021-03-09 20:07:20,742] {scheduler_job.py:189} INFO - Processing /home/airflow/venv/lib/python3.8/site-packages/airflow/example_dags/example_branch_operator.py took 0.059 seconds
[2021-03-09 20:07:46,037] {scheduler_job.py:181} INFO - Started process (PID=5463) to work on /home/airflow/venv/lib/python3.8/site-packages/airflow/example_dags/example_branch_operator.py
[2021-03-09 20:07:46,038] {scheduler_job.py:629} INFO - Processing file /home/airflow/venv/lib/python3.8/site-packages/airflow/example_dags/example_branch_operator.py for tasks to queue
[2021-03-09 20:07:46,039] {logging_mixin.py:103} INFO - [2021-03-09 20:07:46,038] {dagbag.py:440} INFO - Filling up the DagBag from /home/airflow/venv/lib/python3.8/site-packages/airflow/example_dags/example_branch_operator.py
[2021-03-09 20:07:46,051] {scheduler_job.py:639} INFO - DAG(s) dict_keys(['example_branch_operator']) retrieved from /home/airflow/venv/lib/python3.8/site-packages/airflow/example_dags/example_branch_operator.py
[2021-03-09 20:07:46,052] {logging_mixin.py:103} INFO - [2021-03-09 20:07:46,052] {dag.py:1813} INFO - Sync 1 DAGs
[2021-03-09 20:07:46,071] {logging_mixin.py:103} INFO - [2021-03-09 20:07:46,071] {dag.py:2266} INFO - Setting next_dagrun for example_branch_operator to 2021-03-07 00:00:00+00:00
[2021-03-09 20:07:46,082] {scheduler_job.py:189} INFO - Processing /home/airflow/venv/lib/python3.8/site-packages/airflow/example_dags/example_branch_operator.py took 0.051 seconds
[2021-03-09 20:08:13,213] {scheduler_job.py:181} INFO - Started process (PID=5530) to work on /home/airflow/venv/lib/python3.8/site-packages/airflow/example_dags/example_branch_operator.py
[2021-03-09 20:08:13,216] {scheduler_job.py:629} INFO - Processing file /home/airflow/venv/lib/python3.8/site-packages/airflow/example_dags/example_branch_operator.py for tasks to queue
[2021-03-09 20:08:13,216] {logging_mixin.py:103} INFO - [2021-03-09 20:08:13,216] {dagbag.py:440} INFO - Filling up the DagBag from /home/airflow/venv/lib/python3.8/site-packages/airflow/example_dags/example_branch_operator.py
[2021-03-09 20:08:13,229] {scheduler_job.py:639} INFO - DAG(s) dict_keys(['example_branch_operator']) retrieved from /home/airflow/venv/lib/python3.8/site-packages/airflow/example_dags/example_branch_operator.py
[2021-03-09 20:08:13,230] {logging_mixin.py:103} INFO - [2021-03-09 20:08:13,230] {dag.py:1813} INFO - Sync 1 DAGs
[2021-03-09 20:08:13,260] {logging_mixin.py:103} INFO - [2021-03-09 20:08:13,260] {dag.py:2266} INFO - Setting next_dagrun for example_branch_operator to 2021-03-07 00:00:00+00:00
[2021-03-09 20:08:13,274] {scheduler_job.py:189} INFO - Processing /home/airflow/venv/lib/python3.8/site-packages/airflow/example_dags/example_branch_operator.py took 0.064 seconds
[2021-03-09 20:08:39,572] {scheduler_job.py:181} INFO - Started process (PID=5606) to work on /home/airflow/venv/lib/python3.8/site-packages/airflow/example_dags/example_branch_operator.py
[2021-03-09 20:08:39,573] {scheduler_job.py:629} INFO - Processing file /home/airflow/venv/lib/python3.8/site-packages/airflow/example_dags/example_branch_operator.py for tasks to queue
[2021-03-09 20:08:39,574] {logging_mixin.py:103} INFO - [2021-03-09 20:08:39,574] {dagbag.py:440} INFO - Filling up the DagBag from /home/airflow/venv/lib/python3.8/site-packages/airflow/example_dags/example_branch_operator.py
[2021-03-09 20:08:39,583] {scheduler_job.py:639} INFO - DAG(s) dict_keys(['example_branch_operator']) retrieved from /home/airflow/venv/lib/python3.8/site-packages/airflow/example_dags/example_branch_operator.py
[2021-03-09 20:08:39,584] {logging_mixin.py:103} INFO - [2021-03-09 20:08:39,584] {dag.py:1813} INFO - Sync 1 DAGs
[2021-03-09 20:08:39,599] {logging_mixin.py:103} INFO - [2021-03-09 20:08:39,599] {dag.py:2266} INFO - Setting next_dagrun for example_branch_operator to 2021-03-07 00:00:00+00:00
[2021-03-09 20:08:39,609] {scheduler_job.py:189} INFO - Processing /home/airflow/venv/lib/python3.8/site-packages/airflow/example_dags/example_branch_operator.py took 0.039 seconds
[2021-03-09 20:09:04,829] {scheduler_job.py:181} INFO - Started process (PID=5671) to work on /home/airflow/venv/lib/python3.8/site-packages/airflow/example_dags/example_branch_operator.py
[2021-03-09 20:09:04,830] {scheduler_job.py:629} INFO - Processing file /home/airflow/venv/lib/python3.8/site-packages/airflow/example_dags/example_branch_operator.py for tasks to queue
[2021-03-09 20:09:04,830] {logging_mixin.py:103} INFO - [2021-03-09 20:09:04,830] {dagbag.py:440} INFO - Filling up the DagBag from /home/airflow/venv/lib/python3.8/site-packages/airflow/example_dags/example_branch_operator.py
[2021-03-09 20:09:04,841] {scheduler_job.py:639} INFO - DAG(s) dict_keys(['example_branch_operator']) retrieved from /home/airflow/venv/lib/python3.8/site-packages/airflow/example_dags/example_branch_operator.py
[2021-03-09 20:09:04,842] {logging_mixin.py:103} INFO - [2021-03-09 20:09:04,842] {dag.py:1813} INFO - Sync 1 DAGs
[2021-03-09 20:09:04,859] {logging_mixin.py:103} INFO - [2021-03-09 20:09:04,859] {dag.py:2266} INFO - Setting next_dagrun for example_branch_operator to 2021-03-07 00:00:00+00:00
[2021-03-09 20:09:04,870] {scheduler_job.py:189} INFO - Processing /home/airflow/venv/lib/python3.8/site-packages/airflow/example_dags/example_branch_operator.py took 0.047 seconds
[2021-03-09 20:09:30,120] {scheduler_job.py:181} INFO - Started process (PID=5738) to work on /home/airflow/venv/lib/python3.8/site-packages/airflow/example_dags/example_branch_operator.py
[2021-03-09 20:09:30,121] {scheduler_job.py:629} INFO - Processing file /home/airflow/venv/lib/python3.8/site-packages/airflow/example_dags/example_branch_operator.py for tasks to queue
[2021-03-09 20:09:30,122] {logging_mixin.py:103} INFO - [2021-03-09 20:09:30,122] {dagbag.py:440} INFO - Filling up the DagBag from /home/airflow/venv/lib/python3.8/site-packages/airflow/example_dags/example_branch_operator.py
[2021-03-09 20:09:30,141] {scheduler_job.py:639} INFO - DAG(s) dict_keys(['example_branch_operator']) retrieved from /home/airflow/venv/lib/python3.8/site-packages/airflow/example_dags/example_branch_operator.py
[2021-03-09 20:09:30,149] {logging_mixin.py:103} INFO - [2021-03-09 20:09:30,149] {dag.py:1813} INFO - Sync 1 DAGs
[2021-03-09 20:09:30,193] {logging_mixin.py:103} INFO - [2021-03-09 20:09:30,193] {dag.py:2266} INFO - Setting next_dagrun for example_branch_operator to 2021-03-07 00:00:00+00:00
[2021-03-09 20:09:30,225] {scheduler_job.py:189} INFO - Processing /home/airflow/venv/lib/python3.8/site-packages/airflow/example_dags/example_branch_operator.py took 0.111 seconds
[2021-03-09 20:09:56,452] {scheduler_job.py:181} INFO - Started process (PID=5801) to work on /home/airflow/venv/lib/python3.8/site-packages/airflow/example_dags/example_branch_operator.py
[2021-03-09 20:09:56,453] {scheduler_job.py:629} INFO - Processing file /home/airflow/venv/lib/python3.8/site-packages/airflow/example_dags/example_branch_operator.py for tasks to queue
[2021-03-09 20:09:56,453] {logging_mixin.py:103} INFO - [2021-03-09 20:09:56,453] {dagbag.py:440} INFO - Filling up the DagBag from /home/airflow/venv/lib/python3.8/site-packages/airflow/example_dags/example_branch_operator.py
[2021-03-09 20:09:56,464] {scheduler_job.py:639} INFO - DAG(s) dict_keys(['example_branch_operator']) retrieved from /home/airflow/venv/lib/python3.8/site-packages/airflow/example_dags/example_branch_operator.py
[2021-03-09 20:09:56,465] {logging_mixin.py:103} INFO - [2021-03-09 20:09:56,465] {dag.py:1813} INFO - Sync 1 DAGs
[2021-03-09 20:09:56,486] {logging_mixin.py:103} INFO - [2021-03-09 20:09:56,486] {dag.py:2266} INFO - Setting next_dagrun for example_branch_operator to 2021-03-07 00:00:00+00:00
[2021-03-09 20:09:56,496] {scheduler_job.py:189} INFO - Processing /home/airflow/venv/lib/python3.8/site-packages/airflow/example_dags/example_branch_operator.py took 0.050 seconds
[2021-03-09 20:10:23,916] {scheduler_job.py:181} INFO - Started process (PID=5872) to work on /home/airflow/venv/lib/python3.8/site-packages/airflow/example_dags/example_branch_operator.py
[2021-03-09 20:10:23,921] {scheduler_job.py:629} INFO - Processing file /home/airflow/venv/lib/python3.8/site-packages/airflow/example_dags/example_branch_operator.py for tasks to queue
[2021-03-09 20:10:23,922] {logging_mixin.py:103} INFO - [2021-03-09 20:10:23,922] {dagbag.py:440} INFO - Filling up the DagBag from /home/airflow/venv/lib/python3.8/site-packages/airflow/example_dags/example_branch_operator.py
[2021-03-09 20:10:23,931] {scheduler_job.py:639} INFO - DAG(s) dict_keys(['example_branch_operator']) retrieved from /home/airflow/venv/lib/python3.8/site-packages/airflow/example_dags/example_branch_operator.py
[2021-03-09 20:10:23,932] {logging_mixin.py:103} INFO - [2021-03-09 20:10:23,932] {dag.py:1813} INFO - Sync 1 DAGs
[2021-03-09 20:10:23,952] {logging_mixin.py:103} INFO - [2021-03-09 20:10:23,952] {dag.py:2266} INFO - Setting next_dagrun for example_branch_operator to 2021-03-07 00:00:00+00:00
[2021-03-09 20:10:23,963] {scheduler_job.py:189} INFO - Processing /home/airflow/venv/lib/python3.8/site-packages/airflow/example_dags/example_branch_operator.py took 0.049 seconds
[2021-03-09 20:10:49,184] {scheduler_job.py:181} INFO - Started process (PID=5936) to work on /home/airflow/venv/lib/python3.8/site-packages/airflow/example_dags/example_branch_operator.py
[2021-03-09 20:10:49,185] {scheduler_job.py:629} INFO - Processing file /home/airflow/venv/lib/python3.8/site-packages/airflow/example_dags/example_branch_operator.py for tasks to queue
[2021-03-09 20:10:49,185] {logging_mixin.py:103} INFO - [2021-03-09 20:10:49,185] {dagbag.py:440} INFO - Filling up the DagBag from /home/airflow/venv/lib/python3.8/site-packages/airflow/example_dags/example_branch_operator.py
[2021-03-09 20:10:49,195] {scheduler_job.py:639} INFO - DAG(s) dict_keys(['example_branch_operator']) retrieved from /home/airflow/venv/lib/python3.8/site-packages/airflow/example_dags/example_branch_operator.py
[2021-03-09 20:10:49,195] {logging_mixin.py:103} INFO - [2021-03-09 20:10:49,195] {dag.py:1813} INFO - Sync 1 DAGs
[2021-03-09 20:10:49,213] {logging_mixin.py:103} INFO - [2021-03-09 20:10:49,213] {dag.py:2266} INFO - Setting next_dagrun for example_branch_operator to 2021-03-07 00:00:00+00:00
[2021-03-09 20:10:49,223] {scheduler_job.py:189} INFO - Processing /home/airflow/venv/lib/python3.8/site-packages/airflow/example_dags/example_branch_operator.py took 0.046 seconds
