[2021-03-09 18:54:24,969] {scheduler_job.py:181} INFO - Started process (PID=9357) to work on /home/airflow/venv/lib/python3.8/site-packages/airflow/example_dags/example_task_group.py
[2021-03-09 18:54:24,979] {scheduler_job.py:629} INFO - Processing file /home/airflow/venv/lib/python3.8/site-packages/airflow/example_dags/example_task_group.py for tasks to queue
[2021-03-09 18:54:24,980] {logging_mixin.py:103} INFO - [2021-03-09 18:54:24,980] {dagbag.py:440} INFO - Filling up the DagBag from /home/airflow/venv/lib/python3.8/site-packages/airflow/example_dags/example_task_group.py
[2021-03-09 18:54:25,087] {scheduler_job.py:639} INFO - DAG(s) dict_keys(['example_task_group']) retrieved from /home/airflow/venv/lib/python3.8/site-packages/airflow/example_dags/example_task_group.py
[2021-03-09 18:54:25,121] {logging_mixin.py:103} INFO - [2021-03-09 18:54:25,120] {dag.py:1813} INFO - Sync 1 DAGs
[2021-03-09 18:54:25,319] {logging_mixin.py:103} INFO - [2021-03-09 18:54:25,319] {dag.py:2266} INFO - Setting next_dagrun for example_task_group to 2021-03-07 00:00:00+00:00
[2021-03-09 18:54:25,472] {scheduler_job.py:189} INFO - Processing /home/airflow/venv/lib/python3.8/site-packages/airflow/example_dags/example_task_group.py took 0.511 seconds
[2021-03-09 18:54:59,313] {scheduler_job.py:181} INFO - Started process (PID=9426) to work on /home/airflow/venv/lib/python3.8/site-packages/airflow/example_dags/example_task_group.py
[2021-03-09 18:54:59,315] {scheduler_job.py:629} INFO - Processing file /home/airflow/venv/lib/python3.8/site-packages/airflow/example_dags/example_task_group.py for tasks to queue
[2021-03-09 18:54:59,318] {logging_mixin.py:103} INFO - [2021-03-09 18:54:59,316] {dagbag.py:440} INFO - Filling up the DagBag from /home/airflow/venv/lib/python3.8/site-packages/airflow/example_dags/example_task_group.py
[2021-03-09 18:54:59,333] {scheduler_job.py:639} INFO - DAG(s) dict_keys(['example_task_group']) retrieved from /home/airflow/venv/lib/python3.8/site-packages/airflow/example_dags/example_task_group.py
[2021-03-09 18:54:59,335] {logging_mixin.py:103} INFO - [2021-03-09 18:54:59,335] {dag.py:1813} INFO - Sync 1 DAGs
[2021-03-09 18:54:59,386] {logging_mixin.py:103} INFO - [2021-03-09 18:54:59,386] {dag.py:2266} INFO - Setting next_dagrun for example_task_group to 2021-03-07 00:00:00+00:00
[2021-03-09 18:54:59,430] {scheduler_job.py:189} INFO - Processing /home/airflow/venv/lib/python3.8/site-packages/airflow/example_dags/example_task_group.py took 0.144 seconds
[2021-03-09 18:55:35,033] {scheduler_job.py:181} INFO - Started process (PID=9500) to work on /home/airflow/venv/lib/python3.8/site-packages/airflow/example_dags/example_task_group.py
[2021-03-09 18:55:35,034] {scheduler_job.py:629} INFO - Processing file /home/airflow/venv/lib/python3.8/site-packages/airflow/example_dags/example_task_group.py for tasks to queue
[2021-03-09 18:55:35,035] {logging_mixin.py:103} INFO - [2021-03-09 18:55:35,035] {dagbag.py:440} INFO - Filling up the DagBag from /home/airflow/venv/lib/python3.8/site-packages/airflow/example_dags/example_task_group.py
[2021-03-09 18:55:35,131] {scheduler_job.py:639} INFO - DAG(s) dict_keys(['example_task_group']) retrieved from /home/airflow/venv/lib/python3.8/site-packages/airflow/example_dags/example_task_group.py
[2021-03-09 18:55:35,133] {logging_mixin.py:103} INFO - [2021-03-09 18:55:35,133] {dag.py:1813} INFO - Sync 1 DAGs
[2021-03-09 18:55:35,317] {logging_mixin.py:103} INFO - [2021-03-09 18:55:35,316] {dag.py:2266} INFO - Setting next_dagrun for example_task_group to 2021-03-07 00:00:00+00:00
[2021-03-09 18:55:35,419] {scheduler_job.py:189} INFO - Processing /home/airflow/venv/lib/python3.8/site-packages/airflow/example_dags/example_task_group.py took 0.390 seconds
[2021-03-09 18:56:14,278] {scheduler_job.py:181} INFO - Started process (PID=9572) to work on /home/airflow/venv/lib/python3.8/site-packages/airflow/example_dags/example_task_group.py
[2021-03-09 18:56:14,281] {scheduler_job.py:629} INFO - Processing file /home/airflow/venv/lib/python3.8/site-packages/airflow/example_dags/example_task_group.py for tasks to queue
[2021-03-09 18:56:14,282] {logging_mixin.py:103} INFO - [2021-03-09 18:56:14,282] {dagbag.py:440} INFO - Filling up the DagBag from /home/airflow/venv/lib/python3.8/site-packages/airflow/example_dags/example_task_group.py
[2021-03-09 18:56:14,422] {scheduler_job.py:639} INFO - DAG(s) dict_keys(['example_task_group']) retrieved from /home/airflow/venv/lib/python3.8/site-packages/airflow/example_dags/example_task_group.py
[2021-03-09 18:56:14,424] {logging_mixin.py:103} INFO - [2021-03-09 18:56:14,423] {dag.py:1813} INFO - Sync 1 DAGs
[2021-03-09 18:56:14,627] {logging_mixin.py:103} INFO - [2021-03-09 18:56:14,627] {dag.py:2266} INFO - Setting next_dagrun for example_task_group to 2021-03-07 00:00:00+00:00
[2021-03-09 18:56:14,779] {scheduler_job.py:189} INFO - Processing /home/airflow/venv/lib/python3.8/site-packages/airflow/example_dags/example_task_group.py took 0.507 seconds
[2021-03-09 18:57:01,032] {scheduler_job.py:181} INFO - Started process (PID=9650) to work on /home/airflow/venv/lib/python3.8/site-packages/airflow/example_dags/example_task_group.py
[2021-03-09 18:57:01,033] {scheduler_job.py:629} INFO - Processing file /home/airflow/venv/lib/python3.8/site-packages/airflow/example_dags/example_task_group.py for tasks to queue
[2021-03-09 18:57:01,066] {logging_mixin.py:103} INFO - [2021-03-09 18:57:01,066] {dagbag.py:440} INFO - Filling up the DagBag from /home/airflow/venv/lib/python3.8/site-packages/airflow/example_dags/example_task_group.py
[2021-03-09 18:57:01,118] {scheduler_job.py:639} INFO - DAG(s) dict_keys(['example_task_group']) retrieved from /home/airflow/venv/lib/python3.8/site-packages/airflow/example_dags/example_task_group.py
[2021-03-09 18:57:01,120] {logging_mixin.py:103} INFO - [2021-03-09 18:57:01,120] {dag.py:1813} INFO - Sync 1 DAGs
[2021-03-09 18:57:01,179] {logging_mixin.py:103} INFO - [2021-03-09 18:57:01,178] {dag.py:2266} INFO - Setting next_dagrun for example_task_group to 2021-03-07 00:00:00+00:00
[2021-03-09 18:57:01,274] {scheduler_job.py:189} INFO - Processing /home/airflow/venv/lib/python3.8/site-packages/airflow/example_dags/example_task_group.py took 0.248 seconds
[2021-03-09 19:11:08,325] {scheduler_job.py:181} INFO - Started process (PID=10317) to work on /home/airflow/venv/lib/python3.8/site-packages/airflow/example_dags/example_task_group.py
[2021-03-09 19:11:08,326] {scheduler_job.py:629} INFO - Processing file /home/airflow/venv/lib/python3.8/site-packages/airflow/example_dags/example_task_group.py for tasks to queue
[2021-03-09 19:11:08,327] {logging_mixin.py:103} INFO - [2021-03-09 19:11:08,327] {dagbag.py:440} INFO - Filling up the DagBag from /home/airflow/venv/lib/python3.8/site-packages/airflow/example_dags/example_task_group.py
[2021-03-09 19:11:08,442] {scheduler_job.py:639} INFO - DAG(s) dict_keys(['example_task_group']) retrieved from /home/airflow/venv/lib/python3.8/site-packages/airflow/example_dags/example_task_group.py
[2021-03-09 19:11:08,457] {logging_mixin.py:103} INFO - [2021-03-09 19:11:08,457] {dag.py:1813} INFO - Sync 1 DAGs
[2021-03-09 19:11:08,541] {logging_mixin.py:103} INFO - [2021-03-09 19:11:08,541] {dag.py:2266} INFO - Setting next_dagrun for example_task_group to 2021-03-07 00:00:00+00:00
[2021-03-09 19:11:08,655] {scheduler_job.py:189} INFO - Processing /home/airflow/venv/lib/python3.8/site-packages/airflow/example_dags/example_task_group.py took 0.348 seconds
[2021-03-09 19:11:43,155] {scheduler_job.py:181} INFO - Started process (PID=10355) to work on /home/airflow/venv/lib/python3.8/site-packages/airflow/example_dags/example_task_group.py
[2021-03-09 19:11:43,191] {scheduler_job.py:629} INFO - Processing file /home/airflow/venv/lib/python3.8/site-packages/airflow/example_dags/example_task_group.py for tasks to queue
[2021-03-09 19:11:43,196] {logging_mixin.py:103} INFO - [2021-03-09 19:11:43,193] {dagbag.py:440} INFO - Filling up the DagBag from /home/airflow/venv/lib/python3.8/site-packages/airflow/example_dags/example_task_group.py
[2021-03-09 19:11:43,280] {scheduler_job.py:639} INFO - DAG(s) dict_keys(['example_task_group']) retrieved from /home/airflow/venv/lib/python3.8/site-packages/airflow/example_dags/example_task_group.py
[2021-03-09 19:11:43,281] {logging_mixin.py:103} INFO - [2021-03-09 19:11:43,281] {dag.py:1813} INFO - Sync 1 DAGs
[2021-03-09 19:11:43,414] {logging_mixin.py:103} INFO - [2021-03-09 19:11:43,413] {dag.py:2266} INFO - Setting next_dagrun for example_task_group to 2021-03-07 00:00:00+00:00
[2021-03-09 19:11:43,537] {scheduler_job.py:189} INFO - Processing /home/airflow/venv/lib/python3.8/site-packages/airflow/example_dags/example_task_group.py took 0.399 seconds
[2021-03-09 19:12:11,732] {scheduler_job.py:181} INFO - Started process (PID=10384) to work on /home/airflow/venv/lib/python3.8/site-packages/airflow/example_dags/example_task_group.py
[2021-03-09 19:12:11,734] {scheduler_job.py:629} INFO - Processing file /home/airflow/venv/lib/python3.8/site-packages/airflow/example_dags/example_task_group.py for tasks to queue
[2021-03-09 19:12:11,735] {logging_mixin.py:103} INFO - [2021-03-09 19:12:11,735] {dagbag.py:440} INFO - Filling up the DagBag from /home/airflow/venv/lib/python3.8/site-packages/airflow/example_dags/example_task_group.py
[2021-03-09 19:12:11,757] {scheduler_job.py:639} INFO - DAG(s) dict_keys(['example_task_group']) retrieved from /home/airflow/venv/lib/python3.8/site-packages/airflow/example_dags/example_task_group.py
[2021-03-09 19:12:11,758] {logging_mixin.py:103} INFO - [2021-03-09 19:12:11,758] {dag.py:1813} INFO - Sync 1 DAGs
[2021-03-09 19:12:11,785] {logging_mixin.py:103} INFO - [2021-03-09 19:12:11,784] {dag.py:2266} INFO - Setting next_dagrun for example_task_group to 2021-03-07 00:00:00+00:00
[2021-03-09 19:12:11,814] {scheduler_job.py:189} INFO - Processing /home/airflow/venv/lib/python3.8/site-packages/airflow/example_dags/example_task_group.py took 0.088 seconds
[2021-03-09 19:16:29,015] {scheduler_job.py:181} INFO - Started process (PID=1475) to work on /home/airflow/venv/lib/python3.8/site-packages/airflow/example_dags/example_task_group.py
[2021-03-09 19:16:29,017] {scheduler_job.py:629} INFO - Processing file /home/airflow/venv/lib/python3.8/site-packages/airflow/example_dags/example_task_group.py for tasks to queue
[2021-03-09 19:16:29,017] {logging_mixin.py:103} INFO - [2021-03-09 19:16:29,017] {dagbag.py:440} INFO - Filling up the DagBag from /home/airflow/venv/lib/python3.8/site-packages/airflow/example_dags/example_task_group.py
[2021-03-09 19:16:29,024] {scheduler_job.py:639} INFO - DAG(s) dict_keys(['example_task_group']) retrieved from /home/airflow/venv/lib/python3.8/site-packages/airflow/example_dags/example_task_group.py
[2021-03-09 19:16:29,024] {logging_mixin.py:103} INFO - [2021-03-09 19:16:29,024] {dag.py:1813} INFO - Sync 1 DAGs
[2021-03-09 19:16:29,037] {logging_mixin.py:103} INFO - [2021-03-09 19:16:29,036] {dag.py:2266} INFO - Setting next_dagrun for example_task_group to 2021-03-07 00:00:00+00:00
[2021-03-09 19:16:29,055] {scheduler_job.py:189} INFO - Processing /home/airflow/venv/lib/python3.8/site-packages/airflow/example_dags/example_task_group.py took 0.042 seconds
[2021-03-09 19:16:57,255] {scheduler_job.py:181} INFO - Started process (PID=1524) to work on /home/airflow/venv/lib/python3.8/site-packages/airflow/example_dags/example_task_group.py
[2021-03-09 19:16:57,256] {scheduler_job.py:629} INFO - Processing file /home/airflow/venv/lib/python3.8/site-packages/airflow/example_dags/example_task_group.py for tasks to queue
[2021-03-09 19:16:57,256] {logging_mixin.py:103} INFO - [2021-03-09 19:16:57,256] {dagbag.py:440} INFO - Filling up the DagBag from /home/airflow/venv/lib/python3.8/site-packages/airflow/example_dags/example_task_group.py
[2021-03-09 19:16:57,264] {scheduler_job.py:639} INFO - DAG(s) dict_keys(['example_task_group']) retrieved from /home/airflow/venv/lib/python3.8/site-packages/airflow/example_dags/example_task_group.py
[2021-03-09 19:16:57,264] {logging_mixin.py:103} INFO - [2021-03-09 19:16:57,264] {dag.py:1813} INFO - Sync 1 DAGs
[2021-03-09 19:16:57,276] {logging_mixin.py:103} INFO - [2021-03-09 19:16:57,275] {dag.py:2266} INFO - Setting next_dagrun for example_task_group to 2021-03-07 00:00:00+00:00
[2021-03-09 19:16:57,283] {scheduler_job.py:189} INFO - Processing /home/airflow/venv/lib/python3.8/site-packages/airflow/example_dags/example_task_group.py took 0.029 seconds
[2021-03-09 19:17:24,136] {scheduler_job.py:181} INFO - Started process (PID=1593) to work on /home/airflow/venv/lib/python3.8/site-packages/airflow/example_dags/example_task_group.py
[2021-03-09 19:17:24,137] {scheduler_job.py:629} INFO - Processing file /home/airflow/venv/lib/python3.8/site-packages/airflow/example_dags/example_task_group.py for tasks to queue
[2021-03-09 19:17:24,137] {logging_mixin.py:103} INFO - [2021-03-09 19:17:24,137] {dagbag.py:440} INFO - Filling up the DagBag from /home/airflow/venv/lib/python3.8/site-packages/airflow/example_dags/example_task_group.py
[2021-03-09 19:17:24,144] {scheduler_job.py:639} INFO - DAG(s) dict_keys(['example_task_group']) retrieved from /home/airflow/venv/lib/python3.8/site-packages/airflow/example_dags/example_task_group.py
[2021-03-09 19:17:24,144] {logging_mixin.py:103} INFO - [2021-03-09 19:17:24,144] {dag.py:1813} INFO - Sync 1 DAGs
[2021-03-09 19:17:24,154] {logging_mixin.py:103} INFO - [2021-03-09 19:17:24,154] {dag.py:2266} INFO - Setting next_dagrun for example_task_group to 2021-03-07 00:00:00+00:00
[2021-03-09 19:17:24,163] {scheduler_job.py:189} INFO - Processing /home/airflow/venv/lib/python3.8/site-packages/airflow/example_dags/example_task_group.py took 0.029 seconds
[2021-03-09 19:17:51,503] {scheduler_job.py:181} INFO - Started process (PID=1660) to work on /home/airflow/venv/lib/python3.8/site-packages/airflow/example_dags/example_task_group.py
[2021-03-09 19:17:51,504] {scheduler_job.py:629} INFO - Processing file /home/airflow/venv/lib/python3.8/site-packages/airflow/example_dags/example_task_group.py for tasks to queue
[2021-03-09 19:17:51,505] {logging_mixin.py:103} INFO - [2021-03-09 19:17:51,505] {dagbag.py:440} INFO - Filling up the DagBag from /home/airflow/venv/lib/python3.8/site-packages/airflow/example_dags/example_task_group.py
[2021-03-09 19:17:51,518] {scheduler_job.py:639} INFO - DAG(s) dict_keys(['example_task_group']) retrieved from /home/airflow/venv/lib/python3.8/site-packages/airflow/example_dags/example_task_group.py
[2021-03-09 19:17:51,521] {logging_mixin.py:103} INFO - [2021-03-09 19:17:51,520] {dag.py:1813} INFO - Sync 1 DAGs
[2021-03-09 19:17:51,540] {logging_mixin.py:103} INFO - [2021-03-09 19:17:51,540] {dag.py:2266} INFO - Setting next_dagrun for example_task_group to 2021-03-07 00:00:00+00:00
[2021-03-09 19:17:51,551] {scheduler_job.py:189} INFO - Processing /home/airflow/venv/lib/python3.8/site-packages/airflow/example_dags/example_task_group.py took 0.050 seconds
[2021-03-09 19:18:19,742] {scheduler_job.py:181} INFO - Started process (PID=1762) to work on /home/airflow/venv/lib/python3.8/site-packages/airflow/example_dags/example_task_group.py
[2021-03-09 19:18:19,757] {scheduler_job.py:629} INFO - Processing file /home/airflow/venv/lib/python3.8/site-packages/airflow/example_dags/example_task_group.py for tasks to queue
[2021-03-09 19:18:19,758] {logging_mixin.py:103} INFO - [2021-03-09 19:18:19,757] {dagbag.py:440} INFO - Filling up the DagBag from /home/airflow/venv/lib/python3.8/site-packages/airflow/example_dags/example_task_group.py
[2021-03-09 19:18:19,810] {scheduler_job.py:639} INFO - DAG(s) dict_keys(['example_task_group']) retrieved from /home/airflow/venv/lib/python3.8/site-packages/airflow/example_dags/example_task_group.py
[2021-03-09 19:18:19,811] {logging_mixin.py:103} INFO - [2021-03-09 19:18:19,811] {dag.py:1813} INFO - Sync 1 DAGs
[2021-03-09 19:18:19,884] {logging_mixin.py:103} INFO - [2021-03-09 19:18:19,884] {dag.py:2266} INFO - Setting next_dagrun for example_task_group to 2021-03-07 00:00:00+00:00
[2021-03-09 19:18:20,058] {scheduler_job.py:189} INFO - Processing /home/airflow/venv/lib/python3.8/site-packages/airflow/example_dags/example_task_group.py took 0.326 seconds
[2021-03-09 19:18:48,864] {scheduler_job.py:181} INFO - Started process (PID=1842) to work on /home/airflow/venv/lib/python3.8/site-packages/airflow/example_dags/example_task_group.py
[2021-03-09 19:18:48,868] {scheduler_job.py:629} INFO - Processing file /home/airflow/venv/lib/python3.8/site-packages/airflow/example_dags/example_task_group.py for tasks to queue
[2021-03-09 19:18:48,869] {logging_mixin.py:103} INFO - [2021-03-09 19:18:48,869] {dagbag.py:440} INFO - Filling up the DagBag from /home/airflow/venv/lib/python3.8/site-packages/airflow/example_dags/example_task_group.py
[2021-03-09 19:18:48,888] {scheduler_job.py:639} INFO - DAG(s) dict_keys(['example_task_group']) retrieved from /home/airflow/venv/lib/python3.8/site-packages/airflow/example_dags/example_task_group.py
[2021-03-09 19:18:48,893] {logging_mixin.py:103} INFO - [2021-03-09 19:18:48,893] {dag.py:1813} INFO - Sync 1 DAGs
[2021-03-09 19:18:48,919] {logging_mixin.py:103} INFO - [2021-03-09 19:18:48,919] {dag.py:2266} INFO - Setting next_dagrun for example_task_group to 2021-03-07 00:00:00+00:00
[2021-03-09 19:18:48,944] {scheduler_job.py:189} INFO - Processing /home/airflow/venv/lib/python3.8/site-packages/airflow/example_dags/example_task_group.py took 0.082 seconds
[2021-03-09 19:19:16,353] {scheduler_job.py:181} INFO - Started process (PID=1912) to work on /home/airflow/venv/lib/python3.8/site-packages/airflow/example_dags/example_task_group.py
[2021-03-09 19:19:16,354] {scheduler_job.py:629} INFO - Processing file /home/airflow/venv/lib/python3.8/site-packages/airflow/example_dags/example_task_group.py for tasks to queue
[2021-03-09 19:19:16,354] {logging_mixin.py:103} INFO - [2021-03-09 19:19:16,354] {dagbag.py:440} INFO - Filling up the DagBag from /home/airflow/venv/lib/python3.8/site-packages/airflow/example_dags/example_task_group.py
[2021-03-09 19:19:16,375] {scheduler_job.py:639} INFO - DAG(s) dict_keys(['example_task_group']) retrieved from /home/airflow/venv/lib/python3.8/site-packages/airflow/example_dags/example_task_group.py
[2021-03-09 19:19:16,376] {logging_mixin.py:103} INFO - [2021-03-09 19:19:16,376] {dag.py:1813} INFO - Sync 1 DAGs
[2021-03-09 19:19:16,429] {logging_mixin.py:103} INFO - [2021-03-09 19:19:16,429] {dag.py:2266} INFO - Setting next_dagrun for example_task_group to 2021-03-07 00:00:00+00:00
[2021-03-09 19:19:16,502] {scheduler_job.py:189} INFO - Processing /home/airflow/venv/lib/python3.8/site-packages/airflow/example_dags/example_task_group.py took 0.162 seconds
[2021-03-09 19:19:43,694] {scheduler_job.py:181} INFO - Started process (PID=1978) to work on /home/airflow/venv/lib/python3.8/site-packages/airflow/example_dags/example_task_group.py
[2021-03-09 19:19:43,695] {scheduler_job.py:629} INFO - Processing file /home/airflow/venv/lib/python3.8/site-packages/airflow/example_dags/example_task_group.py for tasks to queue
[2021-03-09 19:19:43,695] {logging_mixin.py:103} INFO - [2021-03-09 19:19:43,695] {dagbag.py:440} INFO - Filling up the DagBag from /home/airflow/venv/lib/python3.8/site-packages/airflow/example_dags/example_task_group.py
[2021-03-09 19:19:43,703] {scheduler_job.py:639} INFO - DAG(s) dict_keys(['example_task_group']) retrieved from /home/airflow/venv/lib/python3.8/site-packages/airflow/example_dags/example_task_group.py
[2021-03-09 19:19:43,704] {logging_mixin.py:103} INFO - [2021-03-09 19:19:43,704] {dag.py:1813} INFO - Sync 1 DAGs
[2021-03-09 19:19:43,720] {logging_mixin.py:103} INFO - [2021-03-09 19:19:43,720] {dag.py:2266} INFO - Setting next_dagrun for example_task_group to 2021-03-07 00:00:00+00:00
[2021-03-09 19:19:43,732] {scheduler_job.py:189} INFO - Processing /home/airflow/venv/lib/python3.8/site-packages/airflow/example_dags/example_task_group.py took 0.040 seconds
[2021-03-09 19:20:10,483] {scheduler_job.py:181} INFO - Started process (PID=2047) to work on /home/airflow/venv/lib/python3.8/site-packages/airflow/example_dags/example_task_group.py
[2021-03-09 19:20:10,484] {scheduler_job.py:629} INFO - Processing file /home/airflow/venv/lib/python3.8/site-packages/airflow/example_dags/example_task_group.py for tasks to queue
[2021-03-09 19:20:10,484] {logging_mixin.py:103} INFO - [2021-03-09 19:20:10,484] {dagbag.py:440} INFO - Filling up the DagBag from /home/airflow/venv/lib/python3.8/site-packages/airflow/example_dags/example_task_group.py
[2021-03-09 19:20:10,494] {scheduler_job.py:639} INFO - DAG(s) dict_keys(['example_task_group']) retrieved from /home/airflow/venv/lib/python3.8/site-packages/airflow/example_dags/example_task_group.py
[2021-03-09 19:20:10,495] {logging_mixin.py:103} INFO - [2021-03-09 19:20:10,495] {dag.py:1813} INFO - Sync 1 DAGs
[2021-03-09 19:20:10,507] {logging_mixin.py:103} INFO - [2021-03-09 19:20:10,507] {dag.py:2266} INFO - Setting next_dagrun for example_task_group to 2021-03-07 00:00:00+00:00
[2021-03-09 19:20:10,518] {scheduler_job.py:189} INFO - Processing /home/airflow/venv/lib/python3.8/site-packages/airflow/example_dags/example_task_group.py took 0.037 seconds
[2021-03-09 19:20:37,335] {scheduler_job.py:181} INFO - Started process (PID=2120) to work on /home/airflow/venv/lib/python3.8/site-packages/airflow/example_dags/example_task_group.py
[2021-03-09 19:20:37,336] {scheduler_job.py:629} INFO - Processing file /home/airflow/venv/lib/python3.8/site-packages/airflow/example_dags/example_task_group.py for tasks to queue
[2021-03-09 19:20:37,336] {logging_mixin.py:103} INFO - [2021-03-09 19:20:37,336] {dagbag.py:440} INFO - Filling up the DagBag from /home/airflow/venv/lib/python3.8/site-packages/airflow/example_dags/example_task_group.py
[2021-03-09 19:20:37,344] {scheduler_job.py:639} INFO - DAG(s) dict_keys(['example_task_group']) retrieved from /home/airflow/venv/lib/python3.8/site-packages/airflow/example_dags/example_task_group.py
[2021-03-09 19:20:37,345] {logging_mixin.py:103} INFO - [2021-03-09 19:20:37,345] {dag.py:1813} INFO - Sync 1 DAGs
[2021-03-09 19:20:37,359] {logging_mixin.py:103} INFO - [2021-03-09 19:20:37,359] {dag.py:2266} INFO - Setting next_dagrun for example_task_group to 2021-03-07 00:00:00+00:00
[2021-03-09 19:20:37,371] {scheduler_job.py:189} INFO - Processing /home/airflow/venv/lib/python3.8/site-packages/airflow/example_dags/example_task_group.py took 0.037 seconds
[2021-03-09 19:21:05,405] {scheduler_job.py:181} INFO - Started process (PID=2195) to work on /home/airflow/venv/lib/python3.8/site-packages/airflow/example_dags/example_task_group.py
[2021-03-09 19:21:05,406] {scheduler_job.py:629} INFO - Processing file /home/airflow/venv/lib/python3.8/site-packages/airflow/example_dags/example_task_group.py for tasks to queue
[2021-03-09 19:21:05,406] {logging_mixin.py:103} INFO - [2021-03-09 19:21:05,406] {dagbag.py:440} INFO - Filling up the DagBag from /home/airflow/venv/lib/python3.8/site-packages/airflow/example_dags/example_task_group.py
[2021-03-09 19:21:05,416] {scheduler_job.py:639} INFO - DAG(s) dict_keys(['example_task_group']) retrieved from /home/airflow/venv/lib/python3.8/site-packages/airflow/example_dags/example_task_group.py
[2021-03-09 19:21:05,417] {logging_mixin.py:103} INFO - [2021-03-09 19:21:05,417] {dag.py:1813} INFO - Sync 1 DAGs
[2021-03-09 19:21:05,429] {logging_mixin.py:103} INFO - [2021-03-09 19:21:05,429] {dag.py:2266} INFO - Setting next_dagrun for example_task_group to 2021-03-07 00:00:00+00:00
[2021-03-09 19:21:05,438] {scheduler_job.py:189} INFO - Processing /home/airflow/venv/lib/python3.8/site-packages/airflow/example_dags/example_task_group.py took 0.040 seconds
[2021-03-09 19:21:30,712] {scheduler_job.py:181} INFO - Started process (PID=2263) to work on /home/airflow/venv/lib/python3.8/site-packages/airflow/example_dags/example_task_group.py
[2021-03-09 19:21:30,712] {scheduler_job.py:629} INFO - Processing file /home/airflow/venv/lib/python3.8/site-packages/airflow/example_dags/example_task_group.py for tasks to queue
[2021-03-09 19:21:30,713] {logging_mixin.py:103} INFO - [2021-03-09 19:21:30,712] {dagbag.py:440} INFO - Filling up the DagBag from /home/airflow/venv/lib/python3.8/site-packages/airflow/example_dags/example_task_group.py
[2021-03-09 19:21:30,719] {scheduler_job.py:639} INFO - DAG(s) dict_keys(['example_task_group']) retrieved from /home/airflow/venv/lib/python3.8/site-packages/airflow/example_dags/example_task_group.py
[2021-03-09 19:21:30,719] {logging_mixin.py:103} INFO - [2021-03-09 19:21:30,719] {dag.py:1813} INFO - Sync 1 DAGs
[2021-03-09 19:21:30,730] {logging_mixin.py:103} INFO - [2021-03-09 19:21:30,730] {dag.py:2266} INFO - Setting next_dagrun for example_task_group to 2021-03-07 00:00:00+00:00
[2021-03-09 19:21:30,741] {scheduler_job.py:189} INFO - Processing /home/airflow/venv/lib/python3.8/site-packages/airflow/example_dags/example_task_group.py took 0.038 seconds
[2021-03-09 19:21:56,246] {scheduler_job.py:181} INFO - Started process (PID=2334) to work on /home/airflow/venv/lib/python3.8/site-packages/airflow/example_dags/example_task_group.py
[2021-03-09 19:21:56,247] {scheduler_job.py:629} INFO - Processing file /home/airflow/venv/lib/python3.8/site-packages/airflow/example_dags/example_task_group.py for tasks to queue
[2021-03-09 19:21:56,248] {logging_mixin.py:103} INFO - [2021-03-09 19:21:56,247] {dagbag.py:440} INFO - Filling up the DagBag from /home/airflow/venv/lib/python3.8/site-packages/airflow/example_dags/example_task_group.py
[2021-03-09 19:21:56,257] {scheduler_job.py:639} INFO - DAG(s) dict_keys(['example_task_group']) retrieved from /home/airflow/venv/lib/python3.8/site-packages/airflow/example_dags/example_task_group.py
[2021-03-09 19:21:56,257] {logging_mixin.py:103} INFO - [2021-03-09 19:21:56,257] {dag.py:1813} INFO - Sync 1 DAGs
[2021-03-09 19:21:56,270] {logging_mixin.py:103} INFO - [2021-03-09 19:21:56,270] {dag.py:2266} INFO - Setting next_dagrun for example_task_group to 2021-03-07 00:00:00+00:00
[2021-03-09 19:21:56,279] {scheduler_job.py:189} INFO - Processing /home/airflow/venv/lib/python3.8/site-packages/airflow/example_dags/example_task_group.py took 0.035 seconds
[2021-03-09 19:22:21,435] {scheduler_job.py:181} INFO - Started process (PID=2405) to work on /home/airflow/venv/lib/python3.8/site-packages/airflow/example_dags/example_task_group.py
[2021-03-09 19:22:21,435] {scheduler_job.py:629} INFO - Processing file /home/airflow/venv/lib/python3.8/site-packages/airflow/example_dags/example_task_group.py for tasks to queue
[2021-03-09 19:22:21,436] {logging_mixin.py:103} INFO - [2021-03-09 19:22:21,436] {dagbag.py:440} INFO - Filling up the DagBag from /home/airflow/venv/lib/python3.8/site-packages/airflow/example_dags/example_task_group.py
[2021-03-09 19:22:21,442] {scheduler_job.py:639} INFO - DAG(s) dict_keys(['example_task_group']) retrieved from /home/airflow/venv/lib/python3.8/site-packages/airflow/example_dags/example_task_group.py
[2021-03-09 19:22:21,443] {logging_mixin.py:103} INFO - [2021-03-09 19:22:21,443] {dag.py:1813} INFO - Sync 1 DAGs
[2021-03-09 19:22:21,459] {logging_mixin.py:103} INFO - [2021-03-09 19:22:21,459] {dag.py:2266} INFO - Setting next_dagrun for example_task_group to 2021-03-07 00:00:00+00:00
[2021-03-09 19:22:21,469] {scheduler_job.py:189} INFO - Processing /home/airflow/venv/lib/python3.8/site-packages/airflow/example_dags/example_task_group.py took 0.036 seconds
[2021-03-09 19:22:47,536] {scheduler_job.py:181} INFO - Started process (PID=2471) to work on /home/airflow/venv/lib/python3.8/site-packages/airflow/example_dags/example_task_group.py
[2021-03-09 19:22:47,538] {scheduler_job.py:629} INFO - Processing file /home/airflow/venv/lib/python3.8/site-packages/airflow/example_dags/example_task_group.py for tasks to queue
[2021-03-09 19:22:47,539] {logging_mixin.py:103} INFO - [2021-03-09 19:22:47,539] {dagbag.py:440} INFO - Filling up the DagBag from /home/airflow/venv/lib/python3.8/site-packages/airflow/example_dags/example_task_group.py
[2021-03-09 19:22:47,548] {scheduler_job.py:639} INFO - DAG(s) dict_keys(['example_task_group']) retrieved from /home/airflow/venv/lib/python3.8/site-packages/airflow/example_dags/example_task_group.py
[2021-03-09 19:22:47,549] {logging_mixin.py:103} INFO - [2021-03-09 19:22:47,549] {dag.py:1813} INFO - Sync 1 DAGs
[2021-03-09 19:22:47,562] {logging_mixin.py:103} INFO - [2021-03-09 19:22:47,562] {dag.py:2266} INFO - Setting next_dagrun for example_task_group to 2021-03-07 00:00:00+00:00
[2021-03-09 19:22:47,575] {scheduler_job.py:189} INFO - Processing /home/airflow/venv/lib/python3.8/site-packages/airflow/example_dags/example_task_group.py took 0.041 seconds
[2021-03-09 19:23:14,740] {scheduler_job.py:181} INFO - Started process (PID=2541) to work on /home/airflow/venv/lib/python3.8/site-packages/airflow/example_dags/example_task_group.py
[2021-03-09 19:23:14,745] {scheduler_job.py:629} INFO - Processing file /home/airflow/venv/lib/python3.8/site-packages/airflow/example_dags/example_task_group.py for tasks to queue
[2021-03-09 19:23:14,745] {logging_mixin.py:103} INFO - [2021-03-09 19:23:14,745] {dagbag.py:440} INFO - Filling up the DagBag from /home/airflow/venv/lib/python3.8/site-packages/airflow/example_dags/example_task_group.py
[2021-03-09 19:23:14,753] {scheduler_job.py:639} INFO - DAG(s) dict_keys(['example_task_group']) retrieved from /home/airflow/venv/lib/python3.8/site-packages/airflow/example_dags/example_task_group.py
[2021-03-09 19:23:14,754] {logging_mixin.py:103} INFO - [2021-03-09 19:23:14,754] {dag.py:1813} INFO - Sync 1 DAGs
[2021-03-09 19:23:14,766] {logging_mixin.py:103} INFO - [2021-03-09 19:23:14,766] {dag.py:2266} INFO - Setting next_dagrun for example_task_group to 2021-03-07 00:00:00+00:00
[2021-03-09 19:23:14,776] {scheduler_job.py:189} INFO - Processing /home/airflow/venv/lib/python3.8/site-packages/airflow/example_dags/example_task_group.py took 0.039 seconds
[2021-03-09 19:23:40,050] {scheduler_job.py:181} INFO - Started process (PID=2605) to work on /home/airflow/venv/lib/python3.8/site-packages/airflow/example_dags/example_task_group.py
[2021-03-09 19:23:40,051] {scheduler_job.py:629} INFO - Processing file /home/airflow/venv/lib/python3.8/site-packages/airflow/example_dags/example_task_group.py for tasks to queue
[2021-03-09 19:23:40,051] {logging_mixin.py:103} INFO - [2021-03-09 19:23:40,051] {dagbag.py:440} INFO - Filling up the DagBag from /home/airflow/venv/lib/python3.8/site-packages/airflow/example_dags/example_task_group.py
[2021-03-09 19:23:40,065] {scheduler_job.py:639} INFO - DAG(s) dict_keys(['example_task_group']) retrieved from /home/airflow/venv/lib/python3.8/site-packages/airflow/example_dags/example_task_group.py
[2021-03-09 19:23:40,066] {logging_mixin.py:103} INFO - [2021-03-09 19:23:40,066] {dag.py:1813} INFO - Sync 1 DAGs
[2021-03-09 19:23:40,081] {logging_mixin.py:103} INFO - [2021-03-09 19:23:40,081] {dag.py:2266} INFO - Setting next_dagrun for example_task_group to 2021-03-07 00:00:00+00:00
[2021-03-09 19:23:40,091] {scheduler_job.py:189} INFO - Processing /home/airflow/venv/lib/python3.8/site-packages/airflow/example_dags/example_task_group.py took 0.049 seconds
[2021-03-09 19:24:06,396] {scheduler_job.py:181} INFO - Started process (PID=2672) to work on /home/airflow/venv/lib/python3.8/site-packages/airflow/example_dags/example_task_group.py
[2021-03-09 19:24:06,397] {scheduler_job.py:629} INFO - Processing file /home/airflow/venv/lib/python3.8/site-packages/airflow/example_dags/example_task_group.py for tasks to queue
[2021-03-09 19:24:06,397] {logging_mixin.py:103} INFO - [2021-03-09 19:24:06,397] {dagbag.py:440} INFO - Filling up the DagBag from /home/airflow/venv/lib/python3.8/site-packages/airflow/example_dags/example_task_group.py
[2021-03-09 19:24:06,407] {scheduler_job.py:639} INFO - DAG(s) dict_keys(['example_task_group']) retrieved from /home/airflow/venv/lib/python3.8/site-packages/airflow/example_dags/example_task_group.py
[2021-03-09 19:24:06,407] {logging_mixin.py:103} INFO - [2021-03-09 19:24:06,407] {dag.py:1813} INFO - Sync 1 DAGs
[2021-03-09 19:24:06,419] {logging_mixin.py:103} INFO - [2021-03-09 19:24:06,419] {dag.py:2266} INFO - Setting next_dagrun for example_task_group to 2021-03-07 00:00:00+00:00
[2021-03-09 19:24:06,429] {scheduler_job.py:189} INFO - Processing /home/airflow/venv/lib/python3.8/site-packages/airflow/example_dags/example_task_group.py took 0.035 seconds
[2021-03-09 19:24:31,662] {scheduler_job.py:181} INFO - Started process (PID=2737) to work on /home/airflow/venv/lib/python3.8/site-packages/airflow/example_dags/example_task_group.py
[2021-03-09 19:24:31,663] {scheduler_job.py:629} INFO - Processing file /home/airflow/venv/lib/python3.8/site-packages/airflow/example_dags/example_task_group.py for tasks to queue
[2021-03-09 19:24:31,663] {logging_mixin.py:103} INFO - [2021-03-09 19:24:31,663] {dagbag.py:440} INFO - Filling up the DagBag from /home/airflow/venv/lib/python3.8/site-packages/airflow/example_dags/example_task_group.py
[2021-03-09 19:24:31,675] {scheduler_job.py:639} INFO - DAG(s) dict_keys(['example_task_group']) retrieved from /home/airflow/venv/lib/python3.8/site-packages/airflow/example_dags/example_task_group.py
[2021-03-09 19:24:31,675] {logging_mixin.py:103} INFO - [2021-03-09 19:24:31,675] {dag.py:1813} INFO - Sync 1 DAGs
[2021-03-09 19:24:31,690] {logging_mixin.py:103} INFO - [2021-03-09 19:24:31,690] {dag.py:2266} INFO - Setting next_dagrun for example_task_group to 2021-03-07 00:00:00+00:00
[2021-03-09 19:24:31,704] {scheduler_job.py:189} INFO - Processing /home/airflow/venv/lib/python3.8/site-packages/airflow/example_dags/example_task_group.py took 0.044 seconds
[2021-03-09 19:24:57,958] {scheduler_job.py:181} INFO - Started process (PID=2804) to work on /home/airflow/venv/lib/python3.8/site-packages/airflow/example_dags/example_task_group.py
[2021-03-09 19:24:57,959] {scheduler_job.py:629} INFO - Processing file /home/airflow/venv/lib/python3.8/site-packages/airflow/example_dags/example_task_group.py for tasks to queue
[2021-03-09 19:24:57,959] {logging_mixin.py:103} INFO - [2021-03-09 19:24:57,959] {dagbag.py:440} INFO - Filling up the DagBag from /home/airflow/venv/lib/python3.8/site-packages/airflow/example_dags/example_task_group.py
[2021-03-09 19:24:57,966] {scheduler_job.py:639} INFO - DAG(s) dict_keys(['example_task_group']) retrieved from /home/airflow/venv/lib/python3.8/site-packages/airflow/example_dags/example_task_group.py
[2021-03-09 19:24:57,966] {logging_mixin.py:103} INFO - [2021-03-09 19:24:57,966] {dag.py:1813} INFO - Sync 1 DAGs
[2021-03-09 19:24:57,979] {logging_mixin.py:103} INFO - [2021-03-09 19:24:57,979] {dag.py:2266} INFO - Setting next_dagrun for example_task_group to 2021-03-07 00:00:00+00:00
[2021-03-09 19:24:57,989] {scheduler_job.py:189} INFO - Processing /home/airflow/venv/lib/python3.8/site-packages/airflow/example_dags/example_task_group.py took 0.038 seconds
[2021-03-09 19:25:25,115] {scheduler_job.py:181} INFO - Started process (PID=2874) to work on /home/airflow/venv/lib/python3.8/site-packages/airflow/example_dags/example_task_group.py
[2021-03-09 19:25:25,116] {scheduler_job.py:629} INFO - Processing file /home/airflow/venv/lib/python3.8/site-packages/airflow/example_dags/example_task_group.py for tasks to queue
[2021-03-09 19:25:25,116] {logging_mixin.py:103} INFO - [2021-03-09 19:25:25,116] {dagbag.py:440} INFO - Filling up the DagBag from /home/airflow/venv/lib/python3.8/site-packages/airflow/example_dags/example_task_group.py
[2021-03-09 19:25:25,128] {scheduler_job.py:639} INFO - DAG(s) dict_keys(['example_task_group']) retrieved from /home/airflow/venv/lib/python3.8/site-packages/airflow/example_dags/example_task_group.py
[2021-03-09 19:25:25,129] {logging_mixin.py:103} INFO - [2021-03-09 19:25:25,128] {dag.py:1813} INFO - Sync 1 DAGs
[2021-03-09 19:25:25,138] {logging_mixin.py:103} INFO - [2021-03-09 19:25:25,138] {dag.py:2266} INFO - Setting next_dagrun for example_task_group to 2021-03-07 00:00:00+00:00
[2021-03-09 19:25:25,158] {scheduler_job.py:189} INFO - Processing /home/airflow/venv/lib/python3.8/site-packages/airflow/example_dags/example_task_group.py took 0.045 seconds
[2021-03-09 19:25:51,553] {scheduler_job.py:181} INFO - Started process (PID=2945) to work on /home/airflow/venv/lib/python3.8/site-packages/airflow/example_dags/example_task_group.py
[2021-03-09 19:25:51,553] {scheduler_job.py:629} INFO - Processing file /home/airflow/venv/lib/python3.8/site-packages/airflow/example_dags/example_task_group.py for tasks to queue
[2021-03-09 19:25:51,554] {logging_mixin.py:103} INFO - [2021-03-09 19:25:51,554] {dagbag.py:440} INFO - Filling up the DagBag from /home/airflow/venv/lib/python3.8/site-packages/airflow/example_dags/example_task_group.py
[2021-03-09 19:25:51,568] {scheduler_job.py:639} INFO - DAG(s) dict_keys(['example_task_group']) retrieved from /home/airflow/venv/lib/python3.8/site-packages/airflow/example_dags/example_task_group.py
[2021-03-09 19:25:51,572] {logging_mixin.py:103} INFO - [2021-03-09 19:25:51,572] {dag.py:1813} INFO - Sync 1 DAGs
[2021-03-09 19:25:51,598] {logging_mixin.py:103} INFO - [2021-03-09 19:25:51,598] {dag.py:2266} INFO - Setting next_dagrun for example_task_group to 2021-03-07 00:00:00+00:00
[2021-03-09 19:25:51,620] {scheduler_job.py:189} INFO - Processing /home/airflow/venv/lib/python3.8/site-packages/airflow/example_dags/example_task_group.py took 0.077 seconds
[2021-03-09 19:26:16,821] {scheduler_job.py:181} INFO - Started process (PID=3008) to work on /home/airflow/venv/lib/python3.8/site-packages/airflow/example_dags/example_task_group.py
[2021-03-09 19:26:16,821] {scheduler_job.py:629} INFO - Processing file /home/airflow/venv/lib/python3.8/site-packages/airflow/example_dags/example_task_group.py for tasks to queue
[2021-03-09 19:26:16,822] {logging_mixin.py:103} INFO - [2021-03-09 19:26:16,822] {dagbag.py:440} INFO - Filling up the DagBag from /home/airflow/venv/lib/python3.8/site-packages/airflow/example_dags/example_task_group.py
[2021-03-09 19:26:16,831] {scheduler_job.py:639} INFO - DAG(s) dict_keys(['example_task_group']) retrieved from /home/airflow/venv/lib/python3.8/site-packages/airflow/example_dags/example_task_group.py
[2021-03-09 19:26:16,832] {logging_mixin.py:103} INFO - [2021-03-09 19:26:16,832] {dag.py:1813} INFO - Sync 1 DAGs
[2021-03-09 19:26:16,844] {logging_mixin.py:103} INFO - [2021-03-09 19:26:16,843] {dag.py:2266} INFO - Setting next_dagrun for example_task_group to 2021-03-07 00:00:00+00:00
[2021-03-09 19:26:16,855] {scheduler_job.py:189} INFO - Processing /home/airflow/venv/lib/python3.8/site-packages/airflow/example_dags/example_task_group.py took 0.040 seconds
[2021-03-09 19:26:41,011] {scheduler_job.py:181} INFO - Started process (PID=3072) to work on /home/airflow/venv/lib/python3.8/site-packages/airflow/example_dags/example_task_group.py
[2021-03-09 19:26:41,012] {scheduler_job.py:629} INFO - Processing file /home/airflow/venv/lib/python3.8/site-packages/airflow/example_dags/example_task_group.py for tasks to queue
[2021-03-09 19:26:41,012] {logging_mixin.py:103} INFO - [2021-03-09 19:26:41,012] {dagbag.py:440} INFO - Filling up the DagBag from /home/airflow/venv/lib/python3.8/site-packages/airflow/example_dags/example_task_group.py
[2021-03-09 19:26:41,029] {scheduler_job.py:639} INFO - DAG(s) dict_keys(['example_task_group']) retrieved from /home/airflow/venv/lib/python3.8/site-packages/airflow/example_dags/example_task_group.py
[2021-03-09 19:26:41,030] {logging_mixin.py:103} INFO - [2021-03-09 19:26:41,030] {dag.py:1813} INFO - Sync 1 DAGs
[2021-03-09 19:26:41,041] {logging_mixin.py:103} INFO - [2021-03-09 19:26:41,040] {dag.py:2266} INFO - Setting next_dagrun for example_task_group to 2021-03-07 00:00:00+00:00
[2021-03-09 19:26:41,050] {scheduler_job.py:189} INFO - Processing /home/airflow/venv/lib/python3.8/site-packages/airflow/example_dags/example_task_group.py took 0.041 seconds
[2021-03-09 19:27:07,316] {scheduler_job.py:181} INFO - Started process (PID=3139) to work on /home/airflow/venv/lib/python3.8/site-packages/airflow/example_dags/example_task_group.py
[2021-03-09 19:27:07,317] {scheduler_job.py:629} INFO - Processing file /home/airflow/venv/lib/python3.8/site-packages/airflow/example_dags/example_task_group.py for tasks to queue
[2021-03-09 19:27:07,317] {logging_mixin.py:103} INFO - [2021-03-09 19:27:07,317] {dagbag.py:440} INFO - Filling up the DagBag from /home/airflow/venv/lib/python3.8/site-packages/airflow/example_dags/example_task_group.py
[2021-03-09 19:27:07,324] {scheduler_job.py:639} INFO - DAG(s) dict_keys(['example_task_group']) retrieved from /home/airflow/venv/lib/python3.8/site-packages/airflow/example_dags/example_task_group.py
[2021-03-09 19:27:07,324] {logging_mixin.py:103} INFO - [2021-03-09 19:27:07,324] {dag.py:1813} INFO - Sync 1 DAGs
[2021-03-09 19:27:07,342] {logging_mixin.py:103} INFO - [2021-03-09 19:27:07,342] {dag.py:2266} INFO - Setting next_dagrun for example_task_group to 2021-03-07 00:00:00+00:00
[2021-03-09 19:27:07,353] {scheduler_job.py:189} INFO - Processing /home/airflow/venv/lib/python3.8/site-packages/airflow/example_dags/example_task_group.py took 0.039 seconds
[2021-03-09 19:27:34,708] {scheduler_job.py:181} INFO - Started process (PID=3207) to work on /home/airflow/venv/lib/python3.8/site-packages/airflow/example_dags/example_task_group.py
[2021-03-09 19:27:34,709] {scheduler_job.py:629} INFO - Processing file /home/airflow/venv/lib/python3.8/site-packages/airflow/example_dags/example_task_group.py for tasks to queue
[2021-03-09 19:27:34,709] {logging_mixin.py:103} INFO - [2021-03-09 19:27:34,709] {dagbag.py:440} INFO - Filling up the DagBag from /home/airflow/venv/lib/python3.8/site-packages/airflow/example_dags/example_task_group.py
[2021-03-09 19:27:34,723] {scheduler_job.py:639} INFO - DAG(s) dict_keys(['example_task_group']) retrieved from /home/airflow/venv/lib/python3.8/site-packages/airflow/example_dags/example_task_group.py
[2021-03-09 19:27:34,725] {logging_mixin.py:103} INFO - [2021-03-09 19:27:34,724] {dag.py:1813} INFO - Sync 1 DAGs
[2021-03-09 19:27:34,739] {logging_mixin.py:103} INFO - [2021-03-09 19:27:34,739] {dag.py:2266} INFO - Setting next_dagrun for example_task_group to 2021-03-07 00:00:00+00:00
[2021-03-09 19:27:34,748] {scheduler_job.py:189} INFO - Processing /home/airflow/venv/lib/python3.8/site-packages/airflow/example_dags/example_task_group.py took 0.041 seconds
[2021-03-09 19:27:59,946] {scheduler_job.py:181} INFO - Started process (PID=3274) to work on /home/airflow/venv/lib/python3.8/site-packages/airflow/example_dags/example_task_group.py
[2021-03-09 19:27:59,947] {scheduler_job.py:629} INFO - Processing file /home/airflow/venv/lib/python3.8/site-packages/airflow/example_dags/example_task_group.py for tasks to queue
[2021-03-09 19:27:59,947] {logging_mixin.py:103} INFO - [2021-03-09 19:27:59,947] {dagbag.py:440} INFO - Filling up the DagBag from /home/airflow/venv/lib/python3.8/site-packages/airflow/example_dags/example_task_group.py
[2021-03-09 19:27:59,959] {scheduler_job.py:639} INFO - DAG(s) dict_keys(['example_task_group']) retrieved from /home/airflow/venv/lib/python3.8/site-packages/airflow/example_dags/example_task_group.py
[2021-03-09 19:27:59,960] {logging_mixin.py:103} INFO - [2021-03-09 19:27:59,960] {dag.py:1813} INFO - Sync 1 DAGs
[2021-03-09 19:27:59,972] {logging_mixin.py:103} INFO - [2021-03-09 19:27:59,972] {dag.py:2266} INFO - Setting next_dagrun for example_task_group to 2021-03-07 00:00:00+00:00
[2021-03-09 19:27:59,981] {scheduler_job.py:189} INFO - Processing /home/airflow/venv/lib/python3.8/site-packages/airflow/example_dags/example_task_group.py took 0.041 seconds
[2021-03-09 19:28:25,630] {scheduler_job.py:181} INFO - Started process (PID=3338) to work on /home/airflow/venv/lib/python3.8/site-packages/airflow/example_dags/example_task_group.py
[2021-03-09 19:28:25,630] {scheduler_job.py:629} INFO - Processing file /home/airflow/venv/lib/python3.8/site-packages/airflow/example_dags/example_task_group.py for tasks to queue
[2021-03-09 19:28:25,631] {logging_mixin.py:103} INFO - [2021-03-09 19:28:25,631] {dagbag.py:440} INFO - Filling up the DagBag from /home/airflow/venv/lib/python3.8/site-packages/airflow/example_dags/example_task_group.py
[2021-03-09 19:28:25,650] {scheduler_job.py:639} INFO - DAG(s) dict_keys(['example_task_group']) retrieved from /home/airflow/venv/lib/python3.8/site-packages/airflow/example_dags/example_task_group.py
[2021-03-09 19:28:25,651] {logging_mixin.py:103} INFO - [2021-03-09 19:28:25,651] {dag.py:1813} INFO - Sync 1 DAGs
[2021-03-09 19:28:25,679] {logging_mixin.py:103} INFO - [2021-03-09 19:28:25,679] {dag.py:2266} INFO - Setting next_dagrun for example_task_group to 2021-03-07 00:00:00+00:00
[2021-03-09 19:28:25,699] {scheduler_job.py:189} INFO - Processing /home/airflow/venv/lib/python3.8/site-packages/airflow/example_dags/example_task_group.py took 0.076 seconds
[2021-03-09 19:28:51,518] {scheduler_job.py:181} INFO - Started process (PID=3404) to work on /home/airflow/venv/lib/python3.8/site-packages/airflow/example_dags/example_task_group.py
[2021-03-09 19:28:51,518] {scheduler_job.py:629} INFO - Processing file /home/airflow/venv/lib/python3.8/site-packages/airflow/example_dags/example_task_group.py for tasks to queue
[2021-03-09 19:28:51,519] {logging_mixin.py:103} INFO - [2021-03-09 19:28:51,519] {dagbag.py:440} INFO - Filling up the DagBag from /home/airflow/venv/lib/python3.8/site-packages/airflow/example_dags/example_task_group.py
[2021-03-09 19:28:51,532] {scheduler_job.py:639} INFO - DAG(s) dict_keys(['example_task_group']) retrieved from /home/airflow/venv/lib/python3.8/site-packages/airflow/example_dags/example_task_group.py
[2021-03-09 19:28:51,533] {logging_mixin.py:103} INFO - [2021-03-09 19:28:51,533] {dag.py:1813} INFO - Sync 1 DAGs
[2021-03-09 19:28:51,547] {logging_mixin.py:103} INFO - [2021-03-09 19:28:51,547] {dag.py:2266} INFO - Setting next_dagrun for example_task_group to 2021-03-07 00:00:00+00:00
[2021-03-09 19:28:51,556] {scheduler_job.py:189} INFO - Processing /home/airflow/venv/lib/python3.8/site-packages/airflow/example_dags/example_task_group.py took 0.045 seconds
[2021-03-09 19:29:16,772] {scheduler_job.py:181} INFO - Started process (PID=3494) to work on /home/airflow/venv/lib/python3.8/site-packages/airflow/example_dags/example_task_group.py
[2021-03-09 19:29:16,775] {scheduler_job.py:629} INFO - Processing file /home/airflow/venv/lib/python3.8/site-packages/airflow/example_dags/example_task_group.py for tasks to queue
[2021-03-09 19:29:16,775] {logging_mixin.py:103} INFO - [2021-03-09 19:29:16,775] {dagbag.py:440} INFO - Filling up the DagBag from /home/airflow/venv/lib/python3.8/site-packages/airflow/example_dags/example_task_group.py
[2021-03-09 19:29:16,788] {scheduler_job.py:639} INFO - DAG(s) dict_keys(['example_task_group']) retrieved from /home/airflow/venv/lib/python3.8/site-packages/airflow/example_dags/example_task_group.py
[2021-03-09 19:29:16,789] {logging_mixin.py:103} INFO - [2021-03-09 19:29:16,789] {dag.py:1813} INFO - Sync 1 DAGs
[2021-03-09 19:29:16,816] {logging_mixin.py:103} INFO - [2021-03-09 19:29:16,816] {dag.py:2266} INFO - Setting next_dagrun for example_task_group to 2021-03-07 00:00:00+00:00
[2021-03-09 19:29:16,829] {scheduler_job.py:189} INFO - Processing /home/airflow/venv/lib/python3.8/site-packages/airflow/example_dags/example_task_group.py took 0.066 seconds
[2021-03-09 19:29:42,974] {scheduler_job.py:181} INFO - Started process (PID=3565) to work on /home/airflow/venv/lib/python3.8/site-packages/airflow/example_dags/example_task_group.py
[2021-03-09 19:29:42,975] {scheduler_job.py:629} INFO - Processing file /home/airflow/venv/lib/python3.8/site-packages/airflow/example_dags/example_task_group.py for tasks to queue
[2021-03-09 19:29:42,976] {logging_mixin.py:103} INFO - [2021-03-09 19:29:42,976] {dagbag.py:440} INFO - Filling up the DagBag from /home/airflow/venv/lib/python3.8/site-packages/airflow/example_dags/example_task_group.py
[2021-03-09 19:29:42,995] {scheduler_job.py:639} INFO - DAG(s) dict_keys(['example_task_group']) retrieved from /home/airflow/venv/lib/python3.8/site-packages/airflow/example_dags/example_task_group.py
[2021-03-09 19:29:42,996] {logging_mixin.py:103} INFO - [2021-03-09 19:29:42,996] {dag.py:1813} INFO - Sync 1 DAGs
[2021-03-09 19:29:43,007] {logging_mixin.py:103} INFO - [2021-03-09 19:29:43,007] {dag.py:2266} INFO - Setting next_dagrun for example_task_group to 2021-03-07 00:00:00+00:00
[2021-03-09 19:29:43,020] {scheduler_job.py:189} INFO - Processing /home/airflow/venv/lib/python3.8/site-packages/airflow/example_dags/example_task_group.py took 0.048 seconds
[2021-03-09 19:30:08,234] {scheduler_job.py:181} INFO - Started process (PID=3652) to work on /home/airflow/venv/lib/python3.8/site-packages/airflow/example_dags/example_task_group.py
[2021-03-09 19:30:08,235] {scheduler_job.py:629} INFO - Processing file /home/airflow/venv/lib/python3.8/site-packages/airflow/example_dags/example_task_group.py for tasks to queue
[2021-03-09 19:30:08,240] {logging_mixin.py:103} INFO - [2021-03-09 19:30:08,240] {dagbag.py:440} INFO - Filling up the DagBag from /home/airflow/venv/lib/python3.8/site-packages/airflow/example_dags/example_task_group.py
[2021-03-09 19:30:08,246] {scheduler_job.py:639} INFO - DAG(s) dict_keys(['example_task_group']) retrieved from /home/airflow/venv/lib/python3.8/site-packages/airflow/example_dags/example_task_group.py
[2021-03-09 19:30:08,246] {logging_mixin.py:103} INFO - [2021-03-09 19:30:08,246] {dag.py:1813} INFO - Sync 1 DAGs
[2021-03-09 19:30:08,269] {logging_mixin.py:103} INFO - [2021-03-09 19:30:08,269] {dag.py:2266} INFO - Setting next_dagrun for example_task_group to 2021-03-07 00:00:00+00:00
[2021-03-09 19:30:08,280] {scheduler_job.py:189} INFO - Processing /home/airflow/venv/lib/python3.8/site-packages/airflow/example_dags/example_task_group.py took 0.048 seconds
[2021-03-09 19:30:34,537] {scheduler_job.py:181} INFO - Started process (PID=3722) to work on /home/airflow/venv/lib/python3.8/site-packages/airflow/example_dags/example_task_group.py
[2021-03-09 19:30:34,541] {scheduler_job.py:629} INFO - Processing file /home/airflow/venv/lib/python3.8/site-packages/airflow/example_dags/example_task_group.py for tasks to queue
[2021-03-09 19:30:34,541] {logging_mixin.py:103} INFO - [2021-03-09 19:30:34,541] {dagbag.py:440} INFO - Filling up the DagBag from /home/airflow/venv/lib/python3.8/site-packages/airflow/example_dags/example_task_group.py
[2021-03-09 19:30:34,552] {scheduler_job.py:639} INFO - DAG(s) dict_keys(['example_task_group']) retrieved from /home/airflow/venv/lib/python3.8/site-packages/airflow/example_dags/example_task_group.py
[2021-03-09 19:30:34,553] {logging_mixin.py:103} INFO - [2021-03-09 19:30:34,553] {dag.py:1813} INFO - Sync 1 DAGs
[2021-03-09 19:30:34,566] {logging_mixin.py:103} INFO - [2021-03-09 19:30:34,566] {dag.py:2266} INFO - Setting next_dagrun for example_task_group to 2021-03-07 00:00:00+00:00
[2021-03-09 19:30:34,578] {scheduler_job.py:189} INFO - Processing /home/airflow/venv/lib/python3.8/site-packages/airflow/example_dags/example_task_group.py took 0.043 seconds
[2021-03-09 19:30:59,831] {scheduler_job.py:181} INFO - Started process (PID=3786) to work on /home/airflow/venv/lib/python3.8/site-packages/airflow/example_dags/example_task_group.py
[2021-03-09 19:30:59,831] {scheduler_job.py:629} INFO - Processing file /home/airflow/venv/lib/python3.8/site-packages/airflow/example_dags/example_task_group.py for tasks to queue
[2021-03-09 19:30:59,832] {logging_mixin.py:103} INFO - [2021-03-09 19:30:59,832] {dagbag.py:440} INFO - Filling up the DagBag from /home/airflow/venv/lib/python3.8/site-packages/airflow/example_dags/example_task_group.py
[2021-03-09 19:30:59,838] {scheduler_job.py:639} INFO - DAG(s) dict_keys(['example_task_group']) retrieved from /home/airflow/venv/lib/python3.8/site-packages/airflow/example_dags/example_task_group.py
[2021-03-09 19:30:59,838] {logging_mixin.py:103} INFO - [2021-03-09 19:30:59,838] {dag.py:1813} INFO - Sync 1 DAGs
[2021-03-09 19:30:59,848] {logging_mixin.py:103} INFO - [2021-03-09 19:30:59,848] {dag.py:2266} INFO - Setting next_dagrun for example_task_group to 2021-03-07 00:00:00+00:00
[2021-03-09 19:30:59,858] {scheduler_job.py:189} INFO - Processing /home/airflow/venv/lib/python3.8/site-packages/airflow/example_dags/example_task_group.py took 0.035 seconds
[2021-03-09 19:31:25,079] {scheduler_job.py:181} INFO - Started process (PID=3852) to work on /home/airflow/venv/lib/python3.8/site-packages/airflow/example_dags/example_task_group.py
[2021-03-09 19:31:25,080] {scheduler_job.py:629} INFO - Processing file /home/airflow/venv/lib/python3.8/site-packages/airflow/example_dags/example_task_group.py for tasks to queue
[2021-03-09 19:31:25,080] {logging_mixin.py:103} INFO - [2021-03-09 19:31:25,080] {dagbag.py:440} INFO - Filling up the DagBag from /home/airflow/venv/lib/python3.8/site-packages/airflow/example_dags/example_task_group.py
[2021-03-09 19:31:25,090] {scheduler_job.py:639} INFO - DAG(s) dict_keys(['example_task_group']) retrieved from /home/airflow/venv/lib/python3.8/site-packages/airflow/example_dags/example_task_group.py
[2021-03-09 19:31:25,091] {logging_mixin.py:103} INFO - [2021-03-09 19:31:25,091] {dag.py:1813} INFO - Sync 1 DAGs
[2021-03-09 19:31:25,102] {logging_mixin.py:103} INFO - [2021-03-09 19:31:25,102] {dag.py:2266} INFO - Setting next_dagrun for example_task_group to 2021-03-07 00:00:00+00:00
[2021-03-09 19:31:25,111] {scheduler_job.py:189} INFO - Processing /home/airflow/venv/lib/python3.8/site-packages/airflow/example_dags/example_task_group.py took 0.034 seconds
[2021-03-09 19:31:52,406] {scheduler_job.py:181} INFO - Started process (PID=3919) to work on /home/airflow/venv/lib/python3.8/site-packages/airflow/example_dags/example_task_group.py
[2021-03-09 19:31:52,406] {scheduler_job.py:629} INFO - Processing file /home/airflow/venv/lib/python3.8/site-packages/airflow/example_dags/example_task_group.py for tasks to queue
[2021-03-09 19:31:52,407] {logging_mixin.py:103} INFO - [2021-03-09 19:31:52,406] {dagbag.py:440} INFO - Filling up the DagBag from /home/airflow/venv/lib/python3.8/site-packages/airflow/example_dags/example_task_group.py
[2021-03-09 19:31:52,417] {scheduler_job.py:639} INFO - DAG(s) dict_keys(['example_task_group']) retrieved from /home/airflow/venv/lib/python3.8/site-packages/airflow/example_dags/example_task_group.py
[2021-03-09 19:31:52,418] {logging_mixin.py:103} INFO - [2021-03-09 19:31:52,418] {dag.py:1813} INFO - Sync 1 DAGs
[2021-03-09 19:31:52,429] {logging_mixin.py:103} INFO - [2021-03-09 19:31:52,429] {dag.py:2266} INFO - Setting next_dagrun for example_task_group to 2021-03-07 00:00:00+00:00
[2021-03-09 19:31:52,441] {scheduler_job.py:189} INFO - Processing /home/airflow/venv/lib/python3.8/site-packages/airflow/example_dags/example_task_group.py took 0.037 seconds
[2021-03-09 19:57:03,420] {scheduler_job.py:181} INFO - Started process (PID=3992) to work on /home/airflow/venv/lib/python3.8/site-packages/airflow/example_dags/example_task_group.py
[2021-03-09 19:57:03,421] {scheduler_job.py:629} INFO - Processing file /home/airflow/venv/lib/python3.8/site-packages/airflow/example_dags/example_task_group.py for tasks to queue
[2021-03-09 19:57:03,421] {logging_mixin.py:103} INFO - [2021-03-09 19:57:03,421] {dagbag.py:440} INFO - Filling up the DagBag from /home/airflow/venv/lib/python3.8/site-packages/airflow/example_dags/example_task_group.py
[2021-03-09 19:57:03,470] {scheduler_job.py:639} INFO - DAG(s) dict_keys(['example_task_group']) retrieved from /home/airflow/venv/lib/python3.8/site-packages/airflow/example_dags/example_task_group.py
[2021-03-09 19:57:03,471] {logging_mixin.py:103} INFO - [2021-03-09 19:57:03,471] {dag.py:1813} INFO - Sync 1 DAGs
[2021-03-09 19:57:03,545] {logging_mixin.py:103} INFO - [2021-03-09 19:57:03,545] {dag.py:2266} INFO - Setting next_dagrun for example_task_group to 2021-03-07 00:00:00+00:00
[2021-03-09 19:57:03,610] {scheduler_job.py:189} INFO - Processing /home/airflow/venv/lib/python3.8/site-packages/airflow/example_dags/example_task_group.py took 0.209 seconds
[2021-03-09 19:57:28,734] {scheduler_job.py:181} INFO - Started process (PID=4020) to work on /home/airflow/venv/lib/python3.8/site-packages/airflow/example_dags/example_task_group.py
[2021-03-09 19:57:28,735] {scheduler_job.py:629} INFO - Processing file /home/airflow/venv/lib/python3.8/site-packages/airflow/example_dags/example_task_group.py for tasks to queue
[2021-03-09 19:57:28,740] {logging_mixin.py:103} INFO - [2021-03-09 19:57:28,739] {dagbag.py:440} INFO - Filling up the DagBag from /home/airflow/venv/lib/python3.8/site-packages/airflow/example_dags/example_task_group.py
[2021-03-09 19:57:28,751] {scheduler_job.py:639} INFO - DAG(s) dict_keys(['example_task_group']) retrieved from /home/airflow/venv/lib/python3.8/site-packages/airflow/example_dags/example_task_group.py
[2021-03-09 19:57:28,752] {logging_mixin.py:103} INFO - [2021-03-09 19:57:28,752] {dag.py:1813} INFO - Sync 1 DAGs
[2021-03-09 19:57:28,767] {logging_mixin.py:103} INFO - [2021-03-09 19:57:28,767] {dag.py:2266} INFO - Setting next_dagrun for example_task_group to 2021-03-07 00:00:00+00:00
[2021-03-09 19:57:28,780] {scheduler_job.py:189} INFO - Processing /home/airflow/venv/lib/python3.8/site-packages/airflow/example_dags/example_task_group.py took 0.052 seconds
[2021-03-09 19:57:54,121] {scheduler_job.py:181} INFO - Started process (PID=4050) to work on /home/airflow/venv/lib/python3.8/site-packages/airflow/example_dags/example_task_group.py
[2021-03-09 19:57:54,122] {scheduler_job.py:629} INFO - Processing file /home/airflow/venv/lib/python3.8/site-packages/airflow/example_dags/example_task_group.py for tasks to queue
[2021-03-09 19:57:54,122] {logging_mixin.py:103} INFO - [2021-03-09 19:57:54,122] {dagbag.py:440} INFO - Filling up the DagBag from /home/airflow/venv/lib/python3.8/site-packages/airflow/example_dags/example_task_group.py
[2021-03-09 19:57:54,136] {scheduler_job.py:639} INFO - DAG(s) dict_keys(['example_task_group']) retrieved from /home/airflow/venv/lib/python3.8/site-packages/airflow/example_dags/example_task_group.py
[2021-03-09 19:57:54,136] {logging_mixin.py:103} INFO - [2021-03-09 19:57:54,136] {dag.py:1813} INFO - Sync 1 DAGs
[2021-03-09 19:57:54,154] {logging_mixin.py:103} INFO - [2021-03-09 19:57:54,153] {dag.py:2266} INFO - Setting next_dagrun for example_task_group to 2021-03-07 00:00:00+00:00
[2021-03-09 19:57:54,164] {scheduler_job.py:189} INFO - Processing /home/airflow/venv/lib/python3.8/site-packages/airflow/example_dags/example_task_group.py took 0.049 seconds
[2021-03-09 19:58:21,394] {scheduler_job.py:181} INFO - Started process (PID=4356) to work on /home/airflow/venv/lib/python3.8/site-packages/airflow/example_dags/example_task_group.py
[2021-03-09 19:58:21,395] {scheduler_job.py:629} INFO - Processing file /home/airflow/venv/lib/python3.8/site-packages/airflow/example_dags/example_task_group.py for tasks to queue
[2021-03-09 19:58:21,396] {logging_mixin.py:103} INFO - [2021-03-09 19:58:21,395] {dagbag.py:440} INFO - Filling up the DagBag from /home/airflow/venv/lib/python3.8/site-packages/airflow/example_dags/example_task_group.py
[2021-03-09 19:58:21,408] {scheduler_job.py:639} INFO - DAG(s) dict_keys(['example_task_group']) retrieved from /home/airflow/venv/lib/python3.8/site-packages/airflow/example_dags/example_task_group.py
[2021-03-09 19:58:21,410] {logging_mixin.py:103} INFO - [2021-03-09 19:58:21,410] {dag.py:1813} INFO - Sync 1 DAGs
[2021-03-09 19:58:21,433] {logging_mixin.py:103} INFO - [2021-03-09 19:58:21,433] {dag.py:2266} INFO - Setting next_dagrun for example_task_group to 2021-03-07 00:00:00+00:00
[2021-03-09 19:58:21,447] {scheduler_job.py:189} INFO - Processing /home/airflow/venv/lib/python3.8/site-packages/airflow/example_dags/example_task_group.py took 0.056 seconds
[2021-03-09 19:58:46,952] {scheduler_job.py:181} INFO - Started process (PID=4389) to work on /home/airflow/venv/lib/python3.8/site-packages/airflow/example_dags/example_task_group.py
[2021-03-09 19:58:46,954] {scheduler_job.py:629} INFO - Processing file /home/airflow/venv/lib/python3.8/site-packages/airflow/example_dags/example_task_group.py for tasks to queue
[2021-03-09 19:58:46,955] {logging_mixin.py:103} INFO - [2021-03-09 19:58:46,955] {dagbag.py:440} INFO - Filling up the DagBag from /home/airflow/venv/lib/python3.8/site-packages/airflow/example_dags/example_task_group.py
[2021-03-09 19:58:46,963] {scheduler_job.py:639} INFO - DAG(s) dict_keys(['example_task_group']) retrieved from /home/airflow/venv/lib/python3.8/site-packages/airflow/example_dags/example_task_group.py
[2021-03-09 19:58:46,964] {logging_mixin.py:103} INFO - [2021-03-09 19:58:46,964] {dag.py:1813} INFO - Sync 1 DAGs
[2021-03-09 19:58:46,986] {logging_mixin.py:103} INFO - [2021-03-09 19:58:46,986] {dag.py:2266} INFO - Setting next_dagrun for example_task_group to 2021-03-07 00:00:00+00:00
[2021-03-09 19:58:46,997] {scheduler_job.py:189} INFO - Processing /home/airflow/venv/lib/python3.8/site-packages/airflow/example_dags/example_task_group.py took 0.047 seconds
[2021-03-09 19:59:12,198] {scheduler_job.py:181} INFO - Started process (PID=4421) to work on /home/airflow/venv/lib/python3.8/site-packages/airflow/example_dags/example_task_group.py
[2021-03-09 19:59:12,199] {scheduler_job.py:629} INFO - Processing file /home/airflow/venv/lib/python3.8/site-packages/airflow/example_dags/example_task_group.py for tasks to queue
[2021-03-09 19:59:12,200] {logging_mixin.py:103} INFO - [2021-03-09 19:59:12,200] {dagbag.py:440} INFO - Filling up the DagBag from /home/airflow/venv/lib/python3.8/site-packages/airflow/example_dags/example_task_group.py
[2021-03-09 19:59:12,216] {scheduler_job.py:639} INFO - DAG(s) dict_keys(['example_task_group']) retrieved from /home/airflow/venv/lib/python3.8/site-packages/airflow/example_dags/example_task_group.py
[2021-03-09 19:59:12,218] {logging_mixin.py:103} INFO - [2021-03-09 19:59:12,218] {dag.py:1813} INFO - Sync 1 DAGs
[2021-03-09 19:59:12,231] {logging_mixin.py:103} INFO - [2021-03-09 19:59:12,231] {dag.py:2266} INFO - Setting next_dagrun for example_task_group to 2021-03-07 00:00:00+00:00
[2021-03-09 19:59:12,243] {scheduler_job.py:189} INFO - Processing /home/airflow/venv/lib/python3.8/site-packages/airflow/example_dags/example_task_group.py took 0.047 seconds
[2021-03-09 19:59:39,421] {scheduler_job.py:181} INFO - Started process (PID=4452) to work on /home/airflow/venv/lib/python3.8/site-packages/airflow/example_dags/example_task_group.py
[2021-03-09 19:59:39,422] {scheduler_job.py:629} INFO - Processing file /home/airflow/venv/lib/python3.8/site-packages/airflow/example_dags/example_task_group.py for tasks to queue
[2021-03-09 19:59:39,423] {logging_mixin.py:103} INFO - [2021-03-09 19:59:39,422] {dagbag.py:440} INFO - Filling up the DagBag from /home/airflow/venv/lib/python3.8/site-packages/airflow/example_dags/example_task_group.py
[2021-03-09 19:59:39,444] {scheduler_job.py:639} INFO - DAG(s) dict_keys(['example_task_group']) retrieved from /home/airflow/venv/lib/python3.8/site-packages/airflow/example_dags/example_task_group.py
[2021-03-09 19:59:39,445] {logging_mixin.py:103} INFO - [2021-03-09 19:59:39,445] {dag.py:1813} INFO - Sync 1 DAGs
[2021-03-09 19:59:39,462] {logging_mixin.py:103} INFO - [2021-03-09 19:59:39,462] {dag.py:2266} INFO - Setting next_dagrun for example_task_group to 2021-03-07 00:00:00+00:00
[2021-03-09 19:59:39,477] {scheduler_job.py:189} INFO - Processing /home/airflow/venv/lib/python3.8/site-packages/airflow/example_dags/example_task_group.py took 0.067 seconds
[2021-03-09 20:00:05,843] {scheduler_job.py:181} INFO - Started process (PID=4486) to work on /home/airflow/venv/lib/python3.8/site-packages/airflow/example_dags/example_task_group.py
[2021-03-09 20:00:05,844] {scheduler_job.py:629} INFO - Processing file /home/airflow/venv/lib/python3.8/site-packages/airflow/example_dags/example_task_group.py for tasks to queue
[2021-03-09 20:00:05,844] {logging_mixin.py:103} INFO - [2021-03-09 20:00:05,844] {dagbag.py:440} INFO - Filling up the DagBag from /home/airflow/venv/lib/python3.8/site-packages/airflow/example_dags/example_task_group.py
[2021-03-09 20:00:05,853] {scheduler_job.py:639} INFO - DAG(s) dict_keys(['example_task_group']) retrieved from /home/airflow/venv/lib/python3.8/site-packages/airflow/example_dags/example_task_group.py
[2021-03-09 20:00:05,854] {logging_mixin.py:103} INFO - [2021-03-09 20:00:05,854] {dag.py:1813} INFO - Sync 1 DAGs
[2021-03-09 20:00:05,866] {logging_mixin.py:103} INFO - [2021-03-09 20:00:05,866] {dag.py:2266} INFO - Setting next_dagrun for example_task_group to 2021-03-07 00:00:00+00:00
[2021-03-09 20:00:05,876] {scheduler_job.py:189} INFO - Processing /home/airflow/venv/lib/python3.8/site-packages/airflow/example_dags/example_task_group.py took 0.038 seconds
[2021-03-09 20:00:31,060] {scheduler_job.py:181} INFO - Started process (PID=4521) to work on /home/airflow/venv/lib/python3.8/site-packages/airflow/example_dags/example_task_group.py
[2021-03-09 20:00:31,063] {scheduler_job.py:629} INFO - Processing file /home/airflow/venv/lib/python3.8/site-packages/airflow/example_dags/example_task_group.py for tasks to queue
[2021-03-09 20:00:31,064] {logging_mixin.py:103} INFO - [2021-03-09 20:00:31,064] {dagbag.py:440} INFO - Filling up the DagBag from /home/airflow/venv/lib/python3.8/site-packages/airflow/example_dags/example_task_group.py
[2021-03-09 20:00:31,072] {scheduler_job.py:639} INFO - DAG(s) dict_keys(['example_task_group']) retrieved from /home/airflow/venv/lib/python3.8/site-packages/airflow/example_dags/example_task_group.py
[2021-03-09 20:00:31,072] {logging_mixin.py:103} INFO - [2021-03-09 20:00:31,072] {dag.py:1813} INFO - Sync 1 DAGs
[2021-03-09 20:00:31,085] {logging_mixin.py:103} INFO - [2021-03-09 20:00:31,084] {dag.py:2266} INFO - Setting next_dagrun for example_task_group to 2021-03-07 00:00:00+00:00
[2021-03-09 20:00:31,095] {scheduler_job.py:189} INFO - Processing /home/airflow/venv/lib/python3.8/site-packages/airflow/example_dags/example_task_group.py took 0.037 seconds
[2021-03-09 20:00:56,738] {scheduler_job.py:181} INFO - Started process (PID=4552) to work on /home/airflow/venv/lib/python3.8/site-packages/airflow/example_dags/example_task_group.py
[2021-03-09 20:00:56,738] {scheduler_job.py:629} INFO - Processing file /home/airflow/venv/lib/python3.8/site-packages/airflow/example_dags/example_task_group.py for tasks to queue
[2021-03-09 20:00:56,739] {logging_mixin.py:103} INFO - [2021-03-09 20:00:56,739] {dagbag.py:440} INFO - Filling up the DagBag from /home/airflow/venv/lib/python3.8/site-packages/airflow/example_dags/example_task_group.py
[2021-03-09 20:00:56,751] {scheduler_job.py:639} INFO - DAG(s) dict_keys(['example_task_group']) retrieved from /home/airflow/venv/lib/python3.8/site-packages/airflow/example_dags/example_task_group.py
[2021-03-09 20:00:56,752] {logging_mixin.py:103} INFO - [2021-03-09 20:00:56,752] {dag.py:1813} INFO - Sync 1 DAGs
[2021-03-09 20:00:56,765] {logging_mixin.py:103} INFO - [2021-03-09 20:00:56,764] {dag.py:2266} INFO - Setting next_dagrun for example_task_group to 2021-03-07 00:00:00+00:00
[2021-03-09 20:00:56,776] {scheduler_job.py:189} INFO - Processing /home/airflow/venv/lib/python3.8/site-packages/airflow/example_dags/example_task_group.py took 0.045 seconds
[2021-03-09 20:01:21,656] {scheduler_job.py:181} INFO - Started process (PID=4587) to work on /home/airflow/venv/lib/python3.8/site-packages/airflow/example_dags/example_task_group.py
[2021-03-09 20:01:21,657] {scheduler_job.py:629} INFO - Processing file /home/airflow/venv/lib/python3.8/site-packages/airflow/example_dags/example_task_group.py for tasks to queue
[2021-03-09 20:01:21,658] {logging_mixin.py:103} INFO - [2021-03-09 20:01:21,658] {dagbag.py:440} INFO - Filling up the DagBag from /home/airflow/venv/lib/python3.8/site-packages/airflow/example_dags/example_task_group.py
[2021-03-09 20:01:21,667] {scheduler_job.py:639} INFO - DAG(s) dict_keys(['example_task_group']) retrieved from /home/airflow/venv/lib/python3.8/site-packages/airflow/example_dags/example_task_group.py
[2021-03-09 20:01:21,680] {logging_mixin.py:103} INFO - [2021-03-09 20:01:21,679] {dag.py:1813} INFO - Sync 1 DAGs
[2021-03-09 20:01:21,697] {logging_mixin.py:103} INFO - [2021-03-09 20:01:21,697] {dag.py:2266} INFO - Setting next_dagrun for example_task_group to 2021-03-07 00:00:00+00:00
[2021-03-09 20:01:21,723] {scheduler_job.py:189} INFO - Processing /home/airflow/venv/lib/python3.8/site-packages/airflow/example_dags/example_task_group.py took 0.078 seconds
[2021-03-09 20:01:47,926] {scheduler_job.py:181} INFO - Started process (PID=4623) to work on /home/airflow/venv/lib/python3.8/site-packages/airflow/example_dags/example_task_group.py
[2021-03-09 20:01:47,927] {scheduler_job.py:629} INFO - Processing file /home/airflow/venv/lib/python3.8/site-packages/airflow/example_dags/example_task_group.py for tasks to queue
[2021-03-09 20:01:47,927] {logging_mixin.py:103} INFO - [2021-03-09 20:01:47,927] {dagbag.py:440} INFO - Filling up the DagBag from /home/airflow/venv/lib/python3.8/site-packages/airflow/example_dags/example_task_group.py
[2021-03-09 20:01:47,939] {scheduler_job.py:639} INFO - DAG(s) dict_keys(['example_task_group']) retrieved from /home/airflow/venv/lib/python3.8/site-packages/airflow/example_dags/example_task_group.py
[2021-03-09 20:01:47,940] {logging_mixin.py:103} INFO - [2021-03-09 20:01:47,939] {dag.py:1813} INFO - Sync 1 DAGs
[2021-03-09 20:01:47,952] {logging_mixin.py:103} INFO - [2021-03-09 20:01:47,952] {dag.py:2266} INFO - Setting next_dagrun for example_task_group to 2021-03-07 00:00:00+00:00
[2021-03-09 20:01:47,965] {scheduler_job.py:189} INFO - Processing /home/airflow/venv/lib/python3.8/site-packages/airflow/example_dags/example_task_group.py took 0.046 seconds
[2021-03-09 20:02:14,135] {scheduler_job.py:181} INFO - Started process (PID=4660) to work on /home/airflow/venv/lib/python3.8/site-packages/airflow/example_dags/example_task_group.py
[2021-03-09 20:02:14,138] {scheduler_job.py:629} INFO - Processing file /home/airflow/venv/lib/python3.8/site-packages/airflow/example_dags/example_task_group.py for tasks to queue
[2021-03-09 20:02:14,138] {logging_mixin.py:103} INFO - [2021-03-09 20:02:14,138] {dagbag.py:440} INFO - Filling up the DagBag from /home/airflow/venv/lib/python3.8/site-packages/airflow/example_dags/example_task_group.py
[2021-03-09 20:02:14,152] {scheduler_job.py:639} INFO - DAG(s) dict_keys(['example_task_group']) retrieved from /home/airflow/venv/lib/python3.8/site-packages/airflow/example_dags/example_task_group.py
[2021-03-09 20:02:14,153] {logging_mixin.py:103} INFO - [2021-03-09 20:02:14,152] {dag.py:1813} INFO - Sync 1 DAGs
[2021-03-09 20:02:14,174] {logging_mixin.py:103} INFO - [2021-03-09 20:02:14,174] {dag.py:2266} INFO - Setting next_dagrun for example_task_group to 2021-03-07 00:00:00+00:00
[2021-03-09 20:02:14,186] {scheduler_job.py:189} INFO - Processing /home/airflow/venv/lib/python3.8/site-packages/airflow/example_dags/example_task_group.py took 0.059 seconds
[2021-03-09 20:02:39,916] {scheduler_job.py:181} INFO - Started process (PID=4703) to work on /home/airflow/venv/lib/python3.8/site-packages/airflow/example_dags/example_task_group.py
[2021-03-09 20:02:39,916] {scheduler_job.py:629} INFO - Processing file /home/airflow/venv/lib/python3.8/site-packages/airflow/example_dags/example_task_group.py for tasks to queue
[2021-03-09 20:02:39,920] {logging_mixin.py:103} INFO - [2021-03-09 20:02:39,920] {dagbag.py:440} INFO - Filling up the DagBag from /home/airflow/venv/lib/python3.8/site-packages/airflow/example_dags/example_task_group.py
[2021-03-09 20:02:39,929] {scheduler_job.py:639} INFO - DAG(s) dict_keys(['example_task_group']) retrieved from /home/airflow/venv/lib/python3.8/site-packages/airflow/example_dags/example_task_group.py
[2021-03-09 20:02:39,934] {logging_mixin.py:103} INFO - [2021-03-09 20:02:39,934] {dag.py:1813} INFO - Sync 1 DAGs
[2021-03-09 20:02:39,948] {logging_mixin.py:103} INFO - [2021-03-09 20:02:39,948] {dag.py:2266} INFO - Setting next_dagrun for example_task_group to 2021-03-07 00:00:00+00:00
[2021-03-09 20:02:39,959] {scheduler_job.py:189} INFO - Processing /home/airflow/venv/lib/python3.8/site-packages/airflow/example_dags/example_task_group.py took 0.048 seconds
[2021-03-09 20:03:05,705] {scheduler_job.py:181} INFO - Started process (PID=4746) to work on /home/airflow/venv/lib/python3.8/site-packages/airflow/example_dags/example_task_group.py
[2021-03-09 20:03:05,706] {scheduler_job.py:629} INFO - Processing file /home/airflow/venv/lib/python3.8/site-packages/airflow/example_dags/example_task_group.py for tasks to queue
[2021-03-09 20:03:05,706] {logging_mixin.py:103} INFO - [2021-03-09 20:03:05,706] {dagbag.py:440} INFO - Filling up the DagBag from /home/airflow/venv/lib/python3.8/site-packages/airflow/example_dags/example_task_group.py
[2021-03-09 20:03:05,715] {scheduler_job.py:639} INFO - DAG(s) dict_keys(['example_task_group']) retrieved from /home/airflow/venv/lib/python3.8/site-packages/airflow/example_dags/example_task_group.py
[2021-03-09 20:03:05,716] {logging_mixin.py:103} INFO - [2021-03-09 20:03:05,716] {dag.py:1813} INFO - Sync 1 DAGs
[2021-03-09 20:03:05,733] {logging_mixin.py:103} INFO - [2021-03-09 20:03:05,733] {dag.py:2266} INFO - Setting next_dagrun for example_task_group to 2021-03-07 00:00:00+00:00
[2021-03-09 20:03:05,744] {scheduler_job.py:189} INFO - Processing /home/airflow/venv/lib/python3.8/site-packages/airflow/example_dags/example_task_group.py took 0.045 seconds
[2021-03-09 20:03:31,022] {scheduler_job.py:181} INFO - Started process (PID=4795) to work on /home/airflow/venv/lib/python3.8/site-packages/airflow/example_dags/example_task_group.py
[2021-03-09 20:03:31,023] {scheduler_job.py:629} INFO - Processing file /home/airflow/venv/lib/python3.8/site-packages/airflow/example_dags/example_task_group.py for tasks to queue
[2021-03-09 20:03:31,023] {logging_mixin.py:103} INFO - [2021-03-09 20:03:31,023] {dagbag.py:440} INFO - Filling up the DagBag from /home/airflow/venv/lib/python3.8/site-packages/airflow/example_dags/example_task_group.py
[2021-03-09 20:03:31,031] {scheduler_job.py:639} INFO - DAG(s) dict_keys(['example_task_group']) retrieved from /home/airflow/venv/lib/python3.8/site-packages/airflow/example_dags/example_task_group.py
[2021-03-09 20:03:31,032] {logging_mixin.py:103} INFO - [2021-03-09 20:03:31,032] {dag.py:1813} INFO - Sync 1 DAGs
[2021-03-09 20:03:31,045] {logging_mixin.py:103} INFO - [2021-03-09 20:03:31,045] {dag.py:2266} INFO - Setting next_dagrun for example_task_group to 2021-03-07 00:00:00+00:00
[2021-03-09 20:03:31,056] {scheduler_job.py:189} INFO - Processing /home/airflow/venv/lib/python3.8/site-packages/airflow/example_dags/example_task_group.py took 0.037 seconds
[2021-03-09 20:03:57,320] {scheduler_job.py:181} INFO - Started process (PID=4852) to work on /home/airflow/venv/lib/python3.8/site-packages/airflow/example_dags/example_task_group.py
[2021-03-09 20:03:57,321] {scheduler_job.py:629} INFO - Processing file /home/airflow/venv/lib/python3.8/site-packages/airflow/example_dags/example_task_group.py for tasks to queue
[2021-03-09 20:03:57,321] {logging_mixin.py:103} INFO - [2021-03-09 20:03:57,321] {dagbag.py:440} INFO - Filling up the DagBag from /home/airflow/venv/lib/python3.8/site-packages/airflow/example_dags/example_task_group.py
[2021-03-09 20:03:57,339] {scheduler_job.py:639} INFO - DAG(s) dict_keys(['example_task_group']) retrieved from /home/airflow/venv/lib/python3.8/site-packages/airflow/example_dags/example_task_group.py
[2021-03-09 20:03:57,339] {logging_mixin.py:103} INFO - [2021-03-09 20:03:57,339] {dag.py:1813} INFO - Sync 1 DAGs
[2021-03-09 20:03:57,355] {logging_mixin.py:103} INFO - [2021-03-09 20:03:57,355] {dag.py:2266} INFO - Setting next_dagrun for example_task_group to 2021-03-07 00:00:00+00:00
[2021-03-09 20:03:57,387] {scheduler_job.py:189} INFO - Processing /home/airflow/venv/lib/python3.8/site-packages/airflow/example_dags/example_task_group.py took 0.069 seconds
[2021-03-09 20:04:23,618] {scheduler_job.py:181} INFO - Started process (PID=4911) to work on /home/airflow/venv/lib/python3.8/site-packages/airflow/example_dags/example_task_group.py
[2021-03-09 20:04:23,619] {scheduler_job.py:629} INFO - Processing file /home/airflow/venv/lib/python3.8/site-packages/airflow/example_dags/example_task_group.py for tasks to queue
[2021-03-09 20:04:23,628] {logging_mixin.py:103} INFO - [2021-03-09 20:04:23,628] {dagbag.py:440} INFO - Filling up the DagBag from /home/airflow/venv/lib/python3.8/site-packages/airflow/example_dags/example_task_group.py
[2021-03-09 20:04:23,649] {scheduler_job.py:639} INFO - DAG(s) dict_keys(['example_task_group']) retrieved from /home/airflow/venv/lib/python3.8/site-packages/airflow/example_dags/example_task_group.py
[2021-03-09 20:04:23,650] {logging_mixin.py:103} INFO - [2021-03-09 20:04:23,650] {dag.py:1813} INFO - Sync 1 DAGs
[2021-03-09 20:04:23,671] {logging_mixin.py:103} INFO - [2021-03-09 20:04:23,671] {dag.py:2266} INFO - Setting next_dagrun for example_task_group to 2021-03-07 00:00:00+00:00
[2021-03-09 20:04:23,715] {scheduler_job.py:189} INFO - Processing /home/airflow/venv/lib/python3.8/site-packages/airflow/example_dags/example_task_group.py took 0.108 seconds
[2021-03-09 20:04:48,881] {scheduler_job.py:181} INFO - Started process (PID=4988) to work on /home/airflow/venv/lib/python3.8/site-packages/airflow/example_dags/example_task_group.py
[2021-03-09 20:04:48,882] {scheduler_job.py:629} INFO - Processing file /home/airflow/venv/lib/python3.8/site-packages/airflow/example_dags/example_task_group.py for tasks to queue
[2021-03-09 20:04:48,882] {logging_mixin.py:103} INFO - [2021-03-09 20:04:48,882] {dagbag.py:440} INFO - Filling up the DagBag from /home/airflow/venv/lib/python3.8/site-packages/airflow/example_dags/example_task_group.py
[2021-03-09 20:04:48,892] {scheduler_job.py:639} INFO - DAG(s) dict_keys(['example_task_group']) retrieved from /home/airflow/venv/lib/python3.8/site-packages/airflow/example_dags/example_task_group.py
[2021-03-09 20:04:48,892] {logging_mixin.py:103} INFO - [2021-03-09 20:04:48,892] {dag.py:1813} INFO - Sync 1 DAGs
[2021-03-09 20:04:48,908] {logging_mixin.py:103} INFO - [2021-03-09 20:04:48,908] {dag.py:2266} INFO - Setting next_dagrun for example_task_group to 2021-03-07 00:00:00+00:00
[2021-03-09 20:04:48,918] {scheduler_job.py:189} INFO - Processing /home/airflow/venv/lib/python3.8/site-packages/airflow/example_dags/example_task_group.py took 0.044 seconds
[2021-03-09 20:05:14,172] {scheduler_job.py:181} INFO - Started process (PID=5052) to work on /home/airflow/venv/lib/python3.8/site-packages/airflow/example_dags/example_task_group.py
[2021-03-09 20:05:14,173] {scheduler_job.py:629} INFO - Processing file /home/airflow/venv/lib/python3.8/site-packages/airflow/example_dags/example_task_group.py for tasks to queue
[2021-03-09 20:05:14,173] {logging_mixin.py:103} INFO - [2021-03-09 20:05:14,173] {dagbag.py:440} INFO - Filling up the DagBag from /home/airflow/venv/lib/python3.8/site-packages/airflow/example_dags/example_task_group.py
[2021-03-09 20:05:14,182] {scheduler_job.py:639} INFO - DAG(s) dict_keys(['example_task_group']) retrieved from /home/airflow/venv/lib/python3.8/site-packages/airflow/example_dags/example_task_group.py
[2021-03-09 20:05:14,183] {logging_mixin.py:103} INFO - [2021-03-09 20:05:14,183] {dag.py:1813} INFO - Sync 1 DAGs
[2021-03-09 20:05:14,196] {logging_mixin.py:103} INFO - [2021-03-09 20:05:14,196] {dag.py:2266} INFO - Setting next_dagrun for example_task_group to 2021-03-07 00:00:00+00:00
[2021-03-09 20:05:14,206] {scheduler_job.py:189} INFO - Processing /home/airflow/venv/lib/python3.8/site-packages/airflow/example_dags/example_task_group.py took 0.036 seconds
[2021-03-09 20:05:40,520] {scheduler_job.py:181} INFO - Started process (PID=5119) to work on /home/airflow/venv/lib/python3.8/site-packages/airflow/example_dags/example_task_group.py
[2021-03-09 20:05:40,521] {scheduler_job.py:629} INFO - Processing file /home/airflow/venv/lib/python3.8/site-packages/airflow/example_dags/example_task_group.py for tasks to queue
[2021-03-09 20:05:40,521] {logging_mixin.py:103} INFO - [2021-03-09 20:05:40,521] {dagbag.py:440} INFO - Filling up the DagBag from /home/airflow/venv/lib/python3.8/site-packages/airflow/example_dags/example_task_group.py
[2021-03-09 20:05:40,536] {scheduler_job.py:639} INFO - DAG(s) dict_keys(['example_task_group']) retrieved from /home/airflow/venv/lib/python3.8/site-packages/airflow/example_dags/example_task_group.py
[2021-03-09 20:05:40,538] {logging_mixin.py:103} INFO - [2021-03-09 20:05:40,537] {dag.py:1813} INFO - Sync 1 DAGs
[2021-03-09 20:05:40,552] {logging_mixin.py:103} INFO - [2021-03-09 20:05:40,552] {dag.py:2266} INFO - Setting next_dagrun for example_task_group to 2021-03-07 00:00:00+00:00
[2021-03-09 20:05:40,564] {scheduler_job.py:189} INFO - Processing /home/airflow/venv/lib/python3.8/site-packages/airflow/example_dags/example_task_group.py took 0.050 seconds
[2021-03-09 20:06:06,407] {scheduler_job.py:181} INFO - Started process (PID=5188) to work on /home/airflow/venv/lib/python3.8/site-packages/airflow/example_dags/example_task_group.py
[2021-03-09 20:06:06,411] {scheduler_job.py:629} INFO - Processing file /home/airflow/venv/lib/python3.8/site-packages/airflow/example_dags/example_task_group.py for tasks to queue
[2021-03-09 20:06:06,411] {logging_mixin.py:103} INFO - [2021-03-09 20:06:06,411] {dagbag.py:440} INFO - Filling up the DagBag from /home/airflow/venv/lib/python3.8/site-packages/airflow/example_dags/example_task_group.py
[2021-03-09 20:06:06,425] {scheduler_job.py:639} INFO - DAG(s) dict_keys(['example_task_group']) retrieved from /home/airflow/venv/lib/python3.8/site-packages/airflow/example_dags/example_task_group.py
[2021-03-09 20:06:06,425] {logging_mixin.py:103} INFO - [2021-03-09 20:06:06,425] {dag.py:1813} INFO - Sync 1 DAGs
[2021-03-09 20:06:06,440] {logging_mixin.py:103} INFO - [2021-03-09 20:06:06,440] {dag.py:2266} INFO - Setting next_dagrun for example_task_group to 2021-03-07 00:00:00+00:00
[2021-03-09 20:06:06,452] {scheduler_job.py:189} INFO - Processing /home/airflow/venv/lib/python3.8/site-packages/airflow/example_dags/example_task_group.py took 0.048 seconds
[2021-03-09 20:06:32,059] {scheduler_job.py:181} INFO - Started process (PID=5252) to work on /home/airflow/venv/lib/python3.8/site-packages/airflow/example_dags/example_task_group.py
[2021-03-09 20:06:32,061] {scheduler_job.py:629} INFO - Processing file /home/airflow/venv/lib/python3.8/site-packages/airflow/example_dags/example_task_group.py for tasks to queue
[2021-03-09 20:06:32,062] {logging_mixin.py:103} INFO - [2021-03-09 20:06:32,061] {dagbag.py:440} INFO - Filling up the DagBag from /home/airflow/venv/lib/python3.8/site-packages/airflow/example_dags/example_task_group.py
[2021-03-09 20:06:32,073] {scheduler_job.py:639} INFO - DAG(s) dict_keys(['example_task_group']) retrieved from /home/airflow/venv/lib/python3.8/site-packages/airflow/example_dags/example_task_group.py
[2021-03-09 20:06:32,074] {logging_mixin.py:103} INFO - [2021-03-09 20:06:32,074] {dag.py:1813} INFO - Sync 1 DAGs
[2021-03-09 20:06:32,096] {logging_mixin.py:103} INFO - [2021-03-09 20:06:32,096] {dag.py:2266} INFO - Setting next_dagrun for example_task_group to 2021-03-07 00:00:00+00:00
[2021-03-09 20:06:32,111] {scheduler_job.py:189} INFO - Processing /home/airflow/venv/lib/python3.8/site-packages/airflow/example_dags/example_task_group.py took 0.058 seconds
[2021-03-09 20:06:57,342] {scheduler_job.py:181} INFO - Started process (PID=5319) to work on /home/airflow/venv/lib/python3.8/site-packages/airflow/example_dags/example_task_group.py
[2021-03-09 20:06:57,343] {scheduler_job.py:629} INFO - Processing file /home/airflow/venv/lib/python3.8/site-packages/airflow/example_dags/example_task_group.py for tasks to queue
[2021-03-09 20:06:57,349] {logging_mixin.py:103} INFO - [2021-03-09 20:06:57,349] {dagbag.py:440} INFO - Filling up the DagBag from /home/airflow/venv/lib/python3.8/site-packages/airflow/example_dags/example_task_group.py
[2021-03-09 20:06:57,364] {scheduler_job.py:639} INFO - DAG(s) dict_keys(['example_task_group']) retrieved from /home/airflow/venv/lib/python3.8/site-packages/airflow/example_dags/example_task_group.py
[2021-03-09 20:06:57,365] {logging_mixin.py:103} INFO - [2021-03-09 20:06:57,365] {dag.py:1813} INFO - Sync 1 DAGs
[2021-03-09 20:06:57,406] {logging_mixin.py:103} INFO - [2021-03-09 20:06:57,406] {dag.py:2266} INFO - Setting next_dagrun for example_task_group to 2021-03-07 00:00:00+00:00
[2021-03-09 20:06:57,421] {scheduler_job.py:189} INFO - Processing /home/airflow/venv/lib/python3.8/site-packages/airflow/example_dags/example_task_group.py took 0.081 seconds
[2021-03-09 20:07:23,673] {scheduler_job.py:181} INFO - Started process (PID=5405) to work on /home/airflow/venv/lib/python3.8/site-packages/airflow/example_dags/example_task_group.py
[2021-03-09 20:07:23,679] {scheduler_job.py:629} INFO - Processing file /home/airflow/venv/lib/python3.8/site-packages/airflow/example_dags/example_task_group.py for tasks to queue
[2021-03-09 20:07:23,681] {logging_mixin.py:103} INFO - [2021-03-09 20:07:23,680] {dagbag.py:440} INFO - Filling up the DagBag from /home/airflow/venv/lib/python3.8/site-packages/airflow/example_dags/example_task_group.py
[2021-03-09 20:07:23,699] {scheduler_job.py:639} INFO - DAG(s) dict_keys(['example_task_group']) retrieved from /home/airflow/venv/lib/python3.8/site-packages/airflow/example_dags/example_task_group.py
[2021-03-09 20:07:23,700] {logging_mixin.py:103} INFO - [2021-03-09 20:07:23,700] {dag.py:1813} INFO - Sync 1 DAGs
[2021-03-09 20:07:23,721] {logging_mixin.py:103} INFO - [2021-03-09 20:07:23,721] {dag.py:2266} INFO - Setting next_dagrun for example_task_group to 2021-03-07 00:00:00+00:00
[2021-03-09 20:07:23,736] {scheduler_job.py:189} INFO - Processing /home/airflow/venv/lib/python3.8/site-packages/airflow/example_dags/example_task_group.py took 0.065 seconds
[2021-03-09 20:07:48,986] {scheduler_job.py:181} INFO - Started process (PID=5469) to work on /home/airflow/venv/lib/python3.8/site-packages/airflow/example_dags/example_task_group.py
[2021-03-09 20:07:48,987] {scheduler_job.py:629} INFO - Processing file /home/airflow/venv/lib/python3.8/site-packages/airflow/example_dags/example_task_group.py for tasks to queue
[2021-03-09 20:07:48,990] {logging_mixin.py:103} INFO - [2021-03-09 20:07:48,987] {dagbag.py:440} INFO - Filling up the DagBag from /home/airflow/venv/lib/python3.8/site-packages/airflow/example_dags/example_task_group.py
[2021-03-09 20:07:48,998] {scheduler_job.py:639} INFO - DAG(s) dict_keys(['example_task_group']) retrieved from /home/airflow/venv/lib/python3.8/site-packages/airflow/example_dags/example_task_group.py
[2021-03-09 20:07:48,999] {logging_mixin.py:103} INFO - [2021-03-09 20:07:48,999] {dag.py:1813} INFO - Sync 1 DAGs
[2021-03-09 20:07:49,015] {logging_mixin.py:103} INFO - [2021-03-09 20:07:49,015] {dag.py:2266} INFO - Setting next_dagrun for example_task_group to 2021-03-07 00:00:00+00:00
[2021-03-09 20:07:49,028] {scheduler_job.py:189} INFO - Processing /home/airflow/venv/lib/python3.8/site-packages/airflow/example_dags/example_task_group.py took 0.049 seconds
[2021-03-09 20:08:16,338] {scheduler_job.py:181} INFO - Started process (PID=5543) to work on /home/airflow/venv/lib/python3.8/site-packages/airflow/example_dags/example_task_group.py
[2021-03-09 20:08:16,339] {scheduler_job.py:629} INFO - Processing file /home/airflow/venv/lib/python3.8/site-packages/airflow/example_dags/example_task_group.py for tasks to queue
[2021-03-09 20:08:16,339] {logging_mixin.py:103} INFO - [2021-03-09 20:08:16,339] {dagbag.py:440} INFO - Filling up the DagBag from /home/airflow/venv/lib/python3.8/site-packages/airflow/example_dags/example_task_group.py
[2021-03-09 20:08:16,350] {scheduler_job.py:639} INFO - DAG(s) dict_keys(['example_task_group']) retrieved from /home/airflow/venv/lib/python3.8/site-packages/airflow/example_dags/example_task_group.py
[2021-03-09 20:08:16,351] {logging_mixin.py:103} INFO - [2021-03-09 20:08:16,351] {dag.py:1813} INFO - Sync 1 DAGs
[2021-03-09 20:08:16,366] {logging_mixin.py:103} INFO - [2021-03-09 20:08:16,366] {dag.py:2266} INFO - Setting next_dagrun for example_task_group to 2021-03-07 00:00:00+00:00
[2021-03-09 20:08:16,377] {scheduler_job.py:189} INFO - Processing /home/airflow/venv/lib/python3.8/site-packages/airflow/example_dags/example_task_group.py took 0.041 seconds
[2021-03-09 20:08:42,256] {scheduler_job.py:181} INFO - Started process (PID=5612) to work on /home/airflow/venv/lib/python3.8/site-packages/airflow/example_dags/example_task_group.py
[2021-03-09 20:08:42,260] {scheduler_job.py:629} INFO - Processing file /home/airflow/venv/lib/python3.8/site-packages/airflow/example_dags/example_task_group.py for tasks to queue
[2021-03-09 20:08:42,261] {logging_mixin.py:103} INFO - [2021-03-09 20:08:42,261] {dagbag.py:440} INFO - Filling up the DagBag from /home/airflow/venv/lib/python3.8/site-packages/airflow/example_dags/example_task_group.py
[2021-03-09 20:08:42,268] {scheduler_job.py:639} INFO - DAG(s) dict_keys(['example_task_group']) retrieved from /home/airflow/venv/lib/python3.8/site-packages/airflow/example_dags/example_task_group.py
[2021-03-09 20:08:42,269] {logging_mixin.py:103} INFO - [2021-03-09 20:08:42,269] {dag.py:1813} INFO - Sync 1 DAGs
[2021-03-09 20:08:42,282] {logging_mixin.py:103} INFO - [2021-03-09 20:08:42,282] {dag.py:2266} INFO - Setting next_dagrun for example_task_group to 2021-03-07 00:00:00+00:00
[2021-03-09 20:08:42,292] {scheduler_job.py:189} INFO - Processing /home/airflow/venv/lib/python3.8/site-packages/airflow/example_dags/example_task_group.py took 0.038 seconds
[2021-03-09 20:09:07,928] {scheduler_job.py:181} INFO - Started process (PID=5680) to work on /home/airflow/venv/lib/python3.8/site-packages/airflow/example_dags/example_task_group.py
[2021-03-09 20:09:07,929] {scheduler_job.py:629} INFO - Processing file /home/airflow/venv/lib/python3.8/site-packages/airflow/example_dags/example_task_group.py for tasks to queue
[2021-03-09 20:09:07,930] {logging_mixin.py:103} INFO - [2021-03-09 20:09:07,929] {dagbag.py:440} INFO - Filling up the DagBag from /home/airflow/venv/lib/python3.8/site-packages/airflow/example_dags/example_task_group.py
[2021-03-09 20:09:07,941] {scheduler_job.py:639} INFO - DAG(s) dict_keys(['example_task_group']) retrieved from /home/airflow/venv/lib/python3.8/site-packages/airflow/example_dags/example_task_group.py
[2021-03-09 20:09:07,941] {logging_mixin.py:103} INFO - [2021-03-09 20:09:07,941] {dag.py:1813} INFO - Sync 1 DAGs
[2021-03-09 20:09:07,954] {logging_mixin.py:103} INFO - [2021-03-09 20:09:07,954] {dag.py:2266} INFO - Setting next_dagrun for example_task_group to 2021-03-07 00:00:00+00:00
[2021-03-09 20:09:07,964] {scheduler_job.py:189} INFO - Processing /home/airflow/venv/lib/python3.8/site-packages/airflow/example_dags/example_task_group.py took 0.038 seconds
[2021-03-09 20:09:33,252] {scheduler_job.py:181} INFO - Started process (PID=5744) to work on /home/airflow/venv/lib/python3.8/site-packages/airflow/example_dags/example_task_group.py
[2021-03-09 20:09:33,253] {scheduler_job.py:629} INFO - Processing file /home/airflow/venv/lib/python3.8/site-packages/airflow/example_dags/example_task_group.py for tasks to queue
[2021-03-09 20:09:33,254] {logging_mixin.py:103} INFO - [2021-03-09 20:09:33,254] {dagbag.py:440} INFO - Filling up the DagBag from /home/airflow/venv/lib/python3.8/site-packages/airflow/example_dags/example_task_group.py
[2021-03-09 20:09:33,275] {scheduler_job.py:639} INFO - DAG(s) dict_keys(['example_task_group']) retrieved from /home/airflow/venv/lib/python3.8/site-packages/airflow/example_dags/example_task_group.py
[2021-03-09 20:09:33,276] {logging_mixin.py:103} INFO - [2021-03-09 20:09:33,276] {dag.py:1813} INFO - Sync 1 DAGs
[2021-03-09 20:09:33,298] {logging_mixin.py:103} INFO - [2021-03-09 20:09:33,297] {dag.py:2266} INFO - Setting next_dagrun for example_task_group to 2021-03-07 00:00:00+00:00
[2021-03-09 20:09:33,368] {scheduler_job.py:189} INFO - Processing /home/airflow/venv/lib/python3.8/site-packages/airflow/example_dags/example_task_group.py took 0.124 seconds
[2021-03-09 20:09:59,437] {scheduler_job.py:181} INFO - Started process (PID=5812) to work on /home/airflow/venv/lib/python3.8/site-packages/airflow/example_dags/example_task_group.py
[2021-03-09 20:09:59,438] {scheduler_job.py:629} INFO - Processing file /home/airflow/venv/lib/python3.8/site-packages/airflow/example_dags/example_task_group.py for tasks to queue
[2021-03-09 20:09:59,438] {logging_mixin.py:103} INFO - [2021-03-09 20:09:59,438] {dagbag.py:440} INFO - Filling up the DagBag from /home/airflow/venv/lib/python3.8/site-packages/airflow/example_dags/example_task_group.py
[2021-03-09 20:09:59,456] {scheduler_job.py:639} INFO - DAG(s) dict_keys(['example_task_group']) retrieved from /home/airflow/venv/lib/python3.8/site-packages/airflow/example_dags/example_task_group.py
[2021-03-09 20:09:59,457] {logging_mixin.py:103} INFO - [2021-03-09 20:09:59,457] {dag.py:1813} INFO - Sync 1 DAGs
[2021-03-09 20:09:59,489] {logging_mixin.py:103} INFO - [2021-03-09 20:09:59,489] {dag.py:2266} INFO - Setting next_dagrun for example_task_group to 2021-03-07 00:00:00+00:00
[2021-03-09 20:09:59,509] {scheduler_job.py:189} INFO - Processing /home/airflow/venv/lib/python3.8/site-packages/airflow/example_dags/example_task_group.py took 0.075 seconds
[2021-03-09 20:10:26,537] {scheduler_job.py:181} INFO - Started process (PID=5878) to work on /home/airflow/venv/lib/python3.8/site-packages/airflow/example_dags/example_task_group.py
[2021-03-09 20:10:26,538] {scheduler_job.py:629} INFO - Processing file /home/airflow/venv/lib/python3.8/site-packages/airflow/example_dags/example_task_group.py for tasks to queue
[2021-03-09 20:10:26,539] {logging_mixin.py:103} INFO - [2021-03-09 20:10:26,539] {dagbag.py:440} INFO - Filling up the DagBag from /home/airflow/venv/lib/python3.8/site-packages/airflow/example_dags/example_task_group.py
[2021-03-09 20:10:26,549] {scheduler_job.py:639} INFO - DAG(s) dict_keys(['example_task_group']) retrieved from /home/airflow/venv/lib/python3.8/site-packages/airflow/example_dags/example_task_group.py
[2021-03-09 20:10:26,549] {logging_mixin.py:103} INFO - [2021-03-09 20:10:26,549] {dag.py:1813} INFO - Sync 1 DAGs
[2021-03-09 20:10:26,569] {logging_mixin.py:103} INFO - [2021-03-09 20:10:26,569] {dag.py:2266} INFO - Setting next_dagrun for example_task_group to 2021-03-07 00:00:00+00:00
[2021-03-09 20:10:26,581] {scheduler_job.py:189} INFO - Processing /home/airflow/venv/lib/python3.8/site-packages/airflow/example_dags/example_task_group.py took 0.047 seconds
[2021-03-09 20:10:52,160] {scheduler_job.py:181} INFO - Started process (PID=5945) to work on /home/airflow/venv/lib/python3.8/site-packages/airflow/example_dags/example_task_group.py
[2021-03-09 20:10:52,161] {scheduler_job.py:629} INFO - Processing file /home/airflow/venv/lib/python3.8/site-packages/airflow/example_dags/example_task_group.py for tasks to queue
[2021-03-09 20:10:52,161] {logging_mixin.py:103} INFO - [2021-03-09 20:10:52,161] {dagbag.py:440} INFO - Filling up the DagBag from /home/airflow/venv/lib/python3.8/site-packages/airflow/example_dags/example_task_group.py
[2021-03-09 20:10:52,174] {scheduler_job.py:639} INFO - DAG(s) dict_keys(['example_task_group']) retrieved from /home/airflow/venv/lib/python3.8/site-packages/airflow/example_dags/example_task_group.py
[2021-03-09 20:10:52,174] {logging_mixin.py:103} INFO - [2021-03-09 20:10:52,174] {dag.py:1813} INFO - Sync 1 DAGs
[2021-03-09 20:10:52,186] {logging_mixin.py:103} INFO - [2021-03-09 20:10:52,186] {dag.py:2266} INFO - Setting next_dagrun for example_task_group to 2021-03-07 00:00:00+00:00
[2021-03-09 20:10:52,196] {scheduler_job.py:189} INFO - Processing /home/airflow/venv/lib/python3.8/site-packages/airflow/example_dags/example_task_group.py took 0.042 seconds
