[2021-03-09 18:54:36,811] {scheduler_job.py:181} INFO - Started process (PID=9380) to work on /home/airflow/venv/lib/python3.8/site-packages/airflow/example_dags/example_xcom.py
[2021-03-09 18:54:36,813] {scheduler_job.py:629} INFO - Processing file /home/airflow/venv/lib/python3.8/site-packages/airflow/example_dags/example_xcom.py for tasks to queue
[2021-03-09 18:54:36,814] {logging_mixin.py:103} INFO - [2021-03-09 18:54:36,814] {dagbag.py:440} INFO - Filling up the DagBag from /home/airflow/venv/lib/python3.8/site-packages/airflow/example_dags/example_xcom.py
[2021-03-09 18:54:36,832] {scheduler_job.py:639} INFO - DAG(s) dict_keys(['example_xcom']) retrieved from /home/airflow/venv/lib/python3.8/site-packages/airflow/example_dags/example_xcom.py
[2021-03-09 18:54:36,834] {logging_mixin.py:103} INFO - [2021-03-09 18:54:36,833] {dag.py:1813} INFO - Sync 1 DAGs
[2021-03-09 18:54:36,927] {logging_mixin.py:103} INFO - [2021-03-09 18:54:36,927] {dag.py:2266} INFO - Setting next_dagrun for example_xcom to 2021-03-07 00:00:00+00:00
[2021-03-09 18:54:37,041] {scheduler_job.py:189} INFO - Processing /home/airflow/venv/lib/python3.8/site-packages/airflow/example_dags/example_xcom.py took 0.252 seconds
[2021-03-09 18:55:09,020] {scheduler_job.py:181} INFO - Started process (PID=9447) to work on /home/airflow/venv/lib/python3.8/site-packages/airflow/example_dags/example_xcom.py
[2021-03-09 18:55:09,022] {scheduler_job.py:629} INFO - Processing file /home/airflow/venv/lib/python3.8/site-packages/airflow/example_dags/example_xcom.py for tasks to queue
[2021-03-09 18:55:09,027] {logging_mixin.py:103} INFO - [2021-03-09 18:55:09,027] {dagbag.py:440} INFO - Filling up the DagBag from /home/airflow/venv/lib/python3.8/site-packages/airflow/example_dags/example_xcom.py
[2021-03-09 18:55:09,119] {scheduler_job.py:639} INFO - DAG(s) dict_keys(['example_xcom']) retrieved from /home/airflow/venv/lib/python3.8/site-packages/airflow/example_dags/example_xcom.py
[2021-03-09 18:55:09,120] {logging_mixin.py:103} INFO - [2021-03-09 18:55:09,120] {dag.py:1813} INFO - Sync 1 DAGs
[2021-03-09 18:55:09,271] {logging_mixin.py:103} INFO - [2021-03-09 18:55:09,270] {dag.py:2266} INFO - Setting next_dagrun for example_xcom to 2021-03-07 00:00:00+00:00
[2021-03-09 18:55:09,414] {scheduler_job.py:189} INFO - Processing /home/airflow/venv/lib/python3.8/site-packages/airflow/example_dags/example_xcom.py took 0.532 seconds
[2021-03-09 18:55:46,074] {scheduler_job.py:181} INFO - Started process (PID=9519) to work on /home/airflow/venv/lib/python3.8/site-packages/airflow/example_dags/example_xcom.py
[2021-03-09 18:55:46,076] {scheduler_job.py:629} INFO - Processing file /home/airflow/venv/lib/python3.8/site-packages/airflow/example_dags/example_xcom.py for tasks to queue
[2021-03-09 18:55:46,077] {logging_mixin.py:103} INFO - [2021-03-09 18:55:46,077] {dagbag.py:440} INFO - Filling up the DagBag from /home/airflow/venv/lib/python3.8/site-packages/airflow/example_dags/example_xcom.py
[2021-03-09 18:55:46,320] {scheduler_job.py:639} INFO - DAG(s) dict_keys(['example_xcom']) retrieved from /home/airflow/venv/lib/python3.8/site-packages/airflow/example_dags/example_xcom.py
[2021-03-09 18:55:46,322] {logging_mixin.py:103} INFO - [2021-03-09 18:55:46,322] {dag.py:1813} INFO - Sync 1 DAGs
[2021-03-09 18:55:46,517] {logging_mixin.py:103} INFO - [2021-03-09 18:55:46,517] {dag.py:2266} INFO - Setting next_dagrun for example_xcom to 2021-03-07 00:00:00+00:00
[2021-03-09 18:55:46,533] {scheduler_job.py:189} INFO - Processing /home/airflow/venv/lib/python3.8/site-packages/airflow/example_dags/example_xcom.py took 0.466 seconds
[2021-03-09 18:56:28,220] {scheduler_job.py:181} INFO - Started process (PID=9594) to work on /home/airflow/venv/lib/python3.8/site-packages/airflow/example_dags/example_xcom.py
[2021-03-09 18:56:28,222] {scheduler_job.py:629} INFO - Processing file /home/airflow/venv/lib/python3.8/site-packages/airflow/example_dags/example_xcom.py for tasks to queue
[2021-03-09 18:56:28,223] {logging_mixin.py:103} INFO - [2021-03-09 18:56:28,223] {dagbag.py:440} INFO - Filling up the DagBag from /home/airflow/venv/lib/python3.8/site-packages/airflow/example_dags/example_xcom.py
[2021-03-09 18:56:28,276] {scheduler_job.py:639} INFO - DAG(s) dict_keys(['example_xcom']) retrieved from /home/airflow/venv/lib/python3.8/site-packages/airflow/example_dags/example_xcom.py
[2021-03-09 18:56:28,278] {logging_mixin.py:103} INFO - [2021-03-09 18:56:28,278] {dag.py:1813} INFO - Sync 1 DAGs
[2021-03-09 18:56:28,430] {logging_mixin.py:103} INFO - [2021-03-09 18:56:28,430] {dag.py:2266} INFO - Setting next_dagrun for example_xcom to 2021-03-07 00:00:00+00:00
[2021-03-09 18:56:28,532] {scheduler_job.py:189} INFO - Processing /home/airflow/venv/lib/python3.8/site-packages/airflow/example_dags/example_xcom.py took 0.350 seconds
[2021-03-09 18:57:13,623] {scheduler_job.py:181} INFO - Started process (PID=9673) to work on /home/airflow/venv/lib/python3.8/site-packages/airflow/example_dags/example_xcom.py
[2021-03-09 18:57:13,624] {scheduler_job.py:629} INFO - Processing file /home/airflow/venv/lib/python3.8/site-packages/airflow/example_dags/example_xcom.py for tasks to queue
[2021-03-09 18:57:13,626] {logging_mixin.py:103} INFO - [2021-03-09 18:57:13,626] {dagbag.py:440} INFO - Filling up the DagBag from /home/airflow/venv/lib/python3.8/site-packages/airflow/example_dags/example_xcom.py
[2021-03-09 18:57:13,777] {scheduler_job.py:639} INFO - DAG(s) dict_keys(['example_xcom']) retrieved from /home/airflow/venv/lib/python3.8/site-packages/airflow/example_dags/example_xcom.py
[2021-03-09 18:57:13,778] {logging_mixin.py:103} INFO - [2021-03-09 18:57:13,778] {dag.py:1813} INFO - Sync 1 DAGs
[2021-03-09 18:57:13,973] {logging_mixin.py:103} INFO - [2021-03-09 18:57:13,972] {dag.py:2266} INFO - Setting next_dagrun for example_xcom to 2021-03-07 00:00:00+00:00
[2021-03-09 18:57:14,078] {scheduler_job.py:189} INFO - Processing /home/airflow/venv/lib/python3.8/site-packages/airflow/example_dags/example_xcom.py took 0.460 seconds
[2021-03-09 19:11:13,331] {scheduler_job.py:181} INFO - Started process (PID=10323) to work on /home/airflow/venv/lib/python3.8/site-packages/airflow/example_dags/example_xcom.py
[2021-03-09 19:11:13,334] {scheduler_job.py:629} INFO - Processing file /home/airflow/venv/lib/python3.8/site-packages/airflow/example_dags/example_xcom.py for tasks to queue
[2021-03-09 19:11:13,339] {logging_mixin.py:103} INFO - [2021-03-09 19:11:13,334] {dagbag.py:440} INFO - Filling up the DagBag from /home/airflow/venv/lib/python3.8/site-packages/airflow/example_dags/example_xcom.py
[2021-03-09 19:11:13,372] {scheduler_job.py:639} INFO - DAG(s) dict_keys(['example_xcom']) retrieved from /home/airflow/venv/lib/python3.8/site-packages/airflow/example_dags/example_xcom.py
[2021-03-09 19:11:13,373] {logging_mixin.py:103} INFO - [2021-03-09 19:11:13,373] {dag.py:1813} INFO - Sync 1 DAGs
[2021-03-09 19:11:13,431] {logging_mixin.py:103} INFO - [2021-03-09 19:11:13,431] {dag.py:2266} INFO - Setting next_dagrun for example_xcom to 2021-03-07 00:00:00+00:00
[2021-03-09 19:11:13,480] {scheduler_job.py:189} INFO - Processing /home/airflow/venv/lib/python3.8/site-packages/airflow/example_dags/example_xcom.py took 0.161 seconds
[2021-03-09 19:11:49,845] {scheduler_job.py:181} INFO - Started process (PID=10361) to work on /home/airflow/venv/lib/python3.8/site-packages/airflow/example_dags/example_xcom.py
[2021-03-09 19:11:49,847] {scheduler_job.py:629} INFO - Processing file /home/airflow/venv/lib/python3.8/site-packages/airflow/example_dags/example_xcom.py for tasks to queue
[2021-03-09 19:11:49,848] {logging_mixin.py:103} INFO - [2021-03-09 19:11:49,848] {dagbag.py:440} INFO - Filling up the DagBag from /home/airflow/venv/lib/python3.8/site-packages/airflow/example_dags/example_xcom.py
[2021-03-09 19:11:49,885] {scheduler_job.py:639} INFO - DAG(s) dict_keys(['example_xcom']) retrieved from /home/airflow/venv/lib/python3.8/site-packages/airflow/example_dags/example_xcom.py
[2021-03-09 19:11:49,891] {logging_mixin.py:103} INFO - [2021-03-09 19:11:49,886] {dag.py:1813} INFO - Sync 1 DAGs
[2021-03-09 19:11:49,958] {logging_mixin.py:103} INFO - [2021-03-09 19:11:49,958] {dag.py:2266} INFO - Setting next_dagrun for example_xcom to 2021-03-07 00:00:00+00:00
[2021-03-09 19:11:50,003] {scheduler_job.py:189} INFO - Processing /home/airflow/venv/lib/python3.8/site-packages/airflow/example_dags/example_xcom.py took 0.174 seconds
[2021-03-09 19:12:16,978] {scheduler_job.py:181} INFO - Started process (PID=10389) to work on /home/airflow/venv/lib/python3.8/site-packages/airflow/example_dags/example_xcom.py
[2021-03-09 19:12:16,980] {scheduler_job.py:629} INFO - Processing file /home/airflow/venv/lib/python3.8/site-packages/airflow/example_dags/example_xcom.py for tasks to queue
[2021-03-09 19:12:16,981] {logging_mixin.py:103} INFO - [2021-03-09 19:12:16,981] {dagbag.py:440} INFO - Filling up the DagBag from /home/airflow/venv/lib/python3.8/site-packages/airflow/example_dags/example_xcom.py
[2021-03-09 19:12:16,998] {scheduler_job.py:639} INFO - DAG(s) dict_keys(['example_xcom']) retrieved from /home/airflow/venv/lib/python3.8/site-packages/airflow/example_dags/example_xcom.py
[2021-03-09 19:12:17,006] {logging_mixin.py:103} INFO - [2021-03-09 19:12:17,006] {dag.py:1813} INFO - Sync 1 DAGs
[2021-03-09 19:12:17,035] {logging_mixin.py:103} INFO - [2021-03-09 19:12:17,035] {dag.py:2266} INFO - Setting next_dagrun for example_xcom to 2021-03-07 00:00:00+00:00
[2021-03-09 19:12:17,064] {scheduler_job.py:189} INFO - Processing /home/airflow/venv/lib/python3.8/site-packages/airflow/example_dags/example_xcom.py took 0.091 seconds
[2021-03-09 19:16:23,870] {scheduler_job.py:181} INFO - Started process (PID=1467) to work on /home/airflow/venv/lib/python3.8/site-packages/airflow/example_dags/example_xcom.py
[2021-03-09 19:16:23,872] {scheduler_job.py:629} INFO - Processing file /home/airflow/venv/lib/python3.8/site-packages/airflow/example_dags/example_xcom.py for tasks to queue
[2021-03-09 19:16:23,873] {logging_mixin.py:103} INFO - [2021-03-09 19:16:23,872] {dagbag.py:440} INFO - Filling up the DagBag from /home/airflow/venv/lib/python3.8/site-packages/airflow/example_dags/example_xcom.py
[2021-03-09 19:16:23,879] {scheduler_job.py:639} INFO - DAG(s) dict_keys(['example_xcom']) retrieved from /home/airflow/venv/lib/python3.8/site-packages/airflow/example_dags/example_xcom.py
[2021-03-09 19:16:23,879] {logging_mixin.py:103} INFO - [2021-03-09 19:16:23,879] {dag.py:1813} INFO - Sync 1 DAGs
[2021-03-09 19:16:23,890] {logging_mixin.py:103} INFO - [2021-03-09 19:16:23,890] {dag.py:2266} INFO - Setting next_dagrun for example_xcom to 2021-03-07 00:00:00+00:00
[2021-03-09 19:16:23,901] {scheduler_job.py:189} INFO - Processing /home/airflow/venv/lib/python3.8/site-packages/airflow/example_dags/example_xcom.py took 0.033 seconds
[2021-03-09 19:16:52,098] {scheduler_job.py:181} INFO - Started process (PID=1516) to work on /home/airflow/venv/lib/python3.8/site-packages/airflow/example_dags/example_xcom.py
[2021-03-09 19:16:52,099] {scheduler_job.py:629} INFO - Processing file /home/airflow/venv/lib/python3.8/site-packages/airflow/example_dags/example_xcom.py for tasks to queue
[2021-03-09 19:16:52,100] {logging_mixin.py:103} INFO - [2021-03-09 19:16:52,100] {dagbag.py:440} INFO - Filling up the DagBag from /home/airflow/venv/lib/python3.8/site-packages/airflow/example_dags/example_xcom.py
[2021-03-09 19:16:52,108] {scheduler_job.py:639} INFO - DAG(s) dict_keys(['example_xcom']) retrieved from /home/airflow/venv/lib/python3.8/site-packages/airflow/example_dags/example_xcom.py
[2021-03-09 19:16:52,109] {logging_mixin.py:103} INFO - [2021-03-09 19:16:52,109] {dag.py:1813} INFO - Sync 1 DAGs
[2021-03-09 19:16:52,125] {logging_mixin.py:103} INFO - [2021-03-09 19:16:52,125] {dag.py:2266} INFO - Setting next_dagrun for example_xcom to 2021-03-07 00:00:00+00:00
[2021-03-09 19:16:52,139] {scheduler_job.py:189} INFO - Processing /home/airflow/venv/lib/python3.8/site-packages/airflow/example_dags/example_xcom.py took 0.044 seconds
[2021-03-09 19:17:18,962] {scheduler_job.py:181} INFO - Started process (PID=1582) to work on /home/airflow/venv/lib/python3.8/site-packages/airflow/example_dags/example_xcom.py
[2021-03-09 19:17:18,963] {scheduler_job.py:629} INFO - Processing file /home/airflow/venv/lib/python3.8/site-packages/airflow/example_dags/example_xcom.py for tasks to queue
[2021-03-09 19:17:18,964] {logging_mixin.py:103} INFO - [2021-03-09 19:17:18,964] {dagbag.py:440} INFO - Filling up the DagBag from /home/airflow/venv/lib/python3.8/site-packages/airflow/example_dags/example_xcom.py
[2021-03-09 19:17:18,974] {scheduler_job.py:639} INFO - DAG(s) dict_keys(['example_xcom']) retrieved from /home/airflow/venv/lib/python3.8/site-packages/airflow/example_dags/example_xcom.py
[2021-03-09 19:17:18,976] {logging_mixin.py:103} INFO - [2021-03-09 19:17:18,975] {dag.py:1813} INFO - Sync 1 DAGs
[2021-03-09 19:17:18,993] {logging_mixin.py:103} INFO - [2021-03-09 19:17:18,993] {dag.py:2266} INFO - Setting next_dagrun for example_xcom to 2021-03-07 00:00:00+00:00
[2021-03-09 19:17:19,011] {scheduler_job.py:189} INFO - Processing /home/airflow/venv/lib/python3.8/site-packages/airflow/example_dags/example_xcom.py took 0.052 seconds
[2021-03-09 19:17:46,452] {scheduler_job.py:181} INFO - Started process (PID=1649) to work on /home/airflow/venv/lib/python3.8/site-packages/airflow/example_dags/example_xcom.py
[2021-03-09 19:17:46,452] {scheduler_job.py:629} INFO - Processing file /home/airflow/venv/lib/python3.8/site-packages/airflow/example_dags/example_xcom.py for tasks to queue
[2021-03-09 19:17:46,453] {logging_mixin.py:103} INFO - [2021-03-09 19:17:46,453] {dagbag.py:440} INFO - Filling up the DagBag from /home/airflow/venv/lib/python3.8/site-packages/airflow/example_dags/example_xcom.py
[2021-03-09 19:17:46,461] {scheduler_job.py:639} INFO - DAG(s) dict_keys(['example_xcom']) retrieved from /home/airflow/venv/lib/python3.8/site-packages/airflow/example_dags/example_xcom.py
[2021-03-09 19:17:46,461] {logging_mixin.py:103} INFO - [2021-03-09 19:17:46,461] {dag.py:1813} INFO - Sync 1 DAGs
[2021-03-09 19:17:46,473] {logging_mixin.py:103} INFO - [2021-03-09 19:17:46,473] {dag.py:2266} INFO - Setting next_dagrun for example_xcom to 2021-03-07 00:00:00+00:00
[2021-03-09 19:17:46,486] {scheduler_job.py:189} INFO - Processing /home/airflow/venv/lib/python3.8/site-packages/airflow/example_dags/example_xcom.py took 0.036 seconds
[2021-03-09 19:18:13,375] {scheduler_job.py:181} INFO - Started process (PID=1730) to work on /home/airflow/venv/lib/python3.8/site-packages/airflow/example_dags/example_xcom.py
[2021-03-09 19:18:13,376] {scheduler_job.py:629} INFO - Processing file /home/airflow/venv/lib/python3.8/site-packages/airflow/example_dags/example_xcom.py for tasks to queue
[2021-03-09 19:18:13,377] {logging_mixin.py:103} INFO - [2021-03-09 19:18:13,376] {dagbag.py:440} INFO - Filling up the DagBag from /home/airflow/venv/lib/python3.8/site-packages/airflow/example_dags/example_xcom.py
[2021-03-09 19:18:13,449] {scheduler_job.py:639} INFO - DAG(s) dict_keys(['example_xcom']) retrieved from /home/airflow/venv/lib/python3.8/site-packages/airflow/example_dags/example_xcom.py
[2021-03-09 19:18:13,459] {logging_mixin.py:103} INFO - [2021-03-09 19:18:13,459] {dag.py:1813} INFO - Sync 1 DAGs
[2021-03-09 19:18:13,560] {logging_mixin.py:103} INFO - [2021-03-09 19:18:13,560] {dag.py:2266} INFO - Setting next_dagrun for example_xcom to 2021-03-07 00:00:00+00:00
[2021-03-09 19:18:13,620] {scheduler_job.py:189} INFO - Processing /home/airflow/venv/lib/python3.8/site-packages/airflow/example_dags/example_xcom.py took 0.266 seconds
[2021-03-09 19:18:42,885] {scheduler_job.py:181} INFO - Started process (PID=1830) to work on /home/airflow/venv/lib/python3.8/site-packages/airflow/example_dags/example_xcom.py
[2021-03-09 19:18:42,886] {scheduler_job.py:629} INFO - Processing file /home/airflow/venv/lib/python3.8/site-packages/airflow/example_dags/example_xcom.py for tasks to queue
[2021-03-09 19:18:42,886] {logging_mixin.py:103} INFO - [2021-03-09 19:18:42,886] {dagbag.py:440} INFO - Filling up the DagBag from /home/airflow/venv/lib/python3.8/site-packages/airflow/example_dags/example_xcom.py
[2021-03-09 19:18:42,893] {scheduler_job.py:639} INFO - DAG(s) dict_keys(['example_xcom']) retrieved from /home/airflow/venv/lib/python3.8/site-packages/airflow/example_dags/example_xcom.py
[2021-03-09 19:18:42,894] {logging_mixin.py:103} INFO - [2021-03-09 19:18:42,894] {dag.py:1813} INFO - Sync 1 DAGs
[2021-03-09 19:18:42,905] {logging_mixin.py:103} INFO - [2021-03-09 19:18:42,905] {dag.py:2266} INFO - Setting next_dagrun for example_xcom to 2021-03-07 00:00:00+00:00
[2021-03-09 19:18:42,919] {scheduler_job.py:189} INFO - Processing /home/airflow/venv/lib/python3.8/site-packages/airflow/example_dags/example_xcom.py took 0.035 seconds
[2021-03-09 19:19:11,081] {scheduler_job.py:181} INFO - Started process (PID=1897) to work on /home/airflow/venv/lib/python3.8/site-packages/airflow/example_dags/example_xcom.py
[2021-03-09 19:19:11,082] {scheduler_job.py:629} INFO - Processing file /home/airflow/venv/lib/python3.8/site-packages/airflow/example_dags/example_xcom.py for tasks to queue
[2021-03-09 19:19:11,082] {logging_mixin.py:103} INFO - [2021-03-09 19:19:11,082] {dagbag.py:440} INFO - Filling up the DagBag from /home/airflow/venv/lib/python3.8/site-packages/airflow/example_dags/example_xcom.py
[2021-03-09 19:19:11,092] {scheduler_job.py:639} INFO - DAG(s) dict_keys(['example_xcom']) retrieved from /home/airflow/venv/lib/python3.8/site-packages/airflow/example_dags/example_xcom.py
[2021-03-09 19:19:11,093] {logging_mixin.py:103} INFO - [2021-03-09 19:19:11,092] {dag.py:1813} INFO - Sync 1 DAGs
[2021-03-09 19:19:11,105] {logging_mixin.py:103} INFO - [2021-03-09 19:19:11,104] {dag.py:2266} INFO - Setting next_dagrun for example_xcom to 2021-03-07 00:00:00+00:00
[2021-03-09 19:19:11,114] {scheduler_job.py:189} INFO - Processing /home/airflow/venv/lib/python3.8/site-packages/airflow/example_dags/example_xcom.py took 0.034 seconds
[2021-03-09 19:19:38,547] {scheduler_job.py:181} INFO - Started process (PID=1967) to work on /home/airflow/venv/lib/python3.8/site-packages/airflow/example_dags/example_xcom.py
[2021-03-09 19:19:38,550] {scheduler_job.py:629} INFO - Processing file /home/airflow/venv/lib/python3.8/site-packages/airflow/example_dags/example_xcom.py for tasks to queue
[2021-03-09 19:19:38,550] {logging_mixin.py:103} INFO - [2021-03-09 19:19:38,550] {dagbag.py:440} INFO - Filling up the DagBag from /home/airflow/venv/lib/python3.8/site-packages/airflow/example_dags/example_xcom.py
[2021-03-09 19:19:38,557] {scheduler_job.py:639} INFO - DAG(s) dict_keys(['example_xcom']) retrieved from /home/airflow/venv/lib/python3.8/site-packages/airflow/example_dags/example_xcom.py
[2021-03-09 19:19:38,558] {logging_mixin.py:103} INFO - [2021-03-09 19:19:38,558] {dag.py:1813} INFO - Sync 1 DAGs
[2021-03-09 19:19:38,570] {logging_mixin.py:103} INFO - [2021-03-09 19:19:38,570] {dag.py:2266} INFO - Setting next_dagrun for example_xcom to 2021-03-07 00:00:00+00:00
[2021-03-09 19:19:38,581] {scheduler_job.py:189} INFO - Processing /home/airflow/venv/lib/python3.8/site-packages/airflow/example_dags/example_xcom.py took 0.036 seconds
[2021-03-09 19:20:05,659] {scheduler_job.py:181} INFO - Started process (PID=2036) to work on /home/airflow/venv/lib/python3.8/site-packages/airflow/example_dags/example_xcom.py
[2021-03-09 19:20:05,660] {scheduler_job.py:629} INFO - Processing file /home/airflow/venv/lib/python3.8/site-packages/airflow/example_dags/example_xcom.py for tasks to queue
[2021-03-09 19:20:05,660] {logging_mixin.py:103} INFO - [2021-03-09 19:20:05,660] {dagbag.py:440} INFO - Filling up the DagBag from /home/airflow/venv/lib/python3.8/site-packages/airflow/example_dags/example_xcom.py
[2021-03-09 19:20:05,667] {scheduler_job.py:639} INFO - DAG(s) dict_keys(['example_xcom']) retrieved from /home/airflow/venv/lib/python3.8/site-packages/airflow/example_dags/example_xcom.py
[2021-03-09 19:20:05,667] {logging_mixin.py:103} INFO - [2021-03-09 19:20:05,667] {dag.py:1813} INFO - Sync 1 DAGs
[2021-03-09 19:20:05,680] {logging_mixin.py:103} INFO - [2021-03-09 19:20:05,680] {dag.py:2266} INFO - Setting next_dagrun for example_xcom to 2021-03-07 00:00:00+00:00
[2021-03-09 19:20:05,690] {scheduler_job.py:189} INFO - Processing /home/airflow/venv/lib/python3.8/site-packages/airflow/example_dags/example_xcom.py took 0.033 seconds
[2021-03-09 19:20:33,312] {scheduler_job.py:181} INFO - Started process (PID=2109) to work on /home/airflow/venv/lib/python3.8/site-packages/airflow/example_dags/example_xcom.py
[2021-03-09 19:20:33,312] {scheduler_job.py:629} INFO - Processing file /home/airflow/venv/lib/python3.8/site-packages/airflow/example_dags/example_xcom.py for tasks to queue
[2021-03-09 19:20:33,313] {logging_mixin.py:103} INFO - [2021-03-09 19:20:33,313] {dagbag.py:440} INFO - Filling up the DagBag from /home/airflow/venv/lib/python3.8/site-packages/airflow/example_dags/example_xcom.py
[2021-03-09 19:20:33,320] {scheduler_job.py:639} INFO - DAG(s) dict_keys(['example_xcom']) retrieved from /home/airflow/venv/lib/python3.8/site-packages/airflow/example_dags/example_xcom.py
[2021-03-09 19:20:33,321] {logging_mixin.py:103} INFO - [2021-03-09 19:20:33,321] {dag.py:1813} INFO - Sync 1 DAGs
[2021-03-09 19:20:33,331] {logging_mixin.py:103} INFO - [2021-03-09 19:20:33,331] {dag.py:2266} INFO - Setting next_dagrun for example_xcom to 2021-03-07 00:00:00+00:00
[2021-03-09 19:20:33,343] {scheduler_job.py:189} INFO - Processing /home/airflow/venv/lib/python3.8/site-packages/airflow/example_dags/example_xcom.py took 0.033 seconds
[2021-03-09 19:21:00,356] {scheduler_job.py:181} INFO - Started process (PID=2184) to work on /home/airflow/venv/lib/python3.8/site-packages/airflow/example_dags/example_xcom.py
[2021-03-09 19:21:00,357] {scheduler_job.py:629} INFO - Processing file /home/airflow/venv/lib/python3.8/site-packages/airflow/example_dags/example_xcom.py for tasks to queue
[2021-03-09 19:21:00,357] {logging_mixin.py:103} INFO - [2021-03-09 19:21:00,357] {dagbag.py:440} INFO - Filling up the DagBag from /home/airflow/venv/lib/python3.8/site-packages/airflow/example_dags/example_xcom.py
[2021-03-09 19:21:00,370] {scheduler_job.py:639} INFO - DAG(s) dict_keys(['example_xcom']) retrieved from /home/airflow/venv/lib/python3.8/site-packages/airflow/example_dags/example_xcom.py
[2021-03-09 19:21:00,371] {logging_mixin.py:103} INFO - [2021-03-09 19:21:00,371] {dag.py:1813} INFO - Sync 1 DAGs
[2021-03-09 19:21:00,385] {logging_mixin.py:103} INFO - [2021-03-09 19:21:00,385] {dag.py:2266} INFO - Setting next_dagrun for example_xcom to 2021-03-07 00:00:00+00:00
[2021-03-09 19:21:00,396] {scheduler_job.py:189} INFO - Processing /home/airflow/venv/lib/python3.8/site-packages/airflow/example_dags/example_xcom.py took 0.041 seconds
[2021-03-09 19:21:25,665] {scheduler_job.py:181} INFO - Started process (PID=2249) to work on /home/airflow/venv/lib/python3.8/site-packages/airflow/example_dags/example_xcom.py
[2021-03-09 19:21:25,666] {scheduler_job.py:629} INFO - Processing file /home/airflow/venv/lib/python3.8/site-packages/airflow/example_dags/example_xcom.py for tasks to queue
[2021-03-09 19:21:25,666] {logging_mixin.py:103} INFO - [2021-03-09 19:21:25,666] {dagbag.py:440} INFO - Filling up the DagBag from /home/airflow/venv/lib/python3.8/site-packages/airflow/example_dags/example_xcom.py
[2021-03-09 19:21:25,674] {scheduler_job.py:639} INFO - DAG(s) dict_keys(['example_xcom']) retrieved from /home/airflow/venv/lib/python3.8/site-packages/airflow/example_dags/example_xcom.py
[2021-03-09 19:21:25,675] {logging_mixin.py:103} INFO - [2021-03-09 19:21:25,675] {dag.py:1813} INFO - Sync 1 DAGs
[2021-03-09 19:21:25,689] {logging_mixin.py:103} INFO - [2021-03-09 19:21:25,689] {dag.py:2266} INFO - Setting next_dagrun for example_xcom to 2021-03-07 00:00:00+00:00
[2021-03-09 19:21:25,698] {scheduler_job.py:189} INFO - Processing /home/airflow/venv/lib/python3.8/site-packages/airflow/example_dags/example_xcom.py took 0.039 seconds
[2021-03-09 19:21:51,337] {scheduler_job.py:181} INFO - Started process (PID=2319) to work on /home/airflow/venv/lib/python3.8/site-packages/airflow/example_dags/example_xcom.py
[2021-03-09 19:21:51,345] {scheduler_job.py:629} INFO - Processing file /home/airflow/venv/lib/python3.8/site-packages/airflow/example_dags/example_xcom.py for tasks to queue
[2021-03-09 19:21:51,345] {logging_mixin.py:103} INFO - [2021-03-09 19:21:51,345] {dagbag.py:440} INFO - Filling up the DagBag from /home/airflow/venv/lib/python3.8/site-packages/airflow/example_dags/example_xcom.py
[2021-03-09 19:21:51,360] {scheduler_job.py:639} INFO - DAG(s) dict_keys(['example_xcom']) retrieved from /home/airflow/venv/lib/python3.8/site-packages/airflow/example_dags/example_xcom.py
[2021-03-09 19:21:51,365] {logging_mixin.py:103} INFO - [2021-03-09 19:21:51,365] {dag.py:1813} INFO - Sync 1 DAGs
[2021-03-09 19:21:51,391] {logging_mixin.py:103} INFO - [2021-03-09 19:21:51,391] {dag.py:2266} INFO - Setting next_dagrun for example_xcom to 2021-03-07 00:00:00+00:00
[2021-03-09 19:21:51,420] {scheduler_job.py:189} INFO - Processing /home/airflow/venv/lib/python3.8/site-packages/airflow/example_dags/example_xcom.py took 0.092 seconds
[2021-03-09 19:22:17,071] {scheduler_job.py:181} INFO - Started process (PID=2387) to work on /home/airflow/venv/lib/python3.8/site-packages/airflow/example_dags/example_xcom.py
[2021-03-09 19:22:17,071] {scheduler_job.py:629} INFO - Processing file /home/airflow/venv/lib/python3.8/site-packages/airflow/example_dags/example_xcom.py for tasks to queue
[2021-03-09 19:22:17,072] {logging_mixin.py:103} INFO - [2021-03-09 19:22:17,071] {dagbag.py:440} INFO - Filling up the DagBag from /home/airflow/venv/lib/python3.8/site-packages/airflow/example_dags/example_xcom.py
[2021-03-09 19:22:17,084] {scheduler_job.py:639} INFO - DAG(s) dict_keys(['example_xcom']) retrieved from /home/airflow/venv/lib/python3.8/site-packages/airflow/example_dags/example_xcom.py
[2021-03-09 19:22:17,084] {logging_mixin.py:103} INFO - [2021-03-09 19:22:17,084] {dag.py:1813} INFO - Sync 1 DAGs
[2021-03-09 19:22:17,102] {logging_mixin.py:103} INFO - [2021-03-09 19:22:17,102] {dag.py:2266} INFO - Setting next_dagrun for example_xcom to 2021-03-07 00:00:00+00:00
[2021-03-09 19:22:17,112] {scheduler_job.py:189} INFO - Processing /home/airflow/venv/lib/python3.8/site-packages/airflow/example_dags/example_xcom.py took 0.044 seconds
[2021-03-09 19:22:43,368] {scheduler_job.py:181} INFO - Started process (PID=2461) to work on /home/airflow/venv/lib/python3.8/site-packages/airflow/example_dags/example_xcom.py
[2021-03-09 19:22:43,368] {scheduler_job.py:629} INFO - Processing file /home/airflow/venv/lib/python3.8/site-packages/airflow/example_dags/example_xcom.py for tasks to queue
[2021-03-09 19:22:43,369] {logging_mixin.py:103} INFO - [2021-03-09 19:22:43,369] {dagbag.py:440} INFO - Filling up the DagBag from /home/airflow/venv/lib/python3.8/site-packages/airflow/example_dags/example_xcom.py
[2021-03-09 19:22:43,380] {scheduler_job.py:639} INFO - DAG(s) dict_keys(['example_xcom']) retrieved from /home/airflow/venv/lib/python3.8/site-packages/airflow/example_dags/example_xcom.py
[2021-03-09 19:22:43,380] {logging_mixin.py:103} INFO - [2021-03-09 19:22:43,380] {dag.py:1813} INFO - Sync 1 DAGs
[2021-03-09 19:22:43,403] {logging_mixin.py:103} INFO - [2021-03-09 19:22:43,403] {dag.py:2266} INFO - Setting next_dagrun for example_xcom to 2021-03-07 00:00:00+00:00
[2021-03-09 19:22:43,414] {scheduler_job.py:189} INFO - Processing /home/airflow/venv/lib/python3.8/site-packages/airflow/example_dags/example_xcom.py took 0.051 seconds
[2021-03-09 19:23:09,690] {scheduler_job.py:181} INFO - Started process (PID=2527) to work on /home/airflow/venv/lib/python3.8/site-packages/airflow/example_dags/example_xcom.py
[2021-03-09 19:23:09,690] {scheduler_job.py:629} INFO - Processing file /home/airflow/venv/lib/python3.8/site-packages/airflow/example_dags/example_xcom.py for tasks to queue
[2021-03-09 19:23:09,691] {logging_mixin.py:103} INFO - [2021-03-09 19:23:09,691] {dagbag.py:440} INFO - Filling up the DagBag from /home/airflow/venv/lib/python3.8/site-packages/airflow/example_dags/example_xcom.py
[2021-03-09 19:23:09,705] {scheduler_job.py:639} INFO - DAG(s) dict_keys(['example_xcom']) retrieved from /home/airflow/venv/lib/python3.8/site-packages/airflow/example_dags/example_xcom.py
[2021-03-09 19:23:09,705] {logging_mixin.py:103} INFO - [2021-03-09 19:23:09,705] {dag.py:1813} INFO - Sync 1 DAGs
[2021-03-09 19:23:09,718] {logging_mixin.py:103} INFO - [2021-03-09 19:23:09,718] {dag.py:2266} INFO - Setting next_dagrun for example_xcom to 2021-03-07 00:00:00+00:00
[2021-03-09 19:23:09,729] {scheduler_job.py:189} INFO - Processing /home/airflow/venv/lib/python3.8/site-packages/airflow/example_dags/example_xcom.py took 0.045 seconds
[2021-03-09 19:23:36,036] {scheduler_job.py:181} INFO - Started process (PID=2594) to work on /home/airflow/venv/lib/python3.8/site-packages/airflow/example_dags/example_xcom.py
[2021-03-09 19:23:36,036] {scheduler_job.py:629} INFO - Processing file /home/airflow/venv/lib/python3.8/site-packages/airflow/example_dags/example_xcom.py for tasks to queue
[2021-03-09 19:23:36,037] {logging_mixin.py:103} INFO - [2021-03-09 19:23:36,037] {dagbag.py:440} INFO - Filling up the DagBag from /home/airflow/venv/lib/python3.8/site-packages/airflow/example_dags/example_xcom.py
[2021-03-09 19:23:36,043] {scheduler_job.py:639} INFO - DAG(s) dict_keys(['example_xcom']) retrieved from /home/airflow/venv/lib/python3.8/site-packages/airflow/example_dags/example_xcom.py
[2021-03-09 19:23:36,044] {logging_mixin.py:103} INFO - [2021-03-09 19:23:36,044] {dag.py:1813} INFO - Sync 1 DAGs
[2021-03-09 19:23:36,055] {logging_mixin.py:103} INFO - [2021-03-09 19:23:36,055] {dag.py:2266} INFO - Setting next_dagrun for example_xcom to 2021-03-07 00:00:00+00:00
[2021-03-09 19:23:36,065] {scheduler_job.py:189} INFO - Processing /home/airflow/venv/lib/python3.8/site-packages/airflow/example_dags/example_xcom.py took 0.038 seconds
[2021-03-09 19:24:01,316] {scheduler_job.py:181} INFO - Started process (PID=2661) to work on /home/airflow/venv/lib/python3.8/site-packages/airflow/example_dags/example_xcom.py
[2021-03-09 19:24:01,322] {scheduler_job.py:629} INFO - Processing file /home/airflow/venv/lib/python3.8/site-packages/airflow/example_dags/example_xcom.py for tasks to queue
[2021-03-09 19:24:01,322] {logging_mixin.py:103} INFO - [2021-03-09 19:24:01,322] {dagbag.py:440} INFO - Filling up the DagBag from /home/airflow/venv/lib/python3.8/site-packages/airflow/example_dags/example_xcom.py
[2021-03-09 19:24:01,337] {scheduler_job.py:639} INFO - DAG(s) dict_keys(['example_xcom']) retrieved from /home/airflow/venv/lib/python3.8/site-packages/airflow/example_dags/example_xcom.py
[2021-03-09 19:24:01,338] {logging_mixin.py:103} INFO - [2021-03-09 19:24:01,337] {dag.py:1813} INFO - Sync 1 DAGs
[2021-03-09 19:24:01,351] {logging_mixin.py:103} INFO - [2021-03-09 19:24:01,351] {dag.py:2266} INFO - Setting next_dagrun for example_xcom to 2021-03-07 00:00:00+00:00
[2021-03-09 19:24:01,360] {scheduler_job.py:189} INFO - Processing /home/airflow/venv/lib/python3.8/site-packages/airflow/example_dags/example_xcom.py took 0.046 seconds
[2021-03-09 19:24:26,611] {scheduler_job.py:181} INFO - Started process (PID=2726) to work on /home/airflow/venv/lib/python3.8/site-packages/airflow/example_dags/example_xcom.py
[2021-03-09 19:24:26,611] {scheduler_job.py:629} INFO - Processing file /home/airflow/venv/lib/python3.8/site-packages/airflow/example_dags/example_xcom.py for tasks to queue
[2021-03-09 19:24:26,612] {logging_mixin.py:103} INFO - [2021-03-09 19:24:26,612] {dagbag.py:440} INFO - Filling up the DagBag from /home/airflow/venv/lib/python3.8/site-packages/airflow/example_dags/example_xcom.py
[2021-03-09 19:24:26,622] {scheduler_job.py:639} INFO - DAG(s) dict_keys(['example_xcom']) retrieved from /home/airflow/venv/lib/python3.8/site-packages/airflow/example_dags/example_xcom.py
[2021-03-09 19:24:26,622] {logging_mixin.py:103} INFO - [2021-03-09 19:24:26,622] {dag.py:1813} INFO - Sync 1 DAGs
[2021-03-09 19:24:26,634] {logging_mixin.py:103} INFO - [2021-03-09 19:24:26,634] {dag.py:2266} INFO - Setting next_dagrun for example_xcom to 2021-03-07 00:00:00+00:00
[2021-03-09 19:24:26,645] {scheduler_job.py:189} INFO - Processing /home/airflow/venv/lib/python3.8/site-packages/airflow/example_dags/example_xcom.py took 0.036 seconds
[2021-03-09 19:24:52,961] {scheduler_job.py:181} INFO - Started process (PID=2793) to work on /home/airflow/venv/lib/python3.8/site-packages/airflow/example_dags/example_xcom.py
[2021-03-09 19:24:52,962] {scheduler_job.py:629} INFO - Processing file /home/airflow/venv/lib/python3.8/site-packages/airflow/example_dags/example_xcom.py for tasks to queue
[2021-03-09 19:24:52,962] {logging_mixin.py:103} INFO - [2021-03-09 19:24:52,962] {dagbag.py:440} INFO - Filling up the DagBag from /home/airflow/venv/lib/python3.8/site-packages/airflow/example_dags/example_xcom.py
[2021-03-09 19:24:52,981] {scheduler_job.py:639} INFO - DAG(s) dict_keys(['example_xcom']) retrieved from /home/airflow/venv/lib/python3.8/site-packages/airflow/example_dags/example_xcom.py
[2021-03-09 19:24:52,981] {logging_mixin.py:103} INFO - [2021-03-09 19:24:52,981] {dag.py:1813} INFO - Sync 1 DAGs
[2021-03-09 19:24:53,003] {logging_mixin.py:103} INFO - [2021-03-09 19:24:53,003] {dag.py:2266} INFO - Setting next_dagrun for example_xcom to 2021-03-07 00:00:00+00:00
[2021-03-09 19:24:53,027] {scheduler_job.py:189} INFO - Processing /home/airflow/venv/lib/python3.8/site-packages/airflow/example_dags/example_xcom.py took 0.076 seconds
[2021-03-09 19:25:20,116] {scheduler_job.py:181} INFO - Started process (PID=2859) to work on /home/airflow/venv/lib/python3.8/site-packages/airflow/example_dags/example_xcom.py
[2021-03-09 19:25:20,117] {scheduler_job.py:629} INFO - Processing file /home/airflow/venv/lib/python3.8/site-packages/airflow/example_dags/example_xcom.py for tasks to queue
[2021-03-09 19:25:20,117] {logging_mixin.py:103} INFO - [2021-03-09 19:25:20,117] {dagbag.py:440} INFO - Filling up the DagBag from /home/airflow/venv/lib/python3.8/site-packages/airflow/example_dags/example_xcom.py
[2021-03-09 19:25:20,133] {scheduler_job.py:639} INFO - DAG(s) dict_keys(['example_xcom']) retrieved from /home/airflow/venv/lib/python3.8/site-packages/airflow/example_dags/example_xcom.py
[2021-03-09 19:25:20,134] {logging_mixin.py:103} INFO - [2021-03-09 19:25:20,134] {dag.py:1813} INFO - Sync 1 DAGs
[2021-03-09 19:25:20,147] {logging_mixin.py:103} INFO - [2021-03-09 19:25:20,147] {dag.py:2266} INFO - Setting next_dagrun for example_xcom to 2021-03-07 00:00:00+00:00
[2021-03-09 19:25:20,157] {scheduler_job.py:189} INFO - Processing /home/airflow/venv/lib/python3.8/site-packages/airflow/example_dags/example_xcom.py took 0.043 seconds
[2021-03-09 19:25:46,493] {scheduler_job.py:181} INFO - Started process (PID=2930) to work on /home/airflow/venv/lib/python3.8/site-packages/airflow/example_dags/example_xcom.py
[2021-03-09 19:25:46,494] {scheduler_job.py:629} INFO - Processing file /home/airflow/venv/lib/python3.8/site-packages/airflow/example_dags/example_xcom.py for tasks to queue
[2021-03-09 19:25:46,494] {logging_mixin.py:103} INFO - [2021-03-09 19:25:46,494] {dagbag.py:440} INFO - Filling up the DagBag from /home/airflow/venv/lib/python3.8/site-packages/airflow/example_dags/example_xcom.py
[2021-03-09 19:25:46,504] {scheduler_job.py:639} INFO - DAG(s) dict_keys(['example_xcom']) retrieved from /home/airflow/venv/lib/python3.8/site-packages/airflow/example_dags/example_xcom.py
[2021-03-09 19:25:46,505] {logging_mixin.py:103} INFO - [2021-03-09 19:25:46,505] {dag.py:1813} INFO - Sync 1 DAGs
[2021-03-09 19:25:46,516] {logging_mixin.py:103} INFO - [2021-03-09 19:25:46,516] {dag.py:2266} INFO - Setting next_dagrun for example_xcom to 2021-03-07 00:00:00+00:00
[2021-03-09 19:25:46,524] {scheduler_job.py:189} INFO - Processing /home/airflow/venv/lib/python3.8/site-packages/airflow/example_dags/example_xcom.py took 0.037 seconds
[2021-03-09 19:26:11,762] {scheduler_job.py:181} INFO - Started process (PID=2997) to work on /home/airflow/venv/lib/python3.8/site-packages/airflow/example_dags/example_xcom.py
[2021-03-09 19:26:11,762] {scheduler_job.py:629} INFO - Processing file /home/airflow/venv/lib/python3.8/site-packages/airflow/example_dags/example_xcom.py for tasks to queue
[2021-03-09 19:26:11,763] {logging_mixin.py:103} INFO - [2021-03-09 19:26:11,763] {dagbag.py:440} INFO - Filling up the DagBag from /home/airflow/venv/lib/python3.8/site-packages/airflow/example_dags/example_xcom.py
[2021-03-09 19:26:11,776] {scheduler_job.py:639} INFO - DAG(s) dict_keys(['example_xcom']) retrieved from /home/airflow/venv/lib/python3.8/site-packages/airflow/example_dags/example_xcom.py
[2021-03-09 19:26:11,777] {logging_mixin.py:103} INFO - [2021-03-09 19:26:11,777] {dag.py:1813} INFO - Sync 1 DAGs
[2021-03-09 19:26:11,791] {logging_mixin.py:103} INFO - [2021-03-09 19:26:11,791] {dag.py:2266} INFO - Setting next_dagrun for example_xcom to 2021-03-07 00:00:00+00:00
[2021-03-09 19:26:11,803] {scheduler_job.py:189} INFO - Processing /home/airflow/venv/lib/python3.8/site-packages/airflow/example_dags/example_xcom.py took 0.048 seconds
[2021-03-09 19:26:37,002] {scheduler_job.py:181} INFO - Started process (PID=3061) to work on /home/airflow/venv/lib/python3.8/site-packages/airflow/example_dags/example_xcom.py
[2021-03-09 19:26:37,002] {scheduler_job.py:629} INFO - Processing file /home/airflow/venv/lib/python3.8/site-packages/airflow/example_dags/example_xcom.py for tasks to queue
[2021-03-09 19:26:37,003] {logging_mixin.py:103} INFO - [2021-03-09 19:26:37,003] {dagbag.py:440} INFO - Filling up the DagBag from /home/airflow/venv/lib/python3.8/site-packages/airflow/example_dags/example_xcom.py
[2021-03-09 19:26:37,017] {scheduler_job.py:639} INFO - DAG(s) dict_keys(['example_xcom']) retrieved from /home/airflow/venv/lib/python3.8/site-packages/airflow/example_dags/example_xcom.py
[2021-03-09 19:26:37,018] {logging_mixin.py:103} INFO - [2021-03-09 19:26:37,018] {dag.py:1813} INFO - Sync 1 DAGs
[2021-03-09 19:26:37,029] {logging_mixin.py:103} INFO - [2021-03-09 19:26:37,029] {dag.py:2266} INFO - Setting next_dagrun for example_xcom to 2021-03-07 00:00:00+00:00
[2021-03-09 19:26:37,038] {scheduler_job.py:189} INFO - Processing /home/airflow/venv/lib/python3.8/site-packages/airflow/example_dags/example_xcom.py took 0.042 seconds
[2021-03-09 19:27:02,281] {scheduler_job.py:181} INFO - Started process (PID=3125) to work on /home/airflow/venv/lib/python3.8/site-packages/airflow/example_dags/example_xcom.py
[2021-03-09 19:27:02,282] {scheduler_job.py:629} INFO - Processing file /home/airflow/venv/lib/python3.8/site-packages/airflow/example_dags/example_xcom.py for tasks to queue
[2021-03-09 19:27:02,282] {logging_mixin.py:103} INFO - [2021-03-09 19:27:02,282] {dagbag.py:440} INFO - Filling up the DagBag from /home/airflow/venv/lib/python3.8/site-packages/airflow/example_dags/example_xcom.py
[2021-03-09 19:27:02,290] {scheduler_job.py:639} INFO - DAG(s) dict_keys(['example_xcom']) retrieved from /home/airflow/venv/lib/python3.8/site-packages/airflow/example_dags/example_xcom.py
[2021-03-09 19:27:02,290] {logging_mixin.py:103} INFO - [2021-03-09 19:27:02,290] {dag.py:1813} INFO - Sync 1 DAGs
[2021-03-09 19:27:02,302] {logging_mixin.py:103} INFO - [2021-03-09 19:27:02,302] {dag.py:2266} INFO - Setting next_dagrun for example_xcom to 2021-03-07 00:00:00+00:00
[2021-03-09 19:27:02,312] {scheduler_job.py:189} INFO - Processing /home/airflow/venv/lib/python3.8/site-packages/airflow/example_dags/example_xcom.py took 0.037 seconds
[2021-03-09 19:27:29,651] {scheduler_job.py:181} INFO - Started process (PID=3196) to work on /home/airflow/venv/lib/python3.8/site-packages/airflow/example_dags/example_xcom.py
[2021-03-09 19:27:29,652] {scheduler_job.py:629} INFO - Processing file /home/airflow/venv/lib/python3.8/site-packages/airflow/example_dags/example_xcom.py for tasks to queue
[2021-03-09 19:27:29,657] {logging_mixin.py:103} INFO - [2021-03-09 19:27:29,657] {dagbag.py:440} INFO - Filling up the DagBag from /home/airflow/venv/lib/python3.8/site-packages/airflow/example_dags/example_xcom.py
[2021-03-09 19:27:29,664] {scheduler_job.py:639} INFO - DAG(s) dict_keys(['example_xcom']) retrieved from /home/airflow/venv/lib/python3.8/site-packages/airflow/example_dags/example_xcom.py
[2021-03-09 19:27:29,665] {logging_mixin.py:103} INFO - [2021-03-09 19:27:29,665] {dag.py:1813} INFO - Sync 1 DAGs
[2021-03-09 19:27:29,681] {logging_mixin.py:103} INFO - [2021-03-09 19:27:29,681] {dag.py:2266} INFO - Setting next_dagrun for example_xcom to 2021-03-07 00:00:00+00:00
[2021-03-09 19:27:29,690] {scheduler_job.py:189} INFO - Processing /home/airflow/venv/lib/python3.8/site-packages/airflow/example_dags/example_xcom.py took 0.041 seconds
[2021-03-09 19:27:55,546] {scheduler_job.py:181} INFO - Started process (PID=3263) to work on /home/airflow/venv/lib/python3.8/site-packages/airflow/example_dags/example_xcom.py
[2021-03-09 19:27:55,547] {scheduler_job.py:629} INFO - Processing file /home/airflow/venv/lib/python3.8/site-packages/airflow/example_dags/example_xcom.py for tasks to queue
[2021-03-09 19:27:55,547] {logging_mixin.py:103} INFO - [2021-03-09 19:27:55,547] {dagbag.py:440} INFO - Filling up the DagBag from /home/airflow/venv/lib/python3.8/site-packages/airflow/example_dags/example_xcom.py
[2021-03-09 19:27:55,577] {scheduler_job.py:639} INFO - DAG(s) dict_keys(['example_xcom']) retrieved from /home/airflow/venv/lib/python3.8/site-packages/airflow/example_dags/example_xcom.py
[2021-03-09 19:27:55,577] {logging_mixin.py:103} INFO - [2021-03-09 19:27:55,577] {dag.py:1813} INFO - Sync 1 DAGs
[2021-03-09 19:27:55,602] {logging_mixin.py:103} INFO - [2021-03-09 19:27:55,602] {dag.py:2266} INFO - Setting next_dagrun for example_xcom to 2021-03-07 00:00:00+00:00
[2021-03-09 19:27:55,626] {scheduler_job.py:189} INFO - Processing /home/airflow/venv/lib/python3.8/site-packages/airflow/example_dags/example_xcom.py took 0.081 seconds
[2021-03-09 19:28:21,185] {scheduler_job.py:181} INFO - Started process (PID=3326) to work on /home/airflow/venv/lib/python3.8/site-packages/airflow/example_dags/example_xcom.py
[2021-03-09 19:28:21,186] {scheduler_job.py:629} INFO - Processing file /home/airflow/venv/lib/python3.8/site-packages/airflow/example_dags/example_xcom.py for tasks to queue
[2021-03-09 19:28:21,186] {logging_mixin.py:103} INFO - [2021-03-09 19:28:21,186] {dagbag.py:440} INFO - Filling up the DagBag from /home/airflow/venv/lib/python3.8/site-packages/airflow/example_dags/example_xcom.py
[2021-03-09 19:28:21,196] {scheduler_job.py:639} INFO - DAG(s) dict_keys(['example_xcom']) retrieved from /home/airflow/venv/lib/python3.8/site-packages/airflow/example_dags/example_xcom.py
[2021-03-09 19:28:21,197] {logging_mixin.py:103} INFO - [2021-03-09 19:28:21,197] {dag.py:1813} INFO - Sync 1 DAGs
[2021-03-09 19:28:21,208] {logging_mixin.py:103} INFO - [2021-03-09 19:28:21,208] {dag.py:2266} INFO - Setting next_dagrun for example_xcom to 2021-03-07 00:00:00+00:00
[2021-03-09 19:28:21,216] {scheduler_job.py:189} INFO - Processing /home/airflow/venv/lib/python3.8/site-packages/airflow/example_dags/example_xcom.py took 0.037 seconds
[2021-03-09 19:28:46,429] {scheduler_job.py:181} INFO - Started process (PID=3393) to work on /home/airflow/venv/lib/python3.8/site-packages/airflow/example_dags/example_xcom.py
[2021-03-09 19:28:46,430] {scheduler_job.py:629} INFO - Processing file /home/airflow/venv/lib/python3.8/site-packages/airflow/example_dags/example_xcom.py for tasks to queue
[2021-03-09 19:28:46,430] {logging_mixin.py:103} INFO - [2021-03-09 19:28:46,430] {dagbag.py:440} INFO - Filling up the DagBag from /home/airflow/venv/lib/python3.8/site-packages/airflow/example_dags/example_xcom.py
[2021-03-09 19:28:46,448] {scheduler_job.py:639} INFO - DAG(s) dict_keys(['example_xcom']) retrieved from /home/airflow/venv/lib/python3.8/site-packages/airflow/example_dags/example_xcom.py
[2021-03-09 19:28:46,449] {logging_mixin.py:103} INFO - [2021-03-09 19:28:46,449] {dag.py:1813} INFO - Sync 1 DAGs
[2021-03-09 19:28:46,463] {logging_mixin.py:103} INFO - [2021-03-09 19:28:46,463] {dag.py:2266} INFO - Setting next_dagrun for example_xcom to 2021-03-07 00:00:00+00:00
[2021-03-09 19:28:46,472] {scheduler_job.py:189} INFO - Processing /home/airflow/venv/lib/python3.8/site-packages/airflow/example_dags/example_xcom.py took 0.049 seconds
[2021-03-09 19:29:11,845] {scheduler_job.py:181} INFO - Started process (PID=3479) to work on /home/airflow/venv/lib/python3.8/site-packages/airflow/example_dags/example_xcom.py
[2021-03-09 19:29:11,846] {scheduler_job.py:629} INFO - Processing file /home/airflow/venv/lib/python3.8/site-packages/airflow/example_dags/example_xcom.py for tasks to queue
[2021-03-09 19:29:11,846] {logging_mixin.py:103} INFO - [2021-03-09 19:29:11,846] {dagbag.py:440} INFO - Filling up the DagBag from /home/airflow/venv/lib/python3.8/site-packages/airflow/example_dags/example_xcom.py
[2021-03-09 19:29:11,856] {scheduler_job.py:639} INFO - DAG(s) dict_keys(['example_xcom']) retrieved from /home/airflow/venv/lib/python3.8/site-packages/airflow/example_dags/example_xcom.py
[2021-03-09 19:29:11,856] {logging_mixin.py:103} INFO - [2021-03-09 19:29:11,856] {dag.py:1813} INFO - Sync 1 DAGs
[2021-03-09 19:29:11,866] {logging_mixin.py:103} INFO - [2021-03-09 19:29:11,866] {dag.py:2266} INFO - Setting next_dagrun for example_xcom to 2021-03-07 00:00:00+00:00
[2021-03-09 19:29:11,874] {scheduler_job.py:189} INFO - Processing /home/airflow/venv/lib/python3.8/site-packages/airflow/example_dags/example_xcom.py took 0.035 seconds
[2021-03-09 19:29:37,916] {scheduler_job.py:181} INFO - Started process (PID=3554) to work on /home/airflow/venv/lib/python3.8/site-packages/airflow/example_dags/example_xcom.py
[2021-03-09 19:29:37,921] {scheduler_job.py:629} INFO - Processing file /home/airflow/venv/lib/python3.8/site-packages/airflow/example_dags/example_xcom.py for tasks to queue
[2021-03-09 19:29:37,921] {logging_mixin.py:103} INFO - [2021-03-09 19:29:37,921] {dagbag.py:440} INFO - Filling up the DagBag from /home/airflow/venv/lib/python3.8/site-packages/airflow/example_dags/example_xcom.py
[2021-03-09 19:29:37,930] {scheduler_job.py:639} INFO - DAG(s) dict_keys(['example_xcom']) retrieved from /home/airflow/venv/lib/python3.8/site-packages/airflow/example_dags/example_xcom.py
[2021-03-09 19:29:37,931] {logging_mixin.py:103} INFO - [2021-03-09 19:29:37,931] {dag.py:1813} INFO - Sync 1 DAGs
[2021-03-09 19:29:37,951] {logging_mixin.py:103} INFO - [2021-03-09 19:29:37,951] {dag.py:2266} INFO - Setting next_dagrun for example_xcom to 2021-03-07 00:00:00+00:00
[2021-03-09 19:29:37,962] {scheduler_job.py:189} INFO - Processing /home/airflow/venv/lib/python3.8/site-packages/airflow/example_dags/example_xcom.py took 0.048 seconds
[2021-03-09 19:30:04,232] {scheduler_job.py:181} INFO - Started process (PID=3641) to work on /home/airflow/venv/lib/python3.8/site-packages/airflow/example_dags/example_xcom.py
[2021-03-09 19:30:04,233] {scheduler_job.py:629} INFO - Processing file /home/airflow/venv/lib/python3.8/site-packages/airflow/example_dags/example_xcom.py for tasks to queue
[2021-03-09 19:30:04,233] {logging_mixin.py:103} INFO - [2021-03-09 19:30:04,233] {dagbag.py:440} INFO - Filling up the DagBag from /home/airflow/venv/lib/python3.8/site-packages/airflow/example_dags/example_xcom.py
[2021-03-09 19:30:04,243] {scheduler_job.py:639} INFO - DAG(s) dict_keys(['example_xcom']) retrieved from /home/airflow/venv/lib/python3.8/site-packages/airflow/example_dags/example_xcom.py
[2021-03-09 19:30:04,243] {logging_mixin.py:103} INFO - [2021-03-09 19:30:04,243] {dag.py:1813} INFO - Sync 1 DAGs
[2021-03-09 19:30:04,254] {logging_mixin.py:103} INFO - [2021-03-09 19:30:04,254] {dag.py:2266} INFO - Setting next_dagrun for example_xcom to 2021-03-07 00:00:00+00:00
[2021-03-09 19:30:04,262] {scheduler_job.py:189} INFO - Processing /home/airflow/venv/lib/python3.8/site-packages/airflow/example_dags/example_xcom.py took 0.032 seconds
[2021-03-09 19:30:29,490] {scheduler_job.py:181} INFO - Started process (PID=3708) to work on /home/airflow/venv/lib/python3.8/site-packages/airflow/example_dags/example_xcom.py
[2021-03-09 19:30:29,491] {scheduler_job.py:629} INFO - Processing file /home/airflow/venv/lib/python3.8/site-packages/airflow/example_dags/example_xcom.py for tasks to queue
[2021-03-09 19:30:29,492] {logging_mixin.py:103} INFO - [2021-03-09 19:30:29,492] {dagbag.py:440} INFO - Filling up the DagBag from /home/airflow/venv/lib/python3.8/site-packages/airflow/example_dags/example_xcom.py
[2021-03-09 19:30:29,505] {scheduler_job.py:639} INFO - DAG(s) dict_keys(['example_xcom']) retrieved from /home/airflow/venv/lib/python3.8/site-packages/airflow/example_dags/example_xcom.py
[2021-03-09 19:30:29,506] {logging_mixin.py:103} INFO - [2021-03-09 19:30:29,506] {dag.py:1813} INFO - Sync 1 DAGs
[2021-03-09 19:30:29,518] {logging_mixin.py:103} INFO - [2021-03-09 19:30:29,518] {dag.py:2266} INFO - Setting next_dagrun for example_xcom to 2021-03-07 00:00:00+00:00
[2021-03-09 19:30:29,537] {scheduler_job.py:189} INFO - Processing /home/airflow/venv/lib/python3.8/site-packages/airflow/example_dags/example_xcom.py took 0.053 seconds
[2021-03-09 19:30:54,768] {scheduler_job.py:181} INFO - Started process (PID=3774) to work on /home/airflow/venv/lib/python3.8/site-packages/airflow/example_dags/example_xcom.py
[2021-03-09 19:30:54,769] {scheduler_job.py:629} INFO - Processing file /home/airflow/venv/lib/python3.8/site-packages/airflow/example_dags/example_xcom.py for tasks to queue
[2021-03-09 19:30:54,769] {logging_mixin.py:103} INFO - [2021-03-09 19:30:54,769] {dagbag.py:440} INFO - Filling up the DagBag from /home/airflow/venv/lib/python3.8/site-packages/airflow/example_dags/example_xcom.py
[2021-03-09 19:30:54,776] {scheduler_job.py:639} INFO - DAG(s) dict_keys(['example_xcom']) retrieved from /home/airflow/venv/lib/python3.8/site-packages/airflow/example_dags/example_xcom.py
[2021-03-09 19:30:54,777] {logging_mixin.py:103} INFO - [2021-03-09 19:30:54,777] {dag.py:1813} INFO - Sync 1 DAGs
[2021-03-09 19:30:54,788] {logging_mixin.py:103} INFO - [2021-03-09 19:30:54,788] {dag.py:2266} INFO - Setting next_dagrun for example_xcom to 2021-03-07 00:00:00+00:00
[2021-03-09 19:30:54,799] {scheduler_job.py:189} INFO - Processing /home/airflow/venv/lib/python3.8/site-packages/airflow/example_dags/example_xcom.py took 0.040 seconds
[2021-03-09 19:31:20,033] {scheduler_job.py:181} INFO - Started process (PID=3838) to work on /home/airflow/venv/lib/python3.8/site-packages/airflow/example_dags/example_xcom.py
[2021-03-09 19:31:20,033] {scheduler_job.py:629} INFO - Processing file /home/airflow/venv/lib/python3.8/site-packages/airflow/example_dags/example_xcom.py for tasks to queue
[2021-03-09 19:31:20,033] {logging_mixin.py:103} INFO - [2021-03-09 19:31:20,033] {dagbag.py:440} INFO - Filling up the DagBag from /home/airflow/venv/lib/python3.8/site-packages/airflow/example_dags/example_xcom.py
[2021-03-09 19:31:20,043] {scheduler_job.py:639} INFO - DAG(s) dict_keys(['example_xcom']) retrieved from /home/airflow/venv/lib/python3.8/site-packages/airflow/example_dags/example_xcom.py
[2021-03-09 19:31:20,043] {logging_mixin.py:103} INFO - [2021-03-09 19:31:20,043] {dag.py:1813} INFO - Sync 1 DAGs
[2021-03-09 19:31:20,055] {logging_mixin.py:103} INFO - [2021-03-09 19:31:20,055] {dag.py:2266} INFO - Setting next_dagrun for example_xcom to 2021-03-07 00:00:00+00:00
[2021-03-09 19:31:20,063] {scheduler_job.py:189} INFO - Processing /home/airflow/venv/lib/python3.8/site-packages/airflow/example_dags/example_xcom.py took 0.037 seconds
[2021-03-09 19:31:47,344] {scheduler_job.py:181} INFO - Started process (PID=3908) to work on /home/airflow/venv/lib/python3.8/site-packages/airflow/example_dags/example_xcom.py
[2021-03-09 19:31:47,345] {scheduler_job.py:629} INFO - Processing file /home/airflow/venv/lib/python3.8/site-packages/airflow/example_dags/example_xcom.py for tasks to queue
[2021-03-09 19:31:47,345] {logging_mixin.py:103} INFO - [2021-03-09 19:31:47,345] {dagbag.py:440} INFO - Filling up the DagBag from /home/airflow/venv/lib/python3.8/site-packages/airflow/example_dags/example_xcom.py
[2021-03-09 19:31:47,357] {scheduler_job.py:639} INFO - DAG(s) dict_keys(['example_xcom']) retrieved from /home/airflow/venv/lib/python3.8/site-packages/airflow/example_dags/example_xcom.py
[2021-03-09 19:31:47,357] {logging_mixin.py:103} INFO - [2021-03-09 19:31:47,357] {dag.py:1813} INFO - Sync 1 DAGs
[2021-03-09 19:31:47,368] {logging_mixin.py:103} INFO - [2021-03-09 19:31:47,368] {dag.py:2266} INFO - Setting next_dagrun for example_xcom to 2021-03-07 00:00:00+00:00
[2021-03-09 19:31:47,377] {scheduler_job.py:189} INFO - Processing /home/airflow/venv/lib/python3.8/site-packages/airflow/example_dags/example_xcom.py took 0.035 seconds
[2021-03-09 19:32:12,636] {scheduler_job.py:181} INFO - Started process (PID=3973) to work on /home/airflow/venv/lib/python3.8/site-packages/airflow/example_dags/example_xcom.py
[2021-03-09 19:32:12,637] {scheduler_job.py:629} INFO - Processing file /home/airflow/venv/lib/python3.8/site-packages/airflow/example_dags/example_xcom.py for tasks to queue
[2021-03-09 19:32:12,638] {logging_mixin.py:103} INFO - [2021-03-09 19:32:12,638] {dagbag.py:440} INFO - Filling up the DagBag from /home/airflow/venv/lib/python3.8/site-packages/airflow/example_dags/example_xcom.py
[2021-03-09 19:32:12,646] {scheduler_job.py:639} INFO - DAG(s) dict_keys(['example_xcom']) retrieved from /home/airflow/venv/lib/python3.8/site-packages/airflow/example_dags/example_xcom.py
[2021-03-09 19:32:12,647] {logging_mixin.py:103} INFO - [2021-03-09 19:32:12,647] {dag.py:1813} INFO - Sync 1 DAGs
[2021-03-09 19:32:12,661] {logging_mixin.py:103} INFO - [2021-03-09 19:32:12,661] {dag.py:2266} INFO - Setting next_dagrun for example_xcom to 2021-03-07 00:00:00+00:00
[2021-03-09 19:32:12,670] {scheduler_job.py:189} INFO - Processing /home/airflow/venv/lib/python3.8/site-packages/airflow/example_dags/example_xcom.py took 0.039 seconds
[2021-03-09 19:57:23,994] {scheduler_job.py:181} INFO - Started process (PID=4015) to work on /home/airflow/venv/lib/python3.8/site-packages/airflow/example_dags/example_xcom.py
[2021-03-09 19:57:23,995] {scheduler_job.py:629} INFO - Processing file /home/airflow/venv/lib/python3.8/site-packages/airflow/example_dags/example_xcom.py for tasks to queue
[2021-03-09 19:57:23,998] {logging_mixin.py:103} INFO - [2021-03-09 19:57:23,998] {dagbag.py:440} INFO - Filling up the DagBag from /home/airflow/venv/lib/python3.8/site-packages/airflow/example_dags/example_xcom.py
[2021-03-09 19:57:24,012] {scheduler_job.py:639} INFO - DAG(s) dict_keys(['example_xcom']) retrieved from /home/airflow/venv/lib/python3.8/site-packages/airflow/example_dags/example_xcom.py
[2021-03-09 19:57:24,012] {logging_mixin.py:103} INFO - [2021-03-09 19:57:24,012] {dag.py:1813} INFO - Sync 1 DAGs
[2021-03-09 19:57:24,030] {logging_mixin.py:103} INFO - [2021-03-09 19:57:24,030] {dag.py:2266} INFO - Setting next_dagrun for example_xcom to 2021-03-07 00:00:00+00:00
[2021-03-09 19:57:24,042] {scheduler_job.py:189} INFO - Processing /home/airflow/venv/lib/python3.8/site-packages/airflow/example_dags/example_xcom.py took 0.051 seconds
[2021-03-09 19:57:50,011] {scheduler_job.py:181} INFO - Started process (PID=4045) to work on /home/airflow/venv/lib/python3.8/site-packages/airflow/example_dags/example_xcom.py
[2021-03-09 19:57:50,015] {scheduler_job.py:629} INFO - Processing file /home/airflow/venv/lib/python3.8/site-packages/airflow/example_dags/example_xcom.py for tasks to queue
[2021-03-09 19:57:50,015] {logging_mixin.py:103} INFO - [2021-03-09 19:57:50,015] {dagbag.py:440} INFO - Filling up the DagBag from /home/airflow/venv/lib/python3.8/site-packages/airflow/example_dags/example_xcom.py
[2021-03-09 19:57:50,024] {scheduler_job.py:639} INFO - DAG(s) dict_keys(['example_xcom']) retrieved from /home/airflow/venv/lib/python3.8/site-packages/airflow/example_dags/example_xcom.py
[2021-03-09 19:57:50,025] {logging_mixin.py:103} INFO - [2021-03-09 19:57:50,025] {dag.py:1813} INFO - Sync 1 DAGs
[2021-03-09 19:57:50,040] {logging_mixin.py:103} INFO - [2021-03-09 19:57:50,040] {dag.py:2266} INFO - Setting next_dagrun for example_xcom to 2021-03-07 00:00:00+00:00
[2021-03-09 19:57:50,052] {scheduler_job.py:189} INFO - Processing /home/airflow/venv/lib/python3.8/site-packages/airflow/example_dags/example_xcom.py took 0.044 seconds
[2021-03-09 19:58:16,325] {scheduler_job.py:181} INFO - Started process (PID=4350) to work on /home/airflow/venv/lib/python3.8/site-packages/airflow/example_dags/example_xcom.py
[2021-03-09 19:58:16,327] {scheduler_job.py:629} INFO - Processing file /home/airflow/venv/lib/python3.8/site-packages/airflow/example_dags/example_xcom.py for tasks to queue
[2021-03-09 19:58:16,328] {logging_mixin.py:103} INFO - [2021-03-09 19:58:16,328] {dagbag.py:440} INFO - Filling up the DagBag from /home/airflow/venv/lib/python3.8/site-packages/airflow/example_dags/example_xcom.py
[2021-03-09 19:58:16,336] {scheduler_job.py:639} INFO - DAG(s) dict_keys(['example_xcom']) retrieved from /home/airflow/venv/lib/python3.8/site-packages/airflow/example_dags/example_xcom.py
[2021-03-09 19:58:16,336] {logging_mixin.py:103} INFO - [2021-03-09 19:58:16,336] {dag.py:1813} INFO - Sync 1 DAGs
[2021-03-09 19:58:16,363] {logging_mixin.py:103} INFO - [2021-03-09 19:58:16,363] {dag.py:2266} INFO - Setting next_dagrun for example_xcom to 2021-03-07 00:00:00+00:00
[2021-03-09 19:58:16,373] {scheduler_job.py:189} INFO - Processing /home/airflow/venv/lib/python3.8/site-packages/airflow/example_dags/example_xcom.py took 0.051 seconds
[2021-03-09 19:58:41,908] {scheduler_job.py:181} INFO - Started process (PID=4382) to work on /home/airflow/venv/lib/python3.8/site-packages/airflow/example_dags/example_xcom.py
[2021-03-09 19:58:41,911] {scheduler_job.py:629} INFO - Processing file /home/airflow/venv/lib/python3.8/site-packages/airflow/example_dags/example_xcom.py for tasks to queue
[2021-03-09 19:58:41,912] {logging_mixin.py:103} INFO - [2021-03-09 19:58:41,912] {dagbag.py:440} INFO - Filling up the DagBag from /home/airflow/venv/lib/python3.8/site-packages/airflow/example_dags/example_xcom.py
[2021-03-09 19:58:41,925] {scheduler_job.py:639} INFO - DAG(s) dict_keys(['example_xcom']) retrieved from /home/airflow/venv/lib/python3.8/site-packages/airflow/example_dags/example_xcom.py
[2021-03-09 19:58:41,925] {logging_mixin.py:103} INFO - [2021-03-09 19:58:41,925] {dag.py:1813} INFO - Sync 1 DAGs
[2021-03-09 19:58:41,942] {logging_mixin.py:103} INFO - [2021-03-09 19:58:41,942] {dag.py:2266} INFO - Setting next_dagrun for example_xcom to 2021-03-07 00:00:00+00:00
[2021-03-09 19:58:41,951] {scheduler_job.py:189} INFO - Processing /home/airflow/venv/lib/python3.8/site-packages/airflow/example_dags/example_xcom.py took 0.045 seconds
[2021-03-09 19:59:08,194] {scheduler_job.py:181} INFO - Started process (PID=4416) to work on /home/airflow/venv/lib/python3.8/site-packages/airflow/example_dags/example_xcom.py
[2021-03-09 19:59:08,195] {scheduler_job.py:629} INFO - Processing file /home/airflow/venv/lib/python3.8/site-packages/airflow/example_dags/example_xcom.py for tasks to queue
[2021-03-09 19:59:08,197] {logging_mixin.py:103} INFO - [2021-03-09 19:59:08,196] {dagbag.py:440} INFO - Filling up the DagBag from /home/airflow/venv/lib/python3.8/site-packages/airflow/example_dags/example_xcom.py
[2021-03-09 19:59:08,205] {scheduler_job.py:639} INFO - DAG(s) dict_keys(['example_xcom']) retrieved from /home/airflow/venv/lib/python3.8/site-packages/airflow/example_dags/example_xcom.py
[2021-03-09 19:59:08,206] {logging_mixin.py:103} INFO - [2021-03-09 19:59:08,206] {dag.py:1813} INFO - Sync 1 DAGs
[2021-03-09 19:59:08,222] {logging_mixin.py:103} INFO - [2021-03-09 19:59:08,222] {dag.py:2266} INFO - Setting next_dagrun for example_xcom to 2021-03-07 00:00:00+00:00
[2021-03-09 19:59:08,235] {scheduler_job.py:189} INFO - Processing /home/airflow/venv/lib/python3.8/site-packages/airflow/example_dags/example_xcom.py took 0.044 seconds
[2021-03-09 19:59:34,493] {scheduler_job.py:181} INFO - Started process (PID=4447) to work on /home/airflow/venv/lib/python3.8/site-packages/airflow/example_dags/example_xcom.py
[2021-03-09 19:59:34,494] {scheduler_job.py:629} INFO - Processing file /home/airflow/venv/lib/python3.8/site-packages/airflow/example_dags/example_xcom.py for tasks to queue
[2021-03-09 19:59:34,494] {logging_mixin.py:103} INFO - [2021-03-09 19:59:34,494] {dagbag.py:440} INFO - Filling up the DagBag from /home/airflow/venv/lib/python3.8/site-packages/airflow/example_dags/example_xcom.py
[2021-03-09 19:59:34,508] {scheduler_job.py:639} INFO - DAG(s) dict_keys(['example_xcom']) retrieved from /home/airflow/venv/lib/python3.8/site-packages/airflow/example_dags/example_xcom.py
[2021-03-09 19:59:34,509] {logging_mixin.py:103} INFO - [2021-03-09 19:59:34,509] {dag.py:1813} INFO - Sync 1 DAGs
[2021-03-09 19:59:34,526] {logging_mixin.py:103} INFO - [2021-03-09 19:59:34,526] {dag.py:2266} INFO - Setting next_dagrun for example_xcom to 2021-03-07 00:00:00+00:00
[2021-03-09 19:59:34,541] {scheduler_job.py:189} INFO - Processing /home/airflow/venv/lib/python3.8/site-packages/airflow/example_dags/example_xcom.py took 0.055 seconds
[2021-03-09 20:00:00,808] {scheduler_job.py:181} INFO - Started process (PID=4481) to work on /home/airflow/venv/lib/python3.8/site-packages/airflow/example_dags/example_xcom.py
[2021-03-09 20:00:00,810] {scheduler_job.py:629} INFO - Processing file /home/airflow/venv/lib/python3.8/site-packages/airflow/example_dags/example_xcom.py for tasks to queue
[2021-03-09 20:00:00,810] {logging_mixin.py:103} INFO - [2021-03-09 20:00:00,810] {dagbag.py:440} INFO - Filling up the DagBag from /home/airflow/venv/lib/python3.8/site-packages/airflow/example_dags/example_xcom.py
[2021-03-09 20:00:00,827] {scheduler_job.py:639} INFO - DAG(s) dict_keys(['example_xcom']) retrieved from /home/airflow/venv/lib/python3.8/site-packages/airflow/example_dags/example_xcom.py
[2021-03-09 20:00:00,828] {logging_mixin.py:103} INFO - [2021-03-09 20:00:00,828] {dag.py:1813} INFO - Sync 1 DAGs
[2021-03-09 20:00:00,850] {logging_mixin.py:103} INFO - [2021-03-09 20:00:00,850] {dag.py:2266} INFO - Setting next_dagrun for example_xcom to 2021-03-07 00:00:00+00:00
[2021-03-09 20:00:00,869] {scheduler_job.py:189} INFO - Processing /home/airflow/venv/lib/python3.8/site-packages/airflow/example_dags/example_xcom.py took 0.072 seconds
[2021-03-09 20:00:26,660] {scheduler_job.py:181} INFO - Started process (PID=4516) to work on /home/airflow/venv/lib/python3.8/site-packages/airflow/example_dags/example_xcom.py
[2021-03-09 20:00:26,661] {scheduler_job.py:629} INFO - Processing file /home/airflow/venv/lib/python3.8/site-packages/airflow/example_dags/example_xcom.py for tasks to queue
[2021-03-09 20:00:26,661] {logging_mixin.py:103} INFO - [2021-03-09 20:00:26,661] {dagbag.py:440} INFO - Filling up the DagBag from /home/airflow/venv/lib/python3.8/site-packages/airflow/example_dags/example_xcom.py
[2021-03-09 20:00:26,670] {scheduler_job.py:639} INFO - DAG(s) dict_keys(['example_xcom']) retrieved from /home/airflow/venv/lib/python3.8/site-packages/airflow/example_dags/example_xcom.py
[2021-03-09 20:00:26,671] {logging_mixin.py:103} INFO - [2021-03-09 20:00:26,671] {dag.py:1813} INFO - Sync 1 DAGs
[2021-03-09 20:00:26,683] {logging_mixin.py:103} INFO - [2021-03-09 20:00:26,683] {dag.py:2266} INFO - Setting next_dagrun for example_xcom to 2021-03-07 00:00:00+00:00
[2021-03-09 20:00:26,694] {scheduler_job.py:189} INFO - Processing /home/airflow/venv/lib/python3.8/site-packages/airflow/example_dags/example_xcom.py took 0.038 seconds
[2021-03-09 20:00:52,359] {scheduler_job.py:181} INFO - Started process (PID=4547) to work on /home/airflow/venv/lib/python3.8/site-packages/airflow/example_dags/example_xcom.py
[2021-03-09 20:00:52,359] {scheduler_job.py:629} INFO - Processing file /home/airflow/venv/lib/python3.8/site-packages/airflow/example_dags/example_xcom.py for tasks to queue
[2021-03-09 20:00:52,360] {logging_mixin.py:103} INFO - [2021-03-09 20:00:52,360] {dagbag.py:440} INFO - Filling up the DagBag from /home/airflow/venv/lib/python3.8/site-packages/airflow/example_dags/example_xcom.py
[2021-03-09 20:00:52,372] {scheduler_job.py:639} INFO - DAG(s) dict_keys(['example_xcom']) retrieved from /home/airflow/venv/lib/python3.8/site-packages/airflow/example_dags/example_xcom.py
[2021-03-09 20:00:52,373] {logging_mixin.py:103} INFO - [2021-03-09 20:00:52,373] {dag.py:1813} INFO - Sync 1 DAGs
[2021-03-09 20:00:52,389] {logging_mixin.py:103} INFO - [2021-03-09 20:00:52,389] {dag.py:2266} INFO - Setting next_dagrun for example_xcom to 2021-03-07 00:00:00+00:00
[2021-03-09 20:00:52,399] {scheduler_job.py:189} INFO - Processing /home/airflow/venv/lib/python3.8/site-packages/airflow/example_dags/example_xcom.py took 0.042 seconds
[2021-03-09 20:01:16,571] {scheduler_job.py:181} INFO - Started process (PID=4581) to work on /home/airflow/venv/lib/python3.8/site-packages/airflow/example_dags/example_xcom.py
[2021-03-09 20:01:16,572] {scheduler_job.py:629} INFO - Processing file /home/airflow/venv/lib/python3.8/site-packages/airflow/example_dags/example_xcom.py for tasks to queue
[2021-03-09 20:01:16,572] {logging_mixin.py:103} INFO - [2021-03-09 20:01:16,572] {dagbag.py:440} INFO - Filling up the DagBag from /home/airflow/venv/lib/python3.8/site-packages/airflow/example_dags/example_xcom.py
[2021-03-09 20:01:16,580] {scheduler_job.py:639} INFO - DAG(s) dict_keys(['example_xcom']) retrieved from /home/airflow/venv/lib/python3.8/site-packages/airflow/example_dags/example_xcom.py
[2021-03-09 20:01:16,581] {logging_mixin.py:103} INFO - [2021-03-09 20:01:16,581] {dag.py:1813} INFO - Sync 1 DAGs
[2021-03-09 20:01:16,599] {logging_mixin.py:103} INFO - [2021-03-09 20:01:16,599] {dag.py:2266} INFO - Setting next_dagrun for example_xcom to 2021-03-07 00:00:00+00:00
[2021-03-09 20:01:16,609] {scheduler_job.py:189} INFO - Processing /home/airflow/venv/lib/python3.8/site-packages/airflow/example_dags/example_xcom.py took 0.040 seconds
[2021-03-09 20:01:42,869] {scheduler_job.py:181} INFO - Started process (PID=4615) to work on /home/airflow/venv/lib/python3.8/site-packages/airflow/example_dags/example_xcom.py
[2021-03-09 20:01:42,870] {scheduler_job.py:629} INFO - Processing file /home/airflow/venv/lib/python3.8/site-packages/airflow/example_dags/example_xcom.py for tasks to queue
[2021-03-09 20:01:42,870] {logging_mixin.py:103} INFO - [2021-03-09 20:01:42,870] {dagbag.py:440} INFO - Filling up the DagBag from /home/airflow/venv/lib/python3.8/site-packages/airflow/example_dags/example_xcom.py
[2021-03-09 20:01:42,884] {scheduler_job.py:639} INFO - DAG(s) dict_keys(['example_xcom']) retrieved from /home/airflow/venv/lib/python3.8/site-packages/airflow/example_dags/example_xcom.py
[2021-03-09 20:01:42,885] {logging_mixin.py:103} INFO - [2021-03-09 20:01:42,885] {dag.py:1813} INFO - Sync 1 DAGs
[2021-03-09 20:01:42,898] {logging_mixin.py:103} INFO - [2021-03-09 20:01:42,898] {dag.py:2266} INFO - Setting next_dagrun for example_xcom to 2021-03-07 00:00:00+00:00
[2021-03-09 20:01:42,908] {scheduler_job.py:189} INFO - Processing /home/airflow/venv/lib/python3.8/site-packages/airflow/example_dags/example_xcom.py took 0.041 seconds
[2021-03-09 20:02:09,839] {scheduler_job.py:181} INFO - Started process (PID=4655) to work on /home/airflow/venv/lib/python3.8/site-packages/airflow/example_dags/example_xcom.py
[2021-03-09 20:02:09,839] {scheduler_job.py:629} INFO - Processing file /home/airflow/venv/lib/python3.8/site-packages/airflow/example_dags/example_xcom.py for tasks to queue
[2021-03-09 20:02:09,843] {logging_mixin.py:103} INFO - [2021-03-09 20:02:09,843] {dagbag.py:440} INFO - Filling up the DagBag from /home/airflow/venv/lib/python3.8/site-packages/airflow/example_dags/example_xcom.py
[2021-03-09 20:02:09,858] {scheduler_job.py:639} INFO - DAG(s) dict_keys(['example_xcom']) retrieved from /home/airflow/venv/lib/python3.8/site-packages/airflow/example_dags/example_xcom.py
[2021-03-09 20:02:09,859] {logging_mixin.py:103} INFO - [2021-03-09 20:02:09,859] {dag.py:1813} INFO - Sync 1 DAGs
[2021-03-09 20:02:09,874] {logging_mixin.py:103} INFO - [2021-03-09 20:02:09,874] {dag.py:2266} INFO - Setting next_dagrun for example_xcom to 2021-03-07 00:00:00+00:00
[2021-03-09 20:02:09,889] {scheduler_job.py:189} INFO - Processing /home/airflow/venv/lib/python3.8/site-packages/airflow/example_dags/example_xcom.py took 0.053 seconds
[2021-03-09 20:02:35,382] {scheduler_job.py:181} INFO - Started process (PID=4695) to work on /home/airflow/venv/lib/python3.8/site-packages/airflow/example_dags/example_xcom.py
[2021-03-09 20:02:35,383] {scheduler_job.py:629} INFO - Processing file /home/airflow/venv/lib/python3.8/site-packages/airflow/example_dags/example_xcom.py for tasks to queue
[2021-03-09 20:02:35,388] {logging_mixin.py:103} INFO - [2021-03-09 20:02:35,388] {dagbag.py:440} INFO - Filling up the DagBag from /home/airflow/venv/lib/python3.8/site-packages/airflow/example_dags/example_xcom.py
[2021-03-09 20:02:35,399] {scheduler_job.py:639} INFO - DAG(s) dict_keys(['example_xcom']) retrieved from /home/airflow/venv/lib/python3.8/site-packages/airflow/example_dags/example_xcom.py
[2021-03-09 20:02:35,400] {logging_mixin.py:103} INFO - [2021-03-09 20:02:35,399] {dag.py:1813} INFO - Sync 1 DAGs
[2021-03-09 20:02:35,414] {logging_mixin.py:103} INFO - [2021-03-09 20:02:35,414] {dag.py:2266} INFO - Setting next_dagrun for example_xcom to 2021-03-07 00:00:00+00:00
[2021-03-09 20:02:35,425] {scheduler_job.py:189} INFO - Processing /home/airflow/venv/lib/python3.8/site-packages/airflow/example_dags/example_xcom.py took 0.046 seconds
[2021-03-09 20:03:00,650] {scheduler_job.py:181} INFO - Started process (PID=4738) to work on /home/airflow/venv/lib/python3.8/site-packages/airflow/example_dags/example_xcom.py
[2021-03-09 20:03:00,651] {scheduler_job.py:629} INFO - Processing file /home/airflow/venv/lib/python3.8/site-packages/airflow/example_dags/example_xcom.py for tasks to queue
[2021-03-09 20:03:00,653] {logging_mixin.py:103} INFO - [2021-03-09 20:03:00,653] {dagbag.py:440} INFO - Filling up the DagBag from /home/airflow/venv/lib/python3.8/site-packages/airflow/example_dags/example_xcom.py
[2021-03-09 20:03:00,663] {scheduler_job.py:639} INFO - DAG(s) dict_keys(['example_xcom']) retrieved from /home/airflow/venv/lib/python3.8/site-packages/airflow/example_dags/example_xcom.py
[2021-03-09 20:03:00,664] {logging_mixin.py:103} INFO - [2021-03-09 20:03:00,664] {dag.py:1813} INFO - Sync 1 DAGs
[2021-03-09 20:03:00,679] {logging_mixin.py:103} INFO - [2021-03-09 20:03:00,679] {dag.py:2266} INFO - Setting next_dagrun for example_xcom to 2021-03-07 00:00:00+00:00
[2021-03-09 20:03:00,689] {scheduler_job.py:189} INFO - Processing /home/airflow/venv/lib/python3.8/site-packages/airflow/example_dags/example_xcom.py took 0.047 seconds
[2021-03-09 20:03:26,149] {scheduler_job.py:181} INFO - Started process (PID=4787) to work on /home/airflow/venv/lib/python3.8/site-packages/airflow/example_dags/example_xcom.py
[2021-03-09 20:03:26,150] {scheduler_job.py:629} INFO - Processing file /home/airflow/venv/lib/python3.8/site-packages/airflow/example_dags/example_xcom.py for tasks to queue
[2021-03-09 20:03:26,151] {logging_mixin.py:103} INFO - [2021-03-09 20:03:26,151] {dagbag.py:440} INFO - Filling up the DagBag from /home/airflow/venv/lib/python3.8/site-packages/airflow/example_dags/example_xcom.py
[2021-03-09 20:03:26,162] {scheduler_job.py:639} INFO - DAG(s) dict_keys(['example_xcom']) retrieved from /home/airflow/venv/lib/python3.8/site-packages/airflow/example_dags/example_xcom.py
[2021-03-09 20:03:26,163] {logging_mixin.py:103} INFO - [2021-03-09 20:03:26,163] {dag.py:1813} INFO - Sync 1 DAGs
[2021-03-09 20:03:26,179] {logging_mixin.py:103} INFO - [2021-03-09 20:03:26,179] {dag.py:2266} INFO - Setting next_dagrun for example_xcom to 2021-03-07 00:00:00+00:00
[2021-03-09 20:03:26,195] {scheduler_job.py:189} INFO - Processing /home/airflow/venv/lib/python3.8/site-packages/airflow/example_dags/example_xcom.py took 0.052 seconds
[2021-03-09 20:03:52,257] {scheduler_job.py:181} INFO - Started process (PID=4841) to work on /home/airflow/venv/lib/python3.8/site-packages/airflow/example_dags/example_xcom.py
[2021-03-09 20:03:52,258] {scheduler_job.py:629} INFO - Processing file /home/airflow/venv/lib/python3.8/site-packages/airflow/example_dags/example_xcom.py for tasks to queue
[2021-03-09 20:03:52,258] {logging_mixin.py:103} INFO - [2021-03-09 20:03:52,258] {dagbag.py:440} INFO - Filling up the DagBag from /home/airflow/venv/lib/python3.8/site-packages/airflow/example_dags/example_xcom.py
[2021-03-09 20:03:52,282] {scheduler_job.py:639} INFO - DAG(s) dict_keys(['example_xcom']) retrieved from /home/airflow/venv/lib/python3.8/site-packages/airflow/example_dags/example_xcom.py
[2021-03-09 20:03:52,283] {logging_mixin.py:103} INFO - [2021-03-09 20:03:52,283] {dag.py:1813} INFO - Sync 1 DAGs
[2021-03-09 20:03:52,331] {logging_mixin.py:103} INFO - [2021-03-09 20:03:52,331] {dag.py:2266} INFO - Setting next_dagrun for example_xcom to 2021-03-07 00:00:00+00:00
[2021-03-09 20:03:52,372] {scheduler_job.py:189} INFO - Processing /home/airflow/venv/lib/python3.8/site-packages/airflow/example_dags/example_xcom.py took 0.126 seconds
[2021-03-09 20:04:18,562] {scheduler_job.py:181} INFO - Started process (PID=4899) to work on /home/airflow/venv/lib/python3.8/site-packages/airflow/example_dags/example_xcom.py
[2021-03-09 20:04:18,563] {scheduler_job.py:629} INFO - Processing file /home/airflow/venv/lib/python3.8/site-packages/airflow/example_dags/example_xcom.py for tasks to queue
[2021-03-09 20:04:18,567] {logging_mixin.py:103} INFO - [2021-03-09 20:04:18,567] {dagbag.py:440} INFO - Filling up the DagBag from /home/airflow/venv/lib/python3.8/site-packages/airflow/example_dags/example_xcom.py
[2021-03-09 20:04:18,576] {scheduler_job.py:639} INFO - DAG(s) dict_keys(['example_xcom']) retrieved from /home/airflow/venv/lib/python3.8/site-packages/airflow/example_dags/example_xcom.py
[2021-03-09 20:04:18,578] {logging_mixin.py:103} INFO - [2021-03-09 20:04:18,577] {dag.py:1813} INFO - Sync 1 DAGs
[2021-03-09 20:04:18,593] {logging_mixin.py:103} INFO - [2021-03-09 20:04:18,593] {dag.py:2266} INFO - Setting next_dagrun for example_xcom to 2021-03-07 00:00:00+00:00
[2021-03-09 20:04:18,605] {scheduler_job.py:189} INFO - Processing /home/airflow/venv/lib/python3.8/site-packages/airflow/example_dags/example_xcom.py took 0.050 seconds
[2021-03-09 20:04:43,833] {scheduler_job.py:181} INFO - Started process (PID=4974) to work on /home/airflow/venv/lib/python3.8/site-packages/airflow/example_dags/example_xcom.py
[2021-03-09 20:04:43,833] {scheduler_job.py:629} INFO - Processing file /home/airflow/venv/lib/python3.8/site-packages/airflow/example_dags/example_xcom.py for tasks to queue
[2021-03-09 20:04:43,834] {logging_mixin.py:103} INFO - [2021-03-09 20:04:43,834] {dagbag.py:440} INFO - Filling up the DagBag from /home/airflow/venv/lib/python3.8/site-packages/airflow/example_dags/example_xcom.py
[2021-03-09 20:04:43,843] {scheduler_job.py:639} INFO - DAG(s) dict_keys(['example_xcom']) retrieved from /home/airflow/venv/lib/python3.8/site-packages/airflow/example_dags/example_xcom.py
[2021-03-09 20:04:43,844] {logging_mixin.py:103} INFO - [2021-03-09 20:04:43,844] {dag.py:1813} INFO - Sync 1 DAGs
[2021-03-09 20:04:43,862] {logging_mixin.py:103} INFO - [2021-03-09 20:04:43,862] {dag.py:2266} INFO - Setting next_dagrun for example_xcom to 2021-03-07 00:00:00+00:00
[2021-03-09 20:04:43,888] {scheduler_job.py:189} INFO - Processing /home/airflow/venv/lib/python3.8/site-packages/airflow/example_dags/example_xcom.py took 0.062 seconds
[2021-03-09 20:05:10,159] {scheduler_job.py:181} INFO - Started process (PID=5041) to work on /home/airflow/venv/lib/python3.8/site-packages/airflow/example_dags/example_xcom.py
[2021-03-09 20:05:10,160] {scheduler_job.py:629} INFO - Processing file /home/airflow/venv/lib/python3.8/site-packages/airflow/example_dags/example_xcom.py for tasks to queue
[2021-03-09 20:05:10,160] {logging_mixin.py:103} INFO - [2021-03-09 20:05:10,160] {dagbag.py:440} INFO - Filling up the DagBag from /home/airflow/venv/lib/python3.8/site-packages/airflow/example_dags/example_xcom.py
[2021-03-09 20:05:10,176] {scheduler_job.py:639} INFO - DAG(s) dict_keys(['example_xcom']) retrieved from /home/airflow/venv/lib/python3.8/site-packages/airflow/example_dags/example_xcom.py
[2021-03-09 20:05:10,177] {logging_mixin.py:103} INFO - [2021-03-09 20:05:10,177] {dag.py:1813} INFO - Sync 1 DAGs
[2021-03-09 20:05:10,191] {logging_mixin.py:103} INFO - [2021-03-09 20:05:10,190] {dag.py:2266} INFO - Setting next_dagrun for example_xcom to 2021-03-07 00:00:00+00:00
[2021-03-09 20:05:10,200] {scheduler_job.py:189} INFO - Processing /home/airflow/venv/lib/python3.8/site-packages/airflow/example_dags/example_xcom.py took 0.043 seconds
[2021-03-09 20:05:35,439] {scheduler_job.py:181} INFO - Started process (PID=5108) to work on /home/airflow/venv/lib/python3.8/site-packages/airflow/example_dags/example_xcom.py
[2021-03-09 20:05:35,440] {scheduler_job.py:629} INFO - Processing file /home/airflow/venv/lib/python3.8/site-packages/airflow/example_dags/example_xcom.py for tasks to queue
[2021-03-09 20:05:35,440] {logging_mixin.py:103} INFO - [2021-03-09 20:05:35,440] {dagbag.py:440} INFO - Filling up the DagBag from /home/airflow/venv/lib/python3.8/site-packages/airflow/example_dags/example_xcom.py
[2021-03-09 20:05:35,451] {scheduler_job.py:639} INFO - DAG(s) dict_keys(['example_xcom']) retrieved from /home/airflow/venv/lib/python3.8/site-packages/airflow/example_dags/example_xcom.py
[2021-03-09 20:05:35,452] {logging_mixin.py:103} INFO - [2021-03-09 20:05:35,452] {dag.py:1813} INFO - Sync 1 DAGs
[2021-03-09 20:05:35,466] {logging_mixin.py:103} INFO - [2021-03-09 20:05:35,466] {dag.py:2266} INFO - Setting next_dagrun for example_xcom to 2021-03-07 00:00:00+00:00
[2021-03-09 20:05:35,477] {scheduler_job.py:189} INFO - Processing /home/airflow/venv/lib/python3.8/site-packages/airflow/example_dags/example_xcom.py took 0.040 seconds
[2021-03-09 20:06:01,650] {scheduler_job.py:181} INFO - Started process (PID=5174) to work on /home/airflow/venv/lib/python3.8/site-packages/airflow/example_dags/example_xcom.py
[2021-03-09 20:06:01,657] {scheduler_job.py:629} INFO - Processing file /home/airflow/venv/lib/python3.8/site-packages/airflow/example_dags/example_xcom.py for tasks to queue
[2021-03-09 20:06:01,657] {logging_mixin.py:103} INFO - [2021-03-09 20:06:01,657] {dagbag.py:440} INFO - Filling up the DagBag from /home/airflow/venv/lib/python3.8/site-packages/airflow/example_dags/example_xcom.py
[2021-03-09 20:06:01,665] {scheduler_job.py:639} INFO - DAG(s) dict_keys(['example_xcom']) retrieved from /home/airflow/venv/lib/python3.8/site-packages/airflow/example_dags/example_xcom.py
[2021-03-09 20:06:01,666] {logging_mixin.py:103} INFO - [2021-03-09 20:06:01,666] {dag.py:1813} INFO - Sync 1 DAGs
[2021-03-09 20:06:01,689] {logging_mixin.py:103} INFO - [2021-03-09 20:06:01,689] {dag.py:2266} INFO - Setting next_dagrun for example_xcom to 2021-03-07 00:00:00+00:00
[2021-03-09 20:06:01,701] {scheduler_job.py:189} INFO - Processing /home/airflow/venv/lib/python3.8/site-packages/airflow/example_dags/example_xcom.py took 0.054 seconds
[2021-03-09 20:06:26,987] {scheduler_job.py:181} INFO - Started process (PID=5241) to work on /home/airflow/venv/lib/python3.8/site-packages/airflow/example_dags/example_xcom.py
[2021-03-09 20:06:26,996] {scheduler_job.py:629} INFO - Processing file /home/airflow/venv/lib/python3.8/site-packages/airflow/example_dags/example_xcom.py for tasks to queue
[2021-03-09 20:06:26,996] {logging_mixin.py:103} INFO - [2021-03-09 20:06:26,996] {dagbag.py:440} INFO - Filling up the DagBag from /home/airflow/venv/lib/python3.8/site-packages/airflow/example_dags/example_xcom.py
[2021-03-09 20:06:27,022] {scheduler_job.py:639} INFO - DAG(s) dict_keys(['example_xcom']) retrieved from /home/airflow/venv/lib/python3.8/site-packages/airflow/example_dags/example_xcom.py
[2021-03-09 20:06:27,023] {logging_mixin.py:103} INFO - [2021-03-09 20:06:27,023] {dag.py:1813} INFO - Sync 1 DAGs
[2021-03-09 20:06:27,060] {logging_mixin.py:103} INFO - [2021-03-09 20:06:27,060] {dag.py:2266} INFO - Setting next_dagrun for example_xcom to 2021-03-07 00:00:00+00:00
[2021-03-09 20:06:27,080] {scheduler_job.py:189} INFO - Processing /home/airflow/venv/lib/python3.8/site-packages/airflow/example_dags/example_xcom.py took 0.105 seconds
[2021-03-09 20:06:53,307] {scheduler_job.py:181} INFO - Started process (PID=5307) to work on /home/airflow/venv/lib/python3.8/site-packages/airflow/example_dags/example_xcom.py
[2021-03-09 20:06:53,308] {scheduler_job.py:629} INFO - Processing file /home/airflow/venv/lib/python3.8/site-packages/airflow/example_dags/example_xcom.py for tasks to queue
[2021-03-09 20:06:53,308] {logging_mixin.py:103} INFO - [2021-03-09 20:06:53,308] {dagbag.py:440} INFO - Filling up the DagBag from /home/airflow/venv/lib/python3.8/site-packages/airflow/example_dags/example_xcom.py
[2021-03-09 20:06:53,320] {scheduler_job.py:639} INFO - DAG(s) dict_keys(['example_xcom']) retrieved from /home/airflow/venv/lib/python3.8/site-packages/airflow/example_dags/example_xcom.py
[2021-03-09 20:06:53,321] {logging_mixin.py:103} INFO - [2021-03-09 20:06:53,321] {dag.py:1813} INFO - Sync 1 DAGs
[2021-03-09 20:06:53,334] {logging_mixin.py:103} INFO - [2021-03-09 20:06:53,334] {dag.py:2266} INFO - Setting next_dagrun for example_xcom to 2021-03-07 00:00:00+00:00
[2021-03-09 20:06:53,345] {scheduler_job.py:189} INFO - Processing /home/airflow/venv/lib/python3.8/site-packages/airflow/example_dags/example_xcom.py took 0.041 seconds
[2021-03-09 20:07:18,614] {scheduler_job.py:181} INFO - Started process (PID=5391) to work on /home/airflow/venv/lib/python3.8/site-packages/airflow/example_dags/example_xcom.py
[2021-03-09 20:07:18,615] {scheduler_job.py:629} INFO - Processing file /home/airflow/venv/lib/python3.8/site-packages/airflow/example_dags/example_xcom.py for tasks to queue
[2021-03-09 20:07:18,617] {logging_mixin.py:103} INFO - [2021-03-09 20:07:18,615] {dagbag.py:440} INFO - Filling up the DagBag from /home/airflow/venv/lib/python3.8/site-packages/airflow/example_dags/example_xcom.py
[2021-03-09 20:07:18,626] {scheduler_job.py:639} INFO - DAG(s) dict_keys(['example_xcom']) retrieved from /home/airflow/venv/lib/python3.8/site-packages/airflow/example_dags/example_xcom.py
[2021-03-09 20:07:18,627] {logging_mixin.py:103} INFO - [2021-03-09 20:07:18,627] {dag.py:1813} INFO - Sync 1 DAGs
[2021-03-09 20:07:18,642] {logging_mixin.py:103} INFO - [2021-03-09 20:07:18,641] {dag.py:2266} INFO - Setting next_dagrun for example_xcom to 2021-03-07 00:00:00+00:00
[2021-03-09 20:07:18,653] {scheduler_job.py:189} INFO - Processing /home/airflow/venv/lib/python3.8/site-packages/airflow/example_dags/example_xcom.py took 0.046 seconds
[2021-03-09 20:07:43,950] {scheduler_job.py:181} INFO - Started process (PID=5458) to work on /home/airflow/venv/lib/python3.8/site-packages/airflow/example_dags/example_xcom.py
[2021-03-09 20:07:43,957] {scheduler_job.py:629} INFO - Processing file /home/airflow/venv/lib/python3.8/site-packages/airflow/example_dags/example_xcom.py for tasks to queue
[2021-03-09 20:07:43,958] {logging_mixin.py:103} INFO - [2021-03-09 20:07:43,958] {dagbag.py:440} INFO - Filling up the DagBag from /home/airflow/venv/lib/python3.8/site-packages/airflow/example_dags/example_xcom.py
[2021-03-09 20:07:43,990] {scheduler_job.py:639} INFO - DAG(s) dict_keys(['example_xcom']) retrieved from /home/airflow/venv/lib/python3.8/site-packages/airflow/example_dags/example_xcom.py
[2021-03-09 20:07:43,991] {logging_mixin.py:103} INFO - [2021-03-09 20:07:43,991] {dag.py:1813} INFO - Sync 1 DAGs
[2021-03-09 20:07:44,009] {logging_mixin.py:103} INFO - [2021-03-09 20:07:44,009] {dag.py:2266} INFO - Setting next_dagrun for example_xcom to 2021-03-07 00:00:00+00:00
[2021-03-09 20:07:44,022] {scheduler_job.py:189} INFO - Processing /home/airflow/venv/lib/python3.8/site-packages/airflow/example_dags/example_xcom.py took 0.091 seconds
[2021-03-09 20:08:11,140] {scheduler_job.py:181} INFO - Started process (PID=5525) to work on /home/airflow/venv/lib/python3.8/site-packages/airflow/example_dags/example_xcom.py
[2021-03-09 20:08:11,140] {scheduler_job.py:629} INFO - Processing file /home/airflow/venv/lib/python3.8/site-packages/airflow/example_dags/example_xcom.py for tasks to queue
[2021-03-09 20:08:11,141] {logging_mixin.py:103} INFO - [2021-03-09 20:08:11,141] {dagbag.py:440} INFO - Filling up the DagBag from /home/airflow/venv/lib/python3.8/site-packages/airflow/example_dags/example_xcom.py
[2021-03-09 20:08:11,148] {scheduler_job.py:639} INFO - DAG(s) dict_keys(['example_xcom']) retrieved from /home/airflow/venv/lib/python3.8/site-packages/airflow/example_dags/example_xcom.py
[2021-03-09 20:08:11,152] {logging_mixin.py:103} INFO - [2021-03-09 20:08:11,152] {dag.py:1813} INFO - Sync 1 DAGs
[2021-03-09 20:08:11,165] {logging_mixin.py:103} INFO - [2021-03-09 20:08:11,165] {dag.py:2266} INFO - Setting next_dagrun for example_xcom to 2021-03-07 00:00:00+00:00
[2021-03-09 20:08:11,173] {scheduler_job.py:189} INFO - Processing /home/airflow/venv/lib/python3.8/site-packages/airflow/example_dags/example_xcom.py took 0.036 seconds
[2021-03-09 20:08:37,673] {scheduler_job.py:181} INFO - Started process (PID=5601) to work on /home/airflow/venv/lib/python3.8/site-packages/airflow/example_dags/example_xcom.py
[2021-03-09 20:08:37,673] {scheduler_job.py:629} INFO - Processing file /home/airflow/venv/lib/python3.8/site-packages/airflow/example_dags/example_xcom.py for tasks to queue
[2021-03-09 20:08:37,674] {logging_mixin.py:103} INFO - [2021-03-09 20:08:37,674] {dagbag.py:440} INFO - Filling up the DagBag from /home/airflow/venv/lib/python3.8/site-packages/airflow/example_dags/example_xcom.py
[2021-03-09 20:08:37,681] {scheduler_job.py:639} INFO - DAG(s) dict_keys(['example_xcom']) retrieved from /home/airflow/venv/lib/python3.8/site-packages/airflow/example_dags/example_xcom.py
[2021-03-09 20:08:37,682] {logging_mixin.py:103} INFO - [2021-03-09 20:08:37,682] {dag.py:1813} INFO - Sync 1 DAGs
[2021-03-09 20:08:37,693] {logging_mixin.py:103} INFO - [2021-03-09 20:08:37,693] {dag.py:2266} INFO - Setting next_dagrun for example_xcom to 2021-03-07 00:00:00+00:00
[2021-03-09 20:08:37,703] {scheduler_job.py:189} INFO - Processing /home/airflow/venv/lib/python3.8/site-packages/airflow/example_dags/example_xcom.py took 0.040 seconds
[2021-03-09 20:09:02,923] {scheduler_job.py:181} INFO - Started process (PID=5666) to work on /home/airflow/venv/lib/python3.8/site-packages/airflow/example_dags/example_xcom.py
[2021-03-09 20:09:02,925] {scheduler_job.py:629} INFO - Processing file /home/airflow/venv/lib/python3.8/site-packages/airflow/example_dags/example_xcom.py for tasks to queue
[2021-03-09 20:09:02,926] {logging_mixin.py:103} INFO - [2021-03-09 20:09:02,926] {dagbag.py:440} INFO - Filling up the DagBag from /home/airflow/venv/lib/python3.8/site-packages/airflow/example_dags/example_xcom.py
[2021-03-09 20:09:02,933] {scheduler_job.py:639} INFO - DAG(s) dict_keys(['example_xcom']) retrieved from /home/airflow/venv/lib/python3.8/site-packages/airflow/example_dags/example_xcom.py
[2021-03-09 20:09:02,934] {logging_mixin.py:103} INFO - [2021-03-09 20:09:02,934] {dag.py:1813} INFO - Sync 1 DAGs
[2021-03-09 20:09:02,946] {logging_mixin.py:103} INFO - [2021-03-09 20:09:02,946] {dag.py:2266} INFO - Setting next_dagrun for example_xcom to 2021-03-07 00:00:00+00:00
[2021-03-09 20:09:02,957] {scheduler_job.py:189} INFO - Processing /home/airflow/venv/lib/python3.8/site-packages/airflow/example_dags/example_xcom.py took 0.037 seconds
[2021-03-09 20:09:28,454] {scheduler_job.py:181} INFO - Started process (PID=5733) to work on /home/airflow/venv/lib/python3.8/site-packages/airflow/example_dags/example_xcom.py
[2021-03-09 20:09:28,464] {scheduler_job.py:629} INFO - Processing file /home/airflow/venv/lib/python3.8/site-packages/airflow/example_dags/example_xcom.py for tasks to queue
[2021-03-09 20:09:28,464] {logging_mixin.py:103} INFO - [2021-03-09 20:09:28,464] {dagbag.py:440} INFO - Filling up the DagBag from /home/airflow/venv/lib/python3.8/site-packages/airflow/example_dags/example_xcom.py
[2021-03-09 20:09:28,477] {scheduler_job.py:639} INFO - DAG(s) dict_keys(['example_xcom']) retrieved from /home/airflow/venv/lib/python3.8/site-packages/airflow/example_dags/example_xcom.py
[2021-03-09 20:09:28,478] {logging_mixin.py:103} INFO - [2021-03-09 20:09:28,478] {dag.py:1813} INFO - Sync 1 DAGs
[2021-03-09 20:09:28,514] {logging_mixin.py:103} INFO - [2021-03-09 20:09:28,514] {dag.py:2266} INFO - Setting next_dagrun for example_xcom to 2021-03-07 00:00:00+00:00
[2021-03-09 20:09:28,541] {scheduler_job.py:189} INFO - Processing /home/airflow/venv/lib/python3.8/site-packages/airflow/example_dags/example_xcom.py took 0.099 seconds
[2021-03-09 20:09:54,362] {scheduler_job.py:181} INFO - Started process (PID=5796) to work on /home/airflow/venv/lib/python3.8/site-packages/airflow/example_dags/example_xcom.py
[2021-03-09 20:09:54,365] {scheduler_job.py:629} INFO - Processing file /home/airflow/venv/lib/python3.8/site-packages/airflow/example_dags/example_xcom.py for tasks to queue
[2021-03-09 20:09:54,365] {logging_mixin.py:103} INFO - [2021-03-09 20:09:54,365] {dagbag.py:440} INFO - Filling up the DagBag from /home/airflow/venv/lib/python3.8/site-packages/airflow/example_dags/example_xcom.py
[2021-03-09 20:09:54,374] {scheduler_job.py:639} INFO - DAG(s) dict_keys(['example_xcom']) retrieved from /home/airflow/venv/lib/python3.8/site-packages/airflow/example_dags/example_xcom.py
[2021-03-09 20:09:54,375] {logging_mixin.py:103} INFO - [2021-03-09 20:09:54,375] {dag.py:1813} INFO - Sync 1 DAGs
[2021-03-09 20:09:54,397] {logging_mixin.py:103} INFO - [2021-03-09 20:09:54,397] {dag.py:2266} INFO - Setting next_dagrun for example_xcom to 2021-03-07 00:00:00+00:00
[2021-03-09 20:09:54,407] {scheduler_job.py:189} INFO - Processing /home/airflow/venv/lib/python3.8/site-packages/airflow/example_dags/example_xcom.py took 0.049 seconds
[2021-03-09 20:10:21,791] {scheduler_job.py:181} INFO - Started process (PID=5867) to work on /home/airflow/venv/lib/python3.8/site-packages/airflow/example_dags/example_xcom.py
[2021-03-09 20:10:21,793] {scheduler_job.py:629} INFO - Processing file /home/airflow/venv/lib/python3.8/site-packages/airflow/example_dags/example_xcom.py for tasks to queue
[2021-03-09 20:10:21,793] {logging_mixin.py:103} INFO - [2021-03-09 20:10:21,793] {dagbag.py:440} INFO - Filling up the DagBag from /home/airflow/venv/lib/python3.8/site-packages/airflow/example_dags/example_xcom.py
[2021-03-09 20:10:21,811] {scheduler_job.py:639} INFO - DAG(s) dict_keys(['example_xcom']) retrieved from /home/airflow/venv/lib/python3.8/site-packages/airflow/example_dags/example_xcom.py
[2021-03-09 20:10:21,826] {logging_mixin.py:103} INFO - [2021-03-09 20:10:21,826] {dag.py:1813} INFO - Sync 1 DAGs
[2021-03-09 20:10:21,863] {logging_mixin.py:103} INFO - [2021-03-09 20:10:21,863] {dag.py:2266} INFO - Setting next_dagrun for example_xcom to 2021-03-07 00:00:00+00:00
[2021-03-09 20:10:21,883] {scheduler_job.py:189} INFO - Processing /home/airflow/venv/lib/python3.8/site-packages/airflow/example_dags/example_xcom.py took 0.110 seconds
[2021-03-09 20:10:47,115] {scheduler_job.py:181} INFO - Started process (PID=5931) to work on /home/airflow/venv/lib/python3.8/site-packages/airflow/example_dags/example_xcom.py
[2021-03-09 20:10:47,116] {scheduler_job.py:629} INFO - Processing file /home/airflow/venv/lib/python3.8/site-packages/airflow/example_dags/example_xcom.py for tasks to queue
[2021-03-09 20:10:47,117] {logging_mixin.py:103} INFO - [2021-03-09 20:10:47,117] {dagbag.py:440} INFO - Filling up the DagBag from /home/airflow/venv/lib/python3.8/site-packages/airflow/example_dags/example_xcom.py
[2021-03-09 20:10:47,127] {scheduler_job.py:639} INFO - DAG(s) dict_keys(['example_xcom']) retrieved from /home/airflow/venv/lib/python3.8/site-packages/airflow/example_dags/example_xcom.py
[2021-03-09 20:10:47,128] {logging_mixin.py:103} INFO - [2021-03-09 20:10:47,128] {dag.py:1813} INFO - Sync 1 DAGs
[2021-03-09 20:10:47,141] {logging_mixin.py:103} INFO - [2021-03-09 20:10:47,141] {dag.py:2266} INFO - Setting next_dagrun for example_xcom to 2021-03-07 00:00:00+00:00
[2021-03-09 20:10:47,151] {scheduler_job.py:189} INFO - Processing /home/airflow/venv/lib/python3.8/site-packages/airflow/example_dags/example_xcom.py took 0.037 seconds
