[2021-03-09 18:54:38,268] {scheduler_job.py:181} INFO - Started process (PID=9384) to work on /home/airflow/venv/lib/python3.8/site-packages/airflow/example_dags/example_latest_only.py
[2021-03-09 18:54:38,270] {scheduler_job.py:629} INFO - Processing file /home/airflow/venv/lib/python3.8/site-packages/airflow/example_dags/example_latest_only.py for tasks to queue
[2021-03-09 18:54:38,271] {logging_mixin.py:103} INFO - [2021-03-09 18:54:38,271] {dagbag.py:440} INFO - Filling up the DagBag from /home/airflow/venv/lib/python3.8/site-packages/airflow/example_dags/example_latest_only.py
[2021-03-09 18:54:38,329] {scheduler_job.py:639} INFO - DAG(s) dict_keys(['latest_only']) retrieved from /home/airflow/venv/lib/python3.8/site-packages/airflow/example_dags/example_latest_only.py
[2021-03-09 18:54:38,330] {logging_mixin.py:103} INFO - [2021-03-09 18:54:38,330] {dag.py:1813} INFO - Sync 1 DAGs
[2021-03-09 18:54:38,386] {logging_mixin.py:103} INFO - [2021-03-09 18:54:38,386] {dag.py:2266} INFO - Setting next_dagrun for latest_only to 2021-03-07 00:00:00+00:00
[2021-03-09 18:54:38,476] {scheduler_job.py:189} INFO - Processing /home/airflow/venv/lib/python3.8/site-packages/airflow/example_dags/example_latest_only.py took 0.213 seconds
[2021-03-09 18:55:10,926] {scheduler_job.py:181} INFO - Started process (PID=9451) to work on /home/airflow/venv/lib/python3.8/site-packages/airflow/example_dags/example_latest_only.py
[2021-03-09 18:55:10,928] {scheduler_job.py:629} INFO - Processing file /home/airflow/venv/lib/python3.8/site-packages/airflow/example_dags/example_latest_only.py for tasks to queue
[2021-03-09 18:55:10,929] {logging_mixin.py:103} INFO - [2021-03-09 18:55:10,929] {dagbag.py:440} INFO - Filling up the DagBag from /home/airflow/venv/lib/python3.8/site-packages/airflow/example_dags/example_latest_only.py
[2021-03-09 18:55:11,017] {scheduler_job.py:639} INFO - DAG(s) dict_keys(['latest_only']) retrieved from /home/airflow/venv/lib/python3.8/site-packages/airflow/example_dags/example_latest_only.py
[2021-03-09 18:55:11,020] {logging_mixin.py:103} INFO - [2021-03-09 18:55:11,020] {dag.py:1813} INFO - Sync 1 DAGs
[2021-03-09 18:55:11,128] {logging_mixin.py:103} INFO - [2021-03-09 18:55:11,128] {dag.py:2266} INFO - Setting next_dagrun for latest_only to 2021-03-07 00:00:00+00:00
[2021-03-09 18:55:11,175] {scheduler_job.py:189} INFO - Processing /home/airflow/venv/lib/python3.8/site-packages/airflow/example_dags/example_latest_only.py took 0.255 seconds
[2021-03-09 18:55:47,825] {scheduler_job.py:181} INFO - Started process (PID=9523) to work on /home/airflow/venv/lib/python3.8/site-packages/airflow/example_dags/example_latest_only.py
[2021-03-09 18:55:47,826] {scheduler_job.py:629} INFO - Processing file /home/airflow/venv/lib/python3.8/site-packages/airflow/example_dags/example_latest_only.py for tasks to queue
[2021-03-09 18:55:47,827] {logging_mixin.py:103} INFO - [2021-03-09 18:55:47,827] {dagbag.py:440} INFO - Filling up the DagBag from /home/airflow/venv/lib/python3.8/site-packages/airflow/example_dags/example_latest_only.py
[2021-03-09 18:55:47,873] {scheduler_job.py:639} INFO - DAG(s) dict_keys(['latest_only']) retrieved from /home/airflow/venv/lib/python3.8/site-packages/airflow/example_dags/example_latest_only.py
[2021-03-09 18:55:47,875] {logging_mixin.py:103} INFO - [2021-03-09 18:55:47,874] {dag.py:1813} INFO - Sync 1 DAGs
[2021-03-09 18:55:48,078] {logging_mixin.py:103} INFO - [2021-03-09 18:55:48,078] {dag.py:2266} INFO - Setting next_dagrun for latest_only to 2021-03-07 00:00:00+00:00
[2021-03-09 18:55:48,174] {scheduler_job.py:189} INFO - Processing /home/airflow/venv/lib/python3.8/site-packages/airflow/example_dags/example_latest_only.py took 0.357 seconds
[2021-03-09 18:56:29,972] {scheduler_job.py:181} INFO - Started process (PID=9598) to work on /home/airflow/venv/lib/python3.8/site-packages/airflow/example_dags/example_latest_only.py
[2021-03-09 18:56:29,973] {scheduler_job.py:629} INFO - Processing file /home/airflow/venv/lib/python3.8/site-packages/airflow/example_dags/example_latest_only.py for tasks to queue
[2021-03-09 18:56:29,974] {logging_mixin.py:103} INFO - [2021-03-09 18:56:29,974] {dagbag.py:440} INFO - Filling up the DagBag from /home/airflow/venv/lib/python3.8/site-packages/airflow/example_dags/example_latest_only.py
[2021-03-09 18:56:30,070] {scheduler_job.py:639} INFO - DAG(s) dict_keys(['latest_only']) retrieved from /home/airflow/venv/lib/python3.8/site-packages/airflow/example_dags/example_latest_only.py
[2021-03-09 18:56:30,072] {logging_mixin.py:103} INFO - [2021-03-09 18:56:30,072] {dag.py:1813} INFO - Sync 1 DAGs
[2021-03-09 18:56:30,132] {logging_mixin.py:103} INFO - [2021-03-09 18:56:30,132] {dag.py:2266} INFO - Setting next_dagrun for latest_only to 2021-03-07 00:00:00+00:00
[2021-03-09 18:56:30,220] {scheduler_job.py:189} INFO - Processing /home/airflow/venv/lib/python3.8/site-packages/airflow/example_dags/example_latest_only.py took 0.288 seconds
[2021-03-09 18:57:15,575] {scheduler_job.py:181} INFO - Started process (PID=9677) to work on /home/airflow/venv/lib/python3.8/site-packages/airflow/example_dags/example_latest_only.py
[2021-03-09 18:57:15,578] {scheduler_job.py:629} INFO - Processing file /home/airflow/venv/lib/python3.8/site-packages/airflow/example_dags/example_latest_only.py for tasks to queue
[2021-03-09 18:57:15,616] {logging_mixin.py:103} INFO - [2021-03-09 18:57:15,615] {dagbag.py:440} INFO - Filling up the DagBag from /home/airflow/venv/lib/python3.8/site-packages/airflow/example_dags/example_latest_only.py
[2021-03-09 18:57:15,671] {scheduler_job.py:639} INFO - DAG(s) dict_keys(['latest_only']) retrieved from /home/airflow/venv/lib/python3.8/site-packages/airflow/example_dags/example_latest_only.py
[2021-03-09 18:57:15,673] {logging_mixin.py:103} INFO - [2021-03-09 18:57:15,673] {dag.py:1813} INFO - Sync 1 DAGs
[2021-03-09 18:57:15,772] {logging_mixin.py:103} INFO - [2021-03-09 18:57:15,772] {dag.py:2266} INFO - Setting next_dagrun for latest_only to 2021-03-07 00:00:00+00:00
[2021-03-09 18:57:15,870] {scheduler_job.py:189} INFO - Processing /home/airflow/venv/lib/python3.8/site-packages/airflow/example_dags/example_latest_only.py took 0.394 seconds
[2021-03-09 19:11:00,337] {scheduler_job.py:181} INFO - Started process (PID=10309) to work on /home/airflow/venv/lib/python3.8/site-packages/airflow/example_dags/example_latest_only.py
[2021-03-09 19:11:00,338] {scheduler_job.py:629} INFO - Processing file /home/airflow/venv/lib/python3.8/site-packages/airflow/example_dags/example_latest_only.py for tasks to queue
[2021-03-09 19:11:00,339] {logging_mixin.py:103} INFO - [2021-03-09 19:11:00,338] {dagbag.py:440} INFO - Filling up the DagBag from /home/airflow/venv/lib/python3.8/site-packages/airflow/example_dags/example_latest_only.py
[2021-03-09 19:11:00,353] {scheduler_job.py:639} INFO - DAG(s) dict_keys(['latest_only']) retrieved from /home/airflow/venv/lib/python3.8/site-packages/airflow/example_dags/example_latest_only.py
[2021-03-09 19:11:00,354] {logging_mixin.py:103} INFO - [2021-03-09 19:11:00,354] {dag.py:1813} INFO - Sync 1 DAGs
[2021-03-09 19:11:00,381] {logging_mixin.py:103} INFO - [2021-03-09 19:11:00,380] {dag.py:2266} INFO - Setting next_dagrun for latest_only to 2021-03-07 00:00:00+00:00
[2021-03-09 19:11:00,401] {scheduler_job.py:189} INFO - Processing /home/airflow/venv/lib/python3.8/site-packages/airflow/example_dags/example_latest_only.py took 0.068 seconds
[2021-03-09 19:11:33,494] {scheduler_job.py:181} INFO - Started process (PID=10345) to work on /home/airflow/venv/lib/python3.8/site-packages/airflow/example_dags/example_latest_only.py
[2021-03-09 19:11:33,495] {scheduler_job.py:629} INFO - Processing file /home/airflow/venv/lib/python3.8/site-packages/airflow/example_dags/example_latest_only.py for tasks to queue
[2021-03-09 19:11:33,511] {logging_mixin.py:103} INFO - [2021-03-09 19:11:33,511] {dagbag.py:440} INFO - Filling up the DagBag from /home/airflow/venv/lib/python3.8/site-packages/airflow/example_dags/example_latest_only.py
[2021-03-09 19:11:33,577] {scheduler_job.py:639} INFO - DAG(s) dict_keys(['latest_only']) retrieved from /home/airflow/venv/lib/python3.8/site-packages/airflow/example_dags/example_latest_only.py
[2021-03-09 19:11:33,578] {logging_mixin.py:103} INFO - [2021-03-09 19:11:33,578] {dag.py:1813} INFO - Sync 1 DAGs
[2021-03-09 19:11:33,706] {logging_mixin.py:103} INFO - [2021-03-09 19:11:33,706] {dag.py:2266} INFO - Setting next_dagrun for latest_only to 2021-03-07 00:00:00+00:00
[2021-03-09 19:11:33,842] {scheduler_job.py:189} INFO - Processing /home/airflow/venv/lib/python3.8/site-packages/airflow/example_dags/example_latest_only.py took 0.368 seconds
[2021-03-09 19:12:04,240] {scheduler_job.py:181} INFO - Started process (PID=10377) to work on /home/airflow/venv/lib/python3.8/site-packages/airflow/example_dags/example_latest_only.py
[2021-03-09 19:12:04,243] {scheduler_job.py:629} INFO - Processing file /home/airflow/venv/lib/python3.8/site-packages/airflow/example_dags/example_latest_only.py for tasks to queue
[2021-03-09 19:12:04,244] {logging_mixin.py:103} INFO - [2021-03-09 19:12:04,244] {dagbag.py:440} INFO - Filling up the DagBag from /home/airflow/venv/lib/python3.8/site-packages/airflow/example_dags/example_latest_only.py
[2021-03-09 19:12:04,262] {scheduler_job.py:639} INFO - DAG(s) dict_keys(['latest_only']) retrieved from /home/airflow/venv/lib/python3.8/site-packages/airflow/example_dags/example_latest_only.py
[2021-03-09 19:12:04,264] {logging_mixin.py:103} INFO - [2021-03-09 19:12:04,264] {dag.py:1813} INFO - Sync 1 DAGs
[2021-03-09 19:12:04,293] {logging_mixin.py:103} INFO - [2021-03-09 19:12:04,293] {dag.py:2266} INFO - Setting next_dagrun for latest_only to 2021-03-07 00:00:00+00:00
[2021-03-09 19:12:04,318] {scheduler_job.py:189} INFO - Processing /home/airflow/venv/lib/python3.8/site-packages/airflow/example_dags/example_latest_only.py took 0.082 seconds
[2021-03-09 19:16:22,502] {scheduler_job.py:181} INFO - Started process (PID=1466) to work on /home/airflow/venv/lib/python3.8/site-packages/airflow/example_dags/example_latest_only.py
[2021-03-09 19:16:22,514] {scheduler_job.py:629} INFO - Processing file /home/airflow/venv/lib/python3.8/site-packages/airflow/example_dags/example_latest_only.py for tasks to queue
[2021-03-09 19:16:22,514] {logging_mixin.py:103} INFO - [2021-03-09 19:16:22,514] {dagbag.py:440} INFO - Filling up the DagBag from /home/airflow/venv/lib/python3.8/site-packages/airflow/example_dags/example_latest_only.py
[2021-03-09 19:16:22,563] {scheduler_job.py:639} INFO - DAG(s) dict_keys(['latest_only']) retrieved from /home/airflow/venv/lib/python3.8/site-packages/airflow/example_dags/example_latest_only.py
[2021-03-09 19:16:22,564] {logging_mixin.py:103} INFO - [2021-03-09 19:16:22,564] {dag.py:1813} INFO - Sync 1 DAGs
[2021-03-09 19:16:22,657] {logging_mixin.py:103} INFO - [2021-03-09 19:16:22,657] {dag.py:2266} INFO - Setting next_dagrun for latest_only to 2021-03-07 00:00:00+00:00
[2021-03-09 19:16:22,734] {scheduler_job.py:189} INFO - Processing /home/airflow/venv/lib/python3.8/site-packages/airflow/example_dags/example_latest_only.py took 0.233 seconds
[2021-03-09 19:16:50,969] {scheduler_job.py:181} INFO - Started process (PID=1512) to work on /home/airflow/venv/lib/python3.8/site-packages/airflow/example_dags/example_latest_only.py
[2021-03-09 19:16:50,970] {scheduler_job.py:629} INFO - Processing file /home/airflow/venv/lib/python3.8/site-packages/airflow/example_dags/example_latest_only.py for tasks to queue
[2021-03-09 19:16:50,970] {logging_mixin.py:103} INFO - [2021-03-09 19:16:50,970] {dagbag.py:440} INFO - Filling up the DagBag from /home/airflow/venv/lib/python3.8/site-packages/airflow/example_dags/example_latest_only.py
[2021-03-09 19:16:50,976] {scheduler_job.py:639} INFO - DAG(s) dict_keys(['latest_only']) retrieved from /home/airflow/venv/lib/python3.8/site-packages/airflow/example_dags/example_latest_only.py
[2021-03-09 19:16:50,976] {logging_mixin.py:103} INFO - [2021-03-09 19:16:50,976] {dag.py:1813} INFO - Sync 1 DAGs
[2021-03-09 19:16:50,987] {logging_mixin.py:103} INFO - [2021-03-09 19:16:50,987] {dag.py:2266} INFO - Setting next_dagrun for latest_only to 2021-03-07 00:00:00+00:00
[2021-03-09 19:16:50,997] {scheduler_job.py:189} INFO - Processing /home/airflow/venv/lib/python3.8/site-packages/airflow/example_dags/example_latest_only.py took 0.030 seconds
[2021-03-09 19:17:17,816] {scheduler_job.py:181} INFO - Started process (PID=1581) to work on /home/airflow/venv/lib/python3.8/site-packages/airflow/example_dags/example_latest_only.py
[2021-03-09 19:17:17,817] {scheduler_job.py:629} INFO - Processing file /home/airflow/venv/lib/python3.8/site-packages/airflow/example_dags/example_latest_only.py for tasks to queue
[2021-03-09 19:17:17,818] {logging_mixin.py:103} INFO - [2021-03-09 19:17:17,818] {dagbag.py:440} INFO - Filling up the DagBag from /home/airflow/venv/lib/python3.8/site-packages/airflow/example_dags/example_latest_only.py
[2021-03-09 19:17:17,823] {scheduler_job.py:639} INFO - DAG(s) dict_keys(['latest_only']) retrieved from /home/airflow/venv/lib/python3.8/site-packages/airflow/example_dags/example_latest_only.py
[2021-03-09 19:17:17,824] {logging_mixin.py:103} INFO - [2021-03-09 19:17:17,824] {dag.py:1813} INFO - Sync 1 DAGs
[2021-03-09 19:17:17,838] {logging_mixin.py:103} INFO - [2021-03-09 19:17:17,838] {dag.py:2266} INFO - Setting next_dagrun for latest_only to 2021-03-07 00:00:00+00:00
[2021-03-09 19:17:17,848] {scheduler_job.py:189} INFO - Processing /home/airflow/venv/lib/python3.8/site-packages/airflow/example_dags/example_latest_only.py took 0.034 seconds
[2021-03-09 19:17:45,312] {scheduler_job.py:181} INFO - Started process (PID=1645) to work on /home/airflow/venv/lib/python3.8/site-packages/airflow/example_dags/example_latest_only.py
[2021-03-09 19:17:45,314] {scheduler_job.py:629} INFO - Processing file /home/airflow/venv/lib/python3.8/site-packages/airflow/example_dags/example_latest_only.py for tasks to queue
[2021-03-09 19:17:45,314] {logging_mixin.py:103} INFO - [2021-03-09 19:17:45,314] {dagbag.py:440} INFO - Filling up the DagBag from /home/airflow/venv/lib/python3.8/site-packages/airflow/example_dags/example_latest_only.py
[2021-03-09 19:17:45,322] {scheduler_job.py:639} INFO - DAG(s) dict_keys(['latest_only']) retrieved from /home/airflow/venv/lib/python3.8/site-packages/airflow/example_dags/example_latest_only.py
[2021-03-09 19:17:45,323] {logging_mixin.py:103} INFO - [2021-03-09 19:17:45,323] {dag.py:1813} INFO - Sync 1 DAGs
[2021-03-09 19:17:45,337] {logging_mixin.py:103} INFO - [2021-03-09 19:17:45,337] {dag.py:2266} INFO - Setting next_dagrun for latest_only to 2021-03-07 00:00:00+00:00
[2021-03-09 19:17:45,348] {scheduler_job.py:189} INFO - Processing /home/airflow/venv/lib/python3.8/site-packages/airflow/example_dags/example_latest_only.py took 0.038 seconds
[2021-03-09 19:18:12,111] {scheduler_job.py:181} INFO - Started process (PID=1714) to work on /home/airflow/venv/lib/python3.8/site-packages/airflow/example_dags/example_latest_only.py
[2021-03-09 19:18:12,112] {scheduler_job.py:629} INFO - Processing file /home/airflow/venv/lib/python3.8/site-packages/airflow/example_dags/example_latest_only.py for tasks to queue
[2021-03-09 19:18:12,115] {logging_mixin.py:103} INFO - [2021-03-09 19:18:12,115] {dagbag.py:440} INFO - Filling up the DagBag from /home/airflow/venv/lib/python3.8/site-packages/airflow/example_dags/example_latest_only.py
[2021-03-09 19:18:12,146] {scheduler_job.py:639} INFO - DAG(s) dict_keys(['latest_only']) retrieved from /home/airflow/venv/lib/python3.8/site-packages/airflow/example_dags/example_latest_only.py
[2021-03-09 19:18:12,149] {logging_mixin.py:103} INFO - [2021-03-09 19:18:12,149] {dag.py:1813} INFO - Sync 1 DAGs
[2021-03-09 19:18:12,220] {logging_mixin.py:103} INFO - [2021-03-09 19:18:12,219] {dag.py:2266} INFO - Setting next_dagrun for latest_only to 2021-03-07 00:00:00+00:00
[2021-03-09 19:18:12,279] {scheduler_job.py:189} INFO - Processing /home/airflow/venv/lib/python3.8/site-packages/airflow/example_dags/example_latest_only.py took 0.176 seconds
[2021-03-09 19:18:41,747] {scheduler_job.py:181} INFO - Started process (PID=1823) to work on /home/airflow/venv/lib/python3.8/site-packages/airflow/example_dags/example_latest_only.py
[2021-03-09 19:18:41,749] {scheduler_job.py:629} INFO - Processing file /home/airflow/venv/lib/python3.8/site-packages/airflow/example_dags/example_latest_only.py for tasks to queue
[2021-03-09 19:18:41,750] {logging_mixin.py:103} INFO - [2021-03-09 19:18:41,749] {dagbag.py:440} INFO - Filling up the DagBag from /home/airflow/venv/lib/python3.8/site-packages/airflow/example_dags/example_latest_only.py
[2021-03-09 19:18:41,763] {scheduler_job.py:639} INFO - DAG(s) dict_keys(['latest_only']) retrieved from /home/airflow/venv/lib/python3.8/site-packages/airflow/example_dags/example_latest_only.py
[2021-03-09 19:18:41,763] {logging_mixin.py:103} INFO - [2021-03-09 19:18:41,763] {dag.py:1813} INFO - Sync 1 DAGs
[2021-03-09 19:18:41,778] {logging_mixin.py:103} INFO - [2021-03-09 19:18:41,778] {dag.py:2266} INFO - Setting next_dagrun for latest_only to 2021-03-07 00:00:00+00:00
[2021-03-09 19:18:41,793] {scheduler_job.py:189} INFO - Processing /home/airflow/venv/lib/python3.8/site-packages/airflow/example_dags/example_latest_only.py took 0.049 seconds
[2021-03-09 19:19:09,948] {scheduler_job.py:181} INFO - Started process (PID=1896) to work on /home/airflow/venv/lib/python3.8/site-packages/airflow/example_dags/example_latest_only.py
[2021-03-09 19:19:09,949] {scheduler_job.py:629} INFO - Processing file /home/airflow/venv/lib/python3.8/site-packages/airflow/example_dags/example_latest_only.py for tasks to queue
[2021-03-09 19:19:09,950] {logging_mixin.py:103} INFO - [2021-03-09 19:19:09,949] {dagbag.py:440} INFO - Filling up the DagBag from /home/airflow/venv/lib/python3.8/site-packages/airflow/example_dags/example_latest_only.py
[2021-03-09 19:19:09,956] {scheduler_job.py:639} INFO - DAG(s) dict_keys(['latest_only']) retrieved from /home/airflow/venv/lib/python3.8/site-packages/airflow/example_dags/example_latest_only.py
[2021-03-09 19:19:09,956] {logging_mixin.py:103} INFO - [2021-03-09 19:19:09,956] {dag.py:1813} INFO - Sync 1 DAGs
[2021-03-09 19:19:09,969] {logging_mixin.py:103} INFO - [2021-03-09 19:19:09,969] {dag.py:2266} INFO - Setting next_dagrun for latest_only to 2021-03-07 00:00:00+00:00
[2021-03-09 19:19:09,978] {scheduler_job.py:189} INFO - Processing /home/airflow/venv/lib/python3.8/site-packages/airflow/example_dags/example_latest_only.py took 0.032 seconds
[2021-03-09 19:19:37,635] {scheduler_job.py:181} INFO - Started process (PID=1963) to work on /home/airflow/venv/lib/python3.8/site-packages/airflow/example_dags/example_latest_only.py
[2021-03-09 19:19:37,635] {scheduler_job.py:629} INFO - Processing file /home/airflow/venv/lib/python3.8/site-packages/airflow/example_dags/example_latest_only.py for tasks to queue
[2021-03-09 19:19:37,636] {logging_mixin.py:103} INFO - [2021-03-09 19:19:37,635] {dagbag.py:440} INFO - Filling up the DagBag from /home/airflow/venv/lib/python3.8/site-packages/airflow/example_dags/example_latest_only.py
[2021-03-09 19:19:37,644] {scheduler_job.py:639} INFO - DAG(s) dict_keys(['latest_only']) retrieved from /home/airflow/venv/lib/python3.8/site-packages/airflow/example_dags/example_latest_only.py
[2021-03-09 19:19:37,644] {logging_mixin.py:103} INFO - [2021-03-09 19:19:37,644] {dag.py:1813} INFO - Sync 1 DAGs
[2021-03-09 19:19:37,656] {logging_mixin.py:103} INFO - [2021-03-09 19:19:37,656] {dag.py:2266} INFO - Setting next_dagrun for latest_only to 2021-03-07 00:00:00+00:00
[2021-03-09 19:19:37,668] {scheduler_job.py:189} INFO - Processing /home/airflow/venv/lib/python3.8/site-packages/airflow/example_dags/example_latest_only.py took 0.035 seconds
[2021-03-09 19:20:04,517] {scheduler_job.py:181} INFO - Started process (PID=2032) to work on /home/airflow/venv/lib/python3.8/site-packages/airflow/example_dags/example_latest_only.py
[2021-03-09 19:20:04,519] {scheduler_job.py:629} INFO - Processing file /home/airflow/venv/lib/python3.8/site-packages/airflow/example_dags/example_latest_only.py for tasks to queue
[2021-03-09 19:20:04,519] {logging_mixin.py:103} INFO - [2021-03-09 19:20:04,519] {dagbag.py:440} INFO - Filling up the DagBag from /home/airflow/venv/lib/python3.8/site-packages/airflow/example_dags/example_latest_only.py
[2021-03-09 19:20:04,527] {scheduler_job.py:639} INFO - DAG(s) dict_keys(['latest_only']) retrieved from /home/airflow/venv/lib/python3.8/site-packages/airflow/example_dags/example_latest_only.py
[2021-03-09 19:20:04,528] {logging_mixin.py:103} INFO - [2021-03-09 19:20:04,528] {dag.py:1813} INFO - Sync 1 DAGs
[2021-03-09 19:20:04,545] {logging_mixin.py:103} INFO - [2021-03-09 19:20:04,545] {dag.py:2266} INFO - Setting next_dagrun for latest_only to 2021-03-07 00:00:00+00:00
[2021-03-09 19:20:04,556] {scheduler_job.py:189} INFO - Processing /home/airflow/venv/lib/python3.8/site-packages/airflow/example_dags/example_latest_only.py took 0.041 seconds
[2021-03-09 19:20:32,186] {scheduler_job.py:181} INFO - Started process (PID=2105) to work on /home/airflow/venv/lib/python3.8/site-packages/airflow/example_dags/example_latest_only.py
[2021-03-09 19:20:32,187] {scheduler_job.py:629} INFO - Processing file /home/airflow/venv/lib/python3.8/site-packages/airflow/example_dags/example_latest_only.py for tasks to queue
[2021-03-09 19:20:32,188] {logging_mixin.py:103} INFO - [2021-03-09 19:20:32,187] {dagbag.py:440} INFO - Filling up the DagBag from /home/airflow/venv/lib/python3.8/site-packages/airflow/example_dags/example_latest_only.py
[2021-03-09 19:20:32,194] {scheduler_job.py:639} INFO - DAG(s) dict_keys(['latest_only']) retrieved from /home/airflow/venv/lib/python3.8/site-packages/airflow/example_dags/example_latest_only.py
[2021-03-09 19:20:32,195] {logging_mixin.py:103} INFO - [2021-03-09 19:20:32,195] {dag.py:1813} INFO - Sync 1 DAGs
[2021-03-09 19:20:32,206] {logging_mixin.py:103} INFO - [2021-03-09 19:20:32,206] {dag.py:2266} INFO - Setting next_dagrun for latest_only to 2021-03-07 00:00:00+00:00
[2021-03-09 19:20:32,216] {scheduler_job.py:189} INFO - Processing /home/airflow/venv/lib/python3.8/site-packages/airflow/example_dags/example_latest_only.py took 0.032 seconds
[2021-03-09 19:20:59,317] {scheduler_job.py:181} INFO - Started process (PID=2180) to work on /home/airflow/venv/lib/python3.8/site-packages/airflow/example_dags/example_latest_only.py
[2021-03-09 19:20:59,318] {scheduler_job.py:629} INFO - Processing file /home/airflow/venv/lib/python3.8/site-packages/airflow/example_dags/example_latest_only.py for tasks to queue
[2021-03-09 19:20:59,318] {logging_mixin.py:103} INFO - [2021-03-09 19:20:59,318] {dagbag.py:440} INFO - Filling up the DagBag from /home/airflow/venv/lib/python3.8/site-packages/airflow/example_dags/example_latest_only.py
[2021-03-09 19:20:59,325] {scheduler_job.py:639} INFO - DAG(s) dict_keys(['latest_only']) retrieved from /home/airflow/venv/lib/python3.8/site-packages/airflow/example_dags/example_latest_only.py
[2021-03-09 19:20:59,326] {logging_mixin.py:103} INFO - [2021-03-09 19:20:59,326] {dag.py:1813} INFO - Sync 1 DAGs
[2021-03-09 19:20:59,336] {logging_mixin.py:103} INFO - [2021-03-09 19:20:59,336] {dag.py:2266} INFO - Setting next_dagrun for latest_only to 2021-03-07 00:00:00+00:00
[2021-03-09 19:20:59,346] {scheduler_job.py:189} INFO - Processing /home/airflow/venv/lib/python3.8/site-packages/airflow/example_dags/example_latest_only.py took 0.035 seconds
[2021-03-09 19:21:24,623] {scheduler_job.py:181} INFO - Started process (PID=2248) to work on /home/airflow/venv/lib/python3.8/site-packages/airflow/example_dags/example_latest_only.py
[2021-03-09 19:21:24,624] {scheduler_job.py:629} INFO - Processing file /home/airflow/venv/lib/python3.8/site-packages/airflow/example_dags/example_latest_only.py for tasks to queue
[2021-03-09 19:21:24,624] {logging_mixin.py:103} INFO - [2021-03-09 19:21:24,624] {dagbag.py:440} INFO - Filling up the DagBag from /home/airflow/venv/lib/python3.8/site-packages/airflow/example_dags/example_latest_only.py
[2021-03-09 19:21:24,633] {scheduler_job.py:639} INFO - DAG(s) dict_keys(['latest_only']) retrieved from /home/airflow/venv/lib/python3.8/site-packages/airflow/example_dags/example_latest_only.py
[2021-03-09 19:21:24,633] {logging_mixin.py:103} INFO - [2021-03-09 19:21:24,633] {dag.py:1813} INFO - Sync 1 DAGs
[2021-03-09 19:21:24,643] {logging_mixin.py:103} INFO - [2021-03-09 19:21:24,643] {dag.py:2266} INFO - Setting next_dagrun for latest_only to 2021-03-07 00:00:00+00:00
[2021-03-09 19:21:24,652] {scheduler_job.py:189} INFO - Processing /home/airflow/venv/lib/python3.8/site-packages/airflow/example_dags/example_latest_only.py took 0.030 seconds
[2021-03-09 19:21:50,947] {scheduler_job.py:181} INFO - Started process (PID=2318) to work on /home/airflow/venv/lib/python3.8/site-packages/airflow/example_dags/example_latest_only.py
[2021-03-09 19:21:50,948] {scheduler_job.py:629} INFO - Processing file /home/airflow/venv/lib/python3.8/site-packages/airflow/example_dags/example_latest_only.py for tasks to queue
[2021-03-09 19:21:50,948] {logging_mixin.py:103} INFO - [2021-03-09 19:21:50,948] {dagbag.py:440} INFO - Filling up the DagBag from /home/airflow/venv/lib/python3.8/site-packages/airflow/example_dags/example_latest_only.py
[2021-03-09 19:21:50,958] {scheduler_job.py:639} INFO - DAG(s) dict_keys(['latest_only']) retrieved from /home/airflow/venv/lib/python3.8/site-packages/airflow/example_dags/example_latest_only.py
[2021-03-09 19:21:50,959] {logging_mixin.py:103} INFO - [2021-03-09 19:21:50,959] {dag.py:1813} INFO - Sync 1 DAGs
[2021-03-09 19:21:50,970] {logging_mixin.py:103} INFO - [2021-03-09 19:21:50,970] {dag.py:2266} INFO - Setting next_dagrun for latest_only to 2021-03-07 00:00:00+00:00
[2021-03-09 19:21:50,982] {scheduler_job.py:189} INFO - Processing /home/airflow/venv/lib/python3.8/site-packages/airflow/example_dags/example_latest_only.py took 0.039 seconds
[2021-03-09 19:22:16,169] {scheduler_job.py:181} INFO - Started process (PID=2386) to work on /home/airflow/venv/lib/python3.8/site-packages/airflow/example_dags/example_latest_only.py
[2021-03-09 19:22:16,174] {scheduler_job.py:629} INFO - Processing file /home/airflow/venv/lib/python3.8/site-packages/airflow/example_dags/example_latest_only.py for tasks to queue
[2021-03-09 19:22:16,174] {logging_mixin.py:103} INFO - [2021-03-09 19:22:16,174] {dagbag.py:440} INFO - Filling up the DagBag from /home/airflow/venv/lib/python3.8/site-packages/airflow/example_dags/example_latest_only.py
[2021-03-09 19:22:16,180] {scheduler_job.py:639} INFO - DAG(s) dict_keys(['latest_only']) retrieved from /home/airflow/venv/lib/python3.8/site-packages/airflow/example_dags/example_latest_only.py
[2021-03-09 19:22:16,181] {logging_mixin.py:103} INFO - [2021-03-09 19:22:16,181] {dag.py:1813} INFO - Sync 1 DAGs
[2021-03-09 19:22:16,192] {logging_mixin.py:103} INFO - [2021-03-09 19:22:16,191] {dag.py:2266} INFO - Setting next_dagrun for latest_only to 2021-03-07 00:00:00+00:00
[2021-03-09 19:22:16,201] {scheduler_job.py:189} INFO - Processing /home/airflow/venv/lib/python3.8/site-packages/airflow/example_dags/example_latest_only.py took 0.034 seconds
[2021-03-09 19:22:42,609] {scheduler_job.py:181} INFO - Started process (PID=2460) to work on /home/airflow/venv/lib/python3.8/site-packages/airflow/example_dags/example_latest_only.py
[2021-03-09 19:22:42,610] {scheduler_job.py:629} INFO - Processing file /home/airflow/venv/lib/python3.8/site-packages/airflow/example_dags/example_latest_only.py for tasks to queue
[2021-03-09 19:22:42,610] {logging_mixin.py:103} INFO - [2021-03-09 19:22:42,610] {dagbag.py:440} INFO - Filling up the DagBag from /home/airflow/venv/lib/python3.8/site-packages/airflow/example_dags/example_latest_only.py
[2021-03-09 19:22:42,618] {scheduler_job.py:639} INFO - DAG(s) dict_keys(['latest_only']) retrieved from /home/airflow/venv/lib/python3.8/site-packages/airflow/example_dags/example_latest_only.py
[2021-03-09 19:22:42,619] {logging_mixin.py:103} INFO - [2021-03-09 19:22:42,619] {dag.py:1813} INFO - Sync 1 DAGs
[2021-03-09 19:22:42,631] {logging_mixin.py:103} INFO - [2021-03-09 19:22:42,631] {dag.py:2266} INFO - Setting next_dagrun for latest_only to 2021-03-07 00:00:00+00:00
[2021-03-09 19:22:42,640] {scheduler_job.py:189} INFO - Processing /home/airflow/venv/lib/python3.8/site-packages/airflow/example_dags/example_latest_only.py took 0.037 seconds
[2021-03-09 19:23:08,651] {scheduler_job.py:181} INFO - Started process (PID=2526) to work on /home/airflow/venv/lib/python3.8/site-packages/airflow/example_dags/example_latest_only.py
[2021-03-09 19:23:08,652] {scheduler_job.py:629} INFO - Processing file /home/airflow/venv/lib/python3.8/site-packages/airflow/example_dags/example_latest_only.py for tasks to queue
[2021-03-09 19:23:08,652] {logging_mixin.py:103} INFO - [2021-03-09 19:23:08,652] {dagbag.py:440} INFO - Filling up the DagBag from /home/airflow/venv/lib/python3.8/site-packages/airflow/example_dags/example_latest_only.py
[2021-03-09 19:23:08,663] {scheduler_job.py:639} INFO - DAG(s) dict_keys(['latest_only']) retrieved from /home/airflow/venv/lib/python3.8/site-packages/airflow/example_dags/example_latest_only.py
[2021-03-09 19:23:08,663] {logging_mixin.py:103} INFO - [2021-03-09 19:23:08,663] {dag.py:1813} INFO - Sync 1 DAGs
[2021-03-09 19:23:08,680] {logging_mixin.py:103} INFO - [2021-03-09 19:23:08,680] {dag.py:2266} INFO - Setting next_dagrun for latest_only to 2021-03-07 00:00:00+00:00
[2021-03-09 19:23:08,691] {scheduler_job.py:189} INFO - Processing /home/airflow/venv/lib/python3.8/site-packages/airflow/example_dags/example_latest_only.py took 0.042 seconds
[2021-03-09 19:23:34,997] {scheduler_job.py:181} INFO - Started process (PID=2593) to work on /home/airflow/venv/lib/python3.8/site-packages/airflow/example_dags/example_latest_only.py
[2021-03-09 19:23:34,998] {scheduler_job.py:629} INFO - Processing file /home/airflow/venv/lib/python3.8/site-packages/airflow/example_dags/example_latest_only.py for tasks to queue
[2021-03-09 19:23:34,998] {logging_mixin.py:103} INFO - [2021-03-09 19:23:34,998] {dagbag.py:440} INFO - Filling up the DagBag from /home/airflow/venv/lib/python3.8/site-packages/airflow/example_dags/example_latest_only.py
[2021-03-09 19:23:35,008] {scheduler_job.py:639} INFO - DAG(s) dict_keys(['latest_only']) retrieved from /home/airflow/venv/lib/python3.8/site-packages/airflow/example_dags/example_latest_only.py
[2021-03-09 19:23:35,009] {logging_mixin.py:103} INFO - [2021-03-09 19:23:35,009] {dag.py:1813} INFO - Sync 1 DAGs
[2021-03-09 19:23:35,024] {logging_mixin.py:103} INFO - [2021-03-09 19:23:35,024] {dag.py:2266} INFO - Setting next_dagrun for latest_only to 2021-03-07 00:00:00+00:00
[2021-03-09 19:23:35,037] {scheduler_job.py:189} INFO - Processing /home/airflow/venv/lib/python3.8/site-packages/airflow/example_dags/example_latest_only.py took 0.046 seconds
[2021-03-09 19:24:00,277] {scheduler_job.py:181} INFO - Started process (PID=2657) to work on /home/airflow/venv/lib/python3.8/site-packages/airflow/example_dags/example_latest_only.py
[2021-03-09 19:24:00,278] {scheduler_job.py:629} INFO - Processing file /home/airflow/venv/lib/python3.8/site-packages/airflow/example_dags/example_latest_only.py for tasks to queue
[2021-03-09 19:24:00,278] {logging_mixin.py:103} INFO - [2021-03-09 19:24:00,278] {dagbag.py:440} INFO - Filling up the DagBag from /home/airflow/venv/lib/python3.8/site-packages/airflow/example_dags/example_latest_only.py
[2021-03-09 19:24:00,292] {scheduler_job.py:639} INFO - DAG(s) dict_keys(['latest_only']) retrieved from /home/airflow/venv/lib/python3.8/site-packages/airflow/example_dags/example_latest_only.py
[2021-03-09 19:24:00,293] {logging_mixin.py:103} INFO - [2021-03-09 19:24:00,293] {dag.py:1813} INFO - Sync 1 DAGs
[2021-03-09 19:24:00,306] {logging_mixin.py:103} INFO - [2021-03-09 19:24:00,306] {dag.py:2266} INFO - Setting next_dagrun for latest_only to 2021-03-07 00:00:00+00:00
[2021-03-09 19:24:00,315] {scheduler_job.py:189} INFO - Processing /home/airflow/venv/lib/python3.8/site-packages/airflow/example_dags/example_latest_only.py took 0.044 seconds
[2021-03-09 19:24:25,580] {scheduler_job.py:181} INFO - Started process (PID=2722) to work on /home/airflow/venv/lib/python3.8/site-packages/airflow/example_dags/example_latest_only.py
[2021-03-09 19:24:25,583] {scheduler_job.py:629} INFO - Processing file /home/airflow/venv/lib/python3.8/site-packages/airflow/example_dags/example_latest_only.py for tasks to queue
[2021-03-09 19:24:25,584] {logging_mixin.py:103} INFO - [2021-03-09 19:24:25,584] {dagbag.py:440} INFO - Filling up the DagBag from /home/airflow/venv/lib/python3.8/site-packages/airflow/example_dags/example_latest_only.py
[2021-03-09 19:24:25,591] {scheduler_job.py:639} INFO - DAG(s) dict_keys(['latest_only']) retrieved from /home/airflow/venv/lib/python3.8/site-packages/airflow/example_dags/example_latest_only.py
[2021-03-09 19:24:25,591] {logging_mixin.py:103} INFO - [2021-03-09 19:24:25,591] {dag.py:1813} INFO - Sync 1 DAGs
[2021-03-09 19:24:25,603] {logging_mixin.py:103} INFO - [2021-03-09 19:24:25,603] {dag.py:2266} INFO - Setting next_dagrun for latest_only to 2021-03-07 00:00:00+00:00
[2021-03-09 19:24:25,615] {scheduler_job.py:189} INFO - Processing /home/airflow/venv/lib/python3.8/site-packages/airflow/example_dags/example_latest_only.py took 0.038 seconds
[2021-03-09 19:24:51,904] {scheduler_job.py:181} INFO - Started process (PID=2789) to work on /home/airflow/venv/lib/python3.8/site-packages/airflow/example_dags/example_latest_only.py
[2021-03-09 19:24:51,905] {scheduler_job.py:629} INFO - Processing file /home/airflow/venv/lib/python3.8/site-packages/airflow/example_dags/example_latest_only.py for tasks to queue
[2021-03-09 19:24:51,905] {logging_mixin.py:103} INFO - [2021-03-09 19:24:51,905] {dagbag.py:440} INFO - Filling up the DagBag from /home/airflow/venv/lib/python3.8/site-packages/airflow/example_dags/example_latest_only.py
[2021-03-09 19:24:51,915] {scheduler_job.py:639} INFO - DAG(s) dict_keys(['latest_only']) retrieved from /home/airflow/venv/lib/python3.8/site-packages/airflow/example_dags/example_latest_only.py
[2021-03-09 19:24:51,915] {logging_mixin.py:103} INFO - [2021-03-09 19:24:51,915] {dag.py:1813} INFO - Sync 1 DAGs
[2021-03-09 19:24:51,943] {logging_mixin.py:103} INFO - [2021-03-09 19:24:51,943] {dag.py:2266} INFO - Setting next_dagrun for latest_only to 2021-03-07 00:00:00+00:00
[2021-03-09 19:24:51,968] {scheduler_job.py:189} INFO - Processing /home/airflow/venv/lib/python3.8/site-packages/airflow/example_dags/example_latest_only.py took 0.076 seconds
[2021-03-09 19:25:19,209] {scheduler_job.py:181} INFO - Started process (PID=2858) to work on /home/airflow/venv/lib/python3.8/site-packages/airflow/example_dags/example_latest_only.py
[2021-03-09 19:25:19,210] {scheduler_job.py:629} INFO - Processing file /home/airflow/venv/lib/python3.8/site-packages/airflow/example_dags/example_latest_only.py for tasks to queue
[2021-03-09 19:25:19,211] {logging_mixin.py:103} INFO - [2021-03-09 19:25:19,211] {dagbag.py:440} INFO - Filling up the DagBag from /home/airflow/venv/lib/python3.8/site-packages/airflow/example_dags/example_latest_only.py
[2021-03-09 19:25:19,219] {scheduler_job.py:639} INFO - DAG(s) dict_keys(['latest_only']) retrieved from /home/airflow/venv/lib/python3.8/site-packages/airflow/example_dags/example_latest_only.py
[2021-03-09 19:25:19,219] {logging_mixin.py:103} INFO - [2021-03-09 19:25:19,219] {dag.py:1813} INFO - Sync 1 DAGs
[2021-03-09 19:25:19,231] {logging_mixin.py:103} INFO - [2021-03-09 19:25:19,231] {dag.py:2266} INFO - Setting next_dagrun for latest_only to 2021-03-07 00:00:00+00:00
[2021-03-09 19:25:19,240] {scheduler_job.py:189} INFO - Processing /home/airflow/venv/lib/python3.8/site-packages/airflow/example_dags/example_latest_only.py took 0.037 seconds
[2021-03-09 19:25:45,434] {scheduler_job.py:181} INFO - Started process (PID=2929) to work on /home/airflow/venv/lib/python3.8/site-packages/airflow/example_dags/example_latest_only.py
[2021-03-09 19:25:45,435] {scheduler_job.py:629} INFO - Processing file /home/airflow/venv/lib/python3.8/site-packages/airflow/example_dags/example_latest_only.py for tasks to queue
[2021-03-09 19:25:45,435] {logging_mixin.py:103} INFO - [2021-03-09 19:25:45,435] {dagbag.py:440} INFO - Filling up the DagBag from /home/airflow/venv/lib/python3.8/site-packages/airflow/example_dags/example_latest_only.py
[2021-03-09 19:25:45,448] {scheduler_job.py:639} INFO - DAG(s) dict_keys(['latest_only']) retrieved from /home/airflow/venv/lib/python3.8/site-packages/airflow/example_dags/example_latest_only.py
[2021-03-09 19:25:45,449] {logging_mixin.py:103} INFO - [2021-03-09 19:25:45,449] {dag.py:1813} INFO - Sync 1 DAGs
[2021-03-09 19:25:45,478] {logging_mixin.py:103} INFO - [2021-03-09 19:25:45,478] {dag.py:2266} INFO - Setting next_dagrun for latest_only to 2021-03-07 00:00:00+00:00
[2021-03-09 19:25:45,489] {scheduler_job.py:189} INFO - Processing /home/airflow/venv/lib/python3.8/site-packages/airflow/example_dags/example_latest_only.py took 0.062 seconds
[2021-03-09 19:26:10,714] {scheduler_job.py:181} INFO - Started process (PID=2993) to work on /home/airflow/venv/lib/python3.8/site-packages/airflow/example_dags/example_latest_only.py
[2021-03-09 19:26:10,715] {scheduler_job.py:629} INFO - Processing file /home/airflow/venv/lib/python3.8/site-packages/airflow/example_dags/example_latest_only.py for tasks to queue
[2021-03-09 19:26:10,715] {logging_mixin.py:103} INFO - [2021-03-09 19:26:10,715] {dagbag.py:440} INFO - Filling up the DagBag from /home/airflow/venv/lib/python3.8/site-packages/airflow/example_dags/example_latest_only.py
[2021-03-09 19:26:10,722] {scheduler_job.py:639} INFO - DAG(s) dict_keys(['latest_only']) retrieved from /home/airflow/venv/lib/python3.8/site-packages/airflow/example_dags/example_latest_only.py
[2021-03-09 19:26:10,723] {logging_mixin.py:103} INFO - [2021-03-09 19:26:10,723] {dag.py:1813} INFO - Sync 1 DAGs
[2021-03-09 19:26:10,748] {logging_mixin.py:103} INFO - [2021-03-09 19:26:10,748] {dag.py:2266} INFO - Setting next_dagrun for latest_only to 2021-03-07 00:00:00+00:00
[2021-03-09 19:26:10,758] {scheduler_job.py:189} INFO - Processing /home/airflow/venv/lib/python3.8/site-packages/airflow/example_dags/example_latest_only.py took 0.046 seconds
[2021-03-09 19:26:35,963] {scheduler_job.py:181} INFO - Started process (PID=3057) to work on /home/airflow/venv/lib/python3.8/site-packages/airflow/example_dags/example_latest_only.py
[2021-03-09 19:26:35,964] {scheduler_job.py:629} INFO - Processing file /home/airflow/venv/lib/python3.8/site-packages/airflow/example_dags/example_latest_only.py for tasks to queue
[2021-03-09 19:26:35,965] {logging_mixin.py:103} INFO - [2021-03-09 19:26:35,964] {dagbag.py:440} INFO - Filling up the DagBag from /home/airflow/venv/lib/python3.8/site-packages/airflow/example_dags/example_latest_only.py
[2021-03-09 19:26:35,987] {scheduler_job.py:639} INFO - DAG(s) dict_keys(['latest_only']) retrieved from /home/airflow/venv/lib/python3.8/site-packages/airflow/example_dags/example_latest_only.py
[2021-03-09 19:26:35,988] {logging_mixin.py:103} INFO - [2021-03-09 19:26:35,988] {dag.py:1813} INFO - Sync 1 DAGs
[2021-03-09 19:26:36,020] {logging_mixin.py:103} INFO - [2021-03-09 19:26:36,020] {dag.py:2266} INFO - Setting next_dagrun for latest_only to 2021-03-07 00:00:00+00:00
[2021-03-09 19:26:36,037] {scheduler_job.py:189} INFO - Processing /home/airflow/venv/lib/python3.8/site-packages/airflow/example_dags/example_latest_only.py took 0.082 seconds
[2021-03-09 19:27:01,229] {scheduler_job.py:181} INFO - Started process (PID=3124) to work on /home/airflow/venv/lib/python3.8/site-packages/airflow/example_dags/example_latest_only.py
[2021-03-09 19:27:01,229] {scheduler_job.py:629} INFO - Processing file /home/airflow/venv/lib/python3.8/site-packages/airflow/example_dags/example_latest_only.py for tasks to queue
[2021-03-09 19:27:01,230] {logging_mixin.py:103} INFO - [2021-03-09 19:27:01,230] {dagbag.py:440} INFO - Filling up the DagBag from /home/airflow/venv/lib/python3.8/site-packages/airflow/example_dags/example_latest_only.py
[2021-03-09 19:27:01,235] {scheduler_job.py:639} INFO - DAG(s) dict_keys(['latest_only']) retrieved from /home/airflow/venv/lib/python3.8/site-packages/airflow/example_dags/example_latest_only.py
[2021-03-09 19:27:01,236] {logging_mixin.py:103} INFO - [2021-03-09 19:27:01,236] {dag.py:1813} INFO - Sync 1 DAGs
[2021-03-09 19:27:01,249] {logging_mixin.py:103} INFO - [2021-03-09 19:27:01,249] {dag.py:2266} INFO - Setting next_dagrun for latest_only to 2021-03-07 00:00:00+00:00
[2021-03-09 19:27:01,269] {scheduler_job.py:189} INFO - Processing /home/airflow/venv/lib/python3.8/site-packages/airflow/example_dags/example_latest_only.py took 0.045 seconds
[2021-03-09 19:27:28,615] {scheduler_job.py:181} INFO - Started process (PID=3192) to work on /home/airflow/venv/lib/python3.8/site-packages/airflow/example_dags/example_latest_only.py
[2021-03-09 19:27:28,616] {scheduler_job.py:629} INFO - Processing file /home/airflow/venv/lib/python3.8/site-packages/airflow/example_dags/example_latest_only.py for tasks to queue
[2021-03-09 19:27:28,616] {logging_mixin.py:103} INFO - [2021-03-09 19:27:28,616] {dagbag.py:440} INFO - Filling up the DagBag from /home/airflow/venv/lib/python3.8/site-packages/airflow/example_dags/example_latest_only.py
[2021-03-09 19:27:28,628] {scheduler_job.py:639} INFO - DAG(s) dict_keys(['latest_only']) retrieved from /home/airflow/venv/lib/python3.8/site-packages/airflow/example_dags/example_latest_only.py
[2021-03-09 19:27:28,629] {logging_mixin.py:103} INFO - [2021-03-09 19:27:28,629] {dag.py:1813} INFO - Sync 1 DAGs
[2021-03-09 19:27:28,642] {logging_mixin.py:103} INFO - [2021-03-09 19:27:28,641] {dag.py:2266} INFO - Setting next_dagrun for latest_only to 2021-03-07 00:00:00+00:00
[2021-03-09 19:27:28,651] {scheduler_job.py:189} INFO - Processing /home/airflow/venv/lib/python3.8/site-packages/airflow/example_dags/example_latest_only.py took 0.038 seconds
[2021-03-09 19:27:54,515] {scheduler_job.py:181} INFO - Started process (PID=3259) to work on /home/airflow/venv/lib/python3.8/site-packages/airflow/example_dags/example_latest_only.py
[2021-03-09 19:27:54,515] {scheduler_job.py:629} INFO - Processing file /home/airflow/venv/lib/python3.8/site-packages/airflow/example_dags/example_latest_only.py for tasks to queue
[2021-03-09 19:27:54,515] {logging_mixin.py:103} INFO - [2021-03-09 19:27:54,515] {dagbag.py:440} INFO - Filling up the DagBag from /home/airflow/venv/lib/python3.8/site-packages/airflow/example_dags/example_latest_only.py
[2021-03-09 19:27:54,534] {scheduler_job.py:639} INFO - DAG(s) dict_keys(['latest_only']) retrieved from /home/airflow/venv/lib/python3.8/site-packages/airflow/example_dags/example_latest_only.py
[2021-03-09 19:27:54,535] {logging_mixin.py:103} INFO - [2021-03-09 19:27:54,535] {dag.py:1813} INFO - Sync 1 DAGs
[2021-03-09 19:27:54,558] {logging_mixin.py:103} INFO - [2021-03-09 19:27:54,557] {dag.py:2266} INFO - Setting next_dagrun for latest_only to 2021-03-07 00:00:00+00:00
[2021-03-09 19:27:54,585] {scheduler_job.py:189} INFO - Processing /home/airflow/venv/lib/python3.8/site-packages/airflow/example_dags/example_latest_only.py took 0.082 seconds
[2021-03-09 19:28:20,145] {scheduler_job.py:181} INFO - Started process (PID=3325) to work on /home/airflow/venv/lib/python3.8/site-packages/airflow/example_dags/example_latest_only.py
[2021-03-09 19:28:20,146] {scheduler_job.py:629} INFO - Processing file /home/airflow/venv/lib/python3.8/site-packages/airflow/example_dags/example_latest_only.py for tasks to queue
[2021-03-09 19:28:20,146] {logging_mixin.py:103} INFO - [2021-03-09 19:28:20,146] {dagbag.py:440} INFO - Filling up the DagBag from /home/airflow/venv/lib/python3.8/site-packages/airflow/example_dags/example_latest_only.py
[2021-03-09 19:28:20,159] {scheduler_job.py:639} INFO - DAG(s) dict_keys(['latest_only']) retrieved from /home/airflow/venv/lib/python3.8/site-packages/airflow/example_dags/example_latest_only.py
[2021-03-09 19:28:20,159] {logging_mixin.py:103} INFO - [2021-03-09 19:28:20,159] {dag.py:1813} INFO - Sync 1 DAGs
[2021-03-09 19:28:20,172] {logging_mixin.py:103} INFO - [2021-03-09 19:28:20,172] {dag.py:2266} INFO - Setting next_dagrun for latest_only to 2021-03-07 00:00:00+00:00
[2021-03-09 19:28:20,182] {scheduler_job.py:189} INFO - Processing /home/airflow/venv/lib/python3.8/site-packages/airflow/example_dags/example_latest_only.py took 0.038 seconds
[2021-03-09 19:28:45,397] {scheduler_job.py:181} INFO - Started process (PID=3389) to work on /home/airflow/venv/lib/python3.8/site-packages/airflow/example_dags/example_latest_only.py
[2021-03-09 19:28:45,398] {scheduler_job.py:629} INFO - Processing file /home/airflow/venv/lib/python3.8/site-packages/airflow/example_dags/example_latest_only.py for tasks to queue
[2021-03-09 19:28:45,398] {logging_mixin.py:103} INFO - [2021-03-09 19:28:45,398] {dagbag.py:440} INFO - Filling up the DagBag from /home/airflow/venv/lib/python3.8/site-packages/airflow/example_dags/example_latest_only.py
[2021-03-09 19:28:45,404] {scheduler_job.py:639} INFO - DAG(s) dict_keys(['latest_only']) retrieved from /home/airflow/venv/lib/python3.8/site-packages/airflow/example_dags/example_latest_only.py
[2021-03-09 19:28:45,404] {logging_mixin.py:103} INFO - [2021-03-09 19:28:45,404] {dag.py:1813} INFO - Sync 1 DAGs
[2021-03-09 19:28:45,415] {logging_mixin.py:103} INFO - [2021-03-09 19:28:45,415] {dag.py:2266} INFO - Setting next_dagrun for latest_only to 2021-03-07 00:00:00+00:00
[2021-03-09 19:28:45,434] {scheduler_job.py:189} INFO - Processing /home/airflow/venv/lib/python3.8/site-packages/airflow/example_dags/example_latest_only.py took 0.043 seconds
[2021-03-09 19:29:10,804] {scheduler_job.py:181} INFO - Started process (PID=3476) to work on /home/airflow/venv/lib/python3.8/site-packages/airflow/example_dags/example_latest_only.py
[2021-03-09 19:29:10,805] {scheduler_job.py:629} INFO - Processing file /home/airflow/venv/lib/python3.8/site-packages/airflow/example_dags/example_latest_only.py for tasks to queue
[2021-03-09 19:29:10,805] {logging_mixin.py:103} INFO - [2021-03-09 19:29:10,805] {dagbag.py:440} INFO - Filling up the DagBag from /home/airflow/venv/lib/python3.8/site-packages/airflow/example_dags/example_latest_only.py
[2021-03-09 19:29:10,810] {scheduler_job.py:639} INFO - DAG(s) dict_keys(['latest_only']) retrieved from /home/airflow/venv/lib/python3.8/site-packages/airflow/example_dags/example_latest_only.py
[2021-03-09 19:29:10,811] {logging_mixin.py:103} INFO - [2021-03-09 19:29:10,811] {dag.py:1813} INFO - Sync 1 DAGs
[2021-03-09 19:29:10,821] {logging_mixin.py:103} INFO - [2021-03-09 19:29:10,821] {dag.py:2266} INFO - Setting next_dagrun for latest_only to 2021-03-07 00:00:00+00:00
[2021-03-09 19:29:10,831] {scheduler_job.py:189} INFO - Processing /home/airflow/venv/lib/python3.8/site-packages/airflow/example_dags/example_latest_only.py took 0.035 seconds
[2021-03-09 19:29:37,779] {scheduler_job.py:181} INFO - Started process (PID=3553) to work on /home/airflow/venv/lib/python3.8/site-packages/airflow/example_dags/example_latest_only.py
[2021-03-09 19:29:37,780] {scheduler_job.py:629} INFO - Processing file /home/airflow/venv/lib/python3.8/site-packages/airflow/example_dags/example_latest_only.py for tasks to queue
[2021-03-09 19:29:37,780] {logging_mixin.py:103} INFO - [2021-03-09 19:29:37,780] {dagbag.py:440} INFO - Filling up the DagBag from /home/airflow/venv/lib/python3.8/site-packages/airflow/example_dags/example_latest_only.py
[2021-03-09 19:29:37,786] {scheduler_job.py:639} INFO - DAG(s) dict_keys(['latest_only']) retrieved from /home/airflow/venv/lib/python3.8/site-packages/airflow/example_dags/example_latest_only.py
[2021-03-09 19:29:37,786] {logging_mixin.py:103} INFO - [2021-03-09 19:29:37,786] {dag.py:1813} INFO - Sync 1 DAGs
[2021-03-09 19:29:37,800] {logging_mixin.py:103} INFO - [2021-03-09 19:29:37,800] {dag.py:2266} INFO - Setting next_dagrun for latest_only to 2021-03-07 00:00:00+00:00
[2021-03-09 19:29:37,809] {scheduler_job.py:189} INFO - Processing /home/airflow/venv/lib/python3.8/site-packages/airflow/example_dags/example_latest_only.py took 0.031 seconds
[2021-03-09 19:30:03,174] {scheduler_job.py:181} INFO - Started process (PID=3637) to work on /home/airflow/venv/lib/python3.8/site-packages/airflow/example_dags/example_latest_only.py
[2021-03-09 19:30:03,175] {scheduler_job.py:629} INFO - Processing file /home/airflow/venv/lib/python3.8/site-packages/airflow/example_dags/example_latest_only.py for tasks to queue
[2021-03-09 19:30:03,175] {logging_mixin.py:103} INFO - [2021-03-09 19:30:03,175] {dagbag.py:440} INFO - Filling up the DagBag from /home/airflow/venv/lib/python3.8/site-packages/airflow/example_dags/example_latest_only.py
[2021-03-09 19:30:03,183] {scheduler_job.py:639} INFO - DAG(s) dict_keys(['latest_only']) retrieved from /home/airflow/venv/lib/python3.8/site-packages/airflow/example_dags/example_latest_only.py
[2021-03-09 19:30:03,184] {logging_mixin.py:103} INFO - [2021-03-09 19:30:03,184] {dag.py:1813} INFO - Sync 1 DAGs
[2021-03-09 19:30:03,194] {logging_mixin.py:103} INFO - [2021-03-09 19:30:03,194] {dag.py:2266} INFO - Setting next_dagrun for latest_only to 2021-03-07 00:00:00+00:00
[2021-03-09 19:30:03,214] {scheduler_job.py:189} INFO - Processing /home/airflow/venv/lib/python3.8/site-packages/airflow/example_dags/example_latest_only.py took 0.042 seconds
[2021-03-09 19:30:28,435] {scheduler_job.py:181} INFO - Started process (PID=3707) to work on /home/airflow/venv/lib/python3.8/site-packages/airflow/example_dags/example_latest_only.py
[2021-03-09 19:30:28,436] {scheduler_job.py:629} INFO - Processing file /home/airflow/venv/lib/python3.8/site-packages/airflow/example_dags/example_latest_only.py for tasks to queue
[2021-03-09 19:30:28,436] {logging_mixin.py:103} INFO - [2021-03-09 19:30:28,436] {dagbag.py:440} INFO - Filling up the DagBag from /home/airflow/venv/lib/python3.8/site-packages/airflow/example_dags/example_latest_only.py
[2021-03-09 19:30:28,447] {scheduler_job.py:639} INFO - DAG(s) dict_keys(['latest_only']) retrieved from /home/airflow/venv/lib/python3.8/site-packages/airflow/example_dags/example_latest_only.py
[2021-03-09 19:30:28,448] {logging_mixin.py:103} INFO - [2021-03-09 19:30:28,448] {dag.py:1813} INFO - Sync 1 DAGs
[2021-03-09 19:30:28,479] {logging_mixin.py:103} INFO - [2021-03-09 19:30:28,479] {dag.py:2266} INFO - Setting next_dagrun for latest_only to 2021-03-07 00:00:00+00:00
[2021-03-09 19:30:28,502] {scheduler_job.py:189} INFO - Processing /home/airflow/venv/lib/python3.8/site-packages/airflow/example_dags/example_latest_only.py took 0.073 seconds
[2021-03-09 19:30:53,727] {scheduler_job.py:181} INFO - Started process (PID=3770) to work on /home/airflow/venv/lib/python3.8/site-packages/airflow/example_dags/example_latest_only.py
[2021-03-09 19:30:53,728] {scheduler_job.py:629} INFO - Processing file /home/airflow/venv/lib/python3.8/site-packages/airflow/example_dags/example_latest_only.py for tasks to queue
[2021-03-09 19:30:53,729] {logging_mixin.py:103} INFO - [2021-03-09 19:30:53,729] {dagbag.py:440} INFO - Filling up the DagBag from /home/airflow/venv/lib/python3.8/site-packages/airflow/example_dags/example_latest_only.py
[2021-03-09 19:30:53,738] {scheduler_job.py:639} INFO - DAG(s) dict_keys(['latest_only']) retrieved from /home/airflow/venv/lib/python3.8/site-packages/airflow/example_dags/example_latest_only.py
[2021-03-09 19:30:53,739] {logging_mixin.py:103} INFO - [2021-03-09 19:30:53,739] {dag.py:1813} INFO - Sync 1 DAGs
[2021-03-09 19:30:53,755] {logging_mixin.py:103} INFO - [2021-03-09 19:30:53,755] {dag.py:2266} INFO - Setting next_dagrun for latest_only to 2021-03-07 00:00:00+00:00
[2021-03-09 19:30:53,766] {scheduler_job.py:189} INFO - Processing /home/airflow/venv/lib/python3.8/site-packages/airflow/example_dags/example_latest_only.py took 0.042 seconds
[2021-03-09 19:31:18,985] {scheduler_job.py:181} INFO - Started process (PID=3837) to work on /home/airflow/venv/lib/python3.8/site-packages/airflow/example_dags/example_latest_only.py
[2021-03-09 19:31:18,992] {scheduler_job.py:629} INFO - Processing file /home/airflow/venv/lib/python3.8/site-packages/airflow/example_dags/example_latest_only.py for tasks to queue
[2021-03-09 19:31:18,992] {logging_mixin.py:103} INFO - [2021-03-09 19:31:18,992] {dagbag.py:440} INFO - Filling up the DagBag from /home/airflow/venv/lib/python3.8/site-packages/airflow/example_dags/example_latest_only.py
[2021-03-09 19:31:18,998] {scheduler_job.py:639} INFO - DAG(s) dict_keys(['latest_only']) retrieved from /home/airflow/venv/lib/python3.8/site-packages/airflow/example_dags/example_latest_only.py
[2021-03-09 19:31:18,999] {logging_mixin.py:103} INFO - [2021-03-09 19:31:18,999] {dag.py:1813} INFO - Sync 1 DAGs
[2021-03-09 19:31:19,020] {logging_mixin.py:103} INFO - [2021-03-09 19:31:19,020] {dag.py:2266} INFO - Setting next_dagrun for latest_only to 2021-03-07 00:00:00+00:00
[2021-03-09 19:31:19,031] {scheduler_job.py:189} INFO - Processing /home/airflow/venv/lib/python3.8/site-packages/airflow/example_dags/example_latest_only.py took 0.047 seconds
[2021-03-09 19:31:46,307] {scheduler_job.py:181} INFO - Started process (PID=3904) to work on /home/airflow/venv/lib/python3.8/site-packages/airflow/example_dags/example_latest_only.py
[2021-03-09 19:31:46,308] {scheduler_job.py:629} INFO - Processing file /home/airflow/venv/lib/python3.8/site-packages/airflow/example_dags/example_latest_only.py for tasks to queue
[2021-03-09 19:31:46,312] {logging_mixin.py:103} INFO - [2021-03-09 19:31:46,312] {dagbag.py:440} INFO - Filling up the DagBag from /home/airflow/venv/lib/python3.8/site-packages/airflow/example_dags/example_latest_only.py
[2021-03-09 19:31:46,323] {scheduler_job.py:639} INFO - DAG(s) dict_keys(['latest_only']) retrieved from /home/airflow/venv/lib/python3.8/site-packages/airflow/example_dags/example_latest_only.py
[2021-03-09 19:31:46,324] {logging_mixin.py:103} INFO - [2021-03-09 19:31:46,324] {dag.py:1813} INFO - Sync 1 DAGs
[2021-03-09 19:31:46,338] {logging_mixin.py:103} INFO - [2021-03-09 19:31:46,338] {dag.py:2266} INFO - Setting next_dagrun for latest_only to 2021-03-07 00:00:00+00:00
[2021-03-09 19:31:46,348] {scheduler_job.py:189} INFO - Processing /home/airflow/venv/lib/python3.8/site-packages/airflow/example_dags/example_latest_only.py took 0.042 seconds
[2021-03-09 19:32:11,603] {scheduler_job.py:181} INFO - Started process (PID=3972) to work on /home/airflow/venv/lib/python3.8/site-packages/airflow/example_dags/example_latest_only.py
[2021-03-09 19:32:11,604] {scheduler_job.py:629} INFO - Processing file /home/airflow/venv/lib/python3.8/site-packages/airflow/example_dags/example_latest_only.py for tasks to queue
[2021-03-09 19:32:11,604] {logging_mixin.py:103} INFO - [2021-03-09 19:32:11,604] {dagbag.py:440} INFO - Filling up the DagBag from /home/airflow/venv/lib/python3.8/site-packages/airflow/example_dags/example_latest_only.py
[2021-03-09 19:32:11,612] {scheduler_job.py:639} INFO - DAG(s) dict_keys(['latest_only']) retrieved from /home/airflow/venv/lib/python3.8/site-packages/airflow/example_dags/example_latest_only.py
[2021-03-09 19:32:11,613] {logging_mixin.py:103} INFO - [2021-03-09 19:32:11,613] {dag.py:1813} INFO - Sync 1 DAGs
[2021-03-09 19:32:11,626] {logging_mixin.py:103} INFO - [2021-03-09 19:32:11,626] {dag.py:2266} INFO - Setting next_dagrun for latest_only to 2021-03-07 00:00:00+00:00
[2021-03-09 19:32:11,636] {scheduler_job.py:189} INFO - Processing /home/airflow/venv/lib/python3.8/site-packages/airflow/example_dags/example_latest_only.py took 0.040 seconds
[2021-03-09 19:57:23,663] {scheduler_job.py:181} INFO - Started process (PID=4014) to work on /home/airflow/venv/lib/python3.8/site-packages/airflow/example_dags/example_latest_only.py
[2021-03-09 19:57:23,668] {scheduler_job.py:629} INFO - Processing file /home/airflow/venv/lib/python3.8/site-packages/airflow/example_dags/example_latest_only.py for tasks to queue
[2021-03-09 19:57:23,669] {logging_mixin.py:103} INFO - [2021-03-09 19:57:23,669] {dagbag.py:440} INFO - Filling up the DagBag from /home/airflow/venv/lib/python3.8/site-packages/airflow/example_dags/example_latest_only.py
[2021-03-09 19:57:23,676] {scheduler_job.py:639} INFO - DAG(s) dict_keys(['latest_only']) retrieved from /home/airflow/venv/lib/python3.8/site-packages/airflow/example_dags/example_latest_only.py
[2021-03-09 19:57:23,677] {logging_mixin.py:103} INFO - [2021-03-09 19:57:23,677] {dag.py:1813} INFO - Sync 1 DAGs
[2021-03-09 19:57:23,697] {logging_mixin.py:103} INFO - [2021-03-09 19:57:23,697] {dag.py:2266} INFO - Setting next_dagrun for latest_only to 2021-03-07 00:00:00+00:00
[2021-03-09 19:57:23,708] {scheduler_job.py:189} INFO - Processing /home/airflow/venv/lib/python3.8/site-packages/airflow/example_dags/example_latest_only.py took 0.048 seconds
[2021-03-09 19:57:48,978] {scheduler_job.py:181} INFO - Started process (PID=4044) to work on /home/airflow/venv/lib/python3.8/site-packages/airflow/example_dags/example_latest_only.py
[2021-03-09 19:57:48,979] {scheduler_job.py:629} INFO - Processing file /home/airflow/venv/lib/python3.8/site-packages/airflow/example_dags/example_latest_only.py for tasks to queue
[2021-03-09 19:57:48,984] {logging_mixin.py:103} INFO - [2021-03-09 19:57:48,984] {dagbag.py:440} INFO - Filling up the DagBag from /home/airflow/venv/lib/python3.8/site-packages/airflow/example_dags/example_latest_only.py
[2021-03-09 19:57:48,998] {scheduler_job.py:639} INFO - DAG(s) dict_keys(['latest_only']) retrieved from /home/airflow/venv/lib/python3.8/site-packages/airflow/example_dags/example_latest_only.py
[2021-03-09 19:57:48,998] {logging_mixin.py:103} INFO - [2021-03-09 19:57:48,998] {dag.py:1813} INFO - Sync 1 DAGs
[2021-03-09 19:57:49,035] {logging_mixin.py:103} INFO - [2021-03-09 19:57:49,035] {dag.py:2266} INFO - Setting next_dagrun for latest_only to 2021-03-07 00:00:00+00:00
[2021-03-09 19:57:49,059] {scheduler_job.py:189} INFO - Processing /home/airflow/venv/lib/python3.8/site-packages/airflow/example_dags/example_latest_only.py took 0.083 seconds
[2021-03-09 19:58:15,429] {scheduler_job.py:181} INFO - Started process (PID=4349) to work on /home/airflow/venv/lib/python3.8/site-packages/airflow/example_dags/example_latest_only.py
[2021-03-09 19:58:15,430] {scheduler_job.py:629} INFO - Processing file /home/airflow/venv/lib/python3.8/site-packages/airflow/example_dags/example_latest_only.py for tasks to queue
[2021-03-09 19:58:15,431] {logging_mixin.py:103} INFO - [2021-03-09 19:58:15,431] {dagbag.py:440} INFO - Filling up the DagBag from /home/airflow/venv/lib/python3.8/site-packages/airflow/example_dags/example_latest_only.py
[2021-03-09 19:58:15,442] {scheduler_job.py:639} INFO - DAG(s) dict_keys(['latest_only']) retrieved from /home/airflow/venv/lib/python3.8/site-packages/airflow/example_dags/example_latest_only.py
[2021-03-09 19:58:15,442] {logging_mixin.py:103} INFO - [2021-03-09 19:58:15,442] {dag.py:1813} INFO - Sync 1 DAGs
[2021-03-09 19:58:15,455] {logging_mixin.py:103} INFO - [2021-03-09 19:58:15,455] {dag.py:2266} INFO - Setting next_dagrun for latest_only to 2021-03-07 00:00:00+00:00
[2021-03-09 19:58:15,464] {scheduler_job.py:189} INFO - Processing /home/airflow/venv/lib/python3.8/site-packages/airflow/example_dags/example_latest_only.py took 0.041 seconds
[2021-03-09 19:58:41,336] {scheduler_job.py:181} INFO - Started process (PID=4381) to work on /home/airflow/venv/lib/python3.8/site-packages/airflow/example_dags/example_latest_only.py
[2021-03-09 19:58:41,337] {scheduler_job.py:629} INFO - Processing file /home/airflow/venv/lib/python3.8/site-packages/airflow/example_dags/example_latest_only.py for tasks to queue
[2021-03-09 19:58:41,338] {logging_mixin.py:103} INFO - [2021-03-09 19:58:41,338] {dagbag.py:440} INFO - Filling up the DagBag from /home/airflow/venv/lib/python3.8/site-packages/airflow/example_dags/example_latest_only.py
[2021-03-09 19:58:41,346] {scheduler_job.py:639} INFO - DAG(s) dict_keys(['latest_only']) retrieved from /home/airflow/venv/lib/python3.8/site-packages/airflow/example_dags/example_latest_only.py
[2021-03-09 19:58:41,347] {logging_mixin.py:103} INFO - [2021-03-09 19:58:41,347] {dag.py:1813} INFO - Sync 1 DAGs
[2021-03-09 19:58:41,360] {logging_mixin.py:103} INFO - [2021-03-09 19:58:41,360] {dag.py:2266} INFO - Setting next_dagrun for latest_only to 2021-03-07 00:00:00+00:00
[2021-03-09 19:58:41,370] {scheduler_job.py:189} INFO - Processing /home/airflow/venv/lib/python3.8/site-packages/airflow/example_dags/example_latest_only.py took 0.043 seconds
[2021-03-09 19:59:07,142] {scheduler_job.py:181} INFO - Started process (PID=4415) to work on /home/airflow/venv/lib/python3.8/site-packages/airflow/example_dags/example_latest_only.py
[2021-03-09 19:59:07,148] {scheduler_job.py:629} INFO - Processing file /home/airflow/venv/lib/python3.8/site-packages/airflow/example_dags/example_latest_only.py for tasks to queue
[2021-03-09 19:59:07,149] {logging_mixin.py:103} INFO - [2021-03-09 19:59:07,148] {dagbag.py:440} INFO - Filling up the DagBag from /home/airflow/venv/lib/python3.8/site-packages/airflow/example_dags/example_latest_only.py
[2021-03-09 19:59:07,156] {scheduler_job.py:639} INFO - DAG(s) dict_keys(['latest_only']) retrieved from /home/airflow/venv/lib/python3.8/site-packages/airflow/example_dags/example_latest_only.py
[2021-03-09 19:59:07,157] {logging_mixin.py:103} INFO - [2021-03-09 19:59:07,157] {dag.py:1813} INFO - Sync 1 DAGs
[2021-03-09 19:59:07,182] {logging_mixin.py:103} INFO - [2021-03-09 19:59:07,182] {dag.py:2266} INFO - Setting next_dagrun for latest_only to 2021-03-07 00:00:00+00:00
[2021-03-09 19:59:07,193] {scheduler_job.py:189} INFO - Processing /home/airflow/venv/lib/python3.8/site-packages/airflow/example_dags/example_latest_only.py took 0.057 seconds
[2021-03-09 19:59:33,445] {scheduler_job.py:181} INFO - Started process (PID=4446) to work on /home/airflow/venv/lib/python3.8/site-packages/airflow/example_dags/example_latest_only.py
[2021-03-09 19:59:33,446] {scheduler_job.py:629} INFO - Processing file /home/airflow/venv/lib/python3.8/site-packages/airflow/example_dags/example_latest_only.py for tasks to queue
[2021-03-09 19:59:33,447] {logging_mixin.py:103} INFO - [2021-03-09 19:59:33,446] {dagbag.py:440} INFO - Filling up the DagBag from /home/airflow/venv/lib/python3.8/site-packages/airflow/example_dags/example_latest_only.py
[2021-03-09 19:59:33,464] {scheduler_job.py:639} INFO - DAG(s) dict_keys(['latest_only']) retrieved from /home/airflow/venv/lib/python3.8/site-packages/airflow/example_dags/example_latest_only.py
[2021-03-09 19:59:33,466] {logging_mixin.py:103} INFO - [2021-03-09 19:59:33,466] {dag.py:1813} INFO - Sync 1 DAGs
[2021-03-09 19:59:33,481] {logging_mixin.py:103} INFO - [2021-03-09 19:59:33,481] {dag.py:2266} INFO - Setting next_dagrun for latest_only to 2021-03-07 00:00:00+00:00
[2021-03-09 19:59:33,495] {scheduler_job.py:189} INFO - Processing /home/airflow/venv/lib/python3.8/site-packages/airflow/example_dags/example_latest_only.py took 0.056 seconds
[2021-03-09 19:59:59,757] {scheduler_job.py:181} INFO - Started process (PID=4480) to work on /home/airflow/venv/lib/python3.8/site-packages/airflow/example_dags/example_latest_only.py
[2021-03-09 19:59:59,758] {scheduler_job.py:629} INFO - Processing file /home/airflow/venv/lib/python3.8/site-packages/airflow/example_dags/example_latest_only.py for tasks to queue
[2021-03-09 19:59:59,758] {logging_mixin.py:103} INFO - [2021-03-09 19:59:59,758] {dagbag.py:440} INFO - Filling up the DagBag from /home/airflow/venv/lib/python3.8/site-packages/airflow/example_dags/example_latest_only.py
[2021-03-09 19:59:59,771] {scheduler_job.py:639} INFO - DAG(s) dict_keys(['latest_only']) retrieved from /home/airflow/venv/lib/python3.8/site-packages/airflow/example_dags/example_latest_only.py
[2021-03-09 19:59:59,772] {logging_mixin.py:103} INFO - [2021-03-09 19:59:59,772] {dag.py:1813} INFO - Sync 1 DAGs
[2021-03-09 19:59:59,790] {logging_mixin.py:103} INFO - [2021-03-09 19:59:59,790] {dag.py:2266} INFO - Setting next_dagrun for latest_only to 2021-03-07 00:00:00+00:00
[2021-03-09 19:59:59,806] {scheduler_job.py:189} INFO - Processing /home/airflow/venv/lib/python3.8/site-packages/airflow/example_dags/example_latest_only.py took 0.051 seconds
[2021-03-09 20:00:25,628] {scheduler_job.py:181} INFO - Started process (PID=4515) to work on /home/airflow/venv/lib/python3.8/site-packages/airflow/example_dags/example_latest_only.py
[2021-03-09 20:00:25,628] {scheduler_job.py:629} INFO - Processing file /home/airflow/venv/lib/python3.8/site-packages/airflow/example_dags/example_latest_only.py for tasks to queue
[2021-03-09 20:00:25,629] {logging_mixin.py:103} INFO - [2021-03-09 20:00:25,629] {dagbag.py:440} INFO - Filling up the DagBag from /home/airflow/venv/lib/python3.8/site-packages/airflow/example_dags/example_latest_only.py
[2021-03-09 20:00:25,640] {scheduler_job.py:639} INFO - DAG(s) dict_keys(['latest_only']) retrieved from /home/airflow/venv/lib/python3.8/site-packages/airflow/example_dags/example_latest_only.py
[2021-03-09 20:00:25,641] {logging_mixin.py:103} INFO - [2021-03-09 20:00:25,641] {dag.py:1813} INFO - Sync 1 DAGs
[2021-03-09 20:00:25,655] {logging_mixin.py:103} INFO - [2021-03-09 20:00:25,655] {dag.py:2266} INFO - Setting next_dagrun for latest_only to 2021-03-07 00:00:00+00:00
[2021-03-09 20:00:25,671] {scheduler_job.py:189} INFO - Processing /home/airflow/venv/lib/python3.8/site-packages/airflow/example_dags/example_latest_only.py took 0.046 seconds
[2021-03-09 20:00:51,321] {scheduler_job.py:181} INFO - Started process (PID=4546) to work on /home/airflow/venv/lib/python3.8/site-packages/airflow/example_dags/example_latest_only.py
[2021-03-09 20:00:51,321] {scheduler_job.py:629} INFO - Processing file /home/airflow/venv/lib/python3.8/site-packages/airflow/example_dags/example_latest_only.py for tasks to queue
[2021-03-09 20:00:51,322] {logging_mixin.py:103} INFO - [2021-03-09 20:00:51,322] {dagbag.py:440} INFO - Filling up the DagBag from /home/airflow/venv/lib/python3.8/site-packages/airflow/example_dags/example_latest_only.py
[2021-03-09 20:00:51,341] {scheduler_job.py:639} INFO - DAG(s) dict_keys(['latest_only']) retrieved from /home/airflow/venv/lib/python3.8/site-packages/airflow/example_dags/example_latest_only.py
[2021-03-09 20:00:51,341] {logging_mixin.py:103} INFO - [2021-03-09 20:00:51,341] {dag.py:1813} INFO - Sync 1 DAGs
[2021-03-09 20:00:51,363] {logging_mixin.py:103} INFO - [2021-03-09 20:00:51,363] {dag.py:2266} INFO - Setting next_dagrun for latest_only to 2021-03-07 00:00:00+00:00
[2021-03-09 20:00:51,383] {scheduler_job.py:189} INFO - Processing /home/airflow/venv/lib/python3.8/site-packages/airflow/example_dags/example_latest_only.py took 0.065 seconds
[2021-03-09 20:01:15,536] {scheduler_job.py:181} INFO - Started process (PID=4580) to work on /home/airflow/venv/lib/python3.8/site-packages/airflow/example_dags/example_latest_only.py
[2021-03-09 20:01:15,537] {scheduler_job.py:629} INFO - Processing file /home/airflow/venv/lib/python3.8/site-packages/airflow/example_dags/example_latest_only.py for tasks to queue
[2021-03-09 20:01:15,538] {logging_mixin.py:103} INFO - [2021-03-09 20:01:15,537] {dagbag.py:440} INFO - Filling up the DagBag from /home/airflow/venv/lib/python3.8/site-packages/airflow/example_dags/example_latest_only.py
[2021-03-09 20:01:15,547] {scheduler_job.py:639} INFO - DAG(s) dict_keys(['latest_only']) retrieved from /home/airflow/venv/lib/python3.8/site-packages/airflow/example_dags/example_latest_only.py
[2021-03-09 20:01:15,548] {logging_mixin.py:103} INFO - [2021-03-09 20:01:15,548] {dag.py:1813} INFO - Sync 1 DAGs
[2021-03-09 20:01:15,560] {logging_mixin.py:103} INFO - [2021-03-09 20:01:15,560] {dag.py:2266} INFO - Setting next_dagrun for latest_only to 2021-03-07 00:00:00+00:00
[2021-03-09 20:01:15,577] {scheduler_job.py:189} INFO - Processing /home/airflow/venv/lib/python3.8/site-packages/airflow/example_dags/example_latest_only.py took 0.048 seconds
[2021-03-09 20:01:41,825] {scheduler_job.py:181} INFO - Started process (PID=4614) to work on /home/airflow/venv/lib/python3.8/site-packages/airflow/example_dags/example_latest_only.py
[2021-03-09 20:01:41,826] {scheduler_job.py:629} INFO - Processing file /home/airflow/venv/lib/python3.8/site-packages/airflow/example_dags/example_latest_only.py for tasks to queue
[2021-03-09 20:01:41,826] {logging_mixin.py:103} INFO - [2021-03-09 20:01:41,826] {dagbag.py:440} INFO - Filling up the DagBag from /home/airflow/venv/lib/python3.8/site-packages/airflow/example_dags/example_latest_only.py
[2021-03-09 20:01:41,839] {scheduler_job.py:639} INFO - DAG(s) dict_keys(['latest_only']) retrieved from /home/airflow/venv/lib/python3.8/site-packages/airflow/example_dags/example_latest_only.py
[2021-03-09 20:01:41,840] {logging_mixin.py:103} INFO - [2021-03-09 20:01:41,840] {dag.py:1813} INFO - Sync 1 DAGs
[2021-03-09 20:01:41,852] {logging_mixin.py:103} INFO - [2021-03-09 20:01:41,852] {dag.py:2266} INFO - Setting next_dagrun for latest_only to 2021-03-07 00:00:00+00:00
[2021-03-09 20:01:41,863] {scheduler_job.py:189} INFO - Processing /home/airflow/venv/lib/python3.8/site-packages/airflow/example_dags/example_latest_only.py took 0.040 seconds
[2021-03-09 20:02:09,036] {scheduler_job.py:181} INFO - Started process (PID=4654) to work on /home/airflow/venv/lib/python3.8/site-packages/airflow/example_dags/example_latest_only.py
[2021-03-09 20:02:09,043] {scheduler_job.py:629} INFO - Processing file /home/airflow/venv/lib/python3.8/site-packages/airflow/example_dags/example_latest_only.py for tasks to queue
[2021-03-09 20:02:09,043] {logging_mixin.py:103} INFO - [2021-03-09 20:02:09,043] {dagbag.py:440} INFO - Filling up the DagBag from /home/airflow/venv/lib/python3.8/site-packages/airflow/example_dags/example_latest_only.py
[2021-03-09 20:02:09,050] {scheduler_job.py:639} INFO - DAG(s) dict_keys(['latest_only']) retrieved from /home/airflow/venv/lib/python3.8/site-packages/airflow/example_dags/example_latest_only.py
[2021-03-09 20:02:09,051] {logging_mixin.py:103} INFO - [2021-03-09 20:02:09,051] {dag.py:1813} INFO - Sync 1 DAGs
[2021-03-09 20:02:09,073] {logging_mixin.py:103} INFO - [2021-03-09 20:02:09,073] {dag.py:2266} INFO - Setting next_dagrun for latest_only to 2021-03-07 00:00:00+00:00
[2021-03-09 20:02:09,082] {scheduler_job.py:189} INFO - Processing /home/airflow/venv/lib/python3.8/site-packages/airflow/example_dags/example_latest_only.py took 0.049 seconds
[2021-03-09 20:02:34,344] {scheduler_job.py:181} INFO - Started process (PID=4694) to work on /home/airflow/venv/lib/python3.8/site-packages/airflow/example_dags/example_latest_only.py
[2021-03-09 20:02:34,345] {scheduler_job.py:629} INFO - Processing file /home/airflow/venv/lib/python3.8/site-packages/airflow/example_dags/example_latest_only.py for tasks to queue
[2021-03-09 20:02:34,345] {logging_mixin.py:103} INFO - [2021-03-09 20:02:34,345] {dagbag.py:440} INFO - Filling up the DagBag from /home/airflow/venv/lib/python3.8/site-packages/airflow/example_dags/example_latest_only.py
[2021-03-09 20:02:34,355] {scheduler_job.py:639} INFO - DAG(s) dict_keys(['latest_only']) retrieved from /home/airflow/venv/lib/python3.8/site-packages/airflow/example_dags/example_latest_only.py
[2021-03-09 20:02:34,363] {logging_mixin.py:103} INFO - [2021-03-09 20:02:34,363] {dag.py:1813} INFO - Sync 1 DAGs
[2021-03-09 20:02:34,378] {logging_mixin.py:103} INFO - [2021-03-09 20:02:34,378] {dag.py:2266} INFO - Setting next_dagrun for latest_only to 2021-03-07 00:00:00+00:00
[2021-03-09 20:02:34,391] {scheduler_job.py:189} INFO - Processing /home/airflow/venv/lib/python3.8/site-packages/airflow/example_dags/example_latest_only.py took 0.049 seconds
[2021-03-09 20:02:59,609] {scheduler_job.py:181} INFO - Started process (PID=4737) to work on /home/airflow/venv/lib/python3.8/site-packages/airflow/example_dags/example_latest_only.py
[2021-03-09 20:02:59,613] {scheduler_job.py:629} INFO - Processing file /home/airflow/venv/lib/python3.8/site-packages/airflow/example_dags/example_latest_only.py for tasks to queue
[2021-03-09 20:02:59,617] {logging_mixin.py:103} INFO - [2021-03-09 20:02:59,617] {dagbag.py:440} INFO - Filling up the DagBag from /home/airflow/venv/lib/python3.8/site-packages/airflow/example_dags/example_latest_only.py
[2021-03-09 20:02:59,631] {scheduler_job.py:639} INFO - DAG(s) dict_keys(['latest_only']) retrieved from /home/airflow/venv/lib/python3.8/site-packages/airflow/example_dags/example_latest_only.py
[2021-03-09 20:02:59,633] {logging_mixin.py:103} INFO - [2021-03-09 20:02:59,632] {dag.py:1813} INFO - Sync 1 DAGs
[2021-03-09 20:02:59,650] {logging_mixin.py:103} INFO - [2021-03-09 20:02:59,650] {dag.py:2266} INFO - Setting next_dagrun for latest_only to 2021-03-07 00:00:00+00:00
[2021-03-09 20:02:59,661] {scheduler_job.py:189} INFO - Processing /home/airflow/venv/lib/python3.8/site-packages/airflow/example_dags/example_latest_only.py took 0.055 seconds
[2021-03-09 20:03:25,106] {scheduler_job.py:181} INFO - Started process (PID=4783) to work on /home/airflow/venv/lib/python3.8/site-packages/airflow/example_dags/example_latest_only.py
[2021-03-09 20:03:25,107] {scheduler_job.py:629} INFO - Processing file /home/airflow/venv/lib/python3.8/site-packages/airflow/example_dags/example_latest_only.py for tasks to queue
[2021-03-09 20:03:25,108] {logging_mixin.py:103} INFO - [2021-03-09 20:03:25,108] {dagbag.py:440} INFO - Filling up the DagBag from /home/airflow/venv/lib/python3.8/site-packages/airflow/example_dags/example_latest_only.py
[2021-03-09 20:03:25,135] {scheduler_job.py:639} INFO - DAG(s) dict_keys(['latest_only']) retrieved from /home/airflow/venv/lib/python3.8/site-packages/airflow/example_dags/example_latest_only.py
[2021-03-09 20:03:25,136] {logging_mixin.py:103} INFO - [2021-03-09 20:03:25,136] {dag.py:1813} INFO - Sync 1 DAGs
[2021-03-09 20:03:25,164] {logging_mixin.py:103} INFO - [2021-03-09 20:03:25,164] {dag.py:2266} INFO - Setting next_dagrun for latest_only to 2021-03-07 00:00:00+00:00
[2021-03-09 20:03:25,184] {scheduler_job.py:189} INFO - Processing /home/airflow/venv/lib/python3.8/site-packages/airflow/example_dags/example_latest_only.py took 0.090 seconds
[2021-03-09 20:03:51,217] {scheduler_job.py:181} INFO - Started process (PID=4839) to work on /home/airflow/venv/lib/python3.8/site-packages/airflow/example_dags/example_latest_only.py
[2021-03-09 20:03:51,217] {scheduler_job.py:629} INFO - Processing file /home/airflow/venv/lib/python3.8/site-packages/airflow/example_dags/example_latest_only.py for tasks to queue
[2021-03-09 20:03:51,218] {logging_mixin.py:103} INFO - [2021-03-09 20:03:51,218] {dagbag.py:440} INFO - Filling up the DagBag from /home/airflow/venv/lib/python3.8/site-packages/airflow/example_dags/example_latest_only.py
[2021-03-09 20:03:51,225] {scheduler_job.py:639} INFO - DAG(s) dict_keys(['latest_only']) retrieved from /home/airflow/venv/lib/python3.8/site-packages/airflow/example_dags/example_latest_only.py
[2021-03-09 20:03:51,226] {logging_mixin.py:103} INFO - [2021-03-09 20:03:51,226] {dag.py:1813} INFO - Sync 1 DAGs
[2021-03-09 20:03:51,240] {logging_mixin.py:103} INFO - [2021-03-09 20:03:51,240] {dag.py:2266} INFO - Setting next_dagrun for latest_only to 2021-03-07 00:00:00+00:00
[2021-03-09 20:03:51,249] {scheduler_job.py:189} INFO - Processing /home/airflow/venv/lib/python3.8/site-packages/airflow/example_dags/example_latest_only.py took 0.038 seconds
[2021-03-09 20:04:17,524] {scheduler_job.py:181} INFO - Started process (PID=4895) to work on /home/airflow/venv/lib/python3.8/site-packages/airflow/example_dags/example_latest_only.py
[2021-03-09 20:04:17,527] {scheduler_job.py:629} INFO - Processing file /home/airflow/venv/lib/python3.8/site-packages/airflow/example_dags/example_latest_only.py for tasks to queue
[2021-03-09 20:04:17,527] {logging_mixin.py:103} INFO - [2021-03-09 20:04:17,527] {dagbag.py:440} INFO - Filling up the DagBag from /home/airflow/venv/lib/python3.8/site-packages/airflow/example_dags/example_latest_only.py
[2021-03-09 20:04:17,538] {scheduler_job.py:639} INFO - DAG(s) dict_keys(['latest_only']) retrieved from /home/airflow/venv/lib/python3.8/site-packages/airflow/example_dags/example_latest_only.py
[2021-03-09 20:04:17,538] {logging_mixin.py:103} INFO - [2021-03-09 20:04:17,538] {dag.py:1813} INFO - Sync 1 DAGs
[2021-03-09 20:04:17,556] {logging_mixin.py:103} INFO - [2021-03-09 20:04:17,556] {dag.py:2266} INFO - Setting next_dagrun for latest_only to 2021-03-07 00:00:00+00:00
[2021-03-09 20:04:17,568] {scheduler_job.py:189} INFO - Processing /home/airflow/venv/lib/python3.8/site-packages/airflow/example_dags/example_latest_only.py took 0.051 seconds
[2021-03-09 20:04:42,796] {scheduler_job.py:181} INFO - Started process (PID=4973) to work on /home/airflow/venv/lib/python3.8/site-packages/airflow/example_dags/example_latest_only.py
[2021-03-09 20:04:42,797] {scheduler_job.py:629} INFO - Processing file /home/airflow/venv/lib/python3.8/site-packages/airflow/example_dags/example_latest_only.py for tasks to queue
[2021-03-09 20:04:42,798] {logging_mixin.py:103} INFO - [2021-03-09 20:04:42,798] {dagbag.py:440} INFO - Filling up the DagBag from /home/airflow/venv/lib/python3.8/site-packages/airflow/example_dags/example_latest_only.py
[2021-03-09 20:04:42,807] {scheduler_job.py:639} INFO - DAG(s) dict_keys(['latest_only']) retrieved from /home/airflow/venv/lib/python3.8/site-packages/airflow/example_dags/example_latest_only.py
[2021-03-09 20:04:42,808] {logging_mixin.py:103} INFO - [2021-03-09 20:04:42,808] {dag.py:1813} INFO - Sync 1 DAGs
[2021-03-09 20:04:42,821] {logging_mixin.py:103} INFO - [2021-03-09 20:04:42,821] {dag.py:2266} INFO - Setting next_dagrun for latest_only to 2021-03-07 00:00:00+00:00
[2021-03-09 20:04:42,832] {scheduler_job.py:189} INFO - Processing /home/airflow/venv/lib/python3.8/site-packages/airflow/example_dags/example_latest_only.py took 0.044 seconds
[2021-03-09 20:05:09,130] {scheduler_job.py:181} INFO - Started process (PID=5040) to work on /home/airflow/venv/lib/python3.8/site-packages/airflow/example_dags/example_latest_only.py
[2021-03-09 20:05:09,131] {scheduler_job.py:629} INFO - Processing file /home/airflow/venv/lib/python3.8/site-packages/airflow/example_dags/example_latest_only.py for tasks to queue
[2021-03-09 20:05:09,132] {logging_mixin.py:103} INFO - [2021-03-09 20:05:09,132] {dagbag.py:440} INFO - Filling up the DagBag from /home/airflow/venv/lib/python3.8/site-packages/airflow/example_dags/example_latest_only.py
[2021-03-09 20:05:09,140] {scheduler_job.py:639} INFO - DAG(s) dict_keys(['latest_only']) retrieved from /home/airflow/venv/lib/python3.8/site-packages/airflow/example_dags/example_latest_only.py
[2021-03-09 20:05:09,141] {logging_mixin.py:103} INFO - [2021-03-09 20:05:09,141] {dag.py:1813} INFO - Sync 1 DAGs
[2021-03-09 20:05:09,153] {logging_mixin.py:103} INFO - [2021-03-09 20:05:09,153] {dag.py:2266} INFO - Setting next_dagrun for latest_only to 2021-03-07 00:00:00+00:00
[2021-03-09 20:05:09,163] {scheduler_job.py:189} INFO - Processing /home/airflow/venv/lib/python3.8/site-packages/airflow/example_dags/example_latest_only.py took 0.041 seconds
[2021-03-09 20:05:34,409] {scheduler_job.py:181} INFO - Started process (PID=5104) to work on /home/airflow/venv/lib/python3.8/site-packages/airflow/example_dags/example_latest_only.py
[2021-03-09 20:05:34,410] {scheduler_job.py:629} INFO - Processing file /home/airflow/venv/lib/python3.8/site-packages/airflow/example_dags/example_latest_only.py for tasks to queue
[2021-03-09 20:05:34,410] {logging_mixin.py:103} INFO - [2021-03-09 20:05:34,410] {dagbag.py:440} INFO - Filling up the DagBag from /home/airflow/venv/lib/python3.8/site-packages/airflow/example_dags/example_latest_only.py
[2021-03-09 20:05:34,417] {scheduler_job.py:639} INFO - DAG(s) dict_keys(['latest_only']) retrieved from /home/airflow/venv/lib/python3.8/site-packages/airflow/example_dags/example_latest_only.py
[2021-03-09 20:05:34,418] {logging_mixin.py:103} INFO - [2021-03-09 20:05:34,418] {dag.py:1813} INFO - Sync 1 DAGs
[2021-03-09 20:05:34,431] {logging_mixin.py:103} INFO - [2021-03-09 20:05:34,431] {dag.py:2266} INFO - Setting next_dagrun for latest_only to 2021-03-07 00:00:00+00:00
[2021-03-09 20:05:34,442] {scheduler_job.py:189} INFO - Processing /home/airflow/venv/lib/python3.8/site-packages/airflow/example_dags/example_latest_only.py took 0.036 seconds
[2021-03-09 20:06:00,753] {scheduler_job.py:181} INFO - Started process (PID=5173) to work on /home/airflow/venv/lib/python3.8/site-packages/airflow/example_dags/example_latest_only.py
[2021-03-09 20:06:00,754] {scheduler_job.py:629} INFO - Processing file /home/airflow/venv/lib/python3.8/site-packages/airflow/example_dags/example_latest_only.py for tasks to queue
[2021-03-09 20:06:00,754] {logging_mixin.py:103} INFO - [2021-03-09 20:06:00,754] {dagbag.py:440} INFO - Filling up the DagBag from /home/airflow/venv/lib/python3.8/site-packages/airflow/example_dags/example_latest_only.py
[2021-03-09 20:06:00,764] {scheduler_job.py:639} INFO - DAG(s) dict_keys(['latest_only']) retrieved from /home/airflow/venv/lib/python3.8/site-packages/airflow/example_dags/example_latest_only.py
[2021-03-09 20:06:00,765] {logging_mixin.py:103} INFO - [2021-03-09 20:06:00,765] {dag.py:1813} INFO - Sync 1 DAGs
[2021-03-09 20:06:00,778] {logging_mixin.py:103} INFO - [2021-03-09 20:06:00,777] {dag.py:2266} INFO - Setting next_dagrun for latest_only to 2021-03-07 00:00:00+00:00
[2021-03-09 20:06:00,788] {scheduler_job.py:189} INFO - Processing /home/airflow/venv/lib/python3.8/site-packages/airflow/example_dags/example_latest_only.py took 0.038 seconds
[2021-03-09 20:06:26,873] {scheduler_job.py:181} INFO - Started process (PID=5240) to work on /home/airflow/venv/lib/python3.8/site-packages/airflow/example_dags/example_latest_only.py
[2021-03-09 20:06:26,873] {scheduler_job.py:629} INFO - Processing file /home/airflow/venv/lib/python3.8/site-packages/airflow/example_dags/example_latest_only.py for tasks to queue
[2021-03-09 20:06:26,874] {logging_mixin.py:103} INFO - [2021-03-09 20:06:26,874] {dagbag.py:440} INFO - Filling up the DagBag from /home/airflow/venv/lib/python3.8/site-packages/airflow/example_dags/example_latest_only.py
[2021-03-09 20:06:26,899] {scheduler_job.py:639} INFO - DAG(s) dict_keys(['latest_only']) retrieved from /home/airflow/venv/lib/python3.8/site-packages/airflow/example_dags/example_latest_only.py
[2021-03-09 20:06:26,901] {logging_mixin.py:103} INFO - [2021-03-09 20:06:26,900] {dag.py:1813} INFO - Sync 1 DAGs
[2021-03-09 20:06:26,928] {logging_mixin.py:103} INFO - [2021-03-09 20:06:26,927] {dag.py:2266} INFO - Setting next_dagrun for latest_only to 2021-03-07 00:00:00+00:00
[2021-03-09 20:06:26,949] {scheduler_job.py:189} INFO - Processing /home/airflow/venv/lib/python3.8/site-packages/airflow/example_dags/example_latest_only.py took 0.083 seconds
[2021-03-09 20:06:52,267] {scheduler_job.py:181} INFO - Started process (PID=5303) to work on /home/airflow/venv/lib/python3.8/site-packages/airflow/example_dags/example_latest_only.py
[2021-03-09 20:06:52,269] {scheduler_job.py:629} INFO - Processing file /home/airflow/venv/lib/python3.8/site-packages/airflow/example_dags/example_latest_only.py for tasks to queue
[2021-03-09 20:06:52,270] {logging_mixin.py:103} INFO - [2021-03-09 20:06:52,269] {dagbag.py:440} INFO - Filling up the DagBag from /home/airflow/venv/lib/python3.8/site-packages/airflow/example_dags/example_latest_only.py
[2021-03-09 20:06:52,278] {scheduler_job.py:639} INFO - DAG(s) dict_keys(['latest_only']) retrieved from /home/airflow/venv/lib/python3.8/site-packages/airflow/example_dags/example_latest_only.py
[2021-03-09 20:06:52,279] {logging_mixin.py:103} INFO - [2021-03-09 20:06:52,279] {dag.py:1813} INFO - Sync 1 DAGs
[2021-03-09 20:06:52,302] {logging_mixin.py:103} INFO - [2021-03-09 20:06:52,302] {dag.py:2266} INFO - Setting next_dagrun for latest_only to 2021-03-07 00:00:00+00:00
[2021-03-09 20:06:52,314] {scheduler_job.py:189} INFO - Processing /home/airflow/venv/lib/python3.8/site-packages/airflow/example_dags/example_latest_only.py took 0.054 seconds
[2021-03-09 20:07:17,566] {scheduler_job.py:181} INFO - Started process (PID=5390) to work on /home/airflow/venv/lib/python3.8/site-packages/airflow/example_dags/example_latest_only.py
[2021-03-09 20:07:17,566] {scheduler_job.py:629} INFO - Processing file /home/airflow/venv/lib/python3.8/site-packages/airflow/example_dags/example_latest_only.py for tasks to queue
[2021-03-09 20:07:17,567] {logging_mixin.py:103} INFO - [2021-03-09 20:07:17,567] {dagbag.py:440} INFO - Filling up the DagBag from /home/airflow/venv/lib/python3.8/site-packages/airflow/example_dags/example_latest_only.py
[2021-03-09 20:07:17,574] {scheduler_job.py:639} INFO - DAG(s) dict_keys(['latest_only']) retrieved from /home/airflow/venv/lib/python3.8/site-packages/airflow/example_dags/example_latest_only.py
[2021-03-09 20:07:17,574] {logging_mixin.py:103} INFO - [2021-03-09 20:07:17,574] {dag.py:1813} INFO - Sync 1 DAGs
[2021-03-09 20:07:17,595] {logging_mixin.py:103} INFO - [2021-03-09 20:07:17,595] {dag.py:2266} INFO - Setting next_dagrun for latest_only to 2021-03-07 00:00:00+00:00
[2021-03-09 20:07:17,606] {scheduler_job.py:189} INFO - Processing /home/airflow/venv/lib/python3.8/site-packages/airflow/example_dags/example_latest_only.py took 0.043 seconds
[2021-03-09 20:07:42,870] {scheduler_job.py:181} INFO - Started process (PID=5454) to work on /home/airflow/venv/lib/python3.8/site-packages/airflow/example_dags/example_latest_only.py
[2021-03-09 20:07:42,871] {scheduler_job.py:629} INFO - Processing file /home/airflow/venv/lib/python3.8/site-packages/airflow/example_dags/example_latest_only.py for tasks to queue
[2021-03-09 20:07:42,871] {logging_mixin.py:103} INFO - [2021-03-09 20:07:42,871] {dagbag.py:440} INFO - Filling up the DagBag from /home/airflow/venv/lib/python3.8/site-packages/airflow/example_dags/example_latest_only.py
[2021-03-09 20:07:42,881] {scheduler_job.py:639} INFO - DAG(s) dict_keys(['latest_only']) retrieved from /home/airflow/venv/lib/python3.8/site-packages/airflow/example_dags/example_latest_only.py
[2021-03-09 20:07:42,882] {logging_mixin.py:103} INFO - [2021-03-09 20:07:42,882] {dag.py:1813} INFO - Sync 1 DAGs
[2021-03-09 20:07:42,907] {logging_mixin.py:103} INFO - [2021-03-09 20:07:42,907] {dag.py:2266} INFO - Setting next_dagrun for latest_only to 2021-03-07 00:00:00+00:00
[2021-03-09 20:07:42,920] {scheduler_job.py:189} INFO - Processing /home/airflow/venv/lib/python3.8/site-packages/airflow/example_dags/example_latest_only.py took 0.061 seconds
[2021-03-09 20:08:10,244] {scheduler_job.py:181} INFO - Started process (PID=5521) to work on /home/airflow/venv/lib/python3.8/site-packages/airflow/example_dags/example_latest_only.py
[2021-03-09 20:08:10,245] {scheduler_job.py:629} INFO - Processing file /home/airflow/venv/lib/python3.8/site-packages/airflow/example_dags/example_latest_only.py for tasks to queue
[2021-03-09 20:08:10,245] {logging_mixin.py:103} INFO - [2021-03-09 20:08:10,245] {dagbag.py:440} INFO - Filling up the DagBag from /home/airflow/venv/lib/python3.8/site-packages/airflow/example_dags/example_latest_only.py
[2021-03-09 20:08:10,255] {scheduler_job.py:639} INFO - DAG(s) dict_keys(['latest_only']) retrieved from /home/airflow/venv/lib/python3.8/site-packages/airflow/example_dags/example_latest_only.py
[2021-03-09 20:08:10,256] {logging_mixin.py:103} INFO - [2021-03-09 20:08:10,256] {dag.py:1813} INFO - Sync 1 DAGs
[2021-03-09 20:08:10,269] {logging_mixin.py:103} INFO - [2021-03-09 20:08:10,269] {dag.py:2266} INFO - Setting next_dagrun for latest_only to 2021-03-07 00:00:00+00:00
[2021-03-09 20:08:10,280] {scheduler_job.py:189} INFO - Processing /home/airflow/venv/lib/python3.8/site-packages/airflow/example_dags/example_latest_only.py took 0.045 seconds
[2021-03-09 20:08:36,627] {scheduler_job.py:181} INFO - Started process (PID=5597) to work on /home/airflow/venv/lib/python3.8/site-packages/airflow/example_dags/example_latest_only.py
[2021-03-09 20:08:36,628] {scheduler_job.py:629} INFO - Processing file /home/airflow/venv/lib/python3.8/site-packages/airflow/example_dags/example_latest_only.py for tasks to queue
[2021-03-09 20:08:36,628] {logging_mixin.py:103} INFO - [2021-03-09 20:08:36,628] {dagbag.py:440} INFO - Filling up the DagBag from /home/airflow/venv/lib/python3.8/site-packages/airflow/example_dags/example_latest_only.py
[2021-03-09 20:08:36,638] {scheduler_job.py:639} INFO - DAG(s) dict_keys(['latest_only']) retrieved from /home/airflow/venv/lib/python3.8/site-packages/airflow/example_dags/example_latest_only.py
[2021-03-09 20:08:36,639] {logging_mixin.py:103} INFO - [2021-03-09 20:08:36,639] {dag.py:1813} INFO - Sync 1 DAGs
[2021-03-09 20:08:36,651] {logging_mixin.py:103} INFO - [2021-03-09 20:08:36,650] {dag.py:2266} INFO - Setting next_dagrun for latest_only to 2021-03-07 00:00:00+00:00
[2021-03-09 20:08:36,661] {scheduler_job.py:189} INFO - Processing /home/airflow/venv/lib/python3.8/site-packages/airflow/example_dags/example_latest_only.py took 0.036 seconds
[2021-03-09 20:09:01,877] {scheduler_job.py:181} INFO - Started process (PID=5665) to work on /home/airflow/venv/lib/python3.8/site-packages/airflow/example_dags/example_latest_only.py
[2021-03-09 20:09:01,878] {scheduler_job.py:629} INFO - Processing file /home/airflow/venv/lib/python3.8/site-packages/airflow/example_dags/example_latest_only.py for tasks to queue
[2021-03-09 20:09:01,878] {logging_mixin.py:103} INFO - [2021-03-09 20:09:01,878] {dagbag.py:440} INFO - Filling up the DagBag from /home/airflow/venv/lib/python3.8/site-packages/airflow/example_dags/example_latest_only.py
[2021-03-09 20:09:01,889] {scheduler_job.py:639} INFO - DAG(s) dict_keys(['latest_only']) retrieved from /home/airflow/venv/lib/python3.8/site-packages/airflow/example_dags/example_latest_only.py
[2021-03-09 20:09:01,890] {logging_mixin.py:103} INFO - [2021-03-09 20:09:01,890] {dag.py:1813} INFO - Sync 1 DAGs
[2021-03-09 20:09:01,903] {logging_mixin.py:103} INFO - [2021-03-09 20:09:01,903] {dag.py:2266} INFO - Setting next_dagrun for latest_only to 2021-03-07 00:00:00+00:00
[2021-03-09 20:09:01,912] {scheduler_job.py:189} INFO - Processing /home/airflow/venv/lib/python3.8/site-packages/airflow/example_dags/example_latest_only.py took 0.037 seconds
[2021-03-09 20:09:27,408] {scheduler_job.py:181} INFO - Started process (PID=5728) to work on /home/airflow/venv/lib/python3.8/site-packages/airflow/example_dags/example_latest_only.py
[2021-03-09 20:09:27,409] {scheduler_job.py:629} INFO - Processing file /home/airflow/venv/lib/python3.8/site-packages/airflow/example_dags/example_latest_only.py for tasks to queue
[2021-03-09 20:09:27,410] {logging_mixin.py:103} INFO - [2021-03-09 20:09:27,410] {dagbag.py:440} INFO - Filling up the DagBag from /home/airflow/venv/lib/python3.8/site-packages/airflow/example_dags/example_latest_only.py
[2021-03-09 20:09:27,416] {scheduler_job.py:639} INFO - DAG(s) dict_keys(['latest_only']) retrieved from /home/airflow/venv/lib/python3.8/site-packages/airflow/example_dags/example_latest_only.py
[2021-03-09 20:09:27,417] {logging_mixin.py:103} INFO - [2021-03-09 20:09:27,417] {dag.py:1813} INFO - Sync 1 DAGs
[2021-03-09 20:09:27,429] {logging_mixin.py:103} INFO - [2021-03-09 20:09:27,429] {dag.py:2266} INFO - Setting next_dagrun for latest_only to 2021-03-07 00:00:00+00:00
[2021-03-09 20:09:27,439] {scheduler_job.py:189} INFO - Processing /home/airflow/venv/lib/python3.8/site-packages/airflow/example_dags/example_latest_only.py took 0.039 seconds
[2021-03-09 20:09:53,482] {scheduler_job.py:181} INFO - Started process (PID=5795) to work on /home/airflow/venv/lib/python3.8/site-packages/airflow/example_dags/example_latest_only.py
[2021-03-09 20:09:53,483] {scheduler_job.py:629} INFO - Processing file /home/airflow/venv/lib/python3.8/site-packages/airflow/example_dags/example_latest_only.py for tasks to queue
[2021-03-09 20:09:53,483] {logging_mixin.py:103} INFO - [2021-03-09 20:09:53,483] {dagbag.py:440} INFO - Filling up the DagBag from /home/airflow/venv/lib/python3.8/site-packages/airflow/example_dags/example_latest_only.py
[2021-03-09 20:09:53,492] {scheduler_job.py:639} INFO - DAG(s) dict_keys(['latest_only']) retrieved from /home/airflow/venv/lib/python3.8/site-packages/airflow/example_dags/example_latest_only.py
[2021-03-09 20:09:53,493] {logging_mixin.py:103} INFO - [2021-03-09 20:09:53,493] {dag.py:1813} INFO - Sync 1 DAGs
[2021-03-09 20:09:53,506] {logging_mixin.py:103} INFO - [2021-03-09 20:09:53,506] {dag.py:2266} INFO - Setting next_dagrun for latest_only to 2021-03-07 00:00:00+00:00
[2021-03-09 20:09:53,515] {scheduler_job.py:189} INFO - Processing /home/airflow/venv/lib/python3.8/site-packages/airflow/example_dags/example_latest_only.py took 0.040 seconds
[2021-03-09 20:10:20,737] {scheduler_job.py:181} INFO - Started process (PID=5863) to work on /home/airflow/venv/lib/python3.8/site-packages/airflow/example_dags/example_latest_only.py
[2021-03-09 20:10:20,738] {scheduler_job.py:629} INFO - Processing file /home/airflow/venv/lib/python3.8/site-packages/airflow/example_dags/example_latest_only.py for tasks to queue
[2021-03-09 20:10:20,739] {logging_mixin.py:103} INFO - [2021-03-09 20:10:20,739] {dagbag.py:440} INFO - Filling up the DagBag from /home/airflow/venv/lib/python3.8/site-packages/airflow/example_dags/example_latest_only.py
[2021-03-09 20:10:20,749] {scheduler_job.py:639} INFO - DAG(s) dict_keys(['latest_only']) retrieved from /home/airflow/venv/lib/python3.8/site-packages/airflow/example_dags/example_latest_only.py
[2021-03-09 20:10:20,750] {logging_mixin.py:103} INFO - [2021-03-09 20:10:20,750] {dag.py:1813} INFO - Sync 1 DAGs
[2021-03-09 20:10:20,764] {logging_mixin.py:103} INFO - [2021-03-09 20:10:20,764] {dag.py:2266} INFO - Setting next_dagrun for latest_only to 2021-03-07 00:00:00+00:00
[2021-03-09 20:10:20,775] {scheduler_job.py:189} INFO - Processing /home/airflow/venv/lib/python3.8/site-packages/airflow/example_dags/example_latest_only.py took 0.044 seconds
[2021-03-09 20:10:46,074] {scheduler_job.py:181} INFO - Started process (PID=5930) to work on /home/airflow/venv/lib/python3.8/site-packages/airflow/example_dags/example_latest_only.py
[2021-03-09 20:10:46,079] {scheduler_job.py:629} INFO - Processing file /home/airflow/venv/lib/python3.8/site-packages/airflow/example_dags/example_latest_only.py for tasks to queue
[2021-03-09 20:10:46,080] {logging_mixin.py:103} INFO - [2021-03-09 20:10:46,080] {dagbag.py:440} INFO - Filling up the DagBag from /home/airflow/venv/lib/python3.8/site-packages/airflow/example_dags/example_latest_only.py
[2021-03-09 20:10:46,088] {scheduler_job.py:639} INFO - DAG(s) dict_keys(['latest_only']) retrieved from /home/airflow/venv/lib/python3.8/site-packages/airflow/example_dags/example_latest_only.py
[2021-03-09 20:10:46,089] {logging_mixin.py:103} INFO - [2021-03-09 20:10:46,089] {dag.py:1813} INFO - Sync 1 DAGs
[2021-03-09 20:10:46,102] {logging_mixin.py:103} INFO - [2021-03-09 20:10:46,102] {dag.py:2266} INFO - Setting next_dagrun for latest_only to 2021-03-07 00:00:00+00:00
[2021-03-09 20:10:46,112] {scheduler_job.py:189} INFO - Processing /home/airflow/venv/lib/python3.8/site-packages/airflow/example_dags/example_latest_only.py took 0.041 seconds
