[2021-03-09 18:54:38,938] {scheduler_job.py:181} INFO - Started process (PID=9385) to work on /home/airflow/venv/lib/python3.8/site-packages/airflow/example_dags/tutorial.py
[2021-03-09 18:54:38,960] {scheduler_job.py:629} INFO - Processing file /home/airflow/venv/lib/python3.8/site-packages/airflow/example_dags/tutorial.py for tasks to queue
[2021-03-09 18:54:38,961] {logging_mixin.py:103} INFO - [2021-03-09 18:54:38,961] {dagbag.py:440} INFO - Filling up the DagBag from /home/airflow/venv/lib/python3.8/site-packages/airflow/example_dags/tutorial.py
[2021-03-09 18:54:38,976] {scheduler_job.py:639} INFO - DAG(s) dict_keys(['tutorial']) retrieved from /home/airflow/venv/lib/python3.8/site-packages/airflow/example_dags/tutorial.py
[2021-03-09 18:54:38,977] {logging_mixin.py:103} INFO - [2021-03-09 18:54:38,977] {dag.py:1813} INFO - Sync 1 DAGs
[2021-03-09 18:54:39,028] {logging_mixin.py:103} INFO - [2021-03-09 18:54:39,028] {dag.py:2266} INFO - Setting next_dagrun for tutorial to 2021-03-07 00:00:00+00:00
[2021-03-09 18:54:39,216] {scheduler_job.py:189} INFO - Processing /home/airflow/venv/lib/python3.8/site-packages/airflow/example_dags/tutorial.py took 0.283 seconds
[2021-03-09 18:55:12,387] {scheduler_job.py:181} INFO - Started process (PID=9455) to work on /home/airflow/venv/lib/python3.8/site-packages/airflow/example_dags/tutorial.py
[2021-03-09 18:55:12,513] {scheduler_job.py:629} INFO - Processing file /home/airflow/venv/lib/python3.8/site-packages/airflow/example_dags/tutorial.py for tasks to queue
[2021-03-09 18:55:12,514] {logging_mixin.py:103} INFO - [2021-03-09 18:55:12,514] {dagbag.py:440} INFO - Filling up the DagBag from /home/airflow/venv/lib/python3.8/site-packages/airflow/example_dags/tutorial.py
[2021-03-09 18:55:12,529] {scheduler_job.py:639} INFO - DAG(s) dict_keys(['tutorial']) retrieved from /home/airflow/venv/lib/python3.8/site-packages/airflow/example_dags/tutorial.py
[2021-03-09 18:55:12,531] {logging_mixin.py:103} INFO - [2021-03-09 18:55:12,530] {dag.py:1813} INFO - Sync 1 DAGs
[2021-03-09 18:55:12,630] {logging_mixin.py:103} INFO - [2021-03-09 18:55:12,630] {dag.py:2266} INFO - Setting next_dagrun for tutorial to 2021-03-07 00:00:00+00:00
[2021-03-09 18:55:12,677] {scheduler_job.py:189} INFO - Processing /home/airflow/venv/lib/python3.8/site-packages/airflow/example_dags/tutorial.py took 0.303 seconds
[2021-03-09 18:55:49,427] {scheduler_job.py:181} INFO - Started process (PID=9527) to work on /home/airflow/venv/lib/python3.8/site-packages/airflow/example_dags/tutorial.py
[2021-03-09 18:55:49,428] {scheduler_job.py:629} INFO - Processing file /home/airflow/venv/lib/python3.8/site-packages/airflow/example_dags/tutorial.py for tasks to queue
[2021-03-09 18:55:49,428] {logging_mixin.py:103} INFO - [2021-03-09 18:55:49,428] {dagbag.py:440} INFO - Filling up the DagBag from /home/airflow/venv/lib/python3.8/site-packages/airflow/example_dags/tutorial.py
[2021-03-09 18:55:49,472] {scheduler_job.py:639} INFO - DAG(s) dict_keys(['tutorial']) retrieved from /home/airflow/venv/lib/python3.8/site-packages/airflow/example_dags/tutorial.py
[2021-03-09 18:55:49,473] {logging_mixin.py:103} INFO - [2021-03-09 18:55:49,473] {dag.py:1813} INFO - Sync 1 DAGs
[2021-03-09 18:55:49,521] {logging_mixin.py:103} INFO - [2021-03-09 18:55:49,521] {dag.py:2266} INFO - Setting next_dagrun for tutorial to 2021-03-07 00:00:00+00:00
[2021-03-09 18:55:49,574] {scheduler_job.py:189} INFO - Processing /home/airflow/venv/lib/python3.8/site-packages/airflow/example_dags/tutorial.py took 0.152 seconds
[2021-03-09 18:56:31,432] {scheduler_job.py:181} INFO - Started process (PID=9603) to work on /home/airflow/venv/lib/python3.8/site-packages/airflow/example_dags/tutorial.py
[2021-03-09 18:56:31,433] {scheduler_job.py:629} INFO - Processing file /home/airflow/venv/lib/python3.8/site-packages/airflow/example_dags/tutorial.py for tasks to queue
[2021-03-09 18:56:31,434] {logging_mixin.py:103} INFO - [2021-03-09 18:56:31,434] {dagbag.py:440} INFO - Filling up the DagBag from /home/airflow/venv/lib/python3.8/site-packages/airflow/example_dags/tutorial.py
[2021-03-09 18:56:31,485] {scheduler_job.py:639} INFO - DAG(s) dict_keys(['tutorial']) retrieved from /home/airflow/venv/lib/python3.8/site-packages/airflow/example_dags/tutorial.py
[2021-03-09 18:56:31,570] {logging_mixin.py:103} INFO - [2021-03-09 18:56:31,570] {dag.py:1813} INFO - Sync 1 DAGs
[2021-03-09 18:56:31,681] {logging_mixin.py:103} INFO - [2021-03-09 18:56:31,681] {dag.py:2266} INFO - Setting next_dagrun for tutorial to 2021-03-07 00:00:00+00:00
[2021-03-09 18:56:31,872] {scheduler_job.py:189} INFO - Processing /home/airflow/venv/lib/python3.8/site-packages/airflow/example_dags/tutorial.py took 0.448 seconds
[2021-03-09 18:57:17,375] {scheduler_job.py:181} INFO - Started process (PID=9678) to work on /home/airflow/venv/lib/python3.8/site-packages/airflow/example_dags/tutorial.py
[2021-03-09 18:57:17,376] {scheduler_job.py:629} INFO - Processing file /home/airflow/venv/lib/python3.8/site-packages/airflow/example_dags/tutorial.py for tasks to queue
[2021-03-09 18:57:17,377] {logging_mixin.py:103} INFO - [2021-03-09 18:57:17,377] {dagbag.py:440} INFO - Filling up the DagBag from /home/airflow/venv/lib/python3.8/site-packages/airflow/example_dags/tutorial.py
[2021-03-09 18:57:17,474] {scheduler_job.py:639} INFO - DAG(s) dict_keys(['tutorial']) retrieved from /home/airflow/venv/lib/python3.8/site-packages/airflow/example_dags/tutorial.py
[2021-03-09 18:57:17,476] {logging_mixin.py:103} INFO - [2021-03-09 18:57:17,476] {dag.py:1813} INFO - Sync 1 DAGs
[2021-03-09 18:57:17,668] {logging_mixin.py:103} INFO - [2021-03-09 18:57:17,668] {dag.py:2266} INFO - Setting next_dagrun for tutorial to 2021-03-07 00:00:00+00:00
[2021-03-09 18:57:17,768] {scheduler_job.py:189} INFO - Processing /home/airflow/venv/lib/python3.8/site-packages/airflow/example_dags/tutorial.py took 0.396 seconds
[2021-03-09 19:11:04,350] {scheduler_job.py:181} INFO - Started process (PID=10313) to work on /home/airflow/venv/lib/python3.8/site-packages/airflow/example_dags/tutorial.py
[2021-03-09 19:11:04,351] {scheduler_job.py:629} INFO - Processing file /home/airflow/venv/lib/python3.8/site-packages/airflow/example_dags/tutorial.py for tasks to queue
[2021-03-09 19:11:04,352] {logging_mixin.py:103} INFO - [2021-03-09 19:11:04,352] {dagbag.py:440} INFO - Filling up the DagBag from /home/airflow/venv/lib/python3.8/site-packages/airflow/example_dags/tutorial.py
[2021-03-09 19:11:04,366] {scheduler_job.py:639} INFO - DAG(s) dict_keys(['tutorial']) retrieved from /home/airflow/venv/lib/python3.8/site-packages/airflow/example_dags/tutorial.py
[2021-03-09 19:11:04,367] {logging_mixin.py:103} INFO - [2021-03-09 19:11:04,367] {dag.py:1813} INFO - Sync 1 DAGs
[2021-03-09 19:11:04,391] {logging_mixin.py:103} INFO - [2021-03-09 19:11:04,390] {dag.py:2266} INFO - Setting next_dagrun for tutorial to 2021-03-07 00:00:00+00:00
[2021-03-09 19:11:04,410] {scheduler_job.py:189} INFO - Processing /home/airflow/venv/lib/python3.8/site-packages/airflow/example_dags/tutorial.py took 0.065 seconds
[2021-03-09 19:11:39,270] {scheduler_job.py:181} INFO - Started process (PID=10352) to work on /home/airflow/venv/lib/python3.8/site-packages/airflow/example_dags/tutorial.py
[2021-03-09 19:11:39,292] {scheduler_job.py:629} INFO - Processing file /home/airflow/venv/lib/python3.8/site-packages/airflow/example_dags/tutorial.py for tasks to queue
[2021-03-09 19:11:39,293] {logging_mixin.py:103} INFO - [2021-03-09 19:11:39,293] {dagbag.py:440} INFO - Filling up the DagBag from /home/airflow/venv/lib/python3.8/site-packages/airflow/example_dags/tutorial.py
[2021-03-09 19:11:39,383] {scheduler_job.py:639} INFO - DAG(s) dict_keys(['tutorial']) retrieved from /home/airflow/venv/lib/python3.8/site-packages/airflow/example_dags/tutorial.py
[2021-03-09 19:11:39,384] {logging_mixin.py:103} INFO - [2021-03-09 19:11:39,384] {dag.py:1813} INFO - Sync 1 DAGs
[2021-03-09 19:11:39,547] {logging_mixin.py:103} INFO - [2021-03-09 19:11:39,547] {dag.py:2266} INFO - Setting next_dagrun for tutorial to 2021-03-07 00:00:00+00:00
[2021-03-09 19:11:39,652] {scheduler_job.py:189} INFO - Processing /home/airflow/venv/lib/python3.8/site-packages/airflow/example_dags/tutorial.py took 0.402 seconds
[2021-03-09 19:12:08,936] {scheduler_job.py:181} INFO - Started process (PID=10381) to work on /home/airflow/venv/lib/python3.8/site-packages/airflow/example_dags/tutorial.py
[2021-03-09 19:12:08,938] {scheduler_job.py:629} INFO - Processing file /home/airflow/venv/lib/python3.8/site-packages/airflow/example_dags/tutorial.py for tasks to queue
[2021-03-09 19:12:08,939] {logging_mixin.py:103} INFO - [2021-03-09 19:12:08,939] {dagbag.py:440} INFO - Filling up the DagBag from /home/airflow/venv/lib/python3.8/site-packages/airflow/example_dags/tutorial.py
[2021-03-09 19:12:08,959] {scheduler_job.py:639} INFO - DAG(s) dict_keys(['tutorial']) retrieved from /home/airflow/venv/lib/python3.8/site-packages/airflow/example_dags/tutorial.py
[2021-03-09 19:12:08,960] {logging_mixin.py:103} INFO - [2021-03-09 19:12:08,960] {dag.py:1813} INFO - Sync 1 DAGs
[2021-03-09 19:12:08,986] {logging_mixin.py:103} INFO - [2021-03-09 19:12:08,985] {dag.py:2266} INFO - Setting next_dagrun for tutorial to 2021-03-07 00:00:00+00:00
[2021-03-09 19:12:09,013] {scheduler_job.py:189} INFO - Processing /home/airflow/venv/lib/python3.8/site-packages/airflow/example_dags/tutorial.py took 0.082 seconds
[2021-03-09 19:16:38,159] {scheduler_job.py:181} INFO - Started process (PID=1490) to work on /home/airflow/venv/lib/python3.8/site-packages/airflow/example_dags/tutorial.py
[2021-03-09 19:16:38,161] {scheduler_job.py:629} INFO - Processing file /home/airflow/venv/lib/python3.8/site-packages/airflow/example_dags/tutorial.py for tasks to queue
[2021-03-09 19:16:38,161] {logging_mixin.py:103} INFO - [2021-03-09 19:16:38,161] {dagbag.py:440} INFO - Filling up the DagBag from /home/airflow/venv/lib/python3.8/site-packages/airflow/example_dags/tutorial.py
[2021-03-09 19:16:38,167] {scheduler_job.py:639} INFO - DAG(s) dict_keys(['tutorial']) retrieved from /home/airflow/venv/lib/python3.8/site-packages/airflow/example_dags/tutorial.py
[2021-03-09 19:16:38,168] {logging_mixin.py:103} INFO - [2021-03-09 19:16:38,168] {dag.py:1813} INFO - Sync 1 DAGs
[2021-03-09 19:16:38,178] {logging_mixin.py:103} INFO - [2021-03-09 19:16:38,178] {dag.py:2266} INFO - Setting next_dagrun for tutorial to 2021-03-07 00:00:00+00:00
[2021-03-09 19:16:38,188] {scheduler_job.py:189} INFO - Processing /home/airflow/venv/lib/python3.8/site-packages/airflow/example_dags/tutorial.py took 0.031 seconds
[2021-03-09 19:17:05,280] {scheduler_job.py:181} INFO - Started process (PID=1553) to work on /home/airflow/venv/lib/python3.8/site-packages/airflow/example_dags/tutorial.py
[2021-03-09 19:17:05,281] {scheduler_job.py:629} INFO - Processing file /home/airflow/venv/lib/python3.8/site-packages/airflow/example_dags/tutorial.py for tasks to queue
[2021-03-09 19:17:05,282] {logging_mixin.py:103} INFO - [2021-03-09 19:17:05,282] {dagbag.py:440} INFO - Filling up the DagBag from /home/airflow/venv/lib/python3.8/site-packages/airflow/example_dags/tutorial.py
[2021-03-09 19:17:05,294] {scheduler_job.py:639} INFO - DAG(s) dict_keys(['tutorial']) retrieved from /home/airflow/venv/lib/python3.8/site-packages/airflow/example_dags/tutorial.py
[2021-03-09 19:17:05,294] {logging_mixin.py:103} INFO - [2021-03-09 19:17:05,294] {dag.py:1813} INFO - Sync 1 DAGs
[2021-03-09 19:17:05,306] {logging_mixin.py:103} INFO - [2021-03-09 19:17:05,306] {dag.py:2266} INFO - Setting next_dagrun for tutorial to 2021-03-07 00:00:00+00:00
[2021-03-09 19:17:05,315] {scheduler_job.py:189} INFO - Processing /home/airflow/venv/lib/python3.8/site-packages/airflow/example_dags/tutorial.py took 0.037 seconds
[2021-03-09 19:17:32,958] {scheduler_job.py:181} INFO - Started process (PID=1614) to work on /home/airflow/venv/lib/python3.8/site-packages/airflow/example_dags/tutorial.py
[2021-03-09 19:17:32,959] {scheduler_job.py:629} INFO - Processing file /home/airflow/venv/lib/python3.8/site-packages/airflow/example_dags/tutorial.py for tasks to queue
[2021-03-09 19:17:32,959] {logging_mixin.py:103} INFO - [2021-03-09 19:17:32,959] {dagbag.py:440} INFO - Filling up the DagBag from /home/airflow/venv/lib/python3.8/site-packages/airflow/example_dags/tutorial.py
[2021-03-09 19:17:32,965] {scheduler_job.py:639} INFO - DAG(s) dict_keys(['tutorial']) retrieved from /home/airflow/venv/lib/python3.8/site-packages/airflow/example_dags/tutorial.py
[2021-03-09 19:17:32,966] {logging_mixin.py:103} INFO - [2021-03-09 19:17:32,966] {dag.py:1813} INFO - Sync 1 DAGs
[2021-03-09 19:17:32,975] {logging_mixin.py:103} INFO - [2021-03-09 19:17:32,975] {dag.py:2266} INFO - Setting next_dagrun for tutorial to 2021-03-07 00:00:00+00:00
[2021-03-09 19:17:32,985] {scheduler_job.py:189} INFO - Processing /home/airflow/venv/lib/python3.8/site-packages/airflow/example_dags/tutorial.py took 0.028 seconds
[2021-03-09 19:18:00,647] {scheduler_job.py:181} INFO - Started process (PID=1684) to work on /home/airflow/venv/lib/python3.8/site-packages/airflow/example_dags/tutorial.py
[2021-03-09 19:18:00,648] {scheduler_job.py:629} INFO - Processing file /home/airflow/venv/lib/python3.8/site-packages/airflow/example_dags/tutorial.py for tasks to queue
[2021-03-09 19:18:00,648] {logging_mixin.py:103} INFO - [2021-03-09 19:18:00,648] {dagbag.py:440} INFO - Filling up the DagBag from /home/airflow/venv/lib/python3.8/site-packages/airflow/example_dags/tutorial.py
[2021-03-09 19:18:00,655] {scheduler_job.py:639} INFO - DAG(s) dict_keys(['tutorial']) retrieved from /home/airflow/venv/lib/python3.8/site-packages/airflow/example_dags/tutorial.py
[2021-03-09 19:18:00,656] {logging_mixin.py:103} INFO - [2021-03-09 19:18:00,656] {dag.py:1813} INFO - Sync 1 DAGs
[2021-03-09 19:18:00,668] {logging_mixin.py:103} INFO - [2021-03-09 19:18:00,668] {dag.py:2266} INFO - Setting next_dagrun for tutorial to 2021-03-07 00:00:00+00:00
[2021-03-09 19:18:00,680] {scheduler_job.py:189} INFO - Processing /home/airflow/venv/lib/python3.8/site-packages/airflow/example_dags/tutorial.py took 0.035 seconds
[2021-03-09 19:18:29,658] {scheduler_job.py:181} INFO - Started process (PID=1789) to work on /home/airflow/venv/lib/python3.8/site-packages/airflow/example_dags/tutorial.py
[2021-03-09 19:18:29,659] {scheduler_job.py:629} INFO - Processing file /home/airflow/venv/lib/python3.8/site-packages/airflow/example_dags/tutorial.py for tasks to queue
[2021-03-09 19:18:29,659] {logging_mixin.py:103} INFO - [2021-03-09 19:18:29,659] {dagbag.py:440} INFO - Filling up the DagBag from /home/airflow/venv/lib/python3.8/site-packages/airflow/example_dags/tutorial.py
[2021-03-09 19:18:29,666] {scheduler_job.py:639} INFO - DAG(s) dict_keys(['tutorial']) retrieved from /home/airflow/venv/lib/python3.8/site-packages/airflow/example_dags/tutorial.py
[2021-03-09 19:18:29,667] {logging_mixin.py:103} INFO - [2021-03-09 19:18:29,667] {dag.py:1813} INFO - Sync 1 DAGs
[2021-03-09 19:18:29,683] {logging_mixin.py:103} INFO - [2021-03-09 19:18:29,683] {dag.py:2266} INFO - Setting next_dagrun for tutorial to 2021-03-07 00:00:00+00:00
[2021-03-09 19:18:29,696] {scheduler_job.py:189} INFO - Processing /home/airflow/venv/lib/python3.8/site-packages/airflow/example_dags/tutorial.py took 0.040 seconds
[2021-03-09 19:18:58,540] {scheduler_job.py:181} INFO - Started process (PID=1866) to work on /home/airflow/venv/lib/python3.8/site-packages/airflow/example_dags/tutorial.py
[2021-03-09 19:18:58,541] {scheduler_job.py:629} INFO - Processing file /home/airflow/venv/lib/python3.8/site-packages/airflow/example_dags/tutorial.py for tasks to queue
[2021-03-09 19:18:58,542] {logging_mixin.py:103} INFO - [2021-03-09 19:18:58,542] {dagbag.py:440} INFO - Filling up the DagBag from /home/airflow/venv/lib/python3.8/site-packages/airflow/example_dags/tutorial.py
[2021-03-09 19:18:58,548] {scheduler_job.py:639} INFO - DAG(s) dict_keys(['tutorial']) retrieved from /home/airflow/venv/lib/python3.8/site-packages/airflow/example_dags/tutorial.py
[2021-03-09 19:18:58,549] {logging_mixin.py:103} INFO - [2021-03-09 19:18:58,549] {dag.py:1813} INFO - Sync 1 DAGs
[2021-03-09 19:18:58,564] {logging_mixin.py:103} INFO - [2021-03-09 19:18:58,564] {dag.py:2266} INFO - Setting next_dagrun for tutorial to 2021-03-07 00:00:00+00:00
[2021-03-09 19:18:58,577] {scheduler_job.py:189} INFO - Processing /home/airflow/venv/lib/python3.8/site-packages/airflow/example_dags/tutorial.py took 0.041 seconds
[2021-03-09 19:19:25,386] {scheduler_job.py:181} INFO - Started process (PID=1933) to work on /home/airflow/venv/lib/python3.8/site-packages/airflow/example_dags/tutorial.py
[2021-03-09 19:19:25,386] {scheduler_job.py:629} INFO - Processing file /home/airflow/venv/lib/python3.8/site-packages/airflow/example_dags/tutorial.py for tasks to queue
[2021-03-09 19:19:25,386] {logging_mixin.py:103} INFO - [2021-03-09 19:19:25,386] {dagbag.py:440} INFO - Filling up the DagBag from /home/airflow/venv/lib/python3.8/site-packages/airflow/example_dags/tutorial.py
[2021-03-09 19:19:25,392] {scheduler_job.py:639} INFO - DAG(s) dict_keys(['tutorial']) retrieved from /home/airflow/venv/lib/python3.8/site-packages/airflow/example_dags/tutorial.py
[2021-03-09 19:19:25,393] {logging_mixin.py:103} INFO - [2021-03-09 19:19:25,392] {dag.py:1813} INFO - Sync 1 DAGs
[2021-03-09 19:19:25,403] {logging_mixin.py:103} INFO - [2021-03-09 19:19:25,403] {dag.py:2266} INFO - Setting next_dagrun for tutorial to 2021-03-07 00:00:00+00:00
[2021-03-09 19:19:25,412] {scheduler_job.py:189} INFO - Processing /home/airflow/venv/lib/python3.8/site-packages/airflow/example_dags/tutorial.py took 0.028 seconds
[2021-03-09 19:19:52,789] {scheduler_job.py:181} INFO - Started process (PID=2005) to work on /home/airflow/venv/lib/python3.8/site-packages/airflow/example_dags/tutorial.py
[2021-03-09 19:19:52,790] {scheduler_job.py:629} INFO - Processing file /home/airflow/venv/lib/python3.8/site-packages/airflow/example_dags/tutorial.py for tasks to queue
[2021-03-09 19:19:52,790] {logging_mixin.py:103} INFO - [2021-03-09 19:19:52,790] {dagbag.py:440} INFO - Filling up the DagBag from /home/airflow/venv/lib/python3.8/site-packages/airflow/example_dags/tutorial.py
[2021-03-09 19:19:52,804] {scheduler_job.py:639} INFO - DAG(s) dict_keys(['tutorial']) retrieved from /home/airflow/venv/lib/python3.8/site-packages/airflow/example_dags/tutorial.py
[2021-03-09 19:19:52,810] {logging_mixin.py:103} INFO - [2021-03-09 19:19:52,810] {dag.py:1813} INFO - Sync 1 DAGs
[2021-03-09 19:19:52,825] {logging_mixin.py:103} INFO - [2021-03-09 19:19:52,825] {dag.py:2266} INFO - Setting next_dagrun for tutorial to 2021-03-07 00:00:00+00:00
[2021-03-09 19:19:52,835] {scheduler_job.py:189} INFO - Processing /home/airflow/venv/lib/python3.8/site-packages/airflow/example_dags/tutorial.py took 0.052 seconds
[2021-03-09 19:20:19,626] {scheduler_job.py:181} INFO - Started process (PID=2074) to work on /home/airflow/venv/lib/python3.8/site-packages/airflow/example_dags/tutorial.py
[2021-03-09 19:20:19,627] {scheduler_job.py:629} INFO - Processing file /home/airflow/venv/lib/python3.8/site-packages/airflow/example_dags/tutorial.py for tasks to queue
[2021-03-09 19:20:19,627] {logging_mixin.py:103} INFO - [2021-03-09 19:20:19,627] {dagbag.py:440} INFO - Filling up the DagBag from /home/airflow/venv/lib/python3.8/site-packages/airflow/example_dags/tutorial.py
[2021-03-09 19:20:19,633] {scheduler_job.py:639} INFO - DAG(s) dict_keys(['tutorial']) retrieved from /home/airflow/venv/lib/python3.8/site-packages/airflow/example_dags/tutorial.py
[2021-03-09 19:20:19,633] {logging_mixin.py:103} INFO - [2021-03-09 19:20:19,633] {dag.py:1813} INFO - Sync 1 DAGs
[2021-03-09 19:20:19,645] {logging_mixin.py:103} INFO - [2021-03-09 19:20:19,645] {dag.py:2266} INFO - Setting next_dagrun for tutorial to 2021-03-07 00:00:00+00:00
[2021-03-09 19:20:19,656] {scheduler_job.py:189} INFO - Processing /home/airflow/venv/lib/python3.8/site-packages/airflow/example_dags/tutorial.py took 0.033 seconds
[2021-03-09 19:20:46,413] {scheduler_job.py:181} INFO - Started process (PID=2146) to work on /home/airflow/venv/lib/python3.8/site-packages/airflow/example_dags/tutorial.py
[2021-03-09 19:20:46,414] {scheduler_job.py:629} INFO - Processing file /home/airflow/venv/lib/python3.8/site-packages/airflow/example_dags/tutorial.py for tasks to queue
[2021-03-09 19:20:46,414] {logging_mixin.py:103} INFO - [2021-03-09 19:20:46,414] {dagbag.py:440} INFO - Filling up the DagBag from /home/airflow/venv/lib/python3.8/site-packages/airflow/example_dags/tutorial.py
[2021-03-09 19:20:46,438] {scheduler_job.py:639} INFO - DAG(s) dict_keys(['tutorial']) retrieved from /home/airflow/venv/lib/python3.8/site-packages/airflow/example_dags/tutorial.py
[2021-03-09 19:20:46,438] {logging_mixin.py:103} INFO - [2021-03-09 19:20:46,438] {dag.py:1813} INFO - Sync 1 DAGs
[2021-03-09 19:20:46,463] {logging_mixin.py:103} INFO - [2021-03-09 19:20:46,463] {dag.py:2266} INFO - Setting next_dagrun for tutorial to 2021-03-07 00:00:00+00:00
[2021-03-09 19:20:46,487] {scheduler_job.py:189} INFO - Processing /home/airflow/venv/lib/python3.8/site-packages/airflow/example_dags/tutorial.py took 0.084 seconds
[2021-03-09 19:21:13,453] {scheduler_job.py:181} INFO - Started process (PID=2216) to work on /home/airflow/venv/lib/python3.8/site-packages/airflow/example_dags/tutorial.py
[2021-03-09 19:21:13,453] {scheduler_job.py:629} INFO - Processing file /home/airflow/venv/lib/python3.8/site-packages/airflow/example_dags/tutorial.py for tasks to queue
[2021-03-09 19:21:13,454] {logging_mixin.py:103} INFO - [2021-03-09 19:21:13,454] {dagbag.py:440} INFO - Filling up the DagBag from /home/airflow/venv/lib/python3.8/site-packages/airflow/example_dags/tutorial.py
[2021-03-09 19:21:13,462] {scheduler_job.py:639} INFO - DAG(s) dict_keys(['tutorial']) retrieved from /home/airflow/venv/lib/python3.8/site-packages/airflow/example_dags/tutorial.py
[2021-03-09 19:21:13,462] {logging_mixin.py:103} INFO - [2021-03-09 19:21:13,462] {dag.py:1813} INFO - Sync 1 DAGs
[2021-03-09 19:21:13,474] {logging_mixin.py:103} INFO - [2021-03-09 19:21:13,474] {dag.py:2266} INFO - Setting next_dagrun for tutorial to 2021-03-07 00:00:00+00:00
[2021-03-09 19:21:13,483] {scheduler_job.py:189} INFO - Processing /home/airflow/venv/lib/python3.8/site-packages/airflow/example_dags/tutorial.py took 0.036 seconds
[2021-03-09 19:21:38,734] {scheduler_job.py:181} INFO - Started process (PID=2284) to work on /home/airflow/venv/lib/python3.8/site-packages/airflow/example_dags/tutorial.py
[2021-03-09 19:21:38,735] {scheduler_job.py:629} INFO - Processing file /home/airflow/venv/lib/python3.8/site-packages/airflow/example_dags/tutorial.py for tasks to queue
[2021-03-09 19:21:38,735] {logging_mixin.py:103} INFO - [2021-03-09 19:21:38,735] {dagbag.py:440} INFO - Filling up the DagBag from /home/airflow/venv/lib/python3.8/site-packages/airflow/example_dags/tutorial.py
[2021-03-09 19:21:38,741] {scheduler_job.py:639} INFO - DAG(s) dict_keys(['tutorial']) retrieved from /home/airflow/venv/lib/python3.8/site-packages/airflow/example_dags/tutorial.py
[2021-03-09 19:21:38,741] {logging_mixin.py:103} INFO - [2021-03-09 19:21:38,741] {dag.py:1813} INFO - Sync 1 DAGs
[2021-03-09 19:21:38,751] {logging_mixin.py:103} INFO - [2021-03-09 19:21:38,751] {dag.py:2266} INFO - Setting next_dagrun for tutorial to 2021-03-07 00:00:00+00:00
[2021-03-09 19:21:38,760] {scheduler_job.py:189} INFO - Processing /home/airflow/venv/lib/python3.8/site-packages/airflow/example_dags/tutorial.py took 0.032 seconds
[2021-03-09 19:22:05,040] {scheduler_job.py:181} INFO - Started process (PID=2359) to work on /home/airflow/venv/lib/python3.8/site-packages/airflow/example_dags/tutorial.py
[2021-03-09 19:22:05,041] {scheduler_job.py:629} INFO - Processing file /home/airflow/venv/lib/python3.8/site-packages/airflow/example_dags/tutorial.py for tasks to queue
[2021-03-09 19:22:05,049] {logging_mixin.py:103} INFO - [2021-03-09 19:22:05,049] {dagbag.py:440} INFO - Filling up the DagBag from /home/airflow/venv/lib/python3.8/site-packages/airflow/example_dags/tutorial.py
[2021-03-09 19:22:05,064] {scheduler_job.py:639} INFO - DAG(s) dict_keys(['tutorial']) retrieved from /home/airflow/venv/lib/python3.8/site-packages/airflow/example_dags/tutorial.py
[2021-03-09 19:22:05,065] {logging_mixin.py:103} INFO - [2021-03-09 19:22:05,065] {dag.py:1813} INFO - Sync 1 DAGs
[2021-03-09 19:22:05,078] {logging_mixin.py:103} INFO - [2021-03-09 19:22:05,078] {dag.py:2266} INFO - Setting next_dagrun for tutorial to 2021-03-07 00:00:00+00:00
[2021-03-09 19:22:05,088] {scheduler_job.py:189} INFO - Processing /home/airflow/venv/lib/python3.8/site-packages/airflow/example_dags/tutorial.py took 0.056 seconds
[2021-03-09 19:22:30,275] {scheduler_job.py:181} INFO - Started process (PID=2426) to work on /home/airflow/venv/lib/python3.8/site-packages/airflow/example_dags/tutorial.py
[2021-03-09 19:22:30,276] {scheduler_job.py:629} INFO - Processing file /home/airflow/venv/lib/python3.8/site-packages/airflow/example_dags/tutorial.py for tasks to queue
[2021-03-09 19:22:30,279] {logging_mixin.py:103} INFO - [2021-03-09 19:22:30,279] {dagbag.py:440} INFO - Filling up the DagBag from /home/airflow/venv/lib/python3.8/site-packages/airflow/example_dags/tutorial.py
[2021-03-09 19:22:30,286] {scheduler_job.py:639} INFO - DAG(s) dict_keys(['tutorial']) retrieved from /home/airflow/venv/lib/python3.8/site-packages/airflow/example_dags/tutorial.py
[2021-03-09 19:22:30,286] {logging_mixin.py:103} INFO - [2021-03-09 19:22:30,286] {dag.py:1813} INFO - Sync 1 DAGs
[2021-03-09 19:22:30,298] {logging_mixin.py:103} INFO - [2021-03-09 19:22:30,298] {dag.py:2266} INFO - Setting next_dagrun for tutorial to 2021-03-07 00:00:00+00:00
[2021-03-09 19:22:30,340] {scheduler_job.py:189} INFO - Processing /home/airflow/venv/lib/python3.8/site-packages/airflow/example_dags/tutorial.py took 0.063 seconds
[2021-03-09 19:22:56,615] {scheduler_job.py:181} INFO - Started process (PID=2496) to work on /home/airflow/venv/lib/python3.8/site-packages/airflow/example_dags/tutorial.py
[2021-03-09 19:22:56,616] {scheduler_job.py:629} INFO - Processing file /home/airflow/venv/lib/python3.8/site-packages/airflow/example_dags/tutorial.py for tasks to queue
[2021-03-09 19:22:56,616] {logging_mixin.py:103} INFO - [2021-03-09 19:22:56,616] {dagbag.py:440} INFO - Filling up the DagBag from /home/airflow/venv/lib/python3.8/site-packages/airflow/example_dags/tutorial.py
[2021-03-09 19:22:56,627] {scheduler_job.py:639} INFO - DAG(s) dict_keys(['tutorial']) retrieved from /home/airflow/venv/lib/python3.8/site-packages/airflow/example_dags/tutorial.py
[2021-03-09 19:22:56,627] {logging_mixin.py:103} INFO - [2021-03-09 19:22:56,627] {dag.py:1813} INFO - Sync 1 DAGs
[2021-03-09 19:22:56,639] {logging_mixin.py:103} INFO - [2021-03-09 19:22:56,639] {dag.py:2266} INFO - Setting next_dagrun for tutorial to 2021-03-07 00:00:00+00:00
[2021-03-09 19:22:56,648] {scheduler_job.py:189} INFO - Processing /home/airflow/venv/lib/python3.8/site-packages/airflow/example_dags/tutorial.py took 0.035 seconds
[2021-03-09 19:23:23,702] {scheduler_job.py:181} INFO - Started process (PID=2563) to work on /home/airflow/venv/lib/python3.8/site-packages/airflow/example_dags/tutorial.py
[2021-03-09 19:23:23,703] {scheduler_job.py:629} INFO - Processing file /home/airflow/venv/lib/python3.8/site-packages/airflow/example_dags/tutorial.py for tasks to queue
[2021-03-09 19:23:23,703] {logging_mixin.py:103} INFO - [2021-03-09 19:23:23,703] {dagbag.py:440} INFO - Filling up the DagBag from /home/airflow/venv/lib/python3.8/site-packages/airflow/example_dags/tutorial.py
[2021-03-09 19:23:23,723] {scheduler_job.py:639} INFO - DAG(s) dict_keys(['tutorial']) retrieved from /home/airflow/venv/lib/python3.8/site-packages/airflow/example_dags/tutorial.py
[2021-03-09 19:23:23,724] {logging_mixin.py:103} INFO - [2021-03-09 19:23:23,724] {dag.py:1813} INFO - Sync 1 DAGs
[2021-03-09 19:23:23,748] {logging_mixin.py:103} INFO - [2021-03-09 19:23:23,748] {dag.py:2266} INFO - Setting next_dagrun for tutorial to 2021-03-07 00:00:00+00:00
[2021-03-09 19:23:23,768] {scheduler_job.py:189} INFO - Processing /home/airflow/venv/lib/python3.8/site-packages/airflow/example_dags/tutorial.py took 0.072 seconds
[2021-03-09 19:23:49,131] {scheduler_job.py:181} INFO - Started process (PID=2629) to work on /home/airflow/venv/lib/python3.8/site-packages/airflow/example_dags/tutorial.py
[2021-03-09 19:23:49,132] {scheduler_job.py:629} INFO - Processing file /home/airflow/venv/lib/python3.8/site-packages/airflow/example_dags/tutorial.py for tasks to queue
[2021-03-09 19:23:49,132] {logging_mixin.py:103} INFO - [2021-03-09 19:23:49,132] {dagbag.py:440} INFO - Filling up the DagBag from /home/airflow/venv/lib/python3.8/site-packages/airflow/example_dags/tutorial.py
[2021-03-09 19:23:49,141] {scheduler_job.py:639} INFO - DAG(s) dict_keys(['tutorial']) retrieved from /home/airflow/venv/lib/python3.8/site-packages/airflow/example_dags/tutorial.py
[2021-03-09 19:23:49,142] {logging_mixin.py:103} INFO - [2021-03-09 19:23:49,142] {dag.py:1813} INFO - Sync 1 DAGs
[2021-03-09 19:23:49,165] {logging_mixin.py:103} INFO - [2021-03-09 19:23:49,165] {dag.py:2266} INFO - Setting next_dagrun for tutorial to 2021-03-07 00:00:00+00:00
[2021-03-09 19:23:49,177] {scheduler_job.py:189} INFO - Processing /home/airflow/venv/lib/python3.8/site-packages/airflow/example_dags/tutorial.py took 0.048 seconds
[2021-03-09 19:24:14,410] {scheduler_job.py:181} INFO - Started process (PID=2694) to work on /home/airflow/venv/lib/python3.8/site-packages/airflow/example_dags/tutorial.py
[2021-03-09 19:24:14,413] {scheduler_job.py:629} INFO - Processing file /home/airflow/venv/lib/python3.8/site-packages/airflow/example_dags/tutorial.py for tasks to queue
[2021-03-09 19:24:14,413] {logging_mixin.py:103} INFO - [2021-03-09 19:24:14,413] {dagbag.py:440} INFO - Filling up the DagBag from /home/airflow/venv/lib/python3.8/site-packages/airflow/example_dags/tutorial.py
[2021-03-09 19:24:14,420] {scheduler_job.py:639} INFO - DAG(s) dict_keys(['tutorial']) retrieved from /home/airflow/venv/lib/python3.8/site-packages/airflow/example_dags/tutorial.py
[2021-03-09 19:24:14,421] {logging_mixin.py:103} INFO - [2021-03-09 19:24:14,421] {dag.py:1813} INFO - Sync 1 DAGs
[2021-03-09 19:24:14,442] {logging_mixin.py:103} INFO - [2021-03-09 19:24:14,442] {dag.py:2266} INFO - Setting next_dagrun for tutorial to 2021-03-07 00:00:00+00:00
[2021-03-09 19:24:14,451] {scheduler_job.py:189} INFO - Processing /home/airflow/venv/lib/python3.8/site-packages/airflow/example_dags/tutorial.py took 0.048 seconds
[2021-03-09 19:24:39,677] {scheduler_job.py:181} INFO - Started process (PID=2758) to work on /home/airflow/venv/lib/python3.8/site-packages/airflow/example_dags/tutorial.py
[2021-03-09 19:24:39,677] {scheduler_job.py:629} INFO - Processing file /home/airflow/venv/lib/python3.8/site-packages/airflow/example_dags/tutorial.py for tasks to queue
[2021-03-09 19:24:39,678] {logging_mixin.py:103} INFO - [2021-03-09 19:24:39,678] {dagbag.py:440} INFO - Filling up the DagBag from /home/airflow/venv/lib/python3.8/site-packages/airflow/example_dags/tutorial.py
[2021-03-09 19:24:39,684] {scheduler_job.py:639} INFO - DAG(s) dict_keys(['tutorial']) retrieved from /home/airflow/venv/lib/python3.8/site-packages/airflow/example_dags/tutorial.py
[2021-03-09 19:24:39,685] {logging_mixin.py:103} INFO - [2021-03-09 19:24:39,684] {dag.py:1813} INFO - Sync 1 DAGs
[2021-03-09 19:24:39,710] {logging_mixin.py:103} INFO - [2021-03-09 19:24:39,710] {dag.py:2266} INFO - Setting next_dagrun for tutorial to 2021-03-07 00:00:00+00:00
[2021-03-09 19:24:39,721] {scheduler_job.py:189} INFO - Processing /home/airflow/venv/lib/python3.8/site-packages/airflow/example_dags/tutorial.py took 0.053 seconds
[2021-03-09 19:25:06,947] {scheduler_job.py:181} INFO - Started process (PID=2828) to work on /home/airflow/venv/lib/python3.8/site-packages/airflow/example_dags/tutorial.py
[2021-03-09 19:25:06,948] {scheduler_job.py:629} INFO - Processing file /home/airflow/venv/lib/python3.8/site-packages/airflow/example_dags/tutorial.py for tasks to queue
[2021-03-09 19:25:06,949] {logging_mixin.py:103} INFO - [2021-03-09 19:25:06,948] {dagbag.py:440} INFO - Filling up the DagBag from /home/airflow/venv/lib/python3.8/site-packages/airflow/example_dags/tutorial.py
[2021-03-09 19:25:06,956] {scheduler_job.py:639} INFO - DAG(s) dict_keys(['tutorial']) retrieved from /home/airflow/venv/lib/python3.8/site-packages/airflow/example_dags/tutorial.py
[2021-03-09 19:25:06,956] {logging_mixin.py:103} INFO - [2021-03-09 19:25:06,956] {dag.py:1813} INFO - Sync 1 DAGs
[2021-03-09 19:25:06,967] {logging_mixin.py:103} INFO - [2021-03-09 19:25:06,967] {dag.py:2266} INFO - Setting next_dagrun for tutorial to 2021-03-07 00:00:00+00:00
[2021-03-09 19:25:06,980] {scheduler_job.py:189} INFO - Processing /home/airflow/venv/lib/python3.8/site-packages/airflow/example_dags/tutorial.py took 0.040 seconds
[2021-03-09 19:25:34,339] {scheduler_job.py:181} INFO - Started process (PID=2898) to work on /home/airflow/venv/lib/python3.8/site-packages/airflow/example_dags/tutorial.py
[2021-03-09 19:25:34,339] {scheduler_job.py:629} INFO - Processing file /home/airflow/venv/lib/python3.8/site-packages/airflow/example_dags/tutorial.py for tasks to queue
[2021-03-09 19:25:34,340] {logging_mixin.py:103} INFO - [2021-03-09 19:25:34,339] {dagbag.py:440} INFO - Filling up the DagBag from /home/airflow/venv/lib/python3.8/site-packages/airflow/example_dags/tutorial.py
[2021-03-09 19:25:34,349] {scheduler_job.py:639} INFO - DAG(s) dict_keys(['tutorial']) retrieved from /home/airflow/venv/lib/python3.8/site-packages/airflow/example_dags/tutorial.py
[2021-03-09 19:25:34,350] {logging_mixin.py:103} INFO - [2021-03-09 19:25:34,350] {dag.py:1813} INFO - Sync 1 DAGs
[2021-03-09 19:25:34,365] {logging_mixin.py:103} INFO - [2021-03-09 19:25:34,365] {dag.py:2266} INFO - Setting next_dagrun for tutorial to 2021-03-07 00:00:00+00:00
[2021-03-09 19:25:34,378] {scheduler_job.py:189} INFO - Processing /home/airflow/venv/lib/python3.8/site-packages/airflow/example_dags/tutorial.py took 0.041 seconds
[2021-03-09 19:25:59,708] {scheduler_job.py:181} INFO - Started process (PID=2966) to work on /home/airflow/venv/lib/python3.8/site-packages/airflow/example_dags/tutorial.py
[2021-03-09 19:25:59,709] {scheduler_job.py:629} INFO - Processing file /home/airflow/venv/lib/python3.8/site-packages/airflow/example_dags/tutorial.py for tasks to queue
[2021-03-09 19:25:59,710] {logging_mixin.py:103} INFO - [2021-03-09 19:25:59,709] {dagbag.py:440} INFO - Filling up the DagBag from /home/airflow/venv/lib/python3.8/site-packages/airflow/example_dags/tutorial.py
[2021-03-09 19:25:59,715] {scheduler_job.py:639} INFO - DAG(s) dict_keys(['tutorial']) retrieved from /home/airflow/venv/lib/python3.8/site-packages/airflow/example_dags/tutorial.py
[2021-03-09 19:25:59,716] {logging_mixin.py:103} INFO - [2021-03-09 19:25:59,716] {dag.py:1813} INFO - Sync 1 DAGs
[2021-03-09 19:25:59,727] {logging_mixin.py:103} INFO - [2021-03-09 19:25:59,727] {dag.py:2266} INFO - Setting next_dagrun for tutorial to 2021-03-07 00:00:00+00:00
[2021-03-09 19:25:59,739] {scheduler_job.py:189} INFO - Processing /home/airflow/venv/lib/python3.8/site-packages/airflow/example_dags/tutorial.py took 0.037 seconds
[2021-03-09 19:26:24,282] {scheduler_job.py:181} INFO - Started process (PID=3030) to work on /home/airflow/venv/lib/python3.8/site-packages/airflow/example_dags/tutorial.py
[2021-03-09 19:26:24,283] {scheduler_job.py:629} INFO - Processing file /home/airflow/venv/lib/python3.8/site-packages/airflow/example_dags/tutorial.py for tasks to queue
[2021-03-09 19:26:24,283] {logging_mixin.py:103} INFO - [2021-03-09 19:26:24,283] {dagbag.py:440} INFO - Filling up the DagBag from /home/airflow/venv/lib/python3.8/site-packages/airflow/example_dags/tutorial.py
[2021-03-09 19:26:24,300] {scheduler_job.py:639} INFO - DAG(s) dict_keys(['tutorial']) retrieved from /home/airflow/venv/lib/python3.8/site-packages/airflow/example_dags/tutorial.py
[2021-03-09 19:26:24,300] {logging_mixin.py:103} INFO - [2021-03-09 19:26:24,300] {dag.py:1813} INFO - Sync 1 DAGs
[2021-03-09 19:26:24,317] {logging_mixin.py:103} INFO - [2021-03-09 19:26:24,317] {dag.py:2266} INFO - Setting next_dagrun for tutorial to 2021-03-07 00:00:00+00:00
[2021-03-09 19:26:24,339] {scheduler_job.py:189} INFO - Processing /home/airflow/venv/lib/python3.8/site-packages/airflow/example_dags/tutorial.py took 0.059 seconds
[2021-03-09 19:26:50,223] {scheduler_job.py:181} INFO - Started process (PID=3093) to work on /home/airflow/venv/lib/python3.8/site-packages/airflow/example_dags/tutorial.py
[2021-03-09 19:26:50,223] {scheduler_job.py:629} INFO - Processing file /home/airflow/venv/lib/python3.8/site-packages/airflow/example_dags/tutorial.py for tasks to queue
[2021-03-09 19:26:50,224] {logging_mixin.py:103} INFO - [2021-03-09 19:26:50,224] {dagbag.py:440} INFO - Filling up the DagBag from /home/airflow/venv/lib/python3.8/site-packages/airflow/example_dags/tutorial.py
[2021-03-09 19:26:50,232] {scheduler_job.py:639} INFO - DAG(s) dict_keys(['tutorial']) retrieved from /home/airflow/venv/lib/python3.8/site-packages/airflow/example_dags/tutorial.py
[2021-03-09 19:26:50,233] {logging_mixin.py:103} INFO - [2021-03-09 19:26:50,232] {dag.py:1813} INFO - Sync 1 DAGs
[2021-03-09 19:26:50,245] {logging_mixin.py:103} INFO - [2021-03-09 19:26:50,245] {dag.py:2266} INFO - Setting next_dagrun for tutorial to 2021-03-07 00:00:00+00:00
[2021-03-09 19:26:50,263] {scheduler_job.py:189} INFO - Processing /home/airflow/venv/lib/python3.8/site-packages/airflow/example_dags/tutorial.py took 0.045 seconds
[2021-03-09 19:27:16,422] {scheduler_job.py:181} INFO - Started process (PID=3161) to work on /home/airflow/venv/lib/python3.8/site-packages/airflow/example_dags/tutorial.py
[2021-03-09 19:27:16,423] {scheduler_job.py:629} INFO - Processing file /home/airflow/venv/lib/python3.8/site-packages/airflow/example_dags/tutorial.py for tasks to queue
[2021-03-09 19:27:16,423] {logging_mixin.py:103} INFO - [2021-03-09 19:27:16,423] {dagbag.py:440} INFO - Filling up the DagBag from /home/airflow/venv/lib/python3.8/site-packages/airflow/example_dags/tutorial.py
[2021-03-09 19:27:16,428] {scheduler_job.py:639} INFO - DAG(s) dict_keys(['tutorial']) retrieved from /home/airflow/venv/lib/python3.8/site-packages/airflow/example_dags/tutorial.py
[2021-03-09 19:27:16,429] {logging_mixin.py:103} INFO - [2021-03-09 19:27:16,428] {dag.py:1813} INFO - Sync 1 DAGs
[2021-03-09 19:27:16,449] {logging_mixin.py:103} INFO - [2021-03-09 19:27:16,449] {dag.py:2266} INFO - Setting next_dagrun for tutorial to 2021-03-07 00:00:00+00:00
[2021-03-09 19:27:16,458] {scheduler_job.py:189} INFO - Processing /home/airflow/venv/lib/python3.8/site-packages/airflow/example_dags/tutorial.py took 0.044 seconds
[2021-03-09 19:27:42,731] {scheduler_job.py:181} INFO - Started process (PID=3228) to work on /home/airflow/venv/lib/python3.8/site-packages/airflow/example_dags/tutorial.py
[2021-03-09 19:27:42,732] {scheduler_job.py:629} INFO - Processing file /home/airflow/venv/lib/python3.8/site-packages/airflow/example_dags/tutorial.py for tasks to queue
[2021-03-09 19:27:42,736] {logging_mixin.py:103} INFO - [2021-03-09 19:27:42,732] {dagbag.py:440} INFO - Filling up the DagBag from /home/airflow/venv/lib/python3.8/site-packages/airflow/example_dags/tutorial.py
[2021-03-09 19:27:42,747] {scheduler_job.py:639} INFO - DAG(s) dict_keys(['tutorial']) retrieved from /home/airflow/venv/lib/python3.8/site-packages/airflow/example_dags/tutorial.py
[2021-03-09 19:27:42,747] {logging_mixin.py:103} INFO - [2021-03-09 19:27:42,747] {dag.py:1813} INFO - Sync 1 DAGs
[2021-03-09 19:27:42,759] {logging_mixin.py:103} INFO - [2021-03-09 19:27:42,759] {dag.py:2266} INFO - Setting next_dagrun for tutorial to 2021-03-07 00:00:00+00:00
[2021-03-09 19:27:42,768] {scheduler_job.py:189} INFO - Processing /home/airflow/venv/lib/python3.8/site-packages/airflow/example_dags/tutorial.py took 0.040 seconds
[2021-03-09 19:28:08,514] {scheduler_job.py:181} INFO - Started process (PID=3295) to work on /home/airflow/venv/lib/python3.8/site-packages/airflow/example_dags/tutorial.py
[2021-03-09 19:28:08,515] {scheduler_job.py:629} INFO - Processing file /home/airflow/venv/lib/python3.8/site-packages/airflow/example_dags/tutorial.py for tasks to queue
[2021-03-09 19:28:08,515] {logging_mixin.py:103} INFO - [2021-03-09 19:28:08,515] {dagbag.py:440} INFO - Filling up the DagBag from /home/airflow/venv/lib/python3.8/site-packages/airflow/example_dags/tutorial.py
[2021-03-09 19:28:08,528] {scheduler_job.py:639} INFO - DAG(s) dict_keys(['tutorial']) retrieved from /home/airflow/venv/lib/python3.8/site-packages/airflow/example_dags/tutorial.py
[2021-03-09 19:28:08,528] {logging_mixin.py:103} INFO - [2021-03-09 19:28:08,528] {dag.py:1813} INFO - Sync 1 DAGs
[2021-03-09 19:28:08,542] {logging_mixin.py:103} INFO - [2021-03-09 19:28:08,542] {dag.py:2266} INFO - Setting next_dagrun for tutorial to 2021-03-07 00:00:00+00:00
[2021-03-09 19:28:08,552] {scheduler_job.py:189} INFO - Processing /home/airflow/venv/lib/python3.8/site-packages/airflow/example_dags/tutorial.py took 0.044 seconds
[2021-03-09 19:28:34,262] {scheduler_job.py:181} INFO - Started process (PID=3362) to work on /home/airflow/venv/lib/python3.8/site-packages/airflow/example_dags/tutorial.py
[2021-03-09 19:28:34,262] {scheduler_job.py:629} INFO - Processing file /home/airflow/venv/lib/python3.8/site-packages/airflow/example_dags/tutorial.py for tasks to queue
[2021-03-09 19:28:34,263] {logging_mixin.py:103} INFO - [2021-03-09 19:28:34,263] {dagbag.py:440} INFO - Filling up the DagBag from /home/airflow/venv/lib/python3.8/site-packages/airflow/example_dags/tutorial.py
[2021-03-09 19:28:34,274] {scheduler_job.py:639} INFO - DAG(s) dict_keys(['tutorial']) retrieved from /home/airflow/venv/lib/python3.8/site-packages/airflow/example_dags/tutorial.py
[2021-03-09 19:28:34,275] {logging_mixin.py:103} INFO - [2021-03-09 19:28:34,275] {dag.py:1813} INFO - Sync 1 DAGs
[2021-03-09 19:28:34,285] {logging_mixin.py:103} INFO - [2021-03-09 19:28:34,285] {dag.py:2266} INFO - Setting next_dagrun for tutorial to 2021-03-07 00:00:00+00:00
[2021-03-09 19:28:34,294] {scheduler_job.py:189} INFO - Processing /home/airflow/venv/lib/python3.8/site-packages/airflow/example_dags/tutorial.py took 0.034 seconds
[2021-03-09 19:28:59,531] {scheduler_job.py:181} INFO - Started process (PID=3426) to work on /home/airflow/venv/lib/python3.8/site-packages/airflow/example_dags/tutorial.py
[2021-03-09 19:28:59,533] {scheduler_job.py:629} INFO - Processing file /home/airflow/venv/lib/python3.8/site-packages/airflow/example_dags/tutorial.py for tasks to queue
[2021-03-09 19:28:59,534] {logging_mixin.py:103} INFO - [2021-03-09 19:28:59,534] {dagbag.py:440} INFO - Filling up the DagBag from /home/airflow/venv/lib/python3.8/site-packages/airflow/example_dags/tutorial.py
[2021-03-09 19:28:59,541] {scheduler_job.py:639} INFO - DAG(s) dict_keys(['tutorial']) retrieved from /home/airflow/venv/lib/python3.8/site-packages/airflow/example_dags/tutorial.py
[2021-03-09 19:28:59,542] {logging_mixin.py:103} INFO - [2021-03-09 19:28:59,542] {dag.py:1813} INFO - Sync 1 DAGs
[2021-03-09 19:28:59,573] {logging_mixin.py:103} INFO - [2021-03-09 19:28:59,573] {dag.py:2266} INFO - Setting next_dagrun for tutorial to 2021-03-07 00:00:00+00:00
[2021-03-09 19:28:59,597] {scheduler_job.py:189} INFO - Processing /home/airflow/venv/lib/python3.8/site-packages/airflow/example_dags/tutorial.py took 0.068 seconds
[2021-03-09 19:29:25,862] {scheduler_job.py:181} INFO - Started process (PID=3521) to work on /home/airflow/venv/lib/python3.8/site-packages/airflow/example_dags/tutorial.py
[2021-03-09 19:29:25,863] {scheduler_job.py:629} INFO - Processing file /home/airflow/venv/lib/python3.8/site-packages/airflow/example_dags/tutorial.py for tasks to queue
[2021-03-09 19:29:25,863] {logging_mixin.py:103} INFO - [2021-03-09 19:29:25,863] {dagbag.py:440} INFO - Filling up the DagBag from /home/airflow/venv/lib/python3.8/site-packages/airflow/example_dags/tutorial.py
[2021-03-09 19:29:25,879] {scheduler_job.py:639} INFO - DAG(s) dict_keys(['tutorial']) retrieved from /home/airflow/venv/lib/python3.8/site-packages/airflow/example_dags/tutorial.py
[2021-03-09 19:29:25,880] {logging_mixin.py:103} INFO - [2021-03-09 19:29:25,880] {dag.py:1813} INFO - Sync 1 DAGs
[2021-03-09 19:29:25,914] {logging_mixin.py:103} INFO - [2021-03-09 19:29:25,914] {dag.py:2266} INFO - Setting next_dagrun for tutorial to 2021-03-07 00:00:00+00:00
[2021-03-09 19:29:25,932] {scheduler_job.py:189} INFO - Processing /home/airflow/venv/lib/python3.8/site-packages/airflow/example_dags/tutorial.py took 0.080 seconds
[2021-03-09 19:29:52,194] {scheduler_job.py:181} INFO - Started process (PID=3591) to work on /home/airflow/venv/lib/python3.8/site-packages/airflow/example_dags/tutorial.py
[2021-03-09 19:29:52,195] {scheduler_job.py:629} INFO - Processing file /home/airflow/venv/lib/python3.8/site-packages/airflow/example_dags/tutorial.py for tasks to queue
[2021-03-09 19:29:52,195] {logging_mixin.py:103} INFO - [2021-03-09 19:29:52,195] {dagbag.py:440} INFO - Filling up the DagBag from /home/airflow/venv/lib/python3.8/site-packages/airflow/example_dags/tutorial.py
[2021-03-09 19:29:52,202] {scheduler_job.py:639} INFO - DAG(s) dict_keys(['tutorial']) retrieved from /home/airflow/venv/lib/python3.8/site-packages/airflow/example_dags/tutorial.py
[2021-03-09 19:29:52,203] {logging_mixin.py:103} INFO - [2021-03-09 19:29:52,203] {dag.py:1813} INFO - Sync 1 DAGs
[2021-03-09 19:29:52,213] {logging_mixin.py:103} INFO - [2021-03-09 19:29:52,213] {dag.py:2266} INFO - Setting next_dagrun for tutorial to 2021-03-07 00:00:00+00:00
[2021-03-09 19:29:52,222] {scheduler_job.py:189} INFO - Processing /home/airflow/venv/lib/python3.8/site-packages/airflow/example_dags/tutorial.py took 0.038 seconds
[2021-03-09 19:30:17,434] {scheduler_job.py:181} INFO - Started process (PID=3676) to work on /home/airflow/venv/lib/python3.8/site-packages/airflow/example_dags/tutorial.py
[2021-03-09 19:30:17,439] {scheduler_job.py:629} INFO - Processing file /home/airflow/venv/lib/python3.8/site-packages/airflow/example_dags/tutorial.py for tasks to queue
[2021-03-09 19:30:17,439] {logging_mixin.py:103} INFO - [2021-03-09 19:30:17,439] {dagbag.py:440} INFO - Filling up the DagBag from /home/airflow/venv/lib/python3.8/site-packages/airflow/example_dags/tutorial.py
[2021-03-09 19:30:17,444] {scheduler_job.py:639} INFO - DAG(s) dict_keys(['tutorial']) retrieved from /home/airflow/venv/lib/python3.8/site-packages/airflow/example_dags/tutorial.py
[2021-03-09 19:30:17,445] {logging_mixin.py:103} INFO - [2021-03-09 19:30:17,445] {dag.py:1813} INFO - Sync 1 DAGs
[2021-03-09 19:30:17,455] {logging_mixin.py:103} INFO - [2021-03-09 19:30:17,455] {dag.py:2266} INFO - Setting next_dagrun for tutorial to 2021-03-07 00:00:00+00:00
[2021-03-09 19:30:17,463] {scheduler_job.py:189} INFO - Processing /home/airflow/venv/lib/python3.8/site-packages/airflow/example_dags/tutorial.py took 0.031 seconds
[2021-03-09 19:30:42,736] {scheduler_job.py:181} INFO - Started process (PID=3743) to work on /home/airflow/venv/lib/python3.8/site-packages/airflow/example_dags/tutorial.py
[2021-03-09 19:30:42,737] {scheduler_job.py:629} INFO - Processing file /home/airflow/venv/lib/python3.8/site-packages/airflow/example_dags/tutorial.py for tasks to queue
[2021-03-09 19:30:42,737] {logging_mixin.py:103} INFO - [2021-03-09 19:30:42,737] {dagbag.py:440} INFO - Filling up the DagBag from /home/airflow/venv/lib/python3.8/site-packages/airflow/example_dags/tutorial.py
[2021-03-09 19:30:42,743] {scheduler_job.py:639} INFO - DAG(s) dict_keys(['tutorial']) retrieved from /home/airflow/venv/lib/python3.8/site-packages/airflow/example_dags/tutorial.py
[2021-03-09 19:30:42,744] {logging_mixin.py:103} INFO - [2021-03-09 19:30:42,744] {dag.py:1813} INFO - Sync 1 DAGs
[2021-03-09 19:30:42,754] {logging_mixin.py:103} INFO - [2021-03-09 19:30:42,754] {dag.py:2266} INFO - Setting next_dagrun for tutorial to 2021-03-07 00:00:00+00:00
[2021-03-09 19:30:42,764] {scheduler_job.py:189} INFO - Processing /home/airflow/venv/lib/python3.8/site-packages/airflow/example_dags/tutorial.py took 0.029 seconds
[2021-03-09 19:31:08,085] {scheduler_job.py:181} INFO - Started process (PID=3807) to work on /home/airflow/venv/lib/python3.8/site-packages/airflow/example_dags/tutorial.py
[2021-03-09 19:31:08,085] {scheduler_job.py:629} INFO - Processing file /home/airflow/venv/lib/python3.8/site-packages/airflow/example_dags/tutorial.py for tasks to queue
[2021-03-09 19:31:08,086] {logging_mixin.py:103} INFO - [2021-03-09 19:31:08,086] {dagbag.py:440} INFO - Filling up the DagBag from /home/airflow/venv/lib/python3.8/site-packages/airflow/example_dags/tutorial.py
[2021-03-09 19:31:08,091] {scheduler_job.py:639} INFO - DAG(s) dict_keys(['tutorial']) retrieved from /home/airflow/venv/lib/python3.8/site-packages/airflow/example_dags/tutorial.py
[2021-03-09 19:31:08,091] {logging_mixin.py:103} INFO - [2021-03-09 19:31:08,091] {dag.py:1813} INFO - Sync 1 DAGs
[2021-03-09 19:31:08,105] {logging_mixin.py:103} INFO - [2021-03-09 19:31:08,105] {dag.py:2266} INFO - Setting next_dagrun for tutorial to 2021-03-07 00:00:00+00:00
[2021-03-09 19:31:08,114] {scheduler_job.py:189} INFO - Processing /home/airflow/venv/lib/python3.8/site-packages/airflow/example_dags/tutorial.py took 0.036 seconds
[2021-03-09 19:31:34,141] {scheduler_job.py:181} INFO - Started process (PID=3874) to work on /home/airflow/venv/lib/python3.8/site-packages/airflow/example_dags/tutorial.py
[2021-03-09 19:31:34,142] {scheduler_job.py:629} INFO - Processing file /home/airflow/venv/lib/python3.8/site-packages/airflow/example_dags/tutorial.py for tasks to queue
[2021-03-09 19:31:34,142] {logging_mixin.py:103} INFO - [2021-03-09 19:31:34,142] {dagbag.py:440} INFO - Filling up the DagBag from /home/airflow/venv/lib/python3.8/site-packages/airflow/example_dags/tutorial.py
[2021-03-09 19:31:34,147] {scheduler_job.py:639} INFO - DAG(s) dict_keys(['tutorial']) retrieved from /home/airflow/venv/lib/python3.8/site-packages/airflow/example_dags/tutorial.py
[2021-03-09 19:31:34,148] {logging_mixin.py:103} INFO - [2021-03-09 19:31:34,148] {dag.py:1813} INFO - Sync 1 DAGs
[2021-03-09 19:31:34,157] {logging_mixin.py:103} INFO - [2021-03-09 19:31:34,157] {dag.py:2266} INFO - Setting next_dagrun for tutorial to 2021-03-07 00:00:00+00:00
[2021-03-09 19:31:34,177] {scheduler_job.py:189} INFO - Processing /home/airflow/venv/lib/python3.8/site-packages/airflow/example_dags/tutorial.py took 0.037 seconds
[2021-03-09 19:32:00,463] {scheduler_job.py:181} INFO - Started process (PID=3941) to work on /home/airflow/venv/lib/python3.8/site-packages/airflow/example_dags/tutorial.py
[2021-03-09 19:32:00,464] {scheduler_job.py:629} INFO - Processing file /home/airflow/venv/lib/python3.8/site-packages/airflow/example_dags/tutorial.py for tasks to queue
[2021-03-09 19:32:00,464] {logging_mixin.py:103} INFO - [2021-03-09 19:32:00,464] {dagbag.py:440} INFO - Filling up the DagBag from /home/airflow/venv/lib/python3.8/site-packages/airflow/example_dags/tutorial.py
[2021-03-09 19:32:00,473] {scheduler_job.py:639} INFO - DAG(s) dict_keys(['tutorial']) retrieved from /home/airflow/venv/lib/python3.8/site-packages/airflow/example_dags/tutorial.py
[2021-03-09 19:32:00,474] {logging_mixin.py:103} INFO - [2021-03-09 19:32:00,474] {dag.py:1813} INFO - Sync 1 DAGs
[2021-03-09 19:32:00,485] {logging_mixin.py:103} INFO - [2021-03-09 19:32:00,485] {dag.py:2266} INFO - Setting next_dagrun for tutorial to 2021-03-07 00:00:00+00:00
[2021-03-09 19:32:00,494] {scheduler_job.py:189} INFO - Processing /home/airflow/venv/lib/python3.8/site-packages/airflow/example_dags/tutorial.py took 0.032 seconds
[2021-03-09 19:57:11,505] {scheduler_job.py:181} INFO - Started process (PID=4001) to work on /home/airflow/venv/lib/python3.8/site-packages/airflow/example_dags/tutorial.py
[2021-03-09 19:57:11,506] {scheduler_job.py:629} INFO - Processing file /home/airflow/venv/lib/python3.8/site-packages/airflow/example_dags/tutorial.py for tasks to queue
[2021-03-09 19:57:11,506] {logging_mixin.py:103} INFO - [2021-03-09 19:57:11,506] {dagbag.py:440} INFO - Filling up the DagBag from /home/airflow/venv/lib/python3.8/site-packages/airflow/example_dags/tutorial.py
[2021-03-09 19:57:11,535] {scheduler_job.py:639} INFO - DAG(s) dict_keys(['tutorial']) retrieved from /home/airflow/venv/lib/python3.8/site-packages/airflow/example_dags/tutorial.py
[2021-03-09 19:57:11,536] {logging_mixin.py:103} INFO - [2021-03-09 19:57:11,536] {dag.py:1813} INFO - Sync 1 DAGs
[2021-03-09 19:57:11,635] {logging_mixin.py:103} INFO - [2021-03-09 19:57:11,635] {dag.py:2266} INFO - Setting next_dagrun for tutorial to 2021-03-07 00:00:00+00:00
[2021-03-09 19:57:11,721] {scheduler_job.py:189} INFO - Processing /home/airflow/venv/lib/python3.8/site-packages/airflow/example_dags/tutorial.py took 0.230 seconds
[2021-03-09 19:57:37,807] {scheduler_job.py:181} INFO - Started process (PID=4031) to work on /home/airflow/venv/lib/python3.8/site-packages/airflow/example_dags/tutorial.py
[2021-03-09 19:57:37,808] {scheduler_job.py:629} INFO - Processing file /home/airflow/venv/lib/python3.8/site-packages/airflow/example_dags/tutorial.py for tasks to queue
[2021-03-09 19:57:37,809] {logging_mixin.py:103} INFO - [2021-03-09 19:57:37,809] {dagbag.py:440} INFO - Filling up the DagBag from /home/airflow/venv/lib/python3.8/site-packages/airflow/example_dags/tutorial.py
[2021-03-09 19:57:37,819] {scheduler_job.py:639} INFO - DAG(s) dict_keys(['tutorial']) retrieved from /home/airflow/venv/lib/python3.8/site-packages/airflow/example_dags/tutorial.py
[2021-03-09 19:57:37,820] {logging_mixin.py:103} INFO - [2021-03-09 19:57:37,820] {dag.py:1813} INFO - Sync 1 DAGs
[2021-03-09 19:57:37,834] {logging_mixin.py:103} INFO - [2021-03-09 19:57:37,834] {dag.py:2266} INFO - Setting next_dagrun for tutorial to 2021-03-07 00:00:00+00:00
[2021-03-09 19:57:37,846] {scheduler_job.py:189} INFO - Processing /home/airflow/venv/lib/python3.8/site-packages/airflow/example_dags/tutorial.py took 0.041 seconds
[2021-03-09 19:58:03,166] {scheduler_job.py:181} INFO - Started process (PID=4290) to work on /home/airflow/venv/lib/python3.8/site-packages/airflow/example_dags/tutorial.py
[2021-03-09 19:58:03,189] {scheduler_job.py:629} INFO - Processing file /home/airflow/venv/lib/python3.8/site-packages/airflow/example_dags/tutorial.py for tasks to queue
[2021-03-09 19:58:03,190] {logging_mixin.py:103} INFO - [2021-03-09 19:58:03,189] {dagbag.py:440} INFO - Filling up the DagBag from /home/airflow/venv/lib/python3.8/site-packages/airflow/example_dags/tutorial.py
[2021-03-09 19:58:03,239] {scheduler_job.py:639} INFO - DAG(s) dict_keys(['tutorial']) retrieved from /home/airflow/venv/lib/python3.8/site-packages/airflow/example_dags/tutorial.py
[2021-03-09 19:58:03,255] {logging_mixin.py:103} INFO - [2021-03-09 19:58:03,254] {dag.py:1813} INFO - Sync 1 DAGs
[2021-03-09 19:58:03,343] {logging_mixin.py:103} INFO - [2021-03-09 19:58:03,343] {dag.py:2266} INFO - Setting next_dagrun for tutorial to 2021-03-07 00:00:00+00:00
[2021-03-09 19:58:03,461] {scheduler_job.py:189} INFO - Processing /home/airflow/venv/lib/python3.8/site-packages/airflow/example_dags/tutorial.py took 0.298 seconds
[2021-03-09 19:58:29,878] {scheduler_job.py:181} INFO - Started process (PID=4369) to work on /home/airflow/venv/lib/python3.8/site-packages/airflow/example_dags/tutorial.py
[2021-03-09 19:58:29,879] {scheduler_job.py:629} INFO - Processing file /home/airflow/venv/lib/python3.8/site-packages/airflow/example_dags/tutorial.py for tasks to queue
[2021-03-09 19:58:29,880] {logging_mixin.py:103} INFO - [2021-03-09 19:58:29,880] {dagbag.py:440} INFO - Filling up the DagBag from /home/airflow/venv/lib/python3.8/site-packages/airflow/example_dags/tutorial.py
[2021-03-09 19:58:29,892] {scheduler_job.py:639} INFO - DAG(s) dict_keys(['tutorial']) retrieved from /home/airflow/venv/lib/python3.8/site-packages/airflow/example_dags/tutorial.py
[2021-03-09 19:58:29,893] {logging_mixin.py:103} INFO - [2021-03-09 19:58:29,892] {dag.py:1813} INFO - Sync 1 DAGs
[2021-03-09 19:58:29,907] {logging_mixin.py:103} INFO - [2021-03-09 19:58:29,907] {dag.py:2266} INFO - Setting next_dagrun for tutorial to 2021-03-07 00:00:00+00:00
[2021-03-09 19:58:29,917] {scheduler_job.py:189} INFO - Processing /home/airflow/venv/lib/python3.8/site-packages/airflow/example_dags/tutorial.py took 0.046 seconds
[2021-03-09 19:58:55,361] {scheduler_job.py:181} INFO - Started process (PID=4401) to work on /home/airflow/venv/lib/python3.8/site-packages/airflow/example_dags/tutorial.py
[2021-03-09 19:58:55,362] {scheduler_job.py:629} INFO - Processing file /home/airflow/venv/lib/python3.8/site-packages/airflow/example_dags/tutorial.py for tasks to queue
[2021-03-09 19:58:55,363] {logging_mixin.py:103} INFO - [2021-03-09 19:58:55,363] {dagbag.py:440} INFO - Filling up the DagBag from /home/airflow/venv/lib/python3.8/site-packages/airflow/example_dags/tutorial.py
[2021-03-09 19:58:55,385] {scheduler_job.py:639} INFO - DAG(s) dict_keys(['tutorial']) retrieved from /home/airflow/venv/lib/python3.8/site-packages/airflow/example_dags/tutorial.py
[2021-03-09 19:58:55,386] {logging_mixin.py:103} INFO - [2021-03-09 19:58:55,386] {dag.py:1813} INFO - Sync 1 DAGs
[2021-03-09 19:58:55,409] {logging_mixin.py:103} INFO - [2021-03-09 19:58:55,409] {dag.py:2266} INFO - Setting next_dagrun for tutorial to 2021-03-07 00:00:00+00:00
[2021-03-09 19:58:55,430] {scheduler_job.py:189} INFO - Processing /home/airflow/venv/lib/python3.8/site-packages/airflow/example_dags/tutorial.py took 0.086 seconds
[2021-03-09 19:59:21,438] {scheduler_job.py:181} INFO - Started process (PID=4434) to work on /home/airflow/venv/lib/python3.8/site-packages/airflow/example_dags/tutorial.py
[2021-03-09 19:59:21,439] {scheduler_job.py:629} INFO - Processing file /home/airflow/venv/lib/python3.8/site-packages/airflow/example_dags/tutorial.py for tasks to queue
[2021-03-09 19:59:21,442] {logging_mixin.py:103} INFO - [2021-03-09 19:59:21,442] {dagbag.py:440} INFO - Filling up the DagBag from /home/airflow/venv/lib/python3.8/site-packages/airflow/example_dags/tutorial.py
[2021-03-09 19:59:21,450] {scheduler_job.py:639} INFO - DAG(s) dict_keys(['tutorial']) retrieved from /home/airflow/venv/lib/python3.8/site-packages/airflow/example_dags/tutorial.py
[2021-03-09 19:59:21,451] {logging_mixin.py:103} INFO - [2021-03-09 19:59:21,451] {dag.py:1813} INFO - Sync 1 DAGs
[2021-03-09 19:59:21,466] {logging_mixin.py:103} INFO - [2021-03-09 19:59:21,465] {dag.py:2266} INFO - Setting next_dagrun for tutorial to 2021-03-07 00:00:00+00:00
[2021-03-09 19:59:21,476] {scheduler_job.py:189} INFO - Processing /home/airflow/venv/lib/python3.8/site-packages/airflow/example_dags/tutorial.py took 0.044 seconds
[2021-03-09 19:59:48,627] {scheduler_job.py:181} INFO - Started process (PID=4463) to work on /home/airflow/venv/lib/python3.8/site-packages/airflow/example_dags/tutorial.py
[2021-03-09 19:59:48,628] {scheduler_job.py:629} INFO - Processing file /home/airflow/venv/lib/python3.8/site-packages/airflow/example_dags/tutorial.py for tasks to queue
[2021-03-09 19:59:48,628] {logging_mixin.py:103} INFO - [2021-03-09 19:59:48,628] {dagbag.py:440} INFO - Filling up the DagBag from /home/airflow/venv/lib/python3.8/site-packages/airflow/example_dags/tutorial.py
[2021-03-09 19:59:48,644] {scheduler_job.py:639} INFO - DAG(s) dict_keys(['tutorial']) retrieved from /home/airflow/venv/lib/python3.8/site-packages/airflow/example_dags/tutorial.py
[2021-03-09 19:59:48,645] {logging_mixin.py:103} INFO - [2021-03-09 19:59:48,645] {dag.py:1813} INFO - Sync 1 DAGs
[2021-03-09 19:59:48,671] {logging_mixin.py:103} INFO - [2021-03-09 19:59:48,671] {dag.py:2266} INFO - Setting next_dagrun for tutorial to 2021-03-07 00:00:00+00:00
[2021-03-09 19:59:48,700] {scheduler_job.py:189} INFO - Processing /home/airflow/venv/lib/python3.8/site-packages/airflow/example_dags/tutorial.py took 0.092 seconds
[2021-03-09 20:00:13,862] {scheduler_job.py:181} INFO - Started process (PID=4495) to work on /home/airflow/venv/lib/python3.8/site-packages/airflow/example_dags/tutorial.py
[2021-03-09 20:00:13,863] {scheduler_job.py:629} INFO - Processing file /home/airflow/venv/lib/python3.8/site-packages/airflow/example_dags/tutorial.py for tasks to queue
[2021-03-09 20:00:13,864] {logging_mixin.py:103} INFO - [2021-03-09 20:00:13,864] {dagbag.py:440} INFO - Filling up the DagBag from /home/airflow/venv/lib/python3.8/site-packages/airflow/example_dags/tutorial.py
[2021-03-09 20:00:13,875] {scheduler_job.py:639} INFO - DAG(s) dict_keys(['tutorial']) retrieved from /home/airflow/venv/lib/python3.8/site-packages/airflow/example_dags/tutorial.py
[2021-03-09 20:00:13,875] {logging_mixin.py:103} INFO - [2021-03-09 20:00:13,875] {dag.py:1813} INFO - Sync 1 DAGs
[2021-03-09 20:00:13,888] {logging_mixin.py:103} INFO - [2021-03-09 20:00:13,888] {dag.py:2266} INFO - Setting next_dagrun for tutorial to 2021-03-07 00:00:00+00:00
[2021-03-09 20:00:13,898] {scheduler_job.py:189} INFO - Processing /home/airflow/venv/lib/python3.8/site-packages/airflow/example_dags/tutorial.py took 0.038 seconds
[2021-03-09 20:00:39,629] {scheduler_job.py:181} INFO - Started process (PID=4530) to work on /home/airflow/venv/lib/python3.8/site-packages/airflow/example_dags/tutorial.py
[2021-03-09 20:00:39,630] {scheduler_job.py:629} INFO - Processing file /home/airflow/venv/lib/python3.8/site-packages/airflow/example_dags/tutorial.py for tasks to queue
[2021-03-09 20:00:39,630] {logging_mixin.py:103} INFO - [2021-03-09 20:00:39,630] {dagbag.py:440} INFO - Filling up the DagBag from /home/airflow/venv/lib/python3.8/site-packages/airflow/example_dags/tutorial.py
[2021-03-09 20:00:39,643] {scheduler_job.py:639} INFO - DAG(s) dict_keys(['tutorial']) retrieved from /home/airflow/venv/lib/python3.8/site-packages/airflow/example_dags/tutorial.py
[2021-03-09 20:00:39,644] {logging_mixin.py:103} INFO - [2021-03-09 20:00:39,644] {dag.py:1813} INFO - Sync 1 DAGs
[2021-03-09 20:00:39,657] {logging_mixin.py:103} INFO - [2021-03-09 20:00:39,657] {dag.py:2266} INFO - Setting next_dagrun for tutorial to 2021-03-07 00:00:00+00:00
[2021-03-09 20:00:39,668] {scheduler_job.py:189} INFO - Processing /home/airflow/venv/lib/python3.8/site-packages/airflow/example_dags/tutorial.py took 0.041 seconds
[2021-03-09 20:01:04,402] {scheduler_job.py:181} INFO - Started process (PID=4565) to work on /home/airflow/venv/lib/python3.8/site-packages/airflow/example_dags/tutorial.py
[2021-03-09 20:01:04,403] {scheduler_job.py:629} INFO - Processing file /home/airflow/venv/lib/python3.8/site-packages/airflow/example_dags/tutorial.py for tasks to queue
[2021-03-09 20:01:04,403] {logging_mixin.py:103} INFO - [2021-03-09 20:01:04,403] {dagbag.py:440} INFO - Filling up the DagBag from /home/airflow/venv/lib/python3.8/site-packages/airflow/example_dags/tutorial.py
[2021-03-09 20:01:04,411] {scheduler_job.py:639} INFO - DAG(s) dict_keys(['tutorial']) retrieved from /home/airflow/venv/lib/python3.8/site-packages/airflow/example_dags/tutorial.py
[2021-03-09 20:01:04,412] {logging_mixin.py:103} INFO - [2021-03-09 20:01:04,412] {dag.py:1813} INFO - Sync 1 DAGs
[2021-03-09 20:01:04,425] {logging_mixin.py:103} INFO - [2021-03-09 20:01:04,425] {dag.py:2266} INFO - Setting next_dagrun for tutorial to 2021-03-07 00:00:00+00:00
[2021-03-09 20:01:04,437] {scheduler_job.py:189} INFO - Processing /home/airflow/venv/lib/python3.8/site-packages/airflow/example_dags/tutorial.py took 0.041 seconds
[2021-03-09 20:01:29,663] {scheduler_job.py:181} INFO - Started process (PID=4599) to work on /home/airflow/venv/lib/python3.8/site-packages/airflow/example_dags/tutorial.py
[2021-03-09 20:01:29,663] {scheduler_job.py:629} INFO - Processing file /home/airflow/venv/lib/python3.8/site-packages/airflow/example_dags/tutorial.py for tasks to queue
[2021-03-09 20:01:29,664] {logging_mixin.py:103} INFO - [2021-03-09 20:01:29,664] {dagbag.py:440} INFO - Filling up the DagBag from /home/airflow/venv/lib/python3.8/site-packages/airflow/example_dags/tutorial.py
[2021-03-09 20:01:29,674] {scheduler_job.py:639} INFO - DAG(s) dict_keys(['tutorial']) retrieved from /home/airflow/venv/lib/python3.8/site-packages/airflow/example_dags/tutorial.py
[2021-03-09 20:01:29,675] {logging_mixin.py:103} INFO - [2021-03-09 20:01:29,675] {dag.py:1813} INFO - Sync 1 DAGs
[2021-03-09 20:01:29,688] {logging_mixin.py:103} INFO - [2021-03-09 20:01:29,688] {dag.py:2266} INFO - Setting next_dagrun for tutorial to 2021-03-07 00:00:00+00:00
[2021-03-09 20:01:29,699] {scheduler_job.py:189} INFO - Processing /home/airflow/venv/lib/python3.8/site-packages/airflow/example_dags/tutorial.py took 0.038 seconds
[2021-03-09 20:01:56,881] {scheduler_job.py:181} INFO - Started process (PID=4636) to work on /home/airflow/venv/lib/python3.8/site-packages/airflow/example_dags/tutorial.py
[2021-03-09 20:01:56,882] {scheduler_job.py:629} INFO - Processing file /home/airflow/venv/lib/python3.8/site-packages/airflow/example_dags/tutorial.py for tasks to queue
[2021-03-09 20:01:56,883] {logging_mixin.py:103} INFO - [2021-03-09 20:01:56,883] {dagbag.py:440} INFO - Filling up the DagBag from /home/airflow/venv/lib/python3.8/site-packages/airflow/example_dags/tutorial.py
[2021-03-09 20:01:56,890] {scheduler_job.py:639} INFO - DAG(s) dict_keys(['tutorial']) retrieved from /home/airflow/venv/lib/python3.8/site-packages/airflow/example_dags/tutorial.py
[2021-03-09 20:01:56,891] {logging_mixin.py:103} INFO - [2021-03-09 20:01:56,891] {dag.py:1813} INFO - Sync 1 DAGs
[2021-03-09 20:01:56,905] {logging_mixin.py:103} INFO - [2021-03-09 20:01:56,904] {dag.py:2266} INFO - Setting next_dagrun for tutorial to 2021-03-07 00:00:00+00:00
[2021-03-09 20:01:56,915] {scheduler_job.py:189} INFO - Processing /home/airflow/venv/lib/python3.8/site-packages/airflow/example_dags/tutorial.py took 0.037 seconds
[2021-03-09 20:02:23,375] {scheduler_job.py:181} INFO - Started process (PID=4676) to work on /home/airflow/venv/lib/python3.8/site-packages/airflow/example_dags/tutorial.py
[2021-03-09 20:02:23,380] {scheduler_job.py:629} INFO - Processing file /home/airflow/venv/lib/python3.8/site-packages/airflow/example_dags/tutorial.py for tasks to queue
[2021-03-09 20:02:23,380] {logging_mixin.py:103} INFO - [2021-03-09 20:02:23,380] {dagbag.py:440} INFO - Filling up the DagBag from /home/airflow/venv/lib/python3.8/site-packages/airflow/example_dags/tutorial.py
[2021-03-09 20:02:23,395] {scheduler_job.py:639} INFO - DAG(s) dict_keys(['tutorial']) retrieved from /home/airflow/venv/lib/python3.8/site-packages/airflow/example_dags/tutorial.py
[2021-03-09 20:02:23,396] {logging_mixin.py:103} INFO - [2021-03-09 20:02:23,396] {dag.py:1813} INFO - Sync 1 DAGs
[2021-03-09 20:02:23,419] {logging_mixin.py:103} INFO - [2021-03-09 20:02:23,419] {dag.py:2266} INFO - Setting next_dagrun for tutorial to 2021-03-07 00:00:00+00:00
[2021-03-09 20:02:23,436] {scheduler_job.py:189} INFO - Processing /home/airflow/venv/lib/python3.8/site-packages/airflow/example_dags/tutorial.py took 0.063 seconds
[2021-03-09 20:02:48,598] {scheduler_job.py:181} INFO - Started process (PID=4718) to work on /home/airflow/venv/lib/python3.8/site-packages/airflow/example_dags/tutorial.py
[2021-03-09 20:02:48,598] {scheduler_job.py:629} INFO - Processing file /home/airflow/venv/lib/python3.8/site-packages/airflow/example_dags/tutorial.py for tasks to queue
[2021-03-09 20:02:48,599] {logging_mixin.py:103} INFO - [2021-03-09 20:02:48,599] {dagbag.py:440} INFO - Filling up the DagBag from /home/airflow/venv/lib/python3.8/site-packages/airflow/example_dags/tutorial.py
[2021-03-09 20:02:48,611] {scheduler_job.py:639} INFO - DAG(s) dict_keys(['tutorial']) retrieved from /home/airflow/venv/lib/python3.8/site-packages/airflow/example_dags/tutorial.py
[2021-03-09 20:02:48,612] {logging_mixin.py:103} INFO - [2021-03-09 20:02:48,612] {dag.py:1813} INFO - Sync 1 DAGs
[2021-03-09 20:02:48,625] {logging_mixin.py:103} INFO - [2021-03-09 20:02:48,625] {dag.py:2266} INFO - Setting next_dagrun for tutorial to 2021-03-07 00:00:00+00:00
[2021-03-09 20:02:48,636] {scheduler_job.py:189} INFO - Processing /home/airflow/venv/lib/python3.8/site-packages/airflow/example_dags/tutorial.py took 0.045 seconds
[2021-03-09 20:03:14,138] {scheduler_job.py:181} INFO - Started process (PID=4761) to work on /home/airflow/venv/lib/python3.8/site-packages/airflow/example_dags/tutorial.py
[2021-03-09 20:03:14,139] {scheduler_job.py:629} INFO - Processing file /home/airflow/venv/lib/python3.8/site-packages/airflow/example_dags/tutorial.py for tasks to queue
[2021-03-09 20:03:14,139] {logging_mixin.py:103} INFO - [2021-03-09 20:03:14,139] {dagbag.py:440} INFO - Filling up the DagBag from /home/airflow/venv/lib/python3.8/site-packages/airflow/example_dags/tutorial.py
[2021-03-09 20:03:14,147] {scheduler_job.py:639} INFO - DAG(s) dict_keys(['tutorial']) retrieved from /home/airflow/venv/lib/python3.8/site-packages/airflow/example_dags/tutorial.py
[2021-03-09 20:03:14,148] {logging_mixin.py:103} INFO - [2021-03-09 20:03:14,148] {dag.py:1813} INFO - Sync 1 DAGs
[2021-03-09 20:03:14,167] {logging_mixin.py:103} INFO - [2021-03-09 20:03:14,167] {dag.py:2266} INFO - Setting next_dagrun for tutorial to 2021-03-07 00:00:00+00:00
[2021-03-09 20:03:14,186] {scheduler_job.py:189} INFO - Processing /home/airflow/venv/lib/python3.8/site-packages/airflow/example_dags/tutorial.py took 0.053 seconds
[2021-03-09 20:03:40,055] {scheduler_job.py:181} INFO - Started process (PID=4813) to work on /home/airflow/venv/lib/python3.8/site-packages/airflow/example_dags/tutorial.py
[2021-03-09 20:03:40,057] {scheduler_job.py:629} INFO - Processing file /home/airflow/venv/lib/python3.8/site-packages/airflow/example_dags/tutorial.py for tasks to queue
[2021-03-09 20:03:40,058] {logging_mixin.py:103} INFO - [2021-03-09 20:03:40,058] {dagbag.py:440} INFO - Filling up the DagBag from /home/airflow/venv/lib/python3.8/site-packages/airflow/example_dags/tutorial.py
[2021-03-09 20:03:40,066] {scheduler_job.py:639} INFO - DAG(s) dict_keys(['tutorial']) retrieved from /home/airflow/venv/lib/python3.8/site-packages/airflow/example_dags/tutorial.py
[2021-03-09 20:03:40,067] {logging_mixin.py:103} INFO - [2021-03-09 20:03:40,067] {dag.py:1813} INFO - Sync 1 DAGs
[2021-03-09 20:03:40,090] {logging_mixin.py:103} INFO - [2021-03-09 20:03:40,089] {dag.py:2266} INFO - Setting next_dagrun for tutorial to 2021-03-07 00:00:00+00:00
[2021-03-09 20:03:40,102] {scheduler_job.py:189} INFO - Processing /home/airflow/venv/lib/python3.8/site-packages/airflow/example_dags/tutorial.py took 0.050 seconds
[2021-03-09 20:04:06,373] {scheduler_job.py:181} INFO - Started process (PID=4871) to work on /home/airflow/venv/lib/python3.8/site-packages/airflow/example_dags/tutorial.py
[2021-03-09 20:04:06,374] {scheduler_job.py:629} INFO - Processing file /home/airflow/venv/lib/python3.8/site-packages/airflow/example_dags/tutorial.py for tasks to queue
[2021-03-09 20:04:06,374] {logging_mixin.py:103} INFO - [2021-03-09 20:04:06,374] {dagbag.py:440} INFO - Filling up the DagBag from /home/airflow/venv/lib/python3.8/site-packages/airflow/example_dags/tutorial.py
[2021-03-09 20:04:06,383] {scheduler_job.py:639} INFO - DAG(s) dict_keys(['tutorial']) retrieved from /home/airflow/venv/lib/python3.8/site-packages/airflow/example_dags/tutorial.py
[2021-03-09 20:04:06,384] {logging_mixin.py:103} INFO - [2021-03-09 20:04:06,384] {dag.py:1813} INFO - Sync 1 DAGs
[2021-03-09 20:04:06,397] {logging_mixin.py:103} INFO - [2021-03-09 20:04:06,397] {dag.py:2266} INFO - Setting next_dagrun for tutorial to 2021-03-07 00:00:00+00:00
[2021-03-09 20:04:06,407] {scheduler_job.py:189} INFO - Processing /home/airflow/venv/lib/python3.8/site-packages/airflow/example_dags/tutorial.py took 0.041 seconds
[2021-03-09 20:04:31,641] {scheduler_job.py:181} INFO - Started process (PID=4929) to work on /home/airflow/venv/lib/python3.8/site-packages/airflow/example_dags/tutorial.py
[2021-03-09 20:04:31,642] {scheduler_job.py:629} INFO - Processing file /home/airflow/venv/lib/python3.8/site-packages/airflow/example_dags/tutorial.py for tasks to queue
[2021-03-09 20:04:31,647] {logging_mixin.py:103} INFO - [2021-03-09 20:04:31,647] {dagbag.py:440} INFO - Filling up the DagBag from /home/airflow/venv/lib/python3.8/site-packages/airflow/example_dags/tutorial.py
[2021-03-09 20:04:31,655] {scheduler_job.py:639} INFO - DAG(s) dict_keys(['tutorial']) retrieved from /home/airflow/venv/lib/python3.8/site-packages/airflow/example_dags/tutorial.py
[2021-03-09 20:04:31,656] {logging_mixin.py:103} INFO - [2021-03-09 20:04:31,656] {dag.py:1813} INFO - Sync 1 DAGs
[2021-03-09 20:04:31,673] {logging_mixin.py:103} INFO - [2021-03-09 20:04:31,673] {dag.py:2266} INFO - Setting next_dagrun for tutorial to 2021-03-07 00:00:00+00:00
[2021-03-09 20:04:31,686] {scheduler_job.py:189} INFO - Processing /home/airflow/venv/lib/python3.8/site-packages/airflow/example_dags/tutorial.py took 0.052 seconds
[2021-03-09 20:04:56,945] {scheduler_job.py:181} INFO - Started process (PID=5010) to work on /home/airflow/venv/lib/python3.8/site-packages/airflow/example_dags/tutorial.py
[2021-03-09 20:04:56,946] {scheduler_job.py:629} INFO - Processing file /home/airflow/venv/lib/python3.8/site-packages/airflow/example_dags/tutorial.py for tasks to queue
[2021-03-09 20:04:56,947] {logging_mixin.py:103} INFO - [2021-03-09 20:04:56,947] {dagbag.py:440} INFO - Filling up the DagBag from /home/airflow/venv/lib/python3.8/site-packages/airflow/example_dags/tutorial.py
[2021-03-09 20:04:56,962] {scheduler_job.py:639} INFO - DAG(s) dict_keys(['tutorial']) retrieved from /home/airflow/venv/lib/python3.8/site-packages/airflow/example_dags/tutorial.py
[2021-03-09 20:04:56,962] {logging_mixin.py:103} INFO - [2021-03-09 20:04:56,962] {dag.py:1813} INFO - Sync 1 DAGs
[2021-03-09 20:04:56,979] {logging_mixin.py:103} INFO - [2021-03-09 20:04:56,979] {dag.py:2266} INFO - Setting next_dagrun for tutorial to 2021-03-07 00:00:00+00:00
[2021-03-09 20:04:56,993] {scheduler_job.py:189} INFO - Processing /home/airflow/venv/lib/python3.8/site-packages/airflow/example_dags/tutorial.py took 0.054 seconds
[2021-03-09 20:05:23,252] {scheduler_job.py:181} INFO - Started process (PID=5076) to work on /home/airflow/venv/lib/python3.8/site-packages/airflow/example_dags/tutorial.py
[2021-03-09 20:05:23,253] {scheduler_job.py:629} INFO - Processing file /home/airflow/venv/lib/python3.8/site-packages/airflow/example_dags/tutorial.py for tasks to queue
[2021-03-09 20:05:23,254] {logging_mixin.py:103} INFO - [2021-03-09 20:05:23,254] {dagbag.py:440} INFO - Filling up the DagBag from /home/airflow/venv/lib/python3.8/site-packages/airflow/example_dags/tutorial.py
[2021-03-09 20:05:23,265] {scheduler_job.py:639} INFO - DAG(s) dict_keys(['tutorial']) retrieved from /home/airflow/venv/lib/python3.8/site-packages/airflow/example_dags/tutorial.py
[2021-03-09 20:05:23,266] {logging_mixin.py:103} INFO - [2021-03-09 20:05:23,266] {dag.py:1813} INFO - Sync 1 DAGs
[2021-03-09 20:05:23,283] {logging_mixin.py:103} INFO - [2021-03-09 20:05:23,283] {dag.py:2266} INFO - Setting next_dagrun for tutorial to 2021-03-07 00:00:00+00:00
[2021-03-09 20:05:23,296] {scheduler_job.py:189} INFO - Processing /home/airflow/venv/lib/python3.8/site-packages/airflow/example_dags/tutorial.py took 0.050 seconds
[2021-03-09 20:05:48,555] {scheduler_job.py:181} INFO - Started process (PID=5140) to work on /home/airflow/venv/lib/python3.8/site-packages/airflow/example_dags/tutorial.py
[2021-03-09 20:05:48,556] {scheduler_job.py:629} INFO - Processing file /home/airflow/venv/lib/python3.8/site-packages/airflow/example_dags/tutorial.py for tasks to queue
[2021-03-09 20:05:48,557] {logging_mixin.py:103} INFO - [2021-03-09 20:05:48,557] {dagbag.py:440} INFO - Filling up the DagBag from /home/airflow/venv/lib/python3.8/site-packages/airflow/example_dags/tutorial.py
[2021-03-09 20:05:48,564] {scheduler_job.py:639} INFO - DAG(s) dict_keys(['tutorial']) retrieved from /home/airflow/venv/lib/python3.8/site-packages/airflow/example_dags/tutorial.py
[2021-03-09 20:05:48,565] {logging_mixin.py:103} INFO - [2021-03-09 20:05:48,565] {dag.py:1813} INFO - Sync 1 DAGs
[2021-03-09 20:05:48,580] {logging_mixin.py:103} INFO - [2021-03-09 20:05:48,580] {dag.py:2266} INFO - Setting next_dagrun for tutorial to 2021-03-07 00:00:00+00:00
[2021-03-09 20:05:48,591] {scheduler_job.py:189} INFO - Processing /home/airflow/venv/lib/python3.8/site-packages/airflow/example_dags/tutorial.py took 0.044 seconds
[2021-03-09 20:06:14,896] {scheduler_job.py:181} INFO - Started process (PID=5209) to work on /home/airflow/venv/lib/python3.8/site-packages/airflow/example_dags/tutorial.py
[2021-03-09 20:06:14,897] {scheduler_job.py:629} INFO - Processing file /home/airflow/venv/lib/python3.8/site-packages/airflow/example_dags/tutorial.py for tasks to queue
[2021-03-09 20:06:14,898] {logging_mixin.py:103} INFO - [2021-03-09 20:06:14,898] {dagbag.py:440} INFO - Filling up the DagBag from /home/airflow/venv/lib/python3.8/site-packages/airflow/example_dags/tutorial.py
[2021-03-09 20:06:14,911] {scheduler_job.py:639} INFO - DAG(s) dict_keys(['tutorial']) retrieved from /home/airflow/venv/lib/python3.8/site-packages/airflow/example_dags/tutorial.py
[2021-03-09 20:06:14,912] {logging_mixin.py:103} INFO - [2021-03-09 20:06:14,912] {dag.py:1813} INFO - Sync 1 DAGs
[2021-03-09 20:06:14,928] {logging_mixin.py:103} INFO - [2021-03-09 20:06:14,928] {dag.py:2266} INFO - Setting next_dagrun for tutorial to 2021-03-07 00:00:00+00:00
[2021-03-09 20:06:14,941] {scheduler_job.py:189} INFO - Processing /home/airflow/venv/lib/python3.8/site-packages/airflow/example_dags/tutorial.py took 0.057 seconds
[2021-03-09 20:06:40,855] {scheduler_job.py:181} INFO - Started process (PID=5276) to work on /home/airflow/venv/lib/python3.8/site-packages/airflow/example_dags/tutorial.py
[2021-03-09 20:06:40,860] {scheduler_job.py:629} INFO - Processing file /home/airflow/venv/lib/python3.8/site-packages/airflow/example_dags/tutorial.py for tasks to queue
[2021-03-09 20:06:40,861] {logging_mixin.py:103} INFO - [2021-03-09 20:06:40,860] {dagbag.py:440} INFO - Filling up the DagBag from /home/airflow/venv/lib/python3.8/site-packages/airflow/example_dags/tutorial.py
[2021-03-09 20:06:40,870] {scheduler_job.py:639} INFO - DAG(s) dict_keys(['tutorial']) retrieved from /home/airflow/venv/lib/python3.8/site-packages/airflow/example_dags/tutorial.py
[2021-03-09 20:06:40,871] {logging_mixin.py:103} INFO - [2021-03-09 20:06:40,871] {dag.py:1813} INFO - Sync 1 DAGs
[2021-03-09 20:06:40,893] {logging_mixin.py:103} INFO - [2021-03-09 20:06:40,893] {dag.py:2266} INFO - Setting next_dagrun for tutorial to 2021-03-07 00:00:00+00:00
[2021-03-09 20:06:40,906] {scheduler_job.py:189} INFO - Processing /home/airflow/venv/lib/python3.8/site-packages/airflow/example_dags/tutorial.py took 0.054 seconds
[2021-03-09 20:07:06,611] {scheduler_job.py:181} INFO - Started process (PID=5348) to work on /home/airflow/venv/lib/python3.8/site-packages/airflow/example_dags/tutorial.py
[2021-03-09 20:07:06,616] {scheduler_job.py:629} INFO - Processing file /home/airflow/venv/lib/python3.8/site-packages/airflow/example_dags/tutorial.py for tasks to queue
[2021-03-09 20:07:06,616] {logging_mixin.py:103} INFO - [2021-03-09 20:07:06,616] {dagbag.py:440} INFO - Filling up the DagBag from /home/airflow/venv/lib/python3.8/site-packages/airflow/example_dags/tutorial.py
[2021-03-09 20:07:06,624] {scheduler_job.py:639} INFO - DAG(s) dict_keys(['tutorial']) retrieved from /home/airflow/venv/lib/python3.8/site-packages/airflow/example_dags/tutorial.py
[2021-03-09 20:07:06,625] {logging_mixin.py:103} INFO - [2021-03-09 20:07:06,624] {dag.py:1813} INFO - Sync 1 DAGs
[2021-03-09 20:07:06,639] {logging_mixin.py:103} INFO - [2021-03-09 20:07:06,639] {dag.py:2266} INFO - Setting next_dagrun for tutorial to 2021-03-07 00:00:00+00:00
[2021-03-09 20:07:06,649] {scheduler_job.py:189} INFO - Processing /home/airflow/venv/lib/python3.8/site-packages/airflow/example_dags/tutorial.py took 0.041 seconds
[2021-03-09 20:07:31,906] {scheduler_job.py:181} INFO - Started process (PID=5427) to work on /home/airflow/venv/lib/python3.8/site-packages/airflow/example_dags/tutorial.py
[2021-03-09 20:07:31,907] {scheduler_job.py:629} INFO - Processing file /home/airflow/venv/lib/python3.8/site-packages/airflow/example_dags/tutorial.py for tasks to queue
[2021-03-09 20:07:31,910] {logging_mixin.py:103} INFO - [2021-03-09 20:07:31,910] {dagbag.py:440} INFO - Filling up the DagBag from /home/airflow/venv/lib/python3.8/site-packages/airflow/example_dags/tutorial.py
[2021-03-09 20:07:31,918] {scheduler_job.py:639} INFO - DAG(s) dict_keys(['tutorial']) retrieved from /home/airflow/venv/lib/python3.8/site-packages/airflow/example_dags/tutorial.py
[2021-03-09 20:07:31,919] {logging_mixin.py:103} INFO - [2021-03-09 20:07:31,919] {dag.py:1813} INFO - Sync 1 DAGs
[2021-03-09 20:07:31,936] {logging_mixin.py:103} INFO - [2021-03-09 20:07:31,936] {dag.py:2266} INFO - Setting next_dagrun for tutorial to 2021-03-07 00:00:00+00:00
[2021-03-09 20:07:31,949] {scheduler_job.py:189} INFO - Processing /home/airflow/venv/lib/python3.8/site-packages/airflow/example_dags/tutorial.py took 0.050 seconds
[2021-03-09 20:07:58,055] {scheduler_job.py:181} INFO - Started process (PID=5491) to work on /home/airflow/venv/lib/python3.8/site-packages/airflow/example_dags/tutorial.py
[2021-03-09 20:07:58,064] {scheduler_job.py:629} INFO - Processing file /home/airflow/venv/lib/python3.8/site-packages/airflow/example_dags/tutorial.py for tasks to queue
[2021-03-09 20:07:58,065] {logging_mixin.py:103} INFO - [2021-03-09 20:07:58,065] {dagbag.py:440} INFO - Filling up the DagBag from /home/airflow/venv/lib/python3.8/site-packages/airflow/example_dags/tutorial.py
[2021-03-09 20:07:58,095] {scheduler_job.py:639} INFO - DAG(s) dict_keys(['tutorial']) retrieved from /home/airflow/venv/lib/python3.8/site-packages/airflow/example_dags/tutorial.py
[2021-03-09 20:07:58,096] {logging_mixin.py:103} INFO - [2021-03-09 20:07:58,096] {dag.py:1813} INFO - Sync 1 DAGs
[2021-03-09 20:07:58,119] {logging_mixin.py:103} INFO - [2021-03-09 20:07:58,118] {dag.py:2266} INFO - Setting next_dagrun for tutorial to 2021-03-07 00:00:00+00:00
[2021-03-09 20:07:58,148] {scheduler_job.py:189} INFO - Processing /home/airflow/venv/lib/python3.8/site-packages/airflow/example_dags/tutorial.py took 0.096 seconds
[2021-03-09 20:08:25,417] {scheduler_job.py:181} INFO - Started process (PID=5569) to work on /home/airflow/venv/lib/python3.8/site-packages/airflow/example_dags/tutorial.py
[2021-03-09 20:08:25,418] {scheduler_job.py:629} INFO - Processing file /home/airflow/venv/lib/python3.8/site-packages/airflow/example_dags/tutorial.py for tasks to queue
[2021-03-09 20:08:25,418] {logging_mixin.py:103} INFO - [2021-03-09 20:08:25,418] {dagbag.py:440} INFO - Filling up the DagBag from /home/airflow/venv/lib/python3.8/site-packages/airflow/example_dags/tutorial.py
[2021-03-09 20:08:25,430] {scheduler_job.py:639} INFO - DAG(s) dict_keys(['tutorial']) retrieved from /home/airflow/venv/lib/python3.8/site-packages/airflow/example_dags/tutorial.py
[2021-03-09 20:08:25,430] {logging_mixin.py:103} INFO - [2021-03-09 20:08:25,430] {dag.py:1813} INFO - Sync 1 DAGs
[2021-03-09 20:08:25,444] {logging_mixin.py:103} INFO - [2021-03-09 20:08:25,444] {dag.py:2266} INFO - Setting next_dagrun for tutorial to 2021-03-07 00:00:00+00:00
[2021-03-09 20:08:25,453] {scheduler_job.py:189} INFO - Processing /home/airflow/venv/lib/python3.8/site-packages/airflow/example_dags/tutorial.py took 0.042 seconds
[2021-03-09 20:08:50,717] {scheduler_job.py:181} INFO - Started process (PID=5633) to work on /home/airflow/venv/lib/python3.8/site-packages/airflow/example_dags/tutorial.py
[2021-03-09 20:08:50,718] {scheduler_job.py:629} INFO - Processing file /home/airflow/venv/lib/python3.8/site-packages/airflow/example_dags/tutorial.py for tasks to queue
[2021-03-09 20:08:50,718] {logging_mixin.py:103} INFO - [2021-03-09 20:08:50,718] {dagbag.py:440} INFO - Filling up the DagBag from /home/airflow/venv/lib/python3.8/site-packages/airflow/example_dags/tutorial.py
[2021-03-09 20:08:50,726] {scheduler_job.py:639} INFO - DAG(s) dict_keys(['tutorial']) retrieved from /home/airflow/venv/lib/python3.8/site-packages/airflow/example_dags/tutorial.py
[2021-03-09 20:08:50,727] {logging_mixin.py:103} INFO - [2021-03-09 20:08:50,727] {dag.py:1813} INFO - Sync 1 DAGs
[2021-03-09 20:08:50,739] {logging_mixin.py:103} INFO - [2021-03-09 20:08:50,739] {dag.py:2266} INFO - Setting next_dagrun for tutorial to 2021-03-07 00:00:00+00:00
[2021-03-09 20:08:50,748] {scheduler_job.py:189} INFO - Processing /home/airflow/venv/lib/python3.8/site-packages/airflow/example_dags/tutorial.py took 0.038 seconds
[2021-03-09 20:09:15,986] {scheduler_job.py:181} INFO - Started process (PID=5701) to work on /home/airflow/venv/lib/python3.8/site-packages/airflow/example_dags/tutorial.py
[2021-03-09 20:09:15,987] {scheduler_job.py:629} INFO - Processing file /home/airflow/venv/lib/python3.8/site-packages/airflow/example_dags/tutorial.py for tasks to queue
[2021-03-09 20:09:15,988] {logging_mixin.py:103} INFO - [2021-03-09 20:09:15,988] {dagbag.py:440} INFO - Filling up the DagBag from /home/airflow/venv/lib/python3.8/site-packages/airflow/example_dags/tutorial.py
[2021-03-09 20:09:15,997] {scheduler_job.py:639} INFO - DAG(s) dict_keys(['tutorial']) retrieved from /home/airflow/venv/lib/python3.8/site-packages/airflow/example_dags/tutorial.py
[2021-03-09 20:09:15,997] {logging_mixin.py:103} INFO - [2021-03-09 20:09:15,997] {dag.py:1813} INFO - Sync 1 DAGs
[2021-03-09 20:09:16,010] {logging_mixin.py:103} INFO - [2021-03-09 20:09:16,010] {dag.py:2266} INFO - Setting next_dagrun for tutorial to 2021-03-07 00:00:00+00:00
[2021-03-09 20:09:16,020] {scheduler_job.py:189} INFO - Processing /home/airflow/venv/lib/python3.8/site-packages/airflow/example_dags/tutorial.py took 0.035 seconds
[2021-03-09 20:09:41,429] {scheduler_job.py:181} INFO - Started process (PID=5765) to work on /home/airflow/venv/lib/python3.8/site-packages/airflow/example_dags/tutorial.py
[2021-03-09 20:09:41,429] {scheduler_job.py:629} INFO - Processing file /home/airflow/venv/lib/python3.8/site-packages/airflow/example_dags/tutorial.py for tasks to queue
[2021-03-09 20:09:41,430] {logging_mixin.py:103} INFO - [2021-03-09 20:09:41,430] {dagbag.py:440} INFO - Filling up the DagBag from /home/airflow/venv/lib/python3.8/site-packages/airflow/example_dags/tutorial.py
[2021-03-09 20:09:41,437] {scheduler_job.py:639} INFO - DAG(s) dict_keys(['tutorial']) retrieved from /home/airflow/venv/lib/python3.8/site-packages/airflow/example_dags/tutorial.py
[2021-03-09 20:09:41,443] {logging_mixin.py:103} INFO - [2021-03-09 20:09:41,443] {dag.py:1813} INFO - Sync 1 DAGs
[2021-03-09 20:09:41,455] {logging_mixin.py:103} INFO - [2021-03-09 20:09:41,455] {dag.py:2266} INFO - Setting next_dagrun for tutorial to 2021-03-07 00:00:00+00:00
[2021-03-09 20:09:41,466] {scheduler_job.py:189} INFO - Processing /home/airflow/venv/lib/python3.8/site-packages/airflow/example_dags/tutorial.py took 0.047 seconds
[2021-03-09 20:10:08,651] {scheduler_job.py:181} INFO - Started process (PID=5833) to work on /home/airflow/venv/lib/python3.8/site-packages/airflow/example_dags/tutorial.py
[2021-03-09 20:10:08,652] {scheduler_job.py:629} INFO - Processing file /home/airflow/venv/lib/python3.8/site-packages/airflow/example_dags/tutorial.py for tasks to queue
[2021-03-09 20:10:08,656] {logging_mixin.py:103} INFO - [2021-03-09 20:10:08,656] {dagbag.py:440} INFO - Filling up the DagBag from /home/airflow/venv/lib/python3.8/site-packages/airflow/example_dags/tutorial.py
[2021-03-09 20:10:08,662] {scheduler_job.py:639} INFO - DAG(s) dict_keys(['tutorial']) retrieved from /home/airflow/venv/lib/python3.8/site-packages/airflow/example_dags/tutorial.py
[2021-03-09 20:10:08,663] {logging_mixin.py:103} INFO - [2021-03-09 20:10:08,663] {dag.py:1813} INFO - Sync 1 DAGs
[2021-03-09 20:10:08,675] {logging_mixin.py:103} INFO - [2021-03-09 20:10:08,675] {dag.py:2266} INFO - Setting next_dagrun for tutorial to 2021-03-07 00:00:00+00:00
[2021-03-09 20:10:08,685] {scheduler_job.py:189} INFO - Processing /home/airflow/venv/lib/python3.8/site-packages/airflow/example_dags/tutorial.py took 0.036 seconds
[2021-03-09 20:10:34,929] {scheduler_job.py:181} INFO - Started process (PID=5900) to work on /home/airflow/venv/lib/python3.8/site-packages/airflow/example_dags/tutorial.py
[2021-03-09 20:10:34,933] {scheduler_job.py:629} INFO - Processing file /home/airflow/venv/lib/python3.8/site-packages/airflow/example_dags/tutorial.py for tasks to queue
[2021-03-09 20:10:34,933] {logging_mixin.py:103} INFO - [2021-03-09 20:10:34,933] {dagbag.py:440} INFO - Filling up the DagBag from /home/airflow/venv/lib/python3.8/site-packages/airflow/example_dags/tutorial.py
[2021-03-09 20:10:34,942] {scheduler_job.py:639} INFO - DAG(s) dict_keys(['tutorial']) retrieved from /home/airflow/venv/lib/python3.8/site-packages/airflow/example_dags/tutorial.py
[2021-03-09 20:10:34,946] {logging_mixin.py:103} INFO - [2021-03-09 20:10:34,943] {dag.py:1813} INFO - Sync 1 DAGs
[2021-03-09 20:10:34,966] {logging_mixin.py:103} INFO - [2021-03-09 20:10:34,966] {dag.py:2266} INFO - Setting next_dagrun for tutorial to 2021-03-07 00:00:00+00:00
[2021-03-09 20:10:34,978] {scheduler_job.py:189} INFO - Processing /home/airflow/venv/lib/python3.8/site-packages/airflow/example_dags/tutorial.py took 0.054 seconds
