[2021-04-05 09:30:03,042] {taskinstance.py:826} INFO - Dependencies all met for <TaskInstance: baxa_lead_importer.main 2021-04-05T09:20:00+00:00 [queued]>
[2021-04-05 09:30:03,091] {taskinstance.py:826} INFO - Dependencies all met for <TaskInstance: baxa_lead_importer.main 2021-04-05T09:20:00+00:00 [queued]>
[2021-04-05 09:30:03,091] {taskinstance.py:1017} INFO - 
--------------------------------------------------------------------------------
[2021-04-05 09:30:03,091] {taskinstance.py:1018} INFO - Starting attempt 1 of 2
[2021-04-05 09:30:03,091] {taskinstance.py:1019} INFO - 
--------------------------------------------------------------------------------
[2021-04-05 09:30:03,143] {taskinstance.py:1038} INFO - Executing <Task(BashOperator): main> on 2021-04-05T09:20:00+00:00
[2021-04-05 09:30:03,146] {standard_task_runner.py:51} INFO - Started process 632757 to run task
[2021-04-05 09:30:03,179] {standard_task_runner.py:75} INFO - Running: ['airflow', 'tasks', 'run', 'baxa_lead_importer', 'main', '2021-04-05T09:20:00+00:00', '--job-id', '367', '--pool', 'default_pool', '--raw', '--subdir', 'DAGS_FOLDER/baxa_lead_importer.py', '--cfg-path', '/tmp/tmpeqkbdybt']
[2021-04-05 09:30:03,199] {standard_task_runner.py:76} INFO - Job 367: Subtask main
[2021-04-05 09:30:03,427] {logging_mixin.py:103} INFO - Running <TaskInstance: baxa_lead_importer.main 2021-04-05T09:20:00+00:00 [running]> on host airflowvm
[2021-04-05 09:30:03,648] {taskinstance.py:1230} INFO - Exporting the following env vars:
AIRFLOW_CTX_DAG_EMAIL=arun.padmanabhan00@gmail.com
AIRFLOW_CTX_DAG_OWNER=airflow
AIRFLOW_CTX_DAG_ID=baxa_lead_importer
AIRFLOW_CTX_TASK_ID=main
AIRFLOW_CTX_EXECUTION_DATE=2021-04-05T09:20:00+00:00
AIRFLOW_CTX_DAG_RUN_ID=scheduled__2021-04-05T09:20:00+00:00
[2021-04-05 09:30:03,648] {bash.py:135} INFO - Tmp dir root location: 
 /tmp
[2021-04-05 09:30:03,649] {bash.py:158} INFO - Running command: sleep 20
[2021-04-05 09:30:03,692] {bash.py:169} INFO - Output:
[2021-04-05 09:30:23,711] {bash.py:177} INFO - Command exited with return code 0
[2021-04-05 09:30:23,781] {taskinstance.py:1135} INFO - Marking task as SUCCESS. dag_id=baxa_lead_importer, task_id=main, execution_date=20210405T092000, start_date=20210405T093003, end_date=20210405T093023
[2021-04-05 09:30:23,853] {taskinstance.py:1195} INFO - 0 downstream tasks scheduled from follow-on schedule check
[2021-04-05 09:30:23,879] {local_task_job.py:118} INFO - Task exited with return code 0
