[2021-03-11 04:25:24,056] {taskinstance.py:826} INFO - Dependencies all met for <TaskInstance: parallel_dag.processing_tasks.bash3 2021-03-11T04:25:18.026530+00:00 [queued]>
[2021-03-11 04:25:24,103] {taskinstance.py:826} INFO - Dependencies all met for <TaskInstance: parallel_dag.processing_tasks.bash3 2021-03-11T04:25:18.026530+00:00 [queued]>
[2021-03-11 04:25:24,103] {taskinstance.py:1017} INFO - 
--------------------------------------------------------------------------------
[2021-03-11 04:25:24,103] {taskinstance.py:1018} INFO - Starting attempt 1 of 1
[2021-03-11 04:25:24,103] {taskinstance.py:1019} INFO - 
--------------------------------------------------------------------------------
[2021-03-11 04:25:24,128] {taskinstance.py:1038} INFO - Executing <Task(BashOperator): processing_tasks.bash3> on 2021-03-11T04:25:18.026530+00:00
[2021-03-11 04:25:24,133] {standard_task_runner.py:75} INFO - Running: ['airflow', 'tasks', 'run', 'parallel_dag', 'processing_tasks.bash3', '2021-03-11T04:25:18.026530+00:00', '--job-id', '92', '--pool', 'default_pool', '--raw', '--subdir', 'DAGS_FOLDER/parallel_dag.py', '--cfg-path', '/tmp/tmp3bcwssmo']
[2021-03-11 04:25:24,134] {standard_task_runner.py:76} INFO - Job 92: Subtask processing_tasks.bash3
[2021-03-11 04:25:24,152] {standard_task_runner.py:51} INFO - Started process 13372 to run task
[2021-03-11 04:25:24,298] {logging_mixin.py:103} INFO - Running <TaskInstance: parallel_dag.processing_tasks.bash3 2021-03-11T04:25:18.026530+00:00 [running]> on host airflowvm
[2021-03-11 04:25:24,457] {taskinstance.py:1230} INFO - Exporting the following env vars:
AIRFLOW_CTX_DAG_OWNER=airflow
AIRFLOW_CTX_DAG_ID=parallel_dag
AIRFLOW_CTX_TASK_ID=processing_tasks.bash3
AIRFLOW_CTX_EXECUTION_DATE=2021-03-11T04:25:18.026530+00:00
AIRFLOW_CTX_DAG_RUN_ID=manual__2021-03-11T04:25:18.026530+00:00
[2021-03-11 04:25:24,458] {bash.py:135} INFO - Tmp dir root location: 
 /tmp
[2021-03-11 04:25:24,458] {bash.py:158} INFO - Running command: sleep 3
[2021-03-11 04:25:24,464] {bash.py:169} INFO - Output:
[2021-03-11 04:25:27,472] {bash.py:177} INFO - Command exited with return code 0
[2021-03-11 04:25:27,552] {taskinstance.py:1135} INFO - Marking task as SUCCESS. dag_id=parallel_dag, task_id=processing_tasks.bash3, execution_date=20210311T042518, start_date=20210311T042524, end_date=20210311T042527
[2021-03-11 04:25:27,644] {taskinstance.py:1195} INFO - 1 downstream tasks scheduled from follow-on schedule check
[2021-03-11 04:25:27,657] {local_task_job.py:118} INFO - Task exited with return code 0
