[2021-03-09 18:54:46,025] {scheduler_job.py:181} INFO - Started process (PID=9399) to work on /home/airflow/venv/lib/python3.8/site-packages/airflow/example_dags/subdags/subdag.py
[2021-03-09 18:54:46,027] {scheduler_job.py:629} INFO - Processing file /home/airflow/venv/lib/python3.8/site-packages/airflow/example_dags/subdags/subdag.py for tasks to queue
[2021-03-09 18:54:46,027] {logging_mixin.py:103} INFO - [2021-03-09 18:54:46,027] {dagbag.py:440} INFO - Filling up the DagBag from /home/airflow/venv/lib/python3.8/site-packages/airflow/example_dags/subdags/subdag.py
[2021-03-09 18:54:46,032] {scheduler_job.py:641} WARNING - No viable dags retrieved from /home/airflow/venv/lib/python3.8/site-packages/airflow/example_dags/subdags/subdag.py
[2021-03-09 18:54:46,065] {scheduler_job.py:189} INFO - Processing /home/airflow/venv/lib/python3.8/site-packages/airflow/example_dags/subdags/subdag.py took 0.045 seconds
[2021-03-09 18:55:18,578] {scheduler_job.py:181} INFO - Started process (PID=9466) to work on /home/airflow/venv/lib/python3.8/site-packages/airflow/example_dags/subdags/subdag.py
[2021-03-09 18:55:18,580] {scheduler_job.py:629} INFO - Processing file /home/airflow/venv/lib/python3.8/site-packages/airflow/example_dags/subdags/subdag.py for tasks to queue
[2021-03-09 18:55:18,581] {logging_mixin.py:103} INFO - [2021-03-09 18:55:18,580] {dagbag.py:440} INFO - Filling up the DagBag from /home/airflow/venv/lib/python3.8/site-packages/airflow/example_dags/subdags/subdag.py
[2021-03-09 18:55:18,586] {scheduler_job.py:641} WARNING - No viable dags retrieved from /home/airflow/venv/lib/python3.8/site-packages/airflow/example_dags/subdags/subdag.py
[2021-03-09 18:55:18,624] {scheduler_job.py:189} INFO - Processing /home/airflow/venv/lib/python3.8/site-packages/airflow/example_dags/subdags/subdag.py took 0.050 seconds
[2021-03-09 18:55:55,632] {scheduler_job.py:181} INFO - Started process (PID=9538) to work on /home/airflow/venv/lib/python3.8/site-packages/airflow/example_dags/subdags/subdag.py
[2021-03-09 18:55:55,633] {scheduler_job.py:629} INFO - Processing file /home/airflow/venv/lib/python3.8/site-packages/airflow/example_dags/subdags/subdag.py for tasks to queue
[2021-03-09 18:55:55,634] {logging_mixin.py:103} INFO - [2021-03-09 18:55:55,633] {dagbag.py:440} INFO - Filling up the DagBag from /home/airflow/venv/lib/python3.8/site-packages/airflow/example_dags/subdags/subdag.py
[2021-03-09 18:55:55,679] {scheduler_job.py:641} WARNING - No viable dags retrieved from /home/airflow/venv/lib/python3.8/site-packages/airflow/example_dags/subdags/subdag.py
[2021-03-09 18:55:55,721] {scheduler_job.py:189} INFO - Processing /home/airflow/venv/lib/python3.8/site-packages/airflow/example_dags/subdags/subdag.py took 0.094 seconds
[2021-03-09 18:56:40,579] {scheduler_job.py:181} INFO - Started process (PID=9617) to work on /home/airflow/venv/lib/python3.8/site-packages/airflow/example_dags/subdags/subdag.py
[2021-03-09 18:56:40,580] {scheduler_job.py:629} INFO - Processing file /home/airflow/venv/lib/python3.8/site-packages/airflow/example_dags/subdags/subdag.py for tasks to queue
[2021-03-09 18:56:40,581] {logging_mixin.py:103} INFO - [2021-03-09 18:56:40,581] {dagbag.py:440} INFO - Filling up the DagBag from /home/airflow/venv/lib/python3.8/site-packages/airflow/example_dags/subdags/subdag.py
[2021-03-09 18:56:40,621] {scheduler_job.py:641} WARNING - No viable dags retrieved from /home/airflow/venv/lib/python3.8/site-packages/airflow/example_dags/subdags/subdag.py
[2021-03-09 18:56:40,632] {scheduler_job.py:189} INFO - Processing /home/airflow/venv/lib/python3.8/site-packages/airflow/example_dags/subdags/subdag.py took 0.149 seconds
[2021-03-09 18:57:26,520] {scheduler_job.py:181} INFO - Started process (PID=9692) to work on /home/airflow/venv/lib/python3.8/site-packages/airflow/example_dags/subdags/subdag.py
[2021-03-09 18:57:26,523] {scheduler_job.py:629} INFO - Processing file /home/airflow/venv/lib/python3.8/site-packages/airflow/example_dags/subdags/subdag.py for tasks to queue
[2021-03-09 18:57:26,523] {logging_mixin.py:103} INFO - [2021-03-09 18:57:26,523] {dagbag.py:440} INFO - Filling up the DagBag from /home/airflow/venv/lib/python3.8/site-packages/airflow/example_dags/subdags/subdag.py
[2021-03-09 18:57:26,528] {scheduler_job.py:641} WARNING - No viable dags retrieved from /home/airflow/venv/lib/python3.8/site-packages/airflow/example_dags/subdags/subdag.py
[2021-03-09 18:57:26,613] {scheduler_job.py:189} INFO - Processing /home/airflow/venv/lib/python3.8/site-packages/airflow/example_dags/subdags/subdag.py took 0.098 seconds
[2021-03-09 19:11:05,503] {scheduler_job.py:181} INFO - Started process (PID=10314) to work on /home/airflow/venv/lib/python3.8/site-packages/airflow/example_dags/subdags/subdag.py
[2021-03-09 19:11:05,504] {scheduler_job.py:629} INFO - Processing file /home/airflow/venv/lib/python3.8/site-packages/airflow/example_dags/subdags/subdag.py for tasks to queue
[2021-03-09 19:11:05,505] {logging_mixin.py:103} INFO - [2021-03-09 19:11:05,504] {dagbag.py:440} INFO - Filling up the DagBag from /home/airflow/venv/lib/python3.8/site-packages/airflow/example_dags/subdags/subdag.py
[2021-03-09 19:11:05,509] {scheduler_job.py:641} WARNING - No viable dags retrieved from /home/airflow/venv/lib/python3.8/site-packages/airflow/example_dags/subdags/subdag.py
[2021-03-09 19:11:05,521] {scheduler_job.py:189} INFO - Processing /home/airflow/venv/lib/python3.8/site-packages/airflow/example_dags/subdags/subdag.py took 0.023 seconds
[2021-03-09 19:11:40,182] {scheduler_job.py:181} INFO - Started process (PID=10353) to work on /home/airflow/venv/lib/python3.8/site-packages/airflow/example_dags/subdags/subdag.py
[2021-03-09 19:11:40,197] {scheduler_job.py:629} INFO - Processing file /home/airflow/venv/lib/python3.8/site-packages/airflow/example_dags/subdags/subdag.py for tasks to queue
[2021-03-09 19:11:40,197] {logging_mixin.py:103} INFO - [2021-03-09 19:11:40,197] {dagbag.py:440} INFO - Filling up the DagBag from /home/airflow/venv/lib/python3.8/site-packages/airflow/example_dags/subdags/subdag.py
[2021-03-09 19:11:40,222] {scheduler_job.py:641} WARNING - No viable dags retrieved from /home/airflow/venv/lib/python3.8/site-packages/airflow/example_dags/subdags/subdag.py
[2021-03-09 19:11:40,288] {scheduler_job.py:189} INFO - Processing /home/airflow/venv/lib/python3.8/site-packages/airflow/example_dags/subdags/subdag.py took 0.127 seconds
[2021-03-09 19:12:09,409] {scheduler_job.py:181} INFO - Started process (PID=10382) to work on /home/airflow/venv/lib/python3.8/site-packages/airflow/example_dags/subdags/subdag.py
[2021-03-09 19:12:09,412] {scheduler_job.py:629} INFO - Processing file /home/airflow/venv/lib/python3.8/site-packages/airflow/example_dags/subdags/subdag.py for tasks to queue
[2021-03-09 19:12:09,413] {logging_mixin.py:103} INFO - [2021-03-09 19:12:09,412] {dagbag.py:440} INFO - Filling up the DagBag from /home/airflow/venv/lib/python3.8/site-packages/airflow/example_dags/subdags/subdag.py
[2021-03-09 19:12:09,417] {scheduler_job.py:641} WARNING - No viable dags retrieved from /home/airflow/venv/lib/python3.8/site-packages/airflow/example_dags/subdags/subdag.py
[2021-03-09 19:12:09,429] {scheduler_job.py:189} INFO - Processing /home/airflow/venv/lib/python3.8/site-packages/airflow/example_dags/subdags/subdag.py took 0.030 seconds
[2021-03-09 19:16:30,141] {scheduler_job.py:181} INFO - Started process (PID=1476) to work on /home/airflow/venv/lib/python3.8/site-packages/airflow/example_dags/subdags/subdag.py
[2021-03-09 19:16:30,144] {scheduler_job.py:629} INFO - Processing file /home/airflow/venv/lib/python3.8/site-packages/airflow/example_dags/subdags/subdag.py for tasks to queue
[2021-03-09 19:16:30,144] {logging_mixin.py:103} INFO - [2021-03-09 19:16:30,144] {dagbag.py:440} INFO - Filling up the DagBag from /home/airflow/venv/lib/python3.8/site-packages/airflow/example_dags/subdags/subdag.py
[2021-03-09 19:16:30,146] {scheduler_job.py:641} WARNING - No viable dags retrieved from /home/airflow/venv/lib/python3.8/site-packages/airflow/example_dags/subdags/subdag.py
[2021-03-09 19:16:30,151] {scheduler_job.py:189} INFO - Processing /home/airflow/venv/lib/python3.8/site-packages/airflow/example_dags/subdags/subdag.py took 0.011 seconds
[2021-03-09 19:16:58,387] {scheduler_job.py:181} INFO - Started process (PID=1528) to work on /home/airflow/venv/lib/python3.8/site-packages/airflow/example_dags/subdags/subdag.py
[2021-03-09 19:16:58,388] {scheduler_job.py:629} INFO - Processing file /home/airflow/venv/lib/python3.8/site-packages/airflow/example_dags/subdags/subdag.py for tasks to queue
[2021-03-09 19:16:58,388] {logging_mixin.py:103} INFO - [2021-03-09 19:16:58,388] {dagbag.py:440} INFO - Filling up the DagBag from /home/airflow/venv/lib/python3.8/site-packages/airflow/example_dags/subdags/subdag.py
[2021-03-09 19:16:58,390] {scheduler_job.py:641} WARNING - No viable dags retrieved from /home/airflow/venv/lib/python3.8/site-packages/airflow/example_dags/subdags/subdag.py
[2021-03-09 19:16:58,395] {scheduler_job.py:189} INFO - Processing /home/airflow/venv/lib/python3.8/site-packages/airflow/example_dags/subdags/subdag.py took 0.010 seconds
[2021-03-09 19:17:24,738] {scheduler_job.py:181} INFO - Started process (PID=1594) to work on /home/airflow/venv/lib/python3.8/site-packages/airflow/example_dags/subdags/subdag.py
[2021-03-09 19:17:24,739] {scheduler_job.py:629} INFO - Processing file /home/airflow/venv/lib/python3.8/site-packages/airflow/example_dags/subdags/subdag.py for tasks to queue
[2021-03-09 19:17:24,740] {logging_mixin.py:103} INFO - [2021-03-09 19:17:24,739] {dagbag.py:440} INFO - Filling up the DagBag from /home/airflow/venv/lib/python3.8/site-packages/airflow/example_dags/subdags/subdag.py
[2021-03-09 19:17:24,741] {scheduler_job.py:641} WARNING - No viable dags retrieved from /home/airflow/venv/lib/python3.8/site-packages/airflow/example_dags/subdags/subdag.py
[2021-03-09 19:17:24,745] {scheduler_job.py:189} INFO - Processing /home/airflow/venv/lib/python3.8/site-packages/airflow/example_dags/subdags/subdag.py took 0.010 seconds
[2021-03-09 19:17:52,631] {scheduler_job.py:181} INFO - Started process (PID=1664) to work on /home/airflow/venv/lib/python3.8/site-packages/airflow/example_dags/subdags/subdag.py
[2021-03-09 19:17:52,631] {scheduler_job.py:629} INFO - Processing file /home/airflow/venv/lib/python3.8/site-packages/airflow/example_dags/subdags/subdag.py for tasks to queue
[2021-03-09 19:17:52,632] {logging_mixin.py:103} INFO - [2021-03-09 19:17:52,632] {dagbag.py:440} INFO - Filling up the DagBag from /home/airflow/venv/lib/python3.8/site-packages/airflow/example_dags/subdags/subdag.py
[2021-03-09 19:17:52,634] {scheduler_job.py:641} WARNING - No viable dags retrieved from /home/airflow/venv/lib/python3.8/site-packages/airflow/example_dags/subdags/subdag.py
[2021-03-09 19:17:52,638] {scheduler_job.py:189} INFO - Processing /home/airflow/venv/lib/python3.8/site-packages/airflow/example_dags/subdags/subdag.py took 0.009 seconds
[2021-03-09 19:18:21,127] {scheduler_job.py:181} INFO - Started process (PID=1766) to work on /home/airflow/venv/lib/python3.8/site-packages/airflow/example_dags/subdags/subdag.py
[2021-03-09 19:18:21,129] {scheduler_job.py:629} INFO - Processing file /home/airflow/venv/lib/python3.8/site-packages/airflow/example_dags/subdags/subdag.py for tasks to queue
[2021-03-09 19:18:21,129] {logging_mixin.py:103} INFO - [2021-03-09 19:18:21,129] {dagbag.py:440} INFO - Filling up the DagBag from /home/airflow/venv/lib/python3.8/site-packages/airflow/example_dags/subdags/subdag.py
[2021-03-09 19:18:21,132] {scheduler_job.py:641} WARNING - No viable dags retrieved from /home/airflow/venv/lib/python3.8/site-packages/airflow/example_dags/subdags/subdag.py
[2021-03-09 19:18:21,139] {scheduler_job.py:189} INFO - Processing /home/airflow/venv/lib/python3.8/site-packages/airflow/example_dags/subdags/subdag.py took 0.015 seconds
[2021-03-09 19:18:49,999] {scheduler_job.py:181} INFO - Started process (PID=1846) to work on /home/airflow/venv/lib/python3.8/site-packages/airflow/example_dags/subdags/subdag.py
[2021-03-09 19:18:50,000] {scheduler_job.py:629} INFO - Processing file /home/airflow/venv/lib/python3.8/site-packages/airflow/example_dags/subdags/subdag.py for tasks to queue
[2021-03-09 19:18:50,000] {logging_mixin.py:103} INFO - [2021-03-09 19:18:50,000] {dagbag.py:440} INFO - Filling up the DagBag from /home/airflow/venv/lib/python3.8/site-packages/airflow/example_dags/subdags/subdag.py
[2021-03-09 19:18:50,002] {scheduler_job.py:641} WARNING - No viable dags retrieved from /home/airflow/venv/lib/python3.8/site-packages/airflow/example_dags/subdags/subdag.py
[2021-03-09 19:18:50,007] {scheduler_job.py:189} INFO - Processing /home/airflow/venv/lib/python3.8/site-packages/airflow/example_dags/subdags/subdag.py took 0.009 seconds
[2021-03-09 19:19:17,581] {scheduler_job.py:181} INFO - Started process (PID=1913) to work on /home/airflow/venv/lib/python3.8/site-packages/airflow/example_dags/subdags/subdag.py
[2021-03-09 19:19:17,582] {scheduler_job.py:629} INFO - Processing file /home/airflow/venv/lib/python3.8/site-packages/airflow/example_dags/subdags/subdag.py for tasks to queue
[2021-03-09 19:19:17,582] {logging_mixin.py:103} INFO - [2021-03-09 19:19:17,582] {dagbag.py:440} INFO - Filling up the DagBag from /home/airflow/venv/lib/python3.8/site-packages/airflow/example_dags/subdags/subdag.py
[2021-03-09 19:19:17,584] {scheduler_job.py:641} WARNING - No viable dags retrieved from /home/airflow/venv/lib/python3.8/site-packages/airflow/example_dags/subdags/subdag.py
[2021-03-09 19:19:17,599] {scheduler_job.py:189} INFO - Processing /home/airflow/venv/lib/python3.8/site-packages/airflow/example_dags/subdags/subdag.py took 0.023 seconds
[2021-03-09 19:19:44,841] {scheduler_job.py:181} INFO - Started process (PID=1983) to work on /home/airflow/venv/lib/python3.8/site-packages/airflow/example_dags/subdags/subdag.py
[2021-03-09 19:19:44,842] {scheduler_job.py:629} INFO - Processing file /home/airflow/venv/lib/python3.8/site-packages/airflow/example_dags/subdags/subdag.py for tasks to queue
[2021-03-09 19:19:44,843] {logging_mixin.py:103} INFO - [2021-03-09 19:19:44,843] {dagbag.py:440} INFO - Filling up the DagBag from /home/airflow/venv/lib/python3.8/site-packages/airflow/example_dags/subdags/subdag.py
[2021-03-09 19:19:44,850] {scheduler_job.py:641} WARNING - No viable dags retrieved from /home/airflow/venv/lib/python3.8/site-packages/airflow/example_dags/subdags/subdag.py
[2021-03-09 19:19:44,866] {scheduler_job.py:189} INFO - Processing /home/airflow/venv/lib/python3.8/site-packages/airflow/example_dags/subdags/subdag.py took 0.031 seconds
[2021-03-09 19:20:11,612] {scheduler_job.py:181} INFO - Started process (PID=2051) to work on /home/airflow/venv/lib/python3.8/site-packages/airflow/example_dags/subdags/subdag.py
[2021-03-09 19:20:11,613] {scheduler_job.py:629} INFO - Processing file /home/airflow/venv/lib/python3.8/site-packages/airflow/example_dags/subdags/subdag.py for tasks to queue
[2021-03-09 19:20:11,614] {logging_mixin.py:103} INFO - [2021-03-09 19:20:11,614] {dagbag.py:440} INFO - Filling up the DagBag from /home/airflow/venv/lib/python3.8/site-packages/airflow/example_dags/subdags/subdag.py
[2021-03-09 19:20:11,615] {scheduler_job.py:641} WARNING - No viable dags retrieved from /home/airflow/venv/lib/python3.8/site-packages/airflow/example_dags/subdags/subdag.py
[2021-03-09 19:20:11,619] {scheduler_job.py:189} INFO - Processing /home/airflow/venv/lib/python3.8/site-packages/airflow/example_dags/subdags/subdag.py took 0.009 seconds
[2021-03-09 19:20:38,463] {scheduler_job.py:181} INFO - Started process (PID=2121) to work on /home/airflow/venv/lib/python3.8/site-packages/airflow/example_dags/subdags/subdag.py
[2021-03-09 19:20:38,464] {scheduler_job.py:629} INFO - Processing file /home/airflow/venv/lib/python3.8/site-packages/airflow/example_dags/subdags/subdag.py for tasks to queue
[2021-03-09 19:20:38,465] {logging_mixin.py:103} INFO - [2021-03-09 19:20:38,465] {dagbag.py:440} INFO - Filling up the DagBag from /home/airflow/venv/lib/python3.8/site-packages/airflow/example_dags/subdags/subdag.py
[2021-03-09 19:20:38,467] {scheduler_job.py:641} WARNING - No viable dags retrieved from /home/airflow/venv/lib/python3.8/site-packages/airflow/example_dags/subdags/subdag.py
[2021-03-09 19:20:38,471] {scheduler_job.py:189} INFO - Processing /home/airflow/venv/lib/python3.8/site-packages/airflow/example_dags/subdags/subdag.py took 0.011 seconds
[2021-03-09 19:21:06,213] {scheduler_job.py:181} INFO - Started process (PID=2199) to work on /home/airflow/venv/lib/python3.8/site-packages/airflow/example_dags/subdags/subdag.py
[2021-03-09 19:21:06,214] {scheduler_job.py:629} INFO - Processing file /home/airflow/venv/lib/python3.8/site-packages/airflow/example_dags/subdags/subdag.py for tasks to queue
[2021-03-09 19:21:06,214] {logging_mixin.py:103} INFO - [2021-03-09 19:21:06,214] {dagbag.py:440} INFO - Filling up the DagBag from /home/airflow/venv/lib/python3.8/site-packages/airflow/example_dags/subdags/subdag.py
[2021-03-09 19:21:06,216] {scheduler_job.py:641} WARNING - No viable dags retrieved from /home/airflow/venv/lib/python3.8/site-packages/airflow/example_dags/subdags/subdag.py
[2021-03-09 19:21:06,222] {scheduler_job.py:189} INFO - Processing /home/airflow/venv/lib/python3.8/site-packages/airflow/example_dags/subdags/subdag.py took 0.016 seconds
[2021-03-09 19:21:31,600] {scheduler_job.py:181} INFO - Started process (PID=2264) to work on /home/airflow/venv/lib/python3.8/site-packages/airflow/example_dags/subdags/subdag.py
[2021-03-09 19:21:31,602] {scheduler_job.py:629} INFO - Processing file /home/airflow/venv/lib/python3.8/site-packages/airflow/example_dags/subdags/subdag.py for tasks to queue
[2021-03-09 19:21:31,603] {logging_mixin.py:103} INFO - [2021-03-09 19:21:31,602] {dagbag.py:440} INFO - Filling up the DagBag from /home/airflow/venv/lib/python3.8/site-packages/airflow/example_dags/subdags/subdag.py
[2021-03-09 19:21:31,605] {scheduler_job.py:641} WARNING - No viable dags retrieved from /home/airflow/venv/lib/python3.8/site-packages/airflow/example_dags/subdags/subdag.py
[2021-03-09 19:21:31,621] {scheduler_job.py:189} INFO - Processing /home/airflow/venv/lib/python3.8/site-packages/airflow/example_dags/subdags/subdag.py took 0.028 seconds
[2021-03-09 19:21:56,876] {scheduler_job.py:181} INFO - Started process (PID=2339) to work on /home/airflow/venv/lib/python3.8/site-packages/airflow/example_dags/subdags/subdag.py
[2021-03-09 19:21:56,877] {scheduler_job.py:629} INFO - Processing file /home/airflow/venv/lib/python3.8/site-packages/airflow/example_dags/subdags/subdag.py for tasks to queue
[2021-03-09 19:21:56,877] {logging_mixin.py:103} INFO - [2021-03-09 19:21:56,877] {dagbag.py:440} INFO - Filling up the DagBag from /home/airflow/venv/lib/python3.8/site-packages/airflow/example_dags/subdags/subdag.py
[2021-03-09 19:21:56,894] {scheduler_job.py:641} WARNING - No viable dags retrieved from /home/airflow/venv/lib/python3.8/site-packages/airflow/example_dags/subdags/subdag.py
[2021-03-09 19:21:56,901] {scheduler_job.py:189} INFO - Processing /home/airflow/venv/lib/python3.8/site-packages/airflow/example_dags/subdags/subdag.py took 0.024 seconds
[2021-03-09 19:22:22,112] {scheduler_job.py:181} INFO - Started process (PID=2406) to work on /home/airflow/venv/lib/python3.8/site-packages/airflow/example_dags/subdags/subdag.py
[2021-03-09 19:22:22,113] {scheduler_job.py:629} INFO - Processing file /home/airflow/venv/lib/python3.8/site-packages/airflow/example_dags/subdags/subdag.py for tasks to queue
[2021-03-09 19:22:22,113] {logging_mixin.py:103} INFO - [2021-03-09 19:22:22,113] {dagbag.py:440} INFO - Filling up the DagBag from /home/airflow/venv/lib/python3.8/site-packages/airflow/example_dags/subdags/subdag.py
[2021-03-09 19:22:22,115] {scheduler_job.py:641} WARNING - No viable dags retrieved from /home/airflow/venv/lib/python3.8/site-packages/airflow/example_dags/subdags/subdag.py
[2021-03-09 19:22:22,119] {scheduler_job.py:189} INFO - Processing /home/airflow/venv/lib/python3.8/site-packages/airflow/example_dags/subdags/subdag.py took 0.015 seconds
[2021-03-09 19:22:48,426] {scheduler_job.py:181} INFO - Started process (PID=2476) to work on /home/airflow/venv/lib/python3.8/site-packages/airflow/example_dags/subdags/subdag.py
[2021-03-09 19:22:48,426] {scheduler_job.py:629} INFO - Processing file /home/airflow/venv/lib/python3.8/site-packages/airflow/example_dags/subdags/subdag.py for tasks to queue
[2021-03-09 19:22:48,427] {logging_mixin.py:103} INFO - [2021-03-09 19:22:48,427] {dagbag.py:440} INFO - Filling up the DagBag from /home/airflow/venv/lib/python3.8/site-packages/airflow/example_dags/subdags/subdag.py
[2021-03-09 19:22:48,437] {scheduler_job.py:641} WARNING - No viable dags retrieved from /home/airflow/venv/lib/python3.8/site-packages/airflow/example_dags/subdags/subdag.py
[2021-03-09 19:22:48,446] {scheduler_job.py:189} INFO - Processing /home/airflow/venv/lib/python3.8/site-packages/airflow/example_dags/subdags/subdag.py took 0.026 seconds
[2021-03-09 19:23:15,778] {scheduler_job.py:181} INFO - Started process (PID=2542) to work on /home/airflow/venv/lib/python3.8/site-packages/airflow/example_dags/subdags/subdag.py
[2021-03-09 19:23:15,779] {scheduler_job.py:629} INFO - Processing file /home/airflow/venv/lib/python3.8/site-packages/airflow/example_dags/subdags/subdag.py for tasks to queue
[2021-03-09 19:23:15,780] {logging_mixin.py:103} INFO - [2021-03-09 19:23:15,780] {dagbag.py:440} INFO - Filling up the DagBag from /home/airflow/venv/lib/python3.8/site-packages/airflow/example_dags/subdags/subdag.py
[2021-03-09 19:23:15,786] {scheduler_job.py:641} WARNING - No viable dags retrieved from /home/airflow/venv/lib/python3.8/site-packages/airflow/example_dags/subdags/subdag.py
[2021-03-09 19:23:15,794] {scheduler_job.py:189} INFO - Processing /home/airflow/venv/lib/python3.8/site-packages/airflow/example_dags/subdags/subdag.py took 0.023 seconds
[2021-03-09 19:23:41,094] {scheduler_job.py:181} INFO - Started process (PID=2609) to work on /home/airflow/venv/lib/python3.8/site-packages/airflow/example_dags/subdags/subdag.py
[2021-03-09 19:23:41,095] {scheduler_job.py:629} INFO - Processing file /home/airflow/venv/lib/python3.8/site-packages/airflow/example_dags/subdags/subdag.py for tasks to queue
[2021-03-09 19:23:41,101] {logging_mixin.py:103} INFO - [2021-03-09 19:23:41,096] {dagbag.py:440} INFO - Filling up the DagBag from /home/airflow/venv/lib/python3.8/site-packages/airflow/example_dags/subdags/subdag.py
[2021-03-09 19:23:41,103] {scheduler_job.py:641} WARNING - No viable dags retrieved from /home/airflow/venv/lib/python3.8/site-packages/airflow/example_dags/subdags/subdag.py
[2021-03-09 19:23:41,111] {scheduler_job.py:189} INFO - Processing /home/airflow/venv/lib/python3.8/site-packages/airflow/example_dags/subdags/subdag.py took 0.023 seconds
[2021-03-09 19:24:06,761] {scheduler_job.py:181} INFO - Started process (PID=2673) to work on /home/airflow/venv/lib/python3.8/site-packages/airflow/example_dags/subdags/subdag.py
[2021-03-09 19:24:06,762] {scheduler_job.py:629} INFO - Processing file /home/airflow/venv/lib/python3.8/site-packages/airflow/example_dags/subdags/subdag.py for tasks to queue
[2021-03-09 19:24:06,762] {logging_mixin.py:103} INFO - [2021-03-09 19:24:06,762] {dagbag.py:440} INFO - Filling up the DagBag from /home/airflow/venv/lib/python3.8/site-packages/airflow/example_dags/subdags/subdag.py
[2021-03-09 19:24:06,764] {scheduler_job.py:641} WARNING - No viable dags retrieved from /home/airflow/venv/lib/python3.8/site-packages/airflow/example_dags/subdags/subdag.py
[2021-03-09 19:24:06,772] {scheduler_job.py:189} INFO - Processing /home/airflow/venv/lib/python3.8/site-packages/airflow/example_dags/subdags/subdag.py took 0.016 seconds
[2021-03-09 19:24:32,699] {scheduler_job.py:181} INFO - Started process (PID=2741) to work on /home/airflow/venv/lib/python3.8/site-packages/airflow/example_dags/subdags/subdag.py
[2021-03-09 19:24:32,699] {scheduler_job.py:629} INFO - Processing file /home/airflow/venv/lib/python3.8/site-packages/airflow/example_dags/subdags/subdag.py for tasks to queue
[2021-03-09 19:24:32,700] {logging_mixin.py:103} INFO - [2021-03-09 19:24:32,700] {dagbag.py:440} INFO - Filling up the DagBag from /home/airflow/venv/lib/python3.8/site-packages/airflow/example_dags/subdags/subdag.py
[2021-03-09 19:24:32,704] {scheduler_job.py:641} WARNING - No viable dags retrieved from /home/airflow/venv/lib/python3.8/site-packages/airflow/example_dags/subdags/subdag.py
[2021-03-09 19:24:32,709] {scheduler_job.py:189} INFO - Processing /home/airflow/venv/lib/python3.8/site-packages/airflow/example_dags/subdags/subdag.py took 0.013 seconds
[2021-03-09 19:24:58,988] {scheduler_job.py:181} INFO - Started process (PID=2808) to work on /home/airflow/venv/lib/python3.8/site-packages/airflow/example_dags/subdags/subdag.py
[2021-03-09 19:24:58,988] {scheduler_job.py:629} INFO - Processing file /home/airflow/venv/lib/python3.8/site-packages/airflow/example_dags/subdags/subdag.py for tasks to queue
[2021-03-09 19:24:58,989] {logging_mixin.py:103} INFO - [2021-03-09 19:24:58,989] {dagbag.py:440} INFO - Filling up the DagBag from /home/airflow/venv/lib/python3.8/site-packages/airflow/example_dags/subdags/subdag.py
[2021-03-09 19:24:58,993] {scheduler_job.py:641} WARNING - No viable dags retrieved from /home/airflow/venv/lib/python3.8/site-packages/airflow/example_dags/subdags/subdag.py
[2021-03-09 19:24:58,998] {scheduler_job.py:189} INFO - Processing /home/airflow/venv/lib/python3.8/site-packages/airflow/example_dags/subdags/subdag.py took 0.012 seconds
[2021-03-09 19:25:26,171] {scheduler_job.py:181} INFO - Started process (PID=2875) to work on /home/airflow/venv/lib/python3.8/site-packages/airflow/example_dags/subdags/subdag.py
[2021-03-09 19:25:26,171] {scheduler_job.py:629} INFO - Processing file /home/airflow/venv/lib/python3.8/site-packages/airflow/example_dags/subdags/subdag.py for tasks to queue
[2021-03-09 19:25:26,171] {logging_mixin.py:103} INFO - [2021-03-09 19:25:26,171] {dagbag.py:440} INFO - Filling up the DagBag from /home/airflow/venv/lib/python3.8/site-packages/airflow/example_dags/subdags/subdag.py
[2021-03-09 19:25:26,173] {scheduler_job.py:641} WARNING - No viable dags retrieved from /home/airflow/venv/lib/python3.8/site-packages/airflow/example_dags/subdags/subdag.py
[2021-03-09 19:25:26,177] {scheduler_job.py:189} INFO - Processing /home/airflow/venv/lib/python3.8/site-packages/airflow/example_dags/subdags/subdag.py took 0.014 seconds
[2021-03-09 19:25:52,086] {scheduler_job.py:181} INFO - Started process (PID=2946) to work on /home/airflow/venv/lib/python3.8/site-packages/airflow/example_dags/subdags/subdag.py
[2021-03-09 19:25:52,087] {scheduler_job.py:629} INFO - Processing file /home/airflow/venv/lib/python3.8/site-packages/airflow/example_dags/subdags/subdag.py for tasks to queue
[2021-03-09 19:25:52,088] {logging_mixin.py:103} INFO - [2021-03-09 19:25:52,088] {dagbag.py:440} INFO - Filling up the DagBag from /home/airflow/venv/lib/python3.8/site-packages/airflow/example_dags/subdags/subdag.py
[2021-03-09 19:25:52,099] {scheduler_job.py:641} WARNING - No viable dags retrieved from /home/airflow/venv/lib/python3.8/site-packages/airflow/example_dags/subdags/subdag.py
[2021-03-09 19:25:52,111] {scheduler_job.py:189} INFO - Processing /home/airflow/venv/lib/python3.8/site-packages/airflow/example_dags/subdags/subdag.py took 0.031 seconds
[2021-03-09 19:26:17,536] {scheduler_job.py:181} INFO - Started process (PID=3009) to work on /home/airflow/venv/lib/python3.8/site-packages/airflow/example_dags/subdags/subdag.py
[2021-03-09 19:26:17,537] {scheduler_job.py:629} INFO - Processing file /home/airflow/venv/lib/python3.8/site-packages/airflow/example_dags/subdags/subdag.py for tasks to queue
[2021-03-09 19:26:17,540] {logging_mixin.py:103} INFO - [2021-03-09 19:26:17,540] {dagbag.py:440} INFO - Filling up the DagBag from /home/airflow/venv/lib/python3.8/site-packages/airflow/example_dags/subdags/subdag.py
[2021-03-09 19:26:17,542] {scheduler_job.py:641} WARNING - No viable dags retrieved from /home/airflow/venv/lib/python3.8/site-packages/airflow/example_dags/subdags/subdag.py
[2021-03-09 19:26:17,546] {scheduler_job.py:189} INFO - Processing /home/airflow/venv/lib/python3.8/site-packages/airflow/example_dags/subdags/subdag.py took 0.013 seconds
[2021-03-09 19:26:42,052] {scheduler_job.py:181} INFO - Started process (PID=3073) to work on /home/airflow/venv/lib/python3.8/site-packages/airflow/example_dags/subdags/subdag.py
[2021-03-09 19:26:42,056] {scheduler_job.py:629} INFO - Processing file /home/airflow/venv/lib/python3.8/site-packages/airflow/example_dags/subdags/subdag.py for tasks to queue
[2021-03-09 19:26:42,056] {logging_mixin.py:103} INFO - [2021-03-09 19:26:42,056] {dagbag.py:440} INFO - Filling up the DagBag from /home/airflow/venv/lib/python3.8/site-packages/airflow/example_dags/subdags/subdag.py
[2021-03-09 19:26:42,059] {scheduler_job.py:641} WARNING - No viable dags retrieved from /home/airflow/venv/lib/python3.8/site-packages/airflow/example_dags/subdags/subdag.py
[2021-03-09 19:26:42,064] {scheduler_job.py:189} INFO - Processing /home/airflow/venv/lib/python3.8/site-packages/airflow/example_dags/subdags/subdag.py took 0.014 seconds
[2021-03-09 19:27:08,353] {scheduler_job.py:181} INFO - Started process (PID=3140) to work on /home/airflow/venv/lib/python3.8/site-packages/airflow/example_dags/subdags/subdag.py
[2021-03-09 19:27:08,353] {scheduler_job.py:629} INFO - Processing file /home/airflow/venv/lib/python3.8/site-packages/airflow/example_dags/subdags/subdag.py for tasks to queue
[2021-03-09 19:27:08,354] {logging_mixin.py:103} INFO - [2021-03-09 19:27:08,354] {dagbag.py:440} INFO - Filling up the DagBag from /home/airflow/venv/lib/python3.8/site-packages/airflow/example_dags/subdags/subdag.py
[2021-03-09 19:27:08,356] {scheduler_job.py:641} WARNING - No viable dags retrieved from /home/airflow/venv/lib/python3.8/site-packages/airflow/example_dags/subdags/subdag.py
[2021-03-09 19:27:08,360] {scheduler_job.py:189} INFO - Processing /home/airflow/venv/lib/python3.8/site-packages/airflow/example_dags/subdags/subdag.py took 0.013 seconds
[2021-03-09 19:27:35,746] {scheduler_job.py:181} INFO - Started process (PID=3211) to work on /home/airflow/venv/lib/python3.8/site-packages/airflow/example_dags/subdags/subdag.py
[2021-03-09 19:27:35,747] {scheduler_job.py:629} INFO - Processing file /home/airflow/venv/lib/python3.8/site-packages/airflow/example_dags/subdags/subdag.py for tasks to queue
[2021-03-09 19:27:35,747] {logging_mixin.py:103} INFO - [2021-03-09 19:27:35,747] {dagbag.py:440} INFO - Filling up the DagBag from /home/airflow/venv/lib/python3.8/site-packages/airflow/example_dags/subdags/subdag.py
[2021-03-09 19:27:35,751] {scheduler_job.py:641} WARNING - No viable dags retrieved from /home/airflow/venv/lib/python3.8/site-packages/airflow/example_dags/subdags/subdag.py
[2021-03-09 19:27:35,755] {scheduler_job.py:189} INFO - Processing /home/airflow/venv/lib/python3.8/site-packages/airflow/example_dags/subdags/subdag.py took 0.014 seconds
[2021-03-09 19:28:00,985] {scheduler_job.py:181} INFO - Started process (PID=3275) to work on /home/airflow/venv/lib/python3.8/site-packages/airflow/example_dags/subdags/subdag.py
[2021-03-09 19:28:00,986] {scheduler_job.py:629} INFO - Processing file /home/airflow/venv/lib/python3.8/site-packages/airflow/example_dags/subdags/subdag.py for tasks to queue
[2021-03-09 19:28:00,986] {logging_mixin.py:103} INFO - [2021-03-09 19:28:00,986] {dagbag.py:440} INFO - Filling up the DagBag from /home/airflow/venv/lib/python3.8/site-packages/airflow/example_dags/subdags/subdag.py
[2021-03-09 19:28:00,990] {scheduler_job.py:641} WARNING - No viable dags retrieved from /home/airflow/venv/lib/python3.8/site-packages/airflow/example_dags/subdags/subdag.py
[2021-03-09 19:28:00,994] {scheduler_job.py:189} INFO - Processing /home/airflow/venv/lib/python3.8/site-packages/airflow/example_dags/subdags/subdag.py took 0.015 seconds
[2021-03-09 19:28:26,666] {scheduler_job.py:181} INFO - Started process (PID=3342) to work on /home/airflow/venv/lib/python3.8/site-packages/airflow/example_dags/subdags/subdag.py
[2021-03-09 19:28:26,667] {scheduler_job.py:629} INFO - Processing file /home/airflow/venv/lib/python3.8/site-packages/airflow/example_dags/subdags/subdag.py for tasks to queue
[2021-03-09 19:28:26,677] {logging_mixin.py:103} INFO - [2021-03-09 19:28:26,677] {dagbag.py:440} INFO - Filling up the DagBag from /home/airflow/venv/lib/python3.8/site-packages/airflow/example_dags/subdags/subdag.py
[2021-03-09 19:28:26,679] {scheduler_job.py:641} WARNING - No viable dags retrieved from /home/airflow/venv/lib/python3.8/site-packages/airflow/example_dags/subdags/subdag.py
[2021-03-09 19:28:26,683] {scheduler_job.py:189} INFO - Processing /home/airflow/venv/lib/python3.8/site-packages/airflow/example_dags/subdags/subdag.py took 0.019 seconds
[2021-03-09 19:28:52,398] {scheduler_job.py:181} INFO - Started process (PID=3408) to work on /home/airflow/venv/lib/python3.8/site-packages/airflow/example_dags/subdags/subdag.py
[2021-03-09 19:28:52,399] {scheduler_job.py:629} INFO - Processing file /home/airflow/venv/lib/python3.8/site-packages/airflow/example_dags/subdags/subdag.py for tasks to queue
[2021-03-09 19:28:52,399] {logging_mixin.py:103} INFO - [2021-03-09 19:28:52,399] {dagbag.py:440} INFO - Filling up the DagBag from /home/airflow/venv/lib/python3.8/site-packages/airflow/example_dags/subdags/subdag.py
[2021-03-09 19:28:52,401] {scheduler_job.py:641} WARNING - No viable dags retrieved from /home/airflow/venv/lib/python3.8/site-packages/airflow/example_dags/subdags/subdag.py
[2021-03-09 19:28:52,417] {scheduler_job.py:189} INFO - Processing /home/airflow/venv/lib/python3.8/site-packages/airflow/example_dags/subdags/subdag.py took 0.021 seconds
[2021-03-09 19:29:17,670] {scheduler_job.py:181} INFO - Started process (PID=3498) to work on /home/airflow/venv/lib/python3.8/site-packages/airflow/example_dags/subdags/subdag.py
[2021-03-09 19:29:17,671] {scheduler_job.py:629} INFO - Processing file /home/airflow/venv/lib/python3.8/site-packages/airflow/example_dags/subdags/subdag.py for tasks to queue
[2021-03-09 19:29:17,671] {logging_mixin.py:103} INFO - [2021-03-09 19:29:17,671] {dagbag.py:440} INFO - Filling up the DagBag from /home/airflow/venv/lib/python3.8/site-packages/airflow/example_dags/subdags/subdag.py
[2021-03-09 19:29:17,677] {scheduler_job.py:641} WARNING - No viable dags retrieved from /home/airflow/venv/lib/python3.8/site-packages/airflow/example_dags/subdags/subdag.py
[2021-03-09 19:29:17,683] {scheduler_job.py:189} INFO - Processing /home/airflow/venv/lib/python3.8/site-packages/airflow/example_dags/subdags/subdag.py took 0.014 seconds
[2021-03-09 19:29:44,011] {scheduler_job.py:181} INFO - Started process (PID=3569) to work on /home/airflow/venv/lib/python3.8/site-packages/airflow/example_dags/subdags/subdag.py
[2021-03-09 19:29:44,011] {scheduler_job.py:629} INFO - Processing file /home/airflow/venv/lib/python3.8/site-packages/airflow/example_dags/subdags/subdag.py for tasks to queue
[2021-03-09 19:29:44,012] {logging_mixin.py:103} INFO - [2021-03-09 19:29:44,012] {dagbag.py:440} INFO - Filling up the DagBag from /home/airflow/venv/lib/python3.8/site-packages/airflow/example_dags/subdags/subdag.py
[2021-03-09 19:29:44,016] {scheduler_job.py:641} WARNING - No viable dags retrieved from /home/airflow/venv/lib/python3.8/site-packages/airflow/example_dags/subdags/subdag.py
[2021-03-09 19:29:44,024] {scheduler_job.py:189} INFO - Processing /home/airflow/venv/lib/python3.8/site-packages/airflow/example_dags/subdags/subdag.py took 0.015 seconds
[2021-03-09 19:30:09,281] {scheduler_job.py:181} INFO - Started process (PID=3655) to work on /home/airflow/venv/lib/python3.8/site-packages/airflow/example_dags/subdags/subdag.py
[2021-03-09 19:30:09,282] {scheduler_job.py:629} INFO - Processing file /home/airflow/venv/lib/python3.8/site-packages/airflow/example_dags/subdags/subdag.py for tasks to queue
[2021-03-09 19:30:09,283] {logging_mixin.py:103} INFO - [2021-03-09 19:30:09,283] {dagbag.py:440} INFO - Filling up the DagBag from /home/airflow/venv/lib/python3.8/site-packages/airflow/example_dags/subdags/subdag.py
[2021-03-09 19:30:09,284] {scheduler_job.py:641} WARNING - No viable dags retrieved from /home/airflow/venv/lib/python3.8/site-packages/airflow/example_dags/subdags/subdag.py
[2021-03-09 19:30:09,289] {scheduler_job.py:189} INFO - Processing /home/airflow/venv/lib/python3.8/site-packages/airflow/example_dags/subdags/subdag.py took 0.014 seconds
[2021-03-09 19:30:35,568] {scheduler_job.py:181} INFO - Started process (PID=3723) to work on /home/airflow/venv/lib/python3.8/site-packages/airflow/example_dags/subdags/subdag.py
[2021-03-09 19:30:35,569] {scheduler_job.py:629} INFO - Processing file /home/airflow/venv/lib/python3.8/site-packages/airflow/example_dags/subdags/subdag.py for tasks to queue
[2021-03-09 19:30:35,569] {logging_mixin.py:103} INFO - [2021-03-09 19:30:35,569] {dagbag.py:440} INFO - Filling up the DagBag from /home/airflow/venv/lib/python3.8/site-packages/airflow/example_dags/subdags/subdag.py
[2021-03-09 19:30:35,571] {scheduler_job.py:641} WARNING - No viable dags retrieved from /home/airflow/venv/lib/python3.8/site-packages/airflow/example_dags/subdags/subdag.py
[2021-03-09 19:30:35,575] {scheduler_job.py:189} INFO - Processing /home/airflow/venv/lib/python3.8/site-packages/airflow/example_dags/subdags/subdag.py took 0.008 seconds
[2021-03-09 19:31:00,859] {scheduler_job.py:181} INFO - Started process (PID=3790) to work on /home/airflow/venv/lib/python3.8/site-packages/airflow/example_dags/subdags/subdag.py
[2021-03-09 19:31:00,860] {scheduler_job.py:629} INFO - Processing file /home/airflow/venv/lib/python3.8/site-packages/airflow/example_dags/subdags/subdag.py for tasks to queue
[2021-03-09 19:31:00,860] {logging_mixin.py:103} INFO - [2021-03-09 19:31:00,860] {dagbag.py:440} INFO - Filling up the DagBag from /home/airflow/venv/lib/python3.8/site-packages/airflow/example_dags/subdags/subdag.py
[2021-03-09 19:31:00,861] {scheduler_job.py:641} WARNING - No viable dags retrieved from /home/airflow/venv/lib/python3.8/site-packages/airflow/example_dags/subdags/subdag.py
[2021-03-09 19:31:00,867] {scheduler_job.py:189} INFO - Processing /home/airflow/venv/lib/python3.8/site-packages/airflow/example_dags/subdags/subdag.py took 0.016 seconds
[2021-03-09 19:31:26,115] {scheduler_job.py:181} INFO - Started process (PID=3853) to work on /home/airflow/venv/lib/python3.8/site-packages/airflow/example_dags/subdags/subdag.py
[2021-03-09 19:31:26,116] {scheduler_job.py:629} INFO - Processing file /home/airflow/venv/lib/python3.8/site-packages/airflow/example_dags/subdags/subdag.py for tasks to queue
[2021-03-09 19:31:26,116] {logging_mixin.py:103} INFO - [2021-03-09 19:31:26,116] {dagbag.py:440} INFO - Filling up the DagBag from /home/airflow/venv/lib/python3.8/site-packages/airflow/example_dags/subdags/subdag.py
[2021-03-09 19:31:26,120] {scheduler_job.py:641} WARNING - No viable dags retrieved from /home/airflow/venv/lib/python3.8/site-packages/airflow/example_dags/subdags/subdag.py
[2021-03-09 19:31:26,124] {scheduler_job.py:189} INFO - Processing /home/airflow/venv/lib/python3.8/site-packages/airflow/example_dags/subdags/subdag.py took 0.011 seconds
[2021-03-09 19:31:53,198] {scheduler_job.py:181} INFO - Started process (PID=3923) to work on /home/airflow/venv/lib/python3.8/site-packages/airflow/example_dags/subdags/subdag.py
[2021-03-09 19:31:53,199] {scheduler_job.py:629} INFO - Processing file /home/airflow/venv/lib/python3.8/site-packages/airflow/example_dags/subdags/subdag.py for tasks to queue
[2021-03-09 19:31:53,199] {logging_mixin.py:103} INFO - [2021-03-09 19:31:53,199] {dagbag.py:440} INFO - Filling up the DagBag from /home/airflow/venv/lib/python3.8/site-packages/airflow/example_dags/subdags/subdag.py
[2021-03-09 19:31:53,201] {scheduler_job.py:641} WARNING - No viable dags retrieved from /home/airflow/venv/lib/python3.8/site-packages/airflow/example_dags/subdags/subdag.py
[2021-03-09 19:31:53,209] {scheduler_job.py:189} INFO - Processing /home/airflow/venv/lib/python3.8/site-packages/airflow/example_dags/subdags/subdag.py took 0.012 seconds
[2021-03-09 19:57:04,487] {scheduler_job.py:181} INFO - Started process (PID=3993) to work on /home/airflow/venv/lib/python3.8/site-packages/airflow/example_dags/subdags/subdag.py
[2021-03-09 19:57:04,488] {scheduler_job.py:629} INFO - Processing file /home/airflow/venv/lib/python3.8/site-packages/airflow/example_dags/subdags/subdag.py for tasks to queue
[2021-03-09 19:57:04,489] {logging_mixin.py:103} INFO - [2021-03-09 19:57:04,489] {dagbag.py:440} INFO - Filling up the DagBag from /home/airflow/venv/lib/python3.8/site-packages/airflow/example_dags/subdags/subdag.py
[2021-03-09 19:57:04,491] {scheduler_job.py:641} WARNING - No viable dags retrieved from /home/airflow/venv/lib/python3.8/site-packages/airflow/example_dags/subdags/subdag.py
[2021-03-09 19:57:04,529] {scheduler_job.py:189} INFO - Processing /home/airflow/venv/lib/python3.8/site-packages/airflow/example_dags/subdags/subdag.py took 0.070 seconds
[2021-03-09 19:57:29,771] {scheduler_job.py:181} INFO - Started process (PID=4021) to work on /home/airflow/venv/lib/python3.8/site-packages/airflow/example_dags/subdags/subdag.py
[2021-03-09 19:57:29,772] {scheduler_job.py:629} INFO - Processing file /home/airflow/venv/lib/python3.8/site-packages/airflow/example_dags/subdags/subdag.py for tasks to queue
[2021-03-09 19:57:29,772] {logging_mixin.py:103} INFO - [2021-03-09 19:57:29,772] {dagbag.py:440} INFO - Filling up the DagBag from /home/airflow/venv/lib/python3.8/site-packages/airflow/example_dags/subdags/subdag.py
[2021-03-09 19:57:29,775] {scheduler_job.py:641} WARNING - No viable dags retrieved from /home/airflow/venv/lib/python3.8/site-packages/airflow/example_dags/subdags/subdag.py
[2021-03-09 19:57:29,784] {scheduler_job.py:189} INFO - Processing /home/airflow/venv/lib/python3.8/site-packages/airflow/example_dags/subdags/subdag.py took 0.021 seconds
[2021-03-09 19:57:55,163] {scheduler_job.py:181} INFO - Started process (PID=4051) to work on /home/airflow/venv/lib/python3.8/site-packages/airflow/example_dags/subdags/subdag.py
[2021-03-09 19:57:55,163] {scheduler_job.py:629} INFO - Processing file /home/airflow/venv/lib/python3.8/site-packages/airflow/example_dags/subdags/subdag.py for tasks to queue
[2021-03-09 19:57:55,164] {logging_mixin.py:103} INFO - [2021-03-09 19:57:55,164] {dagbag.py:440} INFO - Filling up the DagBag from /home/airflow/venv/lib/python3.8/site-packages/airflow/example_dags/subdags/subdag.py
[2021-03-09 19:57:55,170] {scheduler_job.py:641} WARNING - No viable dags retrieved from /home/airflow/venv/lib/python3.8/site-packages/airflow/example_dags/subdags/subdag.py
[2021-03-09 19:57:55,178] {scheduler_job.py:189} INFO - Processing /home/airflow/venv/lib/python3.8/site-packages/airflow/example_dags/subdags/subdag.py took 0.018 seconds
[2021-03-09 19:58:22,440] {scheduler_job.py:181} INFO - Started process (PID=4357) to work on /home/airflow/venv/lib/python3.8/site-packages/airflow/example_dags/subdags/subdag.py
[2021-03-09 19:58:22,441] {scheduler_job.py:629} INFO - Processing file /home/airflow/venv/lib/python3.8/site-packages/airflow/example_dags/subdags/subdag.py for tasks to queue
[2021-03-09 19:58:22,441] {logging_mixin.py:103} INFO - [2021-03-09 19:58:22,441] {dagbag.py:440} INFO - Filling up the DagBag from /home/airflow/venv/lib/python3.8/site-packages/airflow/example_dags/subdags/subdag.py
[2021-03-09 19:58:22,446] {scheduler_job.py:641} WARNING - No viable dags retrieved from /home/airflow/venv/lib/python3.8/site-packages/airflow/example_dags/subdags/subdag.py
[2021-03-09 19:58:22,452] {scheduler_job.py:189} INFO - Processing /home/airflow/venv/lib/python3.8/site-packages/airflow/example_dags/subdags/subdag.py took 0.015 seconds
[2021-03-09 19:58:48,011] {scheduler_job.py:181} INFO - Started process (PID=4391) to work on /home/airflow/venv/lib/python3.8/site-packages/airflow/example_dags/subdags/subdag.py
[2021-03-09 19:58:48,015] {scheduler_job.py:629} INFO - Processing file /home/airflow/venv/lib/python3.8/site-packages/airflow/example_dags/subdags/subdag.py for tasks to queue
[2021-03-09 19:58:48,019] {logging_mixin.py:103} INFO - [2021-03-09 19:58:48,019] {dagbag.py:440} INFO - Filling up the DagBag from /home/airflow/venv/lib/python3.8/site-packages/airflow/example_dags/subdags/subdag.py
[2021-03-09 19:58:48,022] {scheduler_job.py:641} WARNING - No viable dags retrieved from /home/airflow/venv/lib/python3.8/site-packages/airflow/example_dags/subdags/subdag.py
[2021-03-09 19:58:48,037] {scheduler_job.py:189} INFO - Processing /home/airflow/venv/lib/python3.8/site-packages/airflow/example_dags/subdags/subdag.py took 0.040 seconds
[2021-03-09 19:59:13,245] {scheduler_job.py:181} INFO - Started process (PID=4422) to work on /home/airflow/venv/lib/python3.8/site-packages/airflow/example_dags/subdags/subdag.py
[2021-03-09 19:59:13,247] {scheduler_job.py:629} INFO - Processing file /home/airflow/venv/lib/python3.8/site-packages/airflow/example_dags/subdags/subdag.py for tasks to queue
[2021-03-09 19:59:13,247] {logging_mixin.py:103} INFO - [2021-03-09 19:59:13,247] {dagbag.py:440} INFO - Filling up the DagBag from /home/airflow/venv/lib/python3.8/site-packages/airflow/example_dags/subdags/subdag.py
[2021-03-09 19:59:13,250] {scheduler_job.py:641} WARNING - No viable dags retrieved from /home/airflow/venv/lib/python3.8/site-packages/airflow/example_dags/subdags/subdag.py
[2021-03-09 19:59:13,257] {scheduler_job.py:189} INFO - Processing /home/airflow/venv/lib/python3.8/site-packages/airflow/example_dags/subdags/subdag.py took 0.021 seconds
[2021-03-09 19:59:40,468] {scheduler_job.py:181} INFO - Started process (PID=4453) to work on /home/airflow/venv/lib/python3.8/site-packages/airflow/example_dags/subdags/subdag.py
[2021-03-09 19:59:40,469] {scheduler_job.py:629} INFO - Processing file /home/airflow/venv/lib/python3.8/site-packages/airflow/example_dags/subdags/subdag.py for tasks to queue
[2021-03-09 19:59:40,469] {logging_mixin.py:103} INFO - [2021-03-09 19:59:40,469] {dagbag.py:440} INFO - Filling up the DagBag from /home/airflow/venv/lib/python3.8/site-packages/airflow/example_dags/subdags/subdag.py
[2021-03-09 19:59:40,472] {scheduler_job.py:641} WARNING - No viable dags retrieved from /home/airflow/venv/lib/python3.8/site-packages/airflow/example_dags/subdags/subdag.py
[2021-03-09 19:59:40,478] {scheduler_job.py:189} INFO - Processing /home/airflow/venv/lib/python3.8/site-packages/airflow/example_dags/subdags/subdag.py took 0.017 seconds
[2021-03-09 20:00:06,874] {scheduler_job.py:181} INFO - Started process (PID=4487) to work on /home/airflow/venv/lib/python3.8/site-packages/airflow/example_dags/subdags/subdag.py
[2021-03-09 20:00:06,874] {scheduler_job.py:629} INFO - Processing file /home/airflow/venv/lib/python3.8/site-packages/airflow/example_dags/subdags/subdag.py for tasks to queue
[2021-03-09 20:00:06,875] {logging_mixin.py:103} INFO - [2021-03-09 20:00:06,875] {dagbag.py:440} INFO - Filling up the DagBag from /home/airflow/venv/lib/python3.8/site-packages/airflow/example_dags/subdags/subdag.py
[2021-03-09 20:00:06,877] {scheduler_job.py:641} WARNING - No viable dags retrieved from /home/airflow/venv/lib/python3.8/site-packages/airflow/example_dags/subdags/subdag.py
[2021-03-09 20:00:06,883] {scheduler_job.py:189} INFO - Processing /home/airflow/venv/lib/python3.8/site-packages/airflow/example_dags/subdags/subdag.py took 0.016 seconds
[2021-03-09 20:00:32,098] {scheduler_job.py:181} INFO - Started process (PID=4522) to work on /home/airflow/venv/lib/python3.8/site-packages/airflow/example_dags/subdags/subdag.py
[2021-03-09 20:00:32,099] {scheduler_job.py:629} INFO - Processing file /home/airflow/venv/lib/python3.8/site-packages/airflow/example_dags/subdags/subdag.py for tasks to queue
[2021-03-09 20:00:32,099] {logging_mixin.py:103} INFO - [2021-03-09 20:00:32,099] {dagbag.py:440} INFO - Filling up the DagBag from /home/airflow/venv/lib/python3.8/site-packages/airflow/example_dags/subdags/subdag.py
[2021-03-09 20:00:32,101] {scheduler_job.py:641} WARNING - No viable dags retrieved from /home/airflow/venv/lib/python3.8/site-packages/airflow/example_dags/subdags/subdag.py
[2021-03-09 20:00:32,109] {scheduler_job.py:189} INFO - Processing /home/airflow/venv/lib/python3.8/site-packages/airflow/example_dags/subdags/subdag.py took 0.018 seconds
[2021-03-09 20:00:57,779] {scheduler_job.py:181} INFO - Started process (PID=4553) to work on /home/airflow/venv/lib/python3.8/site-packages/airflow/example_dags/subdags/subdag.py
[2021-03-09 20:00:57,780] {scheduler_job.py:629} INFO - Processing file /home/airflow/venv/lib/python3.8/site-packages/airflow/example_dags/subdags/subdag.py for tasks to queue
[2021-03-09 20:00:57,780] {logging_mixin.py:103} INFO - [2021-03-09 20:00:57,780] {dagbag.py:440} INFO - Filling up the DagBag from /home/airflow/venv/lib/python3.8/site-packages/airflow/example_dags/subdags/subdag.py
[2021-03-09 20:00:57,782] {scheduler_job.py:641} WARNING - No viable dags retrieved from /home/airflow/venv/lib/python3.8/site-packages/airflow/example_dags/subdags/subdag.py
[2021-03-09 20:00:57,788] {scheduler_job.py:189} INFO - Processing /home/airflow/venv/lib/python3.8/site-packages/airflow/example_dags/subdags/subdag.py took 0.015 seconds
[2021-03-09 20:01:22,705] {scheduler_job.py:181} INFO - Started process (PID=4588) to work on /home/airflow/venv/lib/python3.8/site-packages/airflow/example_dags/subdags/subdag.py
[2021-03-09 20:01:22,706] {scheduler_job.py:629} INFO - Processing file /home/airflow/venv/lib/python3.8/site-packages/airflow/example_dags/subdags/subdag.py for tasks to queue
[2021-03-09 20:01:22,707] {logging_mixin.py:103} INFO - [2021-03-09 20:01:22,707] {dagbag.py:440} INFO - Filling up the DagBag from /home/airflow/venv/lib/python3.8/site-packages/airflow/example_dags/subdags/subdag.py
[2021-03-09 20:01:22,716] {scheduler_job.py:641} WARNING - No viable dags retrieved from /home/airflow/venv/lib/python3.8/site-packages/airflow/example_dags/subdags/subdag.py
[2021-03-09 20:01:22,731] {scheduler_job.py:189} INFO - Processing /home/airflow/venv/lib/python3.8/site-packages/airflow/example_dags/subdags/subdag.py took 0.036 seconds
[2021-03-09 20:01:48,817] {scheduler_job.py:181} INFO - Started process (PID=4624) to work on /home/airflow/venv/lib/python3.8/site-packages/airflow/example_dags/subdags/subdag.py
[2021-03-09 20:01:48,821] {scheduler_job.py:629} INFO - Processing file /home/airflow/venv/lib/python3.8/site-packages/airflow/example_dags/subdags/subdag.py for tasks to queue
[2021-03-09 20:01:48,821] {logging_mixin.py:103} INFO - [2021-03-09 20:01:48,821] {dagbag.py:440} INFO - Filling up the DagBag from /home/airflow/venv/lib/python3.8/site-packages/airflow/example_dags/subdags/subdag.py
[2021-03-09 20:01:48,823] {scheduler_job.py:641} WARNING - No viable dags retrieved from /home/airflow/venv/lib/python3.8/site-packages/airflow/example_dags/subdags/subdag.py
[2021-03-09 20:01:48,834] {scheduler_job.py:189} INFO - Processing /home/airflow/venv/lib/python3.8/site-packages/airflow/example_dags/subdags/subdag.py took 0.023 seconds
[2021-03-09 20:02:15,187] {scheduler_job.py:181} INFO - Started process (PID=4664) to work on /home/airflow/venv/lib/python3.8/site-packages/airflow/example_dags/subdags/subdag.py
[2021-03-09 20:02:15,188] {scheduler_job.py:629} INFO - Processing file /home/airflow/venv/lib/python3.8/site-packages/airflow/example_dags/subdags/subdag.py for tasks to queue
[2021-03-09 20:02:15,188] {logging_mixin.py:103} INFO - [2021-03-09 20:02:15,188] {dagbag.py:440} INFO - Filling up the DagBag from /home/airflow/venv/lib/python3.8/site-packages/airflow/example_dags/subdags/subdag.py
[2021-03-09 20:02:15,190] {scheduler_job.py:641} WARNING - No viable dags retrieved from /home/airflow/venv/lib/python3.8/site-packages/airflow/example_dags/subdags/subdag.py
[2021-03-09 20:02:15,200] {scheduler_job.py:189} INFO - Processing /home/airflow/venv/lib/python3.8/site-packages/airflow/example_dags/subdags/subdag.py took 0.015 seconds
[2021-03-09 20:02:40,954] {scheduler_job.py:181} INFO - Started process (PID=4704) to work on /home/airflow/venv/lib/python3.8/site-packages/airflow/example_dags/subdags/subdag.py
[2021-03-09 20:02:40,955] {scheduler_job.py:629} INFO - Processing file /home/airflow/venv/lib/python3.8/site-packages/airflow/example_dags/subdags/subdag.py for tasks to queue
[2021-03-09 20:02:40,955] {logging_mixin.py:103} INFO - [2021-03-09 20:02:40,955] {dagbag.py:440} INFO - Filling up the DagBag from /home/airflow/venv/lib/python3.8/site-packages/airflow/example_dags/subdags/subdag.py
[2021-03-09 20:02:40,960] {scheduler_job.py:641} WARNING - No viable dags retrieved from /home/airflow/venv/lib/python3.8/site-packages/airflow/example_dags/subdags/subdag.py
[2021-03-09 20:02:40,966] {scheduler_job.py:189} INFO - Processing /home/airflow/venv/lib/python3.8/site-packages/airflow/example_dags/subdags/subdag.py took 0.019 seconds
[2021-03-09 20:03:06,741] {scheduler_job.py:181} INFO - Started process (PID=4750) to work on /home/airflow/venv/lib/python3.8/site-packages/airflow/example_dags/subdags/subdag.py
[2021-03-09 20:03:06,742] {scheduler_job.py:629} INFO - Processing file /home/airflow/venv/lib/python3.8/site-packages/airflow/example_dags/subdags/subdag.py for tasks to queue
[2021-03-09 20:03:06,742] {logging_mixin.py:103} INFO - [2021-03-09 20:03:06,742] {dagbag.py:440} INFO - Filling up the DagBag from /home/airflow/venv/lib/python3.8/site-packages/airflow/example_dags/subdags/subdag.py
[2021-03-09 20:03:06,749] {scheduler_job.py:641} WARNING - No viable dags retrieved from /home/airflow/venv/lib/python3.8/site-packages/airflow/example_dags/subdags/subdag.py
[2021-03-09 20:03:06,755] {scheduler_job.py:189} INFO - Processing /home/airflow/venv/lib/python3.8/site-packages/airflow/example_dags/subdags/subdag.py took 0.021 seconds
[2021-03-09 20:03:32,050] {scheduler_job.py:181} INFO - Started process (PID=4796) to work on /home/airflow/venv/lib/python3.8/site-packages/airflow/example_dags/subdags/subdag.py
[2021-03-09 20:03:32,050] {scheduler_job.py:629} INFO - Processing file /home/airflow/venv/lib/python3.8/site-packages/airflow/example_dags/subdags/subdag.py for tasks to queue
[2021-03-09 20:03:32,051] {logging_mixin.py:103} INFO - [2021-03-09 20:03:32,051] {dagbag.py:440} INFO - Filling up the DagBag from /home/airflow/venv/lib/python3.8/site-packages/airflow/example_dags/subdags/subdag.py
[2021-03-09 20:03:32,054] {scheduler_job.py:641} WARNING - No viable dags retrieved from /home/airflow/venv/lib/python3.8/site-packages/airflow/example_dags/subdags/subdag.py
[2021-03-09 20:03:32,060] {scheduler_job.py:189} INFO - Processing /home/airflow/venv/lib/python3.8/site-packages/airflow/example_dags/subdags/subdag.py took 0.017 seconds
[2021-03-09 20:03:58,364] {scheduler_job.py:181} INFO - Started process (PID=4853) to work on /home/airflow/venv/lib/python3.8/site-packages/airflow/example_dags/subdags/subdag.py
[2021-03-09 20:03:58,365] {scheduler_job.py:629} INFO - Processing file /home/airflow/venv/lib/python3.8/site-packages/airflow/example_dags/subdags/subdag.py for tasks to queue
[2021-03-09 20:03:58,365] {logging_mixin.py:103} INFO - [2021-03-09 20:03:58,365] {dagbag.py:440} INFO - Filling up the DagBag from /home/airflow/venv/lib/python3.8/site-packages/airflow/example_dags/subdags/subdag.py
[2021-03-09 20:03:58,368] {scheduler_job.py:641} WARNING - No viable dags retrieved from /home/airflow/venv/lib/python3.8/site-packages/airflow/example_dags/subdags/subdag.py
[2021-03-09 20:03:58,373] {scheduler_job.py:189} INFO - Processing /home/airflow/venv/lib/python3.8/site-packages/airflow/example_dags/subdags/subdag.py took 0.019 seconds
[2021-03-09 20:04:24,670] {scheduler_job.py:181} INFO - Started process (PID=4912) to work on /home/airflow/venv/lib/python3.8/site-packages/airflow/example_dags/subdags/subdag.py
[2021-03-09 20:04:24,671] {scheduler_job.py:629} INFO - Processing file /home/airflow/venv/lib/python3.8/site-packages/airflow/example_dags/subdags/subdag.py for tasks to queue
[2021-03-09 20:04:24,671] {logging_mixin.py:103} INFO - [2021-03-09 20:04:24,671] {dagbag.py:440} INFO - Filling up the DagBag from /home/airflow/venv/lib/python3.8/site-packages/airflow/example_dags/subdags/subdag.py
[2021-03-09 20:04:24,677] {scheduler_job.py:641} WARNING - No viable dags retrieved from /home/airflow/venv/lib/python3.8/site-packages/airflow/example_dags/subdags/subdag.py
[2021-03-09 20:04:24,691] {scheduler_job.py:189} INFO - Processing /home/airflow/venv/lib/python3.8/site-packages/airflow/example_dags/subdags/subdag.py took 0.032 seconds
[2021-03-09 20:04:49,915] {scheduler_job.py:181} INFO - Started process (PID=4989) to work on /home/airflow/venv/lib/python3.8/site-packages/airflow/example_dags/subdags/subdag.py
[2021-03-09 20:04:49,916] {scheduler_job.py:629} INFO - Processing file /home/airflow/venv/lib/python3.8/site-packages/airflow/example_dags/subdags/subdag.py for tasks to queue
[2021-03-09 20:04:49,916] {logging_mixin.py:103} INFO - [2021-03-09 20:04:49,916] {dagbag.py:440} INFO - Filling up the DagBag from /home/airflow/venv/lib/python3.8/site-packages/airflow/example_dags/subdags/subdag.py
[2021-03-09 20:04:49,918] {scheduler_job.py:641} WARNING - No viable dags retrieved from /home/airflow/venv/lib/python3.8/site-packages/airflow/example_dags/subdags/subdag.py
[2021-03-09 20:04:49,925] {scheduler_job.py:189} INFO - Processing /home/airflow/venv/lib/python3.8/site-packages/airflow/example_dags/subdags/subdag.py took 0.018 seconds
[2021-03-09 20:05:15,213] {scheduler_job.py:181} INFO - Started process (PID=5056) to work on /home/airflow/venv/lib/python3.8/site-packages/airflow/example_dags/subdags/subdag.py
[2021-03-09 20:05:15,214] {scheduler_job.py:629} INFO - Processing file /home/airflow/venv/lib/python3.8/site-packages/airflow/example_dags/subdags/subdag.py for tasks to queue
[2021-03-09 20:05:15,214] {logging_mixin.py:103} INFO - [2021-03-09 20:05:15,214] {dagbag.py:440} INFO - Filling up the DagBag from /home/airflow/venv/lib/python3.8/site-packages/airflow/example_dags/subdags/subdag.py
[2021-03-09 20:05:15,216] {scheduler_job.py:641} WARNING - No viable dags retrieved from /home/airflow/venv/lib/python3.8/site-packages/airflow/example_dags/subdags/subdag.py
[2021-03-09 20:05:15,222] {scheduler_job.py:189} INFO - Processing /home/airflow/venv/lib/python3.8/site-packages/airflow/example_dags/subdags/subdag.py took 0.016 seconds
[2021-03-09 20:05:40,632] {scheduler_job.py:181} INFO - Started process (PID=5120) to work on /home/airflow/venv/lib/python3.8/site-packages/airflow/example_dags/subdags/subdag.py
[2021-03-09 20:05:40,632] {scheduler_job.py:629} INFO - Processing file /home/airflow/venv/lib/python3.8/site-packages/airflow/example_dags/subdags/subdag.py for tasks to queue
[2021-03-09 20:05:40,633] {logging_mixin.py:103} INFO - [2021-03-09 20:05:40,633] {dagbag.py:440} INFO - Filling up the DagBag from /home/airflow/venv/lib/python3.8/site-packages/airflow/example_dags/subdags/subdag.py
[2021-03-09 20:05:40,635] {scheduler_job.py:641} WARNING - No viable dags retrieved from /home/airflow/venv/lib/python3.8/site-packages/airflow/example_dags/subdags/subdag.py
[2021-03-09 20:05:40,644] {scheduler_job.py:189} INFO - Processing /home/airflow/venv/lib/python3.8/site-packages/airflow/example_dags/subdags/subdag.py took 0.020 seconds
[2021-03-09 20:06:06,720] {scheduler_job.py:181} INFO - Started process (PID=5189) to work on /home/airflow/venv/lib/python3.8/site-packages/airflow/example_dags/subdags/subdag.py
[2021-03-09 20:06:06,720] {scheduler_job.py:629} INFO - Processing file /home/airflow/venv/lib/python3.8/site-packages/airflow/example_dags/subdags/subdag.py for tasks to queue
[2021-03-09 20:06:06,721] {logging_mixin.py:103} INFO - [2021-03-09 20:06:06,721] {dagbag.py:440} INFO - Filling up the DagBag from /home/airflow/venv/lib/python3.8/site-packages/airflow/example_dags/subdags/subdag.py
[2021-03-09 20:06:06,722] {scheduler_job.py:641} WARNING - No viable dags retrieved from /home/airflow/venv/lib/python3.8/site-packages/airflow/example_dags/subdags/subdag.py
[2021-03-09 20:06:06,735] {scheduler_job.py:189} INFO - Processing /home/airflow/venv/lib/python3.8/site-packages/airflow/example_dags/subdags/subdag.py took 0.017 seconds
[2021-03-09 20:06:33,105] {scheduler_job.py:181} INFO - Started process (PID=5256) to work on /home/airflow/venv/lib/python3.8/site-packages/airflow/example_dags/subdags/subdag.py
[2021-03-09 20:06:33,107] {scheduler_job.py:629} INFO - Processing file /home/airflow/venv/lib/python3.8/site-packages/airflow/example_dags/subdags/subdag.py for tasks to queue
[2021-03-09 20:06:33,108] {logging_mixin.py:103} INFO - [2021-03-09 20:06:33,108] {dagbag.py:440} INFO - Filling up the DagBag from /home/airflow/venv/lib/python3.8/site-packages/airflow/example_dags/subdags/subdag.py
[2021-03-09 20:06:33,110] {scheduler_job.py:641} WARNING - No viable dags retrieved from /home/airflow/venv/lib/python3.8/site-packages/airflow/example_dags/subdags/subdag.py
[2021-03-09 20:06:33,116] {scheduler_job.py:189} INFO - Processing /home/airflow/venv/lib/python3.8/site-packages/airflow/example_dags/subdags/subdag.py took 0.018 seconds
[2021-03-09 20:06:58,405] {scheduler_job.py:181} INFO - Started process (PID=5320) to work on /home/airflow/venv/lib/python3.8/site-packages/airflow/example_dags/subdags/subdag.py
[2021-03-09 20:06:58,406] {scheduler_job.py:629} INFO - Processing file /home/airflow/venv/lib/python3.8/site-packages/airflow/example_dags/subdags/subdag.py for tasks to queue
[2021-03-09 20:06:58,407] {logging_mixin.py:103} INFO - [2021-03-09 20:06:58,407] {dagbag.py:440} INFO - Filling up the DagBag from /home/airflow/venv/lib/python3.8/site-packages/airflow/example_dags/subdags/subdag.py
[2021-03-09 20:06:58,416] {scheduler_job.py:641} WARNING - No viable dags retrieved from /home/airflow/venv/lib/python3.8/site-packages/airflow/example_dags/subdags/subdag.py
[2021-03-09 20:06:58,427] {scheduler_job.py:189} INFO - Processing /home/airflow/venv/lib/python3.8/site-packages/airflow/example_dags/subdags/subdag.py took 0.033 seconds
[2021-03-09 20:07:24,713] {scheduler_job.py:181} INFO - Started process (PID=5406) to work on /home/airflow/venv/lib/python3.8/site-packages/airflow/example_dags/subdags/subdag.py
[2021-03-09 20:07:24,714] {scheduler_job.py:629} INFO - Processing file /home/airflow/venv/lib/python3.8/site-packages/airflow/example_dags/subdags/subdag.py for tasks to queue
[2021-03-09 20:07:24,714] {logging_mixin.py:103} INFO - [2021-03-09 20:07:24,714] {dagbag.py:440} INFO - Filling up the DagBag from /home/airflow/venv/lib/python3.8/site-packages/airflow/example_dags/subdags/subdag.py
[2021-03-09 20:07:24,719] {scheduler_job.py:641} WARNING - No viable dags retrieved from /home/airflow/venv/lib/python3.8/site-packages/airflow/example_dags/subdags/subdag.py
[2021-03-09 20:07:24,725] {scheduler_job.py:189} INFO - Processing /home/airflow/venv/lib/python3.8/site-packages/airflow/example_dags/subdags/subdag.py took 0.018 seconds
[2021-03-09 20:07:50,020] {scheduler_job.py:181} INFO - Started process (PID=5470) to work on /home/airflow/venv/lib/python3.8/site-packages/airflow/example_dags/subdags/subdag.py
[2021-03-09 20:07:50,021] {scheduler_job.py:629} INFO - Processing file /home/airflow/venv/lib/python3.8/site-packages/airflow/example_dags/subdags/subdag.py for tasks to queue
[2021-03-09 20:07:50,022] {logging_mixin.py:103} INFO - [2021-03-09 20:07:50,022] {dagbag.py:440} INFO - Filling up the DagBag from /home/airflow/venv/lib/python3.8/site-packages/airflow/example_dags/subdags/subdag.py
[2021-03-09 20:07:50,029] {scheduler_job.py:641} WARNING - No viable dags retrieved from /home/airflow/venv/lib/python3.8/site-packages/airflow/example_dags/subdags/subdag.py
[2021-03-09 20:07:50,034] {scheduler_job.py:189} INFO - Processing /home/airflow/venv/lib/python3.8/site-packages/airflow/example_dags/subdags/subdag.py took 0.019 seconds
[2021-03-09 20:08:17,376] {scheduler_job.py:181} INFO - Started process (PID=5547) to work on /home/airflow/venv/lib/python3.8/site-packages/airflow/example_dags/subdags/subdag.py
[2021-03-09 20:08:17,377] {scheduler_job.py:629} INFO - Processing file /home/airflow/venv/lib/python3.8/site-packages/airflow/example_dags/subdags/subdag.py for tasks to queue
[2021-03-09 20:08:17,377] {logging_mixin.py:103} INFO - [2021-03-09 20:08:17,377] {dagbag.py:440} INFO - Filling up the DagBag from /home/airflow/venv/lib/python3.8/site-packages/airflow/example_dags/subdags/subdag.py
[2021-03-09 20:08:17,379] {scheduler_job.py:641} WARNING - No viable dags retrieved from /home/airflow/venv/lib/python3.8/site-packages/airflow/example_dags/subdags/subdag.py
[2021-03-09 20:08:17,386] {scheduler_job.py:189} INFO - Processing /home/airflow/venv/lib/python3.8/site-packages/airflow/example_dags/subdags/subdag.py took 0.012 seconds
[2021-03-09 20:08:43,293] {scheduler_job.py:181} INFO - Started process (PID=5616) to work on /home/airflow/venv/lib/python3.8/site-packages/airflow/example_dags/subdags/subdag.py
[2021-03-09 20:08:43,294] {scheduler_job.py:629} INFO - Processing file /home/airflow/venv/lib/python3.8/site-packages/airflow/example_dags/subdags/subdag.py for tasks to queue
[2021-03-09 20:08:43,295] {logging_mixin.py:103} INFO - [2021-03-09 20:08:43,295] {dagbag.py:440} INFO - Filling up the DagBag from /home/airflow/venv/lib/python3.8/site-packages/airflow/example_dags/subdags/subdag.py
[2021-03-09 20:08:43,297] {scheduler_job.py:641} WARNING - No viable dags retrieved from /home/airflow/venv/lib/python3.8/site-packages/airflow/example_dags/subdags/subdag.py
[2021-03-09 20:08:43,304] {scheduler_job.py:189} INFO - Processing /home/airflow/venv/lib/python3.8/site-packages/airflow/example_dags/subdags/subdag.py took 0.017 seconds
[2021-03-09 20:09:08,838] {scheduler_job.py:181} INFO - Started process (PID=5681) to work on /home/airflow/venv/lib/python3.8/site-packages/airflow/example_dags/subdags/subdag.py
[2021-03-09 20:09:08,838] {scheduler_job.py:629} INFO - Processing file /home/airflow/venv/lib/python3.8/site-packages/airflow/example_dags/subdags/subdag.py for tasks to queue
[2021-03-09 20:09:08,839] {logging_mixin.py:103} INFO - [2021-03-09 20:09:08,839] {dagbag.py:440} INFO - Filling up the DagBag from /home/airflow/venv/lib/python3.8/site-packages/airflow/example_dags/subdags/subdag.py
[2021-03-09 20:09:08,841] {scheduler_job.py:641} WARNING - No viable dags retrieved from /home/airflow/venv/lib/python3.8/site-packages/airflow/example_dags/subdags/subdag.py
[2021-03-09 20:09:08,845] {scheduler_job.py:189} INFO - Processing /home/airflow/venv/lib/python3.8/site-packages/airflow/example_dags/subdags/subdag.py took 0.010 seconds
[2021-03-09 20:09:34,136] {scheduler_job.py:181} INFO - Started process (PID=5748) to work on /home/airflow/venv/lib/python3.8/site-packages/airflow/example_dags/subdags/subdag.py
[2021-03-09 20:09:34,138] {scheduler_job.py:629} INFO - Processing file /home/airflow/venv/lib/python3.8/site-packages/airflow/example_dags/subdags/subdag.py for tasks to queue
[2021-03-09 20:09:34,139] {logging_mixin.py:103} INFO - [2021-03-09 20:09:34,138] {dagbag.py:440} INFO - Filling up the DagBag from /home/airflow/venv/lib/python3.8/site-packages/airflow/example_dags/subdags/subdag.py
[2021-03-09 20:09:34,141] {scheduler_job.py:641} WARNING - No viable dags retrieved from /home/airflow/venv/lib/python3.8/site-packages/airflow/example_dags/subdags/subdag.py
[2021-03-09 20:09:34,156] {scheduler_job.py:189} INFO - Processing /home/airflow/venv/lib/python3.8/site-packages/airflow/example_dags/subdags/subdag.py took 0.031 seconds
[2021-03-09 20:10:00,499] {scheduler_job.py:181} INFO - Started process (PID=5813) to work on /home/airflow/venv/lib/python3.8/site-packages/airflow/example_dags/subdags/subdag.py
[2021-03-09 20:10:00,500] {scheduler_job.py:629} INFO - Processing file /home/airflow/venv/lib/python3.8/site-packages/airflow/example_dags/subdags/subdag.py for tasks to queue
[2021-03-09 20:10:00,501] {logging_mixin.py:103} INFO - [2021-03-09 20:10:00,501] {dagbag.py:440} INFO - Filling up the DagBag from /home/airflow/venv/lib/python3.8/site-packages/airflow/example_dags/subdags/subdag.py
[2021-03-09 20:10:00,502] {scheduler_job.py:641} WARNING - No viable dags retrieved from /home/airflow/venv/lib/python3.8/site-packages/airflow/example_dags/subdags/subdag.py
[2021-03-09 20:10:00,508] {scheduler_job.py:189} INFO - Processing /home/airflow/venv/lib/python3.8/site-packages/airflow/example_dags/subdags/subdag.py took 0.011 seconds
[2021-03-09 20:10:27,581] {scheduler_job.py:181} INFO - Started process (PID=5882) to work on /home/airflow/venv/lib/python3.8/site-packages/airflow/example_dags/subdags/subdag.py
[2021-03-09 20:10:27,582] {scheduler_job.py:629} INFO - Processing file /home/airflow/venv/lib/python3.8/site-packages/airflow/example_dags/subdags/subdag.py for tasks to queue
[2021-03-09 20:10:27,582] {logging_mixin.py:103} INFO - [2021-03-09 20:10:27,582] {dagbag.py:440} INFO - Filling up the DagBag from /home/airflow/venv/lib/python3.8/site-packages/airflow/example_dags/subdags/subdag.py
[2021-03-09 20:10:27,587] {scheduler_job.py:641} WARNING - No viable dags retrieved from /home/airflow/venv/lib/python3.8/site-packages/airflow/example_dags/subdags/subdag.py
[2021-03-09 20:10:27,593] {scheduler_job.py:189} INFO - Processing /home/airflow/venv/lib/python3.8/site-packages/airflow/example_dags/subdags/subdag.py took 0.019 seconds
[2021-03-09 20:10:53,200] {scheduler_job.py:181} INFO - Started process (PID=5947) to work on /home/airflow/venv/lib/python3.8/site-packages/airflow/example_dags/subdags/subdag.py
[2021-03-09 20:10:53,200] {scheduler_job.py:629} INFO - Processing file /home/airflow/venv/lib/python3.8/site-packages/airflow/example_dags/subdags/subdag.py for tasks to queue
[2021-03-09 20:10:53,201] {logging_mixin.py:103} INFO - [2021-03-09 20:10:53,201] {dagbag.py:440} INFO - Filling up the DagBag from /home/airflow/venv/lib/python3.8/site-packages/airflow/example_dags/subdags/subdag.py
[2021-03-09 20:10:53,202] {scheduler_job.py:641} WARNING - No viable dags retrieved from /home/airflow/venv/lib/python3.8/site-packages/airflow/example_dags/subdags/subdag.py
[2021-03-09 20:10:53,206] {scheduler_job.py:189} INFO - Processing /home/airflow/venv/lib/python3.8/site-packages/airflow/example_dags/subdags/subdag.py took 0.012 seconds
