[2021-03-19 06:07:51,579] {taskinstance.py:826} INFO - Dependencies all met for <TaskInstance: parallel_dag.bash1 2021-03-10T00:00:00+00:00 [queued]>
[2021-03-19 06:07:51,658] {taskinstance.py:826} INFO - Dependencies all met for <TaskInstance: parallel_dag.bash1 2021-03-10T00:00:00+00:00 [queued]>
[2021-03-19 06:07:51,658] {taskinstance.py:1017} INFO - 
--------------------------------------------------------------------------------
[2021-03-19 06:07:51,658] {taskinstance.py:1018} INFO - Starting attempt 1 of 1
[2021-03-19 06:07:51,658] {taskinstance.py:1019} INFO - 
--------------------------------------------------------------------------------
[2021-03-19 06:07:51,699] {taskinstance.py:1038} INFO - Executing <Task(BashOperator): bash1> on 2021-03-10T00:00:00+00:00
[2021-03-19 06:07:51,700] {standard_task_runner.py:51} INFO - Started process 3991 to run task
[2021-03-19 06:07:51,712] {standard_task_runner.py:75} INFO - Running: ['airflow', 'tasks', 'run', 'parallel_dag', 'bash1', '2021-03-10T00:00:00+00:00', '--job-id', '156', '--pool', 'default_pool', '--raw', '--subdir', 'DAGS_FOLDER/parallel_dag.py', '--cfg-path', '/tmp/tmp99w1if94']
[2021-03-19 06:07:51,712] {standard_task_runner.py:76} INFO - Job 156: Subtask bash1
[2021-03-19 06:07:52,024] {logging_mixin.py:103} INFO - Running <TaskInstance: parallel_dag.bash1 2021-03-10T00:00:00+00:00 [running]> on host airflowvm
[2021-03-19 06:07:52,237] {taskinstance.py:1230} INFO - Exporting the following env vars:
AIRFLOW_CTX_DAG_OWNER=airflow
AIRFLOW_CTX_DAG_ID=parallel_dag
AIRFLOW_CTX_TASK_ID=bash1
AIRFLOW_CTX_EXECUTION_DATE=2021-03-10T00:00:00+00:00
AIRFLOW_CTX_DAG_RUN_ID=scheduled__2021-03-10T00:00:00+00:00
[2021-03-19 06:07:52,237] {bash.py:135} INFO - Tmp dir root location: 
 /tmp
[2021-03-19 06:07:52,244] {bash.py:158} INFO - Running command: sleep 3
[2021-03-19 06:07:52,273] {bash.py:169} INFO - Output:
[2021-03-19 06:07:55,284] {bash.py:177} INFO - Command exited with return code 0
[2021-03-19 06:07:55,373] {taskinstance.py:1135} INFO - Marking task as SUCCESS. dag_id=parallel_dag, task_id=bash1, execution_date=20210310T000000, start_date=20210319T060751, end_date=20210319T060755
[2021-03-19 06:07:55,447] {taskinstance.py:1195} INFO - 0 downstream tasks scheduled from follow-on schedule check
[2021-03-19 06:07:55,467] {local_task_job.py:118} INFO - Task exited with return code 0
