[2021-04-02 03:59:57,918] {taskinstance.py:826} INFO - Dependencies all met for <TaskInstance: xcom_dag.processing_tasks.training_model_c 2021-04-01T00:00:00+00:00 [queued]>
[2021-04-02 03:59:58,333] {taskinstance.py:826} INFO - Dependencies all met for <TaskInstance: xcom_dag.processing_tasks.training_model_c 2021-04-01T00:00:00+00:00 [queued]>
[2021-04-02 03:59:58,434] {taskinstance.py:1017} INFO - 
--------------------------------------------------------------------------------
[2021-04-02 03:59:58,434] {taskinstance.py:1018} INFO - Starting attempt 1 of 1
[2021-04-02 03:59:58,434] {taskinstance.py:1019} INFO - 
--------------------------------------------------------------------------------
[2021-04-02 03:59:58,790] {taskinstance.py:1038} INFO - Executing <Task(PythonOperator): processing_tasks.training_model_c> on 2021-04-01T00:00:00+00:00
[2021-04-02 03:59:58,843] {standard_task_runner.py:51} INFO - Started process 2106 to run task
[2021-04-02 03:59:58,917] {standard_task_runner.py:75} INFO - Running: ['airflow', 'tasks', 'run', 'xcom_dag', 'processing_tasks.training_model_c', '2021-04-01T00:00:00+00:00', '--job-id', '228', '--pool', 'default_pool', '--raw', '--subdir', 'DAGS_FOLDER/xcom_dag.py', '--cfg-path', '/tmp/tmpemmh82zl']
[2021-04-02 03:59:58,918] {standard_task_runner.py:76} INFO - Job 228: Subtask processing_tasks.training_model_c
[2021-04-02 03:59:59,811] {logging_mixin.py:103} INFO - Running <TaskInstance: xcom_dag.processing_tasks.training_model_c 2021-04-01T00:00:00+00:00 [running]> on host airflowvm
[2021-04-02 04:00:00,795] {taskinstance.py:1230} INFO - Exporting the following env vars:
AIRFLOW_CTX_DAG_OWNER=airflow
AIRFLOW_CTX_DAG_ID=xcom_dag
AIRFLOW_CTX_TASK_ID=processing_tasks.training_model_c
AIRFLOW_CTX_EXECUTION_DATE=2021-04-01T00:00:00+00:00
AIRFLOW_CTX_DAG_RUN_ID=scheduled__2021-04-01T00:00:00+00:00
[2021-04-02 04:00:00,796] {logging_mixin.py:103} INFO - model's accuracy: 1.9673855799592557
[2021-04-02 04:00:01,032] {python.py:118} INFO - Done. Returned value was: None
[2021-04-02 04:00:01,236] {taskinstance.py:1135} INFO - Marking task as SUCCESS. dag_id=xcom_dag, task_id=processing_tasks.training_model_c, execution_date=20210401T000000, start_date=20210402T035957, end_date=20210402T040001
[2021-04-02 04:00:01,694] {taskinstance.py:1195} INFO - 1 downstream tasks scheduled from follow-on schedule check
[2021-04-02 04:00:01,736] {local_task_job.py:118} INFO - Task exited with return code 0
