[2021-03-10 07:01:07,780] {taskinstance.py:826} INFO - Dependencies all met for <TaskInstance: data_processing.extract_users 2021-01-13T00:00:00+00:00 [queued]>
[2021-03-10 07:01:07,786] {taskinstance.py:826} INFO - Dependencies all met for <TaskInstance: data_processing.extract_users 2021-01-13T00:00:00+00:00 [queued]>
[2021-03-10 07:01:07,786] {taskinstance.py:1017} INFO - 
--------------------------------------------------------------------------------
[2021-03-10 07:01:07,786] {taskinstance.py:1018} INFO - Starting attempt 1 of 1
[2021-03-10 07:01:07,786] {taskinstance.py:1019} INFO - 
--------------------------------------------------------------------------------
[2021-03-10 07:01:07,794] {taskinstance.py:1038} INFO - Executing <Task(SimpleHttpOperator): extract_users> on 2021-01-13T00:00:00+00:00
[2021-03-10 07:01:07,796] {standard_task_runner.py:51} INFO - Started process 42310 to run task
[2021-03-10 07:01:07,801] {standard_task_runner.py:75} INFO - Running: ['airflow', 'tasks', 'run', 'data_processing', 'extract_users', '2021-01-13T00:00:00+00:00', '--job-id', '77', '--pool', 'default_pool', '--raw', '--subdir', 'DAGS_FOLDER/data_processing.py', '--cfg-path', '/tmp/tmpzdpozqm7']
[2021-03-10 07:01:07,801] {standard_task_runner.py:76} INFO - Job 77: Subtask extract_users
[2021-03-10 07:01:07,933] {logging_mixin.py:103} INFO - Running <TaskInstance: data_processing.extract_users 2021-01-13T00:00:00+00:00 [running]> on host airflowvm
[2021-03-10 07:01:08,054] {taskinstance.py:1230} INFO - Exporting the following env vars:
AIRFLOW_CTX_DAG_OWNER=airflow
AIRFLOW_CTX_DAG_ID=data_processing
AIRFLOW_CTX_TASK_ID=extract_users
AIRFLOW_CTX_EXECUTION_DATE=2021-01-13T00:00:00+00:00
AIRFLOW_CTX_DAG_RUN_ID=scheduled__2021-01-13T00:00:00+00:00
[2021-03-10 07:01:08,055] {http.py:106} INFO - Calling HTTP method
[2021-03-10 07:01:08,057] {base.py:65} INFO - Using connection to: id: user_api. Host: https://randomuser.me/, Port: None, Schema: , Login: , Password: None, extra: None
[2021-03-10 07:01:08,058] {http.py:140} INFO - Sending 'GET' to url: https://randomuser.me/api/
[2021-03-10 07:01:08,560] {http.py:110} INFO - {"results":[{"gender":"female","name":{"title":"Miss","first":"Sam","last":"Odonoghue"},"location":{"street":{"number":3740,"name":"New Street"},"city":"Skerries","state":"Donegal","country":"Ireland","postcode":23689,"coordinates":{"latitude":"18.6599","longitude":"98.2167"},"timezone":{"offset":"-12:00","description":"Eniwetok, Kwajalein"}},"email":"sam.odonoghue@example.com","login":{"uuid":"da3057d2-2fc2-4a96-b317-c81b302c6200","username":"lazypeacock582","password":"bbbb","salt":"0XiNMyEm","md5":"27f31cd710d251f38eaa4e8aa3c1fc33","sha1":"76c88025eb9d2ae8e93b7d5cab91e7725cc79e30","sha256":"b4baf3ebf5943766cf6d93e4ce4d9b616a8f38cf724f70ce44c6bd84b4192df5"},"dob":{"date":"1950-01-31T02:38:20.464Z","age":71},"registered":{"date":"2014-08-08T00:19:24.599Z","age":7},"phone":"011-183-1003","cell":"081-471-3392","id":{"name":"PPS","value":"2173113T"},"picture":{"large":"https://randomuser.me/api/portraits/women/20.jpg","medium":"https://randomuser.me/api/portraits/med/women/20.jpg","thumbnail":"https://randomuser.me/api/portraits/thumb/women/20.jpg"},"nat":"IE"}],"info":{"seed":"c2b844e165f80669","results":1,"page":1,"version":"1.3"}}
[2021-03-10 07:01:08,575] {taskinstance.py:1135} INFO - Marking task as SUCCESS. dag_id=data_processing, task_id=extract_users, execution_date=20210113T000000, start_date=20210310T070107, end_date=20210310T070108
[2021-03-10 07:01:08,597] {taskinstance.py:1195} INFO - 1 downstream tasks scheduled from follow-on schedule check
[2021-03-10 07:01:08,627] {local_task_job.py:118} INFO - Task exited with return code 0
