[2021-04-05 05:10:33,850] {taskinstance.py:826} INFO - Dependencies all met for <TaskInstance: xcom_dag.processing_tasks.training_model_c 2021-04-04T00:00:00+00:00 [queued]>
[2021-04-05 05:10:34,188] {taskinstance.py:826} INFO - Dependencies all met for <TaskInstance: xcom_dag.processing_tasks.training_model_c 2021-04-04T00:00:00+00:00 [queued]>
[2021-04-05 05:10:34,196] {taskinstance.py:1017} INFO - 
--------------------------------------------------------------------------------
[2021-04-05 05:10:34,196] {taskinstance.py:1018} INFO - Starting attempt 1 of 1
[2021-04-05 05:10:34,197] {taskinstance.py:1019} INFO - 
--------------------------------------------------------------------------------
[2021-04-05 05:10:34,336] {taskinstance.py:1038} INFO - Executing <Task(PythonOperator): processing_tasks.training_model_c> on 2021-04-04T00:00:00+00:00
[2021-04-05 05:10:34,389] {standard_task_runner.py:51} INFO - Started process 2557 to run task
[2021-04-05 05:10:34,343] {standard_task_runner.py:75} INFO - Running: ['airflow', 'tasks', 'run', 'xcom_dag', 'processing_tasks.training_model_c', '2021-04-04T00:00:00+00:00', '--job-id', '285', '--pool', 'default_pool', '--raw', '--subdir', 'DAGS_FOLDER/xcom_dag.py', '--cfg-path', '/tmp/tmpk73uww71']
[2021-04-05 05:10:34,454] {standard_task_runner.py:76} INFO - Job 285: Subtask processing_tasks.training_model_c
[2021-04-05 05:10:35,265] {logging_mixin.py:103} INFO - Running <TaskInstance: xcom_dag.processing_tasks.training_model_c 2021-04-04T00:00:00+00:00 [running]> on host airflowvm
[2021-04-05 05:10:35,929] {taskinstance.py:1230} INFO - Exporting the following env vars:
AIRFLOW_CTX_DAG_OWNER=airflow
AIRFLOW_CTX_DAG_ID=xcom_dag
AIRFLOW_CTX_TASK_ID=processing_tasks.training_model_c
AIRFLOW_CTX_EXECUTION_DATE=2021-04-04T00:00:00+00:00
AIRFLOW_CTX_DAG_RUN_ID=scheduled__2021-04-04T00:00:00+00:00
[2021-04-05 05:10:35,929] {logging_mixin.py:103} INFO - model's accuracy: 3.7491551910215923
[2021-04-05 05:10:36,150] {python.py:118} INFO - Done. Returned value was: None
[2021-04-05 05:10:36,297] {taskinstance.py:1135} INFO - Marking task as SUCCESS. dag_id=xcom_dag, task_id=processing_tasks.training_model_c, execution_date=20210404T000000, start_date=20210405T051033, end_date=20210405T051036
[2021-04-05 05:10:37,157] {taskinstance.py:1195} INFO - 0 downstream tasks scheduled from follow-on schedule check
[2021-04-05 05:10:37,229] {local_task_job.py:118} INFO - Task exited with return code 0
