[2021-03-10 07:05:22,268] {taskinstance.py:826} INFO - Dependencies all met for <TaskInstance: data_processing.extract_users 2021-02-05T00:00:00+00:00 [queued]>
[2021-03-10 07:05:22,273] {taskinstance.py:826} INFO - Dependencies all met for <TaskInstance: data_processing.extract_users 2021-02-05T00:00:00+00:00 [queued]>
[2021-03-10 07:05:22,273] {taskinstance.py:1017} INFO - 
--------------------------------------------------------------------------------
[2021-03-10 07:05:22,273] {taskinstance.py:1018} INFO - Starting attempt 1 of 1
[2021-03-10 07:05:22,273] {taskinstance.py:1019} INFO - 
--------------------------------------------------------------------------------
[2021-03-10 07:05:22,288] {taskinstance.py:1038} INFO - Executing <Task(SimpleHttpOperator): extract_users> on 2021-02-05T00:00:00+00:00
[2021-03-10 07:05:22,290] {standard_task_runner.py:51} INFO - Started process 43154 to run task
[2021-03-10 07:05:22,295] {standard_task_runner.py:75} INFO - Running: ['airflow', 'tasks', 'run', 'data_processing', 'extract_users', '2021-02-05T00:00:00+00:00', '--job-id', '192', '--pool', 'default_pool', '--raw', '--subdir', 'DAGS_FOLDER/data_processing.py', '--cfg-path', '/tmp/tmpx96ulqmh']
[2021-03-10 07:05:22,295] {standard_task_runner.py:76} INFO - Job 192: Subtask extract_users
[2021-03-10 07:05:22,419] {logging_mixin.py:103} INFO - Running <TaskInstance: data_processing.extract_users 2021-02-05T00:00:00+00:00 [running]> on host airflowvm
[2021-03-10 07:05:22,549] {taskinstance.py:1230} INFO - Exporting the following env vars:
AIRFLOW_CTX_DAG_OWNER=airflow
AIRFLOW_CTX_DAG_ID=data_processing
AIRFLOW_CTX_TASK_ID=extract_users
AIRFLOW_CTX_EXECUTION_DATE=2021-02-05T00:00:00+00:00
AIRFLOW_CTX_DAG_RUN_ID=scheduled__2021-02-05T00:00:00+00:00
[2021-03-10 07:05:22,549] {http.py:106} INFO - Calling HTTP method
[2021-03-10 07:05:22,552] {base.py:65} INFO - Using connection to: id: user_api. Host: https://randomuser.me/, Port: None, Schema: , Login: , Password: None, extra: None
[2021-03-10 07:05:22,553] {http.py:140} INFO - Sending 'GET' to url: https://randomuser.me/api/
[2021-03-10 07:05:22,984] {http.py:110} INFO - {"results":[{"gender":"male","name":{"title":"Mr","first":"Vincent","last":"Walters"},"location":{"street":{"number":5240,"name":"Camden Ave"},"city":"Coffs Harbour","state":"South Australia","country":"Australia","postcode":5082,"coordinates":{"latitude":"-85.9696","longitude":"-138.5271"},"timezone":{"offset":"-10:00","description":"Hawaii"}},"email":"vincent.walters@example.com","login":{"uuid":"fe181481-0017-43ad-9ec8-a3da5586e6a9","username":"silverlion667","password":"thing","salt":"cbeCoQ2L","md5":"045e01f02e3f87dd489e52e61cef6260","sha1":"0af04818c2a43dec2cb30de647f4922e4062facf","sha256":"036611016fe9fbbc64bd8ba8190f4e9fbc07e79b769edae5fad017ea0353929f"},"dob":{"date":"1957-10-16T01:37:44.445Z","age":64},"registered":{"date":"2017-01-29T01:40:14.955Z","age":4},"phone":"03-3549-4652","cell":"0466-879-439","id":{"name":"TFN","value":"643991900"},"picture":{"large":"https://randomuser.me/api/portraits/men/63.jpg","medium":"https://randomuser.me/api/portraits/med/men/63.jpg","thumbnail":"https://randomuser.me/api/portraits/thumb/men/63.jpg"},"nat":"AU"}],"info":{"seed":"6f8f036c630abd82","results":1,"page":1,"version":"1.3"}}
[2021-03-10 07:05:22,999] {taskinstance.py:1135} INFO - Marking task as SUCCESS. dag_id=data_processing, task_id=extract_users, execution_date=20210205T000000, start_date=20210310T070522, end_date=20210310T070522
[2021-03-10 07:05:23,015] {taskinstance.py:1195} INFO - 1 downstream tasks scheduled from follow-on schedule check
[2021-03-10 07:05:23,039] {local_task_job.py:118} INFO - Task exited with return code 0
