[2021-03-19 06:07:45,087] {taskinstance.py:826} INFO - Dependencies all met for <TaskInstance: xcom_dag.processing_tasks.training_model_a 2021-03-13T00:00:00+00:00 [queued]>
[2021-03-19 06:07:45,292] {taskinstance.py:826} INFO - Dependencies all met for <TaskInstance: xcom_dag.processing_tasks.training_model_a 2021-03-13T00:00:00+00:00 [queued]>
[2021-03-19 06:07:45,292] {taskinstance.py:1017} INFO - 
--------------------------------------------------------------------------------
[2021-03-19 06:07:45,292] {taskinstance.py:1018} INFO - Starting attempt 1 of 1
[2021-03-19 06:07:45,292] {taskinstance.py:1019} INFO - 
--------------------------------------------------------------------------------
[2021-03-19 06:07:45,429] {taskinstance.py:1038} INFO - Executing <Task(PythonOperator): processing_tasks.training_model_a> on 2021-03-13T00:00:00+00:00
[2021-03-19 06:07:45,430] {standard_task_runner.py:51} INFO - Started process 3614 to run task
[2021-03-19 06:07:45,569] {standard_task_runner.py:75} INFO - Running: ['airflow', 'tasks', 'run', 'xcom_dag', 'processing_tasks.training_model_a', '2021-03-13T00:00:00+00:00', '--job-id', '143', '--pool', 'default_pool', '--raw', '--subdir', 'DAGS_FOLDER/xcom_dag.py', '--cfg-path', '/tmp/tmpjvi3map6']
[2021-03-19 06:07:45,570] {standard_task_runner.py:76} INFO - Job 143: Subtask processing_tasks.training_model_a
[2021-03-19 06:07:46,351] {logging_mixin.py:103} INFO - Running <TaskInstance: xcom_dag.processing_tasks.training_model_a 2021-03-13T00:00:00+00:00 [running]> on host airflowvm
[2021-03-19 06:07:47,009] {taskinstance.py:1230} INFO - Exporting the following env vars:
AIRFLOW_CTX_DAG_OWNER=airflow
AIRFLOW_CTX_DAG_ID=xcom_dag
AIRFLOW_CTX_TASK_ID=processing_tasks.training_model_a
AIRFLOW_CTX_EXECUTION_DATE=2021-03-13T00:00:00+00:00
AIRFLOW_CTX_DAG_RUN_ID=scheduled__2021-03-13T00:00:00+00:00
[2021-03-19 06:07:47,010] {logging_mixin.py:103} INFO - model's accuracy: 7.511857079129198
[2021-03-19 06:07:47,208] {python.py:118} INFO - Done. Returned value was: None
[2021-03-19 06:07:47,341] {taskinstance.py:1135} INFO - Marking task as SUCCESS. dag_id=xcom_dag, task_id=processing_tasks.training_model_a, execution_date=20210313T000000, start_date=20210319T060745, end_date=20210319T060747
[2021-03-19 06:07:47,787] {taskinstance.py:1195} INFO - 1 downstream tasks scheduled from follow-on schedule check
[2021-03-19 06:07:47,837] {local_task_job.py:118} INFO - Task exited with return code 0
