[2021-03-10 07:05:25,983] {taskinstance.py:826} INFO - Dependencies all met for <TaskInstance: data_processing.storing_user 2021-02-03T00:00:00+00:00 [queued]>
[2021-03-10 07:05:25,988] {taskinstance.py:826} INFO - Dependencies all met for <TaskInstance: data_processing.storing_user 2021-02-03T00:00:00+00:00 [queued]>
[2021-03-10 07:05:25,988] {taskinstance.py:1017} INFO - 
--------------------------------------------------------------------------------
[2021-03-10 07:05:25,988] {taskinstance.py:1018} INFO - Starting attempt 1 of 1
[2021-03-10 07:05:25,988] {taskinstance.py:1019} INFO - 
--------------------------------------------------------------------------------
[2021-03-10 07:05:25,995] {taskinstance.py:1038} INFO - Executing <Task(BashOperator): storing_user> on 2021-02-03T00:00:00+00:00
[2021-03-10 07:05:25,997] {standard_task_runner.py:51} INFO - Started process 43163 to run task
[2021-03-10 07:05:26,002] {standard_task_runner.py:75} INFO - Running: ['airflow', 'tasks', 'run', 'data_processing', 'storing_user', '2021-02-03T00:00:00+00:00', '--job-id', '194', '--pool', 'default_pool', '--raw', '--subdir', 'DAGS_FOLDER/data_processing.py', '--cfg-path', '/tmp/tmppbp84rrf']
[2021-03-10 07:05:26,002] {standard_task_runner.py:76} INFO - Job 194: Subtask storing_user
[2021-03-10 07:05:26,127] {logging_mixin.py:103} INFO - Running <TaskInstance: data_processing.storing_user 2021-02-03T00:00:00+00:00 [running]> on host airflowvm
[2021-03-10 07:05:26,258] {taskinstance.py:1230} INFO - Exporting the following env vars:
AIRFLOW_CTX_DAG_OWNER=airflow
AIRFLOW_CTX_DAG_ID=data_processing
AIRFLOW_CTX_TASK_ID=storing_user
AIRFLOW_CTX_EXECUTION_DATE=2021-02-03T00:00:00+00:00
AIRFLOW_CTX_DAG_RUN_ID=scheduled__2021-02-03T00:00:00+00:00
[2021-03-10 07:05:26,258] {bash.py:135} INFO - Tmp dir root location: 
 /tmp
[2021-03-10 07:05:26,259] {bash.py:158} INFO - Running command: echo -e ".separator "," 
. import /tmp/users.csv userstwos" | sqlite3 /home/airflow/airflow/airflow.db
[2021-03-10 07:05:26,263] {bash.py:169} INFO - Output:
[2021-03-10 07:05:26,267] {bash.py:173} INFO - /tmp/users.csv:1: expected 3 columns but found 6 - extras ignored
[2021-03-10 07:05:26,267] {bash.py:173} INFO - /tmp/users.csv:1: INSERT failed: UNIQUE constraint failed: userstwos.email
[2021-03-10 07:05:26,267] {bash.py:177} INFO - Command exited with return code 1
[2021-03-10 07:05:26,272] {taskinstance.py:1396} ERROR - Bash command failed. The command returned a non-zero exit code.
Traceback (most recent call last):
  File "/home/airflow/venv/lib/python3.8/site-packages/airflow/models/taskinstance.py", line 1086, in _run_raw_task
    self._prepare_and_execute_task_with_callbacks(context, task)
  File "/home/airflow/venv/lib/python3.8/site-packages/airflow/models/taskinstance.py", line 1260, in _prepare_and_execute_task_with_callbacks
    result = self._execute_task(context, task_copy)
  File "/home/airflow/venv/lib/python3.8/site-packages/airflow/models/taskinstance.py", line 1300, in _execute_task
    result = task_copy.execute(context=context)
  File "/home/airflow/venv/lib/python3.8/site-packages/airflow/operators/bash.py", line 180, in execute
    raise AirflowException('Bash command failed. The command returned a non-zero exit code.')
airflow.exceptions.AirflowException: Bash command failed. The command returned a non-zero exit code.
[2021-03-10 07:05:26,273] {taskinstance.py:1433} INFO - Marking task as FAILED. dag_id=data_processing, task_id=storing_user, execution_date=20210203T000000, start_date=20210310T070525, end_date=20210310T070526
[2021-03-10 07:05:26,302] {local_task_job.py:118} INFO - Task exited with return code 1
