[2021-03-10 06:58:44,060] {taskinstance.py:826} INFO - Dependencies all met for <TaskInstance: data_processing.extract_users 2021-01-02T00:00:00+00:00 [queued]>
[2021-03-10 06:58:44,066] {taskinstance.py:826} INFO - Dependencies all met for <TaskInstance: data_processing.extract_users 2021-01-02T00:00:00+00:00 [queued]>
[2021-03-10 06:58:44,066] {taskinstance.py:1017} INFO - 
--------------------------------------------------------------------------------
[2021-03-10 06:58:44,066] {taskinstance.py:1018} INFO - Starting attempt 1 of 1
[2021-03-10 06:58:44,066] {taskinstance.py:1019} INFO - 
--------------------------------------------------------------------------------
[2021-03-10 06:58:44,073] {taskinstance.py:1038} INFO - Executing <Task(SimpleHttpOperator): extract_users> on 2021-01-02T00:00:00+00:00
[2021-03-10 06:58:44,075] {standard_task_runner.py:51} INFO - Started process 41881 to run task
[2021-03-10 06:58:44,081] {standard_task_runner.py:75} INFO - Running: ['airflow', 'tasks', 'run', 'data_processing', 'extract_users', '2021-01-02T00:00:00+00:00', '--job-id', '23', '--pool', 'default_pool', '--raw', '--subdir', 'DAGS_FOLDER/data_processing.py', '--cfg-path', '/tmp/tmpt30jnddu']
[2021-03-10 06:58:44,081] {standard_task_runner.py:76} INFO - Job 23: Subtask extract_users
[2021-03-10 06:58:44,205] {logging_mixin.py:103} INFO - Running <TaskInstance: data_processing.extract_users 2021-01-02T00:00:00+00:00 [running]> on host airflowvm
[2021-03-10 06:58:44,334] {taskinstance.py:1230} INFO - Exporting the following env vars:
AIRFLOW_CTX_DAG_OWNER=airflow
AIRFLOW_CTX_DAG_ID=data_processing
AIRFLOW_CTX_TASK_ID=extract_users
AIRFLOW_CTX_EXECUTION_DATE=2021-01-02T00:00:00+00:00
AIRFLOW_CTX_DAG_RUN_ID=scheduled__2021-01-02T00:00:00+00:00
[2021-03-10 06:58:44,334] {http.py:106} INFO - Calling HTTP method
[2021-03-10 06:58:44,337] {base.py:65} INFO - Using connection to: id: user_api. Host: https://randomuser.me/, Port: None, Schema: , Login: , Password: None, extra: None
[2021-03-10 06:58:44,338] {http.py:140} INFO - Sending 'GET' to url: https://randomuser.me/api/
[2021-03-10 06:58:44,887] {http.py:110} INFO - {"results":[{"gender":"male","name":{"title":"Mr","first":"Dominykas","last":"Venås"},"location":{"street":{"number":4821,"name":"Dyretråkket"},"city":"Kilsund","state":"Buskerud","country":"Norway","postcode":"7520","coordinates":{"latitude":"49.5676","longitude":"-30.9504"},"timezone":{"offset":"-10:00","description":"Hawaii"}},"email":"dominykas.venas@example.com","login":{"uuid":"3e17252c-86f5-4767-bb3b-acc7c17ea13c","username":"bluepanda683","password":"phat","salt":"IA8vDBC0","md5":"ac58b350f8ba3071ece7e8dfc0f53d46","sha1":"7c3b7ee9a57d1b95bf89bf1602d02f8d4d3f2691","sha256":"6e54e2424397da5b52a65b0234391611328539b3646163eb6b55a7ae52a0e276"},"dob":{"date":"1986-09-28T01:33:18.896Z","age":35},"registered":{"date":"2015-10-04T16:00:41.295Z","age":6},"phone":"70496127","cell":"97891457","id":{"name":"FN","value":"28098619129"},"picture":{"large":"https://randomuser.me/api/portraits/men/47.jpg","medium":"https://randomuser.me/api/portraits/med/men/47.jpg","thumbnail":"https://randomuser.me/api/portraits/thumb/men/47.jpg"},"nat":"NO"}],"info":{"seed":"537f6a951047b998","results":1,"page":1,"version":"1.3"}}
[2021-03-10 06:58:44,901] {taskinstance.py:1135} INFO - Marking task as SUCCESS. dag_id=data_processing, task_id=extract_users, execution_date=20210102T000000, start_date=20210310T065844, end_date=20210310T065844
[2021-03-10 06:58:44,919] {taskinstance.py:1195} INFO - 1 downstream tasks scheduled from follow-on schedule check
[2021-03-10 06:58:44,949] {local_task_job.py:118} INFO - Task exited with return code 0
