[2021-03-12 05:01:35,231] {taskinstance.py:826} INFO - Dependencies all met for <TaskInstance: xcom_dag.task_4 2021-03-12T05:01:25.502916+00:00 [queued]>
[2021-03-12 05:01:35,289] {taskinstance.py:826} INFO - Dependencies all met for <TaskInstance: xcom_dag.task_4 2021-03-12T05:01:25.502916+00:00 [queued]>
[2021-03-12 05:01:35,289] {taskinstance.py:1017} INFO - 
--------------------------------------------------------------------------------
[2021-03-12 05:01:35,289] {taskinstance.py:1018} INFO - Starting attempt 1 of 1
[2021-03-12 05:01:35,289] {taskinstance.py:1019} INFO - 
--------------------------------------------------------------------------------
[2021-03-12 05:01:35,315] {taskinstance.py:1038} INFO - Executing <Task(PythonOperator): task_4> on 2021-03-12T05:01:25.502916+00:00
[2021-03-12 05:01:35,317] {standard_task_runner.py:51} INFO - Started process 1519020 to run task
[2021-03-12 05:01:35,347] {standard_task_runner.py:75} INFO - Running: ['airflow', 'tasks', 'run', 'xcom_dag', 'task_4', '2021-03-12T05:01:25.502916+00:00', '--job-id', '119', '--pool', 'default_pool', '--raw', '--subdir', 'DAGS_FOLDER/xcom_dag.py', '--cfg-path', '/tmp/tmpf2_c563s']
[2021-03-12 05:01:35,347] {standard_task_runner.py:76} INFO - Job 119: Subtask task_4
[2021-03-12 05:01:35,477] {logging_mixin.py:103} INFO - Running <TaskInstance: xcom_dag.task_4 2021-03-12T05:01:25.502916+00:00 [running]> on host airflowvm
[2021-03-12 05:01:35,586] {taskinstance.py:1230} INFO - Exporting the following env vars:
AIRFLOW_CTX_DAG_OWNER=airflow
AIRFLOW_CTX_DAG_ID=xcom_dag
AIRFLOW_CTX_TASK_ID=task_4
AIRFLOW_CTX_EXECUTION_DATE=2021-03-12T05:01:25.502916+00:00
AIRFLOW_CTX_DAG_RUN_ID=manual__2021-03-12T05:01:25.502916+00:00
[2021-03-12 05:01:35,587] {logging_mixin.py:103} INFO - choose best model
[2021-03-12 05:01:35,617] {logging_mixin.py:103} INFO - [8.49215832658303, 5.449800250341271, 3.240828833780469]
[2021-03-12 05:01:35,617] {python.py:118} INFO - Done. Returned value was: None
[2021-03-12 05:01:35,640] {taskinstance.py:1135} INFO - Marking task as SUCCESS. dag_id=xcom_dag, task_id=task_4, execution_date=20210312T050125, start_date=20210312T050135, end_date=20210312T050135
[2021-03-12 05:01:35,731] {taskinstance.py:1195} INFO - 1 downstream tasks scheduled from follow-on schedule check
[2021-03-12 05:01:35,778] {local_task_job.py:118} INFO - Task exited with return code 0
