[2021-03-29 17:29:37,005] {taskinstance.py:826} INFO - Dependencies all met for <TaskInstance: xcom_dag.downloading_data 2021-03-19T00:00:00+00:00 [queued]>
[2021-03-29 17:29:37,093] {taskinstance.py:826} INFO - Dependencies all met for <TaskInstance: xcom_dag.downloading_data 2021-03-19T00:00:00+00:00 [queued]>
[2021-03-29 17:29:37,093] {taskinstance.py:1017} INFO - 
--------------------------------------------------------------------------------
[2021-03-29 17:29:37,093] {taskinstance.py:1018} INFO - Starting attempt 1 of 1
[2021-03-29 17:29:37,094] {taskinstance.py:1019} INFO - 
--------------------------------------------------------------------------------
[2021-03-29 17:29:37,136] {taskinstance.py:1038} INFO - Executing <Task(BashOperator): downloading_data> on 2021-03-19T00:00:00+00:00
[2021-03-29 17:29:37,153] {standard_task_runner.py:51} INFO - Started process 2616 to run task
[2021-03-29 17:29:37,185] {standard_task_runner.py:75} INFO - Running: ['airflow', 'tasks', 'run', 'xcom_dag', 'downloading_data', '2021-03-19T00:00:00+00:00', '--job-id', '172', '--pool', 'default_pool', '--raw', '--subdir', 'DAGS_FOLDER/xcom_dag.py', '--cfg-path', '/tmp/tmpegh00c17']
[2021-03-29 17:29:37,186] {standard_task_runner.py:76} INFO - Job 172: Subtask downloading_data
[2021-03-29 17:29:37,446] {logging_mixin.py:103} INFO - Running <TaskInstance: xcom_dag.downloading_data 2021-03-19T00:00:00+00:00 [running]> on host airflowvm
[2021-03-29 17:29:37,780] {taskinstance.py:1230} INFO - Exporting the following env vars:
AIRFLOW_CTX_DAG_OWNER=airflow
AIRFLOW_CTX_DAG_ID=xcom_dag
AIRFLOW_CTX_TASK_ID=downloading_data
AIRFLOW_CTX_EXECUTION_DATE=2021-03-19T00:00:00+00:00
AIRFLOW_CTX_DAG_RUN_ID=scheduled__2021-03-19T00:00:00+00:00
[2021-03-29 17:29:37,789] {bash.py:135} INFO - Tmp dir root location: 
 /tmp
[2021-03-29 17:29:37,789] {bash.py:158} INFO - Running command: sleep 3
[2021-03-29 17:29:37,844] {bash.py:169} INFO - Output:
[2021-03-29 17:29:40,865] {bash.py:177} INFO - Command exited with return code 0
[2021-03-29 17:29:40,912] {taskinstance.py:1135} INFO - Marking task as SUCCESS. dag_id=xcom_dag, task_id=downloading_data, execution_date=20210319T000000, start_date=20210329T172937, end_date=20210329T172940
[2021-03-29 17:29:41,020] {taskinstance.py:1195} INFO - 3 downstream tasks scheduled from follow-on schedule check
[2021-03-29 17:29:41,034] {local_task_job.py:118} INFO - Task exited with return code 0
