[2021-03-10 09:18:01,748] {taskinstance.py:826} INFO - Dependencies all met for <TaskInstance: data_processing.extract_users 2021-02-25T00:00:00+00:00 [queued]>
[2021-03-10 09:18:01,753] {taskinstance.py:826} INFO - Dependencies all met for <TaskInstance: data_processing.extract_users 2021-02-25T00:00:00+00:00 [queued]>
[2021-03-10 09:18:01,753] {taskinstance.py:1017} INFO - 
--------------------------------------------------------------------------------
[2021-03-10 09:18:01,753] {taskinstance.py:1018} INFO - Starting attempt 1 of 1
[2021-03-10 09:18:01,753] {taskinstance.py:1019} INFO - 
--------------------------------------------------------------------------------
[2021-03-10 09:18:01,774] {taskinstance.py:1038} INFO - Executing <Task(SimpleHttpOperator): extract_users> on 2021-02-25T00:00:00+00:00
[2021-03-10 09:18:01,776] {standard_task_runner.py:51} INFO - Started process 44951 to run task
[2021-03-10 09:18:01,780] {standard_task_runner.py:75} INFO - Running: ['airflow', 'tasks', 'run', 'data_processing', 'extract_users', '2021-02-25T00:00:00+00:00', '--job-id', '295', '--pool', 'default_pool', '--raw', '--subdir', 'DAGS_FOLDER/data_processing.py', '--cfg-path', '/tmp/tmprx0cct1u']
[2021-03-10 09:18:01,780] {standard_task_runner.py:76} INFO - Job 295: Subtask extract_users
[2021-03-10 09:18:01,928] {logging_mixin.py:103} INFO - Running <TaskInstance: data_processing.extract_users 2021-02-25T00:00:00+00:00 [running]> on host airflowvm
[2021-03-10 09:18:02,086] {taskinstance.py:1230} INFO - Exporting the following env vars:
AIRFLOW_CTX_DAG_OWNER=airflow
AIRFLOW_CTX_DAG_ID=data_processing
AIRFLOW_CTX_TASK_ID=extract_users
AIRFLOW_CTX_EXECUTION_DATE=2021-02-25T00:00:00+00:00
AIRFLOW_CTX_DAG_RUN_ID=scheduled__2021-02-25T00:00:00+00:00
[2021-03-10 09:18:02,086] {http.py:106} INFO - Calling HTTP method
[2021-03-10 09:18:02,094] {base.py:65} INFO - Using connection to: id: user_api. Host: https://randomuser.me/, Port: None, Schema: , Login: , Password: None, extra: None
[2021-03-10 09:18:02,095] {http.py:140} INFO - Sending 'GET' to url: https://randomuser.me/api/
[2021-03-10 09:18:03,959] {http.py:110} INFO - {"results":[{"gender":"male","name":{"title":"Mr","first":"Liam","last":"Chu"},"location":{"street":{"number":6691,"name":"Balmoral St"},"city":"Inverness","state":"Québec","country":"Canada","postcode":"J9X 3P5","coordinates":{"latitude":"-62.2205","longitude":"-150.8607"},"timezone":{"offset":"-9:00","description":"Alaska"}},"email":"liam.chu@example.com","login":{"uuid":"831a37c2-3c45-4633-b4f1-8ba4e2b41c8b","username":"yellowcat555","password":"cutlass","salt":"mXruAlm0","md5":"c6f3cda70a6069aab799c5d428dcb36f","sha1":"4163329ec7bb5ba4bc7cfb88645fe2d5beb02a9e","sha256":"f84e8dd2d59d5e762185c1fb2e667398eb52c8db6206e0e64431e528d013ca56"},"dob":{"date":"1983-07-05T13:24:03.396Z","age":38},"registered":{"date":"2013-04-29T19:29:54.188Z","age":8},"phone":"817-207-5735","cell":"892-616-0678","id":{"name":"","value":null},"picture":{"large":"https://randomuser.me/api/portraits/men/26.jpg","medium":"https://randomuser.me/api/portraits/med/men/26.jpg","thumbnail":"https://randomuser.me/api/portraits/thumb/men/26.jpg"},"nat":"CA"}],"info":{"seed":"0702b814e7ef0953","results":1,"page":1,"version":"1.3"}}
[2021-03-10 09:18:03,972] {taskinstance.py:1135} INFO - Marking task as SUCCESS. dag_id=data_processing, task_id=extract_users, execution_date=20210225T000000, start_date=20210310T091801, end_date=20210310T091803
[2021-03-10 09:18:03,988] {taskinstance.py:1195} INFO - 1 downstream tasks scheduled from follow-on schedule check
[2021-03-10 09:18:04,017] {local_task_job.py:118} INFO - Task exited with return code 0
