[2021-03-12 05:01:36,440] {taskinstance.py:826} INFO - Dependencies all met for <TaskInstance: xcom_dag.is_accurate 2021-03-12T05:01:25.502916+00:00 [queued]>
[2021-03-12 05:01:36,488] {taskinstance.py:826} INFO - Dependencies all met for <TaskInstance: xcom_dag.is_accurate 2021-03-12T05:01:25.502916+00:00 [queued]>
[2021-03-12 05:01:36,488] {taskinstance.py:1017} INFO - 
--------------------------------------------------------------------------------
[2021-03-12 05:01:36,488] {taskinstance.py:1018} INFO - Starting attempt 1 of 1
[2021-03-12 05:01:36,488] {taskinstance.py:1019} INFO - 
--------------------------------------------------------------------------------
[2021-03-12 05:01:36,506] {taskinstance.py:1038} INFO - Executing <Task(BranchPythonOperator): is_accurate> on 2021-03-12T05:01:25.502916+00:00
[2021-03-12 05:01:36,507] {standard_task_runner.py:51} INFO - Started process 1519079 to run task
[2021-03-12 05:01:36,522] {standard_task_runner.py:75} INFO - Running: ['airflow', 'tasks', 'run', 'xcom_dag', 'is_accurate', '2021-03-12T05:01:25.502916+00:00', '--job-id', '120', '--pool', 'default_pool', '--raw', '--subdir', 'DAGS_FOLDER/xcom_dag.py', '--cfg-path', '/tmp/tmpewg8tk04']
[2021-03-12 05:01:36,536] {standard_task_runner.py:76} INFO - Job 120: Subtask is_accurate
[2021-03-12 05:01:36,667] {logging_mixin.py:103} INFO - Running <TaskInstance: xcom_dag.is_accurate 2021-03-12T05:01:25.502916+00:00 [running]> on host airflowvm
[2021-03-12 05:01:36,776] {taskinstance.py:1230} INFO - Exporting the following env vars:
AIRFLOW_CTX_DAG_OWNER=airflow
AIRFLOW_CTX_DAG_ID=xcom_dag
AIRFLOW_CTX_TASK_ID=is_accurate
AIRFLOW_CTX_EXECUTION_DATE=2021-03-12T05:01:25.502916+00:00
AIRFLOW_CTX_DAG_RUN_ID=manual__2021-03-12T05:01:25.502916+00:00
[2021-03-12 05:01:36,777] {python.py:118} INFO - Done. Returned value was: accurate
[2021-03-12 05:01:36,777] {skipmixin.py:124} INFO - Following branch accurate
[2021-03-12 05:01:36,805] {skipmixin.py:155} INFO - Skipping tasks ['inaccurate']
[2021-03-12 05:01:36,942] {taskinstance.py:1135} INFO - Marking task as SUCCESS. dag_id=xcom_dag, task_id=is_accurate, execution_date=20210312T050125, start_date=20210312T050136, end_date=20210312T050136
[2021-03-12 05:01:37,032] {taskinstance.py:1195} INFO - 1 downstream tasks scheduled from follow-on schedule check
[2021-03-12 05:01:37,073] {local_task_job.py:118} INFO - Task exited with return code 0
