[2021-03-10 07:05:53,870] {taskinstance.py:826} INFO - Dependencies all met for <TaskInstance: data_processing.extract_users 2021-02-08T00:00:00+00:00 [queued]>
[2021-03-10 07:05:53,876] {taskinstance.py:826} INFO - Dependencies all met for <TaskInstance: data_processing.extract_users 2021-02-08T00:00:00+00:00 [queued]>
[2021-03-10 07:05:53,876] {taskinstance.py:1017} INFO - 
--------------------------------------------------------------------------------
[2021-03-10 07:05:53,876] {taskinstance.py:1018} INFO - Starting attempt 1 of 1
[2021-03-10 07:05:53,876] {taskinstance.py:1019} INFO - 
--------------------------------------------------------------------------------
[2021-03-10 07:05:53,884] {taskinstance.py:1038} INFO - Executing <Task(SimpleHttpOperator): extract_users> on 2021-02-08T00:00:00+00:00
[2021-03-10 07:05:53,886] {standard_task_runner.py:51} INFO - Started process 43260 to run task
[2021-03-10 07:05:53,891] {standard_task_runner.py:75} INFO - Running: ['airflow', 'tasks', 'run', 'data_processing', 'extract_users', '2021-02-08T00:00:00+00:00', '--job-id', '207', '--pool', 'default_pool', '--raw', '--subdir', 'DAGS_FOLDER/data_processing.py', '--cfg-path', '/tmp/tmp6p92wjq6']
[2021-03-10 07:05:53,891] {standard_task_runner.py:76} INFO - Job 207: Subtask extract_users
[2021-03-10 07:05:54,012] {logging_mixin.py:103} INFO - Running <TaskInstance: data_processing.extract_users 2021-02-08T00:00:00+00:00 [running]> on host airflowvm
[2021-03-10 07:05:54,142] {taskinstance.py:1230} INFO - Exporting the following env vars:
AIRFLOW_CTX_DAG_OWNER=airflow
AIRFLOW_CTX_DAG_ID=data_processing
AIRFLOW_CTX_TASK_ID=extract_users
AIRFLOW_CTX_EXECUTION_DATE=2021-02-08T00:00:00+00:00
AIRFLOW_CTX_DAG_RUN_ID=scheduled__2021-02-08T00:00:00+00:00
[2021-03-10 07:05:54,143] {http.py:106} INFO - Calling HTTP method
[2021-03-10 07:05:54,146] {base.py:65} INFO - Using connection to: id: user_api. Host: https://randomuser.me/, Port: None, Schema: , Login: , Password: None, extra: None
[2021-03-10 07:05:54,147] {http.py:140} INFO - Sending 'GET' to url: https://randomuser.me/api/
[2021-03-10 07:05:54,669] {http.py:110} INFO - {"results":[{"gender":"female","name":{"title":"Ms","first":"Gineke","last":"Hardenberg"},"location":{"street":{"number":4462,"name":"Huinerkerkpad"},"city":"Hoogland","state":"Noord-Brabant","country":"Netherlands","postcode":59209,"coordinates":{"latitude":"42.8480","longitude":"67.3307"},"timezone":{"offset":"-3:00","description":"Brazil, Buenos Aires, Georgetown"}},"email":"gineke.hardenberg@example.com","login":{"uuid":"54b57c58-8b06-4dd5-8ae8-30db45ca0fe6","username":"orangeduck135","password":"temppass","salt":"Rbx2YvWQ","md5":"2bf0177ec0723ef9352f703e7de66d74","sha1":"d5a3dc83040f5e3cc9d34dfa93fba3c0f73c1811","sha256":"af16ee0f4ed34e2782a6526896c1e3c6ec17883a9f44ba763427a98723884eaf"},"dob":{"date":"1990-09-21T07:59:51.701Z","age":31},"registered":{"date":"2014-08-11T14:42:10.479Z","age":7},"phone":"(376)-099-3484","cell":"(970)-414-6181","id":{"name":"BSN","value":"74047229"},"picture":{"large":"https://randomuser.me/api/portraits/women/24.jpg","medium":"https://randomuser.me/api/portraits/med/women/24.jpg","thumbnail":"https://randomuser.me/api/portraits/thumb/women/24.jpg"},"nat":"NL"}],"info":{"seed":"6551834cfdb4f2d1","results":1,"page":1,"version":"1.3"}}
[2021-03-10 07:05:54,683] {taskinstance.py:1135} INFO - Marking task as SUCCESS. dag_id=data_processing, task_id=extract_users, execution_date=20210208T000000, start_date=20210310T070553, end_date=20210310T070554
[2021-03-10 07:05:54,699] {taskinstance.py:1195} INFO - 1 downstream tasks scheduled from follow-on schedule check
[2021-03-10 07:05:54,718] {local_task_job.py:118} INFO - Task exited with return code 0
