[2021-03-12 05:04:49,209] {taskinstance.py:826} INFO - Dependencies all met for <TaskInstance: xcom_dag.processing_tasks.training_model_b 2021-03-12T05:04:43.354326+00:00 [queued]>
[2021-03-12 05:04:49,294] {taskinstance.py:826} INFO - Dependencies all met for <TaskInstance: xcom_dag.processing_tasks.training_model_b 2021-03-12T05:04:43.354326+00:00 [queued]>
[2021-03-12 05:04:49,294] {taskinstance.py:1017} INFO - 
--------------------------------------------------------------------------------
[2021-03-12 05:04:49,294] {taskinstance.py:1018} INFO - Starting attempt 1 of 1
[2021-03-12 05:04:49,294] {taskinstance.py:1019} INFO - 
--------------------------------------------------------------------------------
[2021-03-12 05:04:49,346] {taskinstance.py:1038} INFO - Executing <Task(PythonOperator): processing_tasks.training_model_b> on 2021-03-12T05:04:43.354326+00:00
[2021-03-12 05:04:49,355] {standard_task_runner.py:51} INFO - Started process 1530761 to run task
[2021-03-12 05:04:49,380] {standard_task_runner.py:75} INFO - Running: ['airflow', 'tasks', 'run', 'xcom_dag', 'processing_tasks.training_model_b', '2021-03-12T05:04:43.354326+00:00', '--job-id', '124', '--pool', 'default_pool', '--raw', '--subdir', 'DAGS_FOLDER/xcom_dag.py', '--cfg-path', '/tmp/tmpo_m_lybo']
[2021-03-12 05:04:49,380] {standard_task_runner.py:76} INFO - Job 124: Subtask processing_tasks.training_model_b
[2021-03-12 05:04:49,675] {logging_mixin.py:103} INFO - Running <TaskInstance: xcom_dag.processing_tasks.training_model_b 2021-03-12T05:04:43.354326+00:00 [running]> on host airflowvm
[2021-03-12 05:04:50,025] {taskinstance.py:1230} INFO - Exporting the following env vars:
AIRFLOW_CTX_DAG_OWNER=airflow
AIRFLOW_CTX_DAG_ID=xcom_dag
AIRFLOW_CTX_TASK_ID=processing_tasks.training_model_b
AIRFLOW_CTX_EXECUTION_DATE=2021-03-12T05:04:43.354326+00:00
AIRFLOW_CTX_DAG_RUN_ID=manual__2021-03-12T05:04:43.354326+00:00
[2021-03-12 05:04:50,028] {logging_mixin.py:103} INFO - model's accuracy: 2.5333015055554493
[2021-03-12 05:04:50,144] {python.py:118} INFO - Done. Returned value was: None
[2021-03-12 05:04:50,202] {taskinstance.py:1135} INFO - Marking task as SUCCESS. dag_id=xcom_dag, task_id=processing_tasks.training_model_b, execution_date=20210312T050443, start_date=20210312T050449, end_date=20210312T050450
[2021-03-12 05:04:50,407] {taskinstance.py:1195} INFO - 1 downstream tasks scheduled from follow-on schedule check
[2021-03-12 05:04:50,440] {local_task_job.py:118} INFO - Task exited with return code 0
