[2021-03-10 07:06:03,703] {taskinstance.py:826} INFO - Dependencies all met for <TaskInstance: data_processing.extract_users 2021-02-09T00:00:00+00:00 [queued]>
[2021-03-10 07:06:03,709] {taskinstance.py:826} INFO - Dependencies all met for <TaskInstance: data_processing.extract_users 2021-02-09T00:00:00+00:00 [queued]>
[2021-03-10 07:06:03,709] {taskinstance.py:1017} INFO - 
--------------------------------------------------------------------------------
[2021-03-10 07:06:03,709] {taskinstance.py:1018} INFO - Starting attempt 1 of 1
[2021-03-10 07:06:03,709] {taskinstance.py:1019} INFO - 
--------------------------------------------------------------------------------
[2021-03-10 07:06:03,716] {taskinstance.py:1038} INFO - Executing <Task(SimpleHttpOperator): extract_users> on 2021-02-09T00:00:00+00:00
[2021-03-10 07:06:03,718] {standard_task_runner.py:51} INFO - Started process 43295 to run task
[2021-03-10 07:06:03,723] {standard_task_runner.py:75} INFO - Running: ['airflow', 'tasks', 'run', 'data_processing', 'extract_users', '2021-02-09T00:00:00+00:00', '--job-id', '212', '--pool', 'default_pool', '--raw', '--subdir', 'DAGS_FOLDER/data_processing.py', '--cfg-path', '/tmp/tmp6ca5xdco']
[2021-03-10 07:06:03,723] {standard_task_runner.py:76} INFO - Job 212: Subtask extract_users
[2021-03-10 07:06:03,850] {logging_mixin.py:103} INFO - Running <TaskInstance: data_processing.extract_users 2021-02-09T00:00:00+00:00 [running]> on host airflowvm
[2021-03-10 07:06:03,984] {taskinstance.py:1230} INFO - Exporting the following env vars:
AIRFLOW_CTX_DAG_OWNER=airflow
AIRFLOW_CTX_DAG_ID=data_processing
AIRFLOW_CTX_TASK_ID=extract_users
AIRFLOW_CTX_EXECUTION_DATE=2021-02-09T00:00:00+00:00
AIRFLOW_CTX_DAG_RUN_ID=scheduled__2021-02-09T00:00:00+00:00
[2021-03-10 07:06:03,984] {http.py:106} INFO - Calling HTTP method
[2021-03-10 07:06:03,987] {base.py:65} INFO - Using connection to: id: user_api. Host: https://randomuser.me/, Port: None, Schema: , Login: , Password: None, extra: None
[2021-03-10 07:06:03,989] {http.py:140} INFO - Sending 'GET' to url: https://randomuser.me/api/
[2021-03-10 07:06:04,518] {http.py:110} INFO - {"results":[{"gender":"female","name":{"title":"Miss","first":"Avery","last":"Morrison"},"location":{"street":{"number":4126,"name":"Marsh Ln"},"city":"Redding","state":"North Dakota","country":"United States","postcode":82353,"coordinates":{"latitude":"89.7149","longitude":"100.5601"},"timezone":{"offset":"-11:00","description":"Midway Island, Samoa"}},"email":"avery.morrison@example.com","login":{"uuid":"190067ba-caf5-4121-9784-a266dedd0a8a","username":"crazyostrich243","password":"lewis","salt":"Q8thiewE","md5":"94c73112e26d7012aacbbdf83f2b41c4","sha1":"afc847ce1f6b6c5e0a2bb5089c86b33fe14ac8f4","sha256":"1ca11f7224a6d4291634b6f3461c2b96572f5c86375cc88afd86ff820ae7919a"},"dob":{"date":"1966-09-04T09:09:27.469Z","age":55},"registered":{"date":"2009-05-20T13:45:06.709Z","age":12},"phone":"(988)-065-6883","cell":"(929)-296-1136","id":{"name":"SSN","value":"072-92-0736"},"picture":{"large":"https://randomuser.me/api/portraits/women/82.jpg","medium":"https://randomuser.me/api/portraits/med/women/82.jpg","thumbnail":"https://randomuser.me/api/portraits/thumb/women/82.jpg"},"nat":"US"}],"info":{"seed":"df92f2be96008ffc","results":1,"page":1,"version":"1.3"}}
[2021-03-10 07:06:04,533] {taskinstance.py:1135} INFO - Marking task as SUCCESS. dag_id=data_processing, task_id=extract_users, execution_date=20210209T000000, start_date=20210310T070603, end_date=20210310T070604
[2021-03-10 07:06:04,549] {taskinstance.py:1195} INFO - 1 downstream tasks scheduled from follow-on schedule check
[2021-03-10 07:06:04,554] {local_task_job.py:118} INFO - Task exited with return code 0
