[2021-03-10 07:32:34,794] {taskinstance.py:826} INFO - Dependencies all met for <TaskInstance: data_processing.extract_users 2021-02-21T00:00:00+00:00 [queued]>
[2021-03-10 07:32:34,800] {taskinstance.py:826} INFO - Dependencies all met for <TaskInstance: data_processing.extract_users 2021-02-21T00:00:00+00:00 [queued]>
[2021-03-10 07:32:34,800] {taskinstance.py:1017} INFO - 
--------------------------------------------------------------------------------
[2021-03-10 07:32:34,800] {taskinstance.py:1018} INFO - Starting attempt 1 of 1
[2021-03-10 07:32:34,800] {taskinstance.py:1019} INFO - 
--------------------------------------------------------------------------------
[2021-03-10 07:32:34,807] {taskinstance.py:1038} INFO - Executing <Task(SimpleHttpOperator): extract_users> on 2021-02-21T00:00:00+00:00
[2021-03-10 07:32:34,809] {standard_task_runner.py:51} INFO - Started process 43641 to run task
[2021-03-10 07:32:34,814] {standard_task_runner.py:75} INFO - Running: ['airflow', 'tasks', 'run', 'data_processing', 'extract_users', '2021-02-21T00:00:00+00:00', '--job-id', '272', '--pool', 'default_pool', '--raw', '--subdir', 'DAGS_FOLDER/data_processing.py', '--cfg-path', '/tmp/tmpzlgek77p']
[2021-03-10 07:32:34,814] {standard_task_runner.py:76} INFO - Job 272: Subtask extract_users
[2021-03-10 07:32:34,940] {logging_mixin.py:103} INFO - Running <TaskInstance: data_processing.extract_users 2021-02-21T00:00:00+00:00 [running]> on host airflowvm
[2021-03-10 07:32:35,068] {taskinstance.py:1230} INFO - Exporting the following env vars:
AIRFLOW_CTX_DAG_OWNER=airflow
AIRFLOW_CTX_DAG_ID=data_processing
AIRFLOW_CTX_TASK_ID=extract_users
AIRFLOW_CTX_EXECUTION_DATE=2021-02-21T00:00:00+00:00
AIRFLOW_CTX_DAG_RUN_ID=scheduled__2021-02-21T00:00:00+00:00
[2021-03-10 07:32:35,068] {http.py:106} INFO - Calling HTTP method
[2021-03-10 07:32:35,072] {base.py:65} INFO - Using connection to: id: user_api. Host: https://randomuser.me/, Port: None, Schema: , Login: , Password: None, extra: None
[2021-03-10 07:32:35,073] {http.py:140} INFO - Sending 'GET' to url: https://randomuser.me/api/
[2021-03-10 07:32:35,576] {http.py:110} INFO - {"results":[{"gender":"male","name":{"title":"Mr","first":"Eelis","last":"Lassila"},"location":{"street":{"number":6136,"name":"Pispalan Valtatie"},"city":"Punkaharju","state":"Tavastia Proper","country":"Finland","postcode":97300,"coordinates":{"latitude":"-14.1820","longitude":"-102.3215"},"timezone":{"offset":"-12:00","description":"Eniwetok, Kwajalein"}},"email":"eelis.lassila@example.com","login":{"uuid":"27099aef-3df6-4ef5-8699-db6913d96ad4","username":"organicmeercat863","password":"hewitt","salt":"oZ9A40tI","md5":"38ad33f8abc414b04bb3523840f4adc2","sha1":"c3ce15ac6fc605cfc9cdb788310dd466c2e45350","sha256":"d1b8f95ff0b3fd954f9505eddd88158e8df688cfa8d4911a2bf4569bfe2fae90"},"dob":{"date":"1982-12-22T21:40:06.913Z","age":39},"registered":{"date":"2009-07-14T14:39:07.124Z","age":12},"phone":"02-186-468","cell":"042-476-24-73","id":{"name":"HETU","value":"NaNNA863undefined"},"picture":{"large":"https://randomuser.me/api/portraits/men/59.jpg","medium":"https://randomuser.me/api/portraits/med/men/59.jpg","thumbnail":"https://randomuser.me/api/portraits/thumb/men/59.jpg"},"nat":"FI"}],"info":{"seed":"a16e8324576926a9","results":1,"page":1,"version":"1.3"}}
[2021-03-10 07:32:35,590] {taskinstance.py:1135} INFO - Marking task as SUCCESS. dag_id=data_processing, task_id=extract_users, execution_date=20210221T000000, start_date=20210310T073234, end_date=20210310T073235
[2021-03-10 07:32:35,607] {taskinstance.py:1195} INFO - 1 downstream tasks scheduled from follow-on schedule check
[2021-03-10 07:32:35,650] {local_task_job.py:118} INFO - Task exited with return code 0
