[2021-04-05 05:10:55,456] {taskinstance.py:826} INFO - Dependencies all met for <TaskInstance: parallel_dag.bash1 2021-04-04T00:00:00+00:00 [queued]>
[2021-04-05 05:10:55,503] {taskinstance.py:826} INFO - Dependencies all met for <TaskInstance: parallel_dag.bash1 2021-04-04T00:00:00+00:00 [queued]>
[2021-04-05 05:10:55,503] {taskinstance.py:1017} INFO - 
--------------------------------------------------------------------------------
[2021-04-05 05:10:55,503] {taskinstance.py:1018} INFO - Starting attempt 1 of 1
[2021-04-05 05:10:55,504] {taskinstance.py:1019} INFO - 
--------------------------------------------------------------------------------
[2021-04-05 05:10:55,530] {taskinstance.py:1038} INFO - Executing <Task(BashOperator): bash1> on 2021-04-04T00:00:00+00:00
[2021-04-05 05:10:55,532] {standard_task_runner.py:51} INFO - Started process 3190 to run task
[2021-04-05 05:10:55,559] {standard_task_runner.py:75} INFO - Running: ['airflow', 'tasks', 'run', 'parallel_dag', 'bash1', '2021-04-04T00:00:00+00:00', '--job-id', '291', '--pool', 'default_pool', '--raw', '--subdir', 'DAGS_FOLDER/parallel_dag.py', '--cfg-path', '/tmp/tmpdpev4ciq']
[2021-04-05 05:10:55,560] {standard_task_runner.py:76} INFO - Job 291: Subtask bash1
[2021-04-05 05:10:55,761] {logging_mixin.py:103} INFO - Running <TaskInstance: parallel_dag.bash1 2021-04-04T00:00:00+00:00 [running]> on host airflowvm
[2021-04-05 05:10:55,983] {taskinstance.py:1230} INFO - Exporting the following env vars:
AIRFLOW_CTX_DAG_OWNER=airflow
AIRFLOW_CTX_DAG_ID=parallel_dag
AIRFLOW_CTX_TASK_ID=bash1
AIRFLOW_CTX_EXECUTION_DATE=2021-04-04T00:00:00+00:00
AIRFLOW_CTX_DAG_RUN_ID=scheduled__2021-04-04T00:00:00+00:00
[2021-04-05 05:10:55,984] {bash.py:135} INFO - Tmp dir root location: 
 /tmp
[2021-04-05 05:10:55,984] {bash.py:158} INFO - Running command: sleep 3
[2021-04-05 05:10:56,011] {bash.py:169} INFO - Output:
[2021-04-05 05:10:59,014] {bash.py:177} INFO - Command exited with return code 0
[2021-04-05 05:10:59,098] {taskinstance.py:1135} INFO - Marking task as SUCCESS. dag_id=parallel_dag, task_id=bash1, execution_date=20210404T000000, start_date=20210405T051055, end_date=20210405T051059
[2021-04-05 05:10:59,180] {taskinstance.py:1195} INFO - 0 downstream tasks scheduled from follow-on schedule check
[2021-04-05 05:10:59,209] {local_task_job.py:118} INFO - Task exited with return code 0
