[2021-03-10 07:32:01,465] {taskinstance.py:826} INFO - Dependencies all met for <TaskInstance: data_processing.extract_users 2021-02-19T00:00:00+00:00 [queued]>
[2021-03-10 07:32:01,472] {taskinstance.py:826} INFO - Dependencies all met for <TaskInstance: data_processing.extract_users 2021-02-19T00:00:00+00:00 [queued]>
[2021-03-10 07:32:01,472] {taskinstance.py:1017} INFO - 
--------------------------------------------------------------------------------
[2021-03-10 07:32:01,472] {taskinstance.py:1018} INFO - Starting attempt 1 of 1
[2021-03-10 07:32:01,472] {taskinstance.py:1019} INFO - 
--------------------------------------------------------------------------------
[2021-03-10 07:32:01,480] {taskinstance.py:1038} INFO - Executing <Task(SimpleHttpOperator): extract_users> on 2021-02-19T00:00:00+00:00
[2021-03-10 07:32:01,481] {standard_task_runner.py:51} INFO - Started process 43600 to run task
[2021-03-10 07:32:01,487] {standard_task_runner.py:75} INFO - Running: ['airflow', 'tasks', 'run', 'data_processing', 'extract_users', '2021-02-19T00:00:00+00:00', '--job-id', '262', '--pool', 'default_pool', '--raw', '--subdir', 'DAGS_FOLDER/data_processing.py', '--cfg-path', '/tmp/tmpe53vzbig']
[2021-03-10 07:32:01,487] {standard_task_runner.py:76} INFO - Job 262: Subtask extract_users
[2021-03-10 07:32:01,616] {logging_mixin.py:103} INFO - Running <TaskInstance: data_processing.extract_users 2021-02-19T00:00:00+00:00 [running]> on host airflowvm
[2021-03-10 07:32:01,744] {taskinstance.py:1230} INFO - Exporting the following env vars:
AIRFLOW_CTX_DAG_OWNER=airflow
AIRFLOW_CTX_DAG_ID=data_processing
AIRFLOW_CTX_TASK_ID=extract_users
AIRFLOW_CTX_EXECUTION_DATE=2021-02-19T00:00:00+00:00
AIRFLOW_CTX_DAG_RUN_ID=scheduled__2021-02-19T00:00:00+00:00
[2021-03-10 07:32:01,745] {http.py:106} INFO - Calling HTTP method
[2021-03-10 07:32:01,747] {base.py:65} INFO - Using connection to: id: user_api. Host: https://randomuser.me/, Port: None, Schema: , Login: , Password: None, extra: None
[2021-03-10 07:32:01,749] {http.py:140} INFO - Sending 'GET' to url: https://randomuser.me/api/
[2021-03-10 07:32:02,394] {http.py:110} INFO - {"results":[{"gender":"male","name":{"title":"Mr","first":"Xavier","last":"Tremblay"},"location":{"street":{"number":9033,"name":"Cedar St"},"city":"Westport","state":"Alberta","country":"Canada","postcode":"P0V 7H8","coordinates":{"latitude":"-67.7334","longitude":"-68.4194"},"timezone":{"offset":"-10:00","description":"Hawaii"}},"email":"xavier.tremblay@example.com","login":{"uuid":"fe1e3f11-a068-42e6-9660-f40c88e10940","username":"happybear996","password":"guitar1","salt":"OayFi4xe","md5":"b09a6663afa111f053835b85cd11f7e8","sha1":"8ff68be2c28a4a93b33bcd73df9802ad5925318c","sha256":"c69d695fecefb513a91cacb3e86eb5231c5ffcd1241b58f475d7d827c4e85523"},"dob":{"date":"1959-04-17T14:03:05.105Z","age":62},"registered":{"date":"2002-09-09T03:18:37.210Z","age":19},"phone":"559-005-2059","cell":"860-406-4825","id":{"name":"","value":null},"picture":{"large":"https://randomuser.me/api/portraits/men/79.jpg","medium":"https://randomuser.me/api/portraits/med/men/79.jpg","thumbnail":"https://randomuser.me/api/portraits/thumb/men/79.jpg"},"nat":"CA"}],"info":{"seed":"3d38d98fe6ff0e78","results":1,"page":1,"version":"1.3"}}
[2021-03-10 07:32:02,408] {taskinstance.py:1135} INFO - Marking task as SUCCESS. dag_id=data_processing, task_id=extract_users, execution_date=20210219T000000, start_date=20210310T073201, end_date=20210310T073202
[2021-03-10 07:32:02,425] {taskinstance.py:1195} INFO - 1 downstream tasks scheduled from follow-on schedule check
[2021-03-10 07:32:02,432] {local_task_job.py:118} INFO - Task exited with return code 0
