[2021-03-30 08:08:45,651] {taskinstance.py:826} INFO - Dependencies all met for <TaskInstance: parallel_dag.bash1 2021-03-28T00:00:00+00:00 [queued]>
[2021-03-30 08:08:45,712] {taskinstance.py:826} INFO - Dependencies all met for <TaskInstance: parallel_dag.bash1 2021-03-28T00:00:00+00:00 [queued]>
[2021-03-30 08:08:45,712] {taskinstance.py:1017} INFO - 
--------------------------------------------------------------------------------
[2021-03-30 08:08:45,712] {taskinstance.py:1018} INFO - Starting attempt 3 of 3
[2021-03-30 08:08:45,712] {taskinstance.py:1019} INFO - 
--------------------------------------------------------------------------------
[2021-03-30 08:08:45,737] {taskinstance.py:1038} INFO - Executing <Task(BashOperator): bash1> on 2021-03-28T00:00:00+00:00
[2021-03-30 08:08:45,739] {standard_task_runner.py:51} INFO - Started process 912114 to run task
[2021-03-30 08:08:45,767] {standard_task_runner.py:75} INFO - Running: ['airflow', 'tasks', 'run', 'parallel_dag', 'bash1', '2021-03-28T00:00:00+00:00', '--job-id', '216', '--pool', 'default_pool', '--raw', '--subdir', 'DAGS_FOLDER/parallel_dag.py', '--cfg-path', '/tmp/tmplyhv8xre']
[2021-03-30 08:08:45,768] {standard_task_runner.py:76} INFO - Job 216: Subtask bash1
[2021-03-30 08:08:45,926] {logging_mixin.py:103} INFO - Running <TaskInstance: parallel_dag.bash1 2021-03-28T00:00:00+00:00 [running]> on host airflowvm
[2021-03-30 08:08:46,065] {taskinstance.py:1230} INFO - Exporting the following env vars:
AIRFLOW_CTX_DAG_OWNER=airflow
AIRFLOW_CTX_DAG_ID=parallel_dag
AIRFLOW_CTX_TASK_ID=bash1
AIRFLOW_CTX_EXECUTION_DATE=2021-03-28T00:00:00+00:00
AIRFLOW_CTX_DAG_RUN_ID=scheduled__2021-03-28T00:00:00+00:00
[2021-03-30 08:08:46,065] {bash.py:135} INFO - Tmp dir root location: 
 /tmp
[2021-03-30 08:08:46,070] {bash.py:158} INFO - Running command: sleep 3
[2021-03-30 08:08:46,085] {bash.py:169} INFO - Output:
[2021-03-30 08:08:49,100] {bash.py:177} INFO - Command exited with return code 0
[2021-03-30 08:08:49,200] {taskinstance.py:1135} INFO - Marking task as SUCCESS. dag_id=parallel_dag, task_id=bash1, execution_date=20210328T000000, start_date=20210330T080845, end_date=20210330T080849
[2021-03-30 08:08:49,290] {taskinstance.py:1195} INFO - 0 downstream tasks scheduled from follow-on schedule check
[2021-03-30 08:08:49,311] {local_task_job.py:118} INFO - Task exited with return code 0
