[2021-03-11 04:57:51,324] {taskinstance.py:826} INFO - Dependencies all met for <TaskInstance: xcom_dag.processing_tasks.training_model_a 2021-03-11T04:57:44.658200+00:00 [queued]>
[2021-03-11 04:57:51,389] {taskinstance.py:826} INFO - Dependencies all met for <TaskInstance: xcom_dag.processing_tasks.training_model_a 2021-03-11T04:57:44.658200+00:00 [queued]>
[2021-03-11 04:57:51,390] {taskinstance.py:1017} INFO - 
--------------------------------------------------------------------------------
[2021-03-11 04:57:51,390] {taskinstance.py:1018} INFO - Starting attempt 1 of 1
[2021-03-11 04:57:51,390] {taskinstance.py:1019} INFO - 
--------------------------------------------------------------------------------
[2021-03-11 04:57:51,432] {taskinstance.py:1038} INFO - Executing <Task(PythonOperator): processing_tasks.training_model_a> on 2021-03-11T04:57:44.658200+00:00
[2021-03-11 04:57:51,433] {standard_task_runner.py:51} INFO - Started process 121678 to run task
[2021-03-11 04:57:51,454] {standard_task_runner.py:75} INFO - Running: ['airflow', 'tasks', 'run', 'xcom_dag', 'processing_tasks.training_model_a', '2021-03-11T04:57:44.658200+00:00', '--job-id', '105', '--pool', 'default_pool', '--raw', '--subdir', 'DAGS_FOLDER/xcom_dag.py', '--cfg-path', '/tmp/tmpm5tsmcb8']
[2021-03-11 04:57:51,455] {standard_task_runner.py:76} INFO - Job 105: Subtask processing_tasks.training_model_a
[2021-03-11 04:57:51,686] {logging_mixin.py:103} INFO - Running <TaskInstance: xcom_dag.processing_tasks.training_model_a 2021-03-11T04:57:44.658200+00:00 [running]> on host airflowvm
[2021-03-11 04:57:51,894] {taskinstance.py:1230} INFO - Exporting the following env vars:
AIRFLOW_CTX_DAG_OWNER=airflow
AIRFLOW_CTX_DAG_ID=xcom_dag
AIRFLOW_CTX_TASK_ID=processing_tasks.training_model_a
AIRFLOW_CTX_EXECUTION_DATE=2021-03-11T04:57:44.658200+00:00
AIRFLOW_CTX_DAG_RUN_ID=manual__2021-03-11T04:57:44.658200+00:00
[2021-03-11 04:57:51,895] {logging_mixin.py:103} INFO - model's accuracy: 0.7979114071459179
[2021-03-11 04:57:51,989] {python.py:118} INFO - Done. Returned value was: None
[2021-03-11 04:57:52,055] {taskinstance.py:1135} INFO - Marking task as SUCCESS. dag_id=xcom_dag, task_id=processing_tasks.training_model_a, execution_date=20210311T045744, start_date=20210311T045751, end_date=20210311T045752
[2021-03-11 04:57:52,289] {taskinstance.py:1195} INFO - 0 downstream tasks scheduled from follow-on schedule check
[2021-03-11 04:57:52,295] {local_task_job.py:118} INFO - Task exited with return code 0
