[2021-03-19 06:07:39,348] {taskinstance.py:826} INFO - Dependencies all met for <TaskInstance: xcom_dag.downloading_data 2021-03-18T00:00:00+00:00 [queued]>
[2021-03-19 06:07:39,424] {taskinstance.py:826} INFO - Dependencies all met for <TaskInstance: xcom_dag.downloading_data 2021-03-18T00:00:00+00:00 [queued]>
[2021-03-19 06:07:39,425] {taskinstance.py:1017} INFO - 
--------------------------------------------------------------------------------
[2021-03-19 06:07:39,425] {taskinstance.py:1018} INFO - Starting attempt 1 of 1
[2021-03-19 06:07:39,425] {taskinstance.py:1019} INFO - 
--------------------------------------------------------------------------------
[2021-03-19 06:07:39,467] {taskinstance.py:1038} INFO - Executing <Task(BashOperator): downloading_data> on 2021-03-18T00:00:00+00:00
[2021-03-19 06:07:39,480] {standard_task_runner.py:75} INFO - Running: ['airflow', 'tasks', 'run', 'xcom_dag', 'downloading_data', '2021-03-18T00:00:00+00:00', '--job-id', '140', '--pool', 'default_pool', '--raw', '--subdir', 'DAGS_FOLDER/xcom_dag.py', '--cfg-path', '/tmp/tmpaqulhabh']
[2021-03-19 06:07:39,481] {standard_task_runner.py:76} INFO - Job 140: Subtask downloading_data
[2021-03-19 06:07:39,500] {standard_task_runner.py:51} INFO - Started process 3279 to run task
[2021-03-19 06:07:39,705] {logging_mixin.py:103} INFO - Running <TaskInstance: xcom_dag.downloading_data 2021-03-18T00:00:00+00:00 [running]> on host airflowvm
[2021-03-19 06:07:39,893] {taskinstance.py:1230} INFO - Exporting the following env vars:
AIRFLOW_CTX_DAG_OWNER=airflow
AIRFLOW_CTX_DAG_ID=xcom_dag
AIRFLOW_CTX_TASK_ID=downloading_data
AIRFLOW_CTX_EXECUTION_DATE=2021-03-18T00:00:00+00:00
AIRFLOW_CTX_DAG_RUN_ID=scheduled__2021-03-18T00:00:00+00:00
[2021-03-19 06:07:39,899] {bash.py:135} INFO - Tmp dir root location: 
 /tmp
[2021-03-19 06:07:39,900] {bash.py:158} INFO - Running command: sleep 3
[2021-03-19 06:07:39,920] {bash.py:169} INFO - Output:
[2021-03-19 06:07:42,920] {bash.py:177} INFO - Command exited with return code 0
[2021-03-19 06:07:43,035] {taskinstance.py:1135} INFO - Marking task as SUCCESS. dag_id=xcom_dag, task_id=downloading_data, execution_date=20210318T000000, start_date=20210319T060739, end_date=20210319T060743
[2021-03-19 06:07:43,287] {taskinstance.py:1195} INFO - 3 downstream tasks scheduled from follow-on schedule check
[2021-03-19 06:07:43,292] {local_task_job.py:118} INFO - Task exited with return code 0
