[2021-03-19 06:07:49,495] {taskinstance.py:826} INFO - Dependencies all met for <TaskInstance: xcom_dag.task_4 2021-03-18T00:00:00+00:00 [queued]>
[2021-03-19 06:07:49,549] {taskinstance.py:826} INFO - Dependencies all met for <TaskInstance: xcom_dag.task_4 2021-03-18T00:00:00+00:00 [queued]>
[2021-03-19 06:07:49,549] {taskinstance.py:1017} INFO - 
--------------------------------------------------------------------------------
[2021-03-19 06:07:49,549] {taskinstance.py:1018} INFO - Starting attempt 1 of 1
[2021-03-19 06:07:49,549] {taskinstance.py:1019} INFO - 
--------------------------------------------------------------------------------
[2021-03-19 06:07:49,579] {taskinstance.py:1038} INFO - Executing <Task(BranchPythonOperator): task_4> on 2021-03-18T00:00:00+00:00
[2021-03-19 06:07:49,580] {standard_task_runner.py:51} INFO - Started process 3869 to run task
[2021-03-19 06:07:49,608] {standard_task_runner.py:75} INFO - Running: ['airflow', 'tasks', 'run', 'xcom_dag', 'task_4', '2021-03-18T00:00:00+00:00', '--job-id', '155', '--pool', 'default_pool', '--raw', '--subdir', 'DAGS_FOLDER/xcom_dag.py', '--cfg-path', '/tmp/tmp6lxm501_']
[2021-03-19 06:07:49,608] {standard_task_runner.py:76} INFO - Job 155: Subtask task_4
[2021-03-19 06:07:49,792] {logging_mixin.py:103} INFO - Running <TaskInstance: xcom_dag.task_4 2021-03-18T00:00:00+00:00 [running]> on host airflowvm
[2021-03-19 06:07:49,958] {taskinstance.py:1230} INFO - Exporting the following env vars:
AIRFLOW_CTX_DAG_OWNER=airflow
AIRFLOW_CTX_DAG_ID=xcom_dag
AIRFLOW_CTX_TASK_ID=task_4
AIRFLOW_CTX_EXECUTION_DATE=2021-03-18T00:00:00+00:00
AIRFLOW_CTX_DAG_RUN_ID=scheduled__2021-03-18T00:00:00+00:00
[2021-03-19 06:07:49,959] {logging_mixin.py:103} INFO - choose best model
[2021-03-19 06:07:49,986] {logging_mixin.py:103} INFO - [5.931596877199984, 4.892927150482426, 8.166819221184456]
[2021-03-19 06:07:49,986] {python.py:118} INFO - Done. Returned value was: accurate
[2021-03-19 06:07:49,986] {skipmixin.py:124} INFO - Following branch accurate
[2021-03-19 06:07:50,015] {skipmixin.py:155} INFO - Skipping tasks ['inaccurate']
[2021-03-19 06:07:50,248] {taskinstance.py:1135} INFO - Marking task as SUCCESS. dag_id=xcom_dag, task_id=task_4, execution_date=20210318T000000, start_date=20210319T060749, end_date=20210319T060750
[2021-03-19 06:07:50,521] {taskinstance.py:1195} INFO - 1 downstream tasks scheduled from follow-on schedule check
[2021-03-19 06:07:50,547] {local_task_job.py:118} INFO - Task exited with return code 0
