[2021-03-10 07:32:17,307] {taskinstance.py:826} INFO - Dependencies all met for <TaskInstance: data_processing.extract_users 2021-02-20T00:00:00+00:00 [queued]>
[2021-03-10 07:32:17,313] {taskinstance.py:826} INFO - Dependencies all met for <TaskInstance: data_processing.extract_users 2021-02-20T00:00:00+00:00 [queued]>
[2021-03-10 07:32:17,313] {taskinstance.py:1017} INFO - 
--------------------------------------------------------------------------------
[2021-03-10 07:32:17,313] {taskinstance.py:1018} INFO - Starting attempt 1 of 1
[2021-03-10 07:32:17,313] {taskinstance.py:1019} INFO - 
--------------------------------------------------------------------------------
[2021-03-10 07:32:17,323] {taskinstance.py:1038} INFO - Executing <Task(SimpleHttpOperator): extract_users> on 2021-02-20T00:00:00+00:00
[2021-03-10 07:32:17,324] {standard_task_runner.py:51} INFO - Started process 43620 to run task
[2021-03-10 07:32:17,329] {standard_task_runner.py:75} INFO - Running: ['airflow', 'tasks', 'run', 'data_processing', 'extract_users', '2021-02-20T00:00:00+00:00', '--job-id', '267', '--pool', 'default_pool', '--raw', '--subdir', 'DAGS_FOLDER/data_processing.py', '--cfg-path', '/tmp/tmpzj03dggh']
[2021-03-10 07:32:17,330] {standard_task_runner.py:76} INFO - Job 267: Subtask extract_users
[2021-03-10 07:32:17,453] {logging_mixin.py:103} INFO - Running <TaskInstance: data_processing.extract_users 2021-02-20T00:00:00+00:00 [running]> on host airflowvm
[2021-03-10 07:32:17,595] {taskinstance.py:1230} INFO - Exporting the following env vars:
AIRFLOW_CTX_DAG_OWNER=airflow
AIRFLOW_CTX_DAG_ID=data_processing
AIRFLOW_CTX_TASK_ID=extract_users
AIRFLOW_CTX_EXECUTION_DATE=2021-02-20T00:00:00+00:00
AIRFLOW_CTX_DAG_RUN_ID=scheduled__2021-02-20T00:00:00+00:00
[2021-03-10 07:32:17,595] {http.py:106} INFO - Calling HTTP method
[2021-03-10 07:32:17,598] {base.py:65} INFO - Using connection to: id: user_api. Host: https://randomuser.me/, Port: None, Schema: , Login: , Password: None, extra: None
[2021-03-10 07:32:17,599] {http.py:140} INFO - Sending 'GET' to url: https://randomuser.me/api/
[2021-03-10 07:32:18,032] {http.py:110} INFO - {"results":[{"gender":"female","name":{"title":"Miss","first":"Claire","last":"Picard"},"location":{"street":{"number":8723,"name":"Rue Cyrus-Hugues"},"city":"Aulnay-sous-Bois","state":"Maine-et-Loire","country":"France","postcode":35803,"coordinates":{"latitude":"-5.2423","longitude":"142.1650"},"timezone":{"offset":"0:00","description":"Western Europe Time, London, Lisbon, Casablanca"}},"email":"claire.picard@example.com","login":{"uuid":"3d47d719-405a-4ebb-9f63-5a88ab3f4745","username":"bluegoose683","password":"helena","salt":"ctO4RQe8","md5":"4bf57207d9a2fb85a26f141d3c6f9199","sha1":"81ef254a5c15bba5c7fe8bced0c3818abc7e336f","sha256":"0ab00eac26604ec2360effa5395e226af84c67b91262da5ba6e8813b5cb0efb0"},"dob":{"date":"1974-11-20T15:02:30.401Z","age":47},"registered":{"date":"2011-08-22T21:52:36.013Z","age":10},"phone":"04-29-24-33-84","cell":"06-70-31-05-65","id":{"name":"INSEE","value":"2NNaN49851484 44"},"picture":{"large":"https://randomuser.me/api/portraits/women/63.jpg","medium":"https://randomuser.me/api/portraits/med/women/63.jpg","thumbnail":"https://randomuser.me/api/portraits/thumb/women/63.jpg"},"nat":"FR"}],"info":{"seed":"968624daba0edb90","results":1,"page":1,"version":"1.3"}}
[2021-03-10 07:32:18,051] {taskinstance.py:1135} INFO - Marking task as SUCCESS. dag_id=data_processing, task_id=extract_users, execution_date=20210220T000000, start_date=20210310T073217, end_date=20210310T073218
[2021-03-10 07:32:18,087] {taskinstance.py:1195} INFO - 1 downstream tasks scheduled from follow-on schedule check
[2021-03-10 07:32:18,129] {local_task_job.py:118} INFO - Task exited with return code 0
