[2021-03-10 07:02:04,184] {taskinstance.py:826} INFO - Dependencies all met for <TaskInstance: data_processing.extract_users 2021-01-18T00:00:00+00:00 [queued]>
[2021-03-10 07:02:04,191] {taskinstance.py:826} INFO - Dependencies all met for <TaskInstance: data_processing.extract_users 2021-01-18T00:00:00+00:00 [queued]>
[2021-03-10 07:02:04,191] {taskinstance.py:1017} INFO - 
--------------------------------------------------------------------------------
[2021-03-10 07:02:04,191] {taskinstance.py:1018} INFO - Starting attempt 1 of 1
[2021-03-10 07:02:04,191] {taskinstance.py:1019} INFO - 
--------------------------------------------------------------------------------
[2021-03-10 07:02:04,199] {taskinstance.py:1038} INFO - Executing <Task(SimpleHttpOperator): extract_users> on 2021-01-18T00:00:00+00:00
[2021-03-10 07:02:04,201] {standard_task_runner.py:51} INFO - Started process 42494 to run task
[2021-03-10 07:02:04,206] {standard_task_runner.py:75} INFO - Running: ['airflow', 'tasks', 'run', 'data_processing', 'extract_users', '2021-01-18T00:00:00+00:00', '--job-id', '102', '--pool', 'default_pool', '--raw', '--subdir', 'DAGS_FOLDER/data_processing.py', '--cfg-path', '/tmp/tmp9k48wzks']
[2021-03-10 07:02:04,207] {standard_task_runner.py:76} INFO - Job 102: Subtask extract_users
[2021-03-10 07:02:04,338] {logging_mixin.py:103} INFO - Running <TaskInstance: data_processing.extract_users 2021-01-18T00:00:00+00:00 [running]> on host airflowvm
[2021-03-10 07:02:04,461] {taskinstance.py:1230} INFO - Exporting the following env vars:
AIRFLOW_CTX_DAG_OWNER=airflow
AIRFLOW_CTX_DAG_ID=data_processing
AIRFLOW_CTX_TASK_ID=extract_users
AIRFLOW_CTX_EXECUTION_DATE=2021-01-18T00:00:00+00:00
AIRFLOW_CTX_DAG_RUN_ID=scheduled__2021-01-18T00:00:00+00:00
[2021-03-10 07:02:04,462] {http.py:106} INFO - Calling HTTP method
[2021-03-10 07:02:04,465] {base.py:65} INFO - Using connection to: id: user_api. Host: https://randomuser.me/, Port: None, Schema: , Login: , Password: None, extra: None
[2021-03-10 07:02:04,466] {http.py:140} INFO - Sending 'GET' to url: https://randomuser.me/api/
[2021-03-10 07:02:04,981] {http.py:110} INFO - {"results":[{"gender":"female","name":{"title":"Mrs","first":"Mireille","last":"Van Dodewaard"},"location":{"street":{"number":2740,"name":"Achttienhontpad"},"city":"Eperheide","state":"Groningen","country":"Netherlands","postcode":90446,"coordinates":{"latitude":"46.9479","longitude":"126.6085"},"timezone":{"offset":"+5:45","description":"Kathmandu"}},"email":"mireille.vandodewaard@example.com","login":{"uuid":"ac7c4036-e85e-4a7d-9eee-a3390fd53044","username":"whitemouse274","password":"trevor","salt":"Hu4ND124","md5":"114c623ad00e39096e1d4dc38518e1c6","sha1":"49db7b3344560241f07e1aa1fa53cd9abf530e77","sha256":"0176761702b69e6a625f5d20e5d82ce92990007b1a7cb19c7299488a6806bf86"},"dob":{"date":"1956-09-16T01:59:05.385Z","age":65},"registered":{"date":"2012-05-24T09:26:09.456Z","age":9},"phone":"(983)-202-2646","cell":"(796)-413-4572","id":{"name":"BSN","value":"46140758"},"picture":{"large":"https://randomuser.me/api/portraits/women/0.jpg","medium":"https://randomuser.me/api/portraits/med/women/0.jpg","thumbnail":"https://randomuser.me/api/portraits/thumb/women/0.jpg"},"nat":"NL"}],"info":{"seed":"fa26923708aa4888","results":1,"page":1,"version":"1.3"}}
[2021-03-10 07:02:04,999] {taskinstance.py:1135} INFO - Marking task as SUCCESS. dag_id=data_processing, task_id=extract_users, execution_date=20210118T000000, start_date=20210310T070204, end_date=20210310T070204
[2021-03-10 07:02:05,015] {taskinstance.py:1195} INFO - 1 downstream tasks scheduled from follow-on schedule check
[2021-03-10 07:02:05,030] {local_task_job.py:118} INFO - Task exited with return code 0
