[2021-03-10 07:07:10,192] {taskinstance.py:826} INFO - Dependencies all met for <TaskInstance: data_processing.extract_users 2021-02-14T00:00:00+00:00 [queued]>
[2021-03-10 07:07:10,197] {taskinstance.py:826} INFO - Dependencies all met for <TaskInstance: data_processing.extract_users 2021-02-14T00:00:00+00:00 [queued]>
[2021-03-10 07:07:10,197] {taskinstance.py:1017} INFO - 
--------------------------------------------------------------------------------
[2021-03-10 07:07:10,197] {taskinstance.py:1018} INFO - Starting attempt 1 of 1
[2021-03-10 07:07:10,197] {taskinstance.py:1019} INFO - 
--------------------------------------------------------------------------------
[2021-03-10 07:07:10,206] {taskinstance.py:1038} INFO - Executing <Task(SimpleHttpOperator): extract_users> on 2021-02-14T00:00:00+00:00
[2021-03-10 07:07:10,208] {standard_task_runner.py:51} INFO - Started process 43471 to run task
[2021-03-10 07:07:10,212] {standard_task_runner.py:75} INFO - Running: ['airflow', 'tasks', 'run', 'data_processing', 'extract_users', '2021-02-14T00:00:00+00:00', '--job-id', '237', '--pool', 'default_pool', '--raw', '--subdir', 'DAGS_FOLDER/data_processing.py', '--cfg-path', '/tmp/tmp_ygwl1_w']
[2021-03-10 07:07:10,213] {standard_task_runner.py:76} INFO - Job 237: Subtask extract_users
[2021-03-10 07:07:10,684] {logging_mixin.py:103} INFO - Running <TaskInstance: data_processing.extract_users 2021-02-14T00:00:00+00:00 [running]> on host airflowvm
[2021-03-10 07:07:11,210] {taskinstance.py:1230} INFO - Exporting the following env vars:
AIRFLOW_CTX_DAG_OWNER=airflow
AIRFLOW_CTX_DAG_ID=data_processing
AIRFLOW_CTX_TASK_ID=extract_users
AIRFLOW_CTX_EXECUTION_DATE=2021-02-14T00:00:00+00:00
AIRFLOW_CTX_DAG_RUN_ID=scheduled__2021-02-14T00:00:00+00:00
[2021-03-10 07:07:11,210] {http.py:106} INFO - Calling HTTP method
[2021-03-10 07:07:11,213] {base.py:65} INFO - Using connection to: id: user_api. Host: https://randomuser.me/, Port: None, Schema: , Login: , Password: None, extra: None
[2021-03-10 07:07:11,214] {http.py:140} INFO - Sending 'GET' to url: https://randomuser.me/api/
[2021-03-10 07:07:11,993] {http.py:110} INFO - {"results":[{"gender":"female","name":{"title":"Miss","first":"Gül","last":"Kuzucu"},"location":{"street":{"number":6675,"name":"Atatürk Sk"},"city":"Denizli","state":"Bayburt","country":"Turkey","postcode":46013,"coordinates":{"latitude":"71.2982","longitude":"142.2685"},"timezone":{"offset":"0:00","description":"Western Europe Time, London, Lisbon, Casablanca"}},"email":"gul.kuzucu@example.com","login":{"uuid":"8947a03d-651f-48cf-a8de-990f51020040","username":"whitemeercat660","password":"slapshot","salt":"wh7HX9yH","md5":"a336185982c4d2ebdb893cf4a69560f3","sha1":"a0f9ac7af72b2d180b27147cb70cadb3a4472bb5","sha256":"b82c822e2fa7a0962419f4096c08ee320631f24f8173b83472a9723a651554a6"},"dob":{"date":"1946-08-27T20:42:44.870Z","age":75},"registered":{"date":"2018-11-10T02:51:02.278Z","age":3},"phone":"(101)-002-0789","cell":"(834)-915-4616","id":{"name":"","value":null},"picture":{"large":"https://randomuser.me/api/portraits/women/31.jpg","medium":"https://randomuser.me/api/portraits/med/women/31.jpg","thumbnail":"https://randomuser.me/api/portraits/thumb/women/31.jpg"},"nat":"TR"}],"info":{"seed":"0f4dcd7ac1944843","results":1,"page":1,"version":"1.3"}}
[2021-03-10 07:07:12,005] {taskinstance.py:1135} INFO - Marking task as SUCCESS. dag_id=data_processing, task_id=extract_users, execution_date=20210214T000000, start_date=20210310T070710, end_date=20210310T070712
[2021-03-10 07:07:12,021] {taskinstance.py:1195} INFO - 1 downstream tasks scheduled from follow-on schedule check
[2021-03-10 07:07:12,051] {local_task_job.py:118} INFO - Task exited with return code 0
