[2021-03-11 04:57:51,328] {taskinstance.py:826} INFO - Dependencies all met for <TaskInstance: xcom_dag.processing_tasks.training_model_c 2021-03-11T04:57:44.658200+00:00 [queued]>
[2021-03-11 04:57:51,394] {taskinstance.py:826} INFO - Dependencies all met for <TaskInstance: xcom_dag.processing_tasks.training_model_c 2021-03-11T04:57:44.658200+00:00 [queued]>
[2021-03-11 04:57:51,394] {taskinstance.py:1017} INFO - 
--------------------------------------------------------------------------------
[2021-03-11 04:57:51,394] {taskinstance.py:1018} INFO - Starting attempt 1 of 1
[2021-03-11 04:57:51,394] {taskinstance.py:1019} INFO - 
--------------------------------------------------------------------------------
[2021-03-11 04:57:51,439] {taskinstance.py:1038} INFO - Executing <Task(PythonOperator): processing_tasks.training_model_c> on 2021-03-11T04:57:44.658200+00:00
[2021-03-11 04:57:51,440] {standard_task_runner.py:51} INFO - Started process 121680 to run task
[2021-03-11 04:57:51,481] {standard_task_runner.py:75} INFO - Running: ['airflow', 'tasks', 'run', 'xcom_dag', 'processing_tasks.training_model_c', '2021-03-11T04:57:44.658200+00:00', '--job-id', '106', '--pool', 'default_pool', '--raw', '--subdir', 'DAGS_FOLDER/xcom_dag.py', '--cfg-path', '/tmp/tmpzao0zug4']
[2021-03-11 04:57:51,482] {standard_task_runner.py:76} INFO - Job 106: Subtask processing_tasks.training_model_c
[2021-03-11 04:57:51,684] {logging_mixin.py:103} INFO - Running <TaskInstance: xcom_dag.processing_tasks.training_model_c 2021-03-11T04:57:44.658200+00:00 [running]> on host airflowvm
[2021-03-11 04:57:51,907] {taskinstance.py:1230} INFO - Exporting the following env vars:
AIRFLOW_CTX_DAG_OWNER=airflow
AIRFLOW_CTX_DAG_ID=xcom_dag
AIRFLOW_CTX_TASK_ID=processing_tasks.training_model_c
AIRFLOW_CTX_EXECUTION_DATE=2021-03-11T04:57:44.658200+00:00
AIRFLOW_CTX_DAG_RUN_ID=manual__2021-03-11T04:57:44.658200+00:00
[2021-03-11 04:57:51,908] {logging_mixin.py:103} INFO - model's accuracy: 3.912579116685094
[2021-03-11 04:57:51,991] {python.py:118} INFO - Done. Returned value was: None
[2021-03-11 04:57:52,052] {taskinstance.py:1135} INFO - Marking task as SUCCESS. dag_id=xcom_dag, task_id=processing_tasks.training_model_c, execution_date=20210311T045744, start_date=20210311T045751, end_date=20210311T045752
[2021-03-11 04:57:52,251] {taskinstance.py:1195} INFO - 1 downstream tasks scheduled from follow-on schedule check
[2021-03-11 04:57:52,256] {local_task_job.py:118} INFO - Task exited with return code 0
