[2021-04-05 05:10:33,704] {taskinstance.py:826} INFO - Dependencies all met for <TaskInstance: xcom_dag.task_4 2021-04-02T00:00:00+00:00 [queued]>
[2021-04-05 05:10:34,055] {taskinstance.py:826} INFO - Dependencies all met for <TaskInstance: xcom_dag.task_4 2021-04-02T00:00:00+00:00 [queued]>
[2021-04-05 05:10:34,055] {taskinstance.py:1017} INFO - 
--------------------------------------------------------------------------------
[2021-04-05 05:10:34,055] {taskinstance.py:1018} INFO - Starting attempt 1 of 1
[2021-04-05 05:10:34,055] {taskinstance.py:1019} INFO - 
--------------------------------------------------------------------------------
[2021-04-05 05:10:34,231] {taskinstance.py:1038} INFO - Executing <Task(BranchPythonOperator): task_4> on 2021-04-02T00:00:00+00:00
[2021-04-05 05:10:34,295] {standard_task_runner.py:51} INFO - Started process 2554 to run task
[2021-04-05 05:10:34,383] {standard_task_runner.py:75} INFO - Running: ['airflow', 'tasks', 'run', 'xcom_dag', 'task_4', '2021-04-02T00:00:00+00:00', '--job-id', '286', '--pool', 'default_pool', '--raw', '--subdir', 'DAGS_FOLDER/xcom_dag.py', '--cfg-path', '/tmp/tmp9m2b9mix']
[2021-04-05 05:10:34,384] {standard_task_runner.py:76} INFO - Job 286: Subtask task_4
[2021-04-05 05:10:35,373] {logging_mixin.py:103} INFO - Running <TaskInstance: xcom_dag.task_4 2021-04-02T00:00:00+00:00 [running]> on host airflowvm
[2021-04-05 05:10:36,072] {taskinstance.py:1230} INFO - Exporting the following env vars:
AIRFLOW_CTX_DAG_OWNER=airflow
AIRFLOW_CTX_DAG_ID=xcom_dag
AIRFLOW_CTX_TASK_ID=task_4
AIRFLOW_CTX_EXECUTION_DATE=2021-04-02T00:00:00+00:00
AIRFLOW_CTX_DAG_RUN_ID=scheduled__2021-04-02T00:00:00+00:00
[2021-04-05 05:10:36,072] {logging_mixin.py:103} INFO - choose best model
[2021-04-05 05:10:36,191] {logging_mixin.py:103} INFO - [0.580375376699281, 9.110554877419425, 3.8101296407750604]
[2021-04-05 05:10:36,191] {python.py:118} INFO - Done. Returned value was: accurate
[2021-04-05 05:10:36,191] {skipmixin.py:124} INFO - Following branch accurate
[2021-04-05 05:10:36,283] {skipmixin.py:155} INFO - Skipping tasks ['inaccurate']
[2021-04-05 05:10:36,799] {taskinstance.py:1135} INFO - Marking task as SUCCESS. dag_id=xcom_dag, task_id=task_4, execution_date=20210402T000000, start_date=20210405T051033, end_date=20210405T051036
[2021-04-05 05:10:37,185] {taskinstance.py:1195} INFO - 1 downstream tasks scheduled from follow-on schedule check
[2021-04-05 05:10:37,231] {local_task_job.py:118} INFO - Task exited with return code 0
