[2021-04-02 04:00:03,803] {taskinstance.py:826} INFO - Dependencies all met for <TaskInstance: xcom_dag.task_4 2021-03-30T00:00:00+00:00 [queued]>
[2021-04-02 04:00:03,953] {taskinstance.py:826} INFO - Dependencies all met for <TaskInstance: xcom_dag.task_4 2021-03-30T00:00:00+00:00 [queued]>
[2021-04-02 04:00:03,953] {taskinstance.py:1017} INFO - 
--------------------------------------------------------------------------------
[2021-04-02 04:00:03,953] {taskinstance.py:1018} INFO - Starting attempt 1 of 1
[2021-04-02 04:00:03,953] {taskinstance.py:1019} INFO - 
--------------------------------------------------------------------------------
[2021-04-02 04:00:04,040] {taskinstance.py:1038} INFO - Executing <Task(BranchPythonOperator): task_4> on 2021-03-30T00:00:00+00:00
[2021-04-02 04:00:04,091] {standard_task_runner.py:51} INFO - Started process 2290 to run task
[2021-04-02 04:00:04,135] {standard_task_runner.py:75} INFO - Running: ['airflow', 'tasks', 'run', 'xcom_dag', 'task_4', '2021-03-30T00:00:00+00:00', '--job-id', '232', '--pool', 'default_pool', '--raw', '--subdir', 'DAGS_FOLDER/xcom_dag.py', '--cfg-path', '/tmp/tmp5ad892ps']
[2021-04-02 04:00:04,151] {standard_task_runner.py:76} INFO - Job 232: Subtask task_4
[2021-04-02 04:00:04,658] {logging_mixin.py:103} INFO - Running <TaskInstance: xcom_dag.task_4 2021-03-30T00:00:00+00:00 [running]> on host airflowvm
[2021-04-02 04:00:05,006] {taskinstance.py:1230} INFO - Exporting the following env vars:
AIRFLOW_CTX_DAG_OWNER=airflow
AIRFLOW_CTX_DAG_ID=xcom_dag
AIRFLOW_CTX_TASK_ID=task_4
AIRFLOW_CTX_EXECUTION_DATE=2021-03-30T00:00:00+00:00
AIRFLOW_CTX_DAG_RUN_ID=scheduled__2021-03-30T00:00:00+00:00
[2021-04-02 04:00:05,007] {logging_mixin.py:103} INFO - choose best model
[2021-04-02 04:00:05,084] {logging_mixin.py:103} INFO - [9.39245091426072, 2.3505435278824347, 2.0478753336087694]
[2021-04-02 04:00:05,085] {python.py:118} INFO - Done. Returned value was: accurate
[2021-04-02 04:00:05,085] {skipmixin.py:124} INFO - Following branch accurate
[2021-04-02 04:00:05,106] {skipmixin.py:155} INFO - Skipping tasks ['inaccurate']
[2021-04-02 04:00:05,367] {taskinstance.py:1135} INFO - Marking task as SUCCESS. dag_id=xcom_dag, task_id=task_4, execution_date=20210330T000000, start_date=20210402T040003, end_date=20210402T040005
[2021-04-02 04:00:05,582] {taskinstance.py:1195} INFO - 1 downstream tasks scheduled from follow-on schedule check
[2021-04-02 04:00:05,612] {local_task_job.py:118} INFO - Task exited with return code 0
