[2021-04-05 05:10:23,300] {taskinstance.py:826} INFO - Dependencies all met for <TaskInstance: xcom_dag.downloading_data 2021-04-04T00:00:00+00:00 [queued]>
[2021-04-05 05:10:24,528] {taskinstance.py:826} INFO - Dependencies all met for <TaskInstance: xcom_dag.downloading_data 2021-04-04T00:00:00+00:00 [queued]>
[2021-04-05 05:10:24,528] {taskinstance.py:1017} INFO - 
--------------------------------------------------------------------------------
[2021-04-05 05:10:24,528] {taskinstance.py:1018} INFO - Starting attempt 1 of 1
[2021-04-05 05:10:24,528] {taskinstance.py:1019} INFO - 
--------------------------------------------------------------------------------
[2021-04-05 05:10:24,656] {taskinstance.py:1038} INFO - Executing <Task(BashOperator): downloading_data> on 2021-04-04T00:00:00+00:00
[2021-04-05 05:10:24,729] {standard_task_runner.py:51} INFO - Started process 2235 to run task
[2021-04-05 05:10:24,808] {standard_task_runner.py:75} INFO - Running: ['airflow', 'tasks', 'run', 'xcom_dag', 'downloading_data', '2021-04-04T00:00:00+00:00', '--job-id', '275', '--pool', 'default_pool', '--raw', '--subdir', 'DAGS_FOLDER/xcom_dag.py', '--cfg-path', '/tmp/tmpqph2jngg']
[2021-04-05 05:10:24,809] {standard_task_runner.py:76} INFO - Job 275: Subtask downloading_data
[2021-04-05 05:10:25,533] {logging_mixin.py:103} INFO - Running <TaskInstance: xcom_dag.downloading_data 2021-04-04T00:00:00+00:00 [running]> on host airflowvm
[2021-04-05 05:10:25,935] {taskinstance.py:1230} INFO - Exporting the following env vars:
AIRFLOW_CTX_DAG_OWNER=airflow
AIRFLOW_CTX_DAG_ID=xcom_dag
AIRFLOW_CTX_TASK_ID=downloading_data
AIRFLOW_CTX_EXECUTION_DATE=2021-04-04T00:00:00+00:00
AIRFLOW_CTX_DAG_RUN_ID=scheduled__2021-04-04T00:00:00+00:00
[2021-04-05 05:10:25,936] {bash.py:135} INFO - Tmp dir root location: 
 /tmp
[2021-04-05 05:10:25,963] {bash.py:158} INFO - Running command: sleep 3
[2021-04-05 05:10:25,998] {bash.py:169} INFO - Output:
[2021-04-05 05:10:29,007] {bash.py:177} INFO - Command exited with return code 0
[2021-04-05 05:10:29,335] {taskinstance.py:1135} INFO - Marking task as SUCCESS. dag_id=xcom_dag, task_id=downloading_data, execution_date=20210404T000000, start_date=20210405T051023, end_date=20210405T051029
[2021-04-05 05:10:30,092] {local_task_job.py:169} WARNING - State of this instance has been externally set to success. Terminating instance.
[2021-04-05 05:10:30,096] {process_utils.py:95} INFO - Sending Signals.SIGTERM to GPID 2235
[2021-04-05 05:10:30,652] {taskinstance.py:1214} ERROR - Received SIGTERM. Terminating subprocesses.
[2021-04-05 05:10:30,652] {bash.py:185} INFO - Sending SIGTERM signal to bash process group
[2021-04-05 05:10:30,697] {process_utils.py:61} INFO - Process psutil.Process(pid=2235, status='terminated', exitcode=1, started='05:10:24') (2235) terminated with exit code 1
[2021-04-05 05:10:30,697] {local_task_job.py:118} INFO - Task exited with return code 1
