[2021-03-10 07:00:47,575] {taskinstance.py:826} INFO - Dependencies all met for <TaskInstance: data_processing.extract_users 2021-01-11T00:00:00+00:00 [queued]>
[2021-03-10 07:00:47,581] {taskinstance.py:826} INFO - Dependencies all met for <TaskInstance: data_processing.extract_users 2021-01-11T00:00:00+00:00 [queued]>
[2021-03-10 07:00:47,581] {taskinstance.py:1017} INFO - 
--------------------------------------------------------------------------------
[2021-03-10 07:00:47,581] {taskinstance.py:1018} INFO - Starting attempt 1 of 1
[2021-03-10 07:00:47,581] {taskinstance.py:1019} INFO - 
--------------------------------------------------------------------------------
[2021-03-10 07:00:47,588] {taskinstance.py:1038} INFO - Executing <Task(SimpleHttpOperator): extract_users> on 2021-01-11T00:00:00+00:00
[2021-03-10 07:00:47,590] {standard_task_runner.py:51} INFO - Started process 42240 to run task
[2021-03-10 07:00:47,596] {standard_task_runner.py:75} INFO - Running: ['airflow', 'tasks', 'run', 'data_processing', 'extract_users', '2021-01-11T00:00:00+00:00', '--job-id', '67', '--pool', 'default_pool', '--raw', '--subdir', 'DAGS_FOLDER/data_processing.py', '--cfg-path', '/tmp/tmp9olbh4a5']
[2021-03-10 07:00:47,596] {standard_task_runner.py:76} INFO - Job 67: Subtask extract_users
[2021-03-10 07:00:47,720] {logging_mixin.py:103} INFO - Running <TaskInstance: data_processing.extract_users 2021-01-11T00:00:00+00:00 [running]> on host airflowvm
[2021-03-10 07:00:47,843] {taskinstance.py:1230} INFO - Exporting the following env vars:
AIRFLOW_CTX_DAG_OWNER=airflow
AIRFLOW_CTX_DAG_ID=data_processing
AIRFLOW_CTX_TASK_ID=extract_users
AIRFLOW_CTX_EXECUTION_DATE=2021-01-11T00:00:00+00:00
AIRFLOW_CTX_DAG_RUN_ID=scheduled__2021-01-11T00:00:00+00:00
[2021-03-10 07:00:47,844] {http.py:106} INFO - Calling HTTP method
[2021-03-10 07:00:47,846] {base.py:65} INFO - Using connection to: id: user_api. Host: https://randomuser.me/, Port: None, Schema: , Login: , Password: None, extra: None
[2021-03-10 07:00:47,848] {http.py:140} INFO - Sending 'GET' to url: https://randomuser.me/api/
[2021-03-10 07:00:48,287] {http.py:110} INFO - {"results":[{"gender":"male","name":{"title":"Mr","first":"Ismael","last":"Rodriguez"},"location":{"street":{"number":4023,"name":"Avenida de Burgos"},"city":"Valladolid","state":"Cantabria","country":"Spain","postcode":91732,"coordinates":{"latitude":"-23.9526","longitude":"-141.9156"},"timezone":{"offset":"+4:30","description":"Kabul"}},"email":"ismael.rodriguez@example.com","login":{"uuid":"8ca61f3e-7b13-484f-9a7a-60fd09612731","username":"lazyostrich472","password":"pavlov","salt":"DShmIs9e","md5":"8317ff211a99b03696d15a2a31cef139","sha1":"51f5807d86c2ed77180abce29abcdf50a9555235","sha256":"ba31d4a8efd3fff21e2aa06cf64a61c3f17fae1e99c7c616c0f4549e228bf8c3"},"dob":{"date":"1947-03-17T17:47:26.722Z","age":74},"registered":{"date":"2018-11-16T10:01:56.565Z","age":3},"phone":"905-301-421","cell":"616-206-396","id":{"name":"DNI","value":"26218398-C"},"picture":{"large":"https://randomuser.me/api/portraits/men/86.jpg","medium":"https://randomuser.me/api/portraits/med/men/86.jpg","thumbnail":"https://randomuser.me/api/portraits/thumb/men/86.jpg"},"nat":"ES"}],"info":{"seed":"f61d5adacab36240","results":1,"page":1,"version":"1.3"}}
[2021-03-10 07:00:48,300] {taskinstance.py:1135} INFO - Marking task as SUCCESS. dag_id=data_processing, task_id=extract_users, execution_date=20210111T000000, start_date=20210310T070047, end_date=20210310T070048
[2021-03-10 07:00:48,316] {taskinstance.py:1195} INFO - 1 downstream tasks scheduled from follow-on schedule check
[2021-03-10 07:00:48,341] {local_task_job.py:118} INFO - Task exited with return code 0
