[2021-03-11 04:53:19,322] {taskinstance.py:826} INFO - Dependencies all met for <TaskInstance: xcom_dag.processing_tasks.training_model_a 2021-03-10T00:00:00+00:00 [queued]>
[2021-03-11 04:53:19,400] {taskinstance.py:826} INFO - Dependencies all met for <TaskInstance: xcom_dag.processing_tasks.training_model_a 2021-03-10T00:00:00+00:00 [queued]>
[2021-03-11 04:53:19,400] {taskinstance.py:1017} INFO - 
--------------------------------------------------------------------------------
[2021-03-11 04:53:19,400] {taskinstance.py:1018} INFO - Starting attempt 1 of 1
[2021-03-11 04:53:19,400] {taskinstance.py:1019} INFO - 
--------------------------------------------------------------------------------
[2021-03-11 04:53:19,447] {taskinstance.py:1038} INFO - Executing <Task(PythonOperator): processing_tasks.training_model_a> on 2021-03-10T00:00:00+00:00
[2021-03-11 04:53:19,448] {standard_task_runner.py:51} INFO - Started process 104416 to run task
[2021-03-11 04:53:19,497] {standard_task_runner.py:75} INFO - Running: ['airflow', 'tasks', 'run', 'xcom_dag', 'processing_tasks.training_model_a', '2021-03-10T00:00:00+00:00', '--job-id', '96', '--pool', 'default_pool', '--raw', '--subdir', 'DAGS_FOLDER/xcom_dag.py', '--cfg-path', '/tmp/tmpsfv1hbge']
[2021-03-11 04:53:19,498] {standard_task_runner.py:76} INFO - Job 96: Subtask processing_tasks.training_model_a
[2021-03-11 04:53:19,724] {logging_mixin.py:103} INFO - Running <TaskInstance: xcom_dag.processing_tasks.training_model_a 2021-03-10T00:00:00+00:00 [running]> on host airflowvm
[2021-03-11 04:53:19,983] {taskinstance.py:1230} INFO - Exporting the following env vars:
AIRFLOW_CTX_DAG_OWNER=airflow
AIRFLOW_CTX_DAG_ID=xcom_dag
AIRFLOW_CTX_TASK_ID=processing_tasks.training_model_a
AIRFLOW_CTX_EXECUTION_DATE=2021-03-10T00:00:00+00:00
AIRFLOW_CTX_DAG_RUN_ID=scheduled__2021-03-10T00:00:00+00:00
[2021-03-11 04:53:19,983] {logging_mixin.py:103} INFO - model's accuracy: 6.537381733549329
[2021-03-11 04:53:19,983] {python.py:118} INFO - Done. Returned value was: 6.537381733549329
[2021-03-11 04:53:20,170] {taskinstance.py:1135} INFO - Marking task as SUCCESS. dag_id=xcom_dag, task_id=processing_tasks.training_model_a, execution_date=20210310T000000, start_date=20210311T045319, end_date=20210311T045320
[2021-03-11 04:53:20,350] {taskinstance.py:1195} INFO - 0 downstream tasks scheduled from follow-on schedule check
[2021-03-11 04:53:20,369] {local_task_job.py:118} INFO - Task exited with return code 0
