[2021-03-30 03:48:14,496] {taskinstance.py:826} INFO - Dependencies all met for <TaskInstance: parallel_dag.bash1 2021-03-29T00:00:00+00:00 [queued]>
[2021-03-30 03:48:14,545] {taskinstance.py:826} INFO - Dependencies all met for <TaskInstance: parallel_dag.bash1 2021-03-29T00:00:00+00:00 [queued]>
[2021-03-30 03:48:14,545] {taskinstance.py:1017} INFO - 
--------------------------------------------------------------------------------
[2021-03-30 03:48:14,545] {taskinstance.py:1018} INFO - Starting attempt 1 of 1
[2021-03-30 03:48:14,546] {taskinstance.py:1019} INFO - 
--------------------------------------------------------------------------------
[2021-03-30 03:48:14,580] {taskinstance.py:1038} INFO - Executing <Task(BashOperator): bash1> on 2021-03-29T00:00:00+00:00
[2021-03-30 03:48:14,581] {standard_task_runner.py:51} INFO - Started process 2367 to run task
[2021-03-30 03:48:14,588] {standard_task_runner.py:75} INFO - Running: ['airflow', 'tasks', 'run', 'parallel_dag', 'bash1', '2021-03-29T00:00:00+00:00', '--job-id', '203', '--pool', 'default_pool', '--raw', '--subdir', 'DAGS_FOLDER/parallel_dag.py', '--cfg-path', '/tmp/tmpx2kl1zs7']
[2021-03-30 03:48:14,589] {standard_task_runner.py:76} INFO - Job 203: Subtask bash1
[2021-03-30 03:48:14,730] {logging_mixin.py:103} INFO - Running <TaskInstance: parallel_dag.bash1 2021-03-29T00:00:00+00:00 [running]> on host airflowvm
[2021-03-30 03:48:14,861] {taskinstance.py:1230} INFO - Exporting the following env vars:
AIRFLOW_CTX_DAG_OWNER=airflow
AIRFLOW_CTX_DAG_ID=parallel_dag
AIRFLOW_CTX_TASK_ID=bash1
AIRFLOW_CTX_EXECUTION_DATE=2021-03-29T00:00:00+00:00
AIRFLOW_CTX_DAG_RUN_ID=scheduled__2021-03-29T00:00:00+00:00
[2021-03-30 03:48:14,861] {bash.py:135} INFO - Tmp dir root location: 
 /tmp
[2021-03-30 03:48:14,861] {bash.py:158} INFO - Running command: sleep 3
[2021-03-30 03:48:14,878] {bash.py:169} INFO - Output:
[2021-03-30 03:48:17,890] {bash.py:177} INFO - Command exited with return code 0
[2021-03-30 03:48:17,942] {taskinstance.py:1135} INFO - Marking task as SUCCESS. dag_id=parallel_dag, task_id=bash1, execution_date=20210329T000000, start_date=20210330T034814, end_date=20210330T034817
[2021-03-30 03:48:18,002] {taskinstance.py:1195} INFO - 0 downstream tasks scheduled from follow-on schedule check
[2021-03-30 03:48:18,021] {local_task_job.py:118} INFO - Task exited with return code 0
