[2021-03-29 17:32:07,381] {taskinstance.py:826} INFO - Dependencies all met for <TaskInstance: parallel_dag.processing_tasks.bash2 2021-03-28T00:00:00+00:00 [queued]>
[2021-03-29 17:32:07,435] {taskinstance.py:826} INFO - Dependencies all met for <TaskInstance: parallel_dag.processing_tasks.bash2 2021-03-28T00:00:00+00:00 [queued]>
[2021-03-29 17:32:07,435] {taskinstance.py:1017} INFO - 
--------------------------------------------------------------------------------
[2021-03-29 17:32:07,435] {taskinstance.py:1018} INFO - Starting attempt 2 of 2
[2021-03-29 17:32:07,435] {taskinstance.py:1019} INFO - 
--------------------------------------------------------------------------------
[2021-03-29 17:32:07,463] {taskinstance.py:1038} INFO - Executing <Task(BashOperator): processing_tasks.bash2> on 2021-03-28T00:00:00+00:00
[2021-03-29 17:32:07,464] {standard_task_runner.py:51} INFO - Started process 11243 to run task
[2021-03-29 17:32:07,484] {standard_task_runner.py:75} INFO - Running: ['airflow', 'tasks', 'run', 'parallel_dag', 'processing_tasks.bash2', '2021-03-28T00:00:00+00:00', '--job-id', '191', '--pool', 'default_pool', '--raw', '--subdir', 'DAGS_FOLDER/parallel_dag.py', '--cfg-path', '/tmp/tmp2fjxuily']
[2021-03-29 17:32:07,485] {standard_task_runner.py:76} INFO - Job 191: Subtask processing_tasks.bash2
[2021-03-29 17:32:07,646] {logging_mixin.py:103} INFO - Running <TaskInstance: parallel_dag.processing_tasks.bash2 2021-03-28T00:00:00+00:00 [running]> on host airflowvm
[2021-03-29 17:32:07,825] {taskinstance.py:1230} INFO - Exporting the following env vars:
AIRFLOW_CTX_DAG_OWNER=airflow
AIRFLOW_CTX_DAG_ID=parallel_dag
AIRFLOW_CTX_TASK_ID=processing_tasks.bash2
AIRFLOW_CTX_EXECUTION_DATE=2021-03-28T00:00:00+00:00
AIRFLOW_CTX_DAG_RUN_ID=scheduled__2021-03-28T00:00:00+00:00
[2021-03-29 17:32:07,826] {bash.py:135} INFO - Tmp dir root location: 
 /tmp
[2021-03-29 17:32:07,826] {bash.py:158} INFO - Running command: 

    echo "2021-03-28"
    echo "2021-04-04"
    echo "hi"

    echo "2021-03-28"
    echo "2021-04-04"
    echo "hi"

    echo "2021-03-28"
    echo "2021-04-04"
    echo "hi"

    echo "2021-03-28"
    echo "2021-04-04"
    echo "hi"

    echo "2021-03-28"
    echo "2021-04-04"
    echo "hi"

[2021-03-29 17:32:07,843] {bash.py:169} INFO - Output:
[2021-03-29 17:32:07,846] {bash.py:173} INFO - 2021-03-28
[2021-03-29 17:32:07,847] {bash.py:173} INFO - 2021-04-04
[2021-03-29 17:32:07,847] {bash.py:173} INFO - hi
[2021-03-29 17:32:07,851] {bash.py:173} INFO - 2021-03-28
[2021-03-29 17:32:07,852] {bash.py:173} INFO - 2021-04-04
[2021-03-29 17:32:07,852] {bash.py:173} INFO - hi
[2021-03-29 17:32:07,852] {bash.py:173} INFO - 2021-03-28
[2021-03-29 17:32:07,852] {bash.py:173} INFO - 2021-04-04
[2021-03-29 17:32:07,852] {bash.py:173} INFO - hi
[2021-03-29 17:32:07,852] {bash.py:173} INFO - 2021-03-28
[2021-03-29 17:32:07,852] {bash.py:173} INFO - 2021-04-04
[2021-03-29 17:32:07,852] {bash.py:173} INFO - hi
[2021-03-29 17:32:07,852] {bash.py:173} INFO - 2021-03-28
[2021-03-29 17:32:07,852] {bash.py:173} INFO - 2021-04-04
[2021-03-29 17:32:07,852] {bash.py:173} INFO - hi
[2021-03-29 17:32:07,852] {bash.py:177} INFO - Command exited with return code 0
[2021-03-29 17:32:07,900] {taskinstance.py:1135} INFO - Marking task as SUCCESS. dag_id=parallel_dag, task_id=processing_tasks.bash2, execution_date=20210328T000000, start_date=20210329T173207, end_date=20210329T173207
[2021-03-29 17:32:07,960] {taskinstance.py:1195} INFO - 0 downstream tasks scheduled from follow-on schedule check
[2021-03-29 17:32:08,011] {local_task_job.py:118} INFO - Task exited with return code 0
