[2021-03-30 07:58:35,143] {taskinstance.py:826} INFO - Dependencies all met for <TaskInstance: parallel_dag.processing_tasks.bash2 2021-03-28T00:00:00+00:00 [queued]>
[2021-03-30 07:58:35,230] {taskinstance.py:826} INFO - Dependencies all met for <TaskInstance: parallel_dag.processing_tasks.bash2 2021-03-28T00:00:00+00:00 [queued]>
[2021-03-30 07:58:35,230] {taskinstance.py:1017} INFO - 
--------------------------------------------------------------------------------
[2021-03-30 07:58:35,230] {taskinstance.py:1018} INFO - Starting attempt 3 of 3
[2021-03-30 07:58:35,230] {taskinstance.py:1019} INFO - 
--------------------------------------------------------------------------------
[2021-03-30 07:58:35,260] {taskinstance.py:1038} INFO - Executing <Task(BashOperator): processing_tasks.bash2> on 2021-03-28T00:00:00+00:00
[2021-03-30 07:58:35,271] {standard_task_runner.py:51} INFO - Started process 882583 to run task
[2021-03-30 07:58:35,298] {standard_task_runner.py:75} INFO - Running: ['airflow', 'tasks', 'run', 'parallel_dag', 'processing_tasks.bash2', '2021-03-28T00:00:00+00:00', '--job-id', '206', '--pool', 'default_pool', '--raw', '--subdir', 'DAGS_FOLDER/parallel_dag.py', '--cfg-path', '/tmp/tmp_2f6d8zi']
[2021-03-30 07:58:35,298] {standard_task_runner.py:76} INFO - Job 206: Subtask processing_tasks.bash2
[2021-03-30 07:58:35,570] {logging_mixin.py:103} INFO - Running <TaskInstance: parallel_dag.processing_tasks.bash2 2021-03-28T00:00:00+00:00 [running]> on host airflowvm
[2021-03-30 07:58:35,791] {taskinstance.py:1230} INFO - Exporting the following env vars:
AIRFLOW_CTX_DAG_OWNER=airflow
AIRFLOW_CTX_DAG_ID=parallel_dag
AIRFLOW_CTX_TASK_ID=processing_tasks.bash2
AIRFLOW_CTX_EXECUTION_DATE=2021-03-28T00:00:00+00:00
AIRFLOW_CTX_DAG_RUN_ID=scheduled__2021-03-28T00:00:00+00:00
[2021-03-30 07:58:35,792] {bash.py:135} INFO - Tmp dir root location: 
 /tmp
[2021-03-30 07:58:35,792] {bash.py:158} INFO - Running command: 
cd ..
cd node
node app.js
[2021-03-30 07:58:35,820] {bash.py:169} INFO - Output:
[2021-03-30 07:58:35,829] {bash.py:173} INFO - bash: line 2: cd: node: No such file or directory
[2021-03-30 07:58:38,391] {bash.py:173} INFO - internal/modules/cjs/loader.js:638
[2021-03-30 07:58:38,391] {bash.py:173} INFO -     throw err;
[2021-03-30 07:58:38,391] {bash.py:173} INFO -     ^
[2021-03-30 07:58:38,391] {bash.py:173} INFO - 
[2021-03-30 07:58:38,391] {bash.py:173} INFO - Error: Cannot find module '/tmp/app.js'
[2021-03-30 07:58:38,391] {bash.py:173} INFO -     at Function.Module._resolveFilename (internal/modules/cjs/loader.js:636:15)
[2021-03-30 07:58:38,391] {bash.py:173} INFO -     at Function.Module._load (internal/modules/cjs/loader.js:562:25)
[2021-03-30 07:58:38,391] {bash.py:173} INFO -     at Function.Module.runMain (internal/modules/cjs/loader.js:831:12)
[2021-03-30 07:58:38,391] {bash.py:173} INFO -     at startup (internal/bootstrap/node.js:283:19)
[2021-03-30 07:58:38,391] {bash.py:173} INFO -     at bootstrapNodeJSCore (internal/bootstrap/node.js:623:3)
[2021-03-30 07:58:38,405] {bash.py:177} INFO - Command exited with return code 1
[2021-03-30 07:58:38,436] {taskinstance.py:1396} ERROR - Bash command failed. The command returned a non-zero exit code.
Traceback (most recent call last):
  File "/home/airflow/venv/lib/python3.8/site-packages/airflow/models/taskinstance.py", line 1086, in _run_raw_task
    self._prepare_and_execute_task_with_callbacks(context, task)
  File "/home/airflow/venv/lib/python3.8/site-packages/airflow/models/taskinstance.py", line 1260, in _prepare_and_execute_task_with_callbacks
    result = self._execute_task(context, task_copy)
  File "/home/airflow/venv/lib/python3.8/site-packages/airflow/models/taskinstance.py", line 1300, in _execute_task
    result = task_copy.execute(context=context)
  File "/home/airflow/venv/lib/python3.8/site-packages/airflow/operators/bash.py", line 180, in execute
    raise AirflowException('Bash command failed. The command returned a non-zero exit code.')
airflow.exceptions.AirflowException: Bash command failed. The command returned a non-zero exit code.
[2021-03-30 07:58:38,448] {taskinstance.py:1433} INFO - Marking task as FAILED. dag_id=parallel_dag, task_id=processing_tasks.bash2, execution_date=20210328T000000, start_date=20210330T075835, end_date=20210330T075838
[2021-03-30 07:58:38,535] {local_task_job.py:118} INFO - Task exited with return code 1
