[2021-03-30 08:01:01,786] {taskinstance.py:826} INFO - Dependencies all met for <TaskInstance: parallel_dag.processing_tasks.bash2 2021-03-28T00:00:00+00:00 [queued]>
[2021-03-30 08:01:01,891] {taskinstance.py:826} INFO - Dependencies all met for <TaskInstance: parallel_dag.processing_tasks.bash2 2021-03-28T00:00:00+00:00 [queued]>
[2021-03-30 08:01:01,891] {taskinstance.py:1017} INFO - 
--------------------------------------------------------------------------------
[2021-03-30 08:01:01,892] {taskinstance.py:1018} INFO - Starting attempt 5 of 5
[2021-03-30 08:01:01,892] {taskinstance.py:1019} INFO - 
--------------------------------------------------------------------------------
[2021-03-30 08:01:01,954] {taskinstance.py:1038} INFO - Executing <Task(BashOperator): processing_tasks.bash2> on 2021-03-28T00:00:00+00:00
[2021-03-30 08:01:01,955] {standard_task_runner.py:51} INFO - Started process 888755 to run task
[2021-03-30 08:01:01,989] {standard_task_runner.py:75} INFO - Running: ['airflow', 'tasks', 'run', 'parallel_dag', 'processing_tasks.bash2', '2021-03-28T00:00:00+00:00', '--job-id', '212', '--pool', 'default_pool', '--raw', '--subdir', 'DAGS_FOLDER/parallel_dag.py', '--cfg-path', '/tmp/tmpmlxdpakp']
[2021-03-30 08:01:01,989] {standard_task_runner.py:76} INFO - Job 212: Subtask processing_tasks.bash2
[2021-03-30 08:01:02,390] {logging_mixin.py:103} INFO - Running <TaskInstance: parallel_dag.processing_tasks.bash2 2021-03-28T00:00:00+00:00 [running]> on host airflowvm
[2021-03-30 08:01:03,037] {taskinstance.py:1230} INFO - Exporting the following env vars:
AIRFLOW_CTX_DAG_OWNER=airflow
AIRFLOW_CTX_DAG_ID=parallel_dag
AIRFLOW_CTX_TASK_ID=processing_tasks.bash2
AIRFLOW_CTX_EXECUTION_DATE=2021-03-28T00:00:00+00:00
AIRFLOW_CTX_DAG_RUN_ID=scheduled__2021-03-28T00:00:00+00:00
[2021-03-30 08:01:03,038] {bash.py:135} INFO - Tmp dir root location: 
 /tmp
[2021-03-30 08:01:03,038] {bash.py:158} INFO - Running command: 
cd /home/airflow/node
node app.js
sleep 10
[2021-03-30 08:01:03,107] {bash.py:169} INFO - Output:
[2021-03-30 08:01:07,658] {bash.py:173} INFO - Server running at http://127.0.0.1:3000/
[2021-03-30 08:01:47,891] {local_task_job.py:169} WARNING - State of this instance has been externally set to failed. Terminating instance.
[2021-03-30 08:01:47,910] {process_utils.py:95} INFO - Sending Signals.SIGTERM to GPID 888755
[2021-03-30 08:01:47,910] {taskinstance.py:1214} ERROR - Received SIGTERM. Terminating subprocesses.
[2021-03-30 08:01:47,910] {bash.py:185} INFO - Sending SIGTERM signal to bash process group
[2021-03-30 08:01:47,933] {process_utils.py:61} INFO - Process psutil.Process(pid=888784, status='terminated', started='08:01:02') (888784) terminated with exit code None
[2021-03-30 08:01:47,973] {process_utils.py:61} INFO - Process psutil.Process(pid=888755, status='terminated', exitcode=0, started='08:01:01') (888755) terminated with exit code 0
[2021-03-30 08:01:47,973] {process_utils.py:61} INFO - Process psutil.Process(pid=888783, status='terminated', started='08:01:02') (888783) terminated with exit code None
[2021-03-30 08:01:47,974] {local_task_job.py:118} INFO - Task exited with return code 0
