[2021-03-30 03:48:10,846] {taskinstance.py:826} INFO - Dependencies all met for <TaskInstance: xcom_dag.task_4 2021-03-29T00:00:00+00:00 [queued]>
[2021-03-30 03:48:10,887] {taskinstance.py:826} INFO - Dependencies all met for <TaskInstance: xcom_dag.task_4 2021-03-29T00:00:00+00:00 [queued]>
[2021-03-30 03:48:10,887] {taskinstance.py:1017} INFO - 
--------------------------------------------------------------------------------
[2021-03-30 03:48:10,887] {taskinstance.py:1018} INFO - Starting attempt 1 of 1
[2021-03-30 03:48:10,887] {taskinstance.py:1019} INFO - 
--------------------------------------------------------------------------------
[2021-03-30 03:48:10,918] {taskinstance.py:1038} INFO - Executing <Task(BranchPythonOperator): task_4> on 2021-03-29T00:00:00+00:00
[2021-03-30 03:48:10,919] {standard_task_runner.py:51} INFO - Started process 2184 to run task
[2021-03-30 03:48:10,925] {standard_task_runner.py:75} INFO - Running: ['airflow', 'tasks', 'run', 'xcom_dag', 'task_4', '2021-03-29T00:00:00+00:00', '--job-id', '202', '--pool', 'default_pool', '--raw', '--subdir', 'DAGS_FOLDER/xcom_dag.py', '--cfg-path', '/tmp/tmpimyuy7hq']
[2021-03-30 03:48:10,926] {standard_task_runner.py:76} INFO - Job 202: Subtask task_4
[2021-03-30 03:48:11,051] {logging_mixin.py:103} INFO - Running <TaskInstance: xcom_dag.task_4 2021-03-29T00:00:00+00:00 [running]> on host airflowvm
[2021-03-30 03:48:11,178] {taskinstance.py:1230} INFO - Exporting the following env vars:
AIRFLOW_CTX_DAG_OWNER=airflow
AIRFLOW_CTX_DAG_ID=xcom_dag
AIRFLOW_CTX_TASK_ID=task_4
AIRFLOW_CTX_EXECUTION_DATE=2021-03-29T00:00:00+00:00
AIRFLOW_CTX_DAG_RUN_ID=scheduled__2021-03-29T00:00:00+00:00
[2021-03-30 03:48:11,179] {logging_mixin.py:103} INFO - choose best model
[2021-03-30 03:48:11,207] {logging_mixin.py:103} INFO - [0.7247894763674221, 7.9620703884487085, 5.292829843497667]
[2021-03-30 03:48:11,207] {python.py:118} INFO - Done. Returned value was: accurate
[2021-03-30 03:48:11,207] {skipmixin.py:124} INFO - Following branch accurate
[2021-03-30 03:48:11,228] {skipmixin.py:155} INFO - Skipping tasks ['inaccurate']
[2021-03-30 03:48:11,355] {taskinstance.py:1135} INFO - Marking task as SUCCESS. dag_id=xcom_dag, task_id=task_4, execution_date=20210329T000000, start_date=20210330T034810, end_date=20210330T034811
[2021-03-30 03:48:11,448] {taskinstance.py:1195} INFO - 1 downstream tasks scheduled from follow-on schedule check
[2021-03-30 03:48:11,481] {local_task_job.py:118} INFO - Task exited with return code 0
