[2021-03-29 17:29:43,799] {taskinstance.py:826} INFO - Dependencies all met for <TaskInstance: xcom_dag.processing_tasks.training_model_a 2021-03-28T00:00:00+00:00 [queued]>
[2021-03-29 17:29:43,995] {taskinstance.py:826} INFO - Dependencies all met for <TaskInstance: xcom_dag.processing_tasks.training_model_a 2021-03-28T00:00:00+00:00 [queued]>
[2021-03-29 17:29:43,995] {taskinstance.py:1017} INFO - 
--------------------------------------------------------------------------------
[2021-03-29 17:29:43,995] {taskinstance.py:1018} INFO - Starting attempt 1 of 1
[2021-03-29 17:29:43,995] {taskinstance.py:1019} INFO - 
--------------------------------------------------------------------------------
[2021-03-29 17:29:44,110] {taskinstance.py:1038} INFO - Executing <Task(PythonOperator): processing_tasks.training_model_a> on 2021-03-28T00:00:00+00:00
[2021-03-29 17:29:44,111] {standard_task_runner.py:51} INFO - Started process 3079 to run task
[2021-03-29 17:29:44,217] {standard_task_runner.py:75} INFO - Running: ['airflow', 'tasks', 'run', 'xcom_dag', 'processing_tasks.training_model_a', '2021-03-28T00:00:00+00:00', '--job-id', '177', '--pool', 'default_pool', '--raw', '--subdir', 'DAGS_FOLDER/xcom_dag.py', '--cfg-path', '/tmp/tmp29roxdqd']
[2021-03-29 17:29:44,217] {standard_task_runner.py:76} INFO - Job 177: Subtask processing_tasks.training_model_a
[2021-03-29 17:29:44,786] {logging_mixin.py:103} INFO - Running <TaskInstance: xcom_dag.processing_tasks.training_model_a 2021-03-28T00:00:00+00:00 [running]> on host airflowvm
[2021-03-29 17:29:45,307] {taskinstance.py:1230} INFO - Exporting the following env vars:
AIRFLOW_CTX_DAG_OWNER=airflow
AIRFLOW_CTX_DAG_ID=xcom_dag
AIRFLOW_CTX_TASK_ID=processing_tasks.training_model_a
AIRFLOW_CTX_EXECUTION_DATE=2021-03-28T00:00:00+00:00
AIRFLOW_CTX_DAG_RUN_ID=scheduled__2021-03-28T00:00:00+00:00
[2021-03-29 17:29:45,308] {logging_mixin.py:103} INFO - model's accuracy: 6.055314101587816
[2021-03-29 17:29:45,461] {python.py:118} INFO - Done. Returned value was: None
[2021-03-29 17:29:45,616] {taskinstance.py:1135} INFO - Marking task as SUCCESS. dag_id=xcom_dag, task_id=processing_tasks.training_model_a, execution_date=20210328T000000, start_date=20210329T172943, end_date=20210329T172945
[2021-03-29 17:29:46,027] {taskinstance.py:1195} INFO - 1 downstream tasks scheduled from follow-on schedule check
[2021-03-29 17:29:46,043] {local_task_job.py:118} INFO - Task exited with return code 0
