[2021-03-19 06:07:38,251] {taskinstance.py:826} INFO - Dependencies all met for <TaskInstance: parallel_dag.bash4 2021-03-10T00:00:00+00:00 [queued]>
[2021-03-19 06:07:38,400] {taskinstance.py:826} INFO - Dependencies all met for <TaskInstance: parallel_dag.bash4 2021-03-10T00:00:00+00:00 [queued]>
[2021-03-19 06:07:38,400] {taskinstance.py:1017} INFO - 
--------------------------------------------------------------------------------
[2021-03-19 06:07:38,400] {taskinstance.py:1018} INFO - Starting attempt 1 of 1
[2021-03-19 06:07:38,400] {taskinstance.py:1019} INFO - 
--------------------------------------------------------------------------------
[2021-03-19 06:07:38,461] {taskinstance.py:1038} INFO - Executing <Task(BashOperator): bash4> on 2021-03-10T00:00:00+00:00
[2021-03-19 06:07:38,494] {standard_task_runner.py:51} INFO - Started process 3228 to run task
[2021-03-19 06:07:38,500] {standard_task_runner.py:75} INFO - Running: ['airflow', 'tasks', 'run', 'parallel_dag', 'bash4', '2021-03-10T00:00:00+00:00', '--job-id', '139', '--pool', 'default_pool', '--raw', '--subdir', 'DAGS_FOLDER/parallel_dag.py', '--cfg-path', '/tmp/tmpitrukm1i']
[2021-03-19 06:07:38,538] {standard_task_runner.py:76} INFO - Job 139: Subtask bash4
[2021-03-19 06:07:38,973] {logging_mixin.py:103} INFO - Running <TaskInstance: parallel_dag.bash4 2021-03-10T00:00:00+00:00 [running]> on host airflowvm
[2021-03-19 06:07:39,305] {taskinstance.py:1230} INFO - Exporting the following env vars:
AIRFLOW_CTX_DAG_OWNER=airflow
AIRFLOW_CTX_DAG_ID=parallel_dag
AIRFLOW_CTX_TASK_ID=bash4
AIRFLOW_CTX_EXECUTION_DATE=2021-03-10T00:00:00+00:00
AIRFLOW_CTX_DAG_RUN_ID=scheduled__2021-03-10T00:00:00+00:00
[2021-03-19 06:07:39,306] {bash.py:135} INFO - Tmp dir root location: 
 /tmp
[2021-03-19 06:07:39,306] {bash.py:158} INFO - Running command: sleep 3
[2021-03-19 06:07:39,341] {bash.py:169} INFO - Output:
[2021-03-19 06:07:42,378] {bash.py:177} INFO - Command exited with return code 0
[2021-03-19 06:07:42,511] {taskinstance.py:1135} INFO - Marking task as SUCCESS. dag_id=parallel_dag, task_id=bash4, execution_date=20210310T000000, start_date=20210319T060738, end_date=20210319T060742
[2021-03-19 06:07:42,669] {taskinstance.py:1195} INFO - 2 downstream tasks scheduled from follow-on schedule check
[2021-03-19 06:07:42,698] {local_task_job.py:118} INFO - Task exited with return code 0
