[2021-04-02 04:00:00,261] {taskinstance.py:826} INFO - Dependencies all met for <TaskInstance: parallel_dag.processing_tasks.bash3 2021-04-01T00:00:00+00:00 [queued]>
[2021-04-02 04:00:00,822] {taskinstance.py:826} INFO - Dependencies all met for <TaskInstance: parallel_dag.processing_tasks.bash3 2021-04-01T00:00:00+00:00 [queued]>
[2021-04-02 04:00:00,822] {taskinstance.py:1017} INFO - 
--------------------------------------------------------------------------------
[2021-04-02 04:00:00,822] {taskinstance.py:1018} INFO - Starting attempt 1 of 1
[2021-04-02 04:00:00,822] {taskinstance.py:1019} INFO - 
--------------------------------------------------------------------------------
[2021-04-02 04:00:01,010] {taskinstance.py:1038} INFO - Executing <Task(BashOperator): processing_tasks.bash3> on 2021-04-01T00:00:00+00:00
[2021-04-02 04:00:01,053] {standard_task_runner.py:51} INFO - Started process 2202 to run task
[2021-04-02 04:00:01,119] {standard_task_runner.py:75} INFO - Running: ['airflow', 'tasks', 'run', 'parallel_dag', 'processing_tasks.bash3', '2021-04-01T00:00:00+00:00', '--job-id', '231', '--pool', 'default_pool', '--raw', '--subdir', 'DAGS_FOLDER/parallel_dag.py', '--cfg-path', '/tmp/tmp_yimq9c4']
[2021-04-02 04:00:01,120] {standard_task_runner.py:76} INFO - Job 231: Subtask processing_tasks.bash3
[2021-04-02 04:00:01,975] {logging_mixin.py:103} INFO - Running <TaskInstance: parallel_dag.processing_tasks.bash3 2021-04-01T00:00:00+00:00 [running]> on host airflowvm
[2021-04-02 04:00:02,436] {taskinstance.py:1230} INFO - Exporting the following env vars:
AIRFLOW_CTX_DAG_OWNER=airflow
AIRFLOW_CTX_DAG_ID=parallel_dag
AIRFLOW_CTX_TASK_ID=processing_tasks.bash3
AIRFLOW_CTX_EXECUTION_DATE=2021-04-01T00:00:00+00:00
AIRFLOW_CTX_DAG_RUN_ID=scheduled__2021-04-01T00:00:00+00:00
[2021-04-02 04:00:02,437] {bash.py:135} INFO - Tmp dir root location: 
 /tmp
[2021-04-02 04:00:02,446] {bash.py:158} INFO - Running command: sleep 3
[2021-04-02 04:00:02,494] {bash.py:169} INFO - Output:
[2021-04-02 04:00:05,596] {bash.py:177} INFO - Command exited with return code 0
[2021-04-02 04:00:05,764] {taskinstance.py:1135} INFO - Marking task as SUCCESS. dag_id=parallel_dag, task_id=processing_tasks.bash3, execution_date=20210401T000000, start_date=20210402T040000, end_date=20210402T040005
[2021-04-02 04:00:06,031] {taskinstance.py:1195} INFO - 0 downstream tasks scheduled from follow-on schedule check
[2021-04-02 04:00:06,442] {local_task_job.py:118} INFO - Task exited with return code 0
